0 0.000000 1.270000 0.000000 0.000000 0.188249 0.125499 0.000000 0.000000 
0 0.000000 1.271997 0.000000 0.000000 0.076770 0.014591 0.000000 0.054884 
1000 5.000000 1.229268 0.000000 0.000000 -0.176983 0.000142 0.000000 -0.177197 
2000 10.000000 1.177625 0.000000 0.000000 -0.947774 0.073264 0.000000 -1.057670 
3000 15.000000 1.212957 0.000000 0.000000 -0.145207 0.238346 0.000000 -0.502725 
4000 20.000000 1.298302 0.000000 0.000000 -0.033617 0.028878 0.000000 -0.076935 
5000 25.000000 1.274941 0.000000 0.000000 3.481305 3.417095 0.000000 -1.644337 
6000 30.000000 1.247237 0.000000 0.000000 0.833495 0.842426 0.000000 -0.430143 
7000 35.000000 1.289546 0.000000 0.000000 0.229492 0.223192 0.000000 -0.105296 
8000 40.000000 1.256083 0.000000 0.000000 5.328147 5.289562 0.000000 -2.606196 
9000 45.000000 1.291762 0.000000 0.000000 0.025745 0.026070 0.000000 -0.013360 
10000 50.000000 1.270656 0.000000 0.000000 1.886984 1.806122 0.000000 -0.822199 
11000 55.000000 1.195288 0.000000 0.000000 -0.428504 0.232592 0.000000 -0.777392 
12000 60.000000 1.238325 0.000000 0.000000 0.043854 0.109300 0.000000 -0.120096 
13000 65.000000 1.135073 0.000000 0.000000 -1.741278 0.274420 0.000000 -2.152908 
14000 70.000000 1.179119 0.000000 0.000000 3.169725 4.152796 0.000000 -3.059468 
15000 75.000000 1.296480 0.000000 0.000000 0.812518 0.851194 0.000000 -0.464274 
16000 80.000000 1.306586 0.000000 0.000000 0.038628 0.188515 0.000000 -0.244144 
17000 85.000000 1.239892 0.000000 0.000000 1.360019 1.414033 0.000000 -0.761031 
18000 90.000000 1.249420 0.000000 0.000000 0.108346 0.090284 0.000000 -0.027080 
19000 95.000000 1.249052 0.000000 0.000000 1.013063 0.997252 0.000000 -0.482815 
20000 100.000000 1.214836 0.000000 0.000000 -0.249210 0.092402 0.000000 -0.387814 
21000 105.000000 1.284422 0.000000 0.000000 0.132560 0.080747 0.000000 0.011439 
22000 110.000000 1.133878 0.000000 0.000000 -0.854230 1.190698 0.000000 -2.640276 
23000 115.000000 1.187799 0.000000 0.000000 1.134982 1.938840 0.000000 -1.773278 
24000 120.000000 1.278967 0.000000 0.000000 0.156466 0.087252 0.000000 0.025587 
25000 125.000000 1.252299 0.000000 0.000000 0.245410 0.211447 0.000000 -0.071760 
26000 130.000000 1.153461 0.000000 0.000000 -1.423389 0.129670 0.000000 -1.617894 
27000 135.000000 1.347341 0.000000 0.000000 -0.047128 0.983280 0.000000 -1.522047 
28000 140.000000 1.173152 0.000000 0.000000 1.529927 2.624262 0.000000 -2.406466 
29000 145.000000 1.305731 0.000000 0.000000 0.458247 0.591182 0.000000 -0.428526 
30000 150.000000 1.282679 0.000000 0.000000 0.238535 0.180264 0.000000 -0.031861 
31000 155.000000 1.300164 0.000000 0.000000 1.717911 1.790612 0.000000 -0.968007 
32000 160.000000 1.246392 0.000000 0.000000 -0.007357 0.000886 0.000000 -0.008687 
33000 165.000000 1.247300 0.000000 0.000000 0.383145 0.388865 0.000000 -0.200151 
34000 170.000000 1.286398 0.000000 0.000000 1.727452 1.698865 0.000000 -0.820845 
35000 175.000000 1.173462 0.000000 0.000000 -1.021913 0.083269 0.000000 -1.146817 
36000 180.000000 1.312020 0.000000 0.000000 0.223219 0.456654 0.000000 -0.461762 
37000 185.000000 1.204926 0.000000 0.000000 0.942147 1.451640 0.000000 -1.235312 
38000 190.000000 1.278951 0.000000 0.000000 0.057340 0.000294 0.000000 0.056899 
39000 195.000000 1.284563 0.000000 0.000000 0.118830 0.080232 0.000000 -0.001518 
40000 200.000000 1.314251 0.000000 0.000000 -0.244088 0.019272 0.000000 -0.272996 
41000 205.000000 1.306604 0.000000 0.000000 7.243214 7.398960 0.000000 -3.855227 
42000 210.000000 1.284649 0.000000 0.000000 1.845566 1.806640 0.000000 -0.864395 
43000 215.000000 1.296308 0.000000 0.000000 0.151670 0.186723 0.000000 -0.128415 
44000 220.000000 1.169184 0.000000 0.000000 -0.953857 0.235477 0.000000 -1.307072 
45000 225.000000 1.171853 0.000000 0.000000 1.204739 2.335434 0.000000 -2.298412 
46000 230.000000 1.242407 0.000000 0.000000 1.382479 1.416841 0.000000 -0.742782 
47000 235.000000 1.315237 0.000000 0.000000 0.470021 0.743969 0.000000 -0.645932 
48000 240.000000 1.278076 0.000000 0.000000 0.256320 0.180951 0.000000 -0.015106 
49000 245.000000 1.284114 0.000000 0.000000 0.817185 0.768275 0.000000 -0.335227 
50000 250.000000 1.269923 0.000000 0.000000 0.772009 0.687745 0.000000 -0.259608 
51000 255.000000 1.295267 0.000000 0.000000 0.058042 0.077485 0.000000 -0.058185 
52000 260.000000 1.307518 0.000000 0.000000 0.163018 0.312983 0.000000 -0.306457 
53000 265.000000 1.277301 0.000000 0.000000 0.302451 0.218728 0.000000 -0.025641 
54000 270.000000 1.268422 0.000000 0.000000 0.160400 0.065345 0.000000 0.062383 
55000 275.000000 1.268476 0.000000 0.000000 0.126485 0.028158 0.000000 0.084249 
56000 280.000000 1.167632 0.000000 0.000000 -0.694390 0.511908 0.000000 -1.462251 
57000 285.000000 1.284036 0.000000 0.000000 2.111022 2.048616 0.000000 -0.961902 
58000 290.000000 1.244691 0.000000 0.000000 0.011107 0.014243 0.000000 -0.010257 
59000 295.000000 1.354961 0.000000 0.000000 0.645911 1.923191 0.000000 -2.238875 
60000 300.000000 1.253457 0.000000 0.000000 0.266504 0.216961 0.000000 -0.058937 
61000 305.000000 1.227443 0.000000 0.000000 -0.049997 0.118322 0.000000 -0.227480 
62000 310.000000 1.316168 0.000000 0.000000 2.331984 2.611109 0.000000 -1.584679 
63000 315.000000 1.148831 0.000000 0.000000 -0.733855 0.919907 0.000000 -2.113715 
64000 320.000000 1.350310 0.000000 0.000000 -0.760811 0.359205 0.000000 -1.299618 
65000 325.000000 1.263684 0.000000 0.000000 1.123341 1.031942 0.000000 -0.424573 
66000 330.000000 1.264074 0.000000 0.000000 0.171480 0.076940 0.000000 0.056070 
67000 335.000000 1.226189 0.000000 0.000000 1.285439 1.458955 0.000000 -0.902994 
68000 340.000000 1.292625 0.000000 0.000000 0.072131 0.059016 0.000000 -0.016394 
69000 345.000000 1.230225 0.000000 0.000000 -0.061987 0.070307 0.000000 -0.167447 
70000 350.000000 1.337622 0.000000 0.000000 2.123739 2.861011 0.000000 -2.167777 
71000 355.000000 1.298802 0.000000 0.000000 0.667849 0.707151 0.000000 -0.392878 
72000 360.000000 1.228882 0.000000 0.000000 1.272505 1.421369 0.000000 -0.859548 
73000 365.000000 1.198321 0.000000 0.000000 -0.416652 0.178218 0.000000 -0.683980 
74000 370.000000 1.282355 0.000000 0.000000 0.149190 0.082255 0.000000 0.025807 
75000 375.000000 1.272444 0.000000 0.000000 1.191127 1.103366 0.000000 -0.463922 
76000 380.000000 1.314791 0.000000 0.000000 -0.238696 0.019995 0.000000 -0.268688 
77000 385.000000 1.184669 0.000000 0.000000 -0.751864 0.102073 0.000000 -0.904973 
78000 390.000000 1.191345 0.000000 0.000000 -0.666925 0.061253 0.000000 -0.758804 
79000 395.000000 1.224434 0.000000 0.000000 -0.211901 0.000322 0.000000 -0.212385 
80000 400.000000 1.177773 0.000000 0.000000 -0.968069 0.046517 0.000000 -1.037845 
81000 405.000000 1.268853 0.000000 0.000000 4.454704 4.385245 0.000000 -2.123164 
82000 410.000000 1.270140 0.000000 0.000000 3.648058 3.580516 0.000000 -1.722717 
83000 415.000000 1.219492 0.000000 0.000000 0.050123 0.344500 0.000000 -0.466626 
84000 420.000000 1.287406 0.000000 0.000000 0.869085 0.848121 0.000000 -0.403097 
85000 425.000000 1.275291 0.000000 0.000000 0.170362 0.102747 0.000000 0.016242 
86000 430.000000 1.263456 0.000000 0.000000 0.077901 0.014092 0.000000 0.056764 
87000 435.000000 1.265662 0.000000 0.000000 1.668144 1.599218 0.000000 -0.730683 
88000 440.000000 1.344024 0.000000 0.000000 0.077759 1.015149 0.000000 -1.444964 
89000 445.000000 1.253884 0.000000 0.000000 0.045290 0.007240 0.000000 0.034430 
90000 450.000000 1.183875 0.000000 0.000000 0.661803 1.548072 0.000000 -1.660305 
91000 455.000000 1.309587 0.000000 0.000000 3.530971 3.721316 0.000000 -2.051003 
92000 460.000000 1.329199 0.000000 0.000000 -0.281455 0.261202 0.000000 -0.673257 
93000 465.000000 1.181386 0.000000 0.000000 2.911410 3.838343 0.000000 -2.846105 
94000 470.000000 1.235051 0.000000 0.000000 0.138935 0.234567 0.000000 -0.212916 
95000 475.000000 1.193259 0.000000 0.000000 -0.512554 0.179076 0.000000 -0.781168 
96000 480.000000 1.319532 0.000000 0.000000 0.069714 0.410790 0.000000 -0.546472 
97000 485.000000 1.139617 0.000000 0.000000 -1.770450 0.119087 0.000000 -1.949081 
98000 490.000000 1.209162 0.000000 0.000000 -0.410888 0.005938 0.000000 -0.419795 
99000 495.000000 1.097834 0.000000 0.000000 -3.018649 0.000398 0.000000 -3.019246 
100000 500.000000 1.281931 0.000000 0.000000 0.085783 0.015077 0.000000 0.063167 
101000 505.000000 1.170591 0.000000 0.000000 0.414320 1.558117 0.000000 -1.922855 
102000 510.000000 1.259006 0.000000 0.000000 2.284378 2.200281 0.000000 -1.016043 
103000 515.000000 1.325848 0.000000 0.000000 0.228423 0.677689 0.000000 -0.788110 
104000 520.000000 1.247052 0.000000 0.000000 1.332043 1.301863 0.000000 -0.620751 
105000 525.000000 1.374300 0.000000 0.000000 -1.965887 0.075557 0.000000 -2.079223 
106000 530.000000 1.331365 0.000000 0.000000 -0.481352 0.091379 0.000000 -0.618421 
107000 535.000000 1.189705 0.000000 0.000000 -0.512379 0.225970 0.000000 -0.851334 
108000 540.000000 1.244392 0.000000 0.000000 1.917115 1.913948 0.000000 -0.953806 
109000 545.000000 1.363175 0.000000 0.000000 -1.572302 0.002189 0.000000 -1.575584 
110000 550.000000 1.238276 0.000000 0.000000 -0.042068 0.008910 0.000000 -0.055433 
111000 555.000000 1.335513 0.000000 0.000000 -0.603510 0.077705 0.000000 -0.720067 
112000 560.000000 1.215377 0.000000 0.000000 -0.243550 0.072824 0.000000 -0.352786 
113000 565.000000 1.242667 0.000000 0.000000 0.019214 0.036513 0.000000 -0.035555 
114000 570.000000 1.193443 0.000000 0.000000 -0.677115 0.001300 0.000000 -0.679066 
115000 575.000000 1.248089 0.000000 0.000000 0.536130 0.511142 0.000000 -0.230583 
116000 580.000000 1.349156 0.000000 0.000000 0.042820 1.114658 0.000000 -1.629167 
117000 585.000000 1.340016 0.000000 0.000000 2.406225 3.209066 0.000000 -2.407375 
118000 590.000000 1.334812 0.000000 0.000000 -0.569426 0.091502 0.000000 -0.706680 
119000 595.000000 1.244681 0.000000 0.000000 0.412082 0.408180 0.000000 -0.200189 
120000 600.000000 1.116104 0.000000 0.000000 -2.394161 0.107253 0.000000 -2.555040 
121000 605.000000 1.247291 0.000000 0.000000 2.988703 2.970009 0.000000 -1.466310 
122000 610.000000 1.334046 0.000000 0.000000 -0.644191 0.001003 0.000000 -0.645696 
123000 615.000000 1.289464 0.000000 0.000000 0.641140 0.608241 0.000000 -0.271222 
124000 620.000000 1.274510 0.000000 0.000000 0.419873 0.327520 0.000000 -0.071407 
125000 625.000000 1.276125 0.000000 0.000000 0.623193 0.540615 0.000000 -0.187730 
126000 630.000000 1.256007 0.000000 0.000000 1.508963 1.450253 0.000000 -0.666416 
127000 635.000000 1.301416 0.000000 0.000000 0.183717 0.265565 0.000000 -0.214630 
128000 640.000000 1.169993 0.000000 0.000000 -0.390054 0.782332 0.000000 -1.563553 
129000 645.000000 1.286284 0.000000 0.000000 0.043407 0.008305 0.000000 0.030950 
130000 650.000000 1.267798 0.000000 0.000000 0.669237 0.588858 0.000000 -0.214050 
131000 655.000000 1.260771 0.000000 0.000000 0.091943 0.019748 0.000000 0.062321 
132000 660.000000 1.203630 0.000000 0.000000 0.045587 0.557487 0.000000 -0.790643 
133000 665.000000 1.253382 0.000000 0.000000 2.713867 2.670503 0.000000 -1.291887 
134000 670.000000 1.167644 0.000000 0.000000 -0.761667 0.459565 0.000000 -1.451015 
135000 675.000000 1.250898 0.000000 0.000000 3.748702 3.720673 0.000000 -1.832307 
136000 680.000000 1.025451 0.000000 0.000000 -4.770402 0.344210 0.000000 -5.286717 
137000 685.000000 1.306925 0.000000 0.000000 0.891679 1.027900 0.000000 -0.650172 
138000 690.000000 1.281249 0.000000 0.000000 1.421679 1.342921 0.000000 -0.592702 
139000 695.000000 1.185002 0.000000 0.000000 0.054088 0.899553 0.000000 -1.295242 
140000 700.000000 1.277742 0.000000 0.000000 0.100410 0.011113 0.000000 0.083740 
141000 705.000000 1.283407 0.000000 0.000000 1.046872 0.970308 0.000000 -0.408590 
142000 710.000000 1.277290 0.000000 0.000000 0.128891 0.033748 0.000000 0.078269 
143000 715.000000 1.155527 0.000000 0.000000 -1.115752 0.365019 0.000000 -1.663281 
144000 720.000000 1.243945 0.000000 0.000000 0.112230 0.111948 0.000000 -0.055691 
145000 725.000000 1.292463 0.000000 0.000000 0.054665 0.036065 0.000000 0.000568 
146000 730.000000 1.258451 0.000000 0.000000 1.844095 1.763656 0.000000 -0.801389 
147000 735.000000 1.314359 0.000000 0.000000 3.322967 3.567591 0.000000 -2.028419 
148000 740.000000 1.273231 0.000000 0.000000 9.748857 9.652430 0.000000 -4.729788 
149000 745.000000 1.241481 0.000000 0.000000 4.300996 4.325587 0.000000 -2.187385 
150000 750.000000 1.189427 0.000000 0.000000 0.245008 1.010701 0.000000 -1.271044 
151000 755.000000 1.246603 0.000000 0.000000 4.114500 4.113776 0.000000 -2.056164 
152000 760.000000 1.286169 0.000000 0.000000 0.519589 0.481481 0.000000 -0.202632 
153000 765.000000 1.208095 0.000000 0.000000 0.185291 0.627056 0.000000 -0.755293 
154000 770.000000 1.368690 0.000000 0.000000 -1.539633 0.284429 0.000000 -1.966276 
155000 775.000000 1.235684 0.000000 0.000000 -0.088807 0.007132 0.000000 -0.099505 
156000 780.000000 1.216672 0.000000 0.000000 -0.148525 0.174356 0.000000 -0.410059 
157000 785.000000 1.163801 0.000000 0.000000 1.837798 3.159303 0.000000 -2.901157 
158000 790.000000 1.258119 0.000000 0.000000 3.883709 3.832554 0.000000 -1.865123 
159000 795.000000 1.219324 0.000000 0.000000 3.333201 3.625933 0.000000 -2.105699 
160000 800.000000 1.284946 0.000000 0.000000 0.481579 0.449502 0.000000 -0.192674 
161000 805.000000 1.281361 0.000000 0.000000 1.253130 1.206053 0.000000 -0.555948 
162000 810.000000 1.313513 0.000000 0.000000 0.033951 0.293191 0.000000 -0.405835 
163000 815.000000 1.194527 0.000000 0.000000 0.291491 0.981830 0.000000 -1.181254 
164000 820.000000 1.170939 0.000000 0.000000 -1.147459 0.016383 0.000000 -1.172034 
165000 825.000000 1.256299 0.000000 0.000000 0.203472 0.162831 0.000000 -0.040774 
166000 830.000000 1.282735 0.000000 0.000000 0.047701 0.003371 0.000000 0.042645 
167000 835.000000 1.244854 0.000000 0.000000 4.176016 4.200329 0.000000 -2.124477 
168000 840.000000 1.281540 0.000000 0.000000 0.085370 0.031431 0.000000 0.038224 
169000 845.000000 1.161828 0.000000 0.000000 -1.165396 0.196464 0.000000 -1.460092 
170000 850.000000 1.233505 0.000000 0.000000 -0.105515 0.012535 0.000000 -0.124318 
171000 855.000000 1.268493 0.000000 0.000000 1.632911 1.559674 0.000000 -0.706599 
172000 860.000000 1.252420 0.000000 0.000000 0.227026 0.198721 0.000000 -0.071055 
173000 865.000000 1.328582 0.000000 0.000000 1.694013 2.230385 0.000000 -1.651565 
174000 870.000000 1.260319 0.000000 0.000000 1.063689 1.001167 0.000000 -0.438061 
175000 875.000000 1.336519 0.000000 0.000000 -0.646302 0.082281 0.000000 -0.769724 
176000 880.000000 1.300338 0.000000 0.000000 0.408543 0.486261 0.000000 -0.320848 
177000 885.000000 1.262505 0.000000 0.000000 0.144039 0.076264 0.000000 0.029643 
178000 890.000000 1.335699 0.000000 0.000000 1.851350 2.560051 0.000000 -1.988726 
179000 895.000000 1.335368 0.000000 0.000000 -0.694598 0.002065 0.000000 -0.697695 
180000 900.000000 1.303534 0.000000 0.000000 0.016260 0.127980 0.000000 -0.175709 
181000 905.000000 1.298045 0.000000 0.000000 0.639509 0.689632 0.000000 -0.394939 
182000 910.000000 1.288152 0.000000 0.000000 0.041003 0.009602 0.000000 0.026600 
183000 915.000000 1.178516 0.000000 0.000000 -0.942945 0.043890 0.000000 -1.008780 
184000 920.000000 1.215550 0.000000 0.000000 2.955788 3.299640 0.000000 -1.993672 
185000 925.000000 1.185780 0.000000 0.000000 -0.547025 0.306093 0.000000 -1.006163 
186000 930.000000 1.195048 0.000000 0.000000 -0.286727 0.393099 0.000000 -0.876375 
187000 935.000000 1.249754 0.000000 0.000000 0.014075 0.016969 0.000000 -0.011378 
188000 940.000000 1.350387 0.000000 0.000000 2.078055 3.237096 0.000000 -2.777590 
189000 945.000000 1.258841 0.000000 0.000000 2.756506 2.717642 0.000000 -1.319957 
190000 950.000000 1.167409 0.000000 0.000000 -1.245783 0.003985 0.000000 -1.251760 
191000 955.000000 1.321218 0.000000 0.000000 -0.313338 0.091747 0.000000 -0.450959 
192000 960.000000 1.257377 0.000000 0.000000 0.256878 0.223399 0.000000 -0.078220 
193000 965.000000 1.339528 0.000000 0.000000 0.170223 0.999162 0.000000 -1.328520 
194000 970.000000 1.329978 0.000000 0.000000 0.799519 1.384161 0.000000 -1.276723 
195000 975.000000 1.247281 0.000000 0.000000 2.267651 2.279384 0.000000 -1.151424 
196000 980.000000 1.222987 0.000000 0.000000 -0.224971 0.023372 0.000000 -0.260028 
197000 985.000000 1.262507 0.000000 0.000000 0.075200 0.015039 0.000000 0.052642 
198000 990.000000 1.270984 0.000000 0.000000 0.275692 0.209276 0.000000 -0.038222 
199000 995.000000 1.253552 0.000000 0.000000 0.192513 0.162410 0.000000 -0.051101 
200000 1000.000000 1.244096 0.000000 0.000000 3.585875 3.611950 0.000000 -1.832049 
201000 1005.000000 1.274168 0.000000 0.000000 1.582297 1.511900 0.000000 -0.685552 
202000 1010.000000 1.203921 0.000000 0.000000 0.460971 0.975537 0.000000 -1.002335 
203000 1015.000000 1.240402 0.000000 0.000000 0.092934 0.144538 0.000000 -0.123873 
204000 1020.000000 1.328035 0.000000 0.000000 -0.131749 0.394407 0.000000 -0.723359 
205000 1025.000000 1.275750 0.000000 0.000000 0.112086 0.039486 0.000000 0.052857 
206000 1030.000000 1.324835 0.000000 0.000000 -0.138626 0.316560 0.000000 -0.613466 
207000 1035.000000 1.263346 0.000000 0.000000 0.954639 0.886156 0.000000 -0.374596 
208000 1040.000000 1.108174 0.000000 0.000000 -2.479392 0.268207 0.000000 -2.881703 
209000 1045.000000 1.189366 0.000000 0.000000 0.412687 1.198604 0.000000 -1.385220 
210000 1050.000000 1.245699 0.000000 0.000000 2.426289 2.447271 0.000000 -1.244617 
211000 1055.000000 1.283396 0.000000 0.000000 0.142000 0.102602 0.000000 -0.011904 
212000 1060.000000 1.249704 0.000000 0.000000 0.705167 0.698492 0.000000 -0.342572 
213000 1065.000000 1.327304 0.000000 0.000000 -0.512075 0.000836 0.000000 -0.513329 
214000 1070.000000 1.425081 0.000000 0.000000 -4.788833 0.426741 0.000000 -5.428944 
215000 1075.000000 1.238612 0.000000 0.000000 2.538620 2.598158 0.000000 -1.358616 
216000 1080.000000 1.291898 0.000000 0.000000 0.257888 0.252828 0.000000 -0.121354 
217000 1085.000000 1.241589 0.000000 0.000000 3.447890 3.490290 0.000000 -1.787544 
218000 1090.000000 1.272092 0.000000 0.000000 0.468239 0.388237 0.000000 -0.114116 
219000 1095.000000 1.348105 0.000000 0.000000 1.993951 3.051993 0.000000 -2.584038 
220000 1100.000000 1.283081 0.000000 0.000000 1.314598 1.255511 0.000000 -0.568668 
221000 1105.000000 1.213271 0.000000 0.000000 -0.205107 0.156074 0.000000 -0.439217 
222000 1110.000000 1.282199 0.000000 0.000000 2.044042 1.979405 0.000000 -0.925065 
223000 1115.000000 1.231682 0.000000 0.000000 6.858713 6.989195 0.000000 -3.625080 
224000 1120.000000 1.344524 0.000000 0.000000 0.396394 1.353227 0.000000 -1.633446 
225000 1125.000000 1.290475 0.000000 0.000000 0.489954 0.490675 0.000000 -0.246058 
226000 1130.000000 1.277275 0.000000 0.000000 0.991194 0.926858 0.000000 -0.399093 
227000 1135.000000 1.094797 0.000000 0.000000 -3.110505 0.012259 0.000000 -3.128893 
228000 1140.000000 1.287707 0.000000 0.000000 3.152352 3.129370 0.000000 -1.541703 
229000 1145.000000 1.257166 0.000000 0.000000 0.050988 0.004094 0.000000 0.044846 
230000 1150.000000 1.364980 0.000000 0.000000 -0.139600 1.537162 0.000000 -2.445344 
231000 1155.000000 1.151231 0.000000 0.000000 -0.912086 0.703997 0.000000 -1.968082 
232000 1160.000000 1.216779 0.000000 0.000000 1.912361 2.239456 0.000000 -1.446822 
233000 1165.000000 1.253032 0.000000 0.000000 0.033905 0.005650 0.000000 0.025431 
234000 1170.000000 1.237694 0.000000 0.000000 -0.058814 0.013606 0.000000 -0.079223 
235000 1175.000000 1.241188 0.000000 0.000000 0.252722 0.296983 0.000000 -0.192753 
236000 1180.000000 1.318227 0.000000 0.000000 -0.331292 0.002459 0.000000 -0.334981 
237000 1185.000000 1.246300 0.000000 0.000000 5.333600 5.346289 0.000000 -2.685835 
238000 1190.000000 1.301640 0.000000 0.000000 1.056470 1.152978 0.000000 -0.672997 
239000 1195.000000 1.207154 0.000000 0.000000 0.132134 0.601393 0.000000 -0.769955 
240000 1200.000000 1.311271 0.000000 0.000000 0.445132 0.664435 0.000000 -0.551521 
241000 1205.000000 1.225439 0.000000 0.000000 -0.215752 0.000321 0.000000 -0.216234 
242000 1210.000000 1.272796 0.000000 0.000000 0.162808 0.104321 0.000000 0.006327 
243000 1215.000000 1.111927 0.000000 0.000000 4.875046 7.528360 0.000000 -6.417494 
244000 1220.000000 1.252762 0.000000 0.000000 0.690313 0.680504 0.000000 -0.330443 
245000 1225.000000 1.230542 0.000000 0.000000 7.094735 7.262566 0.000000 -3.799114 
246000 1230.000000 1.242638 0.000000 0.000000 1.380217 1.436939 0.000000 -0.775192 
247000 1235.000000 1.253433 0.000000 0.000000 0.485693 0.476412 0.000000 -0.228926 
248000 1240.000000 1.155427 0.000000 0.000000 -0.768558 0.771624 0.000000 -1.925994 
249000 1245.000000 1.283508 0.000000 0.000000 0.123783 0.105876 0.000000 -0.035031 
250000 1250.000000 1.280800 0.000000 0.000000 0.028525 0.001387 0.000000 0.026445 
251000 1255.000000 1.376230 0.000000 0.000000 0.172333 2.365984 0.000000 -3.376643 
252000 1260.000000 1.338473 0.000000 0.000000 -0.716132 0.096823 0.000000 -0.861367 
253000 1265.000000 1.315548 0.000000 0.000000 -0.291132 0.023103 0.000000 -0.325785 
254000 1270.000000 1.227597 0.000000 0.000000 0.959302 1.174252 0.000000 -0.802076 
255000 1275.000000 1.247227 0.000000 0.000000 0.534128 0.574958 0.000000 -0.328308 
256000 1280.000000 1.299364 0.000000 0.000000 0.267929 0.378360 0.000000 -0.299611 
257000 1285.000000 1.093551 0.000000 0.000000 0.618734 3.819565 0.000000 -5.110614 
258000 1290.000000 1.224565 0.000000 0.000000 1.791892 2.061103 0.000000 -1.299762 
259000 1295.000000 1.253852 0.000000 0.000000 0.171324 0.182269 0.000000 -0.102080 
260000 1300.000000 1.238775 0.000000 0.000000 2.850911 2.968683 0.000000 -1.602113 
261000 1305.000000 1.348931 0.000000 0.000000 0.368069 1.510274 0.000000 -1.897343 
262000 1310.000000 1.208545 0.000000 0.000000 -0.163626 0.330698 0.000000 -0.659673 
263000 1315.000000 1.199201 0.000000 0.000000 -0.624350 0.029913 0.000000 -0.669220 
264000 1320.000000 1.171279 0.000000 0.000000 0.506954 1.718611 0.000000 -2.070963 
265000 1325.000000 1.281102 0.000000 0.000000 1.659917 1.673910 0.000000 -0.850947 
266000 1330.000000 1.281508 0.000000 0.000000 -0.015052 0.000287 0.000000 -0.015483 
267000 1335.000000 1.321353 0.000000 0.000000 -0.437428 0.022173 0.000000 -0.470688 
268000 1340.000000 1.266462 0.000000 0.000000 0.141130 0.138297 0.000000 -0.066315 
269000 1345.000000 1.305279 0.000000 0.000000 1.102189 1.313050 0.000000 -0.867386 
270000 1350.000000 1.318723 0.000000 0.000000 0.316730 0.732451 0.000000 -0.781946 
271000 1355.000000 1.262615 0.000000 0.000000 0.761391 0.771191 0.000000 -0.395395 
272000 1360.000000 1.306839 0.000000 0.000000 0.102453 0.339225 0.000000 -0.406385 
273000 1365.000000 1.235448 0.000000 0.000000 0.226808 0.408076 0.000000 -0.385306 
274000 1370.000000 1.234270 0.000000 0.000000 1.506962 1.701273 0.000000 -1.044947 
275000 1375.000000 1.312016 0.000000 0.000000 0.089191 0.396681 0.000000 -0.505831 
276000 1380.000000 1.224777 0.000000 0.000000 -0.292696 0.003030 0.000000 -0.297241 
277000 1385.000000 1.162777 0.000000 0.000000 -1.412165 0.005033 0.000000 -1.419715 
278000 1390.000000 1.321713 0.000000 0.000000 -0.474765 0.003137 0.000000 -0.479470 
279000 1395.000000 1.198096 0.000000 0.000000 0.393530 1.093690 0.000000 -1.247005 
280000 1400.000000 1.268716 0.000000 0.000000 0.058434 0.068043 0.000000 -0.043630 
281000 1405.000000 1.256615 0.000000 0.000000 0.063479 0.086441 0.000000 -0.066183 
282000 1410.000000 1.248764 0.000000 0.000000 2.079563 2.146335 0.000000 -1.139939 
283000 1415.000000 1.284776 0.000000 0.000000 2.683919 2.717141 0.000000 -1.391792 
284000 1420.000000 1.122865 0.000000 0.000000 -2.416058 0.001199 0.000000 -2.417856 
285000 1425.000000 1.314773 0.000000 0.000000 -0.348262 0.000618 0.000000 -0.349190 
286000 1430.000000 1.213910 0.000000 0.000000 0.123762 0.562597 0.000000 -0.720134 
287000 1435.000000 1.310818 0.000000 0.000000 -0.005821 0.282934 0.000000 -0.430222 
288000 1440.000000 1.293937 0.000000 0.000000 1.715650 1.807746 0.000000 -0.995969 
289000 1445.000000 1.249058 0.000000 0.000000 0.420604 0.486558 0.000000 -0.309233 
290000 1450.000000 1.342226 0.000000 0.000000 -0.701728 0.259439 0.000000 -1.090887 
291000 1455.000000 1.112621 0.000000 0.000000 -2.496607 0.201318 0.000000 -2.798584 
292000 1460.000000 1.332138 0.000000 0.000000 -0.697963 0.003517 0.000000 -0.703238 
293000 1465.000000 1.285330 0.000000 0.000000 4.604148 4.650358 0.000000 -2.371388 
294000 1470.000000 1.222120 0.000000 0.000000 1.503141 1.839879 0.000000 -1.256678 
295000 1475.000000 1.307185 0.000000 0.000000 0.874153 1.125277 0.000000 -0.813763 
296000 1480.000000 1.276033 0.000000 0.000000 -0.004792 0.016238 0.000000 -0.029149 
297000 1485.000000 1.282423 0.000000 0.000000 -0.015703 0.019368 0.000000 -0.044755 
298000 1490.000000 1.262012 0.000000 0.000000 0.126198 0.138847 0.000000 -0.082072 
299000 1495.000000 1.283605 0.000000 0.000000 2.473686 2.505155 0.000000 -1.284047 
300000 1500.000000 1.309806 0.000000 0.000000 0.770912 1.041180 0.000000 -0.790858 
301000 1505.000000 1.202906 0.000000 0.000000 -0.607510 0.002061 0.000000 -0.610601 
302000 1510.000000 1.318543 0.000000 0.000000 0.304262 0.715679 0.000000 -0.769255 
303000 1515.000000 1.256626 0.000000 0.000000 11.246742 11.264207 0.000000 -5.649568 
304000 1520.000000 1.240616 0.000000 0.000000 1.170265 1.288969 0.000000 -0.763189 
305000 1525.000000 1.248762 0.000000 0.000000 -0.020063 0.037356 0.000000 -0.076097 
306000 1530.000000 1.248295 0.000000 0.000000 1.041549 1.097282 0.000000 -0.604374 
307000 1535.000000 1.242557 0.000000 0.000000 0.158750 0.254051 0.000000 -0.222327 
308000 1540.000000 1.196261 0.000000 0.000000 -0.566288 0.132032 0.000000 -0.764336 
309000 1545.000000 1.330455 0.000000 0.000000 1.457755 2.088063 0.000000 -1.674340 
310000 1550.000000 1.241639 0.000000 0.000000 0.641176 0.735319 0.000000 -0.461804 
311000 1555.000000 1.216359 0.000000 0.000000 0.103123 0.481410 0.000000 -0.618992 
312000 1560.000000 1.317794 0.000000 0.000000 0.866992 1.240114 0.000000 -0.993178 
313000 1565.000000 1.309387 0.000000 0.000000 0.087538 0.329512 0.000000 -0.406730 
314000 1570.000000 1.313010 0.000000 0.000000 1.199938 1.496263 0.000000 -1.044457 
315000 1575.000000 1.333739 0.000000 0.000000 -0.605695 0.104374 0.000000 -0.762256 
316000 1580.000000 1.317613 0.000000 0.000000 -0.362869 0.003523 0.000000 -0.368154 
317000 1585.000000 1.226393 0.000000 0.000000 0.164403 0.406532 0.000000 -0.445395 
318000 1590.000000 1.203192 0.000000 0.000000 -0.363108 0.214459 0.000000 -0.684796 
319000 1595.000000 1.254044 0.000000 0.000000 0.735784 0.745408 0.000000 -0.382328 
320000 1600.000000 1.135128 0.000000 0.000000 -2.063860 0.001194 0.000000 -2.065651 
321000 1605.000000 1.208168 0.000000 0.000000 -0.051014 0.440934 0.000000 -0.712415 
322000 1610.000000 1.331616 0.000000 0.000000 -0.644761 0.002908 0.000000 -0.649123 
323000 1615.000000 1.263180 0.000000 0.000000 0.914268 0.891836 0.000000 -0.423487 
324000 1620.000000 1.227435 0.000000 0.000000 0.235046 0.467314 0.000000 -0.465925 
325000 1625.000000 1.291044 0.000000 0.000000 0.200459 0.246205 0.000000 -0.168849 
326000 1630.000000 1.326537 0.000000 0.000000 3.089073 3.635413 0.000000 -2.364046 
327000 1635.000000 1.194751 0.000000 0.000000 -0.377169 0.355345 0.000000 -0.910186 
328000 1640.000000 1.248541 0.000000 0.000000 2.602798 2.652365 0.000000 -1.375749 
329000 1645.000000 1.223744 0.000000 0.000000 -0.205754 0.078217 0.000000 -0.323079 
330000 1650.000000 1.162104 0.000000 0.000000 -0.153335 1.255586 0.000000 -2.036715 
331000 1655.000000 1.347166 0.000000 0.000000 -1.070124 0.019657 0.000000 -1.099610 
332000 1660.000000 1.136728 0.000000 0.000000 1.468457 3.499766 0.000000 -3.781192 
333000 1665.000000 1.211656 0.000000 0.000000 1.444183 1.899855 0.000000 -1.405600 
334000 1670.000000 1.350295 0.000000 0.000000 -0.735422 0.461523 0.000000 -1.427707 
335000 1675.000000 1.232466 0.000000 0.000000 0.314916 0.509423 0.000000 -0.449219 
336000 1680.000000 1.281671 0.000000 0.000000 0.265747 0.275201 0.000000 -0.147055 
337000 1685.000000 1.227980 0.000000 0.000000 0.300379 0.544142 0.000000 -0.515833 
338000 1690.000000 1.211179 0.000000 0.000000 0.031256 0.498184 0.000000 -0.716019 
339000 1695.000000 1.219013 0.000000 0.000000 1.345015 1.699683 0.000000 -1.204509 
340000 1700.000000 1.255001 0.000000 0.000000 0.259787 0.289595 0.000000 -0.174606 
341000 1705.000000 1.324707 0.000000 0.000000 -0.308122 0.219433 0.000000 -0.637272 
342000 1710.000000 1.297607 0.000000 0.000000 0.246616 0.369985 0.000000 -0.308362 
343000 1715.000000 1.182038 0.000000 0.000000 -0.809938 0.182999 0.000000 -1.084436 
344000 1720.000000 1.266580 0.000000 0.000000 1.909659 1.903323 0.000000 -0.945325 
345000 1725.000000 1.345075 0.000000 0.000000 -0.457531 0.577822 0.000000 -1.324264 
346000 1730.000000 1.352502 0.000000 0.000000 -0.693560 0.579112 0.000000 -1.562229 
347000 1735.000000 1.354609 0.000000 0.000000 -1.341157 0.001980 0.000000 -1.344126 
348000 1740.000000 1.191732 0.000000 0.000000 -0.628074 0.172025 0.000000 -0.886112 
349000 1745.000000 1.280298 0.000000 0.000000 0.772218 0.787537 0.000000 -0.409087 
350000 1750.000000 1.274658 0.000000 0.000000 5.255523 5.256790 0.000000 -2.629662 
351000 1755.000000 1.297179 0.000000 0.000000 -0.010041 0.112189 0.000000 -0.178325 
352000 1760.000000 1.109800 0.000000 0.000000 -2.679618 0.096317 0.000000 -2.824093 
353000 1765.000000 1.382752 0.000000 0.000000 -2.551528 0.011490 0.000000 -2.568763 
354000 1770.000000 1.246882 0.000000 0.000000 -0.025617 0.050344 0.000000 -0.101133 
355000 1775.000000 1.281720 0.000000 0.000000 -0.009202 0.009721 0.000000 -0.023783 
356000 1780.000000 1.321111 0.000000 0.000000 -0.135275 0.326601 0.000000 -0.625177 
357000 1785.000000 1.238005 0.000000 0.000000 0.148863 0.302771 0.000000 -0.305294 
358000 1790.000000 1.305035 0.000000 0.000000 -0.155154 0.054078 0.000000 -0.236271 
359000 1795.000000 1.263144 0.000000 0.000000 0.858045 0.865607 0.000000 -0.440366 
360000 1800.000000 1.315584 0.000000 0.000000 0.587780 0.949960 0.000000 -0.837160 
361000 1805.000000 1.267491 0.000000 0.000000 0.587969 0.587174 0.000000 -0.292791 
362000 1810.000000 1.248251 0.000000 0.000000 0.137165 0.209394 0.000000 -0.176926 
363000 1815.000000 1.308263 0.000000 0.000000 0.023439 0.265567 0.000000 -0.374912 
364000 1820.000000 1.167478 0.000000 0.000000 -0.882018 0.424920 0.000000 -1.519398 
365000 1825.000000 1.254324 0.000000 0.000000 -0.011500 0.044190 0.000000 -0.077785 
366000 1830.000000 1.229946 0.000000 0.000000 -0.179936 0.069591 0.000000 -0.284323 
367000 1835.000000 1.221851 0.000000 0.000000 3.860687 4.204368 0.000000 -2.445865 
368000 1840.000000 1.287275 0.000000 0.000000 2.580547 2.643355 0.000000 -1.384484 
369000 1845.000000 1.289987 0.000000 0.000000 0.222086 0.300879 0.000000 -0.229232 
370000 1850.000000 1.200275 0.000000 0.000000 1.540458 2.207874 0.000000 -1.771353 
371000 1855.000000 1.185891 0.000000 0.000000 -0.930176 0.000434 0.000000 -0.930827 
372000 1860.000000 1.266572 0.000000 0.000000 0.196929 0.208830 0.000000 -0.116316 
373000 1865.000000 1.270836 0.000000 0.000000 7.356958 7.363190 0.000000 -3.687827 
374000 1870.000000 1.347573 0.000000 0.000000 -1.082852 0.053766 0.000000 -1.163500 
375000 1875.000000 1.270720 0.000000 0.000000 0.237562 0.250995 0.000000 -0.138930 
376000 1880.000000 1.122738 0.000000 0.000000 -0.958511 1.483070 0.000000 -3.183116 
377000 1885.000000 1.126240 0.000000 0.000000 1.526283 3.879095 0.000000 -4.292360 
378000 1890.000000 1.310238 0.000000 0.000000 -0.307552 0.000136 0.000000 -0.307756 
379000 1895.000000 1.266444 0.000000 0.000000 0.038811 0.066986 0.000000 -0.061668 
380000 1900.000000 1.264011 0.000000 0.000000 0.041231 0.072810 0.000000 -0.067984 
381000 1905.000000 1.178116 0.000000 0.000000 -1.053367 0.052092 0.000000 -1.131504 
382000 1910.000000 1.304533 0.000000 0.000000 0.175491 0.405994 0.000000 -0.433499 
383000 1915.000000 1.331339 0.000000 0.000000 -0.582649 0.125299 0.000000 -0.770598 
384000 1920.000000 1.216657 0.000000 0.000000 2.131935 2.564356 0.000000 -1.714600 
385000 1925.000000 1.235226 0.000000 0.000000 -0.179510 0.035522 0.000000 -0.232793 
386000 1930.000000 1.275777 0.000000 0.000000 1.032871 1.078486 0.000000 -0.584858 
387000 1935.000000 1.241771 0.000000 0.000000 0.549664 0.705994 0.000000 -0.509327 
388000 1940.000000 1.304511 0.000000 0.000000 0.503792 0.733136 0.000000 -0.595912 
389000 1945.000000 1.241711 0.000000 0.000000 3.249794 3.403439 0.000000 -1.855364 
390000 1950.000000 1.253155 0.000000 0.000000 2.094447 2.179824 0.000000 -1.175288 
391000 1955.000000 1.131546 0.000000 0.000000 -1.238703 0.995542 0.000000 -2.732016 
392000 1960.000000 1.300218 0.000000 0.000000 0.546983 0.746378 0.000000 -0.572584 
393000 1965.000000 1.306232 0.000000 0.000000 -0.015023 0.252604 0.000000 -0.393930 
394000 1970.000000 1.303175 0.000000 0.000000 5.535269 5.761521 0.000000 -3.107013 
395000 1975.000000 1.290319 0.000000 0.000000 -0.100036 0.012006 0.000000 -0.118045 
396000 1980.000000 1.246124 0.000000 0.000000 3.457499 3.588024 0.000000 -1.924537 
397000 1985.000000 1.260362 0.000000 0.000000 0.842532 0.904301 0.000000 -0.513919 
398000 1990.000000 1.273477 0.000000 0.000000 0.675725 0.724731 0.000000 -0.411371 
399000 1995.000000 1.276288 0.000000 0.000000 0.223326 0.277615 0.000000 -0.193096 
400000 2000.000000 1.299977 0.000000 0.000000 0.473617 0.674072 0.000000 -0.537491 
401000 2005.000000 1.159847 0.000000 0.000000 -0.554364 0.985145 0.000000 -2.032081 
402000 2010.000000 1.304967 0.000000 0.000000 -0.016730 0.247791 0.000000 -0.388417 
403000 2015.000000 1.316257 0.000000 0.000000 2.467328 2.900586 0.000000 -1.883550 
404000 2020.000000 1.153881 0.000000 0.000000 0.144553 1.830911 0.000000 -2.601813 
405000 2025.000000 1.227647 0.000000 0.000000 1.217792 1.544059 0.000000 -1.098297 
406000 2030.000000 1.261156 0.000000 0.000000 1.479504 1.560656 0.000000 -0.861480 
407000 2035.000000 1.253196 0.000000 0.000000 0.736112 0.845279 0.000000 -0.531807 
408000 2040.000000 1.262262 0.000000 0.000000 -0.030406 0.047818 0.000000 -0.102132 
409000 2045.000000 1.122874 0.000000 0.000000 -2.452788 0.033225 0.000000 -2.502625 
410000 2050.000000 1.310827 0.000000 0.000000 -0.106972 0.242153 0.000000 -0.470202 
411000 2055.000000 1.186200 0.000000 0.000000 2.547790 3.526401 0.000000 -2.741811 
412000 2060.000000 1.281593 0.000000 0.000000 4.751593 4.846470 0.000000 -2.518112 
413000 2065.000000 1.304921 0.000000 0.000000 1.153594 1.432438 0.000000 -0.995063 
414000 2070.000000 1.274054 0.000000 0.000000 -0.063682 0.010549 0.000000 -0.079506 
415000 2075.000000 1.313275 0.000000 0.000000 0.128033 0.521593 0.000000 -0.654356 
416000 2080.000000 1.333628 0.000000 0.000000 -0.739004 0.057969 0.000000 -0.825958 
417000 2085.000000 1.245020 0.000000 0.000000 0.778180 0.938711 0.000000 -0.629886 
418000 2090.000000 1.314421 0.000000 0.000000 0.511112 0.918346 0.000000 -0.866408 
419000 2095.000000 1.270907 0.000000 0.000000 0.266514 0.331516 0.000000 -0.230759 
420000 2100.000000 1.294321 0.000000 0.000000 -0.157714 0.002644 0.000000 -0.161679 
421000 2105.000000 1.274257 0.000000 0.000000 1.337077 1.398060 0.000000 -0.760013 
422000 2110.000000 1.268212 0.000000 0.000000 0.131974 0.191949 0.000000 -0.155949 
423000 2115.000000 1.214903 0.000000 0.000000 -0.462927 0.018557 0.000000 -0.490762 
424000 2120.000000 1.186066 0.000000 0.000000 -0.980112 0.000411 0.000000 -0.980728 
425000 2125.000000 1.319154 0.000000 0.000000 -0.480860 0.006529 0.000000 -0.490654 
426000 2130.000000 1.266638 0.000000 0.000000 0.114869 0.180033 0.000000 -0.155180 
427000 2135.000000 1.202088 0.000000 0.000000 2.217415 2.903602 0.000000 -2.137988 
428000 2140.000000 1.285603 0.000000 0.000000 0.710452 0.810546 0.000000 -0.505366 
429000 2145.000000 1.250737 0.000000 0.000000 1.260788 1.371669 0.000000 -0.796716 
430000 2150.000000 1.319626 0.000000 0.000000 1.752224 2.239693 0.000000 -1.607316 
431000 2155.000000 1.317732 0.000000 0.000000 0.395123 0.857185 0.000000 -0.890655 
432000 2160.000000 1.206130 0.000000 0.000000 -0.324015 0.299156 0.000000 -0.772749 
433000 2165.000000 1.166480 0.000000 0.000000 -1.035706 0.364469 0.000000 -1.582409 
434000 2170.000000 1.346718 0.000000 0.000000 2.930952 4.104493 0.000000 -3.225787 
435000 2175.000000 1.245161 0.000000 0.000000 0.599740 0.768646 0.000000 -0.553228 
436000 2180.000000 1.307880 0.000000 0.000000 0.140125 0.463414 0.000000 -0.554995 
437000 2185.000000 1.269804 0.000000 0.000000 1.427966 1.504432 0.000000 -0.828683 
438000 2190.000000 1.185682 0.000000 0.000000 -0.843837 0.156780 0.000000 -1.079007 
439000 2195.000000 1.307515 0.000000 0.000000 -0.154923 0.162987 0.000000 -0.399404 
440000 2200.000000 1.262520 0.000000 0.000000 -0.087960 0.002116 0.000000 -0.091134 
441000 2205.000000 1.325631 0.000000 0.000000 2.021412 2.652932 0.000000 -1.957986 
442000 2210.000000 1.206613 0.000000 0.000000 -0.024407 0.604196 0.000000 -0.930702 
443000 2215.000000 1.248854 0.000000 0.000000 0.960242 1.102634 0.000000 -0.693708 
444000 2220.000000 1.224378 0.000000 0.000000 0.597628 0.967075 0.000000 -0.852984 
445000 2225.000000 1.272164 0.000000 0.000000 0.009807 0.090231 0.000000 -0.125539 
446000 2230.000000 1.244563 0.000000 0.000000 -0.050524 0.130813 0.000000 -0.246744 
447000 2235.000000 1.244007 0.000000 0.000000 5.833407 6.017779 0.000000 -3.193262 
448000 2240.000000 1.280906 0.000000 0.000000 1.209752 1.314534 0.000000 -0.762050 
449000 2245.000000 1.234150 0.000000 0.000000 3.596018 3.863524 0.000000 -2.199269 
450000 2250.000000 1.239336 0.000000 0.000000 -0.196817 0.026257 0.000000 -0.236202 
451000 2255.000000 1.150282 0.000000 0.000000 -1.789449 0.004063 0.000000 -1.795543 
452000 2260.000000 1.170080 0.000000 0.000000 -1.036498 0.298010 0.000000 -1.483512 
453000 2265.000000 1.321543 0.000000 0.000000 0.054898 0.599713 0.000000 -0.844671 
454000 2270.000000 1.224141 0.000000 0.000000 0.318025 0.691873 0.000000 -0.719785 
455000 2275.000000 1.273559 0.000000 0.000000 0.642922 0.713733 0.000000 -0.427677 
456000 2280.000000 1.318369 0.000000 0.000000 1.212403 1.686171 0.000000 -1.316852 
457000 2285.000000 1.156885 0.000000 0.000000 -1.611236 0.004807 0.000000 -1.618447 
458000 2290.000000 1.254020 0.000000 0.000000 0.814503 0.916210 0.000000 -0.559812 
459000 2295.000000 1.274022 0.000000 0.000000 0.024035 0.088412 0.000000 -0.108582 
460000 2300.000000 1.170164 0.000000 0.000000 -0.448314 0.860247 0.000000 -1.738684 
461000 2305.000000 1.304633 0.000000 0.000000 -0.189446 0.076139 0.000000 -0.303655 
462000 2310.000000 1.287087 0.000000 0.000000 0.281619 0.388887 0.000000 -0.301712 
463000 2315.000000 1.224600 0.000000 0.000000 0.520735 0.871154 0.000000 -0.785996 
464000 2320.000000 1.227771 0.000000 0.000000 4.433925 4.744866 0.000000 -2.683374 
465000 2325.000000 1.234622 0.000000 0.000000 -0.168805 0.068951 0.000000 -0.272232 
466000 2330.000000 1.298597 0.000000 0.000000 0.041912 0.232459 0.000000 -0.306777 
467000 2335.000000 1.236843 0.000000 0.000000 0.237756 0.449205 0.000000 -0.436052 
468000 2340.000000 1.124743 0.000000 0.000000 -1.894542 0.518540 0.000000 -2.672352 
469000 2345.000000 1.286971 0.000000 0.000000 -0.091314 0.000000 0.000000 -0.091314 
470000 2350.000000 1.223862 0.000000 0.000000 0.135349 0.474821 0.000000 -0.576883 
471000 2355.000000 1.259714 0.000000 0.000000 0.655479 0.708407 0.000000 -0.407131 
472000 2360.000000 1.312519 0.000000 0.000000 0.120050 0.467144 0.000000 -0.580666 
473000 2365.000000 1.250608 0.000000 0.000000 0.859260 0.945853 0.000000 -0.559519 
474000 2370.000000 1.195772 0.000000 0.000000 -0.730215 0.030788 0.000000 -0.776397 
475000 2375.000000 1.299055 0.000000 0.000000 0.752386 0.913096 0.000000 -0.617258 
476000 2380.000000 1.365045 0.000000 0.000000 -1.760696 0.007243 0.000000 -1.771559 
477000 2385.000000 1.318978 0.000000 0.000000 -0.193908 0.245265 0.000000 -0.561804 
478000 2390.000000 1.236941 0.000000 0.000000 -0.030191 0.147967 0.000000 -0.252141 
479000 2395.000000 1.251859 0.000000 0.000000 1.908871 1.981286 0.000000 -1.063057 
480000 2400.000000 1.286003 0.000000 0.000000 -0.054561 0.000069 0.000000 -0.054666 
481000 2405.000000 1.269454 0.000000 0.000000 -0.011967 0.000856 0.000000 -0.013252 
482000 2410.000000 1.260637 0.000000 0.000000 0.005348 0.028650 0.000000 -0.037626 
483000 2415.000000 1.283942 0.000000 0.000000 0.245934 0.273700 0.000000 -0.164617 
484000 2420.000000 1.267033 0.000000 0.000000 0.368860 0.369292 0.000000 -0.185078 
485000 2425.000000 1.262193 0.000000 0.000000 0.656060 0.666828 0.000000 -0.344182 
486000 2430.000000 1.252527 0.000000 0.000000 1.240723 1.293971 0.000000 -0.700233 
487000 2435.000000 1.226013 0.000000 0.000000 -0.178579 0.101612 0.000000 -0.330997 
488000 2440.000000 1.216397 0.000000 0.000000 -0.249358 0.143972 0.000000 -0.465317 
489000 2445.000000 1.214345 0.000000 0.000000 0.015272 0.441094 0.000000 -0.646370 
490000 2450.000000 1.296310 0.000000 0.000000 1.070402 1.182426 0.000000 -0.703238 
491000 2455.000000 1.221391 0.000000 0.000000 0.658874 0.985488 0.000000 -0.819357 
492000 2460.000000 1.298040 0.000000 0.000000 0.580800 0.700519 0.000000 -0.469978 
493000 2465.000000 1.247623 0.000000 0.000000 1.109026 1.168338 0.000000 -0.643481 
494000 2470.000000 1.299116 0.000000 0.000000 -0.129941 0.004581 0.000000 -0.136812 
495000 2475.000000 1.228801 0.000000 0.000000 0.555764 0.787064 0.000000 -0.624832 
496000 2480.000000 1.272778 0.000000 0.000000 0.063834 0.050211 0.000000 -0.011481 
497000 2485.000000 1.243209 0.000000 0.000000 0.119742 0.213696 0.000000 -0.200801 
498000 2490.000000 1.241846 0.000000 0.000000 0.165620 0.268090 0.000000 -0.236515 
499000 2495.000000 1.268490 0.000000 0.000000 0.880352 0.860961 0.000000 -0.411090 
