0 0.000000 -1.000000 0.000000 0.000000 0.069320 0.046213 0.000000 0.000000 
0 0.000000 -0.999773 -0.000454 0.000000 0.075785 0.060958 0.000000 -0.015653 
1000 5.000000 -1.089483 0.157675 0.000000 0.451800 0.638509 0.000000 -0.505964 
2000 10.000000 -0.848427 -0.258783 0.000000 -0.894951 0.053038 0.000000 -0.974509 
3000 15.000000 -1.128127 0.030961 0.000000 0.353714 0.132143 0.000000 0.155499 
4000 20.000000 -1.226528 0.029381 0.000000 0.240489 0.422118 0.000000 -0.392689 
5000 25.000000 -1.077713 0.106122 0.000000 0.297829 0.193557 0.000000 0.007494 
6000 30.000000 -1.217299 -0.213678 0.000000 3.095333 1.074965 0.000000 1.482885 
7000 35.000000 -1.127278 -0.528356 0.000000 1.253962 0.337027 0.000000 0.748421 
8000 40.000000 -1.042663 -0.182970 0.000000 3.098339 0.348120 0.000000 2.576160 
9000 45.000000 -1.137085 0.501927 0.000000 1.310665 0.101045 0.000000 1.159097 
10000 50.000000 -1.147018 0.064476 0.000000 3.601065 0.893110 0.000000 2.261401 
11000 55.000000 -1.123441 0.193790 0.000000 3.381326 0.867710 0.000000 2.079760 
12000 60.000000 -1.205164 0.102650 0.000000 2.971114 0.047073 0.000000 2.900505 
13000 65.000000 -1.237944 -0.166132 0.000000 2.972650 0.699549 0.000000 1.923327 
14000 70.000000 -0.908817 -0.042126 0.000000 2.561133 0.153565 0.000000 2.330786 
15000 75.000000 -0.980583 0.352011 0.000000 2.407904 0.064735 0.000000 2.310801 
16000 80.000000 -0.910993 0.122068 0.000000 2.476120 0.001596 0.000000 2.473726 
17000 85.000000 -1.125693 0.144987 0.000000 3.081655 0.039630 0.000000 3.022211 
18000 90.000000 -0.776477 -0.699121 0.000000 2.232049 0.732614 0.000000 1.133129 
19000 95.000000 -1.001192 -0.401156 0.000000 2.987243 0.178804 0.000000 2.719036 
20000 100.000000 -1.241191 -0.160884 0.000000 3.552732 0.560057 0.000000 2.712647 
21000 105.000000 -1.081686 -0.352438 0.000000 3.121667 0.071223 0.000000 3.014832 
22000 110.000000 -1.159137 0.175410 0.000000 3.824071 0.463176 0.000000 3.129307 
23000 115.000000 -1.137211 -0.004172 0.000000 4.122013 0.539690 0.000000 3.312478 
24000 120.000000 -1.233091 -0.123605 0.000000 3.482042 0.111945 0.000000 3.314125 
25000 125.000000 -0.805949 -0.026667 0.000000 2.463208 0.079580 0.000000 2.343839 
26000 130.000000 -1.128694 0.140449 0.000000 3.914806 0.381317 0.000000 3.342831 
27000 135.000000 -1.144416 0.184800 0.000000 3.621220 0.041679 0.000000 3.558701 
28000 140.000000 -1.029831 0.002182 0.000000 4.029666 0.618724 0.000000 3.101579 
29000 145.000000 -1.034147 0.356596 0.000000 3.395725 0.617214 0.000000 2.469903 
30000 150.000000 -1.139057 -0.110075 0.000000 3.991944 0.450366 0.000000 3.316395 
31000 155.000000 -1.081185 -0.215828 0.000000 3.738485 0.348750 0.000000 3.215360 
32000 160.000000 -1.146692 -0.251285 0.000000 3.469308 0.152751 0.000000 3.240182 
33000 165.000000 -1.227657 0.069198 0.000000 3.598050 0.072965 0.000000 3.488604 
34000 170.000000 -0.732345 0.006248 0.000000 2.111306 0.558039 0.000000 1.274248 
35000 175.000000 -1.267819 -0.269895 0.000000 2.986240 0.742903 0.000000 1.871886 
36000 180.000000 -1.100453 -0.052234 0.000000 3.884283 0.074609 0.000000 3.772370 
37000 185.000000 -1.168888 -0.379748 0.000000 2.860198 0.363434 0.000000 2.315047 
38000 190.000000 -1.021405 -0.070550 0.000000 3.737083 0.111221 0.000000 3.570251 
39000 195.000000 -1.346709 0.130471 0.000000 2.729996 0.615784 0.000000 1.806321 
40000 200.000000 -0.871897 -0.325154 0.000000 2.850437 0.198552 0.000000 2.552609 
41000 205.000000 -0.532474 -0.703229 0.000000 6.379730 0.545895 0.000000 5.560888 
42000 210.000000 -1.180425 0.253081 0.000000 7.580955 0.127274 0.000000 7.390044 
43000 215.000000 -0.954664 0.218167 0.000000 7.607925 0.182619 0.000000 7.333997 
44000 220.000000 -0.888848 0.654295 0.000000 6.057143 0.210710 0.000000 5.741078 
45000 225.000000 -1.114406 0.377561 0.000000 7.318026 0.329343 0.000000 6.824011 
46000 230.000000 -1.176877 0.145545 0.000000 8.263122 0.760987 0.000000 7.121642 
47000 235.000000 -1.135950 0.094500 0.000000 8.402975 0.695859 0.000000 7.359187 
48000 240.000000 -1.256371 -0.052968 0.000000 8.179977 1.030407 0.000000 6.634366 
49000 245.000000 -1.127086 0.302370 0.000000 7.910287 0.850027 0.000000 6.635247 
50000 250.000000 -1.176623 -0.137340 0.000000 8.129581 0.454583 0.000000 7.447706 
51000 255.000000 -1.098176 0.253606 0.000000 8.251836 1.076050 0.000000 6.637760 
52000 260.000000 -1.123921 0.003176 0.000000 8.204038 0.161436 0.000000 7.961883 
53000 265.000000 -1.049713 0.015472 0.000000 8.437043 0.797875 0.000000 7.240231 
54000 270.000000 -1.018331 -0.142967 0.000000 8.446270 1.185864 0.000000 6.667473 
55000 275.000000 -1.180480 -0.064669 0.000000 8.618810 1.219856 0.000000 6.789026 
56000 280.000000 -1.217267 0.020383 0.000000 7.959344 0.105631 0.000000 7.800898 
57000 285.000000 -1.163694 0.277746 0.000000 8.552547 2.139392 0.000000 5.343459 
58000 290.000000 -1.173718 -0.119153 0.000000 8.103032 0.307827 0.000000 7.641293 
59000 295.000000 -1.104267 -0.009688 0.000000 8.454439 0.665551 0.000000 7.456112 
60000 300.000000 -1.328350 -0.090243 0.000000 7.211806 0.471291 0.000000 6.504870 
61000 305.000000 -0.959078 0.002385 0.000000 7.841186 0.287918 0.000000 7.409308 
62000 310.000000 -0.969945 0.073751 0.000000 7.790499 0.116831 0.000000 7.615252 
63000 315.000000 -1.102901 -0.365210 0.000000 7.333658 0.145823 0.000000 7.114924 
64000 320.000000 -0.996251 -0.070162 0.000000 8.053161 0.412922 0.000000 7.433778 
65000 325.000000 -0.935525 0.179884 0.000000 7.812847 0.656903 0.000000 6.827493 
66000 330.000000 -1.077293 0.127494 0.000000 8.037532 0.064723 0.000000 7.940448 
67000 335.000000 -1.218279 -0.272891 0.000000 7.572027 0.662824 0.000000 6.577791 
68000 340.000000 -1.293123 0.046421 0.000000 7.582183 0.370525 0.000000 7.026395 
69000 345.000000 -0.912597 -0.180581 0.000000 7.449304 0.190575 0.000000 7.163441 
70000 350.000000 -0.930944 0.039124 0.000000 7.687824 0.282292 0.000000 7.264386 
71000 355.000000 -1.181470 0.181554 0.000000 7.789183 0.021455 0.000000 7.757000 
72000 360.000000 -0.692718 -0.459807 0.000000 6.678521 0.464238 0.000000 5.982164 
73000 365.000000 -0.994590 0.312010 0.000000 7.589740 0.105658 0.000000 7.431253 
74000 370.000000 -1.250304 0.114147 0.000000 8.445684 1.494137 0.000000 6.204479 
75000 375.000000 -1.043791 -0.083127 0.000000 8.080759 0.001468 0.000000 8.078557 
76000 380.000000 -1.203816 -0.002281 0.000000 8.445140 0.775053 0.000000 7.282560 
77000 385.000000 -0.991702 -0.012221 0.000000 8.705495 1.540043 0.000000 6.395431 
78000 390.000000 -1.054748 0.160521 0.000000 8.008990 0.003298 0.000000 8.004043 
79000 395.000000 -1.103126 -0.021402 0.000000 8.452304 0.485759 0.000000 7.723665 
80000 400.000000 -1.118151 -0.052027 0.000000 8.459388 0.520967 0.000000 7.677937 
81000 405.000000 -1.151374 0.069624 0.000000 8.477664 0.638113 0.000000 7.520495 
82000 410.000000 -1.011709 0.074830 0.000000 8.364645 0.747526 0.000000 7.243356 
83000 415.000000 -1.166264 -0.166568 0.000000 7.985875 0.060020 0.000000 7.895845 
84000 420.000000 -1.215794 -0.105885 0.000000 8.045505 0.271274 0.000000 7.638594 
85000 425.000000 -0.937505 0.140338 0.000000 7.646774 0.055495 0.000000 7.563532 
86000 430.000000 -1.035861 0.014525 0.000000 8.254694 0.324394 0.000000 7.768103 
87000 435.000000 -1.042972 0.148602 0.000000 8.192408 0.377749 0.000000 7.625785 
88000 440.000000 -1.198120 0.326953 0.000000 7.423111 0.538308 0.000000 6.615648 
89000 445.000000 -0.986119 0.215832 0.000000 7.920571 0.378760 0.000000 7.352431 
90000 450.000000 -0.979095 0.173381 0.000000 7.900493 0.259150 0.000000 7.511769 
91000 455.000000 -0.949876 0.151349 0.000000 7.782761 0.225345 0.000000 7.444743 
92000 460.000000 -0.959751 -0.000224 0.000000 7.846219 0.112200 0.000000 7.677919 
93000 465.000000 -1.147929 0.415376 0.000000 7.523016 1.281127 0.000000 5.601326 
94000 470.000000 -0.791979 0.347886 0.000000 6.881933 0.496190 0.000000 6.137649 
95000 475.000000 -1.144241 0.253121 0.000000 7.934696 0.392644 0.000000 7.345730 
96000 480.000000 -1.137762 0.077122 0.000000 8.195742 0.067798 0.000000 8.094045 
97000 485.000000 -1.007895 0.578664 0.000000 6.613724 0.608945 0.000000 5.700306 
98000 490.000000 -1.112436 -0.072289 0.000000 8.656224 0.956497 0.000000 7.221478 
99000 495.000000 -0.918640 0.037173 0.000000 7.856291 0.590160 0.000000 6.971051 
100000 500.000000 -1.125024 -0.076367 0.000000 8.650998 0.951861 0.000000 7.223207 
101000 505.000000 -0.973209 0.259634 0.000000 8.471852 1.738842 0.000000 5.863589 
102000 510.000000 -1.051258 -0.205006 0.000000 8.029316 0.230878 0.000000 7.683000 
103000 515.000000 -1.013668 0.165328 0.000000 7.964492 0.128416 0.000000 7.771869 
104000 520.000000 -1.128764 -0.395151 0.000000 8.356242 2.527260 0.000000 4.565353 
105000 525.000000 -1.182466 0.073297 0.000000 8.072075 0.000280 0.000000 8.071654 
106000 530.000000 -1.078253 -0.126317 0.000000 8.378972 0.594530 0.000000 7.487177 
107000 535.000000 -1.179962 0.135682 0.000000 9.099641 2.249483 0.000000 5.725416 
108000 540.000000 -1.060110 -0.229138 0.000000 8.075192 0.436533 0.000000 7.420393 
109000 545.000000 -1.131614 0.122435 0.000000 8.156005 0.118728 0.000000 7.977912 
110000 550.000000 -1.132359 -0.024703 0.000000 8.555880 0.721526 0.000000 7.473591 
111000 555.000000 -0.935476 0.332553 0.000000 7.391803 0.177867 0.000000 7.125003 
112000 560.000000 -0.986710 -0.108141 0.000000 8.655089 1.598669 0.000000 6.257086 
113000 565.000000 -1.057756 0.189637 0.000000 8.013567 0.137285 0.000000 7.807640 
114000 570.000000 -0.954997 -0.141090 0.000000 7.716346 0.063050 0.000000 7.621771 
115000 575.000000 -0.984285 -0.359604 0.000000 7.492825 0.243509 0.000000 7.127561 
116000 580.000000 -0.919785 0.156703 0.000000 7.656620 0.312576 0.000000 7.187757 
117000 585.000000 -0.987418 -0.070431 0.000000 7.903891 0.036288 0.000000 7.849459 
118000 590.000000 -0.904766 0.267184 0.000000 7.464567 0.331512 0.000000 6.967299 
119000 595.000000 -1.241886 0.256469 0.000000 7.330014 0.199214 0.000000 7.031193 
120000 600.000000 -1.178236 0.301607 0.000000 7.553118 0.329976 0.000000 7.058153 
121000 605.000000 -0.910497 0.160607 0.000000 7.576155 0.258142 0.000000 7.188941 
122000 610.000000 -1.154154 0.041205 0.000000 8.482008 0.632838 0.000000 7.532751 
123000 615.000000 -1.017898 0.124257 0.000000 8.154748 0.397179 0.000000 7.558978 
124000 620.000000 -0.886230 -0.014374 0.000000 7.406524 0.114896 0.000000 7.234180 
125000 625.000000 -1.042136 0.243269 0.000000 7.933733 0.268425 0.000000 7.531095 
126000 630.000000 -1.064062 -0.104798 0.000000 8.837793 1.494398 0.000000 6.596197 
127000 635.000000 -0.940997 -0.244560 0.000000 7.682776 0.379908 0.000000 7.112915 
128000 640.000000 -1.007011 0.239510 0.000000 8.175215 0.879711 0.000000 6.855649 
129000 645.000000 -1.115100 -0.073187 0.000000 8.249216 0.158437 0.000000 8.011560 
130000 650.000000 -1.130020 -0.001666 0.000000 8.271648 0.139583 0.000000 8.062273 
131000 655.000000 -0.981379 0.193759 0.000000 7.851022 0.225798 0.000000 7.512325 
132000 660.000000 -1.096210 -0.328231 0.000000 7.593619 0.144148 0.000000 7.377396 
133000 665.000000 -1.166466 0.036258 0.000000 8.571210 0.849794 0.000000 7.296519 
134000 670.000000 -0.960041 0.458294 0.000000 7.003488 0.066634 0.000000 6.903537 
135000 675.000000 -0.590708 -0.611356 0.000000 7.325615 1.180648 0.000000 5.554642 
136000 680.000000 -0.995918 -0.583497 0.000000 7.112606 0.216178 0.000000 6.788339 
137000 685.000000 -1.146794 -0.072060 0.000000 9.320926 1.049241 0.000000 7.747065 
138000 690.000000 -0.994874 -0.039847 0.000000 8.675072 0.197473 0.000000 8.378863 
139000 695.000000 -1.088162 0.282501 0.000000 8.448171 0.198386 0.000000 8.150592 
140000 700.000000 -1.124909 -0.146244 0.000000 8.872798 0.333157 0.000000 8.373063 
141000 705.000000 -1.323548 0.251641 0.000000 7.118550 0.004738 0.000000 7.111443 
142000 710.000000 -1.029109 -0.232811 0.000000 8.838859 0.768470 0.000000 7.686154 
143000 715.000000 -0.903099 -0.156914 0.000000 8.148025 0.200206 0.000000 7.847716 
144000 720.000000 -0.983028 -0.040024 0.000000 8.865003 0.664183 0.000000 7.868729 
145000 725.000000 -0.865033 -0.460709 0.000000 8.622258 2.186910 0.000000 5.341893 
146000 730.000000 -1.144273 -0.022996 0.000000 9.012892 0.341451 0.000000 8.500715 
147000 735.000000 -1.036747 0.107306 0.000000 8.899479 0.431341 0.000000 8.252468 
148000 740.000000 -1.245100 -0.119873 0.000000 8.372925 0.020758 0.000000 8.341789 
149000 745.000000 -1.107790 -0.157699 0.000000 8.741661 0.081572 0.000000 8.619302 
150000 750.000000 -1.089189 0.259986 0.000000 8.506901 0.144212 0.000000 8.290584 
151000 755.000000 -0.991631 -0.020492 0.000000 8.617525 0.078967 0.000000 8.499075 
152000 760.000000 -1.002451 -0.059990 0.000000 8.671780 0.127520 0.000000 8.480500 
153000 765.000000 -1.007295 0.345785 0.000000 8.271370 0.340261 0.000000 7.760979 
154000 770.000000 -1.093120 -0.327602 0.000000 8.834018 1.298292 0.000000 6.886580 
155000 775.000000 -1.149129 0.062829 0.000000 8.922685 0.220081 0.000000 8.592563 
156000 780.000000 -1.202819 0.248049 0.000000 8.912312 1.476350 0.000000 6.697787 
157000 785.000000 -0.132226 -1.090362 0.000000 9.296904 0.604572 0.000000 8.390046 
158000 790.000000 -0.928728 -0.267781 0.000000 13.236679 0.862348 0.000000 11.943156 
159000 795.000000 -1.084850 -0.166748 0.000000 13.481896 0.118172 0.000000 13.304638 
160000 800.000000 -1.134992 0.170883 0.000000 13.592727 0.390766 0.000000 13.006577 
161000 805.000000 -1.067131 -0.295167 0.000000 13.481716 0.824598 0.000000 12.244819 
162000 810.000000 -1.069175 0.140500 0.000000 13.559953 0.214320 0.000000 13.238473 
163000 815.000000 -1.086687 -0.233758 0.000000 13.969506 1.413552 0.000000 11.849178 
164000 820.000000 -0.950116 0.011961 0.000000 13.261171 0.261650 0.000000 12.868696 
165000 825.000000 -1.010279 0.025133 0.000000 13.735734 0.678259 0.000000 12.718346 
166000 830.000000 -0.997689 0.132048 0.000000 13.499832 0.437434 0.000000 12.843681 
167000 835.000000 -0.865156 0.235826 0.000000 12.732990 0.405519 0.000000 12.124711 
168000 840.000000 -1.100687 -0.208353 0.000000 13.424930 0.186709 0.000000 13.144866 
169000 845.000000 -1.263627 -0.004258 0.000000 13.200079 0.145947 0.000000 12.981159 
170000 850.000000 -0.997418 -0.477129 0.000000 12.551858 0.437470 0.000000 11.895653 
171000 855.000000 -1.238467 0.049061 0.000000 13.268767 0.010678 0.000000 13.252750 
172000 860.000000 -1.291443 0.026730 0.000000 12.904651 0.000824 0.000000 12.903415 
173000 865.000000 -0.897167 -0.372548 0.000000 12.553131 0.099642 0.000000 12.403668 
174000 870.000000 -0.832070 -0.234113 0.000000 12.362723 0.089130 0.000000 12.229028 
175000 875.000000 -1.024562 -0.149018 0.000000 13.494367 0.296699 0.000000 13.049318 
176000 880.000000 -1.093358 0.045284 0.000000 14.545887 1.924212 0.000000 11.659569 
177000 885.000000 -1.133557 -0.152453 0.000000 13.955122 1.025633 0.000000 12.416673 
178000 890.000000 -1.236057 -0.115075 0.000000 14.232639 2.114108 0.000000 11.061476 
179000 895.000000 -1.024437 0.091866 0.000000 13.550417 0.279583 0.000000 13.131042 
180000 900.000000 -0.900939 -0.124554 0.000000 12.823513 0.033372 0.000000 12.773455 
181000 905.000000 -1.036350 0.464216 0.000000 12.739102 0.804167 0.000000 11.532852 
182000 910.000000 -1.073669 -0.100540 0.000000 13.645071 0.262305 0.000000 13.251614 
183000 915.000000 -1.070176 -0.250372 0.000000 13.734313 1.046237 0.000000 12.164958 
184000 920.000000 -1.087957 0.167098 0.000000 13.457244 0.065668 0.000000 13.358743 
185000 925.000000 -0.922967 -0.396044 0.000000 12.957796 0.855749 0.000000 11.674172 
186000 930.000000 -1.181637 -0.101229 0.000000 13.471813 0.063428 0.000000 13.376671 
187000 935.000000 -0.990647 0.272124 0.000000 13.448811 0.855888 0.000000 12.164979 
188000 940.000000 -1.033517 0.158235 0.000000 14.228326 1.741926 0.000000 11.615437 
189000 945.000000 -1.068467 -0.064252 0.000000 13.581632 0.086433 0.000000 13.451982 
190000 950.000000 -0.880789 -0.555325 0.000000 12.161938 0.203268 0.000000 11.857035 
191000 955.000000 -1.158303 -0.336308 0.000000 12.981893 0.544394 0.000000 12.165302 
192000 960.000000 -0.931928 -0.162548 0.000000 12.959393 0.008148 0.000000 12.947171 
193000 965.000000 -1.038248 0.176529 0.000000 13.512972 0.345091 0.000000 12.995336 
194000 970.000000 -0.978206 -0.172210 0.000000 13.196479 0.076752 0.000000 13.081351 
195000 975.000000 -1.210099 -0.036105 0.000000 13.792460 0.755344 0.000000 12.659445 
196000 980.000000 -1.064883 0.347995 0.000000 13.246080 0.756781 0.000000 12.110908 
197000 985.000000 -0.957371 0.204075 0.000000 13.103435 0.141286 0.000000 12.891506 
198000 990.000000 -1.208424 0.107865 0.000000 13.377220 0.089289 0.000000 13.243286 
199000 995.000000 -0.690162 -0.603852 0.000000 12.251733 0.565540 0.000000 11.403423 
200000 1000.000000 0.542157 -0.621527 0.000000 13.913677 0.230161 0.000000 13.568435 
201000 1005.000000 1.144937 0.301779 0.000000 18.581876 0.067558 0.000000 18.480539 
202000 1010.000000 0.956843 0.199204 0.000000 19.621175 0.562034 0.000000 18.778125 
203000 1015.000000 1.157512 -0.203389 0.000000 19.712711 0.134305 0.000000 19.511254 
204000 1020.000000 1.213210 0.118975 0.000000 20.535901 1.019304 0.000000 19.006944 
205000 1025.000000 1.169135 0.028279 0.000000 20.659108 0.799437 0.000000 19.459952 
206000 1030.000000 1.071917 -0.164908 0.000000 20.184847 0.028180 0.000000 20.142577 
207000 1035.000000 1.138473 -0.187700 0.000000 20.334983 0.503292 0.000000 19.580045 
208000 1040.000000 1.176768 -0.088835 0.000000 20.620684 0.498335 0.000000 19.873182 
209000 1045.000000 0.934687 0.129610 0.000000 20.110192 0.190060 0.000000 19.825102 
210000 1050.000000 0.889065 -0.348874 0.000000 19.659255 0.137561 0.000000 19.452913 
211000 1055.000000 1.228557 0.086756 0.000000 20.429853 0.216857 0.000000 20.104569 
212000 1060.000000 1.056699 0.016100 0.000000 20.723579 0.244602 0.000000 20.356676 
213000 1065.000000 1.220274 0.034603 0.000000 20.512744 0.057916 0.000000 20.425870 
214000 1070.000000 0.986478 -0.542824 0.000000 19.516189 0.839510 0.000000 18.256924 
215000 1075.000000 1.102930 -0.255679 0.000000 20.598663 0.592191 0.000000 19.710376 
216000 1080.000000 1.150805 -0.401683 0.000000 19.495049 0.067249 0.000000 19.394176 
217000 1085.000000 0.961350 -0.216015 0.000000 20.598444 0.820917 0.000000 19.367069 
218000 1090.000000 1.321130 0.193648 0.000000 19.724507 0.442495 0.000000 19.060764 
219000 1095.000000 0.895187 -0.028766 0.000000 20.649742 1.260704 0.000000 18.758686 
220000 1100.000000 0.863598 -0.126103 0.000000 19.949944 0.283905 0.000000 19.524086 
221000 1105.000000 1.086589 -0.062001 0.000000 20.766515 0.012901 0.000000 20.747164 
222000 1110.000000 1.322877 0.047056 0.000000 20.159971 0.462782 0.000000 19.465797 
223000 1115.000000 0.805299 -0.446616 0.000000 19.368043 0.130385 0.000000 19.172466 
224000 1120.000000 1.111243 0.274970 0.000000 20.445062 0.191854 0.000000 20.157281 
225000 1125.000000 1.109255 0.498849 0.000000 19.451733 0.717795 0.000000 18.375041 
226000 1130.000000 0.827450 0.014691 0.000000 19.832961 0.362240 0.000000 19.289602 
227000 1135.000000 1.211507 0.083351 0.000000 20.871041 0.459007 0.000000 20.182531 
228000 1140.000000 1.010812 -0.093453 0.000000 21.259414 1.230975 0.000000 19.412953 
229000 1145.000000 0.885118 0.270560 0.000000 20.020004 0.245487 0.000000 19.651774 
230000 1150.000000 0.807405 -0.345480 0.000000 19.628134 0.343196 0.000000 19.113340 
231000 1155.000000 0.911113 -0.276386 0.000000 20.096238 0.092835 0.000000 19.956986 
232000 1160.000000 0.776981 -0.358636 0.000000 19.560867 0.498931 0.000000 18.812470 
233000 1165.000000 1.001509 0.156470 0.000000 20.640985 0.058538 0.000000 20.553178 
234000 1170.000000 0.946876 0.033642 0.000000 20.776266 0.612726 0.000000 19.857178 
235000 1175.000000 0.981919 0.446483 0.000000 19.898122 0.220213 0.000000 19.567802 
236000 1180.000000 1.151265 -0.118060 0.000000 21.657700 1.653295 0.000000 19.177757 
237000 1185.000000 1.079997 0.143687 0.000000 21.264716 0.907639 0.000000 19.903257 
238000 1190.000000 0.933471 0.171822 0.000000 20.455291 0.246834 0.000000 20.085041 
239000 1195.000000 1.232578 0.019775 0.000000 21.119444 0.814208 0.000000 19.898133 
240000 1200.000000 1.205646 -0.122371 0.000000 21.067464 0.754510 0.000000 19.935699 
241000 1205.000000 1.036891 -0.034931 0.000000 21.123663 0.508204 0.000000 20.361356 
242000 1210.000000 0.986043 -0.221079 0.000000 20.782206 0.526540 0.000000 19.992397 
243000 1215.000000 1.073894 -0.307201 0.000000 20.750039 0.659516 0.000000 19.760765 
244000 1220.000000 1.031824 0.026352 0.000000 21.062881 0.393857 0.000000 20.472095 
245000 1225.000000 0.880643 0.191330 0.000000 20.449265 0.736171 0.000000 19.345008 
246000 1230.000000 1.231433 0.308703 0.000000 19.953367 0.131107 0.000000 19.756707 
247000 1235.000000 0.977735 0.296929 0.000000 20.908104 1.117767 0.000000 19.231454 
248000 1240.000000 1.053455 0.332399 0.000000 20.430270 0.162651 0.000000 20.186293 
249000 1245.000000 1.184751 -0.284426 0.000000 20.331259 0.125883 0.000000 20.142434 
250000 1250.000000 1.045134 -0.098405 0.000000 21.075612 0.376957 0.000000 20.510176 
251000 1255.000000 1.253816 0.030879 0.000000 20.831560 0.326015 0.000000 20.342538 
252000 1260.000000 1.175514 0.097356 0.000000 21.096018 0.384225 0.000000 20.519681 
253000 1265.000000 0.855268 -0.122052 0.000000 20.119513 0.197781 0.000000 19.822842 
254000 1270.000000 1.002495 -0.075130 0.000000 21.016781 0.439052 0.000000 20.358203 
255000 1275.000000 1.304977 0.060526 0.000000 20.576652 0.535217 0.000000 19.773826 
256000 1280.000000 1.080920 -0.430646 0.000000 19.969052 0.161056 0.000000 19.727468 
257000 1285.000000 1.126073 0.107948 0.000000 21.838131 1.699788 0.000000 19.288450 
258000 1290.000000 1.109391 0.103837 0.000000 21.140033 0.279528 0.000000 20.720741 
259000 1295.000000 1.048882 -0.211327 0.000000 21.056868 0.593519 0.000000 20.166590 
260000 1300.000000 0.915393 -0.143296 0.000000 20.527634 0.277816 0.000000 20.110910 
261000 1305.000000 0.975485 -0.330375 0.000000 20.804960 0.943810 0.000000 19.389245 
262000 1310.000000 1.250925 0.061384 0.000000 21.130791 0.834276 0.000000 19.879377 
263000 1315.000000 0.931469 0.250942 0.000000 20.521243 0.360757 0.000000 19.980107 
264000 1320.000000 1.157754 -0.159150 0.000000 22.038393 2.333277 0.000000 18.538478 
265000 1325.000000 1.027017 -0.427796 0.000000 20.171811 0.283716 0.000000 19.746238 
266000 1330.000000 1.047994 -0.065085 0.000000 21.140530 0.306444 0.000000 20.680865 
267000 1335.000000 1.139635 -0.203600 0.000000 20.816588 0.039908 0.000000 20.756726 
268000 1340.000000 1.149585 0.032983 0.000000 21.641125 1.122844 0.000000 19.956858 
269000 1345.000000 1.227145 -0.311545 0.000000 20.121726 0.329882 0.000000 19.626903 
270000 1350.000000 1.178752 0.225252 0.000000 21.503932 1.725659 0.000000 18.915444 
271000 1355.000000 1.045772 -0.398171 0.000000 20.349774 0.365268 0.000000 19.801872 
272000 1360.000000 0.961469 -0.299868 0.000000 20.629892 0.445608 0.000000 19.961480 
273000 1365.000000 0.986373 -0.452228 0.000000 20.027801 0.147272 0.000000 19.806893 
274000 1370.000000 1.098825 0.074087 0.000000 21.143685 0.134830 0.000000 20.941440 
275000 1375.000000 1.081331 0.108047 0.000000 21.251794 0.455647 0.000000 20.568323 
276000 1380.000000 1.261544 0.311669 0.000000 20.047760 0.584842 0.000000 19.170498 
277000 1385.000000 1.269276 -0.200155 0.000000 20.399514 0.291393 0.000000 19.962423 
278000 1390.000000 1.126738 0.484105 0.000000 19.461441 0.121780 0.000000 19.278771 
279000 1395.000000 0.791610 0.608192 0.000000 19.674364 1.088739 0.000000 18.041256 
280000 1400.000000 1.099737 -0.092621 0.000000 21.308371 0.465947 0.000000 20.609451 
281000 1405.000000 0.956843 -0.014505 0.000000 20.782697 0.143811 0.000000 20.566980 
282000 1410.000000 1.301251 -0.070860 0.000000 21.137970 1.470812 0.000000 18.931752 
283000 1415.000000 1.112234 -0.047099 0.000000 21.264498 0.277971 0.000000 20.847542 
284000 1420.000000 0.936717 -0.398921 0.000000 20.270468 0.285534 0.000000 19.842168 
285000 1425.000000 0.759374 -0.253796 0.000000 19.776330 0.620542 0.000000 18.845516 
286000 1430.000000 1.186528 0.095194 0.000000 21.018214 0.030394 0.000000 20.972624 
287000 1435.000000 1.172983 0.009221 0.000000 21.128154 0.048536 0.000000 21.055350 
288000 1440.000000 0.794956 -0.329094 0.000000 19.801134 0.244106 0.000000 19.434974 
289000 1445.000000 1.081176 0.143154 0.000000 21.154799 0.269276 0.000000 20.750885 
290000 1450.000000 1.066586 0.525471 0.000000 19.631876 0.459694 0.000000 18.942334 
291000 1455.000000 1.382220 -0.182778 0.000000 19.267208 0.133251 0.000000 19.067331 
292000 1460.000000 1.097864 -0.225956 0.000000 21.478310 1.234998 0.000000 19.625813 
293000 1465.000000 1.129503 0.039469 0.000000 21.194191 0.042059 0.000000 21.131102 
294000 1470.000000 1.089188 -0.124372 0.000000 21.356712 0.557052 0.000000 20.521134 
295000 1475.000000 1.081200 -0.120450 0.000000 21.615227 1.075883 0.000000 20.001402 
296000 1480.000000 1.164624 -0.097789 0.000000 21.737962 1.322339 0.000000 19.754453 
297000 1485.000000 0.934600 0.105598 0.000000 21.003433 0.771723 0.000000 19.845848 
298000 1490.000000 1.054669 0.166756 0.000000 21.528230 1.116151 0.000000 19.854004 
299000 1495.000000 0.914984 -0.137853 0.000000 20.863693 0.706162 0.000000 19.804449 
300000 1500.000000 1.206665 -0.036416 0.000000 21.261858 0.433532 0.000000 20.611560 
301000 1505.000000 1.150510 0.106779 0.000000 21.248076 0.290860 0.000000 20.811787 
302000 1510.000000 1.082532 -0.454691 0.000000 20.225929 0.703658 0.000000 19.170442 
303000 1515.000000 1.116671 0.113149 0.000000 21.483414 0.729958 0.000000 20.388477 
304000 1520.000000 1.159051 -0.158975 0.000000 21.023595 0.086081 0.000000 20.894474 
305000 1525.000000 0.870349 -0.226088 0.000000 20.455306 0.476644 0.000000 19.740340 
306000 1530.000000 1.188954 0.168178 0.000000 21.078369 0.365693 0.000000 20.529830 
307000 1535.000000 1.169972 -0.148831 0.000000 20.998967 0.024686 0.000000 20.961938 
308000 1540.000000 1.012419 0.248135 0.000000 21.269397 1.060642 0.000000 19.678433 
309000 1545.000000 1.113739 -0.211593 0.000000 20.992677 0.147183 0.000000 20.771903 
310000 1550.000000 1.056333 -0.040197 0.000000 21.390046 0.509288 0.000000 20.626114 
311000 1555.000000 1.198291 -0.144055 0.000000 21.148663 0.453711 0.000000 20.468096 
312000 1560.000000 1.131668 0.086609 0.000000 21.511344 0.694120 0.000000 20.470164 
313000 1565.000000 1.028378 0.180652 0.000000 21.051134 0.263309 0.000000 20.656171 
314000 1570.000000 1.065302 0.047808 0.000000 21.351276 0.395119 0.000000 20.758598 
315000 1575.000000 0.993901 -0.320100 0.000000 20.751121 0.403525 0.000000 20.145834 
316000 1580.000000 0.976942 0.126701 0.000000 20.983838 0.304131 0.000000 20.527642 
317000 1585.000000 1.119715 -0.499302 0.000000 19.482146 0.141333 0.000000 19.270147 
318000 1590.000000 1.121002 -0.122396 0.000000 21.283707 0.317624 0.000000 20.807271 
319000 1595.000000 1.285040 -0.106608 0.000000 20.665225 0.215607 0.000000 20.341816 
320000 1600.000000 1.106554 -0.021956 0.000000 21.346823 0.251215 0.000000 20.970000 
321000 1605.000000 1.102333 0.001969 0.000000 21.921577 1.397336 0.000000 19.825573 
322000 1610.000000 0.999764 0.168152 0.000000 21.140160 0.529725 0.000000 20.345573 
323000 1615.000000 1.155409 -0.312050 0.000000 20.539951 0.161885 0.000000 20.297123 
324000 1620.000000 0.963629 -0.162568 0.000000 20.797495 0.064286 0.000000 20.701065 
325000 1625.000000 1.253719 -0.216965 0.000000 20.563988 0.303724 0.000000 20.108402 
326000 1630.000000 1.232569 -0.233653 0.000000 20.507620 0.071461 0.000000 20.400429 
327000 1635.000000 1.095597 0.329705 0.000000 20.636666 0.190525 0.000000 20.350878 
328000 1640.000000 1.109904 0.352216 0.000000 20.686591 0.550625 0.000000 19.860654 
329000 1645.000000 1.059908 -0.078588 0.000000 21.933217 1.571823 0.000000 19.575482 
330000 1650.000000 1.021451 -0.148078 0.000000 21.104224 0.234728 0.000000 20.752132 
331000 1655.000000 1.191567 0.046700 0.000000 21.365627 0.458185 0.000000 20.678349 
332000 1660.000000 1.040801 -0.104858 0.000000 21.132283 0.084362 0.000000 21.005741 
333000 1665.000000 1.137357 -0.157984 0.000000 21.108566 0.087589 0.000000 20.977182 
334000 1670.000000 1.028987 0.099464 0.000000 21.173431 0.222322 0.000000 20.839947 
335000 1675.000000 1.016441 0.336912 0.000000 21.116350 1.163286 0.000000 19.371421 
336000 1680.000000 1.014986 0.220891 0.000000 21.028249 0.366260 0.000000 20.478859 
337000 1685.000000 1.187345 -0.076240 0.000000 21.181496 0.124801 0.000000 20.994294 
338000 1690.000000 1.080062 0.027758 0.000000 21.241010 0.045762 0.000000 21.172367 
339000 1695.000000 0.981944 -0.053063 0.000000 21.293255 0.707559 0.000000 20.231916 
340000 1700.000000 1.280616 -0.054330 0.000000 20.781468 0.129970 0.000000 20.586513 
341000 1705.000000 1.028363 -0.253483 0.000000 20.965061 0.289707 0.000000 20.530500 
342000 1710.000000 1.097818 0.197542 0.000000 21.078939 0.141265 0.000000 20.867041 
343000 1715.000000 0.957082 0.311511 0.000000 21.063007 1.133243 0.000000 19.363143 
344000 1720.000000 0.974949 -0.117801 0.000000 20.962713 0.163606 0.000000 20.717304 
345000 1725.000000 1.293933 0.287823 0.000000 20.305954 1.054783 0.000000 18.723779 
346000 1730.000000 1.129797 -0.180403 0.000000 21.058986 0.043558 0.000000 20.993649 
347000 1735.000000 1.091635 0.563769 0.000000 19.211380 0.283471 0.000000 18.786174 
348000 1740.000000 1.185317 -0.054147 0.000000 21.686453 1.040400 0.000000 20.125852 
349000 1745.000000 0.934422 0.117518 0.000000 20.725799 0.058572 0.000000 20.637941 
350000 1750.000000 1.035865 -0.144779 0.000000 21.078023 0.044824 0.000000 21.010788 
351000 1755.000000 0.550998 0.565542 0.000000 18.659000 0.036952 0.000000 18.603572 
352000 1760.000000 0.945322 -0.125144 0.000000 20.807820 0.068959 0.000000 20.704382 
353000 1765.000000 1.125009 0.027354 0.000000 21.331167 0.085324 0.000000 21.203181 
354000 1770.000000 1.114462 -0.064910 0.000000 21.288114 0.046595 0.000000 21.218222 
355000 1775.000000 0.877547 0.165245 0.000000 20.525544 0.296760 0.000000 20.080404 
356000 1780.000000 1.019843 0.007570 0.000000 21.163054 0.072857 0.000000 21.053768 
357000 1785.000000 1.330529 0.095732 0.000000 20.650270 0.722602 0.000000 19.566367 
358000 1790.000000 1.138963 -0.130281 0.000000 21.180878 0.009491 0.000000 21.166641 
359000 1795.000000 0.933431 -0.133259 0.000000 21.089837 0.727652 0.000000 19.998359 
360000 1800.000000 1.148069 0.193727 0.000000 21.062576 0.075308 0.000000 20.949613 
361000 1805.000000 0.910353 -0.245356 0.000000 20.641248 0.251675 0.000000 20.263736 
362000 1810.000000 0.949354 -0.268533 0.000000 20.861278 0.447911 0.000000 20.189412 
363000 1815.000000 0.970180 -0.033904 0.000000 21.081872 0.268909 0.000000 20.678508 
364000 1820.000000 1.094454 -0.049660 0.000000 21.428385 0.284491 0.000000 21.001648 
365000 1825.000000 0.972466 -0.156676 0.000000 21.325306 0.880884 0.000000 20.003980 
366000 1830.000000 1.032168 -0.400247 0.000000 20.440288 0.126620 0.000000 20.250357 
367000 1835.000000 1.127784 -0.260561 0.000000 21.388648 1.090446 0.000000 19.752978 
368000 1840.000000 1.115736 0.089720 0.000000 21.323025 0.112142 0.000000 21.154812 
369000 1845.000000 1.117329 -0.014539 0.000000 21.345976 0.057047 0.000000 21.260406 
370000 1850.000000 1.050422 -0.333435 0.000000 20.653976 0.015135 0.000000 20.631274 
371000 1855.000000 1.091778 0.191148 0.000000 21.270847 0.370843 0.000000 20.714583 
372000 1860.000000 1.165386 0.248324 0.000000 21.428419 1.213580 0.000000 19.608050 
373000 1865.000000 1.157201 0.013099 0.000000 21.551867 0.501100 0.000000 20.800217 
374000 1870.000000 0.972629 0.289328 0.000000 20.841908 0.378332 0.000000 20.274410 
375000 1875.000000 1.228349 0.206844 0.000000 20.816032 0.167022 0.000000 20.565498 
376000 1880.000000 0.343206 -0.814431 0.000000 18.468952 0.337837 0.000000 17.962197 
377000 1885.000000 0.714043 -0.194752 0.000000 20.037046 1.326192 0.000000 18.047758 
378000 1890.000000 1.148588 -0.081948 0.000000 21.448501 0.312544 0.000000 20.979686 
379000 1895.000000 1.082986 0.169701 0.000000 21.223251 0.123367 0.000000 21.038200 
380000 1900.000000 1.211583 0.335151 0.000000 20.309622 0.190896 0.000000 20.023278 
381000 1905.000000 1.236667 0.351436 0.000000 20.018149 0.166829 0.000000 19.767905 
382000 1910.000000 0.861643 -0.546623 0.000000 19.934896 0.300453 0.000000 19.484216 
383000 1915.000000 0.897523 0.250502 0.000000 20.743329 0.544766 0.000000 19.926180 
384000 1920.000000 1.081476 -0.159669 0.000000 21.630845 0.875382 0.000000 20.317772 
385000 1925.000000 0.958395 0.112129 0.000000 21.407330 0.999590 0.000000 19.907945 
386000 1930.000000 1.265851 0.007206 0.000000 21.039597 0.154891 0.000000 20.807260 
387000 1935.000000 1.097766 0.037516 0.000000 21.654015 0.601274 0.000000 20.752104 
388000 1940.000000 0.973072 0.348487 0.000000 20.759981 0.418002 0.000000 20.132977 
389000 1945.000000 1.197452 -0.060410 0.000000 21.362160 0.250423 0.000000 20.986526 
390000 1950.000000 1.138800 -0.172094 0.000000 21.787331 1.258218 0.000000 19.900004 
391000 1955.000000 1.177523 -0.018416 0.000000 21.489825 0.344333 0.000000 20.973326 
392000 1960.000000 0.891181 -0.323373 0.000000 20.610232 0.423584 0.000000 19.974855 
393000 1965.000000 1.065204 0.013948 0.000000 21.774517 0.903106 0.000000 20.419858 
394000 1970.000000 1.254149 0.124301 0.000000 21.005743 0.214858 0.000000 20.683457 
395000 1975.000000 1.007617 -0.102856 0.000000 21.132755 0.008024 0.000000 21.120719 
396000 1980.000000 0.720526 -0.175254 0.000000 19.543301 0.197683 0.000000 19.246777 
397000 1985.000000 1.047481 -0.212970 0.000000 21.082310 0.029633 0.000000 21.037860 
398000 1990.000000 1.252171 -0.217926 0.000000 20.602805 0.054827 0.000000 20.520564 
399000 1995.000000 1.050901 -0.134839 0.000000 21.337104 0.246419 0.000000 20.967475 
400000 2000.000000 0.896310 -0.029220 0.000000 20.754409 0.217702 0.000000 20.427856 
401000 2005.000000 1.076790 0.035715 0.000000 21.369440 0.040840 0.000000 21.308180 
402000 2010.000000 0.710916 -0.227164 0.000000 19.669665 0.529333 0.000000 18.875666 
403000 2015.000000 1.123048 0.097073 0.000000 21.621804 0.569405 0.000000 20.767696 
404000 2020.000000 1.053218 0.145076 0.000000 21.263936 0.114104 0.000000 21.092780 
405000 2025.000000 0.947438 -0.309894 0.000000 20.754634 0.225877 0.000000 20.415819 
406000 2030.000000 1.092050 -0.459425 0.000000 20.501080 0.990260 0.000000 19.015690 
407000 2035.000000 1.088987 -0.008319 0.000000 21.558386 0.352370 0.000000 21.029831 
408000 2040.000000 0.984020 0.084918 0.000000 21.496971 0.853138 0.000000 20.217264 
409000 2045.000000 1.114061 -0.187602 0.000000 21.299086 0.253489 0.000000 20.918853 
410000 2050.000000 1.090074 -0.376894 0.000000 20.745671 0.500448 0.000000 19.995000 
411000 2055.000000 1.047956 0.123411 0.000000 21.282202 0.093050 0.000000 21.142627 
412000 2060.000000 0.943353 0.182532 0.000000 20.912850 0.206638 0.000000 20.602893 
413000 2065.000000 1.013984 -0.207605 0.000000 21.261515 0.454173 0.000000 20.580256 
414000 2070.000000 1.212230 0.085594 0.000000 21.531157 0.659319 0.000000 20.542178 
415000 2075.000000 0.928111 0.432897 0.000000 20.406914 0.356641 0.000000 19.871953 
416000 2080.000000 1.145008 0.270494 0.000000 21.747439 1.745051 0.000000 19.129862 
417000 2085.000000 1.116466 -0.135761 0.000000 21.526410 0.477034 0.000000 20.810860 
418000 2090.000000 0.837475 0.528296 0.000000 19.774750 0.054058 0.000000 19.693664 
419000 2095.000000 1.047241 0.141841 0.000000 21.261246 0.091569 0.000000 21.123892 
420000 2100.000000 1.146917 -0.157695 0.000000 21.400469 0.363217 0.000000 20.855643 
421000 2105.000000 1.163009 -0.231376 0.000000 21.082821 0.233063 0.000000 20.733227 
422000 2110.000000 1.137722 -0.256768 0.000000 21.081483 0.292907 0.000000 20.642123 
423000 2115.000000 1.165486 0.169421 0.000000 21.554347 0.762860 0.000000 20.410056 
424000 2120.000000 0.971502 0.237203 0.000000 21.697259 1.692434 0.000000 19.158609 
425000 2125.000000 1.166049 0.069354 0.000000 21.417064 0.127624 0.000000 21.225629 
426000 2130.000000 0.934168 -0.090025 0.000000 20.913680 0.091336 0.000000 20.776676 
427000 2135.000000 0.888988 -0.119417 0.000000 21.639596 2.055176 0.000000 18.556832 
428000 2140.000000 1.244530 -0.322688 0.000000 20.193295 0.198742 0.000000 19.895182 
429000 2145.000000 1.185835 0.347949 0.000000 20.664040 0.623152 0.000000 19.729313 
430000 2150.000000 1.135438 -0.209008 0.000000 21.464817 0.702717 0.000000 20.410741 
431000 2155.000000 0.977799 0.090713 0.000000 21.455849 0.773237 0.000000 20.295993 
432000 2160.000000 0.936508 0.322993 0.000000 20.711392 0.278651 0.000000 20.293416 
433000 2165.000000 1.082066 0.023879 0.000000 21.766522 0.735698 0.000000 20.662976 
434000 2170.000000 1.108102 -0.154206 0.000000 21.398390 0.248646 0.000000 21.025421 
435000 2175.000000 0.938154 0.000215 0.000000 20.948052 0.061508 0.000000 20.855791 
436000 2180.000000 0.999882 0.196319 0.000000 21.088518 0.119468 0.000000 20.909316 
437000 2185.000000 1.033962 -0.297265 0.000000 21.132632 0.509090 0.000000 20.368997 
438000 2190.000000 1.140580 0.082823 0.000000 21.413493 0.056273 0.000000 21.329084 
439000 2195.000000 0.997437 0.448702 0.000000 20.269338 0.017150 0.000000 20.243613 
440000 2200.000000 0.997047 0.045505 0.000000 21.212366 0.073171 0.000000 21.102609 
441000 2205.000000 1.057038 -0.058412 0.000000 21.420296 0.142524 0.000000 21.206510 
442000 2210.000000 1.115777 0.050303 0.000000 21.594913 0.344167 0.000000 21.078663 
443000 2215.000000 0.828340 0.303819 0.000000 20.407480 0.552239 0.000000 19.579121 
444000 2220.000000 1.096984 0.005905 0.000000 21.549713 0.240712 0.000000 21.188645 
445000 2225.000000 1.034034 -0.217827 0.000000 21.269053 0.354636 0.000000 20.737099 
446000 2230.000000 0.879140 -0.212998 0.000000 20.833958 0.608245 0.000000 19.921590 
447000 2235.000000 1.129310 0.090020 0.000000 21.800762 0.814680 0.000000 20.578742 
448000 2240.000000 1.067694 -0.185071 0.000000 21.515466 0.612231 0.000000 20.597119 
449000 2245.000000 1.080330 0.249987 0.000000 21.113308 0.125012 0.000000 20.925790 
450000 2250.000000 0.966370 -0.027505 0.000000 21.140783 0.146373 0.000000 20.921224 
451000 2255.000000 1.062551 -0.318530 0.000000 20.905289 0.155863 0.000000 20.671494 
452000 2260.000000 1.221249 -0.042835 0.000000 21.525395 0.547088 0.000000 20.704762 
453000 2265.000000 1.295349 0.132580 0.000000 20.873779 0.403279 0.000000 20.268860 
454000 2270.000000 1.126921 0.125271 0.000000 21.404681 0.109276 0.000000 21.240768 
455000 2275.000000 1.080276 -0.077951 0.000000 23.097340 3.420631 0.000000 17.966393 
456000 2280.000000 0.952782 0.000494 0.000000 21.564529 1.106900 0.000000 19.904179 
457000 2285.000000 0.883868 0.036641 0.000000 20.918706 0.579059 0.000000 20.050117 
458000 2290.000000 1.004385 0.135518 0.000000 21.485747 0.671933 0.000000 20.477847 
459000 2295.000000 0.971713 0.010190 0.000000 21.216613 0.236933 0.000000 20.861214 
460000 2300.000000 1.147551 -0.053867 0.000000 21.800935 0.751960 0.000000 20.672996 
461000 2305.000000 1.139728 0.030617 0.000000 21.659758 0.423264 0.000000 21.024862 
462000 2310.000000 1.135745 -0.054716 0.000000 21.482629 0.099007 0.000000 21.334118 
463000 2315.000000 1.212922 0.196244 0.000000 21.131162 0.293652 0.000000 20.690683 
464000 2320.000000 1.116908 0.082469 0.000000 21.558312 0.284416 0.000000 21.131689 
465000 2325.000000 1.249079 -0.167919 0.000000 21.084399 0.429089 0.000000 20.440765 
466000 2330.000000 1.103009 0.350025 0.000000 21.646480 1.974825 0.000000 18.684243 
467000 2335.000000 1.187984 -0.221452 0.000000 21.566170 1.192002 0.000000 19.778168 
468000 2340.000000 1.332645 0.170990 0.000000 20.389538 0.342367 0.000000 19.875987 
469000 2345.000000 1.108659 0.168338 0.000000 21.319567 0.065514 0.000000 21.221296 
470000 2350.000000 0.948407 0.203593 0.000000 21.006671 0.278991 0.000000 20.588185 
471000 2355.000000 1.185613 -0.384726 0.000000 20.628947 1.016309 0.000000 19.104484 
472000 2360.000000 1.034962 -0.433415 0.000000 20.481054 0.215805 0.000000 20.157347 
473000 2365.000000 1.102605 -0.069578 0.000000 21.697440 0.528419 0.000000 20.904811 
474000 2370.000000 1.249893 0.064577 0.000000 21.181500 0.104582 0.000000 21.024627 
475000 2375.000000 1.011204 0.061269 0.000000 21.327493 0.144504 0.000000 21.110737 
476000 2380.000000 1.018811 0.095564 0.000000 21.319855 0.128116 0.000000 21.127681 
477000 2385.000000 1.177838 -0.063622 0.000000 21.722067 0.668697 0.000000 20.719022 
478000 2390.000000 1.191005 -0.104381 0.000000 21.623883 0.652233 0.000000 20.645534 
479000 2395.000000 1.136154 -0.145658 0.000000 21.462831 0.282511 0.000000 21.039065 
480000 2400.000000 1.101426 -0.031446 0.000000 21.684131 0.445135 0.000000 21.016429 
481000 2405.000000 1.095639 0.046509 0.000000 21.580801 0.260523 0.000000 21.190017 
482000 2410.000000 1.042976 -0.348894 0.000000 21.192147 0.888926 0.000000 19.858759 
483000 2415.000000 1.253100 -0.531385 0.000000 18.304959 0.366228 0.000000 17.755617 
484000 2420.000000 0.941755 -0.258962 0.000000 21.269061 0.935168 0.000000 19.866309 
485000 2425.000000 0.626511 -0.868744 0.000000 18.894123 0.275095 0.000000 18.481481 
486000 2430.000000 1.081789 0.174928 0.000000 21.536055 0.488370 0.000000 20.803500 
487000 2435.000000 1.084882 0.114936 0.000000 21.505740 0.217327 0.000000 21.179750 
488000 2440.000000 0.287341 0.967481 0.000000 21.749456 1.421901 0.000000 19.616605 
489000 2445.000000 0.044961 0.835669 0.000000 22.379016 0.290305 0.000000 21.943558 
490000 2450.000000 0.379410 0.255322 0.000000 22.285712 0.693734 0.000000 21.245111 
491000 2455.000000 1.143142 -0.110322 0.000000 26.193353 0.459007 0.000000 25.504843 
492000 2460.000000 1.004301 -0.182339 0.000000 26.017762 0.623811 0.000000 25.082046 
493000 2465.000000 1.052280 -0.046718 0.000000 26.542312 1.147589 0.000000 24.820928 
494000 2470.000000 1.079668 -0.072660 0.000000 26.077483 0.136696 0.000000 25.872439 
495000 2475.000000 0.361782 1.040475 0.000000 23.386042 0.110123 0.000000 23.220858 
496000 2480.000000 0.839427 0.383181 0.000000 25.858487 1.881387 0.000000 23.036406 
497000 2485.000000 1.041559 0.401186 0.000000 25.392450 0.200663 0.000000 25.091455 
498000 2490.000000 1.275738 0.013711 0.000000 25.854532 0.098905 0.000000 25.706174 
499000 2495.000000 1.165679 -0.175436 0.000000 27.489167 2.999107 0.000000 22.990507 
