###--- PARAMETERS ---###
Barrier for OPES:  40
print points every  100  steps
each iteration lasts  10  ns
Iterations:  10
NN will be trained with all the cumulative data
###--- Start Simulations ---###
Completed: cp script/* unbias/
Completed: sed -i '0,/ns/s/ns.*/ns=10/' run_gromacs.sh
Completed: ./run_gromacs.sh
eigenvalues:  [ 9.97568965e-01  9.89318430e-01  9.82402205e-01  9.75737333e-01
  9.70046401e-01  9.67112184e-01  9.55951989e-01  9.35957491e-01
  8.96717489e-01  8.82088780e-01  8.64710689e-01  8.52063715e-01
  8.31583202e-01  8.11822474e-01  8.04639161e-01  7.86065698e-01
  7.67189741e-01  7.42558062e-01  7.18221307e-01  7.16028214e-01
  6.77233517e-01  6.64551854e-01  6.51787817e-01  6.34365201e-01
  6.08548164e-01  5.97772121e-01  5.69116116e-01  5.59443891e-01
  5.48309207e-01  5.38325012e-01  5.24604857e-01  4.98490363e-01
  4.88273144e-01  4.75598633e-01  4.66926455e-01  4.54636246e-01
  4.30294573e-01  4.20268655e-01  4.14585382e-01  4.11371708e-01
  3.94286036e-01  3.85318041e-01  3.80991369e-01  3.70855272e-01
  3.56526285e-01  3.43153566e-01  3.38025242e-01  3.28043461e-01
  3.22231770e-01  3.10025871e-01  3.05155069e-01  3.00903022e-01
  2.94902384e-01  2.83742458e-01  2.70972103e-01  2.65437335e-01
  2.56378174e-01  2.48229399e-01  2.37316027e-01  2.37029731e-01
  2.33051300e-01  2.27011472e-01  2.16161385e-01  2.14008644e-01
  2.06464216e-01  2.02334374e-01  2.01435938e-01  1.95808426e-01
  1.90862268e-01  1.82119399e-01  1.79182693e-01  1.75725624e-01
  1.70555204e-01  1.68471202e-01  1.64991692e-01  1.59629539e-01
  1.53580770e-01  1.50256678e-01  1.46127015e-01  1.41046986e-01
  1.38989523e-01  1.35744259e-01  1.31152362e-01  1.27777889e-01
  1.25787839e-01  1.23487785e-01  1.19301848e-01  1.18773110e-01
  1.14565343e-01  1.11012653e-01  1.09965980e-01  1.09224312e-01
  1.07122488e-01  1.04946829e-01  1.02694221e-01  9.86210927e-02
  9.69489068e-02  9.61222872e-02  9.32293758e-02  9.09410641e-02
  9.01750922e-02  8.62603486e-02  8.36597532e-02  8.25396478e-02
  8.13851207e-02  8.00103843e-02  7.65610263e-02  7.36827776e-02
  7.05936998e-02  6.94408789e-02  6.83380216e-02  6.75702468e-02
  6.53681383e-02  6.35312572e-02  6.14988394e-02  5.85498102e-02
  5.61661385e-02  5.54643646e-02  5.44238649e-02  5.20269759e-02
  4.99466695e-02  4.89120334e-02  4.74201627e-02  4.61524129e-02
  4.56196703e-02  4.28482257e-02  4.16123196e-02  4.08650003e-02
  4.04238664e-02  3.86003144e-02  3.74205187e-02  3.60138789e-02
  3.42343375e-02  2.95147672e-02  2.87154932e-02  2.71601621e-02
  2.59487946e-02  2.55519543e-02  2.38249358e-02  2.02161688e-02
  1.98010653e-02  1.86576173e-02  1.70771051e-02  1.42567428e-02
  1.24099767e-02  1.08885132e-02  9.00463667e-03  7.45944446e-03
  5.93467383e-03  4.68539493e-03  3.55816539e-03  6.22097403e-04
 -3.28274589e-04 -1.60453154e-03 -2.55371537e-03 -3.98254255e-03
 -5.18286182e-03 -6.30273158e-03 -9.36135557e-03 -1.07135354e-02
 -1.25886984e-02 -1.36364903e-02 -1.47576649e-02 -1.67992506e-02
 -1.69880241e-02 -2.06420738e-02 -2.24063154e-02 -2.42165402e-02
 -2.68557537e-02 -2.81575862e-02 -2.91759968e-02 -3.24055254e-02
 -3.48708406e-02 -3.65148075e-02 -3.97296324e-02 -4.02593575e-02
 -4.38984297e-02 -4.69612405e-02 -4.88689765e-02 -5.45084290e-02
 -5.69769628e-02 -5.93405068e-02 -6.29716665e-02 -6.38932288e-02
 -6.84417635e-02 -7.06178918e-02 -7.39391148e-02 -7.73549676e-02
 -7.75864422e-02 -8.32519382e-02 -8.62239674e-02 -8.74287412e-02
 -9.06057879e-02 -9.44810584e-02 -9.93054509e-02 -1.02734104e-01
 -1.07864901e-01 -1.13819242e-01 -1.16061181e-01 -1.28834412e-01
 -1.39544427e-01 -1.41998976e-01 -1.54278100e-01 -1.68643594e-01
 -2.08169892e-01 -2.10735157e-01 -2.73464203e-01 -2.83421278e-01
 -3.24209601e-01 -3.28770369e-01]
ITERATION NUMBER  1
Completed: cp script/* unbias/bias1/
Completed: sed -i '0,/ns/s/ns.*/ns=10/' run_gromacs.sh
Completed: ./run_gromacs.sh
eigenvalues:  [ 0.9961621   0.9948441   0.9937579   0.9890197   0.9850158   0.98337626
  0.97802836  0.9746771   0.9721417   0.9665369   0.95875335  0.95517296
  0.94988847  0.9461971   0.93696     0.9309471   0.9282176   0.9236052
  0.9132155   0.91002846  0.8885986   0.8879493   0.8731918   0.86644435
  0.85871273  0.85399586  0.8506488   0.8432995   0.8293721   0.8173244
  0.80472136  0.7975954   0.7937947   0.78768784  0.770606    0.7624251
  0.7503978   0.74552333  0.74158347  0.7312605   0.7176611   0.7115972
  0.69542974  0.6922933   0.69022423  0.67806566  0.66004395  0.65021074
  0.644995    0.64099205  0.6359424   0.625908    0.613494    0.610058
  0.60038215  0.58857816  0.57260215  0.5640415   0.55883837  0.5484273
  0.5400685   0.534568    0.52656305  0.50777453  0.50565284  0.49795973
  0.49553046  0.48368955  0.4718015   0.46701267  0.45970866  0.45199236
  0.43614578  0.43163428  0.41060275  0.40375307  0.3994816   0.38876215
  0.37848958  0.3731081   0.36639675  0.35759458  0.35478917  0.3449681
  0.34332508  0.33759066  0.32696813  0.31596008  0.30371395  0.30019447
  0.29344133  0.28219688  0.27802256  0.26792604  0.26605392  0.25187808
  0.24994452  0.24374399  0.23669568  0.23192239  0.22950616  0.2226458
  0.21516718  0.20519008  0.20018582  0.19706273  0.19277807  0.18379895
  0.17856051  0.17792906  0.17299876  0.16657564  0.15936859  0.15474266
  0.1537889   0.14987898  0.14591715  0.14054357  0.1378532   0.13543284
  0.13168034  0.1276407   0.12597522  0.12146598  0.11905987  0.11631942
  0.11292791  0.11131081  0.10665897  0.10533497  0.10289495  0.10017436
  0.09733778  0.09432725  0.0908528   0.08763624  0.08430339  0.08188499
  0.08040775  0.07771757  0.07455567  0.07281881  0.07105353  0.06886995
  0.06735626  0.06681067  0.06410435  0.06219702  0.05951505  0.05466748
  0.05360821  0.05186354  0.04937815  0.0480831   0.0452401   0.04348438
  0.04197026  0.04135594  0.03855392  0.03748322  0.03435499  0.03298721
  0.03123867  0.02812286  0.02727834  0.02570285  0.02380126  0.02292007
  0.01967413  0.01641363  0.01560161  0.01340724  0.012504    0.00802618
  0.00507871  0.00492843  0.00372245  0.00121517 -0.00269854 -0.00364697
 -0.00629785 -0.0077769  -0.0086852  -0.01242944 -0.0166153  -0.01956242
 -0.02058744 -0.0237576  -0.02653068 -0.03246941 -0.0360529  -0.03992087
 -0.04246139 -0.04562044 -0.05277621 -0.05522479 -0.05692896 -0.06079964
 -0.0625978  -0.06504863 -0.08248911 -0.08613566 -0.09329753 -0.10166626
 -0.10435104 -0.14595017 -0.1898978  -0.25470176 -0.29403487 -0.32926604]
ITERATION NUMBER  2
Completed: cp script/* unbias/bias1/bias2/
Completed: sed -i '0,/ns/s/ns.*/ns=10/' run_gromacs.sh
Completed: ./run_gromacs.sh
eigenvalues:  [ 9.96668518e-01  9.94405389e-01  9.93084908e-01  9.91042376e-01
  9.84873295e-01  9.81659949e-01  9.81438875e-01  9.76302743e-01
  9.75915909e-01  9.67924893e-01  9.65996861e-01  9.60871816e-01
  9.57347512e-01  9.53893244e-01  9.51022685e-01  9.45435345e-01
  9.41128492e-01  9.34447289e-01  9.26619232e-01  9.18899953e-01
  9.15439427e-01  9.06906843e-01  9.05957341e-01  9.00454521e-01
  8.91295016e-01  8.88429105e-01  8.83063793e-01  8.74142706e-01
  8.70272338e-01  8.61034393e-01  8.46638560e-01  8.42815578e-01
  8.35608184e-01  8.33572984e-01  8.26139212e-01  8.13362777e-01
  8.08205247e-01  8.04128706e-01  8.02279532e-01  7.94022977e-01
  7.91518807e-01  7.75859892e-01  7.74380982e-01  7.58090615e-01
  7.53716588e-01  7.51538277e-01  7.41341293e-01  7.37405062e-01
  7.25674629e-01  7.20790982e-01  7.11647272e-01  7.06645966e-01
  6.91621959e-01  6.86861157e-01  6.76224947e-01  6.72028720e-01
  6.59596205e-01  6.43581748e-01  6.36939526e-01  6.27785087e-01
  6.21928573e-01  6.15376115e-01  6.11931980e-01  5.96901655e-01
  5.92754126e-01  5.89483798e-01  5.79071343e-01  5.67037523e-01
  5.59380651e-01  5.53460717e-01  5.41502357e-01  5.33995032e-01
  5.29962540e-01  5.19984543e-01  5.19443750e-01  5.10081053e-01
  5.05687714e-01  4.93891597e-01  4.89890248e-01  4.87095088e-01
  4.71771717e-01  4.69357610e-01  4.58211333e-01  4.50959921e-01
  4.37151879e-01  4.33057815e-01  4.24738050e-01  4.21049684e-01
  4.16429371e-01  4.09665346e-01  4.03460771e-01  3.91575456e-01
  3.83143395e-01  3.75276446e-01  3.73247892e-01  3.61847609e-01
  3.57750267e-01  3.49815309e-01  3.41798723e-01  3.36582214e-01
  3.33817631e-01  3.25805008e-01  3.21625561e-01  3.16740096e-01
  3.12004775e-01  3.00094306e-01  2.96626359e-01  2.86019206e-01
  2.76742697e-01  2.73810178e-01  2.64867902e-01  2.59803772e-01
  2.48841435e-01  2.47808784e-01  2.44751453e-01  2.27625266e-01
  2.25335896e-01  2.17578039e-01  2.13669285e-01  2.09336296e-01
  2.01432556e-01  1.92276403e-01  1.90887645e-01  1.88640222e-01
  1.79226682e-01  1.71456814e-01  1.66344628e-01  1.60581961e-01
  1.57630309e-01  1.53818876e-01  1.51786566e-01  1.47615790e-01
  1.42066479e-01  1.38176739e-01  1.31601572e-01  1.27752453e-01
  1.25265747e-01  1.21330425e-01  1.18073933e-01  1.10591680e-01
  1.08717702e-01  1.06366776e-01  1.03065655e-01  1.00014180e-01
  9.65105593e-02  9.50696319e-02  9.29424688e-02  9.18935314e-02
  8.92537385e-02  8.66620019e-02  8.14840123e-02  7.80121908e-02
  7.51197785e-02  7.39206821e-02  6.91033602e-02  6.72302842e-02
  6.35920018e-02  6.09988607e-02  5.75520657e-02  5.71118593e-02
  5.55208772e-02  5.21208830e-02  5.06480634e-02  4.82983664e-02
  4.53438088e-02  4.47138175e-02  4.37402911e-02  3.95333171e-02
  3.87119204e-02  3.48074287e-02  3.18569131e-02  2.98276078e-02
  2.84381285e-02  2.57630497e-02  2.15305649e-02  2.06901394e-02
  1.81228779e-02  1.63303465e-02  1.38441045e-02  1.13021061e-02
  6.74400199e-03  4.72764252e-03  6.90062589e-04 -1.26696294e-04
 -3.29914689e-03 -4.52641072e-03 -5.72277792e-03 -7.73043372e-03
 -1.20831383e-02 -1.46164438e-02 -1.55767100e-02 -2.12702043e-02
 -2.16505118e-02 -2.37109344e-02 -3.25272009e-02 -3.39397974e-02
 -4.45123948e-02 -4.82679978e-02 -5.00098988e-02 -5.39057180e-02
 -6.00860752e-02 -7.00893700e-02 -7.51413703e-02 -8.80008191e-02
 -1.02046020e-01 -1.53875023e-01 -1.87594980e-01 -2.53562778e-01
 -2.96229392e-01 -3.16218317e-01]
ITERATION NUMBER  3
Completed: cp script/* unbias/bias1/bias2/bias3/
Completed: sed -i '0,/ns/s/ns.*/ns=10/' run_gromacs.sh
Completed: ./run_gromacs.sh
eigenvalues:  [ 0.9981555   0.9967512   0.9952975   0.99384934  0.9910132   0.98855966
  0.98371595  0.98128104  0.9799957   0.9761019   0.9729856   0.96934396
  0.966546    0.9646035   0.9629692   0.9588444   0.9581863   0.95519084
  0.9529245   0.9508687   0.9476055   0.9450886   0.94130963  0.93925565
  0.9368904   0.9324086   0.92701125  0.92433375  0.922629    0.91611
  0.9138992   0.91300875  0.9083071   0.90759975  0.90569234  0.90292484
  0.89403695  0.887432    0.8857875   0.88396436  0.87903386  0.8761095
  0.8665474   0.86114925  0.857628    0.85511     0.8527507   0.84888476
  0.8436603   0.8411866   0.8389672   0.83393127  0.82468104  0.8208255
  0.8199496   0.8150193   0.81215346  0.80828106  0.80463046  0.801415
  0.7974596   0.79569477  0.7886452   0.787026    0.77939785  0.7741767
  0.76699007  0.7633658   0.7588122   0.75614387  0.7556926   0.74328065
  0.7410478   0.7320351   0.72946125  0.7235591   0.71737295  0.7149322
  0.7083196   0.70281494  0.7020303   0.700208    0.69018024  0.6854765
  0.68086183  0.67691445  0.672298    0.66516984  0.6621556   0.65484035
  0.6454348   0.6364197   0.6336489   0.6287903   0.6215551   0.61392564
  0.6129769   0.6018847   0.5950947   0.59295845  0.5870608   0.58428955
  0.57590234  0.57154894  0.568047    0.55905265  0.55198044  0.54960966
  0.5364454   0.53435344  0.52843696  0.5228004   0.5139888   0.5104398
  0.50294566  0.49930117  0.48657358  0.4791452   0.4714711   0.46439657
  0.4613537   0.45254585  0.44646883  0.44250098  0.4393938   0.43086877
  0.42090467  0.4153966   0.41129485  0.4016738   0.40042153  0.39583904
  0.38809374  0.37651253  0.3711543   0.3659088   0.35578474  0.35403055
  0.34804574  0.3403964   0.33144385  0.32915816  0.3145228   0.3029474
  0.30161408  0.29169127  0.28417456  0.27001926  0.26548487  0.2594292
  0.25078124  0.24815093  0.2406068   0.23213375  0.22265548  0.2144924
  0.20726444  0.20241518  0.19604231  0.19277366  0.1828966   0.17501844
  0.16765037  0.15977672  0.15463515  0.14442247  0.14099096  0.13576123
  0.13291574  0.12343568  0.12107772  0.11278405  0.10805905  0.10754882
  0.10088807  0.09550919  0.09154287  0.08475423  0.07215989  0.06564182
  0.06391934  0.05497472  0.04413682  0.0414997   0.03896937  0.03414477
  0.03001756  0.02543344  0.01932332  0.01708581  0.01047932  0.00658206
  0.00478965  0.00408569 -0.00324976 -0.00574352 -0.01278535 -0.01523379
 -0.01929948 -0.02285509 -0.03471997 -0.04576158 -0.0545014  -0.05886837
 -0.08610869 -0.10548863 -0.16970877 -0.1755424  -0.2602968  -0.3549848 ]
ITERATION NUMBER  4
Completed: cp script/* unbias/bias1/bias2/bias3/bias4/
Completed: sed -i '0,/ns/s/ns.*/ns=10/' run_gromacs.sh
Completed: ./run_gromacs.sh
eigenvalues:  [ 0.9980168   0.99628353  0.9959438   0.99270374  0.9916137   0.9881989
  0.9868209   0.9823949   0.9793395   0.977008    0.9756263   0.9733204
  0.96979034  0.96750504  0.96466404  0.96297497  0.96104825  0.95869327
  0.95630133  0.9546203   0.9537744   0.9474611   0.94352937  0.9397209
  0.93749434  0.9347745   0.9299258   0.9286404   0.92455214  0.9229358
  0.9181125   0.91427314  0.9088001   0.90352476  0.9027185   0.899002
  0.8974498   0.8960772   0.8890047   0.8825657   0.8803975   0.8762182
  0.8744927   0.8700938   0.8658218   0.85901314  0.85831845  0.85699886
  0.848446    0.8467233   0.8459301   0.84210074  0.8369914   0.8324367
  0.82974756  0.8264429   0.8252798   0.8206324   0.81076604  0.80415577
  0.800744    0.7954785   0.7850569   0.7837592   0.77602255  0.76927096
  0.7666313   0.75888014  0.75606936  0.75409704  0.7497369   0.7484665
  0.7422228   0.73888516  0.7350767   0.7247015   0.7207874   0.7145531
  0.71257013  0.7083804   0.7053977   0.6979258   0.6924828   0.6857385
  0.67960304  0.6759869   0.6697112   0.66195136  0.6577266   0.6518712
  0.64133877  0.6375308   0.6304667   0.62665474  0.6228757   0.61880803
  0.61279166  0.6019724   0.5975433   0.59149086  0.5864439   0.5831695
  0.57637566  0.56767386  0.56388664  0.56129396  0.55808604  0.551159
  0.5475943   0.5395891   0.5276849   0.5220915   0.5197126   0.5153773
  0.5088968   0.49964982  0.49702892  0.49449027  0.48740688  0.47370812
  0.46894088  0.46565965  0.46174636  0.45188916  0.44362372  0.43921247
  0.43420166  0.42887726  0.42591366  0.416677    0.40565723  0.40409943
  0.39631402  0.39134964  0.3760528   0.37101793  0.36693928  0.36397785
  0.35798615  0.35120147  0.3468774   0.33219647  0.32955766  0.32369098
  0.31014535  0.3082833   0.29722914  0.29404995  0.2866372   0.2767554
  0.27174917  0.26609188  0.24931377  0.24491484  0.24147741  0.22818401
  0.22265789  0.21626689  0.20922521  0.20367177  0.19110449  0.18876478
  0.18224138  0.17724757  0.15934083  0.15549959  0.15232252  0.14318112
  0.13787167  0.13147126  0.12701175  0.12048749  0.11693286  0.11539921
  0.10698585  0.10270502  0.09731972  0.08522697  0.07339505  0.07120778
  0.05906422  0.05012996  0.04454291  0.03942085  0.0325223   0.03047514
  0.02903513  0.02205019  0.01866945  0.01655921  0.01197932  0.00756879
  0.00467851  0.00267624 -0.00206934 -0.00943749 -0.01431505 -0.01828781
 -0.01999343 -0.02782704 -0.02947507 -0.04243986 -0.0467898  -0.05506147
 -0.08484224 -0.0901941  -0.17232941 -0.18584558 -0.2831849  -0.35539693]
ITERATION NUMBER  5
Completed: cp script/* unbias/bias1/bias2/bias3/bias4/bias5/
Completed: sed -i '0,/ns/s/ns.*/ns=10/' run_gromacs.sh
Completed: ./run_gromacs.sh
eigenvalues:  [ 9.98034418e-01  9.97747064e-01  9.94571269e-01  9.93633687e-01
  9.91507649e-01  9.89767551e-01  9.87858415e-01  9.85429823e-01
  9.83099341e-01  9.81690347e-01  9.80737865e-01  9.78626847e-01
  9.74919856e-01  9.72931683e-01  9.71918762e-01  9.69029248e-01
  9.66363847e-01  9.62956250e-01  9.61117148e-01  9.57946539e-01
  9.56303358e-01  9.55740869e-01  9.54210103e-01  9.52253580e-01
  9.45297658e-01  9.44161475e-01  9.40035641e-01  9.39011812e-01
  9.35407281e-01  9.32153285e-01  9.27051246e-01  9.24415112e-01
  9.22348678e-01  9.21907365e-01  9.13643658e-01  9.10958350e-01
  9.06746626e-01  9.03660715e-01  9.01979983e-01  9.01511610e-01
  8.95950675e-01  8.93321514e-01  8.90833497e-01  8.86506736e-01
  8.82516801e-01  8.76698196e-01  8.74550760e-01  8.73656869e-01
  8.65700722e-01  8.61909688e-01  8.58519137e-01  8.50362539e-01
  8.49153638e-01  8.46686363e-01  8.43621612e-01  8.38743150e-01
  8.37598503e-01  8.31508458e-01  8.25180411e-01  8.23026359e-01
  8.19342792e-01  8.15149069e-01  8.11518729e-01  8.09243381e-01
  8.00017953e-01  7.98787475e-01  7.94386923e-01  7.92576849e-01
  7.83471584e-01  7.75481999e-01  7.70748496e-01  7.68843412e-01
  7.61927903e-01  7.59643435e-01  7.56756067e-01  7.52654850e-01
  7.51519501e-01  7.44669378e-01  7.39439070e-01  7.35199034e-01
  7.28608847e-01  7.28185594e-01  7.20116675e-01  7.17046201e-01
  7.12853849e-01  7.06490576e-01  7.01283813e-01  6.98320150e-01
  6.93767071e-01  6.85768187e-01  6.81472838e-01  6.74570680e-01
  6.71219170e-01  6.66611850e-01  6.59052849e-01  6.57942235e-01
  6.51727378e-01  6.44898713e-01  6.36928618e-01  6.31948292e-01
  6.28410280e-01  6.22687757e-01  6.20279253e-01  6.13175094e-01
  6.06017947e-01  5.99427938e-01  5.96377075e-01  5.92944324e-01
  5.85259140e-01  5.76229930e-01  5.74135482e-01  5.68216980e-01
  5.60873091e-01  5.52496552e-01  5.49211979e-01  5.39127946e-01
  5.35449505e-01  5.32313347e-01  5.26281953e-01  5.17428041e-01
  5.12368262e-01  5.08689284e-01  4.98418212e-01  4.96356249e-01
  4.90836889e-01  4.80326861e-01  4.74913061e-01  4.71464574e-01
  4.64805067e-01  4.53412354e-01  4.51297402e-01  4.49136645e-01
  4.38819736e-01  4.30901885e-01  4.25071657e-01  4.17940795e-01
  4.10065711e-01  4.05311435e-01  3.97928089e-01  3.95639479e-01
  3.86710167e-01  3.79623085e-01  3.73377323e-01  3.71146739e-01
  3.62517238e-01  3.48415583e-01  3.35357308e-01  3.32175553e-01
  3.24341238e-01  3.14233035e-01  3.06412548e-01  2.96973825e-01
  2.83616155e-01  2.80440480e-01  2.75360554e-01  2.66546011e-01
  2.55088508e-01  2.40147591e-01  2.37001002e-01  2.29884312e-01
  2.26085320e-01  2.17566535e-01  2.12393478e-01  2.06961721e-01
  1.96012616e-01  1.86314583e-01  1.80035144e-01  1.74969748e-01
  1.67810962e-01  1.59476295e-01  1.56179383e-01  1.51117474e-01
  1.46661758e-01  1.38742208e-01  1.31919473e-01  1.24838121e-01
  1.17281333e-01  1.15009069e-01  9.68175158e-02  8.53959769e-02
  7.97844082e-02  7.21586123e-02  5.57287224e-02  4.38564941e-02
  3.88024710e-02  3.81478779e-02  2.98707504e-02  2.72216275e-02
  2.52144150e-02  1.93693247e-02  1.44961970e-02  1.01234978e-02
  7.26515893e-03  5.84030943e-03  1.20380940e-03 -7.98377732e-04
 -4.25930554e-03 -6.22024015e-03 -7.13181775e-03 -9.61114746e-03
 -1.62736718e-02 -2.35530585e-02 -2.87354141e-02 -6.17462844e-02
 -6.96366578e-02 -1.04679555e-01 -1.46957964e-01 -1.74930617e-01
 -2.65260786e-01 -3.60763550e-01]
ITERATION NUMBER  6
Completed: cp script/* unbias/bias1/bias2/bias3/bias4/bias5/bias6/
Completed: sed -i '0,/ns/s/ns.*/ns=10/' run_gromacs.sh
Completed: ./run_gromacs.sh
eigenvalues:  [ 9.96918261e-01  9.96327460e-01  9.95572090e-01  9.94696259e-01
  9.92154837e-01  9.90507126e-01  9.89240468e-01  9.87921238e-01
  9.84717131e-01  9.82383370e-01  9.81623352e-01  9.77218270e-01
  9.74896550e-01  9.70702946e-01  9.67080057e-01  9.65712309e-01
  9.63327765e-01  9.59539950e-01  9.57855403e-01  9.54736948e-01
  9.53235984e-01  9.50104594e-01  9.46619570e-01  9.46413994e-01
  9.43452716e-01  9.42440450e-01  9.35299754e-01  9.35023248e-01
  9.31051075e-01  9.29138660e-01  9.24713373e-01  9.22651649e-01
  9.20228958e-01  9.16679263e-01  9.15446341e-01  9.13993478e-01
  9.12994087e-01  9.10331905e-01  9.01274025e-01  8.97716999e-01
  8.93346250e-01  8.89980733e-01  8.86415601e-01  8.85152578e-01
  8.80240619e-01  8.77340376e-01  8.75791311e-01  8.68798375e-01
  8.68169308e-01  8.66258085e-01  8.61182868e-01  8.57095480e-01
  8.50158632e-01  8.48202765e-01  8.46090555e-01  8.43028545e-01
  8.34332883e-01  8.32954884e-01  8.31703842e-01  8.28916788e-01
  8.26240063e-01  8.21169972e-01  8.20041358e-01  8.11415076e-01
  8.07010710e-01  8.05766404e-01  7.95840919e-01  7.93823540e-01
  7.90607393e-01  7.87710547e-01  7.84451783e-01  7.76819885e-01
  7.73609817e-01  7.67687321e-01  7.64791429e-01  7.60690987e-01
  7.56010771e-01  7.49328375e-01  7.45597303e-01  7.40641654e-01
  7.37013936e-01  7.33987808e-01  7.28710532e-01  7.23736763e-01
  7.21304178e-01  7.16402054e-01  7.10833371e-01  7.07548976e-01
  7.03170538e-01  6.96083844e-01  6.92752719e-01  6.86009765e-01
  6.83497071e-01  6.78204298e-01  6.76074147e-01  6.70011103e-01
  6.67962193e-01  6.62321389e-01  6.50007010e-01  6.48229480e-01
  6.43989682e-01  6.37827396e-01  6.34541750e-01  6.29454136e-01
  6.22328877e-01  6.12263381e-01  6.10025406e-01  6.07187748e-01
  6.03265524e-01  5.97970605e-01  5.89559853e-01  5.76809108e-01
  5.74611723e-01  5.65923870e-01  5.63285887e-01  5.59791088e-01
  5.51907957e-01  5.45846939e-01  5.39528131e-01  5.29547095e-01
  5.27310967e-01  5.26001394e-01  5.19247293e-01  5.11587143e-01
  5.08476079e-01  5.05945325e-01  4.97147471e-01  4.93180156e-01
  4.80701298e-01  4.71034020e-01  4.65766340e-01  4.60625201e-01
  4.57547039e-01  4.49073315e-01  4.41466480e-01  4.35183704e-01
  4.30831075e-01  4.17243093e-01  4.11197573e-01  4.05449241e-01
  4.00234938e-01  3.89780194e-01  3.79636616e-01  3.76687229e-01
  3.73517543e-01  3.59854013e-01  3.58421892e-01  3.40882778e-01
  3.34331661e-01  3.31657499e-01  3.19067419e-01  3.10454607e-01
  3.00269991e-01  2.89713949e-01  2.86613643e-01  2.70988882e-01
  2.63017952e-01  2.55958736e-01  2.44170427e-01  2.39316329e-01
  2.37726688e-01  2.32333004e-01  2.25926340e-01  2.19203219e-01
  2.11717978e-01  2.04031244e-01  2.00962648e-01  1.96080714e-01
  1.85570881e-01  1.77261636e-01  1.69081509e-01  1.66306421e-01
  1.55696929e-01  1.47962302e-01  1.42318606e-01  1.38102174e-01
  1.26248866e-01  1.20372638e-01  1.10318810e-01  1.01274326e-01
  9.44376290e-02  8.80711228e-02  5.88502102e-02  5.19911125e-02
  4.70308512e-02  4.42864634e-02  3.82718444e-02  3.28676701e-02
  2.39407048e-02  2.15493832e-02  1.96977686e-02  1.43235121e-02
  1.20458007e-02  7.94155709e-03  6.36611460e-03  3.86611652e-03
  3.01471824e-04 -7.35821575e-03 -1.01826098e-02 -1.53458901e-02
 -1.98119283e-02 -2.26325952e-02 -2.51657739e-02 -6.32748902e-02
 -7.70340487e-02 -1.02532975e-01 -1.59634516e-01 -1.77509069e-01
 -2.82122821e-01 -3.21871251e-01]
ITERATION NUMBER  7
Completed: cp script/* unbias/bias1/bias2/bias3/bias4/bias5/bias6/bias7/
Completed: sed -i '0,/ns/s/ns.*/ns=10/' run_gromacs.sh
Completed: ./run_gromacs.sh
eigenvalues:  [ 0.9976913   0.99704653  0.99494356  0.9941848   0.99068236  0.9892842
  0.986153    0.9840156   0.983649    0.9793781   0.97763777  0.97518593
  0.972869    0.97240293  0.96938306  0.964111    0.9626536   0.96098185
  0.9568957   0.9549548   0.953135    0.9494924   0.94532496  0.9447263
  0.94313645  0.93868166  0.93643236  0.932783    0.9306625   0.929455
  0.9263656   0.92276496  0.9188005   0.91311866  0.91165376  0.90989465
  0.9071903   0.90561855  0.9012366   0.8960578   0.8924186   0.89083564
  0.88319665  0.87793773  0.87747896  0.8759972   0.8736606   0.86731523
  0.8651024   0.8609395   0.8577263   0.85336185  0.85092026  0.8473563
  0.8449309   0.8429724   0.8394898   0.83563626  0.8272517   0.8254689
  0.8227725   0.8189375   0.8113246   0.8088805   0.80538136  0.8025651
  0.7957788   0.79302317  0.7915817   0.7882104   0.7832189   0.7808539
  0.77314717  0.7701844   0.760618    0.7594689   0.7569217   0.75308937
  0.74860615  0.7451691   0.73983604  0.7349727   0.73154914  0.72174305
  0.7194777   0.71486336  0.70920604  0.707428    0.69609785  0.691469
  0.68719375  0.6801704   0.6776075   0.67612463  0.66932565  0.66629136
  0.655746    0.6527438   0.6482262   0.6413507   0.63442045  0.6264364
  0.6223228   0.6145479   0.6109413   0.6048926   0.59563655  0.5927878
  0.5820395   0.57767695  0.56936395  0.56546265  0.56424165  0.55874956
  0.5487674   0.54342043  0.53857565  0.53523666  0.52365613  0.51981634
  0.5118127   0.50366086  0.49722296  0.49327856  0.48814464  0.4789463
  0.47385392  0.47163087  0.4643106   0.46183464  0.4521675   0.44520622
  0.4384646   0.43674707  0.42793193  0.42051122  0.41470504  0.40390047
  0.39773366  0.39457145  0.38348     0.3800343   0.36275122  0.35530752
  0.34754038  0.34390977  0.33841917  0.33009958  0.3248063   0.31744486
  0.31391954  0.30233666  0.29517496  0.29032063  0.27544543  0.2652366
  0.260454    0.25843912  0.24930213  0.24455279  0.24133739  0.22764549
  0.22087598  0.2178957   0.21151349  0.20436345  0.18947375  0.18561418
  0.17881407  0.1751322   0.16071725  0.15382643  0.14998187  0.144909
  0.13285713  0.12296785  0.11931366  0.1110469   0.0952881   0.09000741
  0.06434602  0.0578047   0.05304132  0.05031342  0.04468626  0.03735248
  0.03483693  0.03305483  0.025491    0.02218341  0.01716908  0.01567641
  0.01198761  0.00892771  0.00283516  0.00212035 -0.00510911 -0.00623855
 -0.00860617 -0.02008576 -0.02684388 -0.03060911 -0.04087372 -0.05336101
 -0.09786484 -0.11283443 -0.15938282 -0.1687279  -0.27021655 -0.29073468]
ITERATION NUMBER  8
Completed: cp script/* unbias/bias1/bias2/bias3/bias4/bias5/bias6/bias7/bias8/
Completed: sed -i '0,/ns/s/ns.*/ns=10/' run_gromacs.sh
Completed: ./run_gromacs.sh
eigenvalues:  [ 0.9974564   0.9963796   0.9932922   0.9924046   0.9905129   0.9890683
  0.986368    0.985448    0.98417354  0.98226213  0.9803683   0.9786188
  0.9779794   0.9755063   0.970757    0.9691583   0.9664571   0.9650633
  0.9640027   0.96270114  0.95867443  0.9572124   0.9553115   0.9532503
  0.95244205  0.9477892   0.9444411   0.9427202   0.94030267  0.9378917
  0.9350207   0.93321025  0.9295025   0.92592835  0.9239479   0.9193526
  0.91774964  0.9141382   0.9124443   0.90932214  0.9073478   0.9041344
  0.90094525  0.8951579   0.8923854   0.88919365  0.88601995  0.88298947
  0.87720424  0.87360805  0.8709567   0.86523527  0.8635771   0.86138076
  0.85900754  0.8541191   0.8524455   0.8468963   0.845991    0.8424248
  0.8411883   0.8332171   0.83092934  0.8286673   0.82458395  0.8200049
  0.81822443  0.8138255   0.8117557   0.80847514  0.8011571   0.7960186
  0.79272926  0.79192364  0.7887261   0.7874506   0.78063345  0.77711064
  0.7732307   0.7701745   0.76027733  0.7563666   0.7521949   0.7461824
  0.74317247  0.7395613   0.7355809   0.73256034  0.7290084   0.7193075
  0.71283007  0.7101914   0.7042984   0.7000763   0.69411623  0.6880142
  0.685457    0.6822026   0.67670685  0.6717282   0.6648452   0.6599219
  0.651733    0.6510502   0.64660126  0.63620704  0.63087726  0.62440205
  0.61997485  0.61439586  0.61160594  0.6083937   0.5977948   0.58931905
  0.5842434   0.5819453   0.57482046  0.56960493  0.5641443   0.55993855
  0.5571841   0.5503806   0.5417266   0.5366967   0.5315403   0.5273087
  0.5240982   0.52158976  0.51501733  0.5047886   0.49845824  0.48587278
  0.48223275  0.4768831   0.4700967   0.46313092  0.45093155  0.44966686
  0.44269648  0.43031144  0.42751315  0.413053    0.41072917  0.4032286
  0.3967992   0.38760978  0.38395685  0.3693938   0.35958582  0.35271597
  0.340426    0.3327261   0.32330647  0.31764966  0.30774915  0.30439934
  0.2990634   0.2902519   0.2786988   0.26322845  0.25446483  0.24855003
  0.24112327  0.23190099  0.22222124  0.21306117  0.20945576  0.20444748
  0.19789976  0.18623175  0.18159595  0.17361309  0.16774559  0.15836275
  0.14292091  0.13731234  0.12957714  0.12419967  0.11780998  0.09822123
  0.09080905  0.07248964  0.06654071  0.05627354  0.05275361  0.04220763
  0.0368108   0.02649181  0.02146167  0.01940075  0.01705315  0.01099929
  0.00933817  0.00665147  0.00151063 -0.0017855  -0.00472973 -0.00770177
 -0.01048851 -0.01513861 -0.02489499 -0.03088947 -0.04250618 -0.05950909
 -0.08435865 -0.11310663 -0.15326518 -0.16601412 -0.26078805 -0.33791348]
ITERATION NUMBER  9
Completed: cp script/* unbias/bias1/bias2/bias3/bias4/bias5/bias6/bias7/bias8/bias9/
Completed: sed -i '0,/ns/s/ns.*/ns=10/' run_gromacs.sh
Completed: ./run_gromacs.sh
eigenvalues:  [ 9.97250319e-01  9.95807350e-01  9.94248390e-01  9.94014263e-01
  9.89584327e-01  9.87236142e-01  9.86031055e-01  9.84036684e-01
  9.81222987e-01  9.77721870e-01  9.75819170e-01  9.74423110e-01
  9.72249687e-01  9.68717873e-01  9.65928912e-01  9.63310897e-01
  9.61617291e-01  9.60790873e-01  9.59447801e-01  9.55025315e-01
  9.51579273e-01  9.49774027e-01  9.46450055e-01  9.42550123e-01
  9.39711988e-01  9.36662018e-01  9.33824956e-01  9.32070851e-01
  9.30159032e-01  9.29407895e-01  9.25173163e-01  9.22212541e-01
  9.19229567e-01  9.16741967e-01  9.11744893e-01  9.08376694e-01
  9.04526114e-01  9.01882172e-01  9.00076389e-01  8.96907747e-01
  8.93328369e-01  8.89410973e-01  8.85790527e-01  8.83733392e-01
  8.80119026e-01  8.79435539e-01  8.76192331e-01  8.71546566e-01
  8.63062203e-01  8.61271262e-01  8.60140979e-01  8.55130255e-01
  8.53577495e-01  8.51500750e-01  8.43555987e-01  8.40376258e-01
  8.37181389e-01  8.32210004e-01  8.30477118e-01  8.26395571e-01
  8.21802139e-01  8.19080532e-01  8.17069590e-01  8.10368836e-01
  8.08214366e-01  8.00655365e-01  7.95477092e-01  7.91670263e-01
  7.90298223e-01  7.83017218e-01  7.82210290e-01  7.77090788e-01
  7.69728124e-01  7.68982589e-01  7.65069664e-01  7.63964772e-01
  7.58708537e-01  7.50921011e-01  7.43800342e-01  7.43527710e-01
  7.33357251e-01  7.31424928e-01  7.23570704e-01  7.21151888e-01
  7.13372231e-01  7.06996202e-01  7.01552510e-01  6.96404099e-01
  6.90162838e-01  6.87379777e-01  6.81699455e-01  6.81106985e-01
  6.72234654e-01  6.70140743e-01  6.65271223e-01  6.58506632e-01
  6.55034840e-01  6.46839261e-01  6.36218309e-01  6.30089879e-01
  6.22179687e-01  6.21829927e-01  6.17536128e-01  6.08461797e-01
  6.04304671e-01  6.00509465e-01  5.96262157e-01  5.88271797e-01
  5.84747136e-01  5.79708934e-01  5.74749112e-01  5.73646605e-01
  5.60252964e-01  5.53917706e-01  5.51547468e-01  5.48474610e-01
  5.43817520e-01  5.36357343e-01  5.33760428e-01  5.24977326e-01
  5.19104958e-01  5.12654722e-01  4.99621928e-01  4.91952419e-01
  4.84051555e-01  4.79700327e-01  4.71162319e-01  4.62901503e-01
  4.59489644e-01  4.46522325e-01  4.41622108e-01  4.33046281e-01
  4.28964585e-01  4.12518620e-01  4.08268392e-01  4.00400698e-01
  3.94108295e-01  3.88414860e-01  3.83326411e-01  3.81902367e-01
  3.74162883e-01  3.61163110e-01  3.56307417e-01  3.46052915e-01
  3.37766439e-01  3.30834299e-01  3.16906273e-01  3.11071724e-01
  3.09020013e-01  2.96479821e-01  2.93144226e-01  2.82269567e-01
  2.73170114e-01  2.63492674e-01  2.60205775e-01  2.51427293e-01
  2.43321672e-01  2.37633020e-01  2.25297183e-01  2.24166662e-01
  2.13780835e-01  1.96925253e-01  1.89166740e-01  1.77593827e-01
  1.73926011e-01  1.65811911e-01  1.63172796e-01  1.55137673e-01
  1.47014797e-01  1.33230865e-01  1.30557477e-01  1.20992631e-01
  1.12817012e-01  1.08178198e-01  1.05170146e-01  9.57131758e-02
  9.39191356e-02  8.83375555e-02  7.61926249e-02  7.49079585e-02
  6.30346164e-02  5.81412502e-02  5.57888784e-02  5.08103557e-02
  3.88977937e-02  3.76354307e-02  2.74151564e-02  2.54602376e-02
  2.37981454e-02  1.45762777e-02  1.29943881e-02  9.91998892e-03
  5.58660738e-03  2.30872259e-03  6.17720012e-04 -2.36088177e-03
 -4.24414780e-03 -1.00195138e-02 -1.79168824e-02 -1.88707318e-02
 -2.44588852e-02 -3.65750939e-02 -4.27729636e-02 -5.54984510e-02
 -5.98825403e-02 -6.41905665e-02 -1.56549573e-01 -1.80882901e-01
 -2.71775842e-01 -3.27088356e-01]
###--- End Simulations ---###
total time of simulations:  100  ns
Run for:  27681.01947951317  s
