--> bck.meup.sh:  mv alanine.edr bck.0.alanine.edr
--> bck.meup.sh:  mv alanine.log bck.0.alanine.log
--> bck.meup.sh:  mv alanine.xtc bck.0.alanine.xtc
No protocol specified
              :-) GROMACS - gmx mdrun, 2020.6-plumed-2.9.0-dev (-:

                            GROMACS is written by:
     Emile Apol      Rossen Apostolov      Paul Bauer     Herman J.C. Berendsen
    Par Bjelkmar      Christian Blau   Viacheslav Bolnykh     Kevin Boyd    
 Aldert van Buuren   Rudi van Drunen     Anton Feenstra       Alan Gray     
  Gerrit Groenhof     Anca Hamuraru    Vincent Hindriksen  M. Eric Irrgang  
  Aleksei Iupinov   Christoph Junghans     Joe Jordan     Dimitrios Karkoulis
    Peter Kasson        Jiri Kraus      Carsten Kutzner      Per Larsson    
  Justin A. Lemkul    Viveca Lindahl    Magnus Lundborg     Erik Marklund   
    Pascal Merz     Pieter Meulenhoff    Teemu Murtola       Szilard Pall   
    Sander Pronk      Roland Schulz      Michael Shirts    Alexey Shvetsov  
   Alfons Sijbers     Peter Tieleman      Jon Vincent      Teemu Virolainen 
 Christian Wennberg    Maarten Wolf      Artem Zhmurov   
                           and the project leaders:
        Mark Abraham, Berk Hess, Erik Lindahl, and David van der Spoel

Copyright (c) 1991-2000, University of Groningen, The Netherlands.
Copyright (c) 2001-2019, The GROMACS development team at
Uppsala University, Stockholm University and
the Royal Institute of Technology, Sweden.
check out http://www.gromacs.org for more information.

GROMACS is free software; you can redistribute it and/or modify it
under the terms of the GNU Lesser General Public License
as published by the Free Software Foundation; either version 2.1
of the License, or (at your option) any later version.

GROMACS:      gmx mdrun, version 2020.6-plumed-2.9.0-dev
Executable:   /home/npedrani@iit.local/programs/gromacs-2020.6/install/bin/gmx_mpi
Data prefix:  /home/npedrani@iit.local/programs/gromacs-2020.6/install
Working dir:  /home/npedrani@iit.local/Desktop/Phd_main_Projects/Hyper-TICA/Alanine/unbias_A/bias1_lag1
Command line:
  gmx_mpi mdrun -s input.sA.tpr -deffnm alanine -plumed plumed.dat -ntomp 2 -nsteps 50000000 -pin off

+++ Loading the PLUMED kernel runtime +++
+++ PLUMED_KERNEL="/home/npedrani@iit.local/programs/plumed2-pytorch/src/lib/libplumedKernel.so" +++
+++ Loading the PLUMED kernel runtime +++
+++ PLUMED_KERNEL="/home/npedrani@iit.local/programs/plumed2-pytorch/src/lib/libplumedKernel.so" +++
No protocol specified
Reading file input.sA.tpr, VERSION 2020.6-MODIFIED (single precision)
Overriding nsteps with value passed on the command line: 50000000 steps, 1e+05 ps
Changing nstlist from 10 to 50, rlist from 1.034 to 1.219


Using 1 MPI process
Using 2 OpenMP threads 

starting mdrun 'Generated by trjconv : Alanine in vacuum in water t=   0.00000'
50000000 steps, 100000.0 ps.

Writing final coordinates.

               Core t (s)   Wall t (s)        (%)
       Time:    59841.652    29920.826      200.0
                         8h18:40
                 (ns/day)    (hour/ns)
Performance:      288.762        0.083

GROMACS reminds you: "She's Not Bad, She's Just Genetically Mean" (Captain Beefheart)

