0 0.000000 -0.550000 1.450000 0.000000 0.138640 0.092427 0.000000 0.000000 
0 0.000000 -0.549613 1.449353 0.000000 0.148844 0.112861 0.000000 -0.020447 
1000 5.000000 -0.577247 1.397614 0.000000 0.671984 1.384041 0.000000 -1.404078 
2000 10.000000 -0.552787 1.541643 0.000000 -0.888338 0.270519 0.000000 -1.294117 
3000 15.000000 -0.606084 1.420475 0.000000 0.089473 0.264082 0.000000 -0.306650 
4000 20.000000 -0.578163 1.379924 0.000000 1.237253 2.830058 0.000000 -3.007834 
5000 25.000000 -0.488535 1.432298 0.000000 -0.518608 0.252110 0.000000 -0.896773 
6000 30.000000 -0.762051 1.345994 0.000000 -0.119058 1.514750 0.000000 -2.391183 
7000 35.000000 -0.875066 1.252395 0.000000 -2.075302 0.160048 0.000000 -2.315374 
8000 40.000000 -0.581678 1.391162 0.000000 2.618642 2.260349 0.000000 -0.771881 
9000 45.000000 -0.548580 1.444138 0.000000 1.855997 0.355565 0.000000 1.322649 
10000 50.000000 -0.638297 1.343681 0.000000 1.921400 1.102026 0.000000 0.268361 
11000 55.000000 -0.594807 1.406197 0.000000 2.935362 2.303077 0.000000 -0.519253 
12000 60.000000 -0.697523 1.353945 0.000000 1.429792 0.220282 0.000000 1.099369 
13000 65.000000 -0.791623 1.309141 0.000000 1.088275 1.181917 0.000000 -0.684600 
14000 70.000000 -0.510396 1.545497 0.000000 2.150437 0.014775 0.000000 2.128275 
15000 75.000000 -0.488575 1.582743 0.000000 2.257520 0.803409 0.000000 1.052406 
16000 80.000000 -0.378605 1.552404 0.000000 3.159573 0.455536 0.000000 2.476269 
17000 85.000000 -0.612868 1.459376 0.000000 3.605255 0.220166 0.000000 3.275006 
18000 90.000000 -0.671780 1.334308 0.000000 4.391162 1.621390 0.000000 1.959076 
19000 95.000000 -0.606550 1.374286 0.000000 4.286853 0.346304 0.000000 3.767396 
20000 100.000000 -0.735936 1.279604 0.000000 3.726719 1.137932 0.000000 2.019821 
21000 105.000000 -0.670859 1.255993 0.000000 3.292225 0.392962 0.000000 2.702782 
22000 110.000000 -0.595605 1.465668 0.000000 4.682039 1.221572 0.000000 2.849680 
23000 115.000000 -0.547626 1.396877 0.000000 4.877268 1.071593 0.000000 3.269879 
24000 120.000000 -0.737445 1.275939 0.000000 3.441857 0.217863 0.000000 3.115062 
25000 125.000000 -0.374660 1.568724 0.000000 3.899564 0.767673 0.000000 2.748055 
26000 130.000000 -0.557960 1.487502 0.000000 4.729406 0.628539 0.000000 3.786598 
27000 135.000000 -0.562756 1.498313 0.000000 4.290127 0.049124 0.000000 4.216441 
28000 140.000000 -0.615954 1.381732 0.000000 4.840184 0.375563 0.000000 4.276840 
29000 145.000000 -0.663833 1.349886 0.000000 4.552679 0.350843 0.000000 4.026415 
30000 150.000000 -0.596806 1.338491 0.000000 4.759742 0.737916 0.000000 3.652868 
31000 155.000000 -0.611190 1.374494 0.000000 5.455224 1.258474 0.000000 3.567512 
32000 160.000000 -0.745420 1.271501 0.000000 4.117392 0.629388 0.000000 3.173309 
33000 165.000000 -0.608123 1.422535 0.000000 5.233449 0.378523 0.000000 4.665664 
34000 170.000000 -0.342069 1.675915 0.000000 3.255796 0.833224 0.000000 2.005961 
35000 175.000000 -0.823699 1.158803 0.000000 3.445038 0.791456 0.000000 2.257853 
36000 180.000000 -0.573406 1.426600 0.000000 6.314326 0.812525 0.000000 5.095539 
37000 185.000000 -0.875054 1.218202 0.000000 3.711034 0.580786 0.000000 2.839854 
38000 190.000000 -0.523694 1.426234 0.000000 6.251984 0.548285 0.000000 5.429557 
39000 195.000000 -0.829175 1.318457 0.000000 4.324393 1.256614 0.000000 2.439472 
40000 200.000000 -0.516677 1.492829 0.000000 6.847182 1.385178 0.000000 4.769414 
41000 205.000000 -0.719885 1.394169 0.000000 6.132445 1.626263 0.000000 3.693051 
42000 210.000000 -0.548315 1.478732 0.000000 6.252602 0.059877 0.000000 6.162787 
43000 215.000000 -0.357751 1.622458 0.000000 4.969287 0.207037 0.000000 4.658732 
44000 220.000000 -0.449953 1.450856 0.000000 6.033866 0.523073 0.000000 5.249256 
45000 225.000000 -0.393526 1.704169 0.000000 4.158349 1.824367 0.000000 1.421798 
46000 230.000000 -0.609119 1.443344 0.000000 7.199155 1.921436 0.000000 4.317000 
47000 235.000000 -0.548291 1.581659 0.000000 5.398007 0.795477 0.000000 4.204791 
48000 240.000000 -0.697847 1.218418 0.000000 5.121889 0.876559 0.000000 3.807051 
49000 245.000000 -0.607327 1.470415 0.000000 7.000549 1.661670 0.000000 4.508044 
50000 250.000000 -0.734383 1.169137 0.000000 4.424241 0.977312 0.000000 2.958273 
51000 255.000000 -0.511687 1.456171 0.000000 8.017075 2.826610 0.000000 3.777160 
52000 260.000000 -0.555126 1.383285 0.000000 6.552875 0.313875 0.000000 6.082062 
53000 265.000000 -0.566085 1.313970 0.000000 6.548245 1.432295 0.000000 4.399802 
54000 270.000000 -0.556558 1.387889 0.000000 8.171494 2.646417 0.000000 4.201869 
55000 275.000000 -0.690999 1.412815 0.000000 7.958490 3.204463 0.000000 3.151796 
56000 280.000000 -0.640499 1.338629 0.000000 6.725677 0.033785 0.000000 6.674999 
57000 285.000000 -0.495605 1.695065 0.000000 3.796418 1.322149 0.000000 1.813194 
58000 290.000000 -0.675280 1.260879 0.000000 6.560540 1.363288 0.000000 4.515607 
59000 295.000000 -0.592421 1.519999 0.000000 6.696628 0.734722 0.000000 5.594546 
60000 300.000000 -0.827241 1.243192 0.000000 5.916349 1.330182 0.000000 3.921076 
61000 305.000000 -0.427714 1.510306 0.000000 6.734094 0.003783 0.000000 6.728419 
62000 310.000000 -0.400931 1.496536 0.000000 6.474873 0.394941 0.000000 5.882461 
63000 315.000000 -0.665465 1.305251 0.000000 6.821892 0.336312 0.000000 6.317424 
64000 320.000000 -0.637136 1.390545 0.000000 7.963137 1.501848 0.000000 5.710365 
65000 325.000000 -0.336711 1.724660 0.000000 4.013976 0.315768 0.000000 3.540324 
66000 330.000000 -0.437410 1.502133 0.000000 7.157860 0.437676 0.000000 6.501346 
67000 335.000000 -0.846940 1.178528 0.000000 5.089815 0.327835 0.000000 4.598063 
68000 340.000000 -0.721428 1.355030 0.000000 7.296171 1.131350 0.000000 5.599146 
69000 345.000000 -0.495977 1.418137 0.000000 8.085569 2.067706 0.000000 4.984010 
70000 350.000000 -0.442081 1.583919 0.000000 6.878886 0.367726 0.000000 6.327296 
71000 355.000000 -0.535417 1.552930 0.000000 7.196719 0.875658 0.000000 5.883232 
72000 360.000000 -0.455605 1.459686 0.000000 7.718988 1.376041 0.000000 5.654926 
73000 365.000000 -0.582477 1.444778 0.000000 8.041089 0.906086 0.000000 6.681960 
74000 370.000000 -0.728585 1.204558 0.000000 6.442580 1.731771 0.000000 3.844924 
75000 375.000000 -0.490872 1.469104 0.000000 7.545551 0.075566 0.000000 7.432202 
76000 380.000000 -0.671642 1.418531 0.000000 8.035240 1.866510 0.000000 5.235475 
77000 385.000000 -0.508983 1.237344 0.000000 4.434924 1.392232 0.000000 2.346577 
78000 390.000000 -0.389697 1.490818 0.000000 6.525468 0.037594 0.000000 6.469077 
79000 395.000000 -0.657072 1.472454 0.000000 7.219767 1.034747 0.000000 5.667646 
80000 400.000000 -0.586025 1.472937 0.000000 9.043288 2.780036 0.000000 4.873234 
81000 405.000000 -0.592621 1.408952 0.000000 8.603900 1.462782 0.000000 6.409727 
82000 410.000000 -0.463830 1.497844 0.000000 8.597996 1.888040 0.000000 5.765935 
83000 415.000000 -0.738813 1.330688 0.000000 7.401522 0.824742 0.000000 6.164409 
84000 420.000000 -0.720340 1.400252 0.000000 6.695913 0.027873 0.000000 6.654104 
85000 425.000000 -0.374574 1.554772 0.000000 6.973476 0.329430 0.000000 6.479332 
86000 430.000000 -0.527366 1.551616 0.000000 7.283270 0.085417 0.000000 7.155145 
87000 435.000000 -0.433632 1.494104 0.000000 7.456878 0.095592 0.000000 7.313489 
88000 440.000000 -0.649710 1.379657 0.000000 8.041439 0.489793 0.000000 7.306749 
89000 445.000000 -0.383595 1.547770 0.000000 7.739759 1.469364 0.000000 5.535713 
90000 450.000000 -0.422441 1.679052 0.000000 5.588824 0.301767 0.000000 5.136173 
91000 455.000000 -0.497512 1.407198 0.000000 8.072236 1.188764 0.000000 6.289090 
92000 460.000000 -0.392938 1.512471 0.000000 7.543821 1.048568 0.000000 5.970969 
93000 465.000000 -0.551796 1.522437 0.000000 8.180795 1.162886 0.000000 6.436466 
94000 470.000000 -0.243138 1.700221 0.000000 4.954418 1.346412 0.000000 2.934799 
95000 475.000000 -0.682290 1.397330 0.000000 7.629622 0.102079 0.000000 7.476504 
96000 480.000000 -0.568209 1.435450 0.000000 8.308634 0.219105 0.000000 7.979976 
97000 485.000000 -0.486518 1.476322 0.000000 8.664810 1.249577 0.000000 6.790445 
98000 490.000000 -0.523690 1.384707 0.000000 8.644266 2.108767 0.000000 5.481116 
99000 495.000000 -0.278685 1.567294 0.000000 6.011777 1.227813 0.000000 4.170058 
100000 500.000000 -0.662366 1.347445 0.000000 8.611403 1.390187 0.000000 6.526122 
101000 505.000000 -0.591766 1.608015 0.000000 7.102867 3.978280 0.000000 1.135448 
102000 510.000000 -0.594162 1.480309 0.000000 8.098886 0.274957 0.000000 7.686450 
103000 515.000000 -0.398659 1.534605 0.000000 7.444905 0.012550 0.000000 7.426080 
104000 520.000000 -0.801406 1.378440 0.000000 7.509390 3.134983 0.000000 2.806915 
105000 525.000000 -0.563691 1.420510 0.000000 8.454533 0.038695 0.000000 8.396491 
106000 530.000000 -0.586412 1.224363 0.000000 5.586105 0.517745 0.000000 4.809488 
107000 535.000000 -0.578494 1.384043 0.000000 9.760189 2.895325 0.000000 5.417201 
108000 540.000000 -0.552257 1.380254 0.000000 8.554366 0.871029 0.000000 7.247823 
109000 545.000000 -0.551377 1.546825 0.000000 7.973678 0.762961 0.000000 6.829237 
110000 550.000000 -0.594258 1.388908 0.000000 8.647293 0.407971 0.000000 8.035336 
111000 555.000000 -0.534341 1.473477 0.000000 8.692458 0.308023 0.000000 8.230424 
112000 560.000000 -0.520292 1.584234 0.000000 8.604194 2.692411 0.000000 4.565578 
113000 565.000000 -0.584922 1.352650 0.000000 8.672533 1.061217 0.000000 7.080708 
114000 570.000000 -0.533571 1.434747 0.000000 8.782678 0.443916 0.000000 8.116804 
115000 575.000000 -0.550164 1.331185 0.000000 8.117140 1.352608 0.000000 6.088228 
116000 580.000000 -0.483218 1.407396 0.000000 8.156342 0.735028 0.000000 7.053800 
117000 585.000000 -0.463742 1.570170 0.000000 8.027537 0.049653 0.000000 7.953057 
118000 590.000000 -0.395070 1.558661 0.000000 8.996128 2.451301 0.000000 5.319177 
119000 595.000000 -0.546065 1.496449 0.000000 8.550172 0.041429 0.000000 8.488029 
120000 600.000000 -0.638531 1.458942 0.000000 8.751972 1.403790 0.000000 6.646286 
121000 605.000000 -0.413408 1.522668 0.000000 8.399678 0.869170 0.000000 7.095923 
122000 610.000000 -0.631287 1.302921 0.000000 7.934345 0.103462 0.000000 7.779152 
123000 615.000000 -0.465961 1.440631 0.000000 9.099884 2.080712 0.000000 5.978815 
124000 620.000000 -0.333514 1.471616 0.000000 7.179051 2.109186 0.000000 4.015272 
125000 625.000000 -0.457178 1.564042 0.000000 8.770711 1.117968 0.000000 7.093759 
126000 630.000000 -0.660344 1.403808 0.000000 11.294259 5.739235 0.000000 2.685406 
127000 635.000000 -0.535096 1.598026 0.000000 7.089280 0.192059 0.000000 6.801192 
128000 640.000000 -0.339223 1.584257 0.000000 8.492910 2.807842 0.000000 4.281147 
129000 645.000000 -0.625726 1.381012 0.000000 8.889952 0.341156 0.000000 8.378218 
130000 650.000000 -0.593874 1.403435 0.000000 8.953918 0.237169 0.000000 8.598164 
131000 655.000000 -0.440762 1.426692 0.000000 7.628137 0.157155 0.000000 7.392404 
132000 660.000000 -0.731505 1.221566 0.000000 7.150132 0.011928 0.000000 7.132240 
133000 665.000000 -0.555638 1.460399 0.000000 9.629938 1.440958 0.000000 7.468501 
134000 670.000000 -0.508330 1.525495 0.000000 9.028723 0.816776 0.000000 7.803560 
135000 675.000000 -0.415597 1.483641 0.000000 9.236320 2.709170 0.000000 5.172565 
136000 680.000000 -0.805788 1.289819 0.000000 7.336562 0.501284 0.000000 6.584636 
137000 685.000000 -0.640732 1.333974 0.000000 9.525924 2.066801 0.000000 6.425722 
138000 690.000000 -0.598755 1.392748 0.000000 9.158364 0.577713 0.000000 8.291795 
139000 695.000000 -0.472503 1.572749 0.000000 8.351932 0.282497 0.000000 7.928186 
140000 700.000000 -0.616010 1.377519 0.000000 9.536070 1.422323 0.000000 7.402586 
141000 705.000000 -0.880825 1.364388 0.000000 5.929044 0.821487 0.000000 4.696814 
142000 710.000000 -0.517205 1.167270 0.000000 4.528253 1.652740 0.000000 2.049142 
143000 715.000000 -0.450591 1.542453 0.000000 9.147741 0.465681 0.000000 8.449219 
144000 720.000000 -0.396680 1.585194 0.000000 8.616083 0.475859 0.000000 7.902295 
145000 725.000000 -0.485174 1.377432 0.000000 12.544336 9.012921 0.000000 -0.975046 
146000 730.000000 -0.681330 1.407035 0.000000 9.722663 1.932505 0.000000 6.823905 
147000 735.000000 -0.633794 1.342586 0.000000 9.453364 0.881163 0.000000 8.131620 
148000 740.000000 -0.706628 1.281355 0.000000 8.534043 0.163300 0.000000 8.289094 
149000 745.000000 -0.650710 1.358110 0.000000 9.884771 1.507267 0.000000 7.623870 
150000 750.000000 -0.584615 1.494160 0.000000 9.119257 0.219833 0.000000 8.789508 
151000 755.000000 -0.513470 1.526446 0.000000 9.615160 1.032041 0.000000 8.067099 
152000 760.000000 -0.511927 1.496213 0.000000 10.000809 1.365035 0.000000 7.953257 
153000 765.000000 -0.645399 1.400500 0.000000 9.235440 0.047387 0.000000 9.164359 
154000 770.000000 -0.676023 1.268778 0.000000 9.364314 2.160246 0.000000 6.123945 
155000 775.000000 -0.565574 1.470836 0.000000 9.628682 0.528319 0.000000 8.836204 
156000 780.000000 -0.573476 1.463834 0.000000 10.761128 2.752245 0.000000 6.632760 
157000 785.000000 -0.632031 1.417764 0.000000 9.435457 0.294022 0.000000 8.994424 
158000 790.000000 -0.521853 1.518003 0.000000 9.579407 0.704977 0.000000 8.521942 
159000 795.000000 -0.577280 1.483845 0.000000 10.100713 1.709701 0.000000 7.536161 
160000 800.000000 -0.484062 1.451080 0.000000 9.699483 0.877411 0.000000 8.383366 
161000 805.000000 -0.578660 1.367969 0.000000 10.493944 2.503407 0.000000 6.738833 
162000 810.000000 -0.577183 1.353085 0.000000 9.103933 0.047546 0.000000 9.032614 
163000 815.000000 -0.537008 1.365344 0.000000 10.364385 3.024472 0.000000 5.827678 
164000 820.000000 -0.533044 1.399413 0.000000 9.548583 0.527866 0.000000 8.756783 
165000 825.000000 -0.467096 1.458773 0.000000 10.769008 3.218033 0.000000 5.941959 
166000 830.000000 -0.507258 1.480506 0.000000 9.780714 0.498971 0.000000 9.032258 
167000 835.000000 -0.402309 1.554566 0.000000 11.144981 4.647885 0.000000 4.173154 
168000 840.000000 -0.605885 1.366622 0.000000 9.686709 0.540775 0.000000 8.875547 
169000 845.000000 -0.651954 1.313075 0.000000 9.471197 0.912332 0.000000 8.102699 
170000 850.000000 -0.615312 1.229264 0.000000 7.108932 0.029299 0.000000 7.064983 
171000 855.000000 -1.133177 1.228998 0.000000 4.649227 0.655672 0.000000 3.665719 
172000 860.000000 -0.745402 1.276949 0.000000 10.579671 0.363267 0.000000 10.034770 
173000 865.000000 -0.554640 1.433314 0.000000 11.681573 0.307863 0.000000 11.219779 
174000 870.000000 -0.411847 1.494121 0.000000 10.947712 0.728253 0.000000 9.855333 
175000 875.000000 -0.567796 1.382821 0.000000 11.553204 0.482401 0.000000 10.829603 
176000 880.000000 -0.535440 1.351345 0.000000 12.596898 4.137021 0.000000 6.391366 
177000 885.000000 -0.694476 1.440980 0.000000 10.406291 0.228004 0.000000 10.064285 
178000 890.000000 -0.710578 1.218962 0.000000 11.954062 4.514762 0.000000 5.181919 
179000 895.000000 -0.489747 1.468016 0.000000 11.437381 0.046070 0.000000 11.368276 
180000 900.000000 -0.364633 1.555368 0.000000 10.284824 0.093956 0.000000 10.143890 
181000 905.000000 -0.497254 1.400076 0.000000 11.380357 1.087425 0.000000 9.749220 
182000 910.000000 -0.554615 1.391878 0.000000 11.407898 0.079095 0.000000 11.289256 
183000 915.000000 -0.708426 1.343531 0.000000 11.540190 1.062883 0.000000 9.945866 
184000 920.000000 -0.432844 1.559445 0.000000 11.055586 0.166871 0.000000 10.805280 
185000 925.000000 -0.592135 1.299482 0.000000 10.431348 0.123774 0.000000 10.245687 
186000 930.000000 -0.676936 1.408789 0.000000 11.723991 1.201761 0.000000 9.921350 
187000 935.000000 -0.384424 1.599026 0.000000 10.948082 1.001979 0.000000 9.445113 
188000 940.000000 -0.517937 1.549932 0.000000 12.936533 3.780798 0.000000 7.265336 
189000 945.000000 -0.545464 1.494201 0.000000 11.522820 0.027199 0.000000 11.482022 
190000 950.000000 -0.643414 1.395618 0.000000 11.635082 0.234484 0.000000 11.283357 
191000 955.000000 -0.881489 1.276153 0.000000 9.413804 0.952818 0.000000 7.984577 
192000 960.000000 -0.507264 1.477055 0.000000 11.913043 0.436624 0.000000 11.258108 
193000 965.000000 -0.447982 1.492751 0.000000 12.048092 1.406157 0.000000 9.938857 
194000 970.000000 -0.616663 1.490540 0.000000 11.361566 0.551437 0.000000 10.534411 
195000 975.000000 -0.644434 1.366672 0.000000 13.267499 3.302374 0.000000 8.313937 
196000 980.000000 -0.552158 1.558355 0.000000 11.301795 1.003865 0.000000 9.795997 
197000 985.000000 -0.453315 1.584682 0.000000 11.447537 0.859774 0.000000 10.157877 
198000 990.000000 -0.627569 1.429851 0.000000 11.774474 0.172667 0.000000 11.515474 
199000 995.000000 -0.445686 1.398203 0.000000 10.338672 0.076599 0.000000 10.223774 
200000 1000.000000 -0.716475 1.412408 0.000000 10.978407 0.575255 0.000000 10.115525 
201000 1005.000000 -0.506447 1.508593 0.000000 11.829512 0.063173 0.000000 11.734753 
202000 1010.000000 -0.643947 1.358843 0.000000 12.332928 1.227784 0.000000 10.491252 
203000 1015.000000 -0.599590 1.318159 0.000000 11.191022 0.100446 0.000000 11.040354 
204000 1020.000000 -0.463269 1.700452 0.000000 8.437700 0.211423 0.000000 8.120566 
205000 1025.000000 -0.435306 1.614630 0.000000 10.742495 0.063636 0.000000 10.647041 
206000 1030.000000 -0.719691 1.322098 0.000000 11.456625 0.394743 0.000000 10.864510 
207000 1035.000000 -0.599561 1.296056 0.000000 11.214177 0.896079 0.000000 9.870059 
208000 1040.000000 -0.436755 1.474244 0.000000 11.573603 0.578620 0.000000 10.705673 
209000 1045.000000 -0.766661 1.481251 0.000000 9.211909 0.405079 0.000000 8.604292 
210000 1050.000000 -0.911915 1.188139 0.000000 9.046812 0.238339 0.000000 8.689304 
211000 1055.000000 -0.409111 1.557772 0.000000 12.269372 1.733337 0.000000 9.669366 
212000 1060.000000 0.252911 0.105172 0.000000 12.722325 0.012181 0.000000 12.704054 
213000 1065.000000 0.614040 -0.017775 0.000000 18.441181 0.664277 0.000000 17.444765 
214000 1070.000000 0.470054 -0.020048 0.000000 21.233637 0.590953 0.000000 20.347208 
215000 1075.000000 0.634977 -0.002740 0.000000 22.486764 0.769255 0.000000 21.332882 
216000 1080.000000 0.715182 -0.029672 0.000000 23.104149 0.330980 0.000000 22.607678 
217000 1085.000000 0.372424 0.143679 0.000000 27.618893 5.544146 0.000000 19.302673 
218000 1090.000000 0.246298 0.499694 0.000000 25.214200 0.776980 0.000000 24.048730 
219000 1095.000000 0.234877 0.141838 0.000000 29.151157 3.253257 0.000000 24.271271 
220000 1100.000000 0.305067 0.054835 0.000000 29.192596 0.114418 0.000000 29.020968 
221000 1105.000000 0.297553 0.043249 0.000000 29.343575 0.049401 0.000000 29.269473 
222000 1110.000000 0.017531 0.536699 0.000000 32.603484 0.912151 0.000000 31.235258 
223000 1115.000000 0.286139 0.074419 0.000000 31.851866 0.207181 0.000000 31.541095 
224000 1120.000000 -0.194277 0.479084 0.000000 34.637121 0.122837 0.000000 34.452865 
225000 1125.000000 -0.013766 0.504034 0.000000 37.971712 2.298999 0.000000 34.523213 
226000 1130.000000 -0.093638 0.225175 0.000000 36.525211 1.932673 0.000000 33.626201 
227000 1135.000000 0.446227 0.197410 0.000000 37.934475 0.056211 0.000000 37.850159 
228000 1140.000000 0.546900 0.107152 0.000000 41.535371 2.013834 0.000000 38.514619 
229000 1145.000000 0.136834 0.184996 0.000000 39.435170 0.415127 0.000000 38.812479 
230000 1150.000000 0.420232 0.055631 0.000000 42.405024 0.582604 0.000000 41.531118 
231000 1155.000000 0.457361 0.037914 0.000000 42.742281 0.631892 0.000000 41.794443 
232000 1160.000000 -0.740427 0.568296 0.000000 41.603648 1.204776 0.000000 39.796484 
233000 1165.000000 0.460322 0.026158 0.000000 45.639063 0.044772 0.000000 45.571905 
234000 1170.000000 0.370013 0.055001 0.000000 46.044113 1.684864 0.000000 43.516817 
235000 1175.000000 0.550622 0.019400 0.000000 47.234676 1.227121 0.000000 45.393995 
236000 1180.000000 0.719020 0.044167 0.000000 47.795517 2.382800 0.000000 44.221317 
237000 1185.000000 -0.054193 0.359743 0.000000 44.736350 0.169625 0.000000 44.481913 
238000 1190.000000 -0.479896 0.587826 0.000000 46.179446 0.441803 0.000000 45.516742 
239000 1195.000000 -0.064933 0.578227 0.000000 47.644984 1.673127 0.000000 45.135294 
240000 1200.000000 -0.100968 0.480828 0.000000 49.403549 1.761028 0.000000 46.762008 
241000 1205.000000 0.488579 0.073555 0.000000 51.827969 2.771784 0.000000 47.670292 
242000 1210.000000 0.519854 0.026190 0.000000 51.293954 0.889428 0.000000 49.959812 
243000 1215.000000 0.158035 -0.133566 0.000000 44.308950 0.026715 0.000000 44.268877 
244000 1220.000000 -0.421326 0.462774 0.000000 49.933448 1.068740 0.000000 48.330337 
245000 1225.000000 0.103638 0.365915 0.000000 50.575534 0.500999 0.000000 49.824036 
246000 1230.000000 0.792012 0.060237 0.000000 52.448081 0.574805 0.000000 51.585874 
247000 1235.000000 0.450730 -0.034153 0.000000 52.489325 1.331025 0.000000 50.492788 
248000 1240.000000 0.196442 0.450548 0.000000 51.033825 0.602207 0.000000 50.130514 
249000 1245.000000 -0.339947 0.365585 0.000000 50.100350 0.272717 0.000000 49.691274 
250000 1250.000000 -0.383775 0.522373 0.000000 52.473799 1.944463 0.000000 49.557104 
251000 1255.000000 0.748762 0.067395 0.000000 53.893852 0.049670 0.000000 53.819347 
252000 1260.000000 0.670254 0.094850 0.000000 54.098013 0.126464 0.000000 53.908317 
253000 1265.000000 0.178462 0.135305 0.000000 52.547522 0.498314 0.000000 51.800051 
254000 1270.000000 0.479458 0.030542 0.000000 55.177599 1.093745 0.000000 53.536981 
255000 1275.000000 0.881644 0.086081 0.000000 52.688687 0.700813 0.000000 51.637467 
256000 1280.000000 0.675504 -0.037647 0.000000 54.857808 0.563124 0.000000 54.013121 
257000 1285.000000 0.598930 -0.008158 0.000000 57.346582 4.332845 0.000000 50.847314 
258000 1290.000000 0.083697 0.512559 0.000000 53.124932 0.218144 0.000000 52.797716 
259000 1295.000000 -0.062102 0.539330 0.000000 54.006116 1.112561 0.000000 52.337275 
260000 1300.000000 -0.356539 0.452638 0.000000 53.223278 0.335369 0.000000 52.720225 
261000 1305.000000 -0.676480 0.480236 0.000000 53.905504 1.109562 0.000000 52.241161 
262000 1310.000000 0.784671 -0.029168 0.000000 57.011185 0.873509 0.000000 55.700921 
263000 1315.000000 0.339784 -0.044437 0.000000 55.490409 0.634341 0.000000 54.538898 
264000 1320.000000 0.690586 0.144685 0.000000 56.844425 2.730633 0.000000 52.748476 
265000 1325.000000 0.595843 0.006548 0.000000 57.981298 0.303568 0.000000 57.525946 
266000 1330.000000 0.514878 0.106716 0.000000 57.847037 1.423688 0.000000 55.711506 
267000 1335.000000 0.698944 -0.016500 0.000000 57.802530 0.316334 0.000000 57.328028 
268000 1340.000000 0.588012 -0.016676 0.000000 58.362720 1.264043 0.000000 56.466656 
269000 1345.000000 0.796650 0.072677 0.000000 56.982652 0.525505 0.000000 56.194395 
270000 1350.000000 0.645149 0.137419 0.000000 57.765313 2.536773 0.000000 53.960154 
271000 1355.000000 0.557101 0.053977 0.000000 58.495969 0.779707 0.000000 57.326408 
272000 1360.000000 0.472790 -0.057201 0.000000 56.498232 0.084107 0.000000 56.372071 
273000 1365.000000 0.671383 -0.031407 0.000000 58.104938 0.686543 0.000000 57.075124 
274000 1370.000000 0.479482 0.111424 0.000000 57.981164 1.007613 0.000000 56.469744 
275000 1375.000000 0.406634 -0.024740 0.000000 57.205475 0.616585 0.000000 56.280598 
276000 1380.000000 0.866345 0.064766 0.000000 57.007458 1.213511 0.000000 55.187191 
277000 1385.000000 0.837026 0.025263 0.000000 57.983043 1.235382 0.000000 56.129970 
278000 1390.000000 0.200962 0.458874 0.000000 56.185232 0.098587 0.000000 56.037353 
279000 1395.000000 -0.008324 0.425953 0.000000 57.631210 1.304099 0.000000 55.675063 
280000 1400.000000 0.596047 -0.019056 0.000000 58.839294 0.364207 0.000000 58.292984 
281000 1405.000000 0.341797 0.101389 0.000000 58.374384 1.200043 0.000000 56.574320 
282000 1410.000000 0.857061 0.056550 0.000000 59.197748 3.959524 0.000000 53.258462 
283000 1415.000000 0.374917 0.244880 0.000000 56.800744 0.227874 0.000000 56.458932 
284000 1420.000000 0.367433 0.156221 0.000000 58.130078 0.884423 0.000000 56.803444 
285000 1425.000000 0.094269 0.097979 0.000000 57.072984 1.210518 0.000000 55.257206 
286000 1430.000000 0.724998 0.056086 0.000000 59.305540 0.116484 0.000000 59.130814 
287000 1435.000000 0.687129 -0.004238 0.000000 60.398132 1.795840 0.000000 57.704373 
288000 1440.000000 0.292071 0.189554 0.000000 57.738364 0.023457 0.000000 57.703179 
289000 1445.000000 -0.098394 0.508317 0.000000 58.749081 1.440250 0.000000 56.588706 
290000 1450.000000 -0.055358 0.510776 0.000000 58.359976 0.526600 0.000000 57.570075 
291000 1455.000000 0.811754 -0.042467 0.000000 58.904592 0.240587 0.000000 58.543711 
292000 1460.000000 0.748470 0.102911 0.000000 58.778473 0.007355 0.000000 58.767441 
293000 1465.000000 0.589497 -0.061682 0.000000 59.005338 0.008381 0.000000 58.992766 
294000 1470.000000 0.488627 0.090137 0.000000 60.735925 1.719564 0.000000 58.156580 
295000 1475.000000 0.559731 0.071105 0.000000 62.441185 3.063552 0.000000 57.845857 
296000 1480.000000 0.687982 0.068850 0.000000 62.504268 3.509363 0.000000 57.240223 
297000 1485.000000 0.329486 0.018108 0.000000 60.468739 1.655495 0.000000 57.985497 
298000 1490.000000 0.085867 0.285751 0.000000 58.915377 0.950635 0.000000 57.489424 
299000 1495.000000 0.366763 0.085090 0.000000 60.908156 1.391417 0.000000 58.821031 
300000 1500.000000 0.708426 -0.071509 0.000000 60.604462 0.958467 0.000000 59.166762 
301000 1505.000000 0.623527 -0.000961 0.000000 62.011986 0.530456 0.000000 61.216303 
302000 1510.000000 0.617602 -0.015195 0.000000 61.886745 0.604118 0.000000 60.980568 
303000 1515.000000 0.600241 0.095352 0.000000 62.456404 2.240447 0.000000 59.095733 
304000 1520.000000 0.676991 0.043235 0.000000 61.868150 0.141352 0.000000 61.656123 
305000 1525.000000 0.257861 0.208472 0.000000 60.698014 1.848341 0.000000 57.925504 
306000 1530.000000 0.653487 0.001400 0.000000 62.862561 1.859634 0.000000 60.073111 
307000 1535.000000 0.702393 0.029633 0.000000 61.937194 0.038999 0.000000 61.878696 
308000 1540.000000 -0.276488 0.454777 0.000000 60.649479 1.638323 0.000000 58.191995 
309000 1545.000000 0.624521 -0.031379 0.000000 62.454907 1.411567 0.000000 60.337556 
310000 1550.000000 0.529020 0.186393 0.000000 59.981485 0.155790 0.000000 59.747799 
311000 1555.000000 0.747464 0.030396 0.000000 62.190739 0.351328 0.000000 61.663747 
312000 1560.000000 0.587166 0.025957 0.000000 62.846800 0.843413 0.000000 61.581680 
313000 1565.000000 0.476784 0.056499 0.000000 62.578784 1.062510 0.000000 60.985019 
314000 1570.000000 -0.482953 0.682890 0.000000 58.129809 0.177705 0.000000 57.863251 
315000 1575.000000 0.481633 -0.029150 0.000000 62.604965 1.149708 0.000000 60.880403 
316000 1580.000000 -0.171603 0.383542 0.000000 60.640108 0.184816 0.000000 60.362884 
317000 1585.000000 0.730128 -0.043222 0.000000 62.391809 0.307702 0.000000 61.930256 
318000 1590.000000 0.624140 -0.008624 0.000000 63.308935 0.639027 0.000000 62.350395 
319000 1595.000000 0.848465 -0.012621 0.000000 62.428771 1.034036 0.000000 60.877717 
320000 1600.000000 0.554731 -0.029619 0.000000 62.957253 0.823222 0.000000 61.722420 
321000 1605.000000 0.575539 0.068316 0.000000 64.527801 2.914318 0.000000 60.156324 
322000 1610.000000 0.039939 0.458692 0.000000 62.097476 1.240536 0.000000 60.236672 
323000 1615.000000 0.582700 0.019883 0.000000 64.066823 1.244881 0.000000 62.199501 
324000 1620.000000 0.417346 0.149919 0.000000 62.210640 0.432079 0.000000 61.562521 
325000 1625.000000 0.815642 0.040824 0.000000 62.686618 0.329062 0.000000 62.193026 
326000 1630.000000 0.799015 -0.008344 0.000000 63.856622 2.139473 0.000000 60.647413 
327000 1635.000000 -0.312490 0.752522 0.000000 57.185278 0.158877 0.000000 56.946961 
328000 1640.000000 -0.057253 0.608339 0.000000 60.779749 0.483845 0.000000 60.053981 
329000 1645.000000 0.599493 0.106849 0.000000 64.124633 1.852077 0.000000 61.346517 
330000 1650.000000 0.452329 -0.027950 0.000000 63.894408 2.151535 0.000000 60.667105 
331000 1655.000000 0.688181 0.022409 0.000000 64.120166 0.253451 0.000000 63.739990 
332000 1660.000000 0.507694 0.026269 0.000000 64.015231 0.382066 0.000000 63.442132 
333000 1665.000000 0.681283 0.042728 0.000000 64.279640 0.601826 0.000000 63.376901 
334000 1670.000000 0.481492 0.091874 0.000000 63.561740 0.142227 0.000000 63.348399 
335000 1675.000000 -0.049064 0.519178 0.000000 63.641737 2.839823 0.000000 59.382002 
336000 1680.000000 -0.156982 0.274172 0.000000 60.092859 0.177967 0.000000 59.825910 
337000 1685.000000 0.082447 0.473815 0.000000 62.318193 0.138939 0.000000 62.109785 
338000 1690.000000 0.553149 0.044836 0.000000 64.552468 0.307446 0.000000 64.091299 
339000 1695.000000 0.445157 0.162275 0.000000 62.866719 0.121347 0.000000 62.684698 
340000 1700.000000 0.808255 0.003581 0.000000 63.766874 0.017681 0.000000 63.740352 
341000 1705.000000 0.556877 0.060876 0.000000 64.820248 0.847747 0.000000 63.548628 
342000 1710.000000 0.185705 0.362391 0.000000 62.388933 0.257281 0.000000 62.003011 
343000 1715.000000 -0.214192 0.485755 0.000000 65.583089 5.779082 0.000000 56.914466 
344000 1720.000000 0.393918 0.044665 0.000000 63.905988 0.146437 0.000000 63.686333 
345000 1725.000000 0.252351 0.497421 0.000000 63.338815 3.568736 0.000000 57.985711 
346000 1730.000000 0.616321 -0.014451 0.000000 64.594226 0.052327 0.000000 64.515736 
347000 1735.000000 0.276146 0.482130 0.000000 61.925627 0.714697 0.000000 60.853581 
348000 1740.000000 0.722054 -0.009447 0.000000 65.648323 2.056132 0.000000 62.564124 
349000 1745.000000 0.340905 0.163620 0.000000 63.212461 0.056365 0.000000 63.127913 
350000 1750.000000 0.508400 0.090362 0.000000 64.649883 0.409777 0.000000 64.035217 
351000 1755.000000 -0.445122 0.454348 0.000000 61.890091 0.195070 0.000000 61.597487 
352000 1760.000000 -0.201987 0.474112 0.000000 63.586989 0.929391 0.000000 62.192903 
353000 1765.000000 0.614637 -0.003014 0.000000 65.219710 0.281672 0.000000 64.797201 
354000 1770.000000 0.568432 -0.007155 0.000000 64.970844 0.092301 0.000000 64.832393 
355000 1775.000000 0.221515 0.224367 0.000000 63.183623 0.220298 0.000000 62.853176 
356000 1780.000000 0.466869 0.033698 0.000000 65.191323 0.578800 0.000000 64.323123 
357000 1785.000000 0.810755 -0.078431 0.000000 63.067164 0.093484 0.000000 62.926939 
358000 1790.000000 0.644137 -0.010270 0.000000 65.308997 0.194878 0.000000 65.016680 
359000 1795.000000 0.373532 0.018656 0.000000 64.903084 1.347489 0.000000 62.881851 
360000 1800.000000 0.306190 0.311478 0.000000 62.821553 0.004060 0.000000 62.815462 
361000 1805.000000 0.104298 0.042513 0.000000 62.251254 0.057116 0.000000 62.165580 
362000 1810.000000 -0.512039 0.462235 0.000000 62.545803 0.732520 0.000000 61.447024 
363000 1815.000000 -0.445842 0.499361 0.000000 63.423716 1.476315 0.000000 61.209243 
364000 1820.000000 0.597671 0.085593 0.000000 65.636658 0.347083 0.000000 65.116033 
365000 1825.000000 0.450622 0.162020 0.000000 64.369213 0.406980 0.000000 63.758743 
366000 1830.000000 0.586285 0.073911 0.000000 65.840639 0.388525 0.000000 65.257852 
367000 1835.000000 0.703499 0.087572 0.000000 66.398385 2.572160 0.000000 62.540145 
368000 1840.000000 0.656188 0.045195 0.000000 66.021826 0.242116 0.000000 65.658652 
369000 1845.000000 0.627665 0.049751 0.000000 66.057053 0.249083 0.000000 65.683429 
370000 1850.000000 0.614709 0.007323 0.000000 65.953966 0.004164 0.000000 65.947720 
371000 1855.000000 0.564013 0.038730 0.000000 66.602384 1.345702 0.000000 64.583831 
372000 1860.000000 0.070536 0.452021 0.000000 65.360598 2.624417 0.000000 61.423973 
373000 1865.000000 0.650686 0.022250 0.000000 66.825666 1.508982 0.000000 64.562193 
374000 1870.000000 -0.063458 0.416622 0.000000 64.406119 0.685020 0.000000 63.378590 
375000 1875.000000 0.056339 0.585062 0.000000 64.060538 2.556567 0.000000 60.225687 
376000 1880.000000 -0.018601 0.204696 0.000000 62.427598 0.241987 0.000000 62.064618 
377000 1885.000000 0.294673 0.124894 0.000000 65.504698 1.567252 0.000000 63.153820 
378000 1890.000000 0.670721 0.061169 0.000000 67.005135 1.755114 0.000000 64.372464 
379000 1895.000000 0.620562 0.099966 0.000000 65.748766 0.215579 0.000000 65.425398 
380000 1900.000000 0.769861 -0.037412 0.000000 65.566629 0.099644 0.000000 65.417163 
381000 1905.000000 0.762192 0.051529 0.000000 65.884759 0.112761 0.000000 65.715617 
382000 1910.000000 0.368459 0.131507 0.000000 65.524732 1.015253 0.000000 64.001853 
383000 1915.000000 0.213799 0.199607 0.000000 64.604904 0.781867 0.000000 63.432103 
384000 1920.000000 0.586477 0.034795 0.000000 67.385850 1.746672 0.000000 64.765842 
385000 1925.000000 -0.374706 0.547806 0.000000 64.986886 2.603109 0.000000 61.082222 
386000 1930.000000 0.245675 0.423831 0.000000 64.592385 0.852616 0.000000 63.313461 
387000 1935.000000 -0.089948 0.352947 0.000000 64.329782 0.485562 0.000000 63.601439 
388000 1940.000000 -0.140034 0.329060 0.000000 63.896964 0.670779 0.000000 62.890795 
389000 1945.000000 -0.032471 0.502512 0.000000 65.670920 1.342868 0.000000 63.656618 
390000 1950.000000 0.665808 -0.050657 0.000000 67.322368 2.322066 0.000000 63.839268 
391000 1955.000000 0.672760 0.098515 0.000000 66.486030 0.605031 0.000000 65.578484 
392000 1960.000000 0.301359 0.074385 0.000000 65.995053 0.731964 0.000000 64.897107 
393000 1965.000000 0.465607 -0.087504 0.000000 65.120884 1.571676 0.000000 62.763369 
394000 1970.000000 0.150984 0.556470 0.000000 63.861501 0.109509 0.000000 63.697237 
395000 1975.000000 0.473524 0.189888 0.000000 65.103082 0.185184 0.000000 64.825306 
396000 1980.000000 0.130836 0.219916 0.000000 64.574475 0.281884 0.000000 64.151648 
397000 1985.000000 0.565004 0.041368 0.000000 67.260281 0.012934 0.000000 67.240880 
398000 1990.000000 0.819912 0.003783 0.000000 66.744625 0.492181 0.000000 66.006354 
399000 1995.000000 -0.187277 0.480308 0.000000 65.932923 1.117723 0.000000 64.256338 
400000 2000.000000 0.258114 0.088719 0.000000 65.857794 0.548443 0.000000 65.035129 
401000 2005.000000 0.064222 0.361803 0.000000 65.242648 0.313895 0.000000 64.771805 
402000 2010.000000 -0.855049 0.564392 0.000000 65.557565 3.377548 0.000000 60.491243 
403000 2015.000000 -0.572718 1.478888 0.000000 71.684466 1.469815 0.000000 69.479744 
404000 2020.000000 -0.592265 1.436278 0.000000 71.195066 0.197094 0.000000 70.899426 
405000 2025.000000 -0.576466 1.339824 0.000000 71.399725 1.950493 0.000000 68.473986 
406000 2030.000000 -0.571486 1.530974 0.000000 70.760653 0.946666 0.000000 69.340654 
407000 2035.000000 -0.618175 1.436514 0.000000 70.980223 0.091936 0.000000 70.842319 
408000 2040.000000 -0.769720 1.380957 0.000000 70.094649 1.675785 0.000000 67.580972 
409000 2045.000000 -0.615292 1.328855 0.000000 70.977027 0.850008 0.000000 69.702014 
410000 2050.000000 -0.693829 1.264968 0.000000 70.321484 0.711619 0.000000 69.254055 
411000 2055.000000 -0.639283 1.480682 0.000000 70.193780 0.106574 0.000000 70.033919 
412000 2060.000000 -0.690944 1.374028 0.000000 70.876912 0.589784 0.000000 69.992236 
413000 2065.000000 -0.643550 1.431177 0.000000 70.855564 0.240365 0.000000 70.495016 
414000 2070.000000 -0.448723 1.505361 0.000000 71.367827 1.226724 0.000000 69.527741 
415000 2075.000000 -0.463050 1.450453 0.000000 71.475721 1.830864 0.000000 68.729425 
416000 2080.000000 -0.413683 1.489897 0.000000 72.588203 4.820327 0.000000 65.357713 
417000 2085.000000 -0.524838 1.351756 0.000000 70.092239 0.271255 0.000000 69.685356 
418000 2090.000000 -0.611840 1.531007 0.000000 69.923859 0.591538 0.000000 69.036552 
419000 2095.000000 -0.502624 1.484346 0.000000 71.176368 0.228398 0.000000 70.833771 
420000 2100.000000 -0.590509 1.313770 0.000000 70.712124 1.129837 0.000000 69.017368 
421000 2105.000000 -0.468892 1.430415 0.000000 71.321395 1.824204 0.000000 68.585090 
422000 2110.000000 -0.643322 1.296278 0.000000 70.605163 0.639668 0.000000 69.645660 
423000 2115.000000 -0.508754 1.462453 0.000000 71.428625 0.653911 0.000000 70.447758 
424000 2120.000000 -0.749092 1.582455 0.000000 65.441058 0.514660 0.000000 64.669068 
425000 2125.000000 -0.433483 1.410382 0.000000 70.314083 1.568141 0.000000 67.961872 
426000 2130.000000 -0.650047 1.331835 0.000000 71.157484 0.644966 0.000000 70.190035 
427000 2135.000000 -0.588383 1.560462 0.000000 70.037605 1.078629 0.000000 68.419662 
428000 2140.000000 -0.480219 1.398539 0.000000 70.332132 0.294985 0.000000 69.889654 
429000 2145.000000 -0.301946 1.513196 0.000000 68.631760 0.283154 0.000000 68.207028 
430000 2150.000000 -0.531664 1.392577 0.000000 71.722203 1.700540 0.000000 69.171393 
431000 2155.000000 -0.650697 1.410587 0.000000 71.889468 1.817717 0.000000 69.162893 
432000 2160.000000 -0.571424 1.377613 0.000000 71.036790 0.007576 0.000000 71.025427 
433000 2165.000000 -0.592961 1.354295 0.000000 71.446032 1.093237 0.000000 69.806177 
434000 2170.000000 -0.635288 1.402435 0.000000 72.081973 1.891352 0.000000 69.244945 
435000 2175.000000 -0.638407 1.392873 0.000000 72.220603 2.162883 0.000000 68.976278 
436000 2180.000000 -0.622317 1.456113 0.000000 71.159142 0.533474 0.000000 70.358931 
437000 2185.000000 -0.741627 1.380697 0.000000 70.261335 0.728206 0.000000 69.169025 
438000 2190.000000 -0.573077 1.460247 0.000000 71.310366 0.090617 0.000000 71.174440 
439000 2195.000000 -0.462361 1.511696 0.000000 71.505785 0.993151 0.000000 70.016059 
440000 2200.000000 -0.662148 1.344190 0.000000 71.126084 0.358932 0.000000 70.587686 
441000 2205.000000 -0.611029 1.366244 0.000000 71.230322 0.251372 0.000000 70.853263 
442000 2210.000000 -0.501740 1.425436 0.000000 71.285034 0.704023 0.000000 70.229000 
443000 2215.000000 -0.662336 1.264855 0.000000 70.222176 0.418338 0.000000 69.594669 
444000 2220.000000 -0.540869 1.411229 0.000000 71.789474 1.283416 0.000000 69.864349 
445000 2225.000000 -0.670716 1.408869 0.000000 70.895083 0.257601 0.000000 70.508682 
446000 2230.000000 -0.873690 1.085318 0.000000 68.422965 2.256848 0.000000 65.037692 
447000 2235.000000 -0.404141 1.580264 0.000000 70.743913 0.736050 0.000000 69.639839 
448000 2240.000000 -0.692660 1.526652 0.000000 68.256319 0.248062 0.000000 67.884226 
449000 2245.000000 -0.512396 1.468810 0.000000 71.487062 0.410613 0.000000 70.871143 
450000 2250.000000 -0.690073 1.288979 0.000000 70.558312 0.153683 0.000000 70.327788 
451000 2255.000000 -0.777078 1.242174 0.000000 70.355737 1.198517 0.000000 68.557961 
452000 2260.000000 -0.407340 1.552122 0.000000 70.979932 0.885055 0.000000 69.652350 
453000 2265.000000 -0.344451 1.636505 0.000000 70.000459 1.108367 0.000000 68.337908 
454000 2270.000000 -0.542431 1.457453 0.000000 71.488216 0.253273 0.000000 71.108307 
455000 2275.000000 -0.344600 1.401223 0.000000 69.716756 4.323147 0.000000 63.232035 
456000 2280.000000 -0.699611 1.474704 0.000000 69.864310 1.197312 0.000000 68.068343 
457000 2285.000000 -0.680503 1.277132 0.000000 71.401004 2.008817 0.000000 68.387778 
458000 2290.000000 -0.524014 1.460548 0.000000 73.071759 3.356940 0.000000 68.036348 
459000 2295.000000 -0.672393 1.374934 0.000000 73.121593 4.212060 0.000000 66.803503 
460000 2300.000000 -0.534621 1.399931 0.000000 71.776857 1.361985 0.000000 69.733879 
461000 2305.000000 -0.538426 1.311025 0.000000 69.593915 0.140927 0.000000 69.382524 
462000 2310.000000 -0.431678 1.554776 0.000000 72.359244 3.109847 0.000000 67.694474 
463000 2315.000000 -0.407281 1.607741 0.000000 70.746115 1.012428 0.000000 69.227473 
464000 2320.000000 -0.577470 1.489806 0.000000 71.818946 1.445537 0.000000 69.650641 
465000 2325.000000 -0.471869 1.394143 0.000000 71.108531 2.082259 0.000000 67.985143 
466000 2330.000000 -0.400425 1.425666 0.000000 69.400413 0.376730 0.000000 68.835319 
467000 2335.000000 -0.551625 1.125129 0.000000 65.189199 0.209960 0.000000 64.874259 
468000 2340.000000 -0.254311 1.648172 0.000000 68.167548 0.247874 0.000000 67.795738 
469000 2345.000000 -0.482256 1.492679 0.000000 71.369109 0.153166 0.000000 71.139360 
470000 2350.000000 -0.482456 1.590801 0.000000 70.648966 0.511506 0.000000 69.881708 
471000 2355.000000 -0.461670 1.438778 0.000000 72.246883 3.157484 0.000000 67.510658 
472000 2360.000000 -0.660040 1.297504 0.000000 71.177752 0.987619 0.000000 69.696323 
473000 2365.000000 -0.671265 1.443263 0.000000 70.902358 0.792899 0.000000 69.713010 
474000 2370.000000 -0.404297 1.479799 0.000000 70.767380 1.197140 0.000000 68.971670 
475000 2375.000000 -0.550110 1.441424 0.000000 71.521693 0.011261 0.000000 71.504802 
476000 2380.000000 -0.569108 1.333979 0.000000 70.630936 0.144847 0.000000 70.413665 
477000 2385.000000 -0.564268 1.407238 0.000000 72.160161 1.466862 0.000000 69.959868 
478000 2390.000000 -0.506764 1.472911 0.000000 72.263116 1.678503 0.000000 69.745362 
479000 2395.000000 -0.624832 1.458682 0.000000 71.197919 0.387272 0.000000 70.617010 
480000 2400.000000 -0.472434 1.414584 0.000000 70.573657 0.164567 0.000000 70.326806 
481000 2405.000000 -0.579685 1.486843 0.000000 71.361393 0.378102 0.000000 70.794240 
482000 2410.000000 -0.735618 1.351597 0.000000 71.742384 2.593789 0.000000 67.851701 
483000 2415.000000 -0.577733 1.172273 0.000000 66.882208 0.470452 0.000000 66.176530 
484000 2420.000000 -0.760131 1.159416 0.000000 69.180746 0.952647 0.000000 67.751776 
485000 2425.000000 -0.480958 1.609653 0.000000 70.085008 0.064456 0.000000 69.988323 
486000 2430.000000 -0.517812 1.538674 0.000000 71.376322 0.702225 0.000000 70.322985 
487000 2435.000000 -0.646543 1.472217 0.000000 70.518438 0.048259 0.000000 70.446049 
488000 2440.000000 -0.478595 1.488117 0.000000 72.363859 2.093465 0.000000 69.223660 
489000 2445.000000 -0.618200 1.336567 0.000000 71.858187 1.587719 0.000000 69.476608 
490000 2450.000000 -0.751507 1.171861 0.000000 69.293399 0.702878 0.000000 68.239082 
491000 2455.000000 -0.622201 1.545011 0.000000 69.917288 1.052292 0.000000 68.338849 
492000 2460.000000 -0.596142 1.505488 0.000000 70.958900 0.429656 0.000000 70.314416 
493000 2465.000000 -0.602702 1.304898 0.000000 71.190580 1.458389 0.000000 69.002997 
494000 2470.000000 -0.718150 1.442808 0.000000 69.863975 0.582627 0.000000 68.990035 
495000 2475.000000 -0.403152 1.583381 0.000000 71.302859 1.450950 0.000000 69.126434 
496000 2480.000000 -0.584605 1.509051 0.000000 72.669741 3.619301 0.000000 67.240789 
497000 2485.000000 -0.465567 1.488908 0.000000 71.593308 0.721209 0.000000 70.511495 
498000 2490.000000 -0.357877 1.629953 0.000000 69.854811 0.040880 0.000000 69.793491 
499000 2495.000000 -0.566789 1.295788 0.000000 70.716452 1.883965 0.000000 67.890504 
