0 0.000000 -0.550000 1.450000 0.000000 0.069320 0.046213 0.000000 0.000000 
0 0.000000 -0.549728 1.449542 0.000000 0.074527 0.056597 0.000000 -0.010369 
1000 5.000000 -0.561979 1.422327 0.000000 0.383892 0.730337 0.000000 -0.711613 
2000 10.000000 -0.556285 1.512714 0.000000 -0.411169 0.151445 0.000000 -0.638337 
3000 15.000000 -0.591209 1.427746 0.000000 0.067229 0.157059 0.000000 -0.168359 
4000 20.000000 -0.570422 1.409041 0.000000 0.703930 1.437998 0.000000 -1.453068 
5000 25.000000 -0.498766 1.441249 0.000000 -0.296211 0.109224 0.000000 -0.460047 
6000 30.000000 -0.670047 1.362959 0.000000 -0.125258 0.576837 0.000000 -0.990514 
7000 35.000000 -0.780710 1.297642 0.000000 -1.711608 0.069961 0.000000 -1.816549 
8000 40.000000 -0.621885 1.410164 0.000000 0.165276 0.621849 0.000000 -0.767497 
9000 45.000000 -0.556373 1.453895 0.000000 0.154923 0.239516 0.000000 -0.204351 
10000 50.000000 -0.594745 1.354024 0.000000 -0.132354 0.460125 0.000000 -0.822541 
11000 55.000000 -0.571044 1.404840 0.000000 0.516577 1.103244 0.000000 -1.138289 
12000 60.000000 -0.630783 1.349033 0.000000 -0.158311 0.203237 0.000000 -0.463166 
13000 65.000000 -0.722351 1.342604 0.000000 -0.743506 0.540350 0.000000 -1.554031 
14000 70.000000 -0.544284 1.519213 0.000000 -0.440836 0.012204 0.000000 -0.459142 
15000 75.000000 -0.492828 1.517780 0.000000 -0.003177 0.344023 0.000000 -0.519211 
16000 80.000000 -0.454358 1.524710 0.000000 -0.276507 0.181939 0.000000 -0.549414 
17000 85.000000 -0.579877 1.435773 0.000000 0.205013 0.377811 0.000000 -0.361703 
18000 90.000000 -0.631210 1.365205 0.000000 0.393637 1.132193 0.000000 -1.304652 
19000 95.000000 -0.605027 1.394182 0.000000 0.065962 0.211299 0.000000 -0.250987 
20000 100.000000 -0.670611 1.309422 0.000000 -0.228624 0.665708 0.000000 -1.227186 
21000 105.000000 -0.647202 1.317223 0.000000 -0.431633 0.158971 0.000000 -0.670090 
22000 110.000000 -0.586040 1.466519 0.000000 0.031963 0.520701 0.000000 -0.749088 
23000 115.000000 -0.542184 1.404777 0.000000 0.077344 0.627155 0.000000 -0.863387 
24000 120.000000 -0.655203 1.302461 0.000000 -0.615661 0.080170 0.000000 -0.735916 
25000 125.000000 -0.438592 1.532905 0.000000 -0.438358 0.138729 0.000000 -0.646452 
26000 130.000000 -0.563193 1.487458 0.000000 -0.075812 0.303724 0.000000 -0.531398 
27000 135.000000 -0.544468 1.472937 0.000000 0.001935 0.007539 0.000000 -0.009374 
28000 140.000000 -0.599125 1.387799 0.000000 0.041868 0.197151 0.000000 -0.253858 
29000 145.000000 -0.612401 1.361032 0.000000 -0.033436 0.330937 0.000000 -0.529841 
30000 150.000000 -0.594872 1.370820 0.000000 0.020567 0.403384 0.000000 -0.584508 
31000 155.000000 -0.589301 1.398696 0.000000 0.211754 0.462151 0.000000 -0.481472 
32000 160.000000 -0.689577 1.311796 0.000000 -0.434011 0.337082 0.000000 -0.939635 
33000 165.000000 -0.601707 1.449704 0.000000 -0.085409 0.284840 0.000000 -0.512669 
34000 170.000000 -0.360385 1.659867 0.000000 -1.703184 0.382556 0.000000 -2.277018 
35000 175.000000 -0.726940 1.241631 0.000000 -1.051880 0.467378 0.000000 -1.752948 
36000 180.000000 -0.591026 1.456583 0.000000 0.041101 0.445121 0.000000 -0.626581 
37000 185.000000 -0.770511 1.272921 0.000000 -1.264828 0.381792 0.000000 -1.837515 
38000 190.000000 -0.541547 1.430107 0.000000 0.085089 0.232716 0.000000 -0.263985 
39000 195.000000 -0.730994 1.344060 0.000000 -0.845503 0.661690 0.000000 -1.838038 
40000 200.000000 -0.552824 1.482397 0.000000 0.202654 0.599879 0.000000 -0.697165 
41000 205.000000 -0.654572 1.401541 0.000000 -0.073577 0.740630 0.000000 -1.184522 
42000 210.000000 -0.551810 1.484431 0.000000 -0.095150 0.025343 0.000000 -0.133164 
43000 215.000000 -0.426410 1.603984 0.000000 -0.932367 0.090170 0.000000 -1.067622 
44000 220.000000 -0.469431 1.456064 0.000000 -0.347100 0.541393 0.000000 -1.159189 
45000 225.000000 -0.407062 1.612548 0.000000 -0.784732 0.658183 0.000000 -1.772007 
46000 230.000000 -0.589278 1.443624 0.000000 0.377571 0.887721 0.000000 -0.954011 
47000 235.000000 -0.524878 1.537616 0.000000 -0.308355 0.421542 0.000000 -0.940669 
48000 240.000000 -0.628942 1.280777 0.000000 -1.041806 0.362353 0.000000 -1.585335 
49000 245.000000 -0.564295 1.439087 0.000000 0.355112 0.612476 0.000000 -0.563601 
50000 250.000000 -0.653655 1.288989 0.000000 -0.251399 1.189695 0.000000 -2.035941 
51000 255.000000 -0.510956 1.443050 0.000000 0.611894 1.599394 0.000000 -1.787196 
52000 260.000000 -0.544354 1.388909 0.000000 -0.377292 0.058998 0.000000 -0.465790 
53000 265.000000 -0.560033 1.345912 0.000000 -0.576300 0.650416 0.000000 -1.551924 
54000 270.000000 -0.552988 1.428142 0.000000 0.559984 1.090400 0.000000 -1.075615 
55000 275.000000 -0.655377 1.434104 0.000000 -0.405870 0.866417 0.000000 -1.705496 
56000 280.000000 -0.601046 1.370809 0.000000 -0.147840 0.013737 0.000000 -0.168446 
57000 285.000000 -0.504638 1.629578 0.000000 -2.175273 0.264508 0.000000 -2.572035 
58000 290.000000 -0.643883 1.324699 0.000000 0.024803 0.930713 0.000000 -1.371267 
59000 295.000000 -0.574176 1.494078 0.000000 -0.208129 0.442995 0.000000 -0.872621 
60000 300.000000 -0.732718 1.305214 0.000000 -0.701417 0.583567 0.000000 -1.576768 
61000 305.000000 -0.494705 1.514578 0.000000 -0.106970 0.091263 0.000000 -0.243864 
62000 310.000000 -0.466015 1.499277 0.000000 -0.192184 0.231860 0.000000 -0.539974 
63000 315.000000 -0.627874 1.340294 0.000000 -0.283060 0.100864 0.000000 -0.434356 
64000 320.000000 -0.630848 1.403445 0.000000 0.072935 0.523593 0.000000 -0.712455 
65000 325.000000 -0.366586 1.613996 0.000000 -1.333625 0.199779 0.000000 -1.633293 
66000 330.000000 -0.475200 1.510186 0.000000 -0.074963 0.274684 0.000000 -0.486989 
67000 335.000000 -0.751674 1.245515 0.000000 -1.211690 0.246184 0.000000 -1.580966 
68000 340.000000 -0.655256 1.383386 0.000000 -0.055173 0.558633 0.000000 -0.893122 
69000 345.000000 -0.542132 1.436021 0.000000 0.533849 1.064250 0.000000 -1.062527 
70000 350.000000 -0.478556 1.532442 0.000000 -0.192259 0.154726 0.000000 -0.424347 
71000 355.000000 -0.524874 1.521160 0.000000 0.044436 0.686559 0.000000 -0.985401 
72000 360.000000 -0.496979 1.476082 0.000000 0.356032 0.950920 0.000000 -1.070348 
73000 365.000000 -0.589706 1.459063 0.000000 -0.019041 0.345524 0.000000 -0.537327 
74000 370.000000 -0.634801 1.320161 0.000000 -0.276077 0.500672 0.000000 -1.027086 
75000 375.000000 -0.512065 1.491950 0.000000 -0.043955 0.011070 0.000000 -0.060559 
76000 380.000000 -0.633661 1.439698 0.000000 -0.192048 0.702164 0.000000 -1.245294 
77000 385.000000 -0.530127 1.385045 0.000000 -0.373114 0.592629 0.000000 -1.262057 
78000 390.000000 -0.443227 1.530071 0.000000 -0.412767 0.103321 0.000000 -0.567749 
79000 395.000000 -0.613865 1.444384 0.000000 0.021034 0.678863 0.000000 -0.997261 
80000 400.000000 -0.530875 1.428680 0.000000 0.379791 0.996351 0.000000 -1.114735 
81000 405.000000 -0.567688 1.407984 0.000000 0.347245 0.752981 0.000000 -0.782227 
82000 410.000000 -0.505823 1.500364 0.000000 0.419025 1.006901 0.000000 -1.091327 
83000 415.000000 -0.674632 1.344798 0.000000 -0.169423 0.520439 0.000000 -0.950082 
84000 420.000000 -0.655914 1.396025 0.000000 -0.417346 0.004215 0.000000 -0.423668 
85000 425.000000 -0.436113 1.537615 0.000000 -0.381291 0.294843 0.000000 -0.823556 
86000 430.000000 -0.501632 1.499145 0.000000 -0.067626 0.039002 0.000000 -0.126129 
87000 435.000000 -0.481207 1.496177 0.000000 -0.173595 0.022206 0.000000 -0.206904 
88000 440.000000 -0.606827 1.406200 0.000000 0.123712 0.325381 0.000000 -0.364360 
89000 445.000000 -0.443580 1.544759 0.000000 -0.161345 0.620010 0.000000 -1.091361 
90000 450.000000 -0.468741 1.609463 0.000000 -0.971497 0.599764 0.000000 -1.871143 
91000 455.000000 -0.521602 1.418205 0.000000 -0.182204 0.266860 0.000000 -0.582494 
92000 460.000000 -0.475107 1.517846 0.000000 0.112453 0.671616 0.000000 -0.894971 
93000 465.000000 -0.527282 1.492169 0.000000 0.205888 0.527689 0.000000 -0.585646 
94000 470.000000 -0.330900 1.623448 0.000000 -1.736155 0.515682 0.000000 -2.509678 
95000 475.000000 -0.644572 1.418265 0.000000 -0.410110 0.101827 0.000000 -0.562851 
96000 480.000000 -0.557965 1.432894 0.000000 0.107012 0.134416 0.000000 -0.094613 
97000 485.000000 -0.512644 1.482838 0.000000 0.249533 0.562560 0.000000 -0.594308 
98000 490.000000 -0.522733 1.414640 0.000000 0.029213 0.748279 0.000000 -1.093206 
99000 495.000000 -0.404319 1.577177 0.000000 -0.524847 0.733763 0.000000 -1.625492 
