No protocol specified
              :-) GROMACS - gmx mdrun, 2020.6-plumed-2.9.0-dev (-:

                            GROMACS is written by:
     Emile Apol      Rossen Apostolov      Paul Bauer     Herman J.C. Berendsen
    Par Bjelkmar      Christian Blau   Viacheslav Bolnykh     Kevin Boyd    
 Aldert van Buuren   Rudi van Drunen     Anton Feenstra       Alan Gray     
  Gerrit Groenhof     Anca Hamuraru    Vincent Hindriksen  M. Eric Irrgang  
  Aleksei Iupinov   Christoph Junghans     Joe Jordan     Dimitrios Karkoulis
    Peter Kasson        Jiri Kraus      Carsten Kutzner      Per Larsson    
  Justin A. Lemkul    Viveca Lindahl    Magnus Lundborg     Erik Marklund   
    Pascal Merz     Pieter Meulenhoff    Teemu Murtola       Szilard Pall   
    Sander Pronk      Roland Schulz      Michael Shirts    Alexey Shvetsov  
   Alfons Sijbers     Peter Tieleman      Jon Vincent      Teemu Virolainen 
 Christian Wennberg    Maarten Wolf      Artem Zhmurov   
                           and the project leaders:
        Mark Abraham, Berk Hess, Erik Lindahl, and David van der Spoel

Copyright (c) 1991-2000, University of Groningen, The Netherlands.
Copyright (c) 2001-2019, The GROMACS development team at
Uppsala University, Stockholm University and
the Royal Institute of Technology, Sweden.
check out http://www.gromacs.org for more information.

GROMACS is free software; you can redistribute it and/or modify it
under the terms of the GNU Lesser General Public License
as published by the Free Software Foundation; either version 2.1
of the License, or (at your option) any later version.

GROMACS:      gmx mdrun, version 2020.6-plumed-2.9.0-dev
Executable:   /home/npedrani@iit.local/programs/gromacs-2020.6/install/bin/gmx_mpi
Data prefix:  /home/npedrani@iit.local/programs/gromacs-2020.6/install
Working dir:  /home/npedrani@iit.local/Desktop/Phd_main_Projects/Hyper-TICA/Alanine/On-The-Fly/Deep-TICA/automatic/restart/all_data_shuffle_Micheletime/unbias_A/bias1/bias2/bias3/bias4/bias5/bias6/bias7/bias8/bias9/bias10/bias11/bias12/bias13/bias14/bias15/bias16/bias17/bias18/bias19
Command line:
  gmx_mpi mdrun -s input.sA.tpr -cpo state.cpt -cpi state -noappend -deffnm alanine -plumed plumed.dat -ntomp 8 -nsteps 500000 -pin on -pinoffset 0 -pinstride 1 -gpu_id 1

+++ Loading the PLUMED kernel runtime +++
+++ PLUMED_KERNEL="/home/npedrani@iit.local/programs/plumed2-pytorch/src/lib/libplumedKernel.so" +++
+++ Loading the PLUMED kernel runtime +++
+++ PLUMED_KERNEL="/home/npedrani@iit.local/programs/plumed2-pytorch/src/lib/libplumedKernel.so" +++
No protocol specified
Reading file input.sA.tpr, VERSION 2020.6-MODIFIED (single precision)
Overriding nsteps with value passed on the command line: 500000 steps, 1e+03 ps
Changing nstlist from 10 to 100, rlist from 1.034 to 1.309


1 GPU selected for this run.
Mapping of GPU IDs to the 1 GPU task in the 1 rank on this node:
  PP:1
PP tasks will do (non-perturbed) short-ranged interactions on the GPU
PP task will update and constrain coordinates on the CPU
Using 1 MPI process
Using 8 OpenMP threads 


Overriding thread affinity set outside gmx mdrun
starting mdrun 'Generated by trjconv : Alanine in vacuum in water t=   0.00000'
10000000 steps,  20000.0 ps (continuing from step 9500000,  19000.0 ps).

Step 9511402, time 19022.8 (ps)  LINCS WARNING
relative constraint deviation after LINCS:
rms 0.000000, max 0.000001 (between atoms 1 and 2)
bonds that rotated more than 30 degrees:
 atom 1 atom 2  angle  previous, current, constraint length
      7      8   34.0    0.1010   0.1010      0.1010

Step 9511406, time 19022.8 (ps)  LINCS WARNING
relative constraint deviation after LINCS:
rms 0.000000, max 0.000001 (between atoms 1 and 2)
bonds that rotated more than 30 degrees:
 atom 1 atom 2  angle  previous, current, constraint length
      7      8   30.1    0.1010   0.1010      0.1010

Step 9511407, time 19022.8 (ps)  LINCS WARNING
relative constraint deviation after LINCS:
rms 0.000000, max 0.000001 (between atoms 2 and 4)
bonds that rotated more than 30 degrees:
 atom 1 atom 2  angle  previous, current, constraint length
      7      8   33.2    0.1010   0.1010      0.1010

Step 9549387, time 19098.8 (ps)  LINCS WARNING
relative constraint deviation after LINCS:
rms 0.000000, max 0.000001 (between atoms 9 and 10)
bonds that rotated more than 30 degrees:
 atom 1 atom 2  angle  previous, current, constraint length
     17     18   30.2    0.1010   0.1010      0.1010

Step 9572270, time 19144.5 (ps)  LINCS WARNING
relative constraint deviation after LINCS:
rms 0.000001, max 0.000001 (between atoms 2 and 4)
bonds that rotated more than 30 degrees:
 atom 1 atom 2  angle  previous, current, constraint length
      7      8   30.1    0.1010   0.1010      0.1010

Step 9574672, time 19149.3 (ps)  LINCS WARNING
relative constraint deviation after LINCS:
rms 0.000001, max 0.000001 (between atoms 11 and 13)
bonds that rotated more than 30 degrees:
 atom 1 atom 2  angle  previous, current, constraint length
     17     18   30.2    0.1010   0.1010      0.1010

Step 9621599, time 19243.2 (ps)  LINCS WARNING
relative constraint deviation after LINCS:
rms 0.000000, max 0.000001 (between atoms 19 and 21)
bonds that rotated more than 30 degrees:
 atom 1 atom 2  angle  previous, current, constraint length
     17     18   30.2    0.1010   0.1010      0.1010

Step 9625829, time 19251.7 (ps)  LINCS WARNING
relative constraint deviation after LINCS:
rms 0.000000, max 0.000001 (between atoms 19 and 20)
bonds that rotated more than 30 degrees:
 atom 1 atom 2  angle  previous, current, constraint length
     17     18   31.3    0.1010   0.1010      0.1010

Step 9646399, time 19292.8 (ps)  LINCS WARNING
relative constraint deviation after LINCS:
rms 0.000001, max 0.000001 (between atoms 9 and 10)
bonds that rotated more than 30 degrees:
 atom 1 atom 2  angle  previous, current, constraint length
     17     18   32.7    0.1010   0.1010      0.1010

Step 9646404, time 19292.8 (ps)  LINCS WARNING
relative constraint deviation after LINCS:
rms 0.000000, max 0.000001 (between atoms 11 and 12)
bonds that rotated more than 30 degrees:
 atom 1 atom 2  angle  previous, current, constraint length
     17     18   31.4    0.1010   0.1010      0.1010

Step 9656261, time 19312.5 (ps)  LINCS WARNING
relative constraint deviation after LINCS:
rms 0.000001, max 0.000001 (between atoms 1 and 2)
bonds that rotated more than 30 degrees:
 atom 1 atom 2  angle  previous, current, constraint length
     17     18   30.6    0.1010   0.1010      0.1010

Step 9656272, time 19312.5 (ps)  LINCS WARNING
relative constraint deviation after LINCS:
rms 0.000001, max 0.000001 (between atoms 2 and 3)
bonds that rotated more than 30 degrees:
 atom 1 atom 2  angle  previous, current, constraint length
     17     18   30.8    0.1010   0.1010      0.1010

Step 9688003, time 19376 (ps)  LINCS WARNING
relative constraint deviation after LINCS:
rms 0.000000, max 0.000001 (between atoms 11 and 12)
bonds that rotated more than 30 degrees:
 atom 1 atom 2  angle  previous, current, constraint length
     17     18   30.6    0.1010   0.1010      0.1010

Step 9688009, time 19376 (ps)  LINCS WARNING
relative constraint deviation after LINCS:
rms 0.000000, max 0.000001 (between atoms 2 and 3)
bonds that rotated more than 30 degrees:
 atom 1 atom 2  angle  previous, current, constraint length
     17     18   32.9    0.1010   0.1010      0.1010

Step 9691859, time 19383.7 (ps)  LINCS WARNING
relative constraint deviation after LINCS:
rms 0.000001, max 0.000001 (between atoms 17 and 18)
bonds that rotated more than 30 degrees:
 atom 1 atom 2  angle  previous, current, constraint length
      7      8   32.2    0.1010   0.1010      0.1010

Step 9691864, time 19383.7 (ps)  LINCS WARNING
relative constraint deviation after LINCS:
rms 0.000001, max 0.000001 (between atoms 11 and 12)
bonds that rotated more than 30 degrees:
 atom 1 atom 2  angle  previous, current, constraint length
      7      8   32.3    0.1010   0.1010      0.1010

Step 9697086, time 19394.2 (ps)  LINCS WARNING
relative constraint deviation after LINCS:
rms 0.000000, max 0.000001 (between atoms 17 and 18)
bonds that rotated more than 30 degrees:
 atom 1 atom 2  angle  previous, current, constraint length
     17     18   33.8    0.1010   0.1010      0.1010

Step 9697096, time 19394.2 (ps)  LINCS WARNING
relative constraint deviation after LINCS:
rms 0.000001, max 0.000001 (between atoms 7 and 8)
bonds that rotated more than 30 degrees:
 atom 1 atom 2  angle  previous, current, constraint length
     17     18   30.1    0.1010   0.1010      0.1010

Step 9697350, time 19394.7 (ps)  LINCS WARNING
relative constraint deviation after LINCS:
rms 0.000001, max 0.000001 (between atoms 11 and 12)
bonds that rotated more than 30 degrees:
 atom 1 atom 2  angle  previous, current, constraint length
      7      8   30.0    0.1010   0.1010      0.1010

Step 9699899, time 19399.8 (ps)  LINCS WARNING
relative constraint deviation after LINCS:
rms 0.000000, max 0.000001 (between atoms 19 and 21)
bonds that rotated more than 30 degrees:
 atom 1 atom 2  angle  previous, current, constraint length
     17     18   30.4    0.1010   0.1010      0.1010

Step 9705066, time 19410.1 (ps)  LINCS WARNING
relative constraint deviation after LINCS:
rms 0.000001, max 0.000001 (between atoms 7 and 8)
bonds that rotated more than 30 degrees:
 atom 1 atom 2  angle  previous, current, constraint length
      7      8   31.9    0.1010   0.1010      0.1010

Step 9717696, time 19435.4 (ps)  LINCS WARNING
relative constraint deviation after LINCS:
rms 0.000001, max 0.000001 (between atoms 7 and 8)
bonds that rotated more than 30 degrees:
 atom 1 atom 2  angle  previous, current, constraint length
     17     18   30.9    0.1010   0.1010      0.1010

Step 9718259, time 19436.5 (ps)  LINCS WARNING
relative constraint deviation after LINCS:
rms 0.000001, max 0.000001 (between atoms 11 and 12)
bonds that rotated more than 30 degrees:
 atom 1 atom 2  angle  previous, current, constraint length
      9     10   32.7    0.1090   0.1090      0.1090
      9     10   32.7    0.1090   0.1090      0.1090
      9     10   32.7    0.1090   0.1090      0.1090
      9     10   32.7    0.1090   0.1090      0.1090
      9     10   32.7    0.1090   0.1090      0.1090
      9     10   32.7    0.1090   0.1090      0.1090
      9     10   32.7    0.1090   0.1090      0.1090

Step 9718265, time 19436.5 (ps)  LINCS WARNING
relative constraint deviation after LINCS:
rms 0.000000, max 0.000001 (between atoms 2 and 3)
bonds that rotated more than 30 degrees:
 atom 1 atom 2  angle  previous, current, constraint length
      9     10   30.9    0.1090   0.1090      0.1090
      9     10   30.9    0.1090   0.1090      0.1090
      9     10   30.9    0.1090   0.1090      0.1090
      9     10   30.9    0.1090   0.1090      0.1090
      9     10   30.9    0.1090   0.1090      0.1090
      9     10   30.9    0.1090   0.1090      0.1090
      9     10   30.9    0.1090   0.1090      0.1090

Step 9720368, time 19440.7 (ps)  LINCS WARNING
relative constraint deviation after LINCS:
rms 0.000001, max 0.000001 (between atoms 19 and 20)
bonds that rotated more than 30 degrees:
 atom 1 atom 2  angle  previous, current, constraint length
     17     18   30.4    0.1010   0.1010      0.1010

Step 9720373, time 19440.7 (ps)  LINCS WARNING
relative constraint deviation after LINCS:
rms 0.000001, max 0.000001 (between atoms 11 and 14)
bonds that rotated more than 30 degrees:
 atom 1 atom 2  angle  previous, current, constraint length
     17     18   30.6    0.1010   0.1010      0.1010

Step 9720378, time 19440.8 (ps)  LINCS WARNING
relative constraint deviation after LINCS:
rms 0.000001, max 0.000001 (between atoms 7 and 8)
bonds that rotated more than 30 degrees:
 atom 1 atom 2  angle  previous, current, constraint length
     17     18   30.4    0.1010   0.1010      0.1010

Step 9728670, time 19457.3 (ps)  LINCS WARNING
relative constraint deviation after LINCS:
rms 0.000001, max 0.000001 (between atoms 7 and 8)
bonds that rotated more than 30 degrees:
 atom 1 atom 2  angle  previous, current, constraint length
     17     18   33.5    0.1010   0.1010      0.1010

Step 9728675, time 19457.4 (ps)  LINCS WARNING
relative constraint deviation after LINCS:
rms 0.000000, max 0.000001 (between atoms 7 and 8)
bonds that rotated more than 30 degrees:
 atom 1 atom 2  angle  previous, current, constraint length
     17     18   30.5    0.1010   0.1010      0.1010

Step 9762702, time 19525.4 (ps)  LINCS WARNING
relative constraint deviation after LINCS:
rms 0.000000, max 0.000001 (between atoms 19 and 22)
bonds that rotated more than 30 degrees:
 atom 1 atom 2  angle  previous, current, constraint length
      7      8   31.0    0.1010   0.1010      0.1010

Step 9762703, time 19525.4 (ps)  LINCS WARNING
relative constraint deviation after LINCS:
rms 0.000001, max 0.000001 (between atoms 2 and 4)
bonds that rotated more than 30 degrees:
 atom 1 atom 2  angle  previous, current, constraint length
      7      8   31.0    0.1010   0.1010      0.1010

Step 9762707, time 19525.4 (ps)  LINCS WARNING
relative constraint deviation after LINCS:
rms 0.000000, max 0.000001 (between atoms 2 and 4)
bonds that rotated more than 30 degrees:
 atom 1 atom 2  angle  previous, current, constraint length
      7      8   32.0    0.1010   0.1010      0.1010

Step 9762708, time 19525.4 (ps)  LINCS WARNING
relative constraint deviation after LINCS:
rms 0.000000, max 0.000001 (between atoms 11 and 12)
bonds that rotated more than 30 degrees:
 atom 1 atom 2  angle  previous, current, constraint length
      7      8   30.6    0.1010   0.1010      0.1010

Step 9805883, time 19611.8 (ps)  LINCS WARNING
relative constraint deviation after LINCS:
rms 0.000001, max 0.000001 (between atoms 2 and 3)
bonds that rotated more than 30 degrees:
 atom 1 atom 2  angle  previous, current, constraint length
      7      8   30.3    0.1010   0.1010      0.1010

Step 9808949, time 19617.9 (ps)  LINCS WARNING
relative constraint deviation after LINCS:
rms 0.000001, max 0.000001 (between atoms 2 and 3)
bonds that rotated more than 30 degrees:
 atom 1 atom 2  angle  previous, current, constraint length
      7      8   30.4    0.1010   0.1010      0.1010

Step 9808953, time 19617.9 (ps)  LINCS WARNING
relative constraint deviation after LINCS:
rms 0.000000, max 0.000001 (between atoms 19 and 20)
bonds that rotated more than 30 degrees:
 atom 1 atom 2  angle  previous, current, constraint length
      7      8   30.3    0.1010   0.1010      0.1010

Step 9808954, time 19617.9 (ps)  LINCS WARNING
relative constraint deviation after LINCS:
rms 0.000001, max 0.000001 (between atoms 19 and 22)
bonds that rotated more than 30 degrees:
 atom 1 atom 2  angle  previous, current, constraint length
      7      8   31.7    0.1010   0.1010      0.1010

Step 9808958, time 19617.9 (ps)  LINCS WARNING
relative constraint deviation after LINCS:
rms 0.000000, max 0.000001 (between atoms 2 and 3)
bonds that rotated more than 30 degrees:
 atom 1 atom 2  angle  previous, current, constraint length
      7      8   33.5    0.1010   0.1010      0.1010

Step 9808959, time 19617.9 (ps)  LINCS WARNING
relative constraint deviation after LINCS:
rms 0.000000, max 0.000001 (between atoms 19 and 22)
bonds that rotated more than 30 degrees:
 atom 1 atom 2  angle  previous, current, constraint length
      7      8   30.7    0.1010   0.1010      0.1010

Step 9808963, time 19617.9 (ps)  LINCS WARNING
relative constraint deviation after LINCS:
rms 0.000000, max 0.000001 (between atoms 11 and 12)
bonds that rotated more than 30 degrees:
 atom 1 atom 2  angle  previous, current, constraint length
      7      8   36.6    0.1010   0.1010      0.1010

Step 9808968, time 19617.9 (ps)  LINCS WARNING
relative constraint deviation after LINCS:
rms 0.000001, max 0.000001 (between atoms 19 and 22)
bonds that rotated more than 30 degrees:
 atom 1 atom 2  angle  previous, current, constraint length
      7      8   31.8    0.1010   0.1010      0.1010

Step 9823959, time 19647.9 (ps)  LINCS WARNING
relative constraint deviation after LINCS:
rms 0.000000, max 0.000001 (between atoms 19 and 21)
bonds that rotated more than 30 degrees:
 atom 1 atom 2  angle  previous, current, constraint length
     17     18   33.6    0.1010   0.1010      0.1010

Step 9823960, time 19647.9 (ps)  LINCS WARNING
relative constraint deviation after LINCS:
rms 0.000000, max 0.000001 (between atoms 2 and 3)
bonds that rotated more than 30 degrees:
 atom 1 atom 2  angle  previous, current, constraint length
     17     18   31.7    0.1010   0.1010      0.1010

Step 9823965, time 19647.9 (ps)  LINCS WARNING
relative constraint deviation after LINCS:
rms 0.000001, max 0.000001 (between atoms 7 and 8)
bonds that rotated more than 30 degrees:
 atom 1 atom 2  angle  previous, current, constraint length
     17     18   34.4    0.1010   0.1010      0.1010

Step 9823966, time 19647.9 (ps)  LINCS WARNING
relative constraint deviation after LINCS:
rms 0.000001, max 0.000001 (between atoms 2 and 3)
bonds that rotated more than 30 degrees:
 atom 1 atom 2  angle  previous, current, constraint length
     17     18   32.5    0.1010   0.1010      0.1010

Step 9824680, time 19649.4 (ps)  LINCS WARNING
relative constraint deviation after LINCS:
rms 0.000000, max 0.000001 (between atoms 9 and 10)
bonds that rotated more than 30 degrees:
 atom 1 atom 2  angle  previous, current, constraint length
      7      8   30.0    0.1010   0.1010      0.1010

Step 9824734, time 19649.5 (ps)  LINCS WARNING
relative constraint deviation after LINCS:
rms 0.000001, max 0.000001 (between atoms 11 and 12)
bonds that rotated more than 30 degrees:
 atom 1 atom 2  angle  previous, current, constraint length
      7      8   30.7    0.1010   0.1010      0.1010

Step 9824739, time 19649.5 (ps)  LINCS WARNING
relative constraint deviation after LINCS:
rms 0.000000, max 0.000001 (between atoms 11 and 13)
bonds that rotated more than 30 degrees:
 atom 1 atom 2  angle  previous, current, constraint length
      7      8   31.7    0.1010   0.1010      0.1010

Step 9828353, time 19656.7 (ps)  LINCS WARNING
relative constraint deviation after LINCS:
rms 0.000000, max 0.000001 (between atoms 7 and 8)
bonds that rotated more than 30 degrees:
 atom 1 atom 2  angle  previous, current, constraint length
     17     18   32.8    0.1010   0.1010      0.1010

Step 9828358, time 19656.7 (ps)  LINCS WARNING
relative constraint deviation after LINCS:
rms 0.000001, max 0.000001 (between atoms 17 and 18)
bonds that rotated more than 30 degrees:
 atom 1 atom 2  angle  previous, current, constraint length
     17     18   30.5    0.1010   0.1010      0.1010

Step 9860258, time 19720.5 (ps)  LINCS WARNING
relative constraint deviation after LINCS:
rms 0.000001, max 0.000001 (between atoms 7 and 8)
bonds that rotated more than 30 degrees:
 atom 1 atom 2  angle  previous, current, constraint length
     17     18   30.9    0.1010   0.1010      0.1010

Step 9860262, time 19720.5 (ps)  LINCS WARNING
relative constraint deviation after LINCS:
rms 0.000001, max 0.000001 (between atoms 19 and 20)
bonds that rotated more than 30 degrees:
 atom 1 atom 2  angle  previous, current, constraint length
     17     18   30.7    0.1010   0.1010      0.1010

Step 9860263, time 19720.5 (ps)  LINCS WARNING
relative constraint deviation after LINCS:
rms 0.000000, max 0.000001 (between atoms 11 and 13)
bonds that rotated more than 30 degrees:
 atom 1 atom 2  angle  previous, current, constraint length
     17     18   32.4    0.1010   0.1010      0.1010

Step 9861603, time 19723.2 (ps)  LINCS WARNING
relative constraint deviation after LINCS:
rms 0.000000, max 0.000001 (between atoms 1 and 2)
bonds that rotated more than 30 degrees:
 atom 1 atom 2  angle  previous, current, constraint length
     17     18   34.8    0.1010   0.1010      0.1010

Step 9861604, time 19723.2 (ps)  LINCS WARNING
relative constraint deviation after LINCS:
rms 0.000001, max 0.000001 (between atoms 17 and 18)
bonds that rotated more than 30 degrees:
 atom 1 atom 2  angle  previous, current, constraint length
     17     18   33.4    0.1010   0.1010      0.1010

Step 9861610, time 19723.2 (ps)  LINCS WARNING
relative constraint deviation after LINCS:
rms 0.000000, max 0.000001 (between atoms 19 and 20)
bonds that rotated more than 30 degrees:
 atom 1 atom 2  angle  previous, current, constraint length
     17     18   32.0    0.1010   0.1010      0.1010

Step 9893509, time 19787 (ps)  LINCS WARNING
relative constraint deviation after LINCS:
rms 0.000000, max 0.000001 (between atoms 19 and 20)
bonds that rotated more than 30 degrees:
 atom 1 atom 2  angle  previous, current, constraint length
     17     18   30.8    0.1010   0.1010      0.1010

Step 9895570, time 19791.1 (ps)  LINCS WARNING
relative constraint deviation after LINCS:
rms 0.000001, max 0.000001 (between atoms 19 and 22)
bonds that rotated more than 30 degrees:
 atom 1 atom 2  angle  previous, current, constraint length
     17     18   30.2    0.1010   0.1010      0.1010

Step 9902561, time 19805.1 (ps)  LINCS WARNING
relative constraint deviation after LINCS:
rms 0.000000, max 0.000001 (between atoms 2 and 4)
bonds that rotated more than 30 degrees:
 atom 1 atom 2  angle  previous, current, constraint length
      7      8   30.6    0.1010   0.1010      0.1010

Step 9902566, time 19805.1 (ps)  LINCS WARNING
relative constraint deviation after LINCS:
rms 0.000000, max 0.000001 (between atoms 2 and 4)
bonds that rotated more than 30 degrees:
 atom 1 atom 2  angle  previous, current, constraint length
      7      8   30.6    0.1010   0.1010      0.1010

Step 9931396, time 19862.8 (ps)  LINCS WARNING
relative constraint deviation after LINCS:
rms 0.000000, max 0.000001 (between atoms 2 and 4)
bonds that rotated more than 30 degrees:
 atom 1 atom 2  angle  previous, current, constraint length
      7      8   30.2    0.1010   0.1010      0.1010

Step 9948120, time 19896.2 (ps)  LINCS WARNING
relative constraint deviation after LINCS:
rms 0.000001, max 0.000001 (between atoms 9 and 10)
bonds that rotated more than 30 degrees:
 atom 1 atom 2  angle  previous, current, constraint length
      7      8   30.3    0.1010   0.1010      0.1010

Step 9948222, time 19896.4 (ps)  LINCS WARNING
relative constraint deviation after LINCS:
rms 0.000000, max 0.000001 (between atoms 19 and 21)
bonds that rotated more than 30 degrees:
 atom 1 atom 2  angle  previous, current, constraint length
     17     18   34.1    0.1010   0.1010      0.1010

Step 9948227, time 19896.5 (ps)  LINCS WARNING
relative constraint deviation after LINCS:
rms 0.000000, max 0.000001 (between atoms 9 and 10)
bonds that rotated more than 30 degrees:
 atom 1 atom 2  angle  previous, current, constraint length
     17     18   38.3    0.1010   0.1010      0.1010

Step 9948228, time 19896.5 (ps)  LINCS WARNING
relative constraint deviation after LINCS:
rms 0.000001, max 0.000001 (between atoms 11 and 13)
bonds that rotated more than 30 degrees:
 atom 1 atom 2  angle  previous, current, constraint length
     17     18   31.8    0.1010   0.1010      0.1010

Step 9948234, time 19896.5 (ps)  LINCS WARNING
relative constraint deviation after LINCS:
rms 0.000000, max 0.000001 (between atoms 11 and 13)
bonds that rotated more than 30 degrees:
 atom 1 atom 2  angle  previous, current, constraint length
     17     18   49.5    0.1010   0.1010      0.1010

Step 9948235, time 19896.5 (ps)  LINCS WARNING
relative constraint deviation after LINCS:
rms 0.000000, max 0.000001 (between atoms 9 and 10)
bonds that rotated more than 30 degrees:
 atom 1 atom 2  angle  previous, current, constraint length
     17     18   49.2    0.1010   0.1010      0.1010

Step 9948236, time 19896.5 (ps)  LINCS WARNING
relative constraint deviation after LINCS:
rms 0.000000, max 0.000001 (between atoms 1 and 2)
bonds that rotated more than 30 degrees:
 atom 1 atom 2  angle  previous, current, constraint length
     17     18   36.7    0.1010   0.1010      0.1010

Step 9948240, time 19896.5 (ps)  LINCS WARNING
relative constraint deviation after LINCS:
rms 0.000001, max 0.000001 (between atoms 7 and 8)
bonds that rotated more than 30 degrees:
 atom 1 atom 2  angle  previous, current, constraint length
     17     18   34.9    0.1010   0.1010      0.1010

Step 9948241, time 19896.5 (ps)  LINCS WARNING
relative constraint deviation after LINCS:
rms 0.000001, max 0.000001 (between atoms 17 and 18)
bonds that rotated more than 30 degrees:
 atom 1 atom 2  angle  previous, current, constraint length
     17     18   35.8    0.1010   0.1010      0.1010

Step 9948242, time 19896.5 (ps)  LINCS WARNING
relative constraint deviation after LINCS:
rms 0.000001, max 0.000001 (between atoms 17 and 18)
bonds that rotated more than 30 degrees:
 atom 1 atom 2  angle  previous, current, constraint length
     17     18   35.0    0.1010   0.1010      0.1010

Step 9948243, time 19896.5 (ps)  LINCS WARNING
relative constraint deviation after LINCS:
rms 0.000000, max 0.000001 (between atoms 2 and 4)
bonds that rotated more than 30 degrees:
 atom 1 atom 2  angle  previous, current, constraint length
     17     18   36.5    0.1010   0.1010      0.1010

Step 9948244, time 19896.5 (ps)  LINCS WARNING
relative constraint deviation after LINCS:
rms 0.000001, max 0.000001 (between atoms 19 and 22)
bonds that rotated more than 30 degrees:
 atom 1 atom 2  angle  previous, current, constraint length
     17     18   36.3    0.1010   0.1010      0.1010

Step 9948245, time 19896.5 (ps)  LINCS WARNING
relative constraint deviation after LINCS:
rms 0.000000, max 0.000001 (between atoms 19 and 22)
bonds that rotated more than 30 degrees:
 atom 1 atom 2  angle  previous, current, constraint length
     17     18   30.9    0.1010   0.1010      0.1010

Writing final coordinates.

               Core t (s)   Wall t (s)        (%)
       Time:     6526.880      815.860      800.0
                 (ns/day)    (hour/ns)
Performance:      105.901        0.227

GROMACS reminds you: "Welcome to the Power Age" (2 Unlimited)

