0 0.000000 -0.479530 1.476140 0.000000 0.138640 0.092427 0.000000 0.000000 
0 0.000000 -0.479281 1.475580 0.000000 0.147796 0.123854 0.000000 -0.037986 
1000 5.000000 -0.565887 1.412717 0.000000 1.091286 1.451591 0.000000 -1.086102 
2000 10.000000 -0.555022 1.533980 0.000000 -0.255752 0.416750 0.000000 -0.880877 
3000 15.000000 -0.606723 1.421719 0.000000 0.470997 0.358241 0.000000 -0.066365 
4000 20.000000 -0.578287 1.397052 0.000000 1.740319 2.845270 0.000000 -2.527586 
5000 25.000000 -0.475335 1.439620 0.000000 -0.266896 0.200150 0.000000 -0.567121 
6000 30.000000 -0.966664 1.078127 0.000000 5.328136 0.301279 0.000000 4.876218 
7000 35.000000 -0.893576 1.316459 0.000000 13.009829 0.043805 0.000000 12.944122 
8000 40.000000 -0.276417 1.610632 0.000000 21.577521 2.603727 0.000000 17.671930 
9000 45.000000 -0.513573 1.490961 0.000000 22.049519 0.156571 0.000000 21.814662 
10000 50.000000 -0.686902 1.328108 0.000000 22.936871 0.744653 0.000000 21.819892 
11000 55.000000 -0.344712 1.586759 0.000000 24.964449 2.273496 0.000000 21.554204 
12000 60.000000 -0.278274 1.659964 0.000000 24.180207 0.702514 0.000000 23.126435 
13000 65.000000 -1.019883 1.078793 0.000000 24.868996 1.480554 0.000000 22.648165 
14000 70.000000 -0.873457 1.141841 0.000000 27.767582 0.093359 0.000000 27.627545 
15000 75.000000 -0.486557 1.581486 0.000000 27.793423 0.641081 0.000000 26.831802 
16000 80.000000 -0.748121 1.158395 0.000000 29.126508 0.704856 0.000000 28.069224 
17000 85.000000 -0.464137 1.551449 0.000000 29.826744 0.543743 0.000000 29.011130 
18000 90.000000 -0.928149 0.972282 0.000000 30.998917 0.302286 0.000000 30.545488 
19000 95.000000 -0.936014 1.046404 0.000000 31.669233 0.375635 0.000000 31.105781 
20000 100.000000 -1.137678 0.847296 0.000000 31.304117 1.494310 0.000000 29.062652 
21000 105.000000 -0.730261 0.998890 0.000000 31.313522 0.371690 0.000000 30.755988 
22000 110.000000 -0.498130 1.526473 0.000000 33.508218 0.908094 0.000000 32.146077 
23000 115.000000 -0.563266 1.405790 0.000000 33.768496 1.016952 0.000000 32.243068 
24000 120.000000 -0.739412 1.242681 0.000000 32.471270 0.282744 0.000000 32.047154 
25000 125.000000 -0.729257 1.186318 0.000000 33.388527 0.891219 0.000000 32.051698 
26000 130.000000 -0.939294 1.014756 0.000000 35.433783 0.972190 0.000000 33.975497 
27000 135.000000 -0.885114 1.054530 0.000000 35.331707 0.017284 0.000000 35.305781 
28000 140.000000 -0.988076 0.793256 0.000000 34.330010 0.920667 0.000000 32.949010 
29000 145.000000 -0.716790 1.357788 0.000000 35.545426 0.342472 0.000000 35.031719 
30000 150.000000 -0.953482 0.906521 0.000000 36.139525 0.930607 0.000000 34.743615 
31000 155.000000 -0.846972 1.033221 0.000000 36.487107 0.220166 0.000000 36.156858 
32000 160.000000 -0.880042 1.012244 0.000000 36.802806 0.457811 0.000000 36.116089 
33000 165.000000 -0.418938 1.569227 0.000000 37.113211 0.328884 0.000000 36.619886 
34000 170.000000 -0.541027 1.079964 0.000000 33.074516 2.327272 0.000000 29.583608 
35000 175.000000 -0.780619 1.101291 0.000000 37.702946 1.163367 0.000000 35.957896 
36000 180.000000 -0.993033 0.919520 0.000000 37.379252 0.238590 0.000000 37.021367 
37000 185.000000 -1.237276 0.654009 0.000000 34.966072 0.411627 0.000000 34.348632 
38000 190.000000 -0.883970 0.960016 0.000000 37.994114 0.551171 0.000000 37.167357 
39000 195.000000 -0.875401 1.321110 0.000000 35.714646 0.091334 0.000000 35.577645 
40000 200.000000 -0.357922 1.595363 0.000000 39.758287 1.219368 0.000000 37.929235 
41000 205.000000 -0.754659 1.386504 0.000000 38.847177 1.434629 0.000000 36.695234 
42000 210.000000 -0.542218 1.493868 0.000000 39.283831 0.077429 0.000000 39.167687 
43000 215.000000 -0.279780 1.691073 0.000000 39.418978 0.624707 0.000000 38.481917 
44000 220.000000 -0.173273 1.662958 0.000000 38.921055 0.573377 0.000000 38.060989 
45000 225.000000 -0.131071 1.882785 0.000000 37.789024 1.617813 0.000000 35.362304 
46000 230.000000 -0.639667 1.438970 0.000000 40.801886 1.815936 0.000000 38.077983 
47000 235.000000 -0.548121 1.545231 0.000000 39.835494 0.873574 0.000000 38.525133 
48000 240.000000 -0.662726 1.245171 0.000000 39.628162 0.994901 0.000000 38.135810 
49000 245.000000 -0.332842 1.651742 0.000000 40.922851 1.608594 0.000000 38.509960 
50000 250.000000 -0.676457 1.077624 0.000000 38.533428 0.127634 0.000000 38.341977 
51000 255.000000 -0.830362 1.008904 0.000000 41.259766 2.429171 0.000000 37.616010 
52000 260.000000 -0.843609 0.998315 0.000000 40.359435 0.273350 0.000000 39.949409 
53000 265.000000 -0.912200 0.827596 0.000000 40.272275 1.062161 0.000000 38.679034 
54000 270.000000 -0.935666 0.806310 0.000000 40.977485 2.278181 0.000000 37.560214 
55000 275.000000 -1.048162 0.903674 0.000000 42.862913 2.966922 0.000000 38.412531 
56000 280.000000 -0.978231 0.926809 0.000000 41.693239 0.033596 0.000000 41.642844 
57000 285.000000 -0.148843 0.651142 0.000000 41.863915 2.164972 0.000000 38.616458 
58000 290.000000 0.468679 -0.017603 0.000000 46.742726 2.609022 0.000000 42.829193 
59000 295.000000 0.624356 0.150469 0.000000 44.960081 0.182798 0.000000 44.685883 
60000 300.000000 0.276645 -0.018852 0.000000 44.648691 1.031626 0.000000 43.101252 
61000 305.000000 0.773552 0.018862 0.000000 46.644262 0.489089 0.000000 45.910628 
62000 310.000000 0.210777 0.354695 0.000000 44.047977 0.363608 0.000000 43.502565 
63000 315.000000 0.493334 0.035985 0.000000 47.240889 1.072317 0.000000 45.632413 
64000 320.000000 0.213639 0.150012 0.000000 44.716114 0.215020 0.000000 44.393584 
65000 325.000000 0.717666 0.187059 0.000000 44.457999 0.354102 0.000000 43.926845 
66000 330.000000 0.596254 -0.045644 0.000000 47.275291 0.086265 0.000000 47.145895 
67000 335.000000 -0.253383 0.293142 0.000000 43.282864 0.198035 0.000000 42.985812 
68000 340.000000 -1.154594 0.844900 0.000000 43.891292 1.587612 0.000000 41.509874 
69000 345.000000 -0.824905 1.044174 0.000000 46.141178 3.102289 0.000000 41.487744 
70000 350.000000 0.223115 0.461598 0.000000 45.518215 0.654281 0.000000 44.536795 
71000 355.000000 0.549727 0.072126 0.000000 48.399223 0.513101 0.000000 47.629572 
72000 360.000000 0.597345 -0.014565 0.000000 49.356292 1.262369 0.000000 47.462739 
73000 365.000000 0.515374 0.111473 0.000000 47.876910 0.269541 0.000000 47.472599 
74000 370.000000 -0.004618 0.320241 0.000000 46.474619 1.050693 0.000000 44.898579 
75000 375.000000 0.674406 -0.009077 0.000000 49.491399 0.693414 0.000000 48.451278 
76000 380.000000 0.370517 0.077804 0.000000 49.018555 1.053451 0.000000 47.438378 
77000 385.000000 0.343195 0.179866 0.000000 49.325668 3.553407 0.000000 43.995558 
78000 390.000000 0.486134 0.272119 0.000000 46.552787 0.816591 0.000000 45.327900 
79000 395.000000 0.557507 0.111936 0.000000 49.011514 0.590680 0.000000 48.125494 
80000 400.000000 0.451967 0.225345 0.000000 47.770295 0.810524 0.000000 46.554509 
81000 405.000000 0.629900 0.025622 0.000000 51.115948 1.601098 0.000000 48.714301 
82000 410.000000 0.671349 -0.032432 0.000000 51.388668 2.939982 0.000000 46.978695 
83000 415.000000 0.602133 0.107573 0.000000 49.942427 0.400221 0.000000 49.342096 
84000 420.000000 -0.309235 0.546126 0.000000 47.829317 0.284021 0.000000 47.403284 
85000 425.000000 0.862218 0.043572 0.000000 49.578657 0.125299 0.000000 49.390709 
86000 430.000000 0.696802 0.100783 0.000000 50.091115 0.186962 0.000000 49.810671 
87000 435.000000 0.555588 0.064949 0.000000 51.387677 1.266048 0.000000 49.488604 
88000 440.000000 0.355272 0.148472 0.000000 49.822648 0.165848 0.000000 49.573876 
89000 445.000000 0.708723 -0.029379 0.000000 51.524303 1.258394 0.000000 49.636711 
90000 450.000000 0.704206 0.141673 0.000000 49.686811 0.557709 0.000000 48.850247 
91000 455.000000 0.643511 0.003453 0.000000 51.873437 0.727965 0.000000 50.781489 
92000 460.000000 0.200749 0.436590 0.000000 49.338597 0.311438 0.000000 48.871439 
93000 465.000000 0.388967 0.100978 0.000000 52.902772 3.507172 0.000000 47.642014 
94000 470.000000 0.910786 0.040820 0.000000 50.589277 0.775447 0.000000 49.426106 
95000 475.000000 0.396330 0.076962 0.000000 51.857170 0.564558 0.000000 51.010332 
96000 480.000000 0.430714 0.066262 0.000000 51.958966 0.083352 0.000000 51.833938 
97000 485.000000 -0.122545 0.570616 0.000000 50.740868 1.064669 0.000000 49.143865 
98000 490.000000 0.372338 0.132602 0.000000 52.804010 2.641543 0.000000 48.841696 
99000 495.000000 0.776664 0.019873 0.000000 53.202929 0.949147 0.000000 51.779208 
100000 500.000000 0.663337 -0.010909 0.000000 52.967292 0.341250 0.000000 52.455417 
101000 505.000000 0.646754 0.069011 0.000000 55.485071 5.259867 0.000000 47.595271 
102000 510.000000 0.723658 0.114080 0.000000 51.860616 0.218456 0.000000 51.532932 
103000 515.000000 0.822081 -0.001913 0.000000 53.103998 0.185138 0.000000 52.826292 
104000 520.000000 0.140452 0.032908 0.000000 52.620043 3.663638 0.000000 47.124586 
105000 525.000000 0.292069 0.281074 0.000000 51.278622 0.112521 0.000000 51.109840 
106000 530.000000 0.094425 0.256155 0.000000 51.816251 0.854788 0.000000 50.534069 
107000 535.000000 0.375130 0.084187 0.000000 55.257228 4.005358 0.000000 49.249191 
108000 540.000000 0.635606 0.010959 0.000000 54.762124 1.439260 0.000000 52.603234 
109000 545.000000 0.501936 0.070192 0.000000 53.831085 0.049190 0.000000 53.757300 
110000 550.000000 0.430641 0.048714 0.000000 54.094588 0.346832 0.000000 53.574340 
111000 555.000000 0.701627 0.041022 0.000000 54.321508 0.060392 0.000000 54.230920 
112000 560.000000 0.841823 0.166330 0.000000 51.009449 0.510935 0.000000 50.243046 
113000 565.000000 0.672185 -0.018866 0.000000 55.492005 2.193390 0.000000 52.201920 
114000 570.000000 0.829639 0.046543 0.000000 54.442980 0.382494 0.000000 53.869240 
115000 575.000000 0.151417 0.259766 0.000000 53.032711 0.563919 0.000000 52.186832 
116000 580.000000 0.852499 -0.000473 0.000000 54.384443 0.227919 0.000000 54.042565 
117000 585.000000 0.835926 0.076682 0.000000 54.178589 0.321179 0.000000 53.696820 
118000 590.000000 0.488089 0.083638 0.000000 55.009506 0.224280 0.000000 54.673086 
119000 595.000000 0.253767 0.166019 0.000000 53.965212 0.328263 0.000000 53.472818 
120000 600.000000 0.206663 0.139659 0.000000 54.526208 1.555633 0.000000 52.192758 
121000 605.000000 0.784249 -0.019481 0.000000 55.889681 0.795060 0.000000 54.697090 
122000 610.000000 -0.141593 0.330576 0.000000 53.738354 0.362773 0.000000 53.194195 
123000 615.000000 0.104183 0.377264 0.000000 55.048774 1.002514 0.000000 53.545003 
124000 620.000000 0.319961 0.359272 0.000000 53.828229 0.092113 0.000000 53.690060 
125000 625.000000 0.037037 0.406651 0.000000 55.442323 0.713097 0.000000 54.372678 
126000 630.000000 0.022084 0.506869 0.000000 57.399736 4.339646 0.000000 50.890266 
127000 635.000000 0.775097 0.112545 0.000000 55.653941 0.980137 0.000000 54.183735 
128000 640.000000 0.593599 0.112815 0.000000 56.417702 0.524470 0.000000 55.630997 
129000 645.000000 0.572533 0.025325 0.000000 57.142816 0.318513 0.000000 56.665047 
130000 650.000000 -0.082595 0.410043 0.000000 56.135426 0.438078 0.000000 55.478309 
131000 655.000000 0.160670 0.400522 0.000000 55.696321 0.149673 0.000000 55.471811 
132000 660.000000 0.383445 -0.028476 0.000000 56.363433 0.250457 0.000000 55.987748 
133000 665.000000 0.505656 0.090648 0.000000 57.862532 1.302895 0.000000 55.908190 
134000 670.000000 0.072437 0.529470 0.000000 56.253224 0.194539 0.000000 55.961415 
135000 675.000000 0.947111 -0.013517 0.000000 56.090097 0.477910 0.000000 55.373232 
136000 680.000000 0.491920 0.036590 0.000000 58.339255 1.015941 0.000000 56.815344 
137000 685.000000 0.011501 0.342416 0.000000 57.247511 1.590298 0.000000 54.862064 
138000 690.000000 0.169113 0.163204 0.000000 56.591686 0.154968 0.000000 56.359234 
139000 695.000000 0.053503 0.583074 0.000000 56.500153 0.240219 0.000000 56.139824 
140000 700.000000 0.340915 0.061076 0.000000 58.770236 1.061157 0.000000 57.178500 
141000 705.000000 0.131945 0.199055 0.000000 56.889245 0.258563 0.000000 56.501400 
142000 710.000000 0.039996 0.110571 0.000000 56.330882 0.719758 0.000000 55.251245 
143000 715.000000 0.119048 0.541733 0.000000 57.861308 0.749392 0.000000 56.737220 
144000 720.000000 0.465365 0.269839 0.000000 56.554472 0.081039 0.000000 56.432914 
145000 725.000000 0.669141 0.092129 0.000000 61.517901 4.856916 0.000000 54.232526 
146000 730.000000 -0.213666 0.574326 0.000000 58.320803 0.621431 0.000000 57.388657 
147000 735.000000 0.647487 -0.028821 0.000000 59.692305 0.214194 0.000000 59.371014 
148000 740.000000 0.297155 -0.020678 0.000000 58.620900 0.455765 0.000000 57.937253 
149000 745.000000 0.640007 -0.005459 0.000000 60.209807 0.259616 0.000000 59.820382 
150000 750.000000 -0.317238 0.442005 0.000000 58.857185 0.539398 0.000000 58.048087 
151000 755.000000 0.016958 0.525097 0.000000 59.079821 0.045623 0.000000 59.011387 
152000 760.000000 0.668072 0.007160 0.000000 60.898804 0.607768 0.000000 59.987152 
153000 765.000000 0.522511 0.038183 0.000000 60.827656 0.376319 0.000000 60.263177 
154000 770.000000 -0.078966 0.335291 0.000000 59.791961 1.697584 0.000000 57.245585 
155000 775.000000 0.455590 0.129773 0.000000 60.653829 1.002335 0.000000 59.150326 
156000 780.000000 -0.674587 0.674933 0.000000 56.793280 1.696861 0.000000 54.247988 
157000 785.000000 0.725900 0.007714 0.000000 61.459801 0.185999 0.000000 61.180803 
158000 790.000000 0.080552 0.518514 0.000000 60.348429 0.835661 0.000000 59.094937 
159000 795.000000 0.463031 0.093164 0.000000 61.942514 1.512883 0.000000 59.673189 
160000 800.000000 0.140369 0.475104 0.000000 60.687427 0.896801 0.000000 59.342226 
161000 805.000000 0.073191 0.383580 0.000000 61.327455 1.810111 0.000000 58.612289 
162000 810.000000 -0.055429 0.430250 0.000000 60.914383 0.074724 0.000000 60.802296 
163000 815.000000 0.590097 0.035912 0.000000 63.284026 2.007969 0.000000 60.272073 
164000 820.000000 0.691045 -0.073708 0.000000 61.393682 0.511192 0.000000 60.626894 
165000 825.000000 0.345551 0.386409 0.000000 61.031581 1.739230 0.000000 58.422735 
166000 830.000000 0.563349 0.061425 0.000000 62.886183 0.833290 0.000000 61.636248 
167000 835.000000 0.579737 0.052878 0.000000 63.015493 0.822237 0.000000 61.782137 
168000 840.000000 0.668829 0.024683 0.000000 62.945663 0.332219 0.000000 62.447335 
169000 845.000000 0.093603 0.394261 0.000000 61.874872 1.016233 0.000000 60.350522 
170000 850.000000 0.726966 -0.092856 0.000000 61.520614 0.508652 0.000000 60.757635 
171000 855.000000 -0.328133 0.516604 0.000000 61.622662 0.390447 0.000000 61.036991 
172000 860.000000 -0.082123 0.305277 0.000000 61.251425 0.919567 0.000000 59.872074 
173000 865.000000 0.819010 0.024269 0.000000 63.472586 0.619914 0.000000 62.542714 
174000 870.000000 0.779502 -0.053560 0.000000 62.808612 0.168786 0.000000 62.555433 
175000 875.000000 0.265995 0.152215 0.000000 63.360525 1.528653 0.000000 61.067546 
176000 880.000000 0.662369 -0.089875 0.000000 62.427146 1.231213 0.000000 60.580327 
177000 885.000000 0.584922 0.063053 0.000000 64.466062 1.601057 0.000000 62.064477 
178000 890.000000 0.210098 0.067599 0.000000 64.714481 4.142338 0.000000 58.500975 
179000 895.000000 0.159080 0.408346 0.000000 62.785277 0.446423 0.000000 62.115642 
180000 900.000000 0.785761 -0.060283 0.000000 63.290110 0.246802 0.000000 62.919907 
181000 905.000000 -0.054656 0.463902 0.000000 63.565372 0.760460 0.000000 62.424682 
182000 910.000000 0.502110 -0.000972 0.000000 64.457489 0.683083 0.000000 63.432864 
183000 915.000000 0.320983 -0.027444 0.000000 63.086921 0.332947 0.000000 62.587501 
184000 920.000000 0.630158 0.055100 0.000000 64.613718 0.066557 0.000000 64.513883 
185000 925.000000 0.725518 -0.079185 0.000000 63.499402 0.439833 0.000000 62.839652 
186000 930.000000 -0.026031 0.472944 0.000000 63.789990 0.244888 0.000000 63.422658 
187000 935.000000 -0.104826 0.533604 0.000000 64.531183 1.670415 0.000000 62.025561 
188000 940.000000 0.706445 -0.029609 0.000000 66.676457 3.806648 0.000000 60.966484 
189000 945.000000 -0.087505 0.510782 0.000000 64.006116 0.076300 0.000000 63.891666 
190000 950.000000 0.459001 0.027509 0.000000 65.622018 0.545497 0.000000 64.803772 
191000 955.000000 0.352770 0.088137 0.000000 65.379556 0.622997 0.000000 64.445060 
192000 960.000000 0.850996 -0.026797 0.000000 65.358434 0.754171 0.000000 64.227177 
193000 965.000000 0.686993 -0.030773 0.000000 65.516428 0.273644 0.000000 65.105962 
194000 970.000000 0.840231 0.073930 0.000000 64.768504 0.273805 0.000000 64.357795 
195000 975.000000 0.279471 0.060764 0.000000 65.926833 1.505312 0.000000 63.668864 
196000 980.000000 0.085118 0.561247 0.000000 64.886676 1.258311 0.000000 62.999209 
197000 985.000000 0.122395 0.470781 0.000000 65.110681 0.653633 0.000000 64.130232 
198000 990.000000 -0.434688 0.521615 0.000000 64.376320 0.160689 0.000000 64.135288 
199000 995.000000 0.926114 -0.053966 0.000000 64.716823 0.027050 0.000000 64.676248 
200000 1000.000000 0.409557 0.119850 0.000000 66.259559 0.677399 0.000000 65.243460 
201000 1005.000000 0.184423 0.529347 0.000000 64.929757 0.014167 0.000000 64.908506 
202000 1010.000000 -0.251469 0.472785 0.000000 66.256342 1.525757 0.000000 63.967706 
203000 1015.000000 0.329592 0.006667 0.000000 65.867782 0.153252 0.000000 65.637904 
204000 1020.000000 0.800840 0.109976 0.000000 65.927462 1.298937 0.000000 63.979057 
205000 1025.000000 0.746791 0.039615 0.000000 67.116682 0.305486 0.000000 66.658453 
206000 1030.000000 0.203914 -0.001226 0.000000 65.445358 0.181106 0.000000 65.173700 
207000 1035.000000 0.663940 -0.072459 0.000000 66.134825 0.379330 0.000000 65.565830 
208000 1040.000000 0.122386 0.488459 0.000000 66.388986 0.843401 0.000000 65.123884 
209000 1045.000000 -0.395363 0.554732 0.000000 65.620298 0.567344 0.000000 64.769283 
210000 1050.000000 0.270635 0.120996 0.000000 66.789282 0.134369 0.000000 66.587728 
211000 1055.000000 0.692264 0.005754 0.000000 68.477385 1.447257 0.000000 66.306500 
212000 1060.000000 0.561724 0.052262 0.000000 68.325462 0.583984 0.000000 67.449486 
213000 1065.000000 0.710351 -0.053429 0.000000 67.012771 0.043099 0.000000 66.948122 
214000 1070.000000 0.608741 -0.062685 0.000000 67.377017 0.927195 0.000000 65.986225 
215000 1075.000000 0.647807 -0.026688 0.000000 68.210317 0.959550 0.000000 66.770991 
216000 1080.000000 0.818053 -0.044214 0.000000 67.602471 0.442185 0.000000 66.939194 
217000 1085.000000 0.411637 0.120737 0.000000 69.039090 3.155968 0.000000 64.305137 
218000 1090.000000 0.429379 0.529779 0.000000 65.284052 0.696921 0.000000 64.238670 
219000 1095.000000 0.239829 0.130720 0.000000 69.079732 3.336317 0.000000 64.075257 
220000 1100.000000 0.248411 0.077380 0.000000 67.600619 0.005923 0.000000 67.591734 
221000 1105.000000 -0.031792 0.398261 0.000000 67.418698 0.196847 0.000000 67.123428 
222000 1110.000000 0.374841 0.409367 0.000000 66.608415 0.432270 0.000000 65.960009 
223000 1115.000000 0.229970 0.095487 0.000000 67.879819 0.274789 0.000000 67.467635 
224000 1120.000000 -0.047271 0.469732 0.000000 68.055098 0.491404 0.000000 67.317993 
225000 1125.000000 0.027985 0.607647 0.000000 67.887855 1.746749 0.000000 65.267731 
226000 1130.000000 -0.447595 0.512145 0.000000 68.020287 1.617933 0.000000 65.593387 
227000 1135.000000 0.637568 0.040900 0.000000 69.931494 0.839616 0.000000 68.672070 
228000 1140.000000 0.463641 0.171064 0.000000 68.840387 1.706922 0.000000 66.280004 
229000 1145.000000 0.043292 0.336998 0.000000 68.298814 0.637388 0.000000 67.342733 
230000 1150.000000 0.202703 0.099322 0.000000 68.605615 0.562826 0.000000 67.761376 
231000 1155.000000 0.348859 0.142844 0.000000 69.002402 0.407683 0.000000 68.390878 
232000 1160.000000 0.030953 0.288055 0.000000 68.769305 1.659923 0.000000 66.279421 
233000 1165.000000 0.318751 0.102785 0.000000 69.246814 0.014769 0.000000 69.224660 
234000 1170.000000 0.402739 0.037681 0.000000 70.486505 1.622533 0.000000 68.052705 
235000 1175.000000 0.078398 0.615974 0.000000 68.284481 0.788533 0.000000 67.101682 
236000 1180.000000 0.656694 0.066325 0.000000 71.407214 2.315119 0.000000 67.934535 
237000 1185.000000 -0.017852 0.304853 0.000000 68.486292 0.349221 0.000000 67.962461 
238000 1190.000000 -0.367216 0.535573 0.000000 68.922137 0.285398 0.000000 68.494040 
239000 1195.000000 0.812690 0.002846 0.000000 70.951061 1.255215 0.000000 69.068239 
240000 1200.000000 0.720142 0.050161 0.000000 71.213569 1.544825 0.000000 68.896332 
241000 1205.000000 0.318616 0.077311 0.000000 71.407009 2.675097 0.000000 67.394363 
242000 1210.000000 0.438283 0.030755 0.000000 71.157882 0.811378 0.000000 69.940816 
243000 1215.000000 0.046371 -0.092771 0.000000 66.124865 0.307397 0.000000 65.663769 
244000 1220.000000 -0.318777 0.492209 0.000000 70.642422 1.837229 0.000000 67.886578 
245000 1225.000000 -0.187102 0.566830 0.000000 70.242985 0.836318 0.000000 68.988508 
246000 1230.000000 0.335070 0.568114 0.000000 68.994967 0.490124 0.000000 68.259782 
247000 1235.000000 -0.174399 0.410134 0.000000 71.114114 1.982998 0.000000 68.139618 
248000 1240.000000 -0.481702 0.573068 0.000000 69.054451 0.021984 0.000000 69.021474 
249000 1245.000000 -0.014970 0.318711 0.000000 70.061949 0.560562 0.000000 69.221106 
250000 1250.000000 -0.293260 0.527521 0.000000 70.989388 1.422986 0.000000 68.854909 
251000 1255.000000 0.720608 0.093137 0.000000 71.136596 0.082572 0.000000 71.012737 
252000 1260.000000 0.637174 0.119735 0.000000 71.329798 0.064338 0.000000 71.233291 
253000 1265.000000 0.105642 0.151892 0.000000 70.537886 0.686305 0.000000 69.508428 
254000 1270.000000 0.430497 0.052393 0.000000 72.655223 1.158685 0.000000 70.917196 
255000 1275.000000 0.960208 0.090644 0.000000 69.911110 0.773682 0.000000 68.750586 
256000 1280.000000 0.700641 -0.037122 0.000000 72.058978 0.336872 0.000000 71.553669 
257000 1285.000000 0.102309 0.504934 0.000000 72.706869 3.091359 0.000000 68.069831 
258000 1290.000000 0.185138 0.574789 0.000000 70.857794 0.318587 0.000000 70.379914 
259000 1295.000000 -0.087156 0.497343 0.000000 72.478159 2.016173 0.000000 69.453899 
260000 1300.000000 -0.328834 0.431020 0.000000 71.057006 0.153377 0.000000 70.826939 
261000 1305.000000 -0.342836 0.375037 0.000000 70.915899 1.044084 0.000000 69.349774 
262000 1310.000000 0.912479 -0.044329 0.000000 72.072441 0.693429 0.000000 71.032298 
263000 1315.000000 0.396905 -0.044129 0.000000 71.950308 0.484138 0.000000 71.224100 
264000 1320.000000 0.512608 0.179312 0.000000 73.233034 3.467778 0.000000 68.031367 
265000 1325.000000 0.287749 -0.023609 0.000000 71.730403 0.513927 0.000000 70.959512 
266000 1330.000000 -0.330057 0.607798 0.000000 71.382667 0.852923 0.000000 70.103283 
267000 1335.000000 0.663265 0.002177 0.000000 73.723401 0.337115 0.000000 73.217728 
268000 1340.000000 0.535509 -0.018781 0.000000 74.136653 1.288525 0.000000 72.203866 
269000 1345.000000 0.531083 0.015619 0.000000 75.151850 2.528736 0.000000 71.358746 
270000 1350.000000 0.770975 0.115185 0.000000 73.168064 2.381313 0.000000 69.596095 
271000 1355.000000 0.492541 0.054264 0.000000 74.466396 1.178079 0.000000 72.699278 
272000 1360.000000 0.461499 -0.058785 0.000000 72.619568 0.172263 0.000000 72.361174 
273000 1365.000000 0.042383 0.347295 0.000000 72.629289 0.316893 0.000000 72.153950 
274000 1370.000000 -0.160418 0.469624 0.000000 73.278181 0.801558 0.000000 72.075845 
275000 1375.000000 -0.109041 0.389367 0.000000 73.065140 0.634618 0.000000 72.113212 
276000 1380.000000 0.334101 0.542249 0.000000 73.136945 1.525266 0.000000 70.849045 
277000 1385.000000 0.827328 0.028054 0.000000 75.096793 1.577951 0.000000 72.729867 
278000 1390.000000 0.227963 0.562470 0.000000 73.294676 0.527835 0.000000 72.502924 
279000 1395.000000 -0.199605 0.423124 0.000000 74.229511 1.800663 0.000000 71.528516 
280000 1400.000000 0.304286 0.090144 0.000000 74.959496 1.336249 0.000000 72.955122 
281000 1405.000000 0.421470 0.063577 0.000000 75.517814 1.485182 0.000000 73.290040 
282000 1410.000000 0.931781 0.048080 0.000000 76.106550 4.933084 0.000000 68.706925 
283000 1415.000000 0.326559 0.325862 0.000000 73.279792 0.013291 0.000000 73.259856 
284000 1420.000000 0.225010 0.202254 0.000000 74.619047 1.027543 0.000000 73.077733 
285000 1425.000000 -0.023418 0.230082 0.000000 73.242871 0.928001 0.000000 71.850870 
286000 1430.000000 0.029720 0.482732 0.000000 74.551695 0.005965 0.000000 74.542748 
287000 1435.000000 0.241089 0.248514 0.000000 74.308192 0.116057 0.000000 74.134107 
288000 1440.000000 0.363576 0.154364 0.000000 74.689892 0.024968 0.000000 74.652440 
289000 1445.000000 0.113707 0.402054 0.000000 75.068641 0.908625 0.000000 73.705703 
290000 1450.000000 -0.031769 0.627389 0.000000 74.288665 0.830236 0.000000 73.043311 
291000 1455.000000 0.576125 0.263401 0.000000 72.822621 0.984384 0.000000 71.346046 
292000 1460.000000 0.689641 0.124865 0.000000 74.963788 0.043681 0.000000 74.898266 
293000 1465.000000 0.608010 -0.056455 0.000000 75.358186 0.034444 0.000000 75.306520 
294000 1470.000000 0.315630 0.156107 0.000000 75.989977 1.348391 0.000000 73.967391 
295000 1475.000000 0.526601 0.077212 0.000000 77.752449 2.451987 0.000000 74.074468 
296000 1480.000000 0.624597 0.075744 0.000000 78.118132 2.744223 0.000000 74.001798 
297000 1485.000000 0.253383 0.043331 0.000000 76.651608 1.958303 0.000000 73.714154 
298000 1490.000000 0.038087 0.340546 0.000000 75.807048 1.022458 0.000000 74.273362 
299000 1495.000000 0.337905 0.074601 0.000000 77.196066 1.561927 0.000000 74.853176 
300000 1500.000000 0.805220 -0.090797 0.000000 75.855764 0.649045 0.000000 74.882196 
301000 1505.000000 0.611230 0.001792 0.000000 77.645012 0.428608 0.000000 77.002099 
302000 1510.000000 0.510181 0.010534 0.000000 77.683957 0.586603 0.000000 76.804053 
303000 1515.000000 0.598779 0.083731 0.000000 78.495248 2.353423 0.000000 74.965114 
304000 1520.000000 0.785838 0.031502 0.000000 77.409477 0.087002 0.000000 77.278975 
305000 1525.000000 0.229189 0.207602 0.000000 77.140242 1.969962 0.000000 74.185300 
306000 1530.000000 0.663272 0.000276 0.000000 78.427185 1.547935 0.000000 76.105282 
307000 1535.000000 0.781126 0.009566 0.000000 77.804938 0.262751 0.000000 77.410812 
308000 1540.000000 -0.398486 0.476749 0.000000 77.061770 2.147569 0.000000 73.840417 
309000 1545.000000 0.651971 -0.043423 0.000000 77.965983 1.267047 0.000000 76.065413 
310000 1550.000000 0.589672 0.154296 0.000000 76.619361 0.110193 0.000000 76.454072 
311000 1555.000000 0.850179 0.023008 0.000000 77.881000 0.302086 0.000000 77.427871 
312000 1560.000000 0.498780 0.073394 0.000000 78.325560 0.457794 0.000000 77.638868 
313000 1565.000000 0.448775 0.066975 0.000000 78.474757 0.862310 0.000000 77.181292 
314000 1570.000000 -0.338534 0.694123 0.000000 75.059353 0.123917 0.000000 74.873478 
315000 1575.000000 0.157958 -0.100921 0.000000 74.322887 0.628976 0.000000 73.379424 
316000 1580.000000 -0.189951 0.358854 0.000000 76.699099 0.140728 0.000000 76.488006 
317000 1585.000000 0.805495 -0.056516 0.000000 77.988675 0.249824 0.000000 77.613939 
318000 1590.000000 0.744729 -0.028978 0.000000 78.678916 0.415502 0.000000 78.055664 
319000 1595.000000 0.818200 -0.002825 0.000000 79.483052 1.835707 0.000000 76.729491 
320000 1600.000000 0.553042 -0.025515 0.000000 78.776872 0.614107 0.000000 77.855712 
321000 1605.000000 0.517222 0.068968 0.000000 80.041300 2.404663 0.000000 76.434305 
322000 1610.000000 -0.052048 0.608647 0.000000 78.118700 1.482868 0.000000 75.894398 
323000 1615.000000 0.516023 0.021462 0.000000 79.581852 1.054894 0.000000 77.999511 
324000 1620.000000 0.465867 0.144048 0.000000 78.574944 0.678278 0.000000 77.557527 
325000 1625.000000 0.865200 0.015512 0.000000 78.784135 0.061889 0.000000 78.691301 
326000 1630.000000 0.863942 -0.037282 0.000000 79.585100 2.097472 0.000000 76.438891 
327000 1635.000000 -0.067281 0.749190 0.000000 75.350975 0.004195 0.000000 75.344683 
328000 1640.000000 0.018984 0.714302 0.000000 75.943254 0.385241 0.000000 75.365393 
329000 1645.000000 0.594260 0.111102 0.000000 79.558377 1.770928 0.000000 76.901986 
330000 1650.000000 0.438649 -0.037363 0.000000 79.162213 1.790109 0.000000 76.477050 
331000 1655.000000 0.785433 0.015515 0.000000 79.562703 0.274718 0.000000 79.150625 
332000 1660.000000 0.579870 0.016930 0.000000 79.797018 0.215367 0.000000 79.473968 
333000 1665.000000 0.681535 0.050280 0.000000 79.947018 0.677948 0.000000 78.930096 
334000 1670.000000 0.357642 0.150620 0.000000 78.950792 0.250363 0.000000 78.575247 
335000 1675.000000 0.041940 0.579196 0.000000 79.952851 3.041468 0.000000 75.390649 
336000 1680.000000 -0.026629 0.300032 0.000000 77.968161 0.142163 0.000000 77.754916 
337000 1685.000000 -0.503394 1.507449 0.000000 80.736091 1.043576 0.000000 79.170727 
338000 1690.000000 -0.525249 1.443337 0.000000 80.333442 0.106237 0.000000 80.174086 
339000 1695.000000 -0.602306 1.450073 0.000000 80.684005 0.941769 0.000000 79.271352 
340000 1700.000000 -0.520578 1.361260 0.000000 79.195089 0.105081 0.000000 79.037469 
341000 1705.000000 -0.669259 1.353508 0.000000 80.760224 1.346018 0.000000 78.741196 
342000 1710.000000 -0.530415 1.444317 0.000000 80.470704 0.225053 0.000000 80.133124 
343000 1715.000000 -0.519474 1.381026 0.000000 80.703839 2.421932 0.000000 77.070942 
344000 1720.000000 -0.688435 1.391457 0.000000 79.821532 0.109576 0.000000 79.657169 
345000 1725.000000 -0.253620 1.676599 0.000000 79.924143 3.019026 0.000000 75.395605 
346000 1730.000000 -0.623066 1.397544 0.000000 80.667560 0.555547 0.000000 79.834239 
347000 1735.000000 -0.245124 1.653225 0.000000 78.222261 0.058280 0.000000 78.134842 
348000 1740.000000 -0.479293 1.440142 0.000000 80.273519 0.875036 0.000000 78.960965 
349000 1745.000000 -0.671006 1.411114 0.000000 80.133317 0.460052 0.000000 79.443239 
350000 1750.000000 -0.707980 1.370757 0.000000 79.837213 0.141995 0.000000 79.624220 
351000 1755.000000 -0.682930 1.268358 0.000000 79.572612 0.024056 0.000000 79.536528 
352000 1760.000000 -0.763141 1.267871 0.000000 79.595753 0.734450 0.000000 78.494078 
353000 1765.000000 -0.483065 1.431607 0.000000 79.954780 0.134489 0.000000 79.753046 
354000 1770.000000 -0.544175 1.424671 0.000000 80.600474 0.110622 0.000000 80.434541 
355000 1775.000000 -0.671892 1.344630 0.000000 80.692740 0.870161 0.000000 79.387500 
356000 1780.000000 -0.613589 1.347945 0.000000 80.516954 0.450015 0.000000 79.841931 
357000 1785.000000 -0.128636 1.624330 0.000000 75.212666 0.655649 0.000000 74.229193 
358000 1790.000000 -0.954842 0.990026 0.000000 80.142825 0.158439 0.000000 79.905167 
359000 1795.000000 -0.723165 1.301027 0.000000 80.464304 1.253222 0.000000 78.584472 
360000 1800.000000 -0.493845 1.527305 0.000000 80.711803 0.523531 0.000000 79.926506 
361000 1805.000000 -0.854296 1.229300 0.000000 77.970505 0.151863 0.000000 77.742711 
362000 1810.000000 -0.975694 0.811250 0.000000 79.382247 0.375342 0.000000 78.819234 
363000 1815.000000 -1.111886 0.826995 0.000000 79.830917 0.687033 0.000000 78.800368 
364000 1820.000000 -0.561599 1.420961 0.000000 81.378543 0.716758 0.000000 80.303406 
365000 1825.000000 -0.654372 1.412626 0.000000 80.890189 0.587837 0.000000 80.008433 
366000 1830.000000 -1.116047 0.798129 0.000000 79.483707 0.193163 0.000000 79.193963 
367000 1835.000000 -0.946993 1.010184 0.000000 81.423858 1.629836 0.000000 78.979105 
368000 1840.000000 -0.577711 1.443924 0.000000 81.300290 0.264166 0.000000 80.904041 
369000 1845.000000 -0.558674 1.497050 0.000000 80.901565 0.056562 0.000000 80.816723 
370000 1850.000000 -0.925415 0.942464 0.000000 80.554834 0.269855 0.000000 80.150051 
371000 1855.000000 0.136049 0.538274 0.000000 80.641160 0.852247 0.000000 79.362789 
372000 1860.000000 0.158076 0.450256 0.000000 81.753090 2.490497 0.000000 78.017345 
373000 1865.000000 0.537830 0.069235 0.000000 82.021755 1.186797 0.000000 80.241559 
374000 1870.000000 -0.041220 0.419786 0.000000 80.840773 0.624931 0.000000 79.903376 
375000 1875.000000 0.096305 0.679219 0.000000 79.419266 1.586141 0.000000 77.040054 
376000 1880.000000 -0.107150 0.199757 0.000000 78.410995 0.412811 0.000000 77.791778 
377000 1885.000000 0.352884 0.108730 0.000000 82.038954 1.773003 0.000000 79.379449 
378000 1890.000000 0.743096 0.051257 0.000000 82.639647 2.025230 0.000000 79.601802 
379000 1895.000000 0.131965 0.407266 0.000000 81.240728 0.603936 0.000000 80.334823 
380000 1900.000000 0.304067 0.460185 0.000000 80.676369 0.347771 0.000000 80.154713 
381000 1905.000000 0.156181 0.657617 0.000000 79.415212 0.050027 0.000000 79.340172 
382000 1910.000000 0.227565 0.128378 0.000000 81.836911 1.405590 0.000000 79.728525 
383000 1915.000000 -0.623972 0.564058 0.000000 79.562451 0.722792 0.000000 78.478262 
384000 1920.000000 0.452963 0.094057 0.000000 83.272023 2.186664 0.000000 79.992027 
385000 1925.000000 -0.323922 0.577451 0.000000 81.874242 2.321105 0.000000 78.392584 
386000 1930.000000 0.348989 0.475031 0.000000 81.118372 0.572082 0.000000 80.260249 
387000 1935.000000 -0.036594 0.382599 0.000000 81.943698 0.890552 0.000000 80.607871 
388000 1940.000000 0.039039 0.358743 0.000000 81.681340 0.776230 0.000000 80.516996 
389000 1945.000000 0.103492 0.420361 0.000000 82.511457 1.521451 0.000000 80.229280 
390000 1950.000000 0.643387 -0.044769 0.000000 83.371042 2.281987 0.000000 79.948062 
391000 1955.000000 0.775591 0.102015 0.000000 81.816267 0.480127 0.000000 81.096076 
392000 1960.000000 0.190668 0.097719 0.000000 81.842213 0.436842 0.000000 81.186950 
393000 1965.000000 0.423363 -0.055190 0.000000 82.838478 2.777041 0.000000 78.672916 
394000 1970.000000 0.183949 0.605836 0.000000 81.183836 0.181631 0.000000 80.911390 
395000 1975.000000 0.248660 0.207424 0.000000 81.800946 0.069943 0.000000 81.696032 
396000 1980.000000 0.061698 0.252512 0.000000 81.491844 0.386575 0.000000 80.911981 
397000 1985.000000 0.312120 0.045810 0.000000 82.728810 0.169366 0.000000 82.474761 
398000 1990.000000 0.902868 -0.008833 0.000000 82.902986 0.367943 0.000000 82.351072 
399000 1995.000000 -0.189004 0.511979 0.000000 82.889102 0.949959 0.000000 81.464164 
400000 2000.000000 0.156009 0.100203 0.000000 82.305732 0.681068 0.000000 81.284129 
401000 2005.000000 0.104815 0.423575 0.000000 82.685412 0.194695 0.000000 82.393370 
402000 2010.000000 -0.728396 0.577802 0.000000 81.583485 3.044544 0.000000 77.016670 
403000 2015.000000 -0.635445 1.437282 0.000000 83.746391 0.697490 0.000000 82.700155 
404000 2020.000000 -0.585550 1.468998 0.000000 83.746793 0.267888 0.000000 83.344960 
405000 2025.000000 -0.730454 1.189333 0.000000 82.762489 1.430761 0.000000 80.616348 
406000 2030.000000 -0.809207 0.715947 0.000000 80.664271 0.848028 0.000000 79.392229 
407000 2035.000000 -0.987283 1.033566 0.000000 83.169073 0.227165 0.000000 82.828326 
408000 2040.000000 -0.799629 1.349872 0.000000 81.976375 0.884979 0.000000 80.648907 
409000 2045.000000 -1.016995 0.833560 0.000000 83.203155 0.456247 0.000000 82.518784 
410000 2050.000000 -1.091895 0.791389 0.000000 82.706682 0.392444 0.000000 82.118016 
411000 2055.000000 -1.002281 0.900165 0.000000 83.644670 0.526431 0.000000 82.855024 
412000 2060.000000 -0.668805 1.389682 0.000000 84.226979 0.638921 0.000000 83.268598 
413000 2065.000000 -1.094499 0.921864 0.000000 82.985055 0.385167 0.000000 82.407305 
414000 2070.000000 0.240909 0.456731 0.000000 83.729575 0.872627 0.000000 82.420634 
415000 2075.000000 -0.412524 1.409361 0.000000 81.981370 0.435741 0.000000 81.327759 
416000 2080.000000 -0.398290 1.445045 0.000000 84.611450 4.736802 0.000000 77.506247 
417000 2085.000000 -0.935184 0.839533 0.000000 83.127201 0.386408 0.000000 82.547590 
418000 2090.000000 -0.994519 1.046551 0.000000 83.946097 1.463637 0.000000 81.750642 
419000 2095.000000 -0.683951 1.330766 0.000000 84.736984 0.913145 0.000000 83.367266 
420000 2100.000000 -0.615261 1.325504 0.000000 84.884496 1.428744 0.000000 82.741381 
421000 2105.000000 -0.829733 0.808721 0.000000 81.635520 0.334126 0.000000 81.134331 
422000 2110.000000 -1.025988 0.866782 0.000000 84.311264 1.306092 0.000000 82.352126 
423000 2115.000000 -0.482158 1.499123 0.000000 85.146268 0.768835 0.000000 83.993015 
424000 2120.000000 -0.734085 1.570522 0.000000 78.412504 0.239393 0.000000 78.053414 
425000 2125.000000 -0.827047 0.905156 0.000000 83.403702 1.859490 0.000000 80.614467 
426000 2130.000000 -0.620407 1.331748 0.000000 84.587736 0.138638 0.000000 84.379779 
427000 2135.000000 -1.075948 1.027970 0.000000 84.553468 4.223096 0.000000 78.218823 
428000 2140.000000 -0.760151 0.673614 0.000000 81.422606 0.855590 0.000000 80.139221 
429000 2145.000000 0.181528 0.459504 0.000000 84.927423 1.676761 0.000000 82.412282 
430000 2150.000000 0.578910 0.090631 0.000000 85.247776 0.477458 0.000000 84.531590 
431000 2155.000000 0.459386 0.069145 0.000000 86.302982 2.112627 0.000000 83.134042 
432000 2160.000000 0.375509 0.006501 0.000000 84.849859 0.260246 0.000000 84.459490 
433000 2165.000000 -0.019000 0.447225 0.000000 85.036860 1.044798 0.000000 83.469663 
434000 2170.000000 0.506454 0.045721 0.000000 86.096036 1.176682 0.000000 84.331012 
435000 2175.000000 0.212185 0.223800 0.000000 84.471146 0.722764 0.000000 83.386999 
436000 2180.000000 0.509550 0.092419 0.000000 85.444179 0.173792 0.000000 85.183490 
437000 2185.000000 -0.015807 0.343940 0.000000 84.224065 0.415977 0.000000 83.600100 
438000 2190.000000 0.089070 0.426928 0.000000 84.672694 0.028852 0.000000 84.629416 
439000 2195.000000 -0.163267 0.626905 0.000000 84.001103 0.375247 0.000000 83.438232 
440000 2200.000000 -0.156579 0.445362 0.000000 85.008720 0.306092 0.000000 84.549581 
441000 2205.000000 0.560331 0.029925 0.000000 86.196106 0.262451 0.000000 85.802429 
442000 2210.000000 0.659784 0.010517 0.000000 86.758697 1.162750 0.000000 85.014572 
443000 2215.000000 -0.285169 0.420035 0.000000 85.015282 1.179536 0.000000 83.245978 
444000 2220.000000 -0.101327 0.450075 0.000000 85.618061 0.819595 0.000000 84.388669 
445000 2225.000000 0.540160 0.064080 0.000000 86.365524 0.381647 0.000000 85.793053 
446000 2230.000000 0.263862 -0.050132 0.000000 85.210683 2.546200 0.000000 81.391384 
447000 2235.000000 0.301684 0.579124 0.000000 84.358257 0.405489 0.000000 83.750024 
448000 2240.000000 0.505203 0.205290 0.000000 84.585448 0.539323 0.000000 83.776463 
449000 2245.000000 0.042320 0.505567 0.000000 85.620763 0.236050 0.000000 85.266689 
450000 2250.000000 0.413448 0.001355 0.000000 86.179985 0.278958 0.000000 85.761548 
451000 2255.000000 0.661409 0.034050 0.000000 87.443122 1.366143 0.000000 85.393908 
452000 2260.000000 0.873225 0.001373 0.000000 86.362103 0.300592 0.000000 85.911215 
453000 2265.000000 0.946558 0.060428 0.000000 85.087846 0.205379 0.000000 84.779778 
454000 2270.000000 0.480161 0.012663 0.000000 86.592868 0.004297 0.000000 86.586422 
455000 2275.000000 0.586092 0.025939 0.000000 89.425771 5.006189 0.000000 81.916488 
456000 2280.000000 0.447381 0.090547 0.000000 88.496072 3.745234 0.000000 82.878221 
457000 2285.000000 -0.063594 0.282667 0.000000 85.431747 1.797106 0.000000 82.736089 
458000 2290.000000 0.067259 0.531388 0.000000 86.410860 1.127523 0.000000 84.719576 
459000 2295.000000 -0.276925 0.563176 0.000000 85.666219 0.676665 0.000000 84.651222 
460000 2300.000000 0.016346 0.440118 0.000000 86.875081 1.701274 0.000000 84.323170 
461000 2305.000000 0.230530 0.244315 0.000000 85.872238 0.448480 0.000000 85.199518 
462000 2310.000000 0.654567 0.049569 0.000000 88.407796 2.413043 0.000000 84.788231 
463000 2315.000000 0.797918 0.005966 0.000000 87.277279 0.312634 0.000000 86.808329 
464000 2320.000000 0.161103 0.438841 0.000000 86.636274 0.918876 0.000000 85.257960 
465000 2325.000000 0.385357 0.053485 0.000000 88.569611 3.130965 0.000000 83.873164 
466000 2330.000000 0.367831 0.247142 0.000000 86.651187 2.268095 0.000000 83.249044 
467000 2335.000000 0.613875 -0.094546 0.000000 85.564036 0.748386 0.000000 84.441457 
468000 2340.000000 0.964215 0.018656 0.000000 86.279319 0.665582 0.000000 85.280946 
469000 2345.000000 0.307117 0.092649 0.000000 86.784711 0.015888 0.000000 86.760879 
470000 2350.000000 0.036919 0.601002 0.000000 85.786518 0.076514 0.000000 85.671747 
471000 2355.000000 0.941949 -0.044913 0.000000 87.725776 3.332051 0.000000 82.727700 
472000 2360.000000 0.730315 -0.033312 0.000000 87.552779 0.489745 0.000000 86.818161 
473000 2365.000000 0.077190 0.379624 0.000000 86.581331 0.486908 0.000000 85.850970 
474000 2370.000000 0.396413 0.505599 0.000000 85.933565 0.430778 0.000000 85.287398 
475000 2375.000000 -0.674210 0.508884 0.000000 84.731837 0.292206 0.000000 84.293528 
476000 2380.000000 -0.064507 0.491434 0.000000 87.122933 0.076082 0.000000 87.008810 
477000 2385.000000 0.431310 0.054512 0.000000 88.463188 1.216084 0.000000 86.639062 
478000 2390.000000 0.803872 -0.065796 0.000000 87.472045 0.809748 0.000000 86.257423 
479000 2395.000000 0.170772 0.359706 0.000000 87.257542 0.638426 0.000000 86.299903 
480000 2400.000000 0.453075 0.056767 0.000000 88.716966 1.206371 0.000000 86.907409 
481000 2405.000000 0.428541 0.147112 0.000000 87.453252 0.139898 0.000000 87.243404 
482000 2410.000000 0.311302 0.227677 0.000000 87.605299 1.341142 0.000000 85.593586 
483000 2415.000000 0.890151 -0.213875 0.000000 81.761370 1.490312 0.000000 79.525902 
484000 2420.000000 0.207610 -0.074557 0.000000 85.319318 0.219203 0.000000 84.990513 
485000 2425.000000 0.667951 0.034533 0.000000 88.704736 0.071947 0.000000 88.596816 
486000 2430.000000 0.051958 0.603581 0.000000 87.074355 0.392920 0.000000 86.484974 
487000 2435.000000 0.121378 0.464860 0.000000 88.070136 0.960299 0.000000 86.629688 
488000 2440.000000 -0.545089 1.427816 0.000000 89.142067 0.730470 0.000000 88.046361 
489000 2445.000000 -0.630951 1.344465 0.000000 89.372833 1.703608 0.000000 86.817421 
490000 2450.000000 -1.064997 0.604450 0.000000 85.221808 0.864840 0.000000 83.924548 
491000 2455.000000 -0.643663 1.502564 0.000000 87.813384 1.622875 0.000000 85.379072 
492000 2460.000000 -0.599743 1.470494 0.000000 88.597862 0.301124 0.000000 88.146177 
493000 2465.000000 -0.906450 0.686623 0.000000 85.903309 1.108502 0.000000 84.240556 
494000 2470.000000 -0.715690 1.426062 0.000000 87.428535 0.833383 0.000000 86.178461 
495000 2475.000000 -0.400049 1.578441 0.000000 88.661133 1.287117 0.000000 86.730457 
496000 2480.000000 -1.064529 1.049430 0.000000 87.532777 3.200752 0.000000 82.731648 
497000 2485.000000 -0.688973 1.315509 0.000000 88.526734 0.379897 0.000000 87.956888 
498000 2490.000000 -0.361697 1.636269 0.000000 87.514056 0.068415 0.000000 87.411433 
499000 2495.000000 -0.850878 0.695667 0.000000 86.915379 3.337430 0.000000 81.909234 
