Invalid MIT-MAGIC-COOKIE-1 key              :-) GROMACS - gmx mdrun, 2020.6-plumed-2.9.0-dev (-:

                            GROMACS is written by:
     Emile Apol      Rossen Apostolov      Paul Bauer     Herman J.C. Berendsen
    Par Bjelkmar      Christian Blau   Viacheslav Bolnykh     Kevin Boyd    
 Aldert van Buuren   Rudi van Drunen     Anton Feenstra       Alan Gray     
  Gerrit Groenhof     Anca Hamuraru    Vincent Hindriksen  M. Eric Irrgang  
  Aleksei Iupinov   Christoph Junghans     Joe Jordan     Dimitrios Karkoulis
    Peter Kasson        Jiri Kraus      Carsten Kutzner      Per Larsson    
  Justin A. Lemkul    Viveca Lindahl    Magnus Lundborg     Erik Marklund   
    Pascal Merz     Pieter Meulenhoff    Teemu Murtola       Szilard Pall   
    Sander Pronk      Roland Schulz      Michael Shirts    Alexey Shvetsov  
   Alfons Sijbers     Peter Tieleman      Jon Vincent      Teemu Virolainen 
 Christian Wennberg    Maarten Wolf      Artem Zhmurov   
                           and the project leaders:
        Mark Abraham, Berk Hess, Erik Lindahl, and David van der Spoel

Copyright (c) 1991-2000, University of Groningen, The Netherlands.
Copyright (c) 2001-2019, The GROMACS development team at
Uppsala University, Stockholm University and
the Royal Institute of Technology, Sweden.
check out http://www.gromacs.org for more information.

GROMACS is free software; you can redistribute it and/or modify it
under the terms of the GNU Lesser General Public License
as published by the Free Software Foundation; either version 2.1
of the License, or (at your option) any later version.

GROMACS:      gmx mdrun, version 2020.6-plumed-2.9.0-dev
Executable:   /home/npedrani@iit.local/programs/gromacs-2020.6/install/bin/gmx_mpi
Data prefix:  /home/npedrani@iit.local/programs/gromacs-2020.6/install
Working dir:  /home/npedrani@iit.local/Desktop/Phd_main_Projects/Hyper-TICA/Alanine/On-The-Fly/Deep-TICA/automatic/restart/all_data_Micheletime/unbias_A/bias1/bias2/bias3/bias4/bias5
Command line:
  gmx_mpi mdrun -s input.sA.tpr -cpo state.cpt -cpi state -noappend -deffnm alanine -plumed plumed.dat -ntomp 8 -nsteps 500000 -pin on -pinoffset 0 -pinstride 1 -gpu_id 1

+++ Loading the PLUMED kernel runtime +++
+++ PLUMED_KERNEL="/home/npedrani@iit.local/programs/plumed2-pytorch/src/lib/libplumedKernel.so" +++
+++ Loading the PLUMED kernel runtime +++
+++ PLUMED_KERNEL="/home/npedrani@iit.local/programs/plumed2-pytorch/src/lib/libplumedKernel.so" +++
Invalid MIT-MAGIC-COOKIE-1 keyReading file input.sA.tpr, VERSION 2020.6-MODIFIED (single precision)
Overriding nsteps with value passed on the command line: 500000 steps, 1e+03 ps
Changing nstlist from 10 to 100, rlist from 1.034 to 1.309


1 GPU selected for this run.
Mapping of GPU IDs to the 1 GPU task in the 1 rank on this node:
  PP:1
PP tasks will do (non-perturbed) short-ranged interactions on the GPU
PP task will update and constrain coordinates on the CPU
Using 1 MPI process
Using 8 OpenMP threads 


Overriding thread affinity set outside gmx mdrun
starting mdrun 'Generated by trjconv : Alanine in vacuum in water t=   0.00000'
3000000 steps,   6000.0 ps (continuing from step 2500000,   5000.0 ps).

Writing final coordinates.

               Core t (s)   Wall t (s)        (%)
       Time:     9045.515     1130.689      800.0
                 (ns/day)    (hour/ns)
Performance:       76.414        0.314

GROMACS reminds you: "I'm a Wishbone and I'm Breaking" (Pixies)

