0 0.000000 -0.479530 1.476140 0.000000 0.138640 0.092427 0.000000 0.000000 
0 0.000000 -0.479281 1.475580 0.000000 0.147796 0.123854 0.000000 -0.037986 
1000 5.000000 -0.565887 1.412717 0.000000 1.091286 1.451591 0.000000 -1.086102 
2000 10.000000 -0.555022 1.533980 0.000000 -0.255752 0.416750 0.000000 -0.880877 
3000 15.000000 -0.606723 1.421719 0.000000 0.470997 0.358241 0.000000 -0.066365 
4000 20.000000 -0.578287 1.397052 0.000000 1.740319 2.845270 0.000000 -2.527586 
5000 25.000000 -0.475335 1.439620 0.000000 -0.266695 0.200074 0.000000 -0.566806 
6000 30.000000 -0.715590 1.239788 0.000000 4.091006 2.027073 0.000000 1.050396 
7000 35.000000 -0.552282 1.546669 0.000000 6.798563 0.612328 0.000000 5.880071 
8000 40.000000 -0.554843 1.205592 0.000000 9.596010 0.827764 0.000000 8.354365 
9000 45.000000 -0.303653 1.667176 0.000000 14.720602 0.575228 0.000000 13.857760 
10000 50.000000 -0.405375 1.565147 0.000000 19.230950 0.337033 0.000000 18.725400 
11000 55.000000 -0.360759 1.647329 0.000000 20.908771 0.974271 0.000000 19.447364 
12000 60.000000 -0.546991 1.432226 0.000000 25.029687 0.739984 0.000000 23.919712 
13000 65.000000 -0.753973 1.124473 0.000000 24.702388 1.608478 0.000000 22.289671 
14000 70.000000 -0.229984 1.775692 0.000000 28.511886 0.502798 0.000000 27.757689 
15000 75.000000 -0.301960 1.767523 0.000000 31.297000 0.771952 0.000000 30.139073 
16000 80.000000 -0.224179 1.714169 0.000000 34.698417 0.116438 0.000000 34.523760 
17000 85.000000 -0.581885 1.440820 0.000000 37.858520 0.030016 0.000000 37.813496 
18000 90.000000 -0.848614 1.107127 0.000000 37.309765 1.560124 0.000000 34.969579 
19000 95.000000 -0.596614 1.392956 0.000000 40.049533 0.102972 0.000000 39.895075 
20000 100.000000 -0.802330 1.299264 0.000000 41.118449 1.028076 0.000000 39.576335 
21000 105.000000 -0.487065 1.419391 0.000000 42.943024 0.334175 0.000000 42.441762 
22000 110.000000 -0.402687 1.700760 0.000000 43.840490 1.729650 0.000000 41.246015 
23000 115.000000 -0.284395 1.679072 0.000000 44.361020 0.416086 0.000000 43.736892 
24000 120.000000 -0.695245 1.284046 0.000000 44.201246 0.295678 0.000000 43.757729 
25000 125.000000 -0.199157 1.813490 0.000000 45.735899 0.562394 0.000000 44.892309 
26000 130.000000 -0.630453 1.165720 0.000000 47.346262 0.720016 0.000000 46.266238 
27000 135.000000 -0.563693 1.486758 0.000000 47.692511 0.162943 0.000000 47.448096 
28000 140.000000 -0.382581 1.561283 0.000000 49.393621 0.207861 0.000000 49.081830 
29000 145.000000 -0.400382 1.614063 0.000000 50.291965 0.439173 0.000000 49.633205 
30000 150.000000 -0.605251 1.168720 0.000000 50.504898 0.852032 0.000000 49.226849 
31000 155.000000 -0.823494 0.923690 0.000000 50.647819 0.565276 0.000000 49.799905 
32000 160.000000 -0.763886 1.209070 0.000000 51.575092 0.507367 0.000000 50.814042 
33000 165.000000 -0.355540 1.730744 0.000000 54.762977 0.705552 0.000000 53.704649 
34000 170.000000 -0.201330 1.594441 0.000000 56.664283 2.835300 0.000000 52.411333 
35000 175.000000 -0.816071 1.167695 0.000000 54.878297 1.271902 0.000000 52.970444 
36000 180.000000 -0.222865 1.626793 0.000000 58.657545 0.768880 0.000000 57.504224 
37000 185.000000 -1.207410 0.589104 0.000000 54.716945 0.472223 0.000000 54.008611 
38000 190.000000 -0.338107 1.646423 0.000000 60.026500 0.615214 0.000000 59.103679 
39000 195.000000 -0.679944 1.457059 0.000000 59.957953 1.939962 0.000000 57.048010 
40000 200.000000 -0.305603 1.625854 0.000000 60.280919 0.220940 0.000000 59.949509 
41000 205.000000 -0.423525 1.694908 0.000000 60.724107 1.705339 0.000000 58.166100 
42000 210.000000 -0.522910 1.515818 0.000000 60.620308 0.111065 0.000000 60.453710 
43000 215.000000 -0.299320 1.641831 0.000000 61.564481 0.685555 0.000000 60.536149 
44000 220.000000 -0.240110 1.703561 0.000000 62.401222 0.912861 0.000000 61.031930 
45000 225.000000 -0.300639 1.975814 0.000000 57.698034 2.123089 0.000000 54.513400 
46000 230.000000 -0.575984 1.409849 0.000000 64.459895 1.592788 0.000000 62.070713 
47000 235.000000 -0.594987 1.543766 0.000000 63.718560 1.146229 0.000000 61.999216 
48000 240.000000 -0.612598 1.250805 0.000000 63.424850 0.895249 0.000000 62.081976 
49000 245.000000 -0.350812 1.779878 0.000000 64.389423 0.728865 0.000000 63.296126 
50000 250.000000 -0.591951 1.256490 0.000000 65.069717 0.360150 0.000000 64.529492 
51000 255.000000 -0.308807 1.644520 0.000000 67.484358 1.582912 0.000000 65.109991 
52000 260.000000 -0.424309 1.481795 0.000000 66.649763 0.324525 0.000000 66.162975 
53000 265.000000 -0.377260 1.473585 0.000000 66.077191 0.488767 0.000000 65.344041 
54000 270.000000 -0.967321 0.731701 0.000000 66.292819 2.693320 0.000000 62.252839 
55000 275.000000 -1.071663 0.749969 0.000000 67.373452 3.436502 0.000000 62.218699 
56000 280.000000 -0.611305 1.330375 0.000000 68.526389 0.080320 0.000000 68.405909 
57000 285.000000 -0.443812 1.714566 0.000000 67.914488 0.483018 0.000000 67.189962 
58000 290.000000 -0.411574 1.474303 0.000000 68.845006 1.189571 0.000000 67.060649 
59000 295.000000 -0.608874 1.508387 0.000000 69.390882 1.152505 0.000000 67.662125 
60000 300.000000 -0.777640 1.242232 0.000000 68.934638 1.345876 0.000000 66.915823 
61000 305.000000 -0.167530 1.687141 0.000000 69.495269 0.086590 0.000000 69.365384 
62000 310.000000 -0.306480 1.586583 0.000000 71.139064 0.554172 0.000000 70.307806 
63000 315.000000 -0.792214 1.313013 0.000000 70.365584 0.243825 0.000000 69.999847 
64000 320.000000 -0.278377 1.475655 0.000000 70.460914 0.086162 0.000000 70.331671 
65000 325.000000 -0.154730 1.881001 0.000000 71.010047 0.421789 0.000000 70.377364 
66000 330.000000 -0.324042 1.624963 0.000000 72.889427 0.137229 0.000000 72.683583 
67000 335.000000 -0.772540 1.173054 0.000000 71.873904 0.838553 0.000000 70.616075 
68000 340.000000 -0.706518 1.366084 0.000000 73.450927 0.908111 0.000000 72.088761 
69000 345.000000 -0.467404 1.358383 0.000000 72.554531 0.895221 0.000000 71.211700 
70000 350.000000 -0.295474 1.482671 0.000000 71.582830 0.340147 0.000000 71.072609 
71000 355.000000 -0.286285 1.813598 0.000000 75.503219 1.973254 0.000000 72.543337 
72000 360.000000 -0.526536 1.474342 0.000000 74.777817 0.169431 0.000000 74.523670 
73000 365.000000 -0.195440 1.628613 0.000000 74.365291 0.066072 0.000000 74.266182 
74000 370.000000 -0.642476 1.331443 0.000000 76.460420 2.155759 0.000000 73.226782 
75000 375.000000 -0.594719 1.465990 0.000000 75.806698 0.314733 0.000000 75.334598 
76000 380.000000 -0.780061 1.323126 0.000000 75.221350 1.076885 0.000000 73.606022 
77000 385.000000 -0.413223 1.197775 0.000000 73.612205 1.331976 0.000000 71.614241 
78000 390.000000 -0.376832 1.584416 0.000000 78.284343 0.938698 0.000000 76.876296 
79000 395.000000 -0.376941 1.788563 0.000000 76.198386 0.760060 0.000000 75.058296 
80000 400.000000 -0.745717 1.005081 0.000000 76.824509 1.163281 0.000000 75.079588 
81000 405.000000 -0.289798 1.687948 0.000000 78.890396 1.234868 0.000000 77.038095 
82000 410.000000 -0.334624 1.606132 0.000000 79.498985 1.499903 0.000000 77.249130 
83000 415.000000 -0.501924 1.414642 0.000000 78.838782 0.264360 0.000000 78.442242 
84000 420.000000 -0.751374 1.395630 0.000000 77.489959 0.080912 0.000000 77.368591 
85000 425.000000 -0.136621 1.779601 0.000000 79.368217 0.820848 0.000000 78.136946 
86000 430.000000 -0.472770 1.454471 0.000000 80.380729 1.420821 0.000000 78.249498 
87000 435.000000 -0.432919 1.340095 0.000000 79.779300 0.076571 0.000000 79.664444 
88000 440.000000 -0.411469 1.581277 0.000000 81.742002 0.463881 0.000000 81.046180 
89000 445.000000 -0.200452 1.776214 0.000000 83.160747 2.052832 0.000000 80.081499 
90000 450.000000 -0.199395 1.782433 0.000000 82.569799 0.741460 0.000000 81.457608 
91000 455.000000 -0.299767 1.617282 0.000000 83.487772 1.689666 0.000000 80.953273 
92000 460.000000 -0.614090 1.169679 0.000000 83.561777 1.243764 0.000000 81.696132 
93000 465.000000 -0.263695 1.792432 0.000000 84.217256 0.746515 0.000000 83.097483 
94000 470.000000 -0.175639 1.847170 0.000000 83.921012 1.373481 0.000000 81.860790 
95000 475.000000 -0.523373 1.533324 0.000000 83.845377 0.425155 0.000000 83.207645 
96000 480.000000 -0.301883 1.703642 0.000000 84.915150 0.320488 0.000000 84.434419 
97000 485.000000 -0.189978 1.807321 0.000000 85.276296 1.479619 0.000000 83.056868 
98000 490.000000 -0.264727 1.616743 0.000000 85.608414 1.847213 0.000000 82.837595 
99000 495.000000 -0.209069 1.598226 0.000000 85.244507 1.397764 0.000000 83.147862 
100000 500.000000 -0.008783 0.278253 0.000000 85.348060 0.655401 0.000000 84.364958 
101000 505.000000 0.599970 0.078579 0.000000 91.801138 5.255834 0.000000 83.917387 
102000 510.000000 0.617462 0.142851 0.000000 88.176915 0.094451 0.000000 88.035239 
103000 515.000000 0.701823 0.017852 0.000000 89.839218 0.252990 0.000000 89.459733 
104000 520.000000 0.226536 0.009561 0.000000 88.766010 3.273800 0.000000 83.855309 
105000 525.000000 0.401861 0.189074 0.000000 88.014910 0.546044 0.000000 87.195845 
106000 530.000000 0.200603 0.167018 0.000000 87.917041 1.320465 0.000000 85.936344 
107000 535.000000 0.453000 0.063154 0.000000 92.330014 4.938417 0.000000 84.922388 
108000 540.000000 0.650254 0.026649 0.000000 91.266727 1.019079 0.000000 89.738108 
109000 545.000000 0.538614 0.077929 0.000000 90.540328 0.068359 0.000000 90.437789 
110000 550.000000 0.552464 0.056634 0.000000 91.106186 0.427769 0.000000 90.464533 
111000 555.000000 0.627952 0.045748 0.000000 91.254985 0.219788 0.000000 90.925303 
112000 560.000000 0.716773 0.190043 0.000000 88.014650 0.968936 0.000000 86.561246 
113000 565.000000 0.531435 -0.055725 0.000000 91.155718 2.208545 0.000000 87.842900 
114000 570.000000 0.751343 0.045784 0.000000 90.977766 0.141796 0.000000 90.765071 
115000 575.000000 0.196199 0.249076 0.000000 88.917343 0.654107 0.000000 87.936183 
116000 580.000000 0.782137 -0.013036 0.000000 91.057891 0.136214 0.000000 90.853569 
117000 585.000000 0.761919 0.087635 0.000000 90.765883 0.083632 0.000000 90.640435 
118000 590.000000 0.724285 -0.021992 0.000000 91.878462 0.669917 0.000000 90.873587 
119000 595.000000 0.339953 0.114069 0.000000 90.650376 0.030184 0.000000 90.605101 
120000 600.000000 0.398235 0.141746 0.000000 91.417463 0.969902 0.000000 89.962610 
121000 605.000000 0.707351 0.010490 0.000000 92.311040 0.441539 0.000000 91.648731 
122000 610.000000 -0.167074 0.333078 0.000000 89.262598 0.265380 0.000000 88.864528 
123000 615.000000 0.145642 0.357748 0.000000 90.405729 0.675443 0.000000 89.392565 
124000 620.000000 0.794483 -0.057221 0.000000 91.516327 0.057163 0.000000 91.430583 
125000 625.000000 0.348290 0.209334 0.000000 91.421734 1.262439 0.000000 89.528076 
126000 630.000000 0.397261 0.126689 0.000000 93.915879 3.841549 0.000000 88.153556 
127000 635.000000 0.729497 0.122433 0.000000 92.136308 0.726837 0.000000 91.046052 
128000 640.000000 0.490599 0.236544 0.000000 90.611806 0.674762 0.000000 89.599664 
129000 645.000000 0.604021 0.023240 0.000000 93.577833 0.270516 0.000000 93.172058 
130000 650.000000 0.434281 0.004015 0.000000 92.998183 0.177416 0.000000 92.732059 
131000 655.000000 0.122741 0.403341 0.000000 91.570125 0.118527 0.000000 91.392335 
132000 660.000000 0.365131 -0.023391 0.000000 92.283844 0.356097 0.000000 91.749698 
133000 665.000000 0.521263 0.078058 0.000000 94.321846 1.309903 0.000000 92.356992 
134000 670.000000 0.024834 0.544763 0.000000 91.728159 0.188041 0.000000 91.446097 
135000 675.000000 0.898435 0.010362 0.000000 91.668108 0.083512 0.000000 91.542840 
136000 680.000000 0.499994 0.041197 0.000000 94.620477 1.026776 0.000000 93.080313 
137000 685.000000 0.064013 0.291775 0.000000 92.314633 1.387531 0.000000 90.233337 
138000 690.000000 0.146563 0.151163 0.000000 91.953783 0.157767 0.000000 91.717133 
139000 695.000000 0.046680 0.557004 0.000000 92.223705 0.338656 0.000000 91.715721 
140000 700.000000 0.449730 0.057244 0.000000 94.674223 0.717131 0.000000 93.598525 
141000 705.000000 0.120618 0.223531 0.000000 92.207977 0.247717 0.000000 91.836401 
142000 710.000000 0.656408 -0.166226 0.000000 91.034523 0.796216 0.000000 89.840199 
143000 715.000000 0.179923 0.526505 0.000000 92.698656 0.580092 0.000000 91.828518 
144000 720.000000 0.610463 0.133279 0.000000 94.118180 0.059927 0.000000 94.028289 
145000 725.000000 0.685035 0.096241 0.000000 97.324738 5.238498 0.000000 89.466991 
146000 730.000000 -0.192495 0.567661 0.000000 93.336037 0.515089 0.000000 92.563404 
147000 735.000000 0.486795 -0.031540 0.000000 94.819037 0.303575 0.000000 94.363674 
148000 740.000000 0.287661 -0.020850 0.000000 93.944089 0.301402 0.000000 93.491986 
149000 745.000000 0.575527 0.021870 0.000000 95.882548 0.185488 0.000000 95.604316 
150000 750.000000 -0.332440 0.441899 0.000000 93.715716 0.610490 0.000000 92.799981 
151000 755.000000 0.048308 0.513801 0.000000 94.102587 0.120540 0.000000 93.921778 
152000 760.000000 0.697180 0.007158 0.000000 96.096531 0.390556 0.000000 95.510697 
153000 765.000000 0.494373 0.052068 0.000000 96.092875 0.388445 0.000000 95.510207 
154000 770.000000 -0.028004 0.315797 0.000000 94.593849 1.645216 0.000000 92.126025 
155000 775.000000 0.524252 0.137291 0.000000 95.726234 0.486278 0.000000 94.996818 
156000 780.000000 -0.569789 0.651373 0.000000 92.480091 1.905672 0.000000 89.621583 
157000 785.000000 0.610716 0.046317 0.000000 96.767881 0.383195 0.000000 96.193088 
158000 790.000000 0.346956 0.127300 0.000000 95.659007 0.365445 0.000000 95.110840 
159000 795.000000 0.590323 0.071734 0.000000 97.481927 1.876689 0.000000 94.666893 
160000 800.000000 0.496957 0.084033 0.000000 97.416555 2.224304 0.000000 94.080099 
161000 805.000000 0.474316 0.041210 0.000000 97.091085 1.318354 0.000000 95.113553 
162000 810.000000 0.361456 0.102852 0.000000 96.385632 0.341095 0.000000 95.873990 
163000 815.000000 0.497902 0.085312 0.000000 97.548302 1.932527 0.000000 94.649512 
164000 820.000000 0.617192 -0.103534 0.000000 96.014889 0.559727 0.000000 95.175299 
165000 825.000000 0.516641 0.024827 0.000000 97.263068 0.400980 0.000000 96.661598 
166000 830.000000 0.478859 0.102573 0.000000 96.847088 0.204237 0.000000 96.540733 
167000 835.000000 0.498727 0.082890 0.000000 97.255463 0.719958 0.000000 96.175526 
168000 840.000000 0.611754 0.043025 0.000000 97.628516 0.277307 0.000000 97.212555 
169000 845.000000 0.208799 0.246705 0.000000 96.541762 1.706396 0.000000 93.982168 
170000 850.000000 0.718059 -0.109212 0.000000 96.172173 0.298014 0.000000 95.725152 
171000 855.000000 -0.380590 0.495802 0.000000 95.890084 0.367495 0.000000 95.338841 
172000 860.000000 -0.073746 0.303965 0.000000 95.858382 0.884633 0.000000 94.531432 
173000 865.000000 0.764037 0.016951 0.000000 97.634315 0.279703 0.000000 97.214761 
174000 870.000000 0.680736 -0.026991 0.000000 98.090626 0.526978 0.000000 97.300158 
175000 875.000000 0.215715 0.206291 0.000000 97.079274 1.306248 0.000000 95.119901 
176000 880.000000 0.602075 -0.122357 0.000000 96.706961 1.234750 0.000000 94.854836 
177000 885.000000 0.576352 0.040953 0.000000 99.020091 1.827783 0.000000 96.278416 
178000 890.000000 -0.351935 0.456435 0.000000 98.083820 3.401069 0.000000 92.982216 
179000 895.000000 0.137090 0.402831 0.000000 97.186501 0.292239 0.000000 96.748142 
180000 900.000000 0.676575 -0.036649 0.000000 98.421967 0.483274 0.000000 97.697055 
181000 905.000000 -0.096300 0.447394 0.000000 98.028430 0.692941 0.000000 96.989018 
182000 910.000000 0.451732 0.025866 0.000000 98.630649 0.744389 0.000000 97.514065 
183000 915.000000 0.410727 -0.005454 0.000000 97.782463 0.066443 0.000000 97.682798 
184000 920.000000 0.094433 0.534250 0.000000 97.519208 0.254472 0.000000 97.137499 
185000 925.000000 0.676587 -0.112485 0.000000 97.845839 0.821143 0.000000 96.614124 
186000 930.000000 -0.056132 0.465185 0.000000 98.322947 0.236659 0.000000 97.967958 
187000 935.000000 -0.120109 0.526533 0.000000 98.986177 1.796659 0.000000 96.291187 
188000 940.000000 0.104820 0.474662 0.000000 100.385290 4.426016 0.000000 93.746266 
189000 945.000000 -0.030652 0.487775 0.000000 98.425941 0.064560 0.000000 98.329102 
190000 950.000000 0.390651 0.071229 0.000000 99.635797 0.608323 0.000000 98.723313 
191000 955.000000 0.413219 0.072041 0.000000 99.787947 0.796511 0.000000 98.593181 
192000 960.000000 0.741841 -0.071250 0.000000 99.524717 0.871543 0.000000 98.217403 
193000 965.000000 0.553973 -0.019044 0.000000 99.572603 0.213049 0.000000 99.253030 
194000 970.000000 0.724505 0.036481 0.000000 99.899444 0.409188 0.000000 99.285663 
195000 975.000000 0.243224 0.096153 0.000000 99.639837 1.020784 0.000000 98.108660 
196000 980.000000 -0.016192 0.531445 0.000000 99.452095 1.378332 0.000000 97.384597 
197000 985.000000 0.125410 0.450921 0.000000 99.340182 0.503382 0.000000 98.585109 
198000 990.000000 -0.376301 0.543685 0.000000 98.670267 0.145782 0.000000 98.451595 
199000 995.000000 0.843042 -0.071070 0.000000 98.887853 0.134946 0.000000 98.685435 
200000 1000.000000 0.343817 0.113887 0.000000 100.575164 1.155819 0.000000 98.841435 
201000 1005.000000 0.023348 0.476379 0.000000 99.683182 0.062241 0.000000 99.589821 
202000 1010.000000 -0.274721 0.478704 0.000000 100.200428 1.216690 0.000000 98.375393 
203000 1015.000000 -0.598236 1.236515 0.000000 98.699132 0.164033 0.000000 98.453083 
204000 1020.000000 -0.403589 1.768500 0.000000 98.289881 0.445402 0.000000 97.621779 
205000 1025.000000 -0.541619 1.402230 0.000000 100.335508 2.097421 0.000000 97.189377 
206000 1030.000000 -0.453405 1.557812 0.000000 99.345912 0.620419 0.000000 98.415283 
207000 1035.000000 -0.403898 1.480395 0.000000 98.536377 0.509601 0.000000 97.771975 
208000 1040.000000 -0.466995 1.481301 0.000000 99.407097 1.004593 0.000000 97.900207 
209000 1045.000000 -0.462692 1.732928 0.000000 97.335326 1.215801 0.000000 95.511624 
210000 1050.000000 -0.693731 1.313950 0.000000 98.579267 0.083971 0.000000 98.453310 
211000 1055.000000 0.224180 0.479588 0.000000 99.734466 1.638523 0.000000 97.276682 
212000 1060.000000 0.550551 0.065679 0.000000 100.926396 0.485874 0.000000 100.197584 
213000 1065.000000 0.708142 -0.048518 0.000000 100.544639 0.414876 0.000000 99.922325 
214000 1070.000000 0.636435 -0.121823 0.000000 99.724087 1.880011 0.000000 96.904070 
215000 1075.000000 0.674217 -0.030416 0.000000 101.004560 0.756395 0.000000 99.869968 
216000 1080.000000 0.781222 -0.072371 0.000000 99.900461 0.271504 0.000000 99.493205 
217000 1085.000000 0.408074 0.140534 0.000000 102.425312 4.023007 0.000000 96.390802 
218000 1090.000000 0.362413 0.447086 0.000000 98.740670 0.578428 0.000000 97.873028 
219000 1095.000000 0.312821 0.112712 0.000000 101.780007 2.819652 0.000000 97.550529 
220000 1100.000000 -0.329474 0.364422 0.000000 99.082379 0.089053 0.000000 98.948800 
221000 1105.000000 -0.284115 0.443276 0.000000 100.057922 0.181227 0.000000 99.786081 
222000 1110.000000 0.346497 0.387507 0.000000 99.700146 0.962692 0.000000 98.256107 
223000 1115.000000 0.256215 0.084898 0.000000 100.528347 0.107831 0.000000 100.366601 
224000 1120.000000 0.036572 0.421773 0.000000 100.764282 0.294120 0.000000 100.323101 
225000 1125.000000 0.044895 0.572648 0.000000 100.870926 2.408451 0.000000 97.258249 
226000 1130.000000 -0.348800 0.498346 0.000000 101.121352 1.776742 0.000000 98.456239 
227000 1135.000000 0.651114 0.046684 0.000000 102.155467 0.734613 0.000000 101.053547 
228000 1140.000000 0.367951 0.253466 0.000000 100.722608 0.912256 0.000000 99.354224 
229000 1145.000000 -0.003547 0.434610 0.000000 101.218473 0.545207 0.000000 100.400663 
230000 1150.000000 0.180409 0.103687 0.000000 101.085510 0.598180 0.000000 100.188240 
231000 1155.000000 0.120470 0.390580 0.000000 100.879887 0.101911 0.000000 100.727021 
232000 1160.000000 -0.549894 0.543685 0.000000 100.065342 1.136694 0.000000 98.360300 
233000 1165.000000 -0.549984 1.413944 0.000000 100.844779 0.054092 0.000000 100.763641 
234000 1170.000000 -0.414913 1.641209 0.000000 101.525790 1.519249 0.000000 99.246916 
235000 1175.000000 -0.643049 1.624643 0.000000 99.952013 2.063899 0.000000 96.856164 
236000 1180.000000 -0.443982 1.382956 0.000000 101.160320 2.951060 0.000000 96.733729 
237000 1185.000000 -0.266273 1.429279 0.000000 98.885359 0.731570 0.000000 97.788003 
238000 1190.000000 -0.340609 1.730710 0.000000 101.483915 0.356448 0.000000 100.949244 
239000 1195.000000 -0.448723 1.697387 0.000000 100.365481 0.398601 0.000000 99.767579 
240000 1200.000000 -0.422322 1.464849 0.000000 101.183980 0.873659 0.000000 99.873492 
241000 1205.000000 -0.588780 1.351829 0.000000 102.889862 2.495875 0.000000 99.146049 
242000 1210.000000 -0.664292 1.281668 0.000000 101.947002 1.481904 0.000000 99.724145 
243000 1215.000000 -0.620063 0.916110 0.000000 98.989909 1.675087 0.000000 96.477279 
244000 1220.000000 -0.996862 0.712260 0.000000 100.643169 1.391501 0.000000 98.555918 
245000 1225.000000 -0.627946 1.444829 0.000000 102.996018 2.425525 0.000000 99.357731 
246000 1230.000000 -0.129168 1.922565 0.000000 99.751915 0.012954 0.000000 99.732484 
247000 1235.000000 -0.490107 1.450865 0.000000 103.125311 1.543918 0.000000 100.809433 
248000 1240.000000 -0.418679 1.479357 0.000000 102.340488 1.345526 0.000000 100.322199 
249000 1245.000000 -0.551487 1.161017 0.000000 100.972968 0.385212 0.000000 100.395150 
250000 1250.000000 -0.567662 1.433965 0.000000 102.839767 1.112162 0.000000 101.171524 
251000 1255.000000 -0.422042 1.589654 0.000000 102.424943 0.675845 0.000000 101.411175 
252000 1260.000000 -0.455862 1.580487 0.000000 102.585830 0.654564 0.000000 101.603984 
253000 1265.000000 -0.769465 1.275733 0.000000 101.948411 1.017779 0.000000 100.421743 
254000 1270.000000 -0.715985 1.390997 0.000000 102.246517 0.609775 0.000000 101.331854 
255000 1275.000000 0.311644 0.389093 0.000000 103.365911 2.101499 0.000000 100.213663 
256000 1280.000000 0.369783 -0.015135 0.000000 103.776106 1.406251 0.000000 101.666730 
257000 1285.000000 0.036592 0.480294 0.000000 105.248920 3.770198 0.000000 99.593623 
258000 1290.000000 -0.021693 0.526091 0.000000 103.214546 0.118630 0.000000 103.036601 
259000 1295.000000 -0.099218 0.483630 0.000000 104.435222 1.858175 0.000000 101.647959 
260000 1300.000000 -0.428588 0.449484 0.000000 102.656498 0.300791 0.000000 102.205312 
261000 1305.000000 -0.310966 0.378165 0.000000 103.212026 1.306574 0.000000 101.252165 
262000 1310.000000 0.798258 -0.041852 0.000000 104.286457 1.013854 0.000000 102.765676 
263000 1315.000000 0.035896 0.242211 0.000000 102.632410 0.121198 0.000000 102.450613 
264000 1320.000000 0.418446 0.208509 0.000000 105.247139 3.870898 0.000000 99.440792 
265000 1325.000000 0.294194 -0.022390 0.000000 103.356494 0.500573 0.000000 102.605635 
266000 1330.000000 -0.310579 0.597470 0.000000 103.418029 1.278508 0.000000 101.500267 
267000 1335.000000 0.579484 0.012490 0.000000 105.277333 0.579816 0.000000 104.407608 
268000 1340.000000 0.530295 -0.022630 0.000000 105.048338 1.248980 0.000000 103.174868 
269000 1345.000000 0.438544 0.018470 0.000000 105.340586 1.538111 0.000000 103.033419 
270000 1350.000000 0.635980 0.135433 0.000000 105.318350 2.799021 0.000000 101.119819 
271000 1355.000000 -0.113183 0.360660 0.000000 104.300658 1.543063 0.000000 101.986064 
272000 1360.000000 0.385858 -0.071804 0.000000 102.714477 0.137975 0.000000 102.507514 
273000 1365.000000 -0.810015 0.718092 0.000000 101.105394 0.133574 0.000000 100.905033 
274000 1370.000000 -1.003061 0.821717 0.000000 101.917533 0.334663 0.000000 101.415539 
275000 1375.000000 -0.520036 1.356683 0.000000 103.728981 0.151511 0.000000 103.501714 
276000 1380.000000 -0.244342 1.706079 0.000000 104.720531 1.448633 0.000000 102.547582 
277000 1385.000000 -0.464835 1.434172 0.000000 103.980613 0.406116 0.000000 103.371438 
278000 1390.000000 -0.169731 1.701170 0.000000 104.160618 1.738014 0.000000 101.553598 
279000 1395.000000 -0.211030 1.631783 0.000000 102.921665 0.332578 0.000000 102.422797 
280000 1400.000000 -0.487662 1.392355 0.000000 104.850038 1.903806 0.000000 101.994329 
281000 1405.000000 -0.380764 1.596482 0.000000 104.354828 0.357347 0.000000 103.818808 
282000 1410.000000 -0.418965 1.440558 0.000000 104.309379 1.803734 0.000000 101.603778 
283000 1415.000000 -0.420182 1.480556 0.000000 103.894922 0.069280 0.000000 103.791002 
284000 1420.000000 -0.996254 0.793371 0.000000 102.994069 0.575344 0.000000 102.131053 
285000 1425.000000 -0.807512 1.251784 0.000000 103.299300 1.017827 0.000000 101.772560 
286000 1430.000000 -0.487252 1.475445 0.000000 105.071127 0.874304 0.000000 103.759670 
287000 1435.000000 -0.227971 1.692303 0.000000 104.553397 0.523590 0.000000 103.768012 
288000 1440.000000 -0.983400 0.956893 0.000000 101.308450 0.942600 0.000000 99.894550 
289000 1445.000000 -0.296070 1.764227 0.000000 104.618662 0.374094 0.000000 104.057521 
290000 1450.000000 -0.167262 1.799080 0.000000 105.133033 0.676874 0.000000 104.117721 
291000 1455.000000 0.415521 0.286034 0.000000 105.281394 0.775823 0.000000 104.117660 
292000 1460.000000 0.653634 0.145305 0.000000 105.647863 0.100375 0.000000 105.497300 
293000 1465.000000 0.587696 -0.051310 0.000000 106.399301 0.112736 0.000000 106.230197 
294000 1470.000000 -0.003411 0.504391 0.000000 106.348279 0.739680 0.000000 105.238759 
295000 1475.000000 -0.185776 0.345730 0.000000 105.605981 0.633722 0.000000 104.655398 
296000 1480.000000 0.616584 0.067552 0.000000 108.493246 2.553760 0.000000 104.662607 
297000 1485.000000 0.031996 0.293458 0.000000 106.213470 1.527504 0.000000 103.922215 
298000 1490.000000 -0.022830 0.308105 0.000000 105.885898 0.815639 0.000000 104.662440 
299000 1495.000000 -0.335964 0.459110 0.000000 106.699849 1.844897 0.000000 103.932503 
300000 1500.000000 0.683232 -0.117599 0.000000 105.830280 0.568141 0.000000 104.978068 
301000 1505.000000 0.281002 0.269064 0.000000 106.380372 0.669115 0.000000 105.376699 
302000 1510.000000 0.203646 -0.038424 0.000000 105.011862 0.181704 0.000000 104.739306 
303000 1515.000000 0.029749 0.466730 0.000000 107.381817 1.687090 0.000000 104.851183 
304000 1520.000000 0.317024 0.026296 0.000000 106.867003 0.285618 0.000000 106.438575 
305000 1525.000000 0.073799 0.227168 0.000000 106.200518 1.068852 0.000000 104.597241 
306000 1530.000000 0.441842 0.262717 0.000000 105.876484 0.723578 0.000000 104.791117 
307000 1535.000000 0.694646 -0.011966 0.000000 107.708252 0.177554 0.000000 107.441921 
308000 1540.000000 -0.140758 0.440102 0.000000 107.578133 1.752789 0.000000 104.948950 
309000 1545.000000 0.633426 -0.068289 0.000000 107.221289 0.491888 0.000000 106.483458 
310000 1550.000000 0.447267 0.333686 0.000000 105.172417 0.185686 0.000000 104.893888 
311000 1555.000000 0.743340 0.036662 0.000000 107.681333 0.325720 0.000000 107.192753 
312000 1560.000000 0.509710 0.103019 0.000000 107.731627 0.320627 0.000000 107.250687 
313000 1565.000000 0.359217 0.133876 0.000000 107.715370 0.950072 0.000000 106.290262 
314000 1570.000000 -0.346043 0.665171 0.000000 104.629680 0.064569 0.000000 104.532826 
315000 1575.000000 0.236818 -0.079011 0.000000 104.959716 0.736416 0.000000 103.855092 
316000 1580.000000 -0.305581 0.370144 0.000000 106.089491 0.229618 0.000000 105.745064 
317000 1585.000000 0.672981 -0.069589 0.000000 107.413596 0.117936 0.000000 107.236691 
318000 1590.000000 0.616338 0.010620 0.000000 108.563544 0.718420 0.000000 107.485914 
319000 1595.000000 0.765813 0.022998 0.000000 108.663587 1.933489 0.000000 105.763353 
320000 1600.000000 0.501918 -0.012498 0.000000 107.964834 0.552546 0.000000 107.136016 
321000 1605.000000 0.501773 0.066218 0.000000 109.248504 2.278989 0.000000 105.830020 
322000 1610.000000 -0.021767 0.523702 0.000000 107.656445 1.251619 0.000000 105.779017 
323000 1615.000000 0.479778 0.042092 0.000000 108.655495 1.064555 0.000000 107.058663 
324000 1620.000000 0.450732 0.173709 0.000000 107.461483 0.301884 0.000000 107.008657 
325000 1625.000000 0.807752 -0.001717 0.000000 107.797588 0.530224 0.000000 107.002253 
326000 1630.000000 0.767832 -0.064606 0.000000 108.576769 2.266843 0.000000 105.176505 
327000 1635.000000 -0.047141 0.723653 0.000000 103.739250 0.122323 0.000000 103.555765 
328000 1640.000000 0.360009 0.438461 0.000000 106.841351 1.753455 0.000000 104.211170 
329000 1645.000000 0.587092 0.118219 0.000000 108.837009 1.986790 0.000000 105.856824 
330000 1650.000000 0.411231 -0.034284 0.000000 107.687449 1.204241 0.000000 105.881088 
331000 1655.000000 0.684679 0.054674 0.000000 108.559601 0.285565 0.000000 108.131254 
332000 1660.000000 0.475315 0.046766 0.000000 108.478365 0.205873 0.000000 108.169555 
333000 1665.000000 0.652405 0.062841 0.000000 108.817742 0.615687 0.000000 107.894212 
334000 1670.000000 0.334043 0.198820 0.000000 107.791424 0.355112 0.000000 107.258756 
335000 1675.000000 -0.046187 0.535725 0.000000 108.680034 2.441246 0.000000 105.018165 
336000 1680.000000 -0.141860 0.260817 0.000000 106.095429 0.056813 0.000000 106.010210 
337000 1685.000000 -0.490675 1.482091 0.000000 107.915849 0.792932 0.000000 106.726451 
338000 1690.000000 -0.278052 1.699840 0.000000 107.403505 0.105364 0.000000 107.245459 
339000 1695.000000 -0.650141 1.459388 0.000000 107.765134 1.202442 0.000000 105.961472 
340000 1700.000000 -0.199394 1.660643 0.000000 106.800200 0.002999 0.000000 106.795702 
341000 1705.000000 -0.689277 1.344396 0.000000 107.835067 1.066920 0.000000 106.234686 
342000 1710.000000 -0.607187 1.471500 0.000000 107.664068 0.241791 0.000000 107.301381 
343000 1715.000000 -0.588529 1.449253 0.000000 110.798978 4.533837 0.000000 103.998222 
344000 1720.000000 -0.666671 1.417904 0.000000 107.614157 0.041217 0.000000 107.552332 
345000 1725.000000 -0.260134 1.737158 0.000000 110.251893 4.873292 0.000000 102.941954 
346000 1730.000000 -0.645634 1.410755 0.000000 108.026178 0.150348 0.000000 107.800655 
347000 1735.000000 0.224911 0.507139 0.000000 107.853137 0.584627 0.000000 106.976197 
348000 1740.000000 -0.024163 0.448628 0.000000 109.764989 2.387812 0.000000 106.183270 
349000 1745.000000 -0.338928 0.582130 0.000000 107.691942 0.062706 0.000000 107.597884 
350000 1750.000000 0.512225 0.098784 0.000000 109.342027 0.189686 0.000000 109.057498 
351000 1755.000000 -0.475100 0.428873 0.000000 107.284765 0.128169 0.000000 107.092512 
352000 1760.000000 -0.206777 0.332203 0.000000 108.162205 1.119887 0.000000 106.482375 
353000 1765.000000 0.320788 0.192170 0.000000 108.787563 0.198725 0.000000 108.489476 
354000 1770.000000 0.451361 0.027414 0.000000 109.395188 0.166969 0.000000 109.144735 
355000 1775.000000 0.116612 0.207949 0.000000 108.198894 0.138240 0.000000 107.991535 
356000 1780.000000 0.476486 0.055658 0.000000 109.759682 0.377159 0.000000 109.193944 
357000 1785.000000 0.584265 0.109484 0.000000 111.472770 4.428656 0.000000 104.829785 
358000 1790.000000 0.660251 -0.010320 0.000000 109.815775 0.062304 0.000000 109.722320 
359000 1795.000000 0.364112 0.011222 0.000000 109.645012 1.475042 0.000000 107.432449 
360000 1800.000000 -0.205947 0.426920 0.000000 109.154508 0.708243 0.000000 108.092144 
361000 1805.000000 0.044235 0.021147 0.000000 107.080131 0.053443 0.000000 106.999966 
362000 1810.000000 -0.877969 0.624806 0.000000 106.091035 0.166789 0.000000 105.840851 
363000 1815.000000 -0.668928 1.404127 0.000000 108.964774 0.661290 0.000000 107.972840 
364000 1820.000000 -0.617555 1.425722 0.000000 109.642729 1.239488 0.000000 107.783496 
365000 1825.000000 -0.701056 1.436293 0.000000 108.257421 0.630399 0.000000 107.311823 
366000 1830.000000 -0.514620 0.287798 0.000000 106.075737 0.410649 0.000000 105.459763 
367000 1835.000000 0.692153 0.023675 0.000000 112.029021 3.450410 0.000000 106.853406 
368000 1840.000000 0.556151 0.076017 0.000000 110.535947 0.650694 0.000000 109.559906 
369000 1845.000000 0.617130 0.054624 0.000000 110.476596 0.144727 0.000000 110.259505 
370000 1850.000000 0.249436 0.078272 0.000000 109.485706 0.071210 0.000000 109.378891 
371000 1855.000000 0.557380 0.069658 0.000000 110.873764 1.103097 0.000000 109.219118 
372000 1860.000000 0.043330 0.445968 0.000000 110.974966 2.624979 0.000000 107.037498 
373000 1865.000000 0.480217 0.116231 0.000000 110.534288 1.071543 0.000000 108.926973 
374000 1870.000000 -0.187880 0.431071 0.000000 109.881528 0.790046 0.000000 108.696459 
375000 1875.000000 0.031607 0.641531 0.000000 108.323939 1.690407 0.000000 105.788328 
376000 1880.000000 -0.245793 0.186898 0.000000 106.821034 0.665583 0.000000 105.822660 
377000 1885.000000 0.245029 0.181163 0.000000 110.845759 2.244517 0.000000 107.478983 
378000 1890.000000 0.676910 -0.000336 0.000000 111.901298 2.474630 0.000000 108.189353 
379000 1895.000000 0.105800 0.412427 0.000000 110.134097 0.719164 0.000000 109.055351 
380000 1900.000000 0.274310 0.424641 0.000000 109.340613 0.394240 0.000000 108.749252 
381000 1905.000000 0.385388 0.545085 0.000000 107.070216 0.306955 0.000000 106.609785 
382000 1910.000000 0.092686 0.096291 0.000000 109.798202 1.920932 0.000000 106.916803 
383000 1915.000000 -0.747376 0.597780 0.000000 107.461928 0.776386 0.000000 106.297349 
384000 1920.000000 0.478683 0.109542 0.000000 111.344294 1.819979 0.000000 108.614325 
385000 1925.000000 -0.373590 0.563625 0.000000 110.442647 2.447063 0.000000 106.772053 
386000 1930.000000 0.238043 0.432419 0.000000 109.984554 0.858312 0.000000 108.697086 
387000 1935.000000 -0.079276 0.347608 0.000000 109.867958 0.716903 0.000000 108.792603 
388000 1940.000000 -0.018889 0.341274 0.000000 110.098880 0.910719 0.000000 108.732801 
389000 1945.000000 0.093588 0.408427 0.000000 110.908008 1.495099 0.000000 108.665360 
390000 1950.000000 0.678132 -0.046320 0.000000 112.057485 2.450271 0.000000 108.382078 
391000 1955.000000 0.655823 0.122989 0.000000 110.333333 0.401661 0.000000 109.730841 
392000 1960.000000 0.109649 0.074283 0.000000 109.503463 0.285940 0.000000 109.074553 
393000 1965.000000 0.435631 -0.029370 0.000000 111.703033 3.351810 0.000000 106.675318 
394000 1970.000000 0.150184 0.557466 0.000000 109.410314 0.126383 0.000000 109.220739 
395000 1975.000000 0.452945 0.203172 0.000000 109.974052 0.033008 0.000000 109.924540 
396000 1980.000000 0.107189 0.243774 0.000000 109.921437 0.260806 0.000000 109.530228 
397000 1985.000000 0.584229 0.000323 0.000000 111.379996 0.079987 0.000000 111.260016 
398000 1990.000000 0.812997 -0.010523 0.000000 110.654510 0.185433 0.000000 110.376360 
399000 1995.000000 -0.245319 0.504520 0.000000 111.013357 1.084330 0.000000 109.386862 
400000 2000.000000 0.134031 0.088222 0.000000 110.135576 0.425428 0.000000 109.497434 
401000 2005.000000 0.062544 0.357364 0.000000 110.464992 0.241564 0.000000 110.102646 
402000 2010.000000 -0.685696 0.482060 0.000000 109.676772 2.627763 0.000000 105.735127 
403000 2015.000000 -0.255025 1.725102 0.000000 111.036813 1.755676 0.000000 108.403299 
404000 2020.000000 -0.346386 1.684123 0.000000 110.147647 0.060220 0.000000 110.057317 
405000 2025.000000 -0.692800 1.276225 0.000000 109.884272 0.652750 0.000000 108.905147 
406000 2030.000000 -0.545067 0.509328 0.000000 109.408524 0.594767 0.000000 108.516373 
407000 2035.000000 -0.963642 0.864555 0.000000 108.132883 0.168380 0.000000 107.880313 
408000 2040.000000 -0.230002 0.342551 0.000000 110.599238 2.293736 0.000000 107.158634 
409000 2045.000000 0.609513 -0.063469 0.000000 111.099269 0.893342 0.000000 109.759255 
410000 2050.000000 0.646268 -0.092734 0.000000 110.220433 0.022868 0.000000 110.186131 
411000 2055.000000 0.407826 0.147857 0.000000 110.979756 0.135913 0.000000 110.775887 
412000 2060.000000 -0.037790 0.318714 0.000000 110.205592 0.634351 0.000000 109.254065 
413000 2065.000000 0.564899 0.057551 0.000000 111.666789 0.192333 0.000000 111.378290 
414000 2070.000000 0.672661 -0.057740 0.000000 111.384337 0.685521 0.000000 110.356055 
415000 2075.000000 -0.253168 0.570090 0.000000 110.735769 1.082857 0.000000 109.111484 
416000 2080.000000 0.085009 0.446201 0.000000 112.401785 3.207125 0.000000 107.591098 
417000 2085.000000 0.628055 -0.058912 0.000000 112.038736 1.935735 0.000000 109.135133 
418000 2090.000000 -0.445870 0.613054 0.000000 109.384746 0.247797 0.000000 109.013051 
419000 2095.000000 0.246693 0.232659 0.000000 110.780682 0.230083 0.000000 110.435558 
420000 2100.000000 -0.139943 0.352046 0.000000 110.394738 0.188361 0.000000 110.112196 
421000 2105.000000 -0.787514 0.708673 0.000000 108.025930 0.210898 0.000000 107.709583 
422000 2110.000000 -0.595574 1.162586 0.000000 109.773408 0.400438 0.000000 109.172750 
423000 2115.000000 -0.245576 1.669210 0.000000 110.355182 0.189455 0.000000 110.071000 
424000 2120.000000 -0.436859 1.837039 0.000000 105.028968 0.095553 0.000000 104.885639 
425000 2125.000000 0.019205 0.299660 0.000000 110.477710 0.100686 0.000000 110.326681 
426000 2130.000000 0.281451 0.198692 0.000000 111.317247 0.036465 0.000000 111.262550 
427000 2135.000000 0.130316 0.397264 0.000000 113.186838 4.033190 0.000000 107.137052 
428000 2140.000000 0.845041 -0.068556 0.000000 110.642290 0.500335 0.000000 109.891787 
429000 2145.000000 0.645224 -0.004264 0.000000 113.024888 1.463733 0.000000 110.829288 
430000 2150.000000 0.474247 0.141067 0.000000 112.073918 0.756264 0.000000 110.939522 
431000 2155.000000 0.387571 0.079180 0.000000 113.022336 2.001244 0.000000 110.020470 
432000 2160.000000 0.274276 0.109262 0.000000 111.891084 0.474008 0.000000 111.180071 
433000 2165.000000 -0.071672 0.438068 0.000000 112.114599 1.105637 0.000000 110.456144 
434000 2170.000000 0.446037 0.054577 0.000000 112.664724 1.116253 0.000000 110.990345 
435000 2175.000000 0.147240 0.319266 0.000000 111.379965 0.308449 0.000000 110.917291 
436000 2180.000000 0.403886 0.104620 0.000000 112.162666 0.074275 0.000000 112.051254 
437000 2185.000000 -0.183247 0.383545 0.000000 111.248960 0.214584 0.000000 110.927084 
438000 2190.000000 0.005754 0.429147 0.000000 111.663768 0.055112 0.000000 111.581100 
439000 2195.000000 -0.286736 0.585483 0.000000 111.090244 0.473912 0.000000 110.379377 
440000 2200.000000 -0.191007 0.451184 0.000000 111.849359 0.366275 0.000000 111.299946 
441000 2205.000000 0.509685 0.028652 0.000000 112.651498 0.370816 0.000000 112.095274 
442000 2210.000000 0.565167 0.014960 0.000000 113.229185 1.219177 0.000000 111.400420 
443000 2215.000000 -0.384797 0.411847 0.000000 111.133262 0.764677 0.000000 109.986246 
444000 2220.000000 -0.195067 0.425151 0.000000 111.960826 0.612671 0.000000 111.041819 
445000 2225.000000 0.534055 0.071085 0.000000 112.678262 0.138824 0.000000 112.470026 
446000 2230.000000 0.167740 -0.026126 0.000000 111.783249 2.828261 0.000000 107.540857 
447000 2235.000000 0.267088 0.518197 0.000000 110.682492 0.251308 0.000000 110.305530 
448000 2240.000000 0.384640 0.191282 0.000000 112.008440 0.383981 0.000000 111.432469 
449000 2245.000000 0.002054 0.474948 0.000000 112.079240 0.172182 0.000000 111.820967 
450000 2250.000000 0.386262 -0.006927 0.000000 111.843390 0.180229 0.000000 111.573047 
451000 2255.000000 0.184295 -0.036245 0.000000 111.589961 2.446373 0.000000 107.920401 
452000 2260.000000 0.732573 0.045591 0.000000 112.788488 0.350591 0.000000 112.262603 
453000 2265.000000 0.788998 0.104992 0.000000 111.132322 0.140954 0.000000 110.920891 
454000 2270.000000 -0.094208 0.423469 0.000000 112.101821 0.032602 0.000000 112.052919 
455000 2275.000000 0.457222 0.164102 0.000000 114.363571 4.367306 0.000000 107.812612 
456000 2280.000000 0.373194 0.141168 0.000000 114.097363 3.282589 0.000000 109.173479 
457000 2285.000000 -0.131664 0.403422 0.000000 113.248110 2.514379 0.000000 109.476542 
458000 2290.000000 0.158593 0.463867 0.000000 112.497202 1.164753 0.000000 110.750073 
459000 2295.000000 -0.330298 0.548372 0.000000 112.130561 0.840859 0.000000 110.869272 
460000 2300.000000 -0.053387 0.415530 0.000000 113.032591 1.744679 0.000000 110.415572 
461000 2305.000000 0.144403 0.227743 0.000000 112.267596 0.875496 0.000000 110.954353 
462000 2310.000000 0.624623 0.081239 0.000000 113.947851 2.033987 0.000000 110.896870 
463000 2315.000000 0.674787 -0.012044 0.000000 113.415333 0.434396 0.000000 112.763738 
464000 2320.000000 0.083124 0.360553 0.000000 112.392017 0.654257 0.000000 111.410631 
465000 2325.000000 0.377168 0.048951 0.000000 114.169568 2.757541 0.000000 110.033256 
466000 2330.000000 0.331289 0.192342 0.000000 113.824597 2.826365 0.000000 109.585050 
467000 2335.000000 0.309611 -0.061404 0.000000 111.384854 1.508827 0.000000 109.121613 
468000 2340.000000 0.855561 0.036929 0.000000 111.927137 0.398536 0.000000 111.329333 
469000 2345.000000 0.206988 0.344515 0.000000 112.430008 0.315533 0.000000 111.956708 
470000 2350.000000 -0.064848 0.541301 0.000000 112.428911 0.156799 0.000000 112.193713 
471000 2355.000000 0.834944 -0.056676 0.000000 113.106290 2.318167 0.000000 109.629039 
472000 2360.000000 0.665308 -0.027676 0.000000 113.604459 0.536571 0.000000 112.799603 
473000 2365.000000 -0.010878 0.447838 0.000000 112.968351 0.630699 0.000000 112.022303 
474000 2370.000000 0.443746 0.135869 0.000000 113.229657 0.389607 0.000000 112.645247 
475000 2375.000000 -0.139197 0.389253 0.000000 112.389409 0.020553 0.000000 112.358579 
476000 2380.000000 -0.119883 0.467244 0.000000 112.878976 0.101260 0.000000 112.727086 
477000 2385.000000 0.381649 0.071635 0.000000 113.917592 1.259480 0.000000 112.028372 
478000 2390.000000 0.681917 -0.066900 0.000000 113.626993 1.330662 0.000000 111.631001 
479000 2395.000000 0.336249 0.085832 0.000000 113.338236 0.180441 0.000000 113.067575 
480000 2400.000000 0.478680 0.073026 0.000000 113.983953 1.049114 0.000000 112.410282 
481000 2405.000000 0.321585 0.201371 0.000000 113.029195 0.381634 0.000000 112.456744 
482000 2410.000000 0.248124 0.224896 0.000000 113.646679 1.830702 0.000000 110.900626 
483000 2415.000000 0.776887 -0.248043 0.000000 106.269656 1.467466 0.000000 104.068457 
484000 2420.000000 0.108542 -0.076799 0.000000 110.284663 0.399566 0.000000 109.685314 
485000 2425.000000 0.521441 0.099153 0.000000 113.553690 0.183205 0.000000 113.278883 
486000 2430.000000 -0.026901 0.564418 0.000000 112.582306 0.312457 0.000000 112.113621 
487000 2435.000000 0.118898 0.341871 0.000000 113.118172 0.760851 0.000000 111.976896 
488000 2440.000000 -0.031590 0.307558 0.000000 112.453998 0.749776 0.000000 111.329334 
489000 2445.000000 0.109309 0.181818 0.000000 112.433857 0.002829 0.000000 112.429613 
490000 2450.000000 0.480598 -0.098305 0.000000 111.418886 0.014336 0.000000 111.397382 
491000 2455.000000 0.642986 0.059611 0.000000 114.030236 0.120414 0.000000 113.849615 
492000 2460.000000 0.544858 0.072313 0.000000 114.469024 1.177789 0.000000 112.702340 
493000 2465.000000 0.326239 0.016820 0.000000 114.271170 2.392402 0.000000 110.682567 
494000 2470.000000 0.592161 0.118857 0.000000 113.667228 0.669028 0.000000 112.663686 
495000 2475.000000 -0.806109 0.989988 0.000000 112.145130 1.462305 0.000000 109.951672 
496000 2480.000000 -0.178925 0.683222 0.000000 111.790197 2.031628 0.000000 108.742754 
497000 2485.000000 -0.091693 0.428900 0.000000 113.387217 0.113650 0.000000 113.216743 
498000 2490.000000 0.149084 0.581305 0.000000 112.177146 0.451189 0.000000 111.500362 
499000 2495.000000 0.540471 0.020247 0.000000 117.016527 5.522960 0.000000 108.732086 
