0 0.000000 -0.479530 1.476140 0.000000 0.138640 0.092427 0.000000 0.000000 
0 0.000000 -0.479281 1.475580 0.000000 0.147796 0.123854 0.000000 -0.037986 
1000 5.000000 -0.565887 1.412717 0.000000 1.091286 1.451591 0.000000 -1.086102 
2000 10.000000 -0.555022 1.533980 0.000000 -0.255752 0.416750 0.000000 -0.880877 
3000 15.000000 -0.606723 1.421719 0.000000 0.470997 0.358241 0.000000 -0.066365 
4000 20.000000 -0.578287 1.397052 0.000000 1.740319 2.845270 0.000000 -2.527586 
5000 25.000000 -0.475335 1.439620 0.000000 -0.267528 0.199766 0.000000 -0.567178 
6000 30.000000 -0.777186 1.462739 0.000000 4.842522 0.918364 0.000000 3.464975 
7000 35.000000 -0.641288 1.518616 0.000000 9.573413 0.659151 0.000000 8.584686 
8000 40.000000 -0.582507 1.217057 0.000000 15.902765 0.805012 0.000000 14.695246 
9000 45.000000 -0.375290 1.610081 0.000000 21.432945 1.646458 0.000000 18.963257 
10000 50.000000 -0.477343 1.520418 0.000000 24.131663 1.252211 0.000000 22.253346 
11000 55.000000 -0.418352 1.631697 0.000000 26.320871 1.859799 0.000000 23.531172 
12000 60.000000 -0.555102 1.431436 0.000000 28.495646 0.458881 0.000000 27.807325 
13000 65.000000 -0.795908 1.208605 0.000000 29.347191 1.512646 0.000000 27.078222 
14000 70.000000 -0.274935 1.757508 0.000000 32.470111 0.199965 0.000000 32.170164 
15000 75.000000 -0.498899 1.683924 0.000000 33.826905 0.353601 0.000000 33.296504 
16000 80.000000 -0.194485 1.679936 0.000000 37.071061 1.250605 0.000000 35.195154 
17000 85.000000 -0.319336 1.639770 0.000000 39.543544 0.365206 0.000000 38.995735 
18000 90.000000 -0.874955 0.939915 0.000000 39.080831 2.091929 0.000000 35.942938 
19000 95.000000 -0.474162 1.605071 0.000000 42.559341 0.017853 0.000000 42.532562 
20000 100.000000 -0.826397 1.215125 0.000000 41.497313 0.297217 0.000000 41.051487 
21000 105.000000 0.422048 0.044603 0.000000 46.725539 1.009770 0.000000 45.210884 
22000 110.000000 0.447634 -0.058285 0.000000 46.302337 0.620155 0.000000 45.372105 
23000 115.000000 0.595151 0.006141 0.000000 48.708026 1.581051 0.000000 46.336450 
24000 120.000000 0.465292 0.036280 0.000000 48.215293 0.250448 0.000000 47.839620 
25000 125.000000 0.758480 0.012500 0.000000 48.722123 0.312035 0.000000 48.254071 
26000 130.000000 0.447287 0.032796 0.000000 48.920180 0.638780 0.000000 47.962011 
27000 135.000000 0.482083 0.171754 0.000000 48.051643 0.048788 0.000000 47.978460 
28000 140.000000 0.130716 0.322704 0.000000 47.519786 0.194073 0.000000 47.228676 
29000 145.000000 -0.125281 0.404667 0.000000 48.427975 0.663513 0.000000 47.432705 
30000 150.000000 0.551025 -0.075442 0.000000 49.319323 0.196658 0.000000 49.024336 
31000 155.000000 0.533044 0.051533 0.000000 51.058036 0.778308 0.000000 49.890573 
32000 160.000000 0.438760 0.112066 0.000000 50.769025 0.240099 0.000000 50.408877 
33000 165.000000 0.350282 0.040361 0.000000 50.716390 0.419408 0.000000 50.087277 
34000 170.000000 0.798449 0.100722 0.000000 49.975267 0.294681 0.000000 49.533245 
35000 175.000000 0.429627 -0.046764 0.000000 51.732321 2.934632 0.000000 47.330373 
36000 180.000000 0.610196 0.059915 0.000000 52.135421 0.076755 0.000000 52.020288 
37000 185.000000 0.568034 0.085682 0.000000 52.628063 0.690966 0.000000 51.591615 
38000 190.000000 0.269781 0.220736 0.000000 51.424958 0.437631 0.000000 50.768512 
39000 195.000000 -0.293117 0.401071 0.000000 51.705443 2.029498 0.000000 48.661197 
40000 200.000000 0.830882 -0.044662 0.000000 53.279620 1.059886 0.000000 51.689792 
41000 205.000000 -0.228918 0.397924 0.000000 52.179747 1.594204 0.000000 49.788441 
42000 210.000000 -0.307899 0.557658 0.000000 52.026752 0.355728 0.000000 51.493160 
43000 215.000000 -0.758853 1.001887 0.000000 52.217250 0.594029 0.000000 51.326206 
44000 220.000000 -0.376980 1.606963 0.000000 54.923268 1.163654 0.000000 53.177786 
45000 225.000000 -0.216650 1.892928 0.000000 54.225714 2.636839 0.000000 50.270456 
46000 230.000000 -0.612436 1.476495 0.000000 55.491966 1.767844 0.000000 52.840200 
47000 235.000000 -0.617046 1.597168 0.000000 53.251934 1.163777 0.000000 51.506269 
48000 240.000000 -0.630670 1.239377 0.000000 54.344832 1.212569 0.000000 52.525979 
49000 245.000000 -0.259571 1.815774 0.000000 53.942850 0.935887 0.000000 52.539019 
50000 250.000000 -0.671597 1.137718 0.000000 53.380601 0.675236 0.000000 52.367748 
51000 255.000000 -0.389725 1.593509 0.000000 55.736329 2.514371 0.000000 51.964773 
52000 260.000000 -0.557407 1.387149 0.000000 54.918429 0.311100 0.000000 54.451779 
53000 265.000000 -0.532617 1.078439 0.000000 51.710157 0.742136 0.000000 50.596954 
54000 270.000000 -0.941382 1.058299 0.000000 52.924855 2.865156 0.000000 48.627121 
55000 275.000000 -0.678341 1.392267 0.000000 56.718753 3.686726 0.000000 51.188664 
56000 280.000000 -0.610981 1.341483 0.000000 55.109932 0.008732 0.000000 55.096835 
57000 285.000000 -0.864973 1.232037 0.000000 54.861269 4.414080 0.000000 48.240149 
58000 290.000000 -0.553043 1.393111 0.000000 56.112132 1.626359 0.000000 53.672594 
59000 295.000000 -0.590479 1.507374 0.000000 55.356798 0.957653 0.000000 53.920318 
60000 300.000000 -0.781539 1.245168 0.000000 54.576722 1.487508 0.000000 52.345460 
61000 305.000000 -0.337009 1.670183 0.000000 54.726944 0.156225 0.000000 54.492606 
62000 310.000000 -0.448646 1.502381 0.000000 55.264017 0.310724 0.000000 54.797930 
63000 315.000000 -0.681806 1.281249 0.000000 55.149264 0.376187 0.000000 54.584983 
64000 320.000000 -0.583604 1.461179 0.000000 56.445891 1.457176 0.000000 54.260128 
65000 325.000000 -0.231176 1.807565 0.000000 54.603740 1.206954 0.000000 52.793309 
66000 330.000000 -0.402414 1.578140 0.000000 55.306139 0.155819 0.000000 55.072410 
67000 335.000000 -0.831407 1.129741 0.000000 53.351169 0.421147 0.000000 52.719448 
68000 340.000000 -0.692683 1.361112 0.000000 55.806548 1.009894 0.000000 54.291708 
69000 345.000000 -0.535305 1.419908 0.000000 56.732234 1.832296 0.000000 53.983790 
70000 350.000000 -0.439651 1.600323 0.000000 55.483249 0.360713 0.000000 54.942180 
71000 355.000000 -0.521417 1.570735 0.000000 55.605359 0.981784 0.000000 54.132683 
72000 360.000000 -0.462478 1.476663 0.000000 56.276360 1.618328 0.000000 53.848868 
73000 365.000000 -0.320353 1.734773 0.000000 55.115045 0.826750 0.000000 53.874920 
74000 370.000000 -0.628283 1.295920 0.000000 55.674824 0.642200 0.000000 54.711524 
75000 375.000000 -0.617569 1.094160 0.000000 52.882599 0.104440 0.000000 52.725938 
76000 380.000000 -0.786023 1.281092 0.000000 55.274408 1.536774 0.000000 52.969246 
77000 385.000000 -0.469294 1.254564 0.000000 52.671961 0.551125 0.000000 51.845274 
78000 390.000000 -0.392667 1.547012 0.000000 55.497659 0.210488 0.000000 55.181927 
79000 395.000000 -0.453426 1.660368 0.000000 54.957786 0.659457 0.000000 53.968601 
80000 400.000000 -0.569251 1.444227 0.000000 57.752940 2.609820 0.000000 53.838210 
81000 405.000000 -0.579816 1.404071 0.000000 57.100440 1.504564 0.000000 54.843593 
82000 410.000000 -0.481021 1.520765 0.000000 57.080733 1.881275 0.000000 54.258821 
83000 415.000000 -0.735891 1.298967 0.000000 55.642762 0.648893 0.000000 54.669422 
84000 420.000000 -0.713166 1.382970 0.000000 55.216434 0.022108 0.000000 55.183272 
85000 425.000000 -0.122726 1.803738 0.000000 54.335107 0.386946 0.000000 53.754688 
86000 430.000000 -0.608110 1.510450 0.000000 55.549657 0.376164 0.000000 54.985410 
87000 435.000000 -0.530453 1.357747 0.000000 55.876006 0.637653 0.000000 54.919527 
88000 440.000000 -0.478607 1.536855 0.000000 56.561525 0.602894 0.000000 55.657184 
89000 445.000000 -0.276909 1.677079 0.000000 56.071025 1.495255 0.000000 53.828143 
90000 450.000000 -0.445687 1.685125 0.000000 54.744638 0.685446 0.000000 53.716469 
91000 455.000000 -0.275122 1.615687 0.000000 55.081133 0.745783 0.000000 53.962458 
92000 460.000000 -0.697191 0.769353 0.000000 52.424639 0.283550 0.000000 51.999314 
93000 465.000000 -0.243888 1.839306 0.000000 55.092649 0.961844 0.000000 53.649884 
94000 470.000000 -0.098502 1.866505 0.000000 54.967019 1.623323 0.000000 52.532035 
95000 475.000000 -0.608762 1.475210 0.000000 56.837526 0.622258 0.000000 55.904140 
96000 480.000000 -0.541118 1.452656 0.000000 57.175413 0.237908 0.000000 56.818551 
97000 485.000000 -0.227190 1.747858 0.000000 56.185700 1.067867 0.000000 54.583900 
98000 490.000000 -0.505835 1.378559 0.000000 56.841831 1.671302 0.000000 54.334878 
99000 495.000000 -0.305750 1.624758 0.000000 56.760632 2.305563 0.000000 53.302287 
100000 500.000000 0.052684 0.222687 0.000000 56.302807 1.004390 0.000000 54.796223 
101000 505.000000 0.609843 0.072952 0.000000 61.752390 4.974470 0.000000 54.290686 
102000 510.000000 0.630069 0.146345 0.000000 58.123454 0.058805 0.000000 58.035246 
103000 515.000000 0.729645 0.003982 0.000000 59.901247 0.329891 0.000000 59.406410 
104000 520.000000 0.165752 0.046864 0.000000 58.754879 3.591992 0.000000 53.366891 
105000 525.000000 0.337927 0.261903 0.000000 57.333912 0.215922 0.000000 57.010028 
106000 530.000000 0.197940 0.170756 0.000000 58.008659 1.179916 0.000000 56.238785 
107000 535.000000 0.380126 0.084025 0.000000 61.349542 4.403281 0.000000 54.744621 
108000 540.000000 0.700158 0.007375 0.000000 60.892376 1.035714 0.000000 59.338806 
109000 545.000000 0.528506 0.052449 0.000000 60.253735 0.064497 0.000000 60.156990 
110000 550.000000 0.578644 0.027960 0.000000 60.759332 0.588923 0.000000 59.875948 
111000 555.000000 0.648357 0.045101 0.000000 60.629055 0.112542 0.000000 60.460242 
112000 560.000000 0.719247 0.188517 0.000000 57.669639 0.853270 0.000000 56.389735 
113000 565.000000 0.532815 -0.038122 0.000000 61.208849 2.407542 0.000000 57.597535 
114000 570.000000 0.771098 0.045839 0.000000 60.504268 0.309319 0.000000 60.040290 
115000 575.000000 0.345845 0.052754 0.000000 60.280389 1.023384 0.000000 58.745313 
116000 580.000000 0.783974 -0.003037 0.000000 60.761959 0.124092 0.000000 60.575822 
117000 585.000000 0.767769 0.067385 0.000000 60.447136 0.332984 0.000000 59.947660 
118000 590.000000 0.741370 -0.003613 0.000000 61.595266 0.910270 0.000000 60.229861 
119000 595.000000 0.322863 0.174646 0.000000 60.017221 0.436007 0.000000 59.363211 
120000 600.000000 0.437779 0.144162 0.000000 60.921751 1.067610 0.000000 59.320337 
121000 605.000000 0.740784 -0.032161 0.000000 61.586331 0.730188 0.000000 60.491049 
122000 610.000000 -0.085094 0.302523 0.000000 58.951165 0.378636 0.000000 58.383211 
123000 615.000000 0.165799 0.334084 0.000000 59.852884 0.628399 0.000000 58.910285 
124000 620.000000 0.867171 -0.054066 0.000000 60.416381 0.700887 0.000000 59.365050 
125000 625.000000 0.337922 0.244364 0.000000 60.404256 1.177922 0.000000 58.637372 
126000 630.000000 0.338806 0.157223 0.000000 63.153771 4.643897 0.000000 56.187926 
127000 635.000000 0.735133 0.127742 0.000000 60.963517 0.952165 0.000000 59.535270 
128000 640.000000 0.591746 0.089281 0.000000 62.308357 0.516255 0.000000 61.533974 
129000 645.000000 0.623001 0.003624 0.000000 62.735432 0.523072 0.000000 61.950824 
130000 650.000000 0.357866 0.025500 0.000000 61.357401 0.008160 0.000000 61.345161 
131000 655.000000 0.175198 0.379230 0.000000 60.710251 0.108025 0.000000 60.548214 
132000 660.000000 0.348368 0.001674 0.000000 61.449231 0.394814 0.000000 60.857010 
133000 665.000000 0.494463 0.094060 0.000000 62.826305 1.029984 0.000000 61.281328 
134000 670.000000 0.086235 0.507499 0.000000 60.944632 0.200807 0.000000 60.643422 
135000 675.000000 0.909439 -0.015015 0.000000 61.120365 0.204799 0.000000 60.813167 
136000 680.000000 0.623727 0.021533 0.000000 63.528291 0.755300 0.000000 62.395341 
137000 685.000000 0.128957 0.208553 0.000000 61.958463 2.128809 0.000000 58.765249 
138000 690.000000 0.207349 0.097134 0.000000 61.751235 0.259572 0.000000 61.361877 
139000 695.000000 0.084149 0.531892 0.000000 61.245251 0.357403 0.000000 60.709146 
140000 700.000000 0.542187 0.058695 0.000000 64.016072 1.029433 0.000000 62.471923 
141000 705.000000 0.110538 0.235781 0.000000 61.422345 0.361589 0.000000 60.879962 
142000 710.000000 0.731892 -0.166611 0.000000 59.909400 1.022777 0.000000 58.375235 
143000 715.000000 0.345162 0.459537 0.000000 60.977176 0.292401 0.000000 60.538574 
144000 720.000000 0.598772 0.224311 0.000000 61.400099 0.103987 0.000000 61.244119 
145000 725.000000 0.702698 0.070425 0.000000 65.847523 4.198089 0.000000 59.550390 
146000 730.000000 -0.082559 0.544844 0.000000 62.286091 0.377914 0.000000 61.719220 
147000 735.000000 0.637395 -0.052124 0.000000 64.110729 0.250717 0.000000 63.734654 
148000 740.000000 0.388772 -0.018539 0.000000 63.378625 0.498189 0.000000 62.631342 
149000 745.000000 0.617749 0.001270 0.000000 64.778171 0.302338 0.000000 64.324664 
150000 750.000000 -0.662894 0.653623 0.000000 60.029896 0.260088 0.000000 59.639763 
151000 755.000000 0.057251 0.485989 0.000000 63.205920 0.155279 0.000000 62.973002 
152000 760.000000 0.693738 -0.008182 0.000000 65.217114 0.348604 0.000000 64.694209 
153000 765.000000 0.523826 0.036848 0.000000 65.143385 0.503478 0.000000 64.388168 
154000 770.000000 -0.007620 0.283204 0.000000 63.388726 1.413111 0.000000 61.269059 
155000 775.000000 0.498047 0.146013 0.000000 64.587795 0.728766 0.000000 63.494646 
156000 780.000000 -0.557148 0.648324 0.000000 61.951145 1.855623 0.000000 59.167710 
157000 785.000000 0.648432 0.020574 0.000000 65.621442 0.258326 0.000000 65.233953 
158000 790.000000 0.253097 0.311771 0.000000 64.073731 0.896098 0.000000 62.729583 
159000 795.000000 0.596334 0.088940 0.000000 66.198878 1.756583 0.000000 63.564004 
160000 800.000000 0.485718 0.113563 0.000000 66.237021 2.268400 0.000000 62.834421 
161000 805.000000 0.655187 0.006066 0.000000 66.840862 1.833566 0.000000 64.090513 
162000 810.000000 0.527013 0.076710 0.000000 65.894790 0.445427 0.000000 65.226649 
163000 815.000000 0.536678 0.049338 0.000000 67.111107 2.483120 0.000000 63.386427 
164000 820.000000 0.649608 -0.090455 0.000000 65.232243 0.515316 0.000000 64.459269 
165000 825.000000 0.245058 0.355094 0.000000 65.082804 1.456019 0.000000 62.898775 
166000 830.000000 0.523496 0.096281 0.000000 66.090553 0.529849 0.000000 65.295780 
167000 835.000000 0.549649 0.041616 0.000000 66.560164 0.513481 0.000000 65.789942 
168000 840.000000 0.639906 0.022582 0.000000 66.642117 0.306407 0.000000 66.182507 
169000 845.000000 0.248749 0.234156 0.000000 65.864280 1.871297 0.000000 63.057335 
170000 850.000000 0.742142 -0.105025 0.000000 65.386514 0.340984 0.000000 64.875038 
171000 855.000000 -0.408237 0.518918 0.000000 65.011571 0.507922 0.000000 64.249687 
172000 860.000000 0.008031 0.223138 0.000000 64.451898 0.454713 0.000000 63.769829 
173000 865.000000 0.801095 -0.003729 0.000000 66.868818 0.287599 0.000000 66.437420 
174000 870.000000 0.716991 -0.057124 0.000000 66.865123 0.304470 0.000000 66.408418 
175000 875.000000 0.230604 0.215654 0.000000 66.146351 1.106892 0.000000 64.486014 
176000 880.000000 0.633792 -0.107109 0.000000 66.113580 1.245133 0.000000 64.245881 
177000 885.000000 0.580442 0.049112 0.000000 68.154588 1.757873 0.000000 65.517779 
178000 890.000000 -0.209962 0.438753 0.000000 66.871710 2.311197 0.000000 63.404915 
179000 895.000000 0.172970 0.381465 0.000000 66.328919 0.177229 0.000000 66.063076 
180000 900.000000 0.668333 -0.025863 0.000000 67.728972 0.547593 0.000000 66.907583 
181000 905.000000 -0.026917 0.421404 0.000000 67.011048 0.751883 0.000000 65.883224 
182000 910.000000 0.478537 0.021142 0.000000 68.042403 1.028282 0.000000 66.499980 
183000 915.000000 0.602965 -0.000647 0.000000 68.007074 0.342792 0.000000 67.492886 
184000 920.000000 0.598239 0.086365 0.000000 67.869518 0.162277 0.000000 67.626102 
185000 925.000000 0.717135 -0.125050 0.000000 66.380143 0.585199 0.000000 65.502345 
186000 930.000000 0.029328 0.386938 0.000000 67.350605 0.268071 0.000000 66.948498 
187000 935.000000 -0.268199 0.549290 0.000000 67.533008 1.752850 0.000000 64.903732 
188000 940.000000 0.211436 0.396884 0.000000 69.053894 4.084847 0.000000 62.926624 
189000 945.000000 -0.131408 0.509827 0.000000 67.201092 0.070271 0.000000 67.095686 
190000 950.000000 0.419518 0.055814 0.000000 68.474061 0.425519 0.000000 67.835782 
191000 955.000000 0.403281 0.079382 0.000000 68.588721 0.609717 0.000000 67.674145 
192000 960.000000 0.796549 -0.048088 0.000000 68.815802 0.831934 0.000000 67.567901 
193000 965.000000 0.602775 -0.036428 0.000000 68.626899 0.171235 0.000000 68.370047 
194000 970.000000 0.779311 0.056056 0.000000 68.440471 0.396747 0.000000 67.845350 
195000 975.000000 0.297625 0.106882 0.000000 68.825059 0.890478 0.000000 67.489341 
196000 980.000000 -0.091914 0.532527 0.000000 68.437126 1.344117 0.000000 66.420951 
197000 985.000000 0.012935 0.452710 0.000000 68.865841 1.042957 0.000000 67.301405 
198000 990.000000 -0.379578 0.566501 0.000000 67.818189 0.211942 0.000000 67.500277 
199000 995.000000 0.881846 -0.061224 0.000000 68.328620 0.203386 0.000000 68.023541 
200000 1000.000000 0.383678 0.107660 0.000000 69.761723 1.170138 0.000000 68.006516 
201000 1005.000000 0.075509 0.446976 0.000000 68.829528 0.088692 0.000000 68.696490 
202000 1010.000000 -0.249751 0.497781 0.000000 69.107785 1.246198 0.000000 67.238488 
203000 1015.000000 -0.599386 1.263311 0.000000 68.494632 0.168014 0.000000 68.242612 
204000 1020.000000 -0.365876 1.814775 0.000000 66.262862 0.119850 0.000000 66.083087 
205000 1025.000000 -0.392758 1.669099 0.000000 68.986913 0.325292 0.000000 68.498976 
206000 1030.000000 -0.712243 1.289493 0.000000 69.395345 0.521138 0.000000 68.613637 
207000 1035.000000 -0.604282 1.272646 0.000000 69.114772 0.818288 0.000000 67.887340 
208000 1040.000000 -0.448117 1.477458 0.000000 69.555825 0.570123 0.000000 68.700640 
209000 1045.000000 -0.754874 1.449232 0.000000 67.131180 0.912265 0.000000 65.762783 
210000 1050.000000 -0.888560 1.101758 0.000000 67.032562 0.067623 0.000000 66.931128 
211000 1055.000000 -0.397767 1.586627 0.000000 70.329737 1.334409 0.000000 68.328123 
212000 1060.000000 -0.543240 1.531943 0.000000 70.879463 1.884150 0.000000 68.053237 
213000 1065.000000 -0.357705 1.503130 0.000000 69.034730 1.728330 0.000000 66.442235 
214000 1070.000000 -0.816465 0.807690 0.000000 68.211855 1.376770 0.000000 66.146700 
215000 1075.000000 0.434243 0.162370 0.000000 70.269405 0.582732 0.000000 69.395307 
216000 1080.000000 0.815371 -0.075131 0.000000 70.088597 0.472737 0.000000 69.379492 
217000 1085.000000 0.427409 0.127513 0.000000 72.184358 3.631972 0.000000 66.736400 
218000 1090.000000 0.421319 0.408501 0.000000 68.481548 0.365390 0.000000 67.933464 
219000 1095.000000 0.315734 0.113936 0.000000 71.733834 2.797292 0.000000 67.537896 
220000 1100.000000 -0.093388 0.080482 0.000000 67.312920 0.189685 0.000000 67.028392 
221000 1105.000000 -0.045848 0.395579 0.000000 70.137230 0.143284 0.000000 69.922304 
222000 1110.000000 0.420140 0.307711 0.000000 70.095004 1.376865 0.000000 68.029707 
223000 1115.000000 0.270666 0.119493 0.000000 70.626523 0.071238 0.000000 70.519666 
224000 1120.000000 0.082015 0.406656 0.000000 70.665904 0.341518 0.000000 70.153628 
225000 1125.000000 0.082131 0.526675 0.000000 71.070256 2.284553 0.000000 67.643427 
226000 1130.000000 -0.289100 0.477978 0.000000 70.950271 1.768770 0.000000 68.297116 
227000 1135.000000 0.621160 0.060107 0.000000 72.227969 0.302459 0.000000 71.774281 
228000 1140.000000 0.458804 0.230394 0.000000 70.977169 0.965198 0.000000 69.529373 
229000 1145.000000 0.044207 0.386962 0.000000 71.072230 0.507276 0.000000 70.311317 
230000 1150.000000 0.257049 0.106086 0.000000 71.234878 0.489803 0.000000 70.500174 
231000 1155.000000 0.329864 0.257274 0.000000 70.801063 0.097219 0.000000 70.655236 
232000 1160.000000 -0.578177 0.577319 0.000000 70.299932 1.433001 0.000000 68.150431 
233000 1165.000000 -0.565516 1.423496 0.000000 72.462642 0.363196 0.000000 71.917848 
234000 1170.000000 -0.557400 1.510933 0.000000 73.086593 2.380313 0.000000 69.516124 
235000 1175.000000 -0.436771 1.572373 0.000000 72.245355 0.963467 0.000000 70.800155 
236000 1180.000000 -0.410821 1.323276 0.000000 69.333022 2.338944 0.000000 65.824606 
237000 1185.000000 -0.452464 1.102561 0.000000 67.861214 0.839110 0.000000 66.602550 
238000 1190.000000 -0.623661 1.433265 0.000000 72.579984 0.505126 0.000000 71.822296 
239000 1195.000000 -0.482595 1.633024 0.000000 71.137722 0.256204 0.000000 70.753417 
240000 1200.000000 -0.470074 1.515033 0.000000 72.785559 0.828673 0.000000 71.542549 
241000 1205.000000 -0.670454 1.309502 0.000000 73.997128 3.401660 0.000000 68.894637 
242000 1210.000000 -0.633042 1.461269 0.000000 72.281311 0.379797 0.000000 71.711616 
243000 1215.000000 -0.687595 0.941900 0.000000 70.427395 1.503100 0.000000 68.172745 
244000 1220.000000 -1.022459 0.671724 0.000000 70.481187 0.473701 0.000000 69.770635 
245000 1225.000000 -0.649271 0.572495 0.000000 70.932344 1.337160 0.000000 68.926604 
246000 1230.000000 0.362728 0.488690 0.000000 70.761288 0.412490 0.000000 70.142553 
247000 1235.000000 0.188912 0.261987 0.000000 72.679625 1.118393 0.000000 71.002036 
248000 1240.000000 -0.022350 0.445357 0.000000 72.609005 0.360349 0.000000 72.068482 
249000 1245.000000 -0.195069 0.363204 0.000000 71.617319 0.540159 0.000000 70.807081 
250000 1250.000000 0.505466 0.060395 0.000000 74.833598 1.902965 0.000000 71.979150 
251000 1255.000000 0.813993 0.079856 0.000000 72.388388 0.049313 0.000000 72.314418 
252000 1260.000000 0.618450 0.137082 0.000000 73.102678 0.104386 0.000000 72.946099 
253000 1265.000000 0.119417 0.152088 0.000000 72.356273 0.492303 0.000000 71.617819 
254000 1270.000000 0.462283 0.072688 0.000000 74.483645 1.148797 0.000000 72.760450 
255000 1275.000000 0.865967 0.073647 0.000000 72.459857 1.009051 0.000000 70.946281 
256000 1280.000000 0.629338 -0.018803 0.000000 74.540782 0.840026 0.000000 73.280743 
257000 1285.000000 -0.004418 0.478852 0.000000 74.588204 3.181408 0.000000 69.816092 
258000 1290.000000 0.101268 0.499343 0.000000 72.845051 0.141837 0.000000 72.632295 
259000 1295.000000 0.064321 0.387674 0.000000 73.868958 1.228048 0.000000 72.026886 
260000 1300.000000 -0.160501 0.371969 0.000000 72.641568 0.505725 0.000000 71.882981 
261000 1305.000000 -0.529134 0.440130 0.000000 72.527785 0.889943 0.000000 71.192870 
262000 1310.000000 0.845072 -0.058836 0.000000 74.191565 0.806947 0.000000 72.981144 
263000 1315.000000 0.141015 0.083196 0.000000 73.309106 0.528234 0.000000 72.516756 
264000 1320.000000 0.623153 0.176320 0.000000 74.396129 2.588503 0.000000 70.513375 
265000 1325.000000 0.244224 0.003457 0.000000 72.932427 0.159127 0.000000 72.693738 
266000 1330.000000 -0.458365 0.586447 0.000000 73.795942 1.422494 0.000000 71.662202 
267000 1335.000000 0.536878 0.014450 0.000000 75.532075 0.791224 0.000000 74.345238 
268000 1340.000000 0.471072 -0.027599 0.000000 75.324722 2.011799 0.000000 72.307023 
269000 1345.000000 0.594460 0.018705 0.000000 76.570267 2.400774 0.000000 72.969105 
270000 1350.000000 0.633745 0.132004 0.000000 75.916889 2.934941 0.000000 71.514478 
271000 1355.000000 0.498864 0.054787 0.000000 75.962264 1.174837 0.000000 74.200008 
272000 1360.000000 0.553089 -0.099490 0.000000 73.465133 0.070426 0.000000 73.359494 
273000 1365.000000 0.197419 0.264496 0.000000 74.469424 0.351577 0.000000 73.942059 
274000 1370.000000 -0.350316 0.525196 0.000000 74.405589 0.904397 0.000000 73.048993 
275000 1375.000000 -0.052019 0.360833 0.000000 74.332349 0.615504 0.000000 73.409093 
276000 1380.000000 0.166104 0.537661 0.000000 74.386078 1.834944 0.000000 71.633662 
277000 1385.000000 0.861875 -0.018521 0.000000 75.611977 0.949035 0.000000 74.188425 
278000 1390.000000 0.179166 0.481229 0.000000 74.360722 0.256264 0.000000 73.976326 
279000 1395.000000 -0.364051 0.488158 0.000000 74.843421 1.268526 0.000000 72.940632 
280000 1400.000000 0.421804 0.106995 0.000000 76.576643 1.848877 0.000000 73.803328 
281000 1405.000000 0.431568 0.095764 0.000000 76.318743 1.106101 0.000000 74.659591 
282000 1410.000000 0.895917 0.036824 0.000000 76.241155 3.713834 0.000000 70.670404 
283000 1415.000000 0.339138 0.339715 0.000000 74.796876 0.097771 0.000000 74.650221 
284000 1420.000000 0.152726 0.219003 0.000000 75.553880 1.138080 0.000000 73.846760 
285000 1425.000000 0.113598 0.127008 0.000000 75.541511 1.690048 0.000000 73.006439 
286000 1430.000000 0.683315 0.056876 0.000000 76.628330 0.076318 0.000000 76.513853 
287000 1435.000000 0.414590 0.029603 0.000000 76.407674 0.429030 0.000000 75.764128 
288000 1440.000000 0.338344 0.228068 0.000000 75.784488 0.147649 0.000000 75.563014 
289000 1445.000000 -0.613593 1.446866 0.000000 77.051098 0.738718 0.000000 75.943022 
290000 1450.000000 -0.249275 1.717077 0.000000 75.673937 0.866141 0.000000 74.374726 
291000 1455.000000 -0.322251 1.532101 0.000000 75.151383 1.719257 0.000000 72.572498 
292000 1460.000000 -0.511653 1.552669 0.000000 77.306419 1.574801 0.000000 74.944218 
293000 1465.000000 -0.498416 1.432435 0.000000 76.760710 0.297239 0.000000 76.314851 
294000 1470.000000 -0.543502 1.409575 0.000000 77.519083 1.241638 0.000000 75.656627 
295000 1475.000000 -0.677919 1.307035 0.000000 77.967507 2.958458 0.000000 73.529820 
296000 1480.000000 -0.595358 1.503345 0.000000 77.055636 1.292696 0.000000 75.116592 
297000 1485.000000 -0.619952 1.346763 0.000000 77.788366 1.803958 0.000000 75.082430 
298000 1490.000000 -0.432319 1.430920 0.000000 75.854438 0.730684 0.000000 74.758412 
299000 1495.000000 -0.728358 1.381680 0.000000 76.126787 0.848329 0.000000 74.854294 
300000 1500.000000 -0.240431 1.683290 0.000000 75.857496 1.386105 0.000000 73.778339 
301000 1505.000000 -0.524469 1.505078 0.000000 77.508094 0.801453 0.000000 76.305915 
302000 1510.000000 -0.797393 0.829277 0.000000 75.244679 1.998586 0.000000 72.246800 
303000 1515.000000 0.146191 0.390328 0.000000 77.019221 1.567503 0.000000 74.667967 
304000 1520.000000 0.755277 0.015552 0.000000 77.301676 0.160036 0.000000 77.061622 
305000 1525.000000 0.232734 0.254864 0.000000 76.934820 1.643571 0.000000 74.469463 
306000 1530.000000 0.573272 0.193083 0.000000 76.510501 1.405709 0.000000 74.401938 
307000 1535.000000 0.689507 -0.009407 0.000000 77.795090 0.350480 0.000000 77.269370 
308000 1540.000000 -0.215930 0.482234 0.000000 76.953913 1.556577 0.000000 74.619048 
309000 1545.000000 0.652591 -0.070461 0.000000 77.231513 0.454854 0.000000 76.549231 
310000 1550.000000 0.496449 0.326173 0.000000 74.936191 0.040201 0.000000 74.875889 
311000 1555.000000 0.797374 -0.001896 0.000000 77.649086 0.238337 0.000000 77.291580 
312000 1560.000000 0.475711 0.212647 0.000000 76.601952 0.226446 0.000000 76.262284 
313000 1565.000000 0.442508 0.102957 0.000000 77.975157 0.895527 0.000000 76.631866 
314000 1570.000000 -0.846291 0.879113 0.000000 75.810675 0.953943 0.000000 74.379760 
315000 1575.000000 -0.769181 1.160470 0.000000 76.157299 0.290094 0.000000 75.722158 
316000 1580.000000 -0.656537 1.320982 0.000000 77.803248 0.050351 0.000000 77.727722 
317000 1585.000000 -0.717801 0.781750 0.000000 74.494154 0.657960 0.000000 73.507215 
318000 1590.000000 -0.630822 0.522716 0.000000 75.969053 0.170764 0.000000 75.712907 
319000 1595.000000 0.785254 0.027191 0.000000 78.979876 2.086146 0.000000 75.850657 
320000 1600.000000 0.510351 -0.010386 0.000000 78.371617 0.547776 0.000000 77.549953 
321000 1605.000000 0.450868 0.045035 0.000000 79.258529 2.053125 0.000000 76.178841 
322000 1610.000000 0.090455 0.389260 0.000000 78.033321 1.101952 0.000000 76.380393 
323000 1615.000000 0.596486 0.012847 0.000000 79.275795 1.045363 0.000000 77.707751 
324000 1620.000000 0.445514 0.179448 0.000000 77.749609 0.266024 0.000000 77.350573 
325000 1625.000000 0.843755 -0.016854 0.000000 78.202327 0.160343 0.000000 77.961813 
326000 1630.000000 0.808990 -0.063662 0.000000 79.452935 2.575926 0.000000 75.589046 
327000 1635.000000 -0.295661 0.761875 0.000000 74.040571 0.067464 0.000000 73.939375 
328000 1640.000000 0.061843 0.628496 0.000000 75.758549 0.562652 0.000000 74.914570 
329000 1645.000000 0.599021 0.114377 0.000000 79.447099 2.051752 0.000000 76.369471 
330000 1650.000000 0.477858 -0.046251 0.000000 78.546014 1.432541 0.000000 76.397202 
331000 1655.000000 0.712201 0.042090 0.000000 79.149513 0.398169 0.000000 78.552259 
332000 1660.000000 0.523110 0.027378 0.000000 79.240911 0.273433 0.000000 78.830761 
333000 1665.000000 0.733454 0.029828 0.000000 79.133179 0.283149 0.000000 78.708455 
334000 1670.000000 0.444805 0.148886 0.000000 78.513375 0.254479 0.000000 78.131656 
335000 1675.000000 0.038289 0.495339 0.000000 79.034027 2.210518 0.000000 75.718250 
336000 1680.000000 -0.344014 0.345572 0.000000 75.957088 0.042132 0.000000 75.893890 
337000 1685.000000 0.119342 0.444365 0.000000 78.299112 0.047120 0.000000 78.228432 
338000 1690.000000 0.547385 0.075191 0.000000 79.620138 0.285126 0.000000 79.192449 
339000 1695.000000 0.467333 0.198386 0.000000 78.470741 0.439936 0.000000 77.810838 
340000 1700.000000 0.840831 -0.036323 0.000000 79.056350 0.004615 0.000000 79.049427 
341000 1705.000000 0.569302 0.034270 0.000000 80.344298 1.150040 0.000000 78.619238 
342000 1710.000000 0.172084 0.352955 0.000000 78.914150 0.265159 0.000000 78.516411 
343000 1715.000000 -0.332846 0.590130 0.000000 80.211058 4.632883 0.000000 73.261733 
344000 1720.000000 0.451618 0.053501 0.000000 79.629429 0.309188 0.000000 79.165647 
345000 1725.000000 0.325296 0.509489 0.000000 78.917949 3.513849 0.000000 73.647176 
346000 1730.000000 0.647275 -0.041091 0.000000 79.730176 0.049623 0.000000 79.655743 
347000 1735.000000 0.285484 0.491910 0.000000 78.108399 0.576777 0.000000 77.243232 
348000 1740.000000 -0.058819 0.452223 0.000000 80.337567 2.698394 0.000000 76.289976 
349000 1745.000000 -0.113296 0.499133 0.000000 79.083118 0.343232 0.000000 78.568270 
350000 1750.000000 0.561148 0.094453 0.000000 80.150006 0.256241 0.000000 79.765644 
351000 1755.000000 -0.531837 0.467599 0.000000 78.264728 0.276603 0.000000 77.849823 
352000 1760.000000 -0.058599 0.194100 0.000000 78.133096 0.698581 0.000000 77.085224 
353000 1765.000000 0.542210 0.064751 0.000000 80.740619 0.636171 0.000000 79.786362 
354000 1770.000000 0.418778 0.072762 0.000000 80.271527 0.445811 0.000000 79.602810 
355000 1775.000000 0.196190 0.234167 0.000000 79.427162 0.079313 0.000000 79.308193 
356000 1780.000000 0.497432 0.047280 0.000000 80.652358 0.368903 0.000000 80.099004 
357000 1785.000000 0.649095 0.116382 0.000000 81.965661 4.329474 0.000000 75.471450 
358000 1790.000000 0.731346 -0.047208 0.000000 80.542755 0.084627 0.000000 80.415814 
359000 1795.000000 0.394758 0.002789 0.000000 80.365159 1.299945 0.000000 78.415241 
360000 1800.000000 -0.262797 0.463355 0.000000 79.558947 0.618863 0.000000 78.630652 
361000 1805.000000 0.023847 0.080706 0.000000 78.167606 0.113333 0.000000 77.997607 
362000 1810.000000 -0.834309 0.570415 0.000000 77.883955 0.287536 0.000000 77.452650 
363000 1815.000000 -0.860789 0.610194 0.000000 78.469854 0.997260 0.000000 76.973964 
364000 1820.000000 0.393183 0.169454 0.000000 80.619072 0.588560 0.000000 79.736231 
365000 1825.000000 0.514607 0.207157 0.000000 80.087331 0.961584 0.000000 78.644956 
366000 1830.000000 0.636693 0.023476 0.000000 82.063422 1.211412 0.000000 80.246304 
367000 1835.000000 0.741160 0.014280 0.000000 82.919039 3.399794 0.000000 77.819348 
368000 1840.000000 0.661840 0.054149 0.000000 81.484517 0.252437 0.000000 81.105862 
369000 1845.000000 0.630219 0.049314 0.000000 81.567957 0.178223 0.000000 81.300622 
370000 1850.000000 0.251104 0.126165 0.000000 80.456100 0.033856 0.000000 80.405316 
371000 1855.000000 0.604010 0.051171 0.000000 82.126375 1.114852 0.000000 80.454097 
372000 1860.000000 0.189934 0.397996 0.000000 81.742415 2.455881 0.000000 78.058594 
373000 1865.000000 0.351632 0.205633 0.000000 81.133608 0.989659 0.000000 79.649120 
374000 1870.000000 -0.394644 0.483162 0.000000 80.335734 0.795654 0.000000 79.142253 
375000 1875.000000 0.226224 0.590327 0.000000 79.267820 1.572801 0.000000 76.908619 
376000 1880.000000 -0.131638 0.253883 0.000000 79.069277 0.427084 0.000000 78.428652 
377000 1885.000000 0.311181 0.165531 0.000000 82.120168 2.346592 0.000000 78.600279 
378000 1890.000000 0.701543 -0.001466 0.000000 83.053822 2.211919 0.000000 79.735943 
379000 1895.000000 0.133166 0.356801 0.000000 81.274768 0.585904 0.000000 80.395913 
380000 1900.000000 0.359170 0.425251 0.000000 80.209839 0.480227 0.000000 79.489498 
381000 1905.000000 0.244110 0.578738 0.000000 78.918675 0.008101 0.000000 78.906524 
382000 1910.000000 0.153397 0.148174 0.000000 81.621316 1.732902 0.000000 79.021963 
383000 1915.000000 -1.037548 0.643559 0.000000 80.125063 0.900468 0.000000 78.774360 
384000 1920.000000 0.667289 0.042814 0.000000 83.122049 1.683897 0.000000 80.596203 
385000 1925.000000 -0.200671 0.559218 0.000000 81.422567 1.648003 0.000000 78.950563 
386000 1930.000000 0.595822 0.063226 0.000000 83.135689 1.689553 0.000000 80.601359 
387000 1935.000000 0.076379 0.289128 0.000000 81.643420 1.028600 0.000000 80.100521 
388000 1940.000000 0.030664 0.301813 0.000000 81.277285 0.628807 0.000000 80.334075 
389000 1945.000000 -0.900474 0.803741 0.000000 81.042788 0.905381 0.000000 79.684717 
390000 1950.000000 -0.564784 1.256178 0.000000 81.722573 1.111914 0.000000 80.054701 
391000 1955.000000 -0.420790 1.697470 0.000000 81.120663 0.011210 0.000000 81.103847 
392000 1960.000000 -0.786912 1.046375 0.000000 79.873481 0.257706 0.000000 79.486923 
393000 1965.000000 -0.088410 0.409219 0.000000 82.996385 3.377127 0.000000 77.930695 
394000 1970.000000 -0.340644 1.685900 0.000000 82.239566 0.490304 0.000000 81.504109 
395000 1975.000000 -0.632502 1.372283 0.000000 83.176358 0.106650 0.000000 83.016384 
396000 1980.000000 -0.833727 1.215733 0.000000 81.384871 1.095706 0.000000 79.741312 
397000 1985.000000 -0.710810 1.326396 0.000000 82.502468 0.247408 0.000000 82.131356 
398000 1990.000000 -0.555374 1.389122 0.000000 83.164368 0.428533 0.000000 82.521569 
399000 1995.000000 -0.949100 0.738410 0.000000 80.904280 0.784382 0.000000 79.727707 
400000 2000.000000 -0.607183 0.537252 0.000000 81.331020 1.247028 0.000000 79.460478 
401000 2005.000000 -0.529991 1.468359 0.000000 83.329559 0.224360 0.000000 82.993019 
402000 2010.000000 -0.663364 1.331509 0.000000 83.624146 1.576865 0.000000 81.258848 
403000 2015.000000 -0.409362 1.682388 0.000000 82.324725 1.415970 0.000000 80.200770 
404000 2020.000000 -0.565724 1.471560 0.000000 83.287890 0.262270 0.000000 82.894484 
405000 2025.000000 -0.581513 1.327911 0.000000 83.333687 1.858575 0.000000 80.545825 
406000 2030.000000 -0.466642 0.492861 0.000000 81.451347 1.556427 0.000000 79.116707 
407000 2035.000000 -0.954001 0.803298 0.000000 80.418861 0.221484 0.000000 80.086634 
408000 2040.000000 -0.856031 1.253428 0.000000 80.958135 1.558211 0.000000 78.620818 
409000 2045.000000 0.128922 0.160835 0.000000 81.224793 0.164196 0.000000 80.978499 
410000 2050.000000 0.694147 -0.090728 0.000000 81.874193 0.016448 0.000000 81.849521 
411000 2055.000000 0.417416 0.140853 0.000000 82.173787 0.148280 0.000000 81.951367 
412000 2060.000000 0.062912 0.204129 0.000000 81.394502 0.549204 0.000000 80.570696 
413000 2065.000000 0.588062 0.048382 0.000000 83.052047 0.237471 0.000000 82.695841 
414000 2070.000000 0.604373 -0.043669 0.000000 82.660293 0.474505 0.000000 81.948535 
415000 2075.000000 -0.334749 0.611038 0.000000 81.305617 0.808594 0.000000 80.092726 
416000 2080.000000 -0.089048 0.459447 0.000000 83.567518 3.665867 0.000000 78.068718 
417000 2085.000000 0.663098 -0.060908 0.000000 83.512605 1.937558 0.000000 80.606269 
418000 2090.000000 -0.599357 0.653232 0.000000 80.200610 0.273087 0.000000 79.790980 
419000 2095.000000 0.142050 0.417438 0.000000 82.139282 0.241694 0.000000 81.776741 
420000 2100.000000 -0.069814 0.355379 0.000000 81.643967 0.335143 0.000000 81.141252 
421000 2105.000000 -0.494369 1.231051 0.000000 80.623103 0.513481 0.000000 79.852882 
422000 2110.000000 -0.638747 1.264184 0.000000 82.993016 0.525219 0.000000 82.205188 
423000 2115.000000 -0.391255 1.596792 0.000000 83.341009 0.675940 0.000000 82.327098 
424000 2120.000000 -0.746635 1.588350 0.000000 77.608160 0.439778 0.000000 76.948493 
425000 2125.000000 -0.434926 1.463507 0.000000 84.042728 2.695267 0.000000 79.999828 
426000 2130.000000 -0.616199 1.318201 0.000000 83.497375 0.374626 0.000000 82.935436 
427000 2135.000000 -0.859056 0.936329 0.000000 80.873585 1.613761 0.000000 78.452944 
428000 2140.000000 -0.567429 1.336343 0.000000 83.725847 0.190424 0.000000 83.440211 
429000 2145.000000 -0.189912 1.698822 0.000000 81.517055 0.052304 0.000000 81.438600 
430000 2150.000000 -0.980896 0.720597 0.000000 82.457296 1.600009 0.000000 80.057282 
431000 2155.000000 -0.563131 1.496744 0.000000 85.343782 2.442409 0.000000 81.680169 
432000 2160.000000 -0.431136 1.524519 0.000000 83.902846 0.225679 0.000000 83.564327 
433000 2165.000000 -0.581880 1.365102 0.000000 84.964035 1.655884 0.000000 82.480209 
434000 2170.000000 -0.646233 1.369829 0.000000 85.114402 1.927736 0.000000 82.222797 
435000 2175.000000 -0.611497 1.394227 0.000000 85.294220 1.935320 0.000000 82.391239 
436000 2180.000000 -0.423593 1.657161 0.000000 83.503147 0.827599 0.000000 82.261748 
437000 2185.000000 -0.712814 1.228946 0.000000 83.853656 0.933494 0.000000 82.453415 
438000 2190.000000 -0.572642 1.458427 0.000000 84.722774 0.144910 0.000000 84.505409 
439000 2195.000000 -0.368539 1.613132 0.000000 84.109811 0.756787 0.000000 82.974631 
440000 2200.000000 -0.579066 1.404072 0.000000 84.737238 0.144694 0.000000 84.520197 
441000 2205.000000 -0.519481 1.449326 0.000000 84.689606 0.182055 0.000000 84.416524 
442000 2210.000000 -0.461242 1.460734 0.000000 84.388731 0.754327 0.000000 83.257241 
443000 2215.000000 -0.618640 1.296157 0.000000 84.282910 0.738988 0.000000 83.174428 
444000 2220.000000 -0.538652 1.412201 0.000000 85.264799 1.491665 0.000000 83.027302 
445000 2225.000000 -0.836681 1.263370 0.000000 82.213885 0.200652 0.000000 81.912906 
446000 2230.000000 -0.799003 1.075722 0.000000 82.260408 1.545015 0.000000 79.942886 
447000 2235.000000 -0.397190 1.612474 0.000000 84.447982 1.022100 0.000000 82.914833 
448000 2240.000000 -0.708563 1.486027 0.000000 82.017174 0.280530 0.000000 81.596379 
449000 2245.000000 -0.443891 1.538887 0.000000 84.491533 0.334702 0.000000 83.989480 
450000 2250.000000 -0.670217 1.281954 0.000000 84.094222 0.209183 0.000000 83.780448 
451000 2255.000000 -0.703642 1.267574 0.000000 84.153062 0.685137 0.000000 83.125356 
452000 2260.000000 -0.386152 1.587350 0.000000 84.407121 1.058845 0.000000 82.818853 
453000 2265.000000 -0.330837 1.654065 0.000000 84.232906 1.505022 0.000000 81.975373 
454000 2270.000000 -0.523119 1.483445 0.000000 84.834797 0.256325 0.000000 84.450310 
455000 2275.000000 -0.350910 1.400349 0.000000 82.230319 3.909560 0.000000 76.365979 
456000 2280.000000 -0.697545 1.473673 0.000000 82.897234 0.906203 0.000000 81.537930 
457000 2285.000000 -0.658060 1.269941 0.000000 84.679635 1.613944 0.000000 82.258719 
458000 2290.000000 -0.490631 1.464020 0.000000 86.007387 3.025954 0.000000 81.468455 
459000 2295.000000 -0.664772 1.372908 0.000000 86.541365 4.369428 0.000000 79.987222 
460000 2300.000000 -0.538756 1.401687 0.000000 85.237236 1.464575 0.000000 83.040374 
461000 2305.000000 -0.522948 1.305745 0.000000 82.988220 0.128970 0.000000 82.794764 
462000 2310.000000 -0.444275 1.568623 0.000000 85.882224 3.132202 0.000000 81.183921 
463000 2315.000000 -0.357431 1.704895 0.000000 83.414195 0.290993 0.000000 82.977705 
464000 2320.000000 -0.496873 1.585785 0.000000 84.648763 1.369455 0.000000 82.594581 
465000 2325.000000 -0.457834 1.390427 0.000000 84.357919 2.629437 0.000000 80.413763 
466000 2330.000000 -0.370004 1.513324 0.000000 83.146848 0.350344 0.000000 82.621333 
467000 2335.000000 -0.449712 1.176638 0.000000 81.384712 1.355449 0.000000 79.351539 
468000 2340.000000 -0.156086 1.761454 0.000000 82.838608 1.223831 0.000000 81.002860 
469000 2345.000000 -0.400819 1.593736 0.000000 84.177598 0.103026 0.000000 84.023059 
470000 2350.000000 -0.468709 1.639374 0.000000 83.595328 0.384124 0.000000 83.019142 
471000 2355.000000 0.137820 0.353962 0.000000 84.135678 1.355387 0.000000 82.102598 
472000 2360.000000 0.721520 -0.058752 0.000000 84.629307 0.579299 0.000000 83.760359 
473000 2365.000000 0.004180 0.420716 0.000000 83.750818 0.567949 0.000000 82.898894 
474000 2370.000000 0.517716 0.109474 0.000000 84.583492 0.530092 0.000000 83.788354 
475000 2375.000000 -0.189764 0.407047 0.000000 82.920480 0.045074 0.000000 82.852869 
476000 2380.000000 -0.059824 0.442227 0.000000 83.511096 0.097242 0.000000 83.365232 
477000 2385.000000 0.242009 0.248295 0.000000 84.161835 1.005068 0.000000 82.654232 
478000 2390.000000 0.740035 -0.091307 0.000000 84.530524 1.054786 0.000000 82.948344 
479000 2395.000000 0.481992 0.058693 0.000000 84.755996 0.134763 0.000000 84.553852 
480000 2400.000000 0.550453 0.072778 0.000000 85.440491 1.273027 0.000000 83.530951 
481000 2405.000000 0.395015 0.194409 0.000000 84.090597 0.251241 0.000000 83.713736 
482000 2410.000000 0.224793 0.268477 0.000000 84.838851 2.019360 0.000000 81.809811 
483000 2415.000000 0.820315 -0.217904 0.000000 79.431782 2.392568 0.000000 75.842930 
484000 2420.000000 0.194603 -0.062392 0.000000 81.392912 0.212394 0.000000 81.074320 
485000 2425.000000 0.249967 0.425556 0.000000 83.545186 0.054990 0.000000 83.462701 
486000 2430.000000 0.085602 0.531799 0.000000 83.446718 0.394918 0.000000 82.854341 
487000 2435.000000 0.162234 0.275466 0.000000 84.364317 0.706283 0.000000 83.304892 
488000 2440.000000 0.011682 0.296425 0.000000 84.055059 1.190210 0.000000 82.269745 
489000 2445.000000 0.074796 0.176859 0.000000 83.348527 0.003896 0.000000 83.342683 
490000 2450.000000 0.671809 -0.130536 0.000000 83.210510 0.058294 0.000000 83.123069 
491000 2455.000000 0.688027 0.029653 0.000000 85.522257 0.187913 0.000000 85.240388 
492000 2460.000000 0.583732 0.060806 0.000000 85.940969 1.189804 0.000000 84.156263 
493000 2465.000000 -0.104780 0.419385 0.000000 84.651889 1.546045 0.000000 82.332821 
494000 2470.000000 0.625853 0.109980 0.000000 85.102953 0.746961 0.000000 83.982512 
495000 2475.000000 -0.752914 0.909296 0.000000 83.161705 0.402530 0.000000 82.557910 
496000 2480.000000 -0.756038 1.367771 0.000000 86.048435 4.171585 0.000000 79.791057 
497000 2485.000000 -0.363955 1.611027 0.000000 85.057011 0.427549 0.000000 84.415687 
498000 2490.000000 -0.391950 1.643324 0.000000 84.991645 0.196514 0.000000 84.696874 
499000 2495.000000 -0.525748 1.193928 0.000000 83.888628 2.336191 0.000000 80.384342 
