0 0.000000 -1.000000 0.000000 0.000000 0.069320 0.046213 0.000000 0.000000 
0 0.000000 -0.999773 -0.000454 0.000000 0.075785 0.060958 0.000000 -0.015653 
1000 5.000000 -1.089483 0.157675 0.000000 0.451800 0.638509 0.000000 -0.505964 
2000 10.000000 -0.848427 -0.258783 0.000000 -0.894951 0.053038 0.000000 -0.974509 
3000 15.000000 -1.128127 0.030961 0.000000 0.353714 0.132143 0.000000 0.155499 
4000 20.000000 -1.226528 0.029381 0.000000 0.240489 0.422118 0.000000 -0.392689 
5000 25.000000 -1.077713 0.106122 0.000000 0.297836 0.193562 0.000000 0.007493 
6000 30.000000 -1.270214 0.073702 0.000000 0.644878 0.460756 0.000000 -0.046256 
7000 35.000000 -1.130860 -0.523167 0.000000 -0.874200 0.326657 0.000000 -1.364185 
8000 40.000000 -1.044501 -0.174521 0.000000 1.058116 0.344904 0.000000 0.540761 
9000 45.000000 -1.139597 0.533317 0.000000 -0.653911 0.127064 0.000000 -0.844507 
10000 50.000000 -1.147414 0.083842 0.000000 1.775255 0.881812 0.000000 0.452537 
11000 55.000000 -1.129199 0.200973 0.000000 1.564320 0.810290 0.000000 0.348885 
12000 60.000000 -1.204107 0.125973 0.000000 1.170118 0.045912 0.000000 1.101251 
13000 65.000000 -1.235489 -0.179008 0.000000 1.217267 0.697715 0.000000 0.170695 
14000 70.000000 -0.908136 -0.022368 0.000000 0.825177 0.153964 0.000000 0.594231 
15000 75.000000 -0.965497 0.402289 0.000000 0.598951 0.061433 0.000000 0.506802 
16000 80.000000 -0.912043 0.131999 0.000000 0.804669 0.001933 0.000000 0.801769 
17000 85.000000 -1.124748 0.161418 0.000000 1.409400 0.039014 0.000000 1.350879 
18000 90.000000 -0.806011 -0.683221 0.000000 -0.218070 0.509915 0.000000 -0.982944 
19000 95.000000 -1.049891 -0.320222 0.000000 1.177583 0.148696 0.000000 0.954539 
20000 100.000000 -1.240721 -0.161991 0.000000 1.387206 0.560694 0.000000 0.546164 
21000 105.000000 -1.146557 -0.257820 0.000000 1.339447 0.246290 0.000000 0.970011 
22000 110.000000 -1.154354 0.205722 0.000000 1.617297 0.463179 0.000000 0.922528 
23000 115.000000 -1.136330 -0.011057 0.000000 1.966103 0.532595 0.000000 1.167210 
24000 120.000000 -1.232274 -0.126781 0.000000 1.336213 0.112381 0.000000 1.167642 
25000 125.000000 -0.804956 -0.026094 0.000000 0.319240 0.092908 0.000000 0.179878 
26000 130.000000 -1.130061 0.146095 0.000000 1.782127 0.384622 0.000000 1.205193 
27000 135.000000 -1.144758 0.199522 0.000000 1.478289 0.043839 0.000000 1.412531 
28000 140.000000 -1.019882 0.045614 0.000000 1.888876 0.663828 0.000000 0.893134 
29000 145.000000 -1.028977 0.405988 0.000000 1.149010 0.550356 0.000000 0.323476 
30000 150.000000 -1.139292 -0.111588 0.000000 1.898001 0.454484 0.000000 1.216275 
31000 155.000000 -1.071739 -0.240016 0.000000 1.626762 0.343873 0.000000 1.110952 
32000 160.000000 -1.145571 -0.253317 0.000000 1.415811 0.149363 0.000000 1.191767 
33000 165.000000 -1.225727 0.051981 0.000000 1.556621 0.075326 0.000000 1.443631 
34000 170.000000 -0.728252 -0.008550 0.000000 0.011098 0.532775 0.000000 -0.788065 
35000 175.000000 -1.268311 -0.267308 0.000000 0.956912 0.739682 0.000000 -0.152611 
36000 180.000000 -1.101054 -0.041110 0.000000 1.832314 0.069900 0.000000 1.727464 
37000 185.000000 -1.162530 -0.391204 0.000000 0.844192 0.379954 0.000000 0.274261 
38000 190.000000 -1.023709 -0.066031 0.000000 1.698660 0.103844 0.000000 1.542894 
39000 195.000000 -1.348391 0.139327 0.000000 0.639540 0.578960 0.000000 -0.228900 
40000 200.000000 -0.873861 -0.330545 0.000000 0.911071 0.238018 0.000000 0.554044 
41000 205.000000 -1.286675 0.175290 0.000000 1.297156 0.750927 0.000000 0.170765 
42000 210.000000 -1.181079 0.265056 0.000000 1.342025 0.137070 0.000000 1.136421 
43000 215.000000 -0.952737 0.224731 0.000000 1.362985 0.182478 0.000000 1.089269 
44000 220.000000 -0.845423 0.676457 0.000000 -0.015895 0.222440 0.000000 -0.349555 
45000 225.000000 -1.114038 0.361973 0.000000 1.298675 0.368381 0.000000 0.746103 
46000 230.000000 -1.175475 0.157100 0.000000 2.076452 0.758854 0.000000 0.938171 
47000 235.000000 -1.134470 0.087296 0.000000 2.244692 0.699728 0.000000 1.195099 
48000 240.000000 -1.253409 -0.059323 0.000000 2.032990 1.042429 0.000000 0.469347 
49000 245.000000 -1.132782 0.311601 0.000000 1.732100 0.825226 0.000000 0.494261 
50000 250.000000 -1.174801 -0.139926 0.000000 1.985467 0.451648 0.000000 1.307996 
51000 255.000000 -1.094956 0.273167 0.000000 2.066782 1.069584 0.000000 0.462406 
52000 260.000000 -1.124086 -0.000043 0.000000 2.057668 0.161525 0.000000 1.815380 
53000 265.000000 -1.047524 0.035956 0.000000 2.277831 0.798517 0.000000 1.080055 
54000 270.000000 -1.016883 -0.149467 0.000000 2.322863 1.188105 0.000000 0.540706 
55000 275.000000 -1.179386 -0.071434 0.000000 2.481331 1.219084 0.000000 0.652705 
56000 280.000000 -1.217310 0.014630 0.000000 1.821378 0.101985 0.000000 1.668400 
57000 285.000000 -1.160993 0.258143 0.000000 2.614780 2.262781 0.000000 -0.779391 
58000 290.000000 -1.174255 -0.107179 0.000000 1.997750 0.295981 0.000000 1.553779 
59000 295.000000 -1.103173 -0.014617 0.000000 2.325211 0.658154 0.000000 1.337979 
60000 300.000000 -1.328174 -0.085120 0.000000 1.099346 0.475662 0.000000 0.385853 
61000 305.000000 -0.957411 -0.018715 0.000000 1.698038 0.276496 0.000000 1.283295 
62000 310.000000 -0.971346 0.075510 0.000000 1.666004 0.110922 0.000000 1.499621 
63000 315.000000 -1.102081 -0.366715 0.000000 1.307971 0.138279 0.000000 1.100553 
64000 320.000000 -0.987720 -0.028085 0.000000 1.942284 0.442064 0.000000 1.279189 
65000 325.000000 -0.918764 0.118584 0.000000 1.681589 0.693970 0.000000 0.640634 
66000 330.000000 -1.077721 0.127422 0.000000 1.943754 0.063142 0.000000 1.849040 
67000 335.000000 -1.218528 -0.256361 0.000000 1.629607 0.729256 0.000000 0.535724 
68000 340.000000 -1.292908 0.045865 0.000000 1.489128 0.361972 0.000000 0.946170 
69000 345.000000 -0.912607 -0.176858 0.000000 1.415597 0.182815 0.000000 1.141375 
70000 350.000000 -0.932839 0.030287 0.000000 1.606095 0.285345 0.000000 1.178078 
71000 355.000000 -1.180809 0.166347 0.000000 1.777351 0.029523 0.000000 1.733067 
72000 360.000000 -0.840061 -0.397816 0.000000 1.183842 0.812935 0.000000 -0.035560 
73000 365.000000 -0.989854 0.341813 0.000000 1.392018 0.094942 0.000000 1.249605 
74000 370.000000 -1.245675 0.126806 0.000000 2.298840 1.478668 0.000000 0.080838 
75000 375.000000 -1.039453 -0.093060 0.000000 1.915463 0.003103 0.000000 1.910808 
76000 380.000000 -1.202541 -0.014249 0.000000 2.307462 0.797245 0.000000 1.111595 
77000 385.000000 -0.985963 0.011178 0.000000 2.518415 1.522119 0.000000 0.235237 
78000 390.000000 -1.055281 0.163607 0.000000 1.865284 0.002671 0.000000 1.861277 
79000 395.000000 -1.103907 -0.022603 0.000000 2.295716 0.466251 0.000000 1.596340 
80000 400.000000 -1.114896 -0.062272 0.000000 2.308799 0.516162 0.000000 1.534556 
81000 405.000000 -1.151951 0.078707 0.000000 2.330710 0.641754 0.000000 1.368079 
82000 410.000000 -1.011603 0.082114 0.000000 2.218482 0.751988 0.000000 1.090500 
83000 415.000000 -1.165754 -0.164846 0.000000 1.878720 0.069100 0.000000 1.775071 
84000 420.000000 -1.214959 -0.104428 0.000000 1.912061 0.254615 0.000000 1.530138 
85000 425.000000 -0.933374 0.090102 0.000000 1.520835 0.071354 0.000000 1.413804 
86000 430.000000 -1.035253 0.015851 0.000000 2.111333 0.313807 0.000000 1.640623 
87000 435.000000 -1.045571 0.148426 0.000000 2.067626 0.365337 0.000000 1.519619 
88000 440.000000 -1.200799 0.345780 0.000000 1.273280 0.523522 0.000000 0.487996 
89000 445.000000 -0.989733 0.203677 0.000000 1.833591 0.352478 0.000000 1.304875 
90000 450.000000 -0.980272 0.170652 0.000000 1.793694 0.261823 0.000000 1.400960 
91000 455.000000 -0.962183 0.162297 0.000000 1.713712 0.235385 0.000000 1.360633 
92000 460.000000 -0.958623 -0.016795 0.000000 1.724709 0.112837 0.000000 1.555453 
93000 465.000000 -1.155693 0.426143 0.000000 1.443847 1.263220 0.000000 -0.450983 
94000 470.000000 -0.797130 0.362743 0.000000 0.793033 0.470886 0.000000 0.086704 
95000 475.000000 -1.137354 0.297674 0.000000 1.747316 0.396198 0.000000 1.153018 
96000 480.000000 -1.139095 0.074976 0.000000 2.111458 0.070094 0.000000 2.006318 
97000 485.000000 -0.979519 0.637220 0.000000 0.497415 0.633990 0.000000 -0.453571 
98000 490.000000 -1.110310 -0.075994 0.000000 2.601688 0.944512 0.000000 1.184920 
99000 495.000000 -0.924165 0.095090 0.000000 1.798624 0.567730 0.000000 0.947029 
100000 500.000000 -1.124330 -0.112068 0.000000 2.555867 0.915991 0.000000 1.181880 
101000 505.000000 -0.972119 0.288510 0.000000 2.403145 1.729294 0.000000 -0.190796 
102000 510.000000 -1.045979 -0.217023 0.000000 2.008520 0.205856 0.000000 1.699737 
103000 515.000000 -1.014183 0.193070 0.000000 1.919199 0.134572 0.000000 1.717340 
104000 520.000000 -1.118091 -0.461013 0.000000 2.043995 2.421673 0.000000 -1.588514 
105000 525.000000 -1.183051 0.092628 0.000000 2.053892 0.001416 0.000000 2.051767 
106000 530.000000 -1.079537 -0.138710 0.000000 2.384109 0.589851 0.000000 1.499333 
107000 535.000000 -1.180630 0.144936 0.000000 3.108649 2.262986 0.000000 -0.285829 
108000 540.000000 -1.056690 -0.237718 0.000000 2.134377 0.452258 0.000000 1.455990 
109000 545.000000 -1.130295 0.101014 0.000000 2.213895 0.136610 0.000000 2.008980 
110000 550.000000 -1.132096 -0.012226 0.000000 2.585122 0.748342 0.000000 1.462609 
111000 555.000000 -0.921559 0.390652 0.000000 1.289905 0.161541 0.000000 1.047594 
112000 560.000000 -0.979179 -0.132401 0.000000 2.618552 1.539989 0.000000 0.308568 
113000 565.000000 -1.061823 0.199997 0.000000 2.031471 0.126134 0.000000 1.842270 
114000 570.000000 -0.954719 -0.132239 0.000000 1.780850 0.071842 0.000000 1.673087 
115000 575.000000 -0.973898 -0.383871 0.000000 1.546721 0.243927 0.000000 1.180830 
116000 580.000000 -0.905291 0.212291 0.000000 1.550713 0.309117 0.000000 1.087037 
117000 585.000000 -0.975123 -0.108816 0.000000 1.871421 0.032103 0.000000 1.823267 
118000 590.000000 -0.904743 0.297106 0.000000 1.486655 0.346527 0.000000 0.966865 
119000 595.000000 -1.243150 0.257226 0.000000 1.430204 0.223981 0.000000 1.094232 
120000 600.000000 -1.176937 0.327527 0.000000 1.560457 0.341882 0.000000 1.047634 
121000 605.000000 -0.914078 0.156058 0.000000 1.643100 0.271827 0.000000 1.235359 
122000 610.000000 -1.153801 0.058085 0.000000 2.550269 0.636844 0.000000 1.595003 
123000 615.000000 -1.021002 0.127751 0.000000 2.238984 0.396061 0.000000 1.644893 
124000 620.000000 -0.887419 -0.019450 0.000000 1.495643 0.116872 0.000000 1.320334 
125000 625.000000 -1.044002 0.225304 0.000000 2.104121 0.299449 0.000000 1.654947 
126000 630.000000 -1.064864 -0.084116 0.000000 2.909171 1.406474 0.000000 0.799459 
127000 635.000000 -0.925906 -0.274034 0.000000 1.753134 0.362352 0.000000 1.209606 
128000 640.000000 -1.008203 0.237432 0.000000 2.320334 0.924247 0.000000 0.933963 
129000 645.000000 -1.115526 -0.079676 0.000000 2.341969 0.158399 0.000000 2.104371 
130000 650.000000 -1.130347 -0.005693 0.000000 2.367299 0.139042 0.000000 2.158737 
131000 655.000000 -0.976953 0.222448 0.000000 1.893106 0.217140 0.000000 1.567396 
132000 660.000000 -1.090988 -0.341080 0.000000 1.761400 0.160011 0.000000 1.521383 
133000 665.000000 -1.159166 -0.001058 0.000000 2.730213 0.898090 0.000000 1.383078 
134000 670.000000 -0.953937 0.493205 0.000000 1.130122 0.079683 0.000000 1.010597 
135000 675.000000 -0.678908 -0.544258 0.000000 0.891601 0.972584 0.000000 -0.567275 
136000 680.000000 -0.966179 -0.630030 0.000000 0.662150 0.228607 0.000000 0.319239 
137000 685.000000 -1.146504 -0.077437 0.000000 2.874117 1.045093 0.000000 1.306477 
138000 690.000000 -0.997147 -0.044211 0.000000 2.244278 0.199992 0.000000 1.944291 
139000 695.000000 -1.092187 0.276980 0.000000 2.085053 0.220377 0.000000 1.754486 
140000 700.000000 -1.117779 -0.168298 0.000000 2.412896 0.324865 0.000000 1.925598 
141000 705.000000 -1.320919 0.283801 0.000000 0.592018 0.006373 0.000000 0.582459 
142000 710.000000 -1.028565 -0.227474 0.000000 2.499197 0.803963 0.000000 1.293252 
143000 715.000000 -0.898711 -0.169313 0.000000 1.736360 0.200307 0.000000 1.435899 
144000 720.000000 -0.962982 -0.084101 0.000000 2.320398 0.642070 0.000000 1.357293 
145000 725.000000 -0.893311 -0.453110 0.000000 2.427063 2.269133 0.000000 -0.976637 
146000 730.000000 -1.145353 -0.002049 0.000000 2.585970 0.322295 0.000000 2.102528 
147000 735.000000 -1.034596 0.132382 0.000000 2.441148 0.422184 0.000000 1.807873 
148000 740.000000 -1.241248 -0.143579 0.000000 1.921688 0.013260 0.000000 1.901798 
149000 745.000000 -1.106340 -0.172666 0.000000 2.322053 0.089714 0.000000 2.187481 
150000 750.000000 -1.084255 0.292406 0.000000 2.039430 0.147905 0.000000 1.817572 
151000 755.000000 -0.991490 -0.017240 0.000000 2.204541 0.077654 0.000000 2.088059 
152000 760.000000 -1.002347 -0.061621 0.000000 2.260500 0.123473 0.000000 2.075290 
153000 765.000000 -1.024673 0.369750 0.000000 1.860220 0.311148 0.000000 1.393498 
154000 770.000000 -1.091359 -0.328640 0.000000 2.532374 1.328690 0.000000 0.539338 
155000 775.000000 -1.149219 0.055127 0.000000 2.523375 0.215456 0.000000 2.200191 
156000 780.000000 -1.202130 0.262533 0.000000 2.514662 1.484903 0.000000 0.287308 
157000 785.000000 -0.849854 -0.593750 0.000000 1.184878 0.578261 0.000000 0.317486 
158000 790.000000 -1.107189 0.256790 0.000000 2.254420 0.288147 0.000000 1.822200 
159000 795.000000 -1.078410 -0.182923 0.000000 2.368914 0.128651 0.000000 2.175937 
160000 800.000000 -1.133419 0.191709 0.000000 2.457760 0.394567 0.000000 1.865909 
161000 805.000000 -1.052651 -0.322706 0.000000 2.365135 0.805910 0.000000 1.156270 
162000 810.000000 -1.066361 0.166128 0.000000 2.418541 0.214400 0.000000 2.096941 
163000 815.000000 -1.076134 -0.256895 0.000000 2.856437 1.401064 0.000000 0.754841 
164000 820.000000 -0.952029 0.014836 0.000000 2.170351 0.268426 0.000000 1.767711 
165000 825.000000 -1.011376 0.021040 0.000000 2.644681 0.681507 0.000000 1.622421 
166000 830.000000 -0.995019 0.114139 0.000000 2.422613 0.456738 0.000000 1.737506 
167000 835.000000 -0.872496 0.238156 0.000000 1.691363 0.438190 0.000000 1.034078 
168000 840.000000 -1.088282 -0.244963 0.000000 2.286857 0.184981 0.000000 2.009386 
169000 845.000000 -1.260676 -0.015220 0.000000 2.128400 0.140970 0.000000 1.916945 
170000 850.000000 -0.972742 -0.523598 0.000000 1.458919 0.469844 0.000000 0.754152 
171000 855.000000 -1.235345 0.047414 0.000000 2.218621 0.014796 0.000000 2.196426 
172000 860.000000 -1.289912 0.029245 0.000000 1.843673 0.000919 0.000000 1.842294 
173000 865.000000 -0.887855 -0.403036 0.000000 1.513418 0.103087 0.000000 1.358788 
174000 870.000000 -0.876757 -0.220511 0.000000 1.645856 0.085665 0.000000 1.517358 
175000 875.000000 -1.024820 -0.153745 0.000000 2.451892 0.305195 0.000000 1.994099 
176000 880.000000 -1.095516 0.041796 0.000000 3.479413 1.908510 0.000000 0.616648 
177000 885.000000 -1.131304 -0.160619 0.000000 2.876553 0.994107 0.000000 1.385392 
178000 890.000000 -1.236723 -0.108800 0.000000 3.200946 2.142436 0.000000 -0.012709 
179000 895.000000 -1.023616 0.112314 0.000000 2.474581 0.284632 0.000000 2.047632 
180000 900.000000 -0.880750 -0.177837 0.000000 1.663583 0.030101 0.000000 1.618431 
181000 905.000000 -1.015930 0.511521 0.000000 1.632712 0.804180 0.000000 0.426442 
182000 910.000000 -1.074083 -0.095394 0.000000 2.612379 0.269450 0.000000 2.208203 
183000 915.000000 -1.070521 -0.240251 0.000000 2.806925 1.108137 0.000000 1.144720 
184000 920.000000 -1.087780 0.161355 0.000000 2.446379 0.074014 0.000000 2.335358 
185000 925.000000 -0.921509 -0.398721 0.000000 2.057015 0.898412 0.000000 0.709397 
186000 930.000000 -1.176543 -0.118162 0.000000 2.426220 0.064141 0.000000 2.330009 
187000 935.000000 -0.992413 0.281977 0.000000 2.448776 0.870907 0.000000 1.142415 
188000 940.000000 -1.036580 0.155342 0.000000 3.219451 1.749957 0.000000 0.594515 
189000 945.000000 -1.063128 -0.089147 0.000000 2.525394 0.087983 0.000000 2.393420 
190000 950.000000 -0.903062 -0.574916 0.000000 1.253001 0.333742 0.000000 0.752388 
191000 955.000000 -1.141358 -0.363848 0.000000 1.968307 0.536253 0.000000 1.163927 
192000 960.000000 -0.930197 -0.170081 0.000000 1.968859 0.006081 0.000000 1.959738 
193000 965.000000 -1.039194 0.169977 0.000000 2.525827 0.347425 0.000000 2.004689 
194000 970.000000 -0.977692 -0.149368 0.000000 2.225307 0.057951 0.000000 2.138380 
195000 975.000000 -1.209706 -0.039417 0.000000 2.782490 0.751796 0.000000 1.654795 
196000 980.000000 -1.069968 0.360514 0.000000 2.291455 0.787056 0.000000 1.110870 
197000 985.000000 -0.959372 0.218192 0.000000 2.093382 0.133756 0.000000 1.892749 
198000 990.000000 -1.208798 0.112793 0.000000 2.374353 0.093036 0.000000 2.234799 
199000 995.000000 -0.703341 -0.626417 0.000000 0.859565 0.442439 0.000000 0.195907 
200000 1000.000000 0.904920 -0.368116 0.000000 4.661616 0.262022 0.000000 4.268582 
201000 1005.000000 1.072461 0.291430 0.000000 4.706732 0.027967 0.000000 4.664782 
202000 1010.000000 0.954946 0.136439 0.000000 5.105640 0.564887 0.000000 4.258310 
203000 1015.000000 1.137428 -0.254295 0.000000 5.264676 0.141016 0.000000 5.053153 
204000 1020.000000 1.190080 0.039545 0.000000 5.969249 1.066338 0.000000 4.369742 
205000 1025.000000 1.159907 -0.034280 0.000000 6.018334 0.880147 0.000000 4.698114 
206000 1030.000000 1.066973 -0.200059 0.000000 5.443175 0.022253 0.000000 5.409796 
207000 1035.000000 1.117061 -0.211709 0.000000 5.656848 0.491510 0.000000 4.919582 
208000 1040.000000 1.186739 -0.098109 0.000000 5.741635 0.439423 0.000000 5.082501 
209000 1045.000000 0.980517 0.086317 0.000000 5.389663 0.182934 0.000000 5.115262 
210000 1050.000000 0.905899 -0.370679 0.000000 4.779715 0.164649 0.000000 4.532742 
211000 1055.000000 1.214147 0.072009 0.000000 5.579614 0.206752 0.000000 5.269486 
212000 1060.000000 1.058442 -0.009718 0.000000 5.883507 0.223051 0.000000 5.548930 
213000 1065.000000 1.214575 0.006520 0.000000 5.774319 0.060642 0.000000 5.683356 
214000 1070.000000 0.980594 -0.569756 0.000000 4.758126 0.809868 0.000000 3.543324 
215000 1075.000000 1.103190 -0.294398 0.000000 5.813885 0.567520 0.000000 4.962605 
216000 1080.000000 1.138555 -0.454482 0.000000 4.674630 0.080255 0.000000 4.554247 
217000 1085.000000 0.950426 -0.236774 0.000000 5.831757 0.774310 0.000000 4.670292 
218000 1090.000000 1.309475 0.175007 0.000000 5.121742 0.523242 0.000000 4.336880 
219000 1095.000000 0.895887 -0.044641 0.000000 5.885242 1.228393 0.000000 4.042652 
220000 1100.000000 0.891877 -0.205563 0.000000 5.325508 0.248505 0.000000 4.952749 
221000 1105.000000 1.092408 -0.071909 0.000000 6.061528 0.014756 0.000000 6.039393 
222000 1110.000000 1.310070 0.039974 0.000000 5.436724 0.463245 0.000000 4.741857 
223000 1115.000000 0.815687 -0.487779 0.000000 4.662710 0.141599 0.000000 4.450311 
224000 1120.000000 1.111193 0.258572 0.000000 5.745861 0.201118 0.000000 5.444184 
225000 1125.000000 1.121314 0.472539 0.000000 4.754778 0.748705 0.000000 3.631720 
226000 1130.000000 0.839870 -0.000454 0.000000 5.150989 0.350995 0.000000 4.624496 
227000 1135.000000 1.215047 0.088448 0.000000 6.125133 0.478278 0.000000 5.407716 
228000 1140.000000 1.020682 -0.121928 0.000000 6.545606 1.230120 0.000000 4.700426 
229000 1145.000000 0.898917 0.256890 0.000000 5.295136 0.248473 0.000000 4.922428 
230000 1150.000000 0.821687 -0.371842 0.000000 4.960358 0.344465 0.000000 4.443660 
231000 1155.000000 0.914509 -0.299960 0.000000 5.381565 0.099517 0.000000 5.232289 
232000 1160.000000 0.759232 -0.430438 0.000000 4.695817 0.508977 0.000000 3.932352 
233000 1165.000000 1.009671 0.138147 0.000000 5.958527 0.057442 0.000000 5.872364 
234000 1170.000000 0.945127 0.019372 0.000000 6.015400 0.579687 0.000000 5.145869 
235000 1175.000000 0.996382 0.419438 0.000000 5.201076 0.246501 0.000000 4.831325 
236000 1180.000000 1.154479 -0.151729 0.000000 6.896037 1.652448 0.000000 4.417364 
237000 1185.000000 1.117270 0.089715 0.000000 6.641740 0.885401 0.000000 5.313639 
238000 1190.000000 0.943191 0.159359 0.000000 5.759260 0.245873 0.000000 5.390450 
239000 1195.000000 1.216949 -0.007623 0.000000 6.478283 0.896292 0.000000 5.133844 
240000 1200.000000 1.210466 -0.151391 0.000000 6.270263 0.717134 0.000000 5.194563 
241000 1205.000000 1.050906 -0.055250 0.000000 6.416087 0.525487 0.000000 5.627856 
242000 1210.000000 0.992582 -0.252920 0.000000 6.048943 0.534697 0.000000 5.246897 
243000 1215.000000 1.079872 -0.312369 0.000000 6.095172 0.679819 0.000000 5.075444 
244000 1220.000000 1.036169 0.017026 0.000000 6.345631 0.371240 0.000000 5.788770 
245000 1225.000000 0.894516 0.184842 0.000000 5.782413 0.785199 0.000000 4.604615 
246000 1230.000000 1.233600 0.292530 0.000000 5.223024 0.115048 0.000000 5.050452 
247000 1235.000000 0.990264 0.276668 0.000000 6.239288 1.158355 0.000000 4.501756 
248000 1240.000000 1.092224 0.279995 0.000000 5.849622 0.152258 0.000000 5.621236 
249000 1245.000000 1.191164 -0.297071 0.000000 5.615406 0.137556 0.000000 5.409072 
250000 1250.000000 1.055732 -0.117528 0.000000 6.369472 0.385149 0.000000 5.791750 
251000 1255.000000 1.244851 0.007805 0.000000 6.115842 0.328742 0.000000 5.622729 
252000 1260.000000 1.174333 0.077386 0.000000 6.410138 0.403799 0.000000 5.804439 
253000 1265.000000 0.872965 -0.148868 0.000000 5.428337 0.189886 0.000000 5.143509 
254000 1270.000000 1.005681 -0.099575 0.000000 6.271514 0.433273 0.000000 5.621604 
255000 1275.000000 1.287373 0.058238 0.000000 5.909068 0.530946 0.000000 5.112648 
256000 1280.000000 1.079040 -0.459674 0.000000 5.260848 0.159934 0.000000 5.020947 
257000 1285.000000 1.118670 0.106871 0.000000 7.167595 1.704223 0.000000 4.611261 
258000 1290.000000 1.108631 0.093307 0.000000 6.482929 0.298121 0.000000 6.035748 
259000 1295.000000 1.057470 -0.241147 0.000000 6.379860 0.612901 0.000000 5.460507 
260000 1300.000000 0.923838 -0.151868 0.000000 5.859210 0.295485 0.000000 5.415982 
261000 1305.000000 0.980024 -0.367903 0.000000 6.101759 0.944005 0.000000 4.685752 
262000 1310.000000 1.241621 0.062797 0.000000 6.423645 0.801547 0.000000 5.221324 
263000 1315.000000 0.943732 0.224569 0.000000 5.928133 0.381727 0.000000 5.355543 
264000 1320.000000 1.151725 -0.173191 0.000000 7.346379 2.248915 0.000000 3.973007 
265000 1325.000000 1.027780 -0.460598 0.000000 5.470039 0.295591 0.000000 5.026653 
266000 1330.000000 1.060580 -0.067464 0.000000 6.499379 0.307161 0.000000 6.038637 
267000 1335.000000 1.140027 -0.219280 0.000000 6.171880 0.050349 0.000000 6.096357 
268000 1340.000000 1.140443 0.036753 0.000000 6.998717 1.159816 0.000000 5.258994 
269000 1345.000000 1.222776 -0.319064 0.000000 5.545282 0.322239 0.000000 5.061924 
270000 1350.000000 1.168715 0.208824 0.000000 6.990640 1.816341 0.000000 4.266129 
271000 1355.000000 1.058050 -0.407440 0.000000 5.753251 0.357370 0.000000 5.217196 
272000 1360.000000 0.960703 -0.317799 0.000000 5.985956 0.446962 0.000000 5.315513 
273000 1365.000000 1.006425 -0.465315 0.000000 5.418965 0.136343 0.000000 5.214450 
274000 1370.000000 1.103915 0.060281 0.000000 6.525982 0.123876 0.000000 6.340168 
275000 1375.000000 1.083597 0.106935 0.000000 6.643867 0.457505 0.000000 5.957609 
276000 1380.000000 1.260336 0.307824 0.000000 5.351350 0.549293 0.000000 4.527411 
277000 1385.000000 1.260063 -0.225146 0.000000 5.734706 0.256703 0.000000 5.349652 
278000 1390.000000 1.143329 0.456767 0.000000 4.899313 0.110538 0.000000 4.733505 
279000 1395.000000 0.905007 0.495143 0.000000 5.575584 1.229371 0.000000 3.731528 
280000 1400.000000 1.099005 -0.103232 0.000000 6.668272 0.454308 0.000000 5.986810 
281000 1405.000000 0.955088 -0.016221 0.000000 6.118413 0.125835 0.000000 5.929661 
282000 1410.000000 1.293713 -0.075153 0.000000 6.456296 1.414631 0.000000 4.334350 
283000 1415.000000 1.120075 -0.074213 0.000000 6.612129 0.266826 0.000000 6.211890 
284000 1420.000000 0.951752 -0.407545 0.000000 5.709488 0.303383 0.000000 5.254414 
285000 1425.000000 0.774152 -0.277353 0.000000 5.148674 0.615642 0.000000 4.225211 
286000 1430.000000 1.188457 0.100239 0.000000 6.364646 0.034451 0.000000 6.312969 
287000 1435.000000 1.164576 0.006606 0.000000 6.505893 0.052498 0.000000 6.427145 
288000 1440.000000 0.795860 -0.353371 0.000000 5.108434 0.244399 0.000000 4.741836 
289000 1445.000000 1.087752 0.130759 0.000000 6.576735 0.275408 0.000000 6.163622 
290000 1450.000000 1.070970 0.518778 0.000000 4.965285 0.444880 0.000000 4.297965 
291000 1455.000000 1.367169 -0.205879 0.000000 4.631531 0.181293 0.000000 4.359591 
292000 1460.000000 1.110087 -0.241092 0.000000 6.841281 1.232103 0.000000 4.993127 
293000 1465.000000 1.117787 0.037770 0.000000 6.559902 0.036945 0.000000 6.504485 
294000 1470.000000 1.092663 -0.146384 0.000000 6.713118 0.566024 0.000000 5.864081 
295000 1475.000000 1.081664 -0.127809 0.000000 6.988057 1.083834 0.000000 5.362306 
296000 1480.000000 1.165907 -0.105279 0.000000 7.135345 1.396805 0.000000 5.040137 
297000 1485.000000 0.936658 0.104909 0.000000 6.367910 0.740435 0.000000 5.257258 
298000 1490.000000 1.060503 0.149212 0.000000 6.962763 1.116553 0.000000 5.287933 
299000 1495.000000 0.921579 -0.154989 0.000000 6.209727 0.690452 0.000000 5.174049 
300000 1500.000000 1.190624 -0.046312 0.000000 6.651293 0.430077 0.000000 6.006178 
301000 1505.000000 1.152417 0.097662 0.000000 6.614259 0.257371 0.000000 6.228202 
302000 1510.000000 1.085380 -0.460172 0.000000 5.720688 0.740783 0.000000 4.609514 
303000 1515.000000 1.108586 0.115956 0.000000 6.880819 0.746862 0.000000 5.760526 
304000 1520.000000 1.147389 -0.159761 0.000000 6.441621 0.061470 0.000000 6.349415 
305000 1525.000000 0.877919 -0.251491 0.000000 5.802039 0.445526 0.000000 5.133751 
306000 1530.000000 1.187214 0.176408 0.000000 6.433868 0.360729 0.000000 5.892774 
307000 1535.000000 1.161190 -0.162775 0.000000 6.394826 0.018447 0.000000 6.367155 
308000 1540.000000 1.032387 0.243063 0.000000 6.725355 1.075119 0.000000 5.112678 
309000 1545.000000 1.106869 -0.225564 0.000000 6.384219 0.130047 0.000000 6.189148 
310000 1550.000000 1.060742 -0.070956 0.000000 6.773095 0.521958 0.000000 5.990158 
311000 1555.000000 1.185981 -0.171739 0.000000 6.523060 0.445260 0.000000 5.855170 
312000 1560.000000 1.138974 0.080112 0.000000 6.904806 0.685062 0.000000 5.877213 
313000 1565.000000 1.030490 0.176029 0.000000 6.474279 0.273369 0.000000 6.064226 
314000 1570.000000 1.077067 0.051388 0.000000 6.767093 0.391494 0.000000 6.179852 
315000 1575.000000 0.999944 -0.333887 0.000000 6.170750 0.423006 0.000000 5.536241 
316000 1580.000000 0.983274 0.122830 0.000000 6.414678 0.315734 0.000000 5.941077 
317000 1585.000000 1.111208 -0.520024 0.000000 4.960790 0.145763 0.000000 4.742146 
318000 1590.000000 1.108748 -0.144414 0.000000 6.661882 0.295532 0.000000 6.218584 
319000 1595.000000 1.276543 -0.122082 0.000000 6.031471 0.198891 0.000000 5.733134 
320000 1600.000000 1.111982 -0.037895 0.000000 6.752885 0.249840 0.000000 6.378124 
321000 1605.000000 1.104411 -0.016472 0.000000 7.372572 1.477844 0.000000 5.155806 
322000 1610.000000 0.986004 0.171299 0.000000 6.468060 0.469518 0.000000 5.763782 
323000 1615.000000 1.162112 -0.330272 0.000000 5.926910 0.143042 0.000000 5.712347 
324000 1620.000000 0.959129 -0.183637 0.000000 6.135071 0.046544 0.000000 6.065255 
325000 1625.000000 1.240606 -0.224016 0.000000 6.069245 0.336792 0.000000 5.564056 
326000 1630.000000 1.224460 -0.253690 0.000000 5.921277 0.070492 0.000000 5.815539 
327000 1635.000000 1.117604 0.317385 0.000000 6.078526 0.183007 0.000000 5.804015 
328000 1640.000000 1.118554 0.348812 0.000000 6.119876 0.568043 0.000000 5.267811 
329000 1645.000000 1.059819 -0.109670 0.000000 7.331472 1.591087 0.000000 4.944842 
330000 1650.000000 1.023017 -0.143421 0.000000 6.544988 0.261767 0.000000 6.152338 
331000 1655.000000 1.176816 0.028742 0.000000 6.838218 0.478449 0.000000 6.120544 
332000 1660.000000 1.033297 -0.107532 0.000000 6.543529 0.110033 0.000000 6.378479 
333000 1665.000000 1.134464 -0.173738 0.000000 6.529100 0.082001 0.000000 6.406098 
334000 1670.000000 1.036856 0.077485 0.000000 6.667812 0.245090 0.000000 6.300177 
335000 1675.000000 1.009071 0.343624 0.000000 6.555801 1.222653 0.000000 4.721822 
336000 1680.000000 1.013468 0.214508 0.000000 6.477296 0.365396 0.000000 5.929202 
337000 1685.000000 1.192777 -0.086237 0.000000 6.574314 0.131619 0.000000 6.376885 
338000 1690.000000 1.080093 0.017055 0.000000 6.693172 0.055534 0.000000 6.609871 
339000 1695.000000 0.990370 -0.066251 0.000000 6.740698 0.713818 0.000000 5.669971 
340000 1700.000000 1.258572 -0.067485 0.000000 6.265402 0.124766 0.000000 6.078253 
341000 1705.000000 1.034201 -0.272634 0.000000 6.398252 0.287786 0.000000 5.966573 
342000 1710.000000 1.107644 0.179225 0.000000 6.589800 0.165540 0.000000 6.341490 
343000 1715.000000 0.978967 0.300124 0.000000 6.606237 1.156739 0.000000 4.871129 
344000 1720.000000 0.977660 -0.129837 0.000000 6.361858 0.140873 0.000000 6.150548 
345000 1725.000000 1.287017 0.277164 0.000000 5.689436 0.928642 0.000000 4.296472 
346000 1730.000000 1.112054 -0.199275 0.000000 6.495312 0.029796 0.000000 6.450619 
347000 1735.000000 1.135851 0.500962 0.000000 4.920737 0.303032 0.000000 4.466188 
348000 1740.000000 1.182934 -0.056220 0.000000 7.108847 1.026942 0.000000 5.568433 
349000 1745.000000 0.931767 0.124825 0.000000 6.132640 0.059167 0.000000 6.043889 
350000 1750.000000 1.029657 -0.152858 0.000000 6.492363 0.041448 0.000000 6.430192 
351000 1755.000000 0.595749 0.549482 0.000000 3.954676 0.017579 0.000000 3.928308 
352000 1760.000000 0.948509 -0.124037 0.000000 6.220443 0.077936 0.000000 6.103539 
353000 1765.000000 1.125308 0.033416 0.000000 6.764302 0.077580 0.000000 6.647932 
354000 1770.000000 1.121340 -0.055387 0.000000 6.724424 0.043028 0.000000 6.659882 
355000 1775.000000 0.880153 0.176204 0.000000 5.939110 0.317646 0.000000 5.462642 
356000 1780.000000 1.014619 0.003964 0.000000 6.576009 0.061225 0.000000 6.484172 
357000 1785.000000 1.312984 0.080303 0.000000 6.103365 0.672779 0.000000 5.094197 
358000 1790.000000 1.129349 -0.151786 0.000000 6.599428 0.010706 0.000000 6.583370 
359000 1795.000000 0.937392 -0.143970 0.000000 6.477398 0.703109 0.000000 5.422735 
360000 1800.000000 1.154657 0.198090 0.000000 6.463488 0.052311 0.000000 6.385022 
361000 1805.000000 0.917306 -0.247850 0.000000 6.060556 0.234004 0.000000 5.709550 
362000 1810.000000 1.017721 -0.240851 0.000000 6.536712 0.398991 0.000000 5.938226 
363000 1815.000000 0.988914 -0.007059 0.000000 6.605045 0.293148 0.000000 6.165323 
364000 1820.000000 1.090665 -0.067599 0.000000 6.851959 0.299493 0.000000 6.402719 
365000 1825.000000 0.976914 -0.177250 0.000000 6.713536 0.846987 0.000000 5.443056 
366000 1830.000000 1.031215 -0.418141 0.000000 5.904734 0.123108 0.000000 5.720073 
367000 1835.000000 1.126859 -0.269941 0.000000 6.840010 1.035887 0.000000 5.286179 
368000 1840.000000 1.107246 0.094322 0.000000 6.774158 0.119045 0.000000 6.595590 
369000 1845.000000 1.112164 -0.025774 0.000000 6.784319 0.059433 0.000000 6.695169 
370000 1850.000000 1.061798 -0.340563 0.000000 6.154817 0.018316 0.000000 6.127343 
371000 1855.000000 1.074537 0.199350 0.000000 6.722328 0.399078 0.000000 6.123712 
372000 1860.000000 1.160203 0.257184 0.000000 6.846049 1.208693 0.000000 5.033010 
373000 1865.000000 1.155291 0.018778 0.000000 7.012696 0.539019 0.000000 6.204167 
374000 1870.000000 0.991944 0.267575 0.000000 6.416871 0.385197 0.000000 5.839076 
375000 1875.000000 1.217648 0.201248 0.000000 6.311629 0.192181 0.000000 6.023358 
376000 1880.000000 0.350390 -0.891938 0.000000 4.245137 0.413214 0.000000 3.625316 
377000 1885.000000 0.125140 -0.728406 0.000000 3.951968 1.124822 0.000000 2.264735 
378000 1890.000000 0.107274 -1.028401 0.000000 4.436059 0.183428 0.000000 4.160917 
379000 1895.000000 -1.119182 0.108180 0.000000 7.244539 0.206849 0.000000 6.934265 
380000 1900.000000 -0.899087 0.430922 0.000000 6.056190 0.008029 0.000000 6.044146 
381000 1905.000000 -0.948786 0.395466 0.000000 6.457570 0.357124 0.000000 5.921884 
382000 1910.000000 -1.108397 -0.437740 0.000000 6.347365 0.791960 0.000000 5.159425 
383000 1915.000000 -1.167142 0.014890 0.000000 7.349251 0.356506 0.000000 6.814491 
384000 1920.000000 -1.075635 -0.231805 0.000000 7.363219 0.898386 0.000000 6.015640 
385000 1925.000000 -1.206559 0.132338 0.000000 7.536753 1.236591 0.000000 5.681867 
386000 1930.000000 -0.956662 -0.037696 0.000000 6.842129 0.138305 0.000000 6.634673 
387000 1935.000000 -1.126909 0.054917 0.000000 7.500751 0.590197 0.000000 6.615456 
388000 1940.000000 -1.021127 0.494042 0.000000 6.105659 0.241329 0.000000 5.743666 
389000 1945.000000 -1.022772 -0.155223 0.000000 7.111558 0.276494 0.000000 6.696817 
390000 1950.000000 -1.091050 -0.139916 0.000000 7.788000 1.356308 0.000000 5.753539 
391000 1955.000000 -0.969059 0.085402 0.000000 7.023897 0.397954 0.000000 6.426966 
392000 1960.000000 -1.153733 -0.246195 0.000000 6.889080 0.204104 0.000000 6.582924 
393000 1965.000000 -1.159668 0.056230 0.000000 7.673045 0.987550 0.000000 6.191719 
394000 1970.000000 -0.959917 0.138738 0.000000 6.867188 0.243963 0.000000 6.501244 
395000 1975.000000 -1.186545 -0.049091 0.000000 7.137021 0.026298 0.000000 7.097574 
396000 1980.000000 -1.321442 -0.036059 0.000000 6.578837 0.673226 0.000000 5.568998 
397000 1985.000000 -1.166802 -0.176738 0.000000 6.984828 0.046375 0.000000 6.915265 
398000 1990.000000 -0.951748 -0.256907 0.000000 6.622348 0.033494 0.000000 6.572108 
399000 1995.000000 -1.113631 -0.045210 0.000000 7.446787 0.427500 0.000000 6.805537 
400000 2000.000000 -1.195145 -0.071077 0.000000 7.270948 0.386774 0.000000 6.690788 
401000 2005.000000 -1.127822 0.078321 0.000000 7.240512 0.075928 0.000000 7.126619 
402000 2010.000000 -1.316418 0.032640 0.000000 6.592329 0.580633 0.000000 5.721380 
403000 2015.000000 -1.075936 0.112259 0.000000 7.469281 0.651350 0.000000 6.492255 
404000 2020.000000 -1.146769 0.191786 0.000000 7.057142 0.126916 0.000000 6.866767 
405000 2025.000000 -1.102019 -0.212570 0.000000 7.062077 0.144458 0.000000 6.845390 
406000 2030.000000 -0.931573 -0.271980 0.000000 6.685704 0.352252 0.000000 6.157325 
407000 2035.000000 -1.149653 0.013856 0.000000 7.397646 0.328950 0.000000 6.904220 
408000 2040.000000 -1.159649 0.113954 0.000000 7.729278 1.205308 0.000000 5.921315 
409000 2045.000000 -0.841263 -0.617901 0.000000 5.420566 0.294291 0.000000 4.979129 
410000 2050.000000 -1.065549 -0.425845 0.000000 6.447904 0.513456 0.000000 5.677721 
411000 2055.000000 -1.072296 0.063608 0.000000 7.281929 0.172566 0.000000 7.023079 
412000 2060.000000 -1.128931 0.353278 0.000000 6.663794 0.369850 0.000000 6.109019 
413000 2065.000000 -1.119748 -0.189271 0.000000 7.289537 0.488625 0.000000 6.556599 
414000 2070.000000 -0.993881 0.107080 0.000000 7.206231 0.520400 0.000000 6.425632 
415000 2075.000000 -1.099398 0.296113 0.000000 7.017407 0.488831 0.000000 6.284160 
416000 2080.000000 -0.963735 0.350545 0.000000 7.300093 1.640381 0.000000 4.839521 
417000 2085.000000 -0.952369 -0.368677 0.000000 6.481680 0.188915 0.000000 6.198308 
418000 2090.000000 -1.207195 0.281656 0.000000 6.494205 0.031023 0.000000 6.447672 
419000 2095.000000 -1.145811 0.091338 0.000000 7.267596 0.138135 0.000000 7.060394 
420000 2100.000000 -1.069077 -0.162256 0.000000 7.294938 0.388720 0.000000 6.711858 
421000 2105.000000 -0.961182 -0.153291 0.000000 6.853486 0.115029 0.000000 6.680943 
422000 2110.000000 -1.042098 -0.302665 0.000000 6.955691 0.400331 0.000000 6.355194 
423000 2115.000000 -0.979942 0.197663 0.000000 7.085912 0.556755 0.000000 6.250779 
424000 2120.000000 -1.212301 0.251370 0.000000 7.452623 1.730106 0.000000 4.857465 
425000 2125.000000 -1.000980 0.100672 0.000000 7.107993 0.232745 0.000000 6.758875 
426000 2130.000000 -1.210730 -0.113119 0.000000 7.058703 0.125880 0.000000 6.869882 
427000 2135.000000 -1.170897 0.032873 0.000000 8.319935 2.196402 0.000000 5.025332 
428000 2140.000000 -0.905252 -0.301755 0.000000 6.637337 0.497738 0.000000 5.890730 
429000 2145.000000 -0.903109 0.448197 0.000000 6.373499 0.537194 0.000000 5.567708 
430000 2150.000000 -1.039175 -0.166062 0.000000 7.402039 0.672738 0.000000 6.392932 
431000 2155.000000 -1.105516 0.431994 0.000000 6.685251 0.995250 0.000000 5.192377 
432000 2160.000000 -1.036426 0.379836 0.000000 6.755717 0.450773 0.000000 6.079558 
433000 2165.000000 -1.067990 -0.003208 0.000000 7.733686 0.949086 0.000000 6.310057 
434000 2170.000000 -1.073940 -0.157366 0.000000 7.311718 0.336891 0.000000 6.806381 
435000 2175.000000 -1.255240 -0.008817 0.000000 6.901210 0.040198 0.000000 6.840912 
436000 2180.000000 -1.099590 -0.041981 0.000000 7.431266 0.278432 0.000000 7.013618 
437000 2185.000000 -1.103250 -0.176147 0.000000 7.459071 0.667279 0.000000 6.458152 
438000 2190.000000 -1.060338 0.093042 0.000000 7.219067 0.043597 0.000000 7.153672 
439000 2195.000000 -1.103804 0.429780 0.000000 6.261898 0.097254 0.000000 6.116017 
440000 2200.000000 -1.192819 -0.003435 0.000000 7.225282 0.064778 0.000000 7.128116 
441000 2205.000000 -1.156896 -0.009874 0.000000 7.340384 0.115493 0.000000 7.167144 
442000 2210.000000 -1.086987 0.012380 0.000000 7.459246 0.328943 0.000000 6.965831 
443000 2215.000000 -1.198392 0.273637 0.000000 7.089014 0.971994 0.000000 5.631022 
444000 2220.000000 -1.126826 0.002147 0.000000 7.418633 0.205059 0.000000 7.111044 
445000 2225.000000 -0.961790 -0.464976 0.000000 6.287632 0.337487 0.000000 5.781402 
446000 2230.000000 -1.278716 -0.379185 0.000000 5.427758 0.376711 0.000000 4.862691 
447000 2235.000000 -1.030716 0.044026 0.000000 7.448397 0.555416 0.000000 6.615273 
448000 2240.000000 -1.061385 -0.257425 0.000000 7.197096 0.494878 0.000000 6.454779 
449000 2245.000000 -1.073541 0.295637 0.000000 6.889920 0.102505 0.000000 6.736163 
450000 2250.000000 -1.256281 0.039300 0.000000 6.971531 0.191612 0.000000 6.684113 
451000 2255.000000 -1.102970 -0.341421 0.000000 6.711871 0.170565 0.000000 6.456023 
452000 2260.000000 -0.891368 -0.168747 0.000000 6.651685 0.345017 0.000000 6.134159 
453000 2265.000000 -0.855140 0.107892 0.000000 6.491334 0.511293 0.000000 5.724394 
454000 2270.000000 -1.083114 0.147919 0.000000 7.228695 0.090572 0.000000 7.092836 
455000 2275.000000 -1.019624 -0.087911 0.000000 8.388586 2.524040 0.000000 4.602526 
456000 2280.000000 -1.231057 -0.087949 0.000000 7.588890 1.213868 0.000000 5.768087 
457000 2285.000000 -1.303973 0.027479 0.000000 6.716837 0.413898 0.000000 6.095990 
458000 2290.000000 -1.182818 0.157617 0.000000 7.499742 0.873671 0.000000 6.189236 
459000 2295.000000 -1.255598 -0.005799 0.000000 7.056190 0.303107 0.000000 6.601530 
460000 2300.000000 -1.092959 -0.059034 0.000000 7.694868 0.778642 0.000000 6.526904 
461000 2305.000000 -1.037276 -0.009453 0.000000 7.331723 0.230860 0.000000 6.985434 
462000 2310.000000 -1.009390 -0.039246 0.000000 7.130341 0.022249 0.000000 7.096967 
463000 2315.000000 -1.005187 0.214844 0.000000 7.002796 0.143836 0.000000 6.787043 
464000 2320.000000 -1.095797 0.060631 0.000000 7.492986 0.381140 0.000000 6.921276 
465000 2325.000000 -0.929096 -0.231876 0.000000 6.957133 0.622413 0.000000 6.023514 
466000 2330.000000 -0.795142 -0.003904 0.000000 6.248921 0.858845 0.000000 4.960654 
467000 2335.000000 -0.971441 -0.123443 0.000000 7.617460 1.374752 0.000000 5.555332 
468000 2340.000000 -0.874831 0.187886 0.000000 6.596539 0.518533 0.000000 5.818739 
469000 2345.000000 -1.103464 0.200934 0.000000 7.150130 0.082253 0.000000 7.026750 
470000 2350.000000 -1.087855 0.295767 0.000000 6.900012 0.085373 0.000000 6.771953 
471000 2355.000000 -0.158949 -1.059324 0.000000 4.773893 0.666133 0.000000 3.774694 
472000 2360.000000 0.398794 -1.160935 0.000000 3.845070 0.111420 0.000000 3.677940 
473000 2365.000000 -1.068491 -0.301417 0.000000 7.268693 0.484551 0.000000 6.541867 
474000 2370.000000 -0.789042 0.296373 0.000000 5.998029 0.124594 0.000000 5.811138 
475000 2375.000000 -1.089714 0.134885 0.000000 7.433211 0.048452 0.000000 7.360532 
476000 2380.000000 -1.187844 0.107457 0.000000 7.395117 0.117260 0.000000 7.219226 
477000 2385.000000 -0.964416 0.050724 0.000000 7.637879 1.044033 0.000000 6.071830 
478000 2390.000000 -0.992611 -0.159436 0.000000 7.549947 0.736274 0.000000 6.445536 
479000 2395.000000 -1.073042 -0.143685 0.000000 7.530131 0.268759 0.000000 7.126993 
480000 2400.000000 -1.029891 -0.190187 0.000000 7.354729 0.198512 0.000000 7.056961 
481000 2405.000000 -1.117753 0.038812 0.000000 7.653600 0.258820 0.000000 7.265370 
482000 2410.000000 -1.018432 -0.252350 0.000000 7.563977 0.890310 0.000000 6.228512 
483000 2415.000000 -0.816623 -0.695998 0.000000 5.604375 0.787500 0.000000 4.423126 
484000 2420.000000 -0.314694 -1.199914 0.000000 3.956912 0.580991 0.000000 3.085425 
485000 2425.000000 -0.864887 -0.198892 0.000000 6.593285 0.076603 0.000000 6.478380 
486000 2430.000000 -1.128152 0.156136 0.000000 7.639848 0.442564 0.000000 6.976002 
487000 2435.000000 -1.076266 0.233955 0.000000 7.404739 0.280453 0.000000 6.984060 
488000 2440.000000 -0.844934 0.114117 0.000000 6.909366 0.995877 0.000000 5.415550 
489000 2445.000000 -1.048205 -0.112959 0.000000 7.523522 0.183267 0.000000 7.248622 
490000 2450.000000 -1.036159 -0.533481 0.000000 6.162908 0.437928 0.000000 5.506015 
491000 2455.000000 -1.047693 -0.064948 0.000000 7.603597 0.264075 0.000000 7.207485 
492000 2460.000000 -1.076692 -0.179909 0.000000 7.812849 0.847835 0.000000 6.541096 
493000 2465.000000 -1.057133 -0.065280 0.000000 7.939810 0.890896 0.000000 6.603467 
494000 2470.000000 -1.153147 -0.079418 0.000000 7.578259 0.126936 0.000000 7.387854 
495000 2475.000000 -1.020887 0.125173 0.000000 7.375874 0.043497 0.000000 7.310628 
496000 2480.000000 -1.113108 -0.041307 0.000000 8.438338 1.691075 0.000000 5.901725 
497000 2485.000000 -1.019147 0.314067 0.000000 7.069867 0.087890 0.000000 6.938032 
498000 2490.000000 -0.901927 -0.054835 0.000000 6.887471 0.091354 0.000000 6.750439 
499000 2495.000000 -1.021561 -0.223851 0.000000 8.741242 2.983343 0.000000 4.266227 
