0 0.000000 -0.479530 1.476140 0.000000 0.138640 0.092427 0.000000 0.000000 
0 0.000000 -0.479281 1.475580 0.000000 0.147796 0.123854 0.000000 -0.037986 
1000 5.000000 -0.565887 1.412717 0.000000 1.091286 1.451591 0.000000 -1.086102 
2000 10.000000 -0.555022 1.533980 0.000000 -0.255752 0.416750 0.000000 -0.880877 
3000 15.000000 -0.606723 1.421719 0.000000 0.470997 0.358241 0.000000 -0.066365 
4000 20.000000 -0.578287 1.397052 0.000000 1.740319 2.845270 0.000000 -2.527586 
5000 25.000000 -0.475335 1.439620 0.000000 -0.266308 0.200389 0.000000 -0.566891 
6000 30.000000 -0.871226 1.299144 0.000000 6.093929 0.589911 0.000000 5.209062 
7000 35.000000 -0.970075 0.922007 0.000000 10.175823 0.182325 0.000000 9.902335 
8000 40.000000 -0.464843 1.460365 0.000000 17.969479 2.007958 0.000000 14.957543 
9000 45.000000 -0.544604 1.651475 0.000000 19.138172 0.824578 0.000000 17.901305 
10000 50.000000 -0.709387 1.334798 0.000000 19.782912 1.209405 0.000000 17.968804 
11000 55.000000 -0.551966 1.596798 0.000000 20.008599 0.304618 0.000000 19.551672 
12000 60.000000 -0.558498 1.446640 0.000000 22.188533 0.595225 0.000000 21.295695 
13000 65.000000 -0.853278 0.976704 0.000000 24.030533 2.477891 0.000000 20.313696 
14000 70.000000 -0.283865 1.692221 0.000000 25.203576 0.012780 0.000000 25.184406 
15000 75.000000 -0.301583 1.693992 0.000000 26.206275 0.411392 0.000000 25.589187 
16000 80.000000 -0.188330 1.704102 0.000000 28.401503 1.035666 0.000000 26.848004 
17000 85.000000 -0.260180 1.597162 0.000000 29.820641 0.041656 0.000000 29.758157 
18000 90.000000 -0.882669 0.869984 0.000000 30.164999 1.500137 0.000000 27.914794 
19000 95.000000 -0.762164 1.189357 0.000000 31.997519 0.105279 0.000000 31.839601 
20000 100.000000 -0.356243 0.473768 0.000000 32.684322 0.792351 0.000000 31.495795 
21000 105.000000 0.417105 0.043970 0.000000 35.953997 1.020079 0.000000 34.423879 
22000 110.000000 0.469287 -0.064793 0.000000 34.971874 0.617048 0.000000 34.046302 
23000 115.000000 0.467159 0.074788 0.000000 36.709821 1.543324 0.000000 34.394834 
24000 120.000000 0.437213 0.067739 0.000000 35.947647 0.048603 0.000000 35.874742 
25000 125.000000 0.754252 0.016008 0.000000 36.723216 0.276239 0.000000 36.308858 
26000 130.000000 0.457308 -0.003272 0.000000 36.429525 0.346174 0.000000 35.910263 
27000 135.000000 0.555615 0.131655 0.000000 36.100717 0.125710 0.000000 35.912153 
28000 140.000000 0.125258 0.338797 0.000000 34.894429 0.248811 0.000000 34.521213 
29000 145.000000 -0.063466 0.413756 0.000000 35.472919 0.824077 0.000000 34.236803 
30000 150.000000 0.534181 -0.072528 0.000000 36.359242 0.215374 0.000000 36.036181 
31000 155.000000 0.610201 0.017754 0.000000 38.420035 0.972726 0.000000 36.960946 
32000 160.000000 0.543374 0.072647 0.000000 37.911848 0.182965 0.000000 37.637400 
33000 165.000000 0.306194 0.062101 0.000000 37.407855 0.572264 0.000000 36.549459 
34000 170.000000 0.939426 0.074227 0.000000 34.779478 0.309755 0.000000 34.314846 
35000 175.000000 0.347358 -0.020164 0.000000 37.964489 2.088279 0.000000 34.832070 
36000 180.000000 0.604935 0.039130 0.000000 38.821899 0.012050 0.000000 38.803825 
37000 185.000000 0.503485 0.096009 0.000000 38.698473 0.604226 0.000000 37.792134 
38000 190.000000 0.699995 0.078947 0.000000 38.513194 0.024333 0.000000 38.476695 
39000 195.000000 0.025291 0.039325 0.000000 35.880737 1.009124 0.000000 34.367050 
40000 200.000000 0.780466 -0.042680 0.000000 39.266491 1.682985 0.000000 36.742014 
41000 205.000000 0.261303 0.045869 0.000000 39.079255 1.668690 0.000000 36.576220 
42000 210.000000 -0.281511 0.535285 0.000000 38.110356 0.116606 0.000000 37.935446 
43000 215.000000 -0.486739 0.762044 0.000000 33.960074 0.242209 0.000000 33.596760 
44000 220.000000 -0.314610 0.470229 0.000000 38.807960 0.892199 0.000000 37.469661 
45000 225.000000 0.376060 0.482787 0.000000 37.731202 1.360412 0.000000 35.690583 
46000 230.000000 -0.147483 0.528179 0.000000 40.173073 1.561894 0.000000 37.830232 
47000 235.000000 0.451805 0.252338 0.000000 38.794272 0.218596 0.000000 38.466378 
48000 240.000000 0.189930 0.028527 0.000000 40.030338 1.623584 0.000000 37.594963 
49000 245.000000 0.457732 0.062057 0.000000 42.115362 1.895338 0.000000 39.272355 
50000 250.000000 0.253912 0.083514 0.000000 40.463360 0.395011 0.000000 39.870843 
51000 255.000000 -0.190131 0.464878 0.000000 42.277436 3.202913 0.000000 37.473067 
52000 260.000000 0.092688 0.423675 0.000000 41.313066 0.285310 0.000000 40.885102 
53000 265.000000 -0.556579 1.066969 0.000000 38.876991 0.522315 0.000000 38.093519 
54000 270.000000 -1.146368 0.912843 0.000000 38.044031 1.892352 0.000000 35.205504 
55000 275.000000 -1.217114 0.972352 0.000000 37.687654 0.653688 0.000000 36.707122 
56000 280.000000 -0.831375 0.977923 0.000000 41.189151 0.017977 0.000000 41.162186 
57000 285.000000 -0.737470 1.492888 0.000000 41.251199 3.860295 0.000000 35.460757 
58000 290.000000 -0.516307 1.534759 0.000000 41.456304 0.053144 0.000000 41.376588 
59000 295.000000 -0.617961 1.503813 0.000000 41.586349 0.803506 0.000000 40.381090 
60000 300.000000 -0.537869 1.492601 0.000000 43.509627 3.053185 0.000000 38.929850 
61000 305.000000 -0.317687 1.529299 0.000000 40.306418 0.103677 0.000000 40.150903 
62000 310.000000 -0.587429 1.185382 0.000000 40.718103 0.525373 0.000000 39.930044 
63000 315.000000 -0.767656 1.289286 0.000000 41.460819 0.542064 0.000000 40.647723 
64000 320.000000 -0.617384 1.376209 0.000000 43.104305 1.889893 0.000000 40.269465 
65000 325.000000 -0.259315 1.874454 0.000000 40.687347 0.417797 0.000000 40.060652 
66000 330.000000 -0.669934 1.388078 0.000000 42.280417 0.096834 0.000000 42.135165 
67000 335.000000 -0.838801 1.105460 0.000000 39.956932 0.681683 0.000000 38.934408 
68000 340.000000 -0.717717 1.353538 0.000000 41.878650 1.060886 0.000000 40.287321 
69000 345.000000 -0.494649 1.422709 0.000000 42.611057 2.109105 0.000000 39.447400 
70000 350.000000 0.242817 0.432371 0.000000 40.828080 0.631978 0.000000 39.880113 
71000 355.000000 0.472095 0.119250 0.000000 42.504575 0.299624 0.000000 42.055140 
72000 360.000000 0.590708 -0.018889 0.000000 43.306803 0.844175 0.000000 42.040540 
73000 365.000000 0.106870 0.394443 0.000000 41.578489 0.323577 0.000000 41.093123 
74000 370.000000 -0.597373 0.432780 0.000000 39.772349 1.244021 0.000000 37.906317 
75000 375.000000 0.540510 0.083957 0.000000 43.979692 1.695253 0.000000 41.436813 
76000 380.000000 0.189042 0.154188 0.000000 42.016515 1.243377 0.000000 40.151450 
77000 385.000000 0.066126 0.406915 0.000000 43.090308 2.422557 0.000000 39.456473 
78000 390.000000 0.366688 0.434445 0.000000 40.486795 0.405389 0.000000 39.878711 
79000 395.000000 0.421338 0.168438 0.000000 42.689715 0.489738 0.000000 41.955108 
80000 400.000000 0.503087 0.214749 0.000000 41.978562 0.668021 0.000000 40.976530 
81000 405.000000 -0.108820 0.475800 0.000000 42.835969 0.784154 0.000000 41.659737 
82000 410.000000 -0.030244 0.475590 0.000000 43.558575 2.234598 0.000000 40.206678 
83000 415.000000 -0.176943 0.311926 0.000000 41.250620 0.364478 0.000000 40.703903 
84000 420.000000 -0.416109 0.534916 0.000000 41.744323 0.378811 0.000000 41.176106 
85000 425.000000 0.791209 0.061276 0.000000 43.473112 0.019140 0.000000 43.444402 
86000 430.000000 0.631068 0.121068 0.000000 43.589591 0.053132 0.000000 43.509893 
87000 435.000000 0.634519 0.061449 0.000000 44.911054 0.931190 0.000000 43.514270 
88000 440.000000 0.282187 0.145465 0.000000 43.097644 0.187055 0.000000 42.817061 
89000 445.000000 0.607113 0.004844 0.000000 45.529366 1.801878 0.000000 42.826548 
90000 450.000000 0.726116 0.158198 0.000000 42.611837 0.357755 0.000000 42.075204 
91000 455.000000 0.664461 0.023980 0.000000 45.307075 1.052574 0.000000 43.728215 
92000 460.000000 0.227437 0.424488 0.000000 43.049594 0.291306 0.000000 42.612635 
93000 465.000000 0.352322 0.190297 0.000000 45.064267 3.358023 0.000000 40.027233 
94000 470.000000 0.882009 0.050506 0.000000 43.161659 0.751732 0.000000 42.034061 
95000 475.000000 -0.043712 0.478408 0.000000 43.837852 0.107364 0.000000 43.676806 
96000 480.000000 0.279863 0.144845 0.000000 43.791612 0.042010 0.000000 43.728598 
97000 485.000000 -0.114095 0.578529 0.000000 43.578616 0.849477 0.000000 42.304400 
98000 490.000000 0.128652 0.447483 0.000000 44.854645 1.747869 0.000000 42.232842 
99000 495.000000 0.740395 0.080533 0.000000 44.976107 0.728375 0.000000 43.883545 
100000 500.000000 0.594567 -0.018862 0.000000 45.367763 0.289225 0.000000 44.933925 
101000 505.000000 0.608567 0.054644 0.000000 46.997707 3.012512 0.000000 42.478938 
102000 510.000000 0.658585 0.143560 0.000000 44.217069 0.016809 0.000000 44.191856 
103000 515.000000 0.693519 -0.009864 0.000000 45.729968 0.413047 0.000000 45.110398 
104000 520.000000 0.087235 0.077656 0.000000 45.403703 3.942704 0.000000 39.489648 
105000 525.000000 0.181251 0.339003 0.000000 44.379043 0.060237 0.000000 44.288688 
106000 530.000000 0.122034 0.224902 0.000000 44.537180 1.073445 0.000000 42.927012 
107000 535.000000 0.355039 0.069637 0.000000 47.789003 4.459730 0.000000 41.099407 
108000 540.000000 0.446321 0.032245 0.000000 46.679347 1.697241 0.000000 44.133485 
109000 545.000000 0.441032 0.078016 0.000000 45.945812 0.053437 0.000000 45.865657 
110000 550.000000 0.399047 0.044233 0.000000 46.088682 0.586419 0.000000 45.209053 
111000 555.000000 0.662243 0.027198 0.000000 46.491532 0.130880 0.000000 46.295212 
112000 560.000000 0.732161 0.191383 0.000000 44.007292 1.365839 0.000000 41.958534 
113000 565.000000 0.467099 -0.076260 0.000000 45.065607 1.214676 0.000000 43.243593 
114000 570.000000 0.778307 0.067026 0.000000 45.726936 0.240803 0.000000 45.365731 
115000 575.000000 0.341582 0.037036 0.000000 46.211196 0.813407 0.000000 44.991086 
116000 580.000000 0.790553 -0.007113 0.000000 46.134441 0.136071 0.000000 45.930335 
117000 585.000000 0.759766 0.074595 0.000000 45.910251 0.109601 0.000000 45.745849 
118000 590.000000 0.215690 0.426334 0.000000 45.643479 0.402819 0.000000 45.039250 
119000 595.000000 0.268784 0.210227 0.000000 46.027565 0.746685 0.000000 44.907537 
120000 600.000000 -0.016058 0.473137 0.000000 46.724842 0.907913 0.000000 45.362972 
121000 605.000000 0.736877 -0.017906 0.000000 47.197212 0.714035 0.000000 46.126159 
122000 610.000000 -0.230211 0.325269 0.000000 45.119490 0.156131 0.000000 44.885293 
123000 615.000000 0.156080 0.346479 0.000000 46.372261 0.629592 0.000000 45.427872 
124000 620.000000 0.430265 0.268303 0.000000 45.476632 0.396370 0.000000 44.882076 
125000 625.000000 0.211441 0.424873 0.000000 46.829794 1.370397 0.000000 44.774199 
126000 630.000000 0.204300 0.170465 0.000000 48.221019 3.527895 0.000000 42.929176 
127000 635.000000 0.741699 0.166085 0.000000 45.585674 0.458701 0.000000 44.897622 
128000 640.000000 0.558333 0.326617 0.000000 44.786672 1.338498 0.000000 42.778925 
129000 645.000000 -0.154470 0.411969 0.000000 47.065121 0.341540 0.000000 46.552811 
130000 650.000000 -0.282204 0.419119 0.000000 46.898841 0.236221 0.000000 46.544510 
131000 655.000000 0.126655 0.400319 0.000000 47.233091 0.157036 0.000000 46.997537 
132000 660.000000 0.311707 -0.005471 0.000000 47.228815 0.350764 0.000000 46.702668 
133000 665.000000 0.483236 0.092264 0.000000 48.751397 1.202960 0.000000 46.946957 
134000 670.000000 0.069625 0.522157 0.000000 47.344364 0.208141 0.000000 47.032153 
135000 675.000000 0.895309 0.010579 0.000000 46.705640 0.212501 0.000000 46.386889 
136000 680.000000 0.573120 0.013971 0.000000 49.301880 1.063166 0.000000 47.707131 
137000 685.000000 0.065699 0.294403 0.000000 47.807747 1.470138 0.000000 45.602541 
138000 690.000000 -0.271534 1.758197 0.000000 48.224155 0.124384 0.000000 48.037579 
139000 695.000000 -0.406913 1.709599 0.000000 47.821168 0.117814 0.000000 47.644447 
140000 700.000000 -0.908823 0.832911 0.000000 47.981981 1.392303 0.000000 45.893526 
141000 705.000000 -0.774841 1.324890 0.000000 48.486242 0.069039 0.000000 48.382685 
142000 710.000000 -0.519955 1.125380 0.000000 46.409143 1.560891 0.000000 44.067807 
143000 715.000000 -0.487792 1.504419 0.000000 50.038654 0.595100 0.000000 49.146004 
144000 720.000000 -0.680565 1.061692 0.000000 47.798010 1.237245 0.000000 45.942142 
145000 725.000000 -0.478822 1.304302 0.000000 49.759912 5.806606 0.000000 41.050004 
146000 730.000000 -0.699761 1.096782 0.000000 47.514427 0.409535 0.000000 46.900125 
147000 735.000000 -0.583583 1.401647 0.000000 50.671630 1.346490 0.000000 48.651894 
148000 740.000000 -0.707497 1.276172 0.000000 49.278274 0.124298 0.000000 49.091827 
149000 745.000000 -0.822475 0.879672 0.000000 47.359287 0.643409 0.000000 46.394173 
150000 750.000000 -0.725493 1.358992 0.000000 49.710089 1.006718 0.000000 48.200012 
151000 755.000000 -0.560209 1.513719 0.000000 50.076108 0.772792 0.000000 48.916920 
152000 760.000000 -0.511758 1.502153 0.000000 50.865096 1.581638 0.000000 48.492639 
153000 765.000000 -0.426382 1.591747 0.000000 49.540776 0.421475 0.000000 48.908563 
154000 770.000000 -0.702831 1.260062 0.000000 50.206032 2.239574 0.000000 46.846670 
155000 775.000000 -0.570643 1.472329 0.000000 50.358364 0.623754 0.000000 49.422733 
156000 780.000000 -0.542666 1.469153 0.000000 51.609638 2.872459 0.000000 47.300950 
157000 785.000000 -0.654208 1.393728 0.000000 49.988408 0.368303 0.000000 49.435953 
158000 790.000000 -0.523379 1.531694 0.000000 50.045069 0.717594 0.000000 48.968679 
159000 795.000000 -0.576481 1.461407 0.000000 51.005222 1.936151 0.000000 48.100995 
160000 800.000000 -0.485581 1.456245 0.000000 50.211958 0.877784 0.000000 48.895281 
161000 805.000000 -0.349631 0.478181 0.000000 49.235999 1.107208 0.000000 47.575187 
162000 810.000000 -0.178404 0.437773 0.000000 49.116312 0.107056 0.000000 48.955729 
163000 815.000000 0.526754 0.042042 0.000000 51.508359 2.358290 0.000000 47.970924 
164000 820.000000 0.622680 -0.085982 0.000000 49.244280 0.439664 0.000000 48.584783 
165000 825.000000 0.183912 0.354057 0.000000 49.510957 1.017706 0.000000 47.984398 
166000 830.000000 0.510487 0.094843 0.000000 50.425337 0.545136 0.000000 49.607634 
167000 835.000000 0.575953 0.052579 0.000000 50.891225 0.618551 0.000000 49.963398 
168000 840.000000 0.602431 0.028393 0.000000 50.851523 0.273125 0.000000 50.441834 
169000 845.000000 0.171372 0.340573 0.000000 49.911136 1.413848 0.000000 47.790363 
170000 850.000000 0.715053 -0.090702 0.000000 49.362888 0.297530 0.000000 48.916594 
171000 855.000000 -0.483607 0.519686 0.000000 48.921013 0.353826 0.000000 48.390274 
172000 860.000000 -0.154470 0.410764 0.000000 50.190812 1.196839 0.000000 48.395554 
173000 865.000000 0.625478 0.021484 0.000000 51.707121 1.347353 0.000000 49.686091 
174000 870.000000 0.679569 -0.027952 0.000000 51.006205 0.485702 0.000000 50.277651 
175000 875.000000 0.210672 0.212608 0.000000 50.465070 1.442570 0.000000 48.301215 
176000 880.000000 0.584260 -0.095575 0.000000 49.900544 1.347193 0.000000 47.879755 
177000 885.000000 0.553694 0.070355 0.000000 51.891771 1.888699 0.000000 49.058722 
178000 890.000000 -0.337472 0.449978 0.000000 51.374518 3.184520 0.000000 46.597737 
179000 895.000000 0.115152 0.407844 0.000000 50.342360 0.340280 0.000000 49.831940 
180000 900.000000 0.681105 -0.002119 0.000000 51.634602 0.772387 0.000000 50.476021 
181000 905.000000 -0.132970 0.462786 0.000000 50.764568 0.693263 0.000000 49.724674 
182000 910.000000 0.431792 0.022255 0.000000 51.416056 0.914686 0.000000 50.044027 
183000 915.000000 0.335799 -0.020206 0.000000 50.059017 0.169872 0.000000 49.804209 
184000 920.000000 0.594775 0.082042 0.000000 51.372971 0.133515 0.000000 51.172698 
185000 925.000000 0.710768 -0.099196 0.000000 49.994055 0.348675 0.000000 49.471042 
186000 930.000000 0.003568 0.420481 0.000000 50.927257 0.254991 0.000000 50.544770 
187000 935.000000 -0.194164 0.546737 0.000000 51.349307 1.700184 0.000000 48.799031 
188000 940.000000 0.120188 0.463982 0.000000 52.809356 4.265075 0.000000 46.411743 
189000 945.000000 -0.082994 0.506227 0.000000 50.952251 0.082603 0.000000 50.828346 
190000 950.000000 0.408755 0.062616 0.000000 51.826271 0.555359 0.000000 50.993233 
191000 955.000000 0.328410 0.086028 0.000000 51.689348 0.686068 0.000000 50.660247 
192000 960.000000 0.768773 -0.035966 0.000000 51.847614 0.862673 0.000000 50.553604 
193000 965.000000 0.581499 -0.035741 0.000000 51.834632 0.318140 0.000000 51.357423 
194000 970.000000 0.746187 0.071045 0.000000 51.739993 0.425566 0.000000 51.101644 
195000 975.000000 0.219387 0.092839 0.000000 51.639221 1.087627 0.000000 50.007780 
196000 980.000000 -0.053909 0.542650 0.000000 51.826973 1.461236 0.000000 49.635119 
197000 985.000000 0.061803 0.467717 0.000000 51.766394 0.608708 0.000000 50.853332 
198000 990.000000 -0.456191 0.542780 0.000000 50.829999 0.156960 0.000000 50.594558 
199000 995.000000 0.852507 -0.067328 0.000000 50.521836 0.088885 0.000000 50.388509 
200000 1000.000000 0.408692 0.108470 0.000000 52.532372 0.984754 0.000000 51.055241 
201000 1005.000000 0.048949 0.474985 0.000000 51.843608 0.180449 0.000000 51.572934 
202000 1010.000000 -0.333407 0.485975 0.000000 52.289859 1.372869 0.000000 50.230555 
203000 1015.000000 -0.607030 1.297462 0.000000 52.492471 0.338722 0.000000 51.984389 
204000 1020.000000 -0.441961 1.742808 0.000000 49.455601 0.017251 0.000000 49.429724 
205000 1025.000000 -0.419790 1.633171 0.000000 52.340870 0.110921 0.000000 52.174488 
206000 1030.000000 -0.710572 1.298505 0.000000 53.139445 0.486241 0.000000 52.410084 
207000 1035.000000 -0.614627 1.280524 0.000000 52.729404 0.814199 0.000000 51.508106 
208000 1040.000000 -0.446165 1.475615 0.000000 53.295051 0.583751 0.000000 52.419424 
209000 1045.000000 -0.754420 1.455114 0.000000 50.811965 1.080344 0.000000 49.191448 
210000 1050.000000 -0.897093 1.125487 0.000000 50.433185 0.230573 0.000000 50.087325 
211000 1055.000000 -0.398677 1.570911 0.000000 53.540552 1.356799 0.000000 51.505354 
212000 1060.000000 -0.653513 1.421395 0.000000 53.168653 1.240575 0.000000 51.307790 
213000 1065.000000 -0.339496 1.488258 0.000000 51.007239 1.409246 0.000000 48.893370 
214000 1070.000000 -0.791145 0.810200 0.000000 50.104612 1.510752 0.000000 47.838484 
215000 1075.000000 0.415419 0.111835 0.000000 52.611407 0.895738 0.000000 51.267800 
216000 1080.000000 0.783733 -0.058215 0.000000 51.953442 0.563283 0.000000 51.108517 
217000 1085.000000 0.391770 0.126467 0.000000 53.886201 3.640665 0.000000 48.425203 
218000 1090.000000 0.352734 0.443088 0.000000 50.888738 0.558750 0.000000 50.050614 
219000 1095.000000 0.299139 0.109778 0.000000 53.599929 3.121167 0.000000 48.918179 
220000 1100.000000 -0.356076 0.353194 0.000000 50.875865 0.084097 0.000000 50.749720 
221000 1105.000000 -0.397110 0.446968 0.000000 51.619084 0.186273 0.000000 51.339674 
222000 1110.000000 0.343722 0.390290 0.000000 51.828299 1.148193 0.000000 50.106009 
223000 1115.000000 0.212282 0.114387 0.000000 52.178856 0.116546 0.000000 52.004036 
224000 1120.000000 -0.022669 0.434646 0.000000 52.500728 0.250733 0.000000 52.124628 
225000 1125.000000 -0.324936 1.711018 0.000000 51.815596 0.865893 0.000000 50.516757 
226000 1130.000000 -0.799798 1.275587 0.000000 52.192166 0.416918 0.000000 51.566788 
227000 1135.000000 -0.456132 1.566172 0.000000 55.094619 3.804607 0.000000 49.387708 
228000 1140.000000 -0.557095 1.446055 0.000000 55.166897 2.734395 0.000000 51.065303 
229000 1145.000000 -0.618290 1.397356 0.000000 54.053669 0.721761 0.000000 52.971027 
230000 1150.000000 -0.831286 1.200974 0.000000 51.613125 0.211782 0.000000 51.295452 
231000 1155.000000 -0.567721 1.298851 0.000000 52.155058 0.136299 0.000000 51.950609 
232000 1160.000000 -1.293148 0.851371 0.000000 49.019788 0.747452 0.000000 47.898609 
233000 1165.000000 -0.639260 1.335465 0.000000 54.076289 0.901719 0.000000 52.723710 
234000 1170.000000 -0.664426 1.400679 0.000000 54.123332 1.190943 0.000000 52.336918 
235000 1175.000000 -0.461878 1.542278 0.000000 54.111766 0.979511 0.000000 52.642499 
236000 1180.000000 -0.556430 0.756589 0.000000 49.571573 1.945536 0.000000 46.653269 
237000 1185.000000 -0.112811 0.325657 0.000000 51.836830 0.248601 0.000000 51.463929 
238000 1190.000000 0.120646 0.333428 0.000000 52.840188 0.883344 0.000000 51.515172 
239000 1195.000000 0.729076 0.068037 0.000000 54.481965 2.013387 0.000000 51.461885 
240000 1200.000000 0.682014 0.024606 0.000000 54.884026 1.735977 0.000000 52.280060 
241000 1205.000000 0.251926 0.085978 0.000000 53.997215 2.200229 0.000000 50.696871 
242000 1210.000000 0.405085 0.046202 0.000000 53.916004 0.635934 0.000000 52.962103 
243000 1215.000000 -0.026909 -0.070768 0.000000 49.119984 0.436672 0.000000 48.464976 
244000 1220.000000 -0.378320 0.482064 0.000000 53.443253 1.589612 0.000000 51.058835 
245000 1225.000000 -0.418029 0.549297 0.000000 53.056920 1.260026 0.000000 51.166881 
246000 1230.000000 0.287378 0.563834 0.000000 50.978927 0.219926 0.000000 50.649038 
247000 1235.000000 0.179620 0.229445 0.000000 53.794073 1.781411 0.000000 51.121957 
248000 1240.000000 0.151283 0.465595 0.000000 53.225282 0.518056 0.000000 52.448198 
249000 1245.000000 -0.073385 0.325602 0.000000 52.697956 0.514429 0.000000 51.926312 
250000 1250.000000 0.457625 0.079118 0.000000 55.125585 1.948407 0.000000 52.202975 
251000 1255.000000 0.791750 0.105394 0.000000 52.899340 0.025174 0.000000 52.861579 
252000 1260.000000 0.646618 0.117361 0.000000 53.783885 0.138522 0.000000 53.576102 
253000 1265.000000 0.121520 0.136830 0.000000 53.233471 0.735513 0.000000 52.130201 
254000 1270.000000 0.436572 0.069545 0.000000 54.752676 1.056404 0.000000 53.168070 
255000 1275.000000 0.836913 0.093316 0.000000 53.333663 1.262401 0.000000 51.440062 
256000 1280.000000 0.694053 -0.048482 0.000000 54.420843 0.495634 0.000000 53.677392 
257000 1285.000000 0.044042 0.475730 0.000000 55.665520 3.940246 0.000000 49.755152 
258000 1290.000000 -0.129952 0.537196 0.000000 53.604862 0.137266 0.000000 53.398963 
259000 1295.000000 -0.156450 0.501813 0.000000 54.764372 1.970304 0.000000 51.808916 
260000 1300.000000 -0.463176 0.432423 0.000000 52.921615 0.266698 0.000000 52.521567 
261000 1305.000000 -0.391887 0.376171 0.000000 53.434013 1.400669 0.000000 51.333009 
262000 1310.000000 0.807266 -0.035042 0.000000 54.357400 0.771194 0.000000 53.200609 
263000 1315.000000 0.037483 0.284361 0.000000 52.987958 0.074821 0.000000 52.875727 
264000 1320.000000 0.386422 0.202788 0.000000 55.770208 4.353830 0.000000 49.239462 
265000 1325.000000 0.324679 -0.013882 0.000000 53.822019 0.516701 0.000000 53.046968 
266000 1330.000000 -0.362199 0.620408 0.000000 53.455618 0.968707 0.000000 52.002557 
267000 1335.000000 0.107436 0.431507 0.000000 54.399544 0.699535 0.000000 53.350241 
268000 1340.000000 0.480678 -0.031566 0.000000 55.244701 1.643493 0.000000 52.779462 
269000 1345.000000 0.168539 0.091179 0.000000 54.422466 0.881172 0.000000 53.100707 
270000 1350.000000 0.652626 0.085333 0.000000 56.294870 2.632950 0.000000 52.345445 
271000 1355.000000 0.440962 0.059783 0.000000 55.622550 1.248830 0.000000 53.749306 
272000 1360.000000 0.486033 -0.085709 0.000000 53.402881 0.096469 0.000000 53.258178 
273000 1365.000000 -0.122063 0.344626 0.000000 53.709143 0.151904 0.000000 53.481287 
274000 1370.000000 -0.279314 0.467478 0.000000 54.853569 0.866255 0.000000 53.554185 
275000 1375.000000 -0.229114 0.383615 0.000000 54.324734 0.511983 0.000000 53.556760 
276000 1380.000000 0.149424 0.539524 0.000000 54.519766 1.675821 0.000000 52.006034 
277000 1385.000000 0.802193 -0.013626 0.000000 55.388408 0.894884 0.000000 54.046082 
278000 1390.000000 0.132441 0.504844 0.000000 54.312110 0.176143 0.000000 54.047896 
279000 1395.000000 -0.201588 0.426356 0.000000 55.334744 1.485316 0.000000 53.106770 
280000 1400.000000 0.561108 -0.030811 0.000000 55.695770 0.670949 0.000000 54.689347 
281000 1405.000000 0.357558 0.118389 0.000000 55.601751 1.043569 0.000000 54.036398 
282000 1410.000000 0.330094 0.441244 0.000000 56.086566 4.524855 0.000000 49.299283 
283000 1415.000000 0.368789 0.290246 0.000000 54.210558 0.105214 0.000000 54.052738 
284000 1420.000000 0.242655 0.196515 0.000000 55.335799 0.836186 0.000000 54.081520 
285000 1425.000000 0.025709 0.201312 0.000000 53.960104 0.963940 0.000000 52.514194 
286000 1430.000000 -0.096380 0.490154 0.000000 55.184095 0.001068 0.000000 55.182493 
287000 1435.000000 0.085240 0.382563 0.000000 55.157947 0.546877 0.000000 54.337631 
288000 1440.000000 0.284673 0.226762 0.000000 55.074533 0.150096 0.000000 54.849390 
289000 1445.000000 -0.045275 0.463624 0.000000 56.096130 1.258563 0.000000 54.208286 
290000 1450.000000 -0.171672 0.616577 0.000000 54.719098 0.682299 0.000000 53.695649 
291000 1455.000000 0.542439 0.230267 0.000000 54.771086 1.214465 0.000000 52.949388 
292000 1460.000000 0.603438 0.163382 0.000000 55.107541 0.244075 0.000000 54.741429 
293000 1465.000000 0.605891 -0.045403 0.000000 56.115697 0.181446 0.000000 55.843528 
294000 1470.000000 -0.073056 0.518165 0.000000 55.915085 0.837291 0.000000 54.659148 
295000 1475.000000 -0.293006 0.361650 0.000000 55.090482 0.688347 0.000000 54.057962 
296000 1480.000000 0.662381 0.057084 0.000000 57.901309 2.614795 0.000000 53.979116 
297000 1485.000000 0.019670 0.317525 0.000000 55.637102 1.496274 0.000000 53.392690 
298000 1490.000000 -0.083904 0.331549 0.000000 55.269367 0.677863 0.000000 54.252571 
299000 1495.000000 -0.454689 0.473678 0.000000 56.068123 1.779891 0.000000 53.398288 
300000 1500.000000 -0.485656 1.451485 0.000000 57.868083 1.413349 0.000000 55.748060 
301000 1505.000000 -0.764176 0.983892 0.000000 54.553811 0.463750 0.000000 53.858187 
302000 1510.000000 -0.766538 1.174300 0.000000 55.829739 0.749970 0.000000 54.704785 
303000 1515.000000 -0.564982 1.503079 0.000000 57.667751 0.922630 0.000000 56.283806 
304000 1520.000000 0.322548 0.025204 0.000000 56.177746 0.383117 0.000000 55.603070 
305000 1525.000000 -0.307642 0.500272 0.000000 56.989456 2.106284 0.000000 53.830030 
306000 1530.000000 0.391999 0.358660 0.000000 55.147213 0.463369 0.000000 54.452159 
307000 1535.000000 0.694441 0.003731 0.000000 57.297160 0.168430 0.000000 57.044515 
308000 1540.000000 -0.206089 0.460408 0.000000 57.106929 1.738366 0.000000 54.499380 
309000 1545.000000 0.643580 -0.062295 0.000000 57.018620 0.922197 0.000000 55.635323 
310000 1550.000000 0.447456 0.384611 0.000000 54.612369 0.212918 0.000000 54.292993 
311000 1555.000000 0.743901 0.040970 0.000000 57.220155 0.275196 0.000000 56.807361 
312000 1560.000000 0.294399 0.435205 0.000000 55.831075 0.621903 0.000000 54.898221 
313000 1565.000000 -0.210769 0.544628 0.000000 56.677540 0.862363 0.000000 55.383995 
314000 1570.000000 -0.443947 0.695554 0.000000 53.992321 0.031090 0.000000 53.945685 
315000 1575.000000 0.478909 -0.073625 0.000000 56.431772 1.250762 0.000000 54.555629 
316000 1580.000000 -0.257969 0.358097 0.000000 55.869163 0.072390 0.000000 55.760578 
317000 1585.000000 0.685090 -0.061422 0.000000 57.060783 0.230539 0.000000 56.714974 
318000 1590.000000 0.633094 -0.006418 0.000000 58.043911 0.653131 0.000000 57.064214 
319000 1595.000000 0.784455 0.035909 0.000000 58.158702 2.106910 0.000000 54.998337 
320000 1600.000000 0.491939 -0.013882 0.000000 57.427485 0.496563 0.000000 56.682640 
321000 1605.000000 0.451909 0.045503 0.000000 58.514424 2.162130 0.000000 55.271228 
322000 1610.000000 -0.105894 0.600453 0.000000 56.668991 1.432433 0.000000 54.520342 
323000 1615.000000 0.054746 0.409562 0.000000 57.101393 0.572509 0.000000 56.242628 
324000 1620.000000 0.433455 0.170076 0.000000 56.978832 0.296995 0.000000 56.533340 
325000 1625.000000 0.810237 0.012418 0.000000 57.323280 0.281364 0.000000 56.901235 
326000 1630.000000 0.782289 -0.056029 0.000000 57.997092 2.142544 0.000000 54.783275 
327000 1635.000000 -0.225852 0.757048 0.000000 53.470760 0.022035 0.000000 53.437707 
328000 1640.000000 -0.196142 0.719008 0.000000 54.587954 0.392119 0.000000 53.999776 
329000 1645.000000 0.605136 0.116138 0.000000 58.381912 1.945244 0.000000 55.464046 
330000 1650.000000 0.406446 -0.040726 0.000000 57.214450 1.164397 0.000000 55.467856 
331000 1655.000000 0.695026 0.056317 0.000000 58.095116 0.217287 0.000000 57.769186 
332000 1660.000000 0.486913 0.031099 0.000000 58.124280 0.267596 0.000000 57.722886 
333000 1665.000000 0.635567 0.063213 0.000000 58.518470 0.767598 0.000000 57.367073 
334000 1670.000000 0.322649 0.223928 0.000000 57.282194 0.427782 0.000000 56.640521 
335000 1675.000000 0.002408 0.525548 0.000000 58.469480 2.342314 0.000000 54.956009 
336000 1680.000000 -0.220655 0.295853 0.000000 56.002504 0.058246 0.000000 55.915136 
337000 1685.000000 -0.064678 0.495421 0.000000 57.722853 0.137670 0.000000 57.516349 
338000 1690.000000 0.271944 0.218567 0.000000 57.428428 0.028199 0.000000 57.386130 
339000 1695.000000 0.440712 0.203891 0.000000 57.422910 0.466354 0.000000 56.723378 
340000 1700.000000 0.796842 -0.016328 0.000000 57.943258 0.023365 0.000000 57.908211 
341000 1705.000000 0.531363 0.029843 0.000000 59.107241 1.095914 0.000000 57.463371 
342000 1710.000000 0.157319 0.392445 0.000000 57.646737 0.208348 0.000000 57.334215 
343000 1715.000000 -0.332453 0.571431 0.000000 59.737775 4.642248 0.000000 52.774402 
344000 1720.000000 0.364369 0.119327 0.000000 58.410160 0.557612 0.000000 57.573742 
345000 1725.000000 0.168610 0.538086 0.000000 58.667739 3.613158 0.000000 53.248001 
346000 1730.000000 0.602309 -0.011095 0.000000 58.814827 0.023404 0.000000 58.779720 
347000 1735.000000 0.187782 0.512837 0.000000 57.507057 0.732761 0.000000 56.407916 
348000 1740.000000 -0.097048 0.449960 0.000000 59.429071 2.461033 0.000000 55.737523 
349000 1745.000000 -0.386737 0.583914 0.000000 57.581922 0.122958 0.000000 57.397485 
350000 1750.000000 0.518166 0.087434 0.000000 58.826122 0.146638 0.000000 58.606164 
351000 1755.000000 -0.528197 0.416275 0.000000 56.988537 0.068806 0.000000 56.885328 
352000 1760.000000 -0.387259 0.428589 0.000000 58.277343 0.978615 0.000000 56.809421 
353000 1765.000000 0.411665 0.161571 0.000000 58.502442 0.358620 0.000000 57.964511 
354000 1770.000000 0.460735 0.014788 0.000000 58.957317 0.215954 0.000000 58.633386 
355000 1775.000000 0.129925 0.177631 0.000000 58.065528 0.339790 0.000000 57.555843 
356000 1780.000000 0.480079 0.053023 0.000000 59.296453 0.388557 0.000000 58.713617 
357000 1785.000000 0.640037 0.177434 0.000000 59.339003 3.769167 0.000000 53.685252 
358000 1790.000000 0.649936 -0.010664 0.000000 59.426523 0.045168 0.000000 59.358771 
359000 1795.000000 0.370949 -0.010235 0.000000 58.912269 1.344747 0.000000 56.895149 
360000 1800.000000 -0.413793 0.459594 0.000000 58.499915 0.548164 0.000000 57.677669 
361000 1805.000000 0.050711 0.026919 0.000000 56.914112 0.035522 0.000000 56.860829 
362000 1810.000000 -0.829128 0.601594 0.000000 56.712002 0.166317 0.000000 56.462527 
363000 1815.000000 -0.747530 0.544211 0.000000 57.565033 0.975274 0.000000 56.102122 
364000 1820.000000 0.607210 0.077011 0.000000 59.778740 0.375009 0.000000 59.216226 
365000 1825.000000 0.470487 0.224595 0.000000 58.556928 0.914491 0.000000 57.185192 
366000 1830.000000 0.592671 0.029881 0.000000 60.495781 1.103712 0.000000 58.840213 
367000 1835.000000 0.702125 0.040778 0.000000 61.475263 3.287051 0.000000 56.544687 
368000 1840.000000 0.221895 0.217031 0.000000 59.082998 0.335506 0.000000 58.579740 
369000 1845.000000 0.587693 0.044476 0.000000 60.045944 0.073664 0.000000 59.935448 
370000 1850.000000 0.297385 0.073425 0.000000 59.358369 0.070770 0.000000 59.252214 
371000 1855.000000 0.566377 0.063627 0.000000 60.496687 1.098070 0.000000 58.849583 
372000 1860.000000 0.014077 0.448286 0.000000 60.782457 2.607768 0.000000 56.870806 
373000 1865.000000 0.474800 0.118844 0.000000 59.995651 1.037778 0.000000 58.438985 
374000 1870.000000 -0.261891 0.429520 0.000000 59.773887 0.858664 0.000000 58.485892 
375000 1875.000000 -0.088368 0.687855 0.000000 57.843357 1.082401 0.000000 56.219756 
376000 1880.000000 -0.297567 0.194407 0.000000 57.134270 1.038296 0.000000 55.576826 
377000 1885.000000 0.266976 0.176245 0.000000 60.496169 2.183284 0.000000 57.221243 
378000 1890.000000 0.678876 -0.002943 0.000000 61.897051 2.895059 0.000000 57.554462 
379000 1895.000000 0.022373 0.497327 0.000000 60.170515 0.827494 0.000000 58.929275 
380000 1900.000000 0.060262 0.466273 0.000000 59.948876 0.330682 0.000000 59.452853 
381000 1905.000000 -0.052120 0.664527 0.000000 57.880405 0.012048 0.000000 57.862333 
382000 1910.000000 -0.289277 0.236905 0.000000 58.245473 1.434595 0.000000 56.093581 
383000 1915.000000 -0.962852 0.692306 0.000000 59.221870 1.096933 0.000000 57.576470 
384000 1920.000000 0.381998 0.119406 0.000000 61.259996 2.069024 0.000000 58.156460 
385000 1925.000000 -0.452899 0.597525 0.000000 60.386074 1.955071 0.000000 57.453467 
386000 1930.000000 0.178730 0.439923 0.000000 60.323412 0.899655 0.000000 58.973930 
387000 1935.000000 -0.185361 0.371665 0.000000 60.162459 0.734211 0.000000 59.061142 
388000 1940.000000 -0.340018 0.959648 0.000000 54.990586 1.486558 0.000000 52.760749 
389000 1945.000000 -0.563040 1.452598 0.000000 62.810953 0.833849 0.000000 61.560179 
390000 1950.000000 -0.570582 1.269225 0.000000 60.592406 0.994367 0.000000 59.100856 
391000 1955.000000 -0.556457 1.557134 0.000000 61.100144 0.014324 0.000000 61.078658 
392000 1960.000000 -0.792760 1.075811 0.000000 59.018689 0.210220 0.000000 58.703359 
393000 1965.000000 -0.289163 0.486753 0.000000 62.237425 3.490490 0.000000 57.001689 
394000 1970.000000 -0.337393 1.666766 0.000000 60.697789 0.200047 0.000000 60.397719 
395000 1975.000000 -0.657095 1.359726 0.000000 62.266980 0.187739 0.000000 61.985372 
396000 1980.000000 -0.798356 1.245959 0.000000 61.286411 1.127054 0.000000 59.595831 
397000 1985.000000 -0.716969 1.335797 0.000000 61.822797 0.298036 0.000000 61.375743 
398000 1990.000000 -0.542271 1.414120 0.000000 62.550562 0.453482 0.000000 61.870340 
399000 1995.000000 -0.947124 0.820280 0.000000 59.127140 0.444003 0.000000 58.461135 
400000 2000.000000 -0.668920 0.514908 0.000000 59.661449 1.059535 0.000000 58.072146 
401000 2005.000000 -0.581230 1.417950 0.000000 62.611334 0.133305 0.000000 62.411377 
402000 2010.000000 -0.678673 1.328876 0.000000 62.829527 1.557269 0.000000 60.493624 
403000 2015.000000 -0.510358 1.554817 0.000000 62.941785 1.953635 0.000000 60.011332 
404000 2020.000000 -0.577752 1.457392 0.000000 62.693891 0.265060 0.000000 62.296302 
405000 2025.000000 -0.564597 1.315535 0.000000 61.889522 1.256422 0.000000 60.004888 
406000 2030.000000 -0.646643 0.554628 0.000000 59.631887 0.294360 0.000000 59.190347 
407000 2035.000000 -0.959241 0.832887 0.000000 58.596382 0.133691 0.000000 58.395846 
408000 2040.000000 -0.365133 0.361124 0.000000 61.101064 2.443227 0.000000 57.436224 
409000 2045.000000 0.616938 -0.042685 0.000000 61.998953 1.116812 0.000000 60.323735 
410000 2050.000000 0.641780 -0.067598 0.000000 61.047398 0.012655 0.000000 61.028416 
411000 2055.000000 0.380374 0.137063 0.000000 61.231760 0.111934 0.000000 61.063859 
412000 2060.000000 -0.053817 0.333037 0.000000 60.898612 0.812447 0.000000 59.679942 
413000 2065.000000 -0.070328 0.524114 0.000000 61.563102 0.752611 0.000000 60.434186 
414000 2070.000000 0.691180 -0.052610 0.000000 61.863688 0.681715 0.000000 60.841116 
415000 2075.000000 -0.548399 0.670002 0.000000 59.605793 0.643544 0.000000 58.640477 
416000 2080.000000 -0.329867 1.561824 0.000000 63.900886 5.121734 0.000000 56.218286 
417000 2085.000000 -0.555319 1.310512 0.000000 61.963496 0.605681 0.000000 61.054974 
418000 2090.000000 -0.606964 1.532851 0.000000 61.989475 0.735285 0.000000 60.886548 
419000 2095.000000 -0.466756 1.520127 0.000000 63.119565 0.172634 0.000000 62.860613 
420000 2100.000000 -0.601622 1.307575 0.000000 62.935462 1.269983 0.000000 61.030487 
421000 2105.000000 -0.478510 1.439109 0.000000 63.679976 2.045309 0.000000 60.612013 
422000 2110.000000 -0.646097 1.291535 0.000000 62.619215 0.421456 0.000000 61.987032 
423000 2115.000000 -0.478625 1.493730 0.000000 63.463964 0.775157 0.000000 62.301228 
424000 2120.000000 -0.730927 1.575385 0.000000 57.004118 0.266744 0.000000 56.604003 
425000 2125.000000 -0.438520 1.437797 0.000000 63.312591 2.760430 0.000000 59.171946 
426000 2130.000000 -0.623595 1.324744 0.000000 62.825194 0.151292 0.000000 62.598256 
427000 2135.000000 -0.821380 1.021344 0.000000 60.450537 2.383433 0.000000 56.875387 
428000 2140.000000 -0.511393 1.386761 0.000000 62.566615 0.314040 0.000000 62.095555 
429000 2145.000000 -0.276338 1.583343 0.000000 60.486576 0.236189 0.000000 60.132293 
430000 2150.000000 -0.879839 0.682998 0.000000 60.452621 1.509315 0.000000 58.188648 
431000 2155.000000 -0.646880 1.414980 0.000000 64.035863 1.989753 0.000000 61.051235 
432000 2160.000000 -0.563415 1.386468 0.000000 63.171528 0.009772 0.000000 63.156870 
433000 2165.000000 -0.611572 1.356641 0.000000 63.766358 1.222006 0.000000 61.933349 
434000 2170.000000 -0.648946 1.396511 0.000000 63.953471 1.626936 0.000000 61.513067 
435000 2175.000000 -0.610241 1.376270 0.000000 64.165377 1.723406 0.000000 61.580268 
436000 2180.000000 -0.517655 1.539879 0.000000 63.443559 1.027696 0.000000 61.902016 
437000 2185.000000 -0.763394 1.337482 0.000000 62.505172 0.611777 0.000000 61.587505 
438000 2190.000000 -0.571900 1.457099 0.000000 63.792800 0.132541 0.000000 63.593989 
439000 2195.000000 -0.424785 1.539700 0.000000 63.511975 0.698855 0.000000 62.463693 
440000 2200.000000 -0.643163 1.350093 0.000000 63.643928 0.318427 0.000000 63.166288 
441000 2205.000000 -0.607937 1.362445 0.000000 63.680481 0.273661 0.000000 63.269988 
442000 2210.000000 -0.478588 1.436711 0.000000 63.429891 0.625113 0.000000 62.492221 
443000 2215.000000 -0.660396 1.285567 0.000000 63.146549 0.505953 0.000000 62.387619 
444000 2220.000000 -0.532857 1.402902 0.000000 64.083149 1.341766 0.000000 62.070501 
445000 2225.000000 -0.665359 1.389206 0.000000 63.402908 0.103475 0.000000 63.247696 
446000 2230.000000 -0.841829 1.055355 0.000000 60.794792 1.651790 0.000000 58.317107 
447000 2235.000000 -0.396829 1.589281 0.000000 63.259067 0.807911 0.000000 62.047201 
448000 2240.000000 -0.679535 1.498776 0.000000 61.579470 0.690846 0.000000 60.543201 
449000 2245.000000 -0.492343 1.480100 0.000000 63.806850 0.319946 0.000000 63.326931 
450000 2250.000000 -0.692295 1.289155 0.000000 63.101134 0.168836 0.000000 62.847880 
451000 2255.000000 -0.753750 1.244470 0.000000 62.887614 0.895391 0.000000 61.544527 
452000 2260.000000 -0.394267 1.558296 0.000000 63.334419 0.893166 0.000000 61.994670 
453000 2265.000000 -0.323020 1.640445 0.000000 62.528711 1.066616 0.000000 60.928787 
454000 2270.000000 -0.531175 1.462309 0.000000 63.938633 0.271202 0.000000 63.531831 
455000 2275.000000 -0.341005 1.394468 0.000000 61.060621 3.985089 0.000000 55.082988 
456000 2280.000000 -0.683650 1.457503 0.000000 62.754737 1.246021 0.000000 60.885706 
457000 2285.000000 -0.677336 1.287582 0.000000 64.364478 2.673489 0.000000 60.354245 
458000 2290.000000 -0.480303 1.429912 0.000000 64.448020 2.672088 0.000000 60.439887 
459000 2295.000000 -0.652265 1.357359 0.000000 65.541205 3.978645 0.000000 59.573238 
460000 2300.000000 -0.539862 1.409971 0.000000 64.315679 1.395578 0.000000 62.222313 
461000 2305.000000 -0.529377 1.314365 0.000000 61.881776 0.086541 0.000000 61.751965 
462000 2310.000000 -0.420060 1.550754 0.000000 64.682773 2.885412 0.000000 60.354655 
463000 2315.000000 -0.389093 1.646375 0.000000 62.742052 0.696577 0.000000 61.697186 
464000 2320.000000 -0.532779 1.537976 0.000000 63.970708 1.379132 0.000000 61.902010 
465000 2325.000000 -0.451426 1.382306 0.000000 62.930257 2.471096 0.000000 59.223613 
466000 2330.000000 -0.389100 1.462101 0.000000 62.064678 0.392287 0.000000 61.476248 
467000 2335.000000 -0.518347 1.114473 0.000000 59.652045 0.911972 0.000000 58.284087 
468000 2340.000000 -0.209372 1.691236 0.000000 60.703288 0.565952 0.000000 59.854359 
469000 2345.000000 -0.452852 1.529913 0.000000 63.619542 0.109987 0.000000 63.454562 
470000 2350.000000 -0.476723 1.610074 0.000000 62.763518 0.354239 0.000000 62.232159 
471000 2355.000000 0.182295 0.358257 0.000000 62.968215 1.401470 0.000000 60.866009 
472000 2360.000000 0.659360 -0.029631 0.000000 63.626116 0.541964 0.000000 62.813169 
473000 2365.000000 -0.118695 0.489278 0.000000 63.188800 0.626671 0.000000 62.248793 
474000 2370.000000 0.454327 0.171959 0.000000 62.660454 0.228057 0.000000 62.318369 
475000 2375.000000 -0.145353 0.398915 0.000000 62.598210 0.016904 0.000000 62.572854 
476000 2380.000000 -0.195154 0.482230 0.000000 62.997545 0.201832 0.000000 62.694797 
477000 2385.000000 0.273890 0.178191 0.000000 63.543285 1.495689 0.000000 61.299751 
478000 2390.000000 0.703735 -0.061452 0.000000 63.774938 1.401753 0.000000 61.672308 
479000 2395.000000 -0.026980 0.436654 0.000000 63.414055 0.528814 0.000000 62.620833 
480000 2400.000000 0.363289 0.120187 0.000000 63.899760 1.269029 0.000000 61.996217 
481000 2405.000000 0.367965 0.166265 0.000000 63.085211 0.231055 0.000000 62.738628 
482000 2410.000000 -0.058523 0.195173 0.000000 62.433935 2.777079 0.000000 58.268318 
483000 2415.000000 0.799338 -0.249705 0.000000 56.103949 1.120650 0.000000 54.422974 
484000 2420.000000 0.093606 -0.079679 0.000000 60.269762 0.403523 0.000000 59.664478 
485000 2425.000000 0.320580 0.370647 0.000000 62.434938 0.021144 0.000000 62.403222 
486000 2430.000000 -0.082141 0.568842 0.000000 63.036890 0.431526 0.000000 62.389601 
487000 2435.000000 0.165049 0.261049 0.000000 63.099370 0.505139 0.000000 62.341661 
488000 2440.000000 0.021823 0.317123 0.000000 63.240696 0.825188 0.000000 62.002915 
489000 2445.000000 0.034773 0.234478 0.000000 62.255750 0.050303 0.000000 62.180295 
490000 2450.000000 0.642291 -0.116180 0.000000 62.377595 0.138161 0.000000 62.170354 
491000 2455.000000 0.665611 0.079990 0.000000 64.170243 0.084264 0.000000 64.043847 
492000 2460.000000 0.555451 0.070583 0.000000 64.914416 1.154045 0.000000 63.183349 
493000 2465.000000 -0.315359 0.389266 0.000000 64.003546 1.832184 0.000000 61.255269 
494000 2470.000000 0.584129 0.140555 0.000000 63.840317 0.583824 0.000000 62.964581 
495000 2475.000000 -0.776535 1.017741 0.000000 61.948982 0.886226 0.000000 60.619642 
496000 2480.000000 -0.277605 0.697768 0.000000 63.052407 2.366136 0.000000 59.503204 
497000 2485.000000 -0.177769 0.455235 0.000000 64.205923 0.093640 0.000000 64.065463 
498000 2490.000000 0.103927 0.587830 0.000000 62.976621 0.382552 0.000000 62.402793 
499000 2495.000000 0.444203 -0.009378 0.000000 67.143251 5.802719 0.000000 58.439172 
