Invalid MIT-MAGIC-COOKIE-1 key              :-) GROMACS - gmx mdrun, 2020.6-plumed-2.9.0-dev (-:

                            GROMACS is written by:
     Emile Apol      Rossen Apostolov      Paul Bauer     Herman J.C. Berendsen
    Par Bjelkmar      Christian Blau   Viacheslav Bolnykh     Kevin Boyd    
 Aldert van Buuren   Rudi van Drunen     Anton Feenstra       Alan Gray     
  Gerrit Groenhof     Anca Hamuraru    Vincent Hindriksen  M. Eric Irrgang  
  Aleksei Iupinov   Christoph Junghans     Joe Jordan     Dimitrios Karkoulis
    Peter Kasson        Jiri Kraus      Carsten Kutzner      Per Larsson    
  Justin A. Lemkul    Viveca Lindahl    Magnus Lundborg     Erik Marklund   
    Pascal Merz     Pieter Meulenhoff    Teemu Murtola       Szilard Pall   
    Sander Pronk      Roland Schulz      Michael Shirts    Alexey Shvetsov  
   Alfons Sijbers     Peter Tieleman      Jon Vincent      Teemu Virolainen 
 Christian Wennberg    Maarten Wolf      Artem Zhmurov   
                           and the project leaders:
        Mark Abraham, Berk Hess, Erik Lindahl, and David van der Spoel

Copyright (c) 1991-2000, University of Groningen, The Netherlands.
Copyright (c) 2001-2019, The GROMACS development team at
Uppsala University, Stockholm University and
the Royal Institute of Technology, Sweden.
check out http://www.gromacs.org for more information.

GROMACS is free software; you can redistribute it and/or modify it
under the terms of the GNU Lesser General Public License
as published by the Free Software Foundation; either version 2.1
of the License, or (at your option) any later version.

GROMACS:      gmx mdrun, version 2020.6-plumed-2.9.0-dev
Executable:   /home/npedrani@iit.local/programs/gromacs-2020.6/install/bin/gmx_mpi
Data prefix:  /home/npedrani@iit.local/programs/gromacs-2020.6/install
Working dir:  /home/npedrani@iit.local/Desktop/Phd_main_Projects/Hyper-TICA/Alanine/low_bias_factor
Command line:
  gmx_mpi mdrun -s input.sA.tpr -cpo state.cpt -deffnm alanine -plumed plumed.dat -ntomp 2 -nsteps 25000000 -pin on -pinoffset 4 -pinstride 1

+++ Loading the PLUMED kernel runtime +++
+++ PLUMED_KERNEL="/home/npedrani@iit.local/programs/plumed2-pytorch/src/lib/libplumedKernel.so" +++
+++ Loading the PLUMED kernel runtime +++
+++ PLUMED_KERNEL="/home/npedrani@iit.local/programs/plumed2-pytorch/src/lib/libplumedKernel.so" +++
Invalid MIT-MAGIC-COOKIE-1 keyReading file input.sA.tpr, VERSION 2020.6-MODIFIED (single precision)
Overriding nsteps with value passed on the command line: 25000000 steps, 5e+04 ps
Changing nstlist from 10 to 50, rlist from 1.034 to 1.219


Using 1 MPI process
Using 2 OpenMP threads 


Overriding thread affinity set outside gmx mdrun

Applying core pinning offset 4
starting mdrun 'Generated by trjconv : Alanine in vacuum in water t=   0.00000'
25000000 steps,  50000.0 ps.

Writing final coordinates.

               Core t (s)   Wall t (s)        (%)
       Time:     1766.377      883.189      200.0
                 (ns/day)    (hour/ns)
Performance:     4891.367        0.005

GROMACS reminds you: "You Try to Run the Universe" (Tricky)

Invalid MIT-MAGIC-COOKIE-1 key              :-) GROMACS - gmx mdrun, 2020.6-plumed-2.9.0-dev (-:

                            GROMACS is written by:
     Emile Apol      Rossen Apostolov      Paul Bauer     Herman J.C. Berendsen
    Par Bjelkmar      Christian Blau   Viacheslav Bolnykh     Kevin Boyd    
 Aldert van Buuren   Rudi van Drunen     Anton Feenstra       Alan Gray     
  Gerrit Groenhof     Anca Hamuraru    Vincent Hindriksen  M. Eric Irrgang  
  Aleksei Iupinov   Christoph Junghans     Joe Jordan     Dimitrios Karkoulis
    Peter Kasson        Jiri Kraus      Carsten Kutzner      Per Larsson    
  Justin A. Lemkul    Viveca Lindahl    Magnus Lundborg     Erik Marklund   
    Pascal Merz     Pieter Meulenhoff    Teemu Murtola       Szilard Pall   
    Sander Pronk      Roland Schulz      Michael Shirts    Alexey Shvetsov  
   Alfons Sijbers     Peter Tieleman      Jon Vincent      Teemu Virolainen 
 Christian Wennberg    Maarten Wolf      Artem Zhmurov   
                           and the project leaders:
        Mark Abraham, Berk Hess, Erik Lindahl, and David van der Spoel

Copyright (c) 1991-2000, University of Groningen, The Netherlands.
Copyright (c) 2001-2019, The GROMACS development team at
Uppsala University, Stockholm University and
the Royal Institute of Technology, Sweden.
check out http://www.gromacs.org for more information.

GROMACS is free software; you can redistribute it and/or modify it
under the terms of the GNU Lesser General Public License
as published by the Free Software Foundation; either version 2.1
of the License, or (at your option) any later version.

GROMACS:      gmx mdrun, version 2020.6-plumed-2.9.0-dev
Executable:   /home/npedrani@iit.local/programs/gromacs-2020.6/install/bin/gmx_mpi
Data prefix:  /home/npedrani@iit.local/programs/gromacs-2020.6/install
Working dir:  /home/npedrani@iit.local/Desktop/Phd_main_Projects/Hyper-TICA/Alanine/low_bias_factor
Command line:
  gmx_mpi mdrun -s input.sA.tpr -cpo state.cpt -deffnm alanine -plumed plumed.dat -ntomp 2 -nsteps 25000000 -pin on -pinoffset 4 -pinstride 1

+++ Loading the PLUMED kernel runtime +++
+++ PLUMED_KERNEL="/home/npedrani@iit.local/programs/plumed2-pytorch/src/lib/libplumedKernel.so" +++
+++ Loading the PLUMED kernel runtime +++
+++ PLUMED_KERNEL="/home/npedrani@iit.local/programs/plumed2-pytorch/src/lib/libplumedKernel.so" +++

Back Off! I just backed up alanine.log to ./#alanine.log.1#
Invalid MIT-MAGIC-COOKIE-1 keyReading file input.sA.tpr, VERSION 2020.6-MODIFIED (single precision)
Overriding nsteps with value passed on the command line: 25000000 steps, 5e+04 ps
Changing nstlist from 10 to 50, rlist from 1.034 to 1.219


Using 1 MPI process
Using 2 OpenMP threads 


Overriding thread affinity set outside gmx mdrun

Applying core pinning offset 4

Back Off! I just backed up alanine.xtc to ./#alanine.xtc.1#

Back Off! I just backed up alanine.edr to ./#alanine.edr.1#
starting mdrun 'Generated by trjconv : Alanine in vacuum in water t=   0.00000'
25000000 steps,  50000.0 ps.

Writing final coordinates.

Back Off! I just backed up alanine.gro to ./#alanine.gro.1#

               Core t (s)   Wall t (s)        (%)
       Time:     2231.494     1115.747      200.0
                 (ns/day)    (hour/ns)
Performance:     3871.846        0.006

GROMACS reminds you: "Beat On the Brat With a Baseball Bat" (The Ramones)

Invalid MIT-MAGIC-COOKIE-1 key              :-) GROMACS - gmx mdrun, 2020.6-plumed-2.9.0-dev (-:

                            GROMACS is written by:
     Emile Apol      Rossen Apostolov      Paul Bauer     Herman J.C. Berendsen
    Par Bjelkmar      Christian Blau   Viacheslav Bolnykh     Kevin Boyd    
 Aldert van Buuren   Rudi van Drunen     Anton Feenstra       Alan Gray     
  Gerrit Groenhof     Anca Hamuraru    Vincent Hindriksen  M. Eric Irrgang  
  Aleksei Iupinov   Christoph Junghans     Joe Jordan     Dimitrios Karkoulis
    Peter Kasson        Jiri Kraus      Carsten Kutzner      Per Larsson    
  Justin A. Lemkul    Viveca Lindahl    Magnus Lundborg     Erik Marklund   
    Pascal Merz     Pieter Meulenhoff    Teemu Murtola       Szilard Pall   
    Sander Pronk      Roland Schulz      Michael Shirts    Alexey Shvetsov  
   Alfons Sijbers     Peter Tieleman      Jon Vincent      Teemu Virolainen 
 Christian Wennberg    Maarten Wolf      Artem Zhmurov   
                           and the project leaders:
        Mark Abraham, Berk Hess, Erik Lindahl, and David van der Spoel

Copyright (c) 1991-2000, University of Groningen, The Netherlands.
Copyright (c) 2001-2019, The GROMACS development team at
Uppsala University, Stockholm University and
the Royal Institute of Technology, Sweden.
check out http://www.gromacs.org for more information.

GROMACS is free software; you can redistribute it and/or modify it
under the terms of the GNU Lesser General Public License
as published by the Free Software Foundation; either version 2.1
of the License, or (at your option) any later version.

GROMACS:      gmx mdrun, version 2020.6-plumed-2.9.0-dev
Executable:   /home/npedrani@iit.local/programs/gromacs-2020.6/install/bin/gmx_mpi
Data prefix:  /home/npedrani@iit.local/programs/gromacs-2020.6/install
Working dir:  /home/npedrani@iit.local/Desktop/Phd_main_Projects/Hyper-TICA/Alanine/low_bias_factor
Command line:
  gmx_mpi mdrun -s input.sA.tpr -cpo state.cpt -deffnm alanine -plumed plumed.dat -ntomp 2 -nsteps 25000000 -pin on -pinoffset 4 -pinstride 1

+++ Loading the PLUMED kernel runtime +++
+++ PLUMED_KERNEL="/home/npedrani@iit.local/programs/plumed2-pytorch/src/lib/libplumedKernel.so" +++
+++ Loading the PLUMED kernel runtime +++
+++ PLUMED_KERNEL="/home/npedrani@iit.local/programs/plumed2-pytorch/src/lib/libplumedKernel.so" +++

Back Off! I just backed up alanine.log to ./#alanine.log.2#
Invalid MIT-MAGIC-COOKIE-1 keyReading file input.sA.tpr, VERSION 2020.6-MODIFIED (single precision)
Overriding nsteps with value passed on the command line: 25000000 steps, 5e+04 ps
Changing nstlist from 10 to 50, rlist from 1.034 to 1.219


Using 1 MPI process
Using 2 OpenMP threads 


Overriding thread affinity set outside gmx mdrun

Applying core pinning offset 4

Back Off! I just backed up alanine.xtc to ./#alanine.xtc.2#

Back Off! I just backed up alanine.edr to ./#alanine.edr.2#
starting mdrun 'Generated by trjconv : Alanine in vacuum in water t=   0.00000'
25000000 steps,  50000.0 ps.

Writing final coordinates.

Back Off! I just backed up alanine.gro to ./#alanine.gro.2#

               Core t (s)   Wall t (s)        (%)
       Time:     2671.431     1335.716      200.0
                 (ns/day)    (hour/ns)
Performance:     3234.222        0.007

GROMACS reminds you: "This is extremely unlikely." (Berk Hess)

