Invalid MIT-MAGIC-COOKIE-1 key              :-) GROMACS - gmx mdrun, 2020.6-plumed-2.9.0-dev (-:

                            GROMACS is written by:
     Emile Apol      Rossen Apostolov      Paul Bauer     Herman J.C. Berendsen
    Par Bjelkmar      Christian Blau   Viacheslav Bolnykh     Kevin Boyd    
 Aldert van Buuren   Rudi van Drunen     Anton Feenstra       Alan Gray     
  Gerrit Groenhof     Anca Hamuraru    Vincent Hindriksen  M. Eric Irrgang  
  Aleksei Iupinov   Christoph Junghans     Joe Jordan     Dimitrios Karkoulis
    Peter Kasson        Jiri Kraus      Carsten Kutzner      Per Larsson    
  Justin A. Lemkul    Viveca Lindahl    Magnus Lundborg     Erik Marklund   
    Pascal Merz     Pieter Meulenhoff    Teemu Murtola       Szilard Pall   
    Sander Pronk      Roland Schulz      Michael Shirts    Alexey Shvetsov  
   Alfons Sijbers     Peter Tieleman      Jon Vincent      Teemu Virolainen 
 Christian Wennberg    Maarten Wolf      Artem Zhmurov   
                           and the project leaders:
        Mark Abraham, Berk Hess, Erik Lindahl, and David van der Spoel

Copyright (c) 1991-2000, University of Groningen, The Netherlands.
Copyright (c) 2001-2019, The GROMACS development team at
Uppsala University, Stockholm University and
the Royal Institute of Technology, Sweden.
check out http://www.gromacs.org for more information.

GROMACS is free software; you can redistribute it and/or modify it
under the terms of the GNU Lesser General Public License
as published by the Free Software Foundation; either version 2.1
of the License, or (at your option) any later version.

GROMACS:      gmx mdrun, version 2020.6-plumed-2.9.0-dev
Executable:   /home/npedrani@iit.local/programs/gromacs-2020.6/install/bin/gmx_mpi
Data prefix:  /home/npedrani@iit.local/programs/gromacs-2020.6/install
Working dir:  /home/npedrani@iit.local/Desktop/Phd_main_Projects/Hyper-TICA/Alanine/On-The-Fly/Deep-TICA/automatic/restart/all_data/unbias_A/bias1
Command line:
  gmx_mpi mdrun -s input.sA.tpr -cpo state.cpt -cpi state -noappend -deffnm alanine -plumed plumed.dat -ntomp 2 -nsteps 500000 -pin on -pinoffset 4 -pinstride 1

+++ Loading the PLUMED kernel runtime +++
+++ PLUMED_KERNEL="/home/npedrani@iit.local/programs/plumed2-pytorch/src/lib/libplumedKernel.so" +++
+++ Loading the PLUMED kernel runtime +++
+++ PLUMED_KERNEL="/home/npedrani@iit.local/programs/plumed2-pytorch/src/lib/libplumedKernel.so" +++
Invalid MIT-MAGIC-COOKIE-1 keyReading file input.sA.tpr, VERSION 2020.6-MODIFIED (single precision)
Overriding nsteps with value passed on the command line: 500000 steps, 1e+03 ps
Changing nstlist from 10 to 50, rlist from 1.034 to 1.219


Using 1 MPI process
Using 2 OpenMP threads 


Overriding thread affinity set outside gmx mdrun

Applying core pinning offset 4
starting mdrun 'Generated by trjconv : Alanine in vacuum in water t=   0.00000'
1000000 steps,   2000.0 ps (continuing from step 500000,   1000.0 ps).

Step 665225, time 1330.45 (ps)  LINCS WARNING
relative constraint deviation after LINCS:
rms 0.000003, max 0.000011 (between atoms 11 and 14)
bonds that rotated more than 30 degrees:
 atom 1 atom 2  angle  previous, current, constraint length
      9     10   40.0    0.1090   0.1090      0.1090
     11     14   43.7    0.1090   0.1090      0.1090

Step 665226, time 1330.45 (ps)  LINCS WARNING
relative constraint deviation after LINCS:
rms 0.000002, max 0.000007 (between atoms 11 and 14)
bonds that rotated more than 30 degrees:
 atom 1 atom 2  angle  previous, current, constraint length
     11     14   36.2    0.1090   0.1090      0.1090

Step 665230, time 1330.46 (ps)  LINCS WARNING
relative constraint deviation after LINCS:
rms 0.000000, max 0.000001 (between atoms 2 and 4)
bonds that rotated more than 30 degrees:
 atom 1 atom 2  angle  previous, current, constraint length
      9     10   30.6    0.1090   0.1090      0.1090

Step 665237, time 1330.47 (ps)  LINCS WARNING
relative constraint deviation after LINCS:
rms 0.000000, max 0.000001 (between atoms 2 and 3)
bonds that rotated more than 30 degrees:
 atom 1 atom 2  angle  previous, current, constraint length
      9     10   40.8    0.1090   0.1090      0.1090

Step 665242, time 1330.48 (ps)  LINCS WARNING
relative constraint deviation after LINCS:
rms 0.000001, max 0.000001 (between atoms 2 and 3)
bonds that rotated more than 30 degrees:
 atom 1 atom 2  angle  previous, current, constraint length
      9     10   30.5    0.1090   0.1090      0.1090

Step 665243, time 1330.49 (ps)  LINCS WARNING
relative constraint deviation after LINCS:
rms 0.000000, max 0.000001 (between atoms 2 and 3)
bonds that rotated more than 30 degrees:
 atom 1 atom 2  angle  previous, current, constraint length
      9     10   37.8    0.1090   0.1090      0.1090

Step 665244, time 1330.49 (ps)  LINCS WARNING
relative constraint deviation after LINCS:
rms 0.000000, max 0.000001 (between atoms 17 and 18)
bonds that rotated more than 30 degrees:
 atom 1 atom 2  angle  previous, current, constraint length
      9     10   36.3    0.1090   0.1090      0.1090

Step 665263, time 1330.53 (ps)  LINCS WARNING
relative constraint deviation after LINCS:
rms 0.000001, max 0.000004 (between atoms 11 and 14)
bonds that rotated more than 30 degrees:
 atom 1 atom 2  angle  previous, current, constraint length
     11     14   30.3    0.1090   0.1090      0.1090

Step 701820, time 1403.64 (ps)  LINCS WARNING
relative constraint deviation after LINCS:
rms 0.000003, max 0.000011 (between atoms 11 and 12)
bonds that rotated more than 30 degrees:
 atom 1 atom 2  angle  previous, current, constraint length
      9     10   44.3    0.1090   0.1090      0.1090
     11     12   36.0    0.1090   0.1090      0.1090

Step 701835, time 1403.67 (ps)  LINCS WARNING
relative constraint deviation after LINCS:
rms 0.000000, max 0.000001 (between atoms 2 and 4)
bonds that rotated more than 30 degrees:
 atom 1 atom 2  angle  previous, current, constraint length
      9     10   31.3    0.1090   0.1090      0.1090

Step 701836, time 1403.67 (ps)  LINCS WARNING
relative constraint deviation after LINCS:
rms 0.000000, max 0.000001 (between atoms 2 and 4)
bonds that rotated more than 30 degrees:
 atom 1 atom 2  angle  previous, current, constraint length
      9     10   32.5    0.1090   0.1090      0.1090

Step 701840, time 1403.68 (ps)  LINCS WARNING
relative constraint deviation after LINCS:
rms 0.000001, max 0.000001 (between atoms 19 and 22)
bonds that rotated more than 30 degrees:
 atom 1 atom 2  angle  previous, current, constraint length
      9     10   33.2    0.1090   0.1090      0.1090

Writing final coordinates.

               Core t (s)   Wall t (s)        (%)
       Time:      579.839      289.920      200.0
                 (ns/day)    (hour/ns)
Performance:      298.014        0.081

GROMACS reminds you: "Or (horrors!) use Berendsen!" (Justin Lemkul)

