No protocol specified
              :-) GROMACS - gmx mdrun, 2020.6-plumed-2.9.0-dev (-:

                            GROMACS is written by:
     Emile Apol      Rossen Apostolov      Paul Bauer     Herman J.C. Berendsen
    Par Bjelkmar      Christian Blau   Viacheslav Bolnykh     Kevin Boyd    
 Aldert van Buuren   Rudi van Drunen     Anton Feenstra       Alan Gray     
  Gerrit Groenhof     Anca Hamuraru    Vincent Hindriksen  M. Eric Irrgang  
  Aleksei Iupinov   Christoph Junghans     Joe Jordan     Dimitrios Karkoulis
    Peter Kasson        Jiri Kraus      Carsten Kutzner      Per Larsson    
  Justin A. Lemkul    Viveca Lindahl    Magnus Lundborg     Erik Marklund   
    Pascal Merz     Pieter Meulenhoff    Teemu Murtola       Szilard Pall   
    Sander Pronk      Roland Schulz      Michael Shirts    Alexey Shvetsov  
   Alfons Sijbers     Peter Tieleman      Jon Vincent      Teemu Virolainen 
 Christian Wennberg    Maarten Wolf      Artem Zhmurov   
                           and the project leaders:
        Mark Abraham, Berk Hess, Erik Lindahl, and David van der Spoel

Copyright (c) 1991-2000, University of Groningen, The Netherlands.
Copyright (c) 2001-2019, The GROMACS development team at
Uppsala University, Stockholm University and
the Royal Institute of Technology, Sweden.
check out http://www.gromacs.org for more information.

GROMACS is free software; you can redistribute it and/or modify it
under the terms of the GNU Lesser General Public License
as published by the Free Software Foundation; either version 2.1
of the License, or (at your option) any later version.

GROMACS:      gmx mdrun, version 2020.6-plumed-2.9.0-dev
Executable:   /home/npedrani@iit.local/programs/gromacs-2020.6/install/bin/gmx_mpi
Data prefix:  /home/npedrani@iit.local/programs/gromacs-2020.6/install
Working dir:  /home/npedrani@iit.local/Desktop/Phd_main_Projects/Hyper-TICA/Alanine/On-The-Fly/TICA/restart/all_data_unbias/unbias_A/bias1/bias2/bias3/bias4/bias5/bias6/bias7/bias8/bias9/bias10/bias11/bias12/bias13/bias14
Command line:
  gmx_mpi mdrun -s input.sA.tpr -cpo state.cpt -cpi state -noappend -deffnm alanine -plumed plumed.dat -ntomp 2 -nsteps 2500000 -pin on -pinoffset 10 -pinstride 1

+++ Loading the PLUMED kernel runtime +++
+++ PLUMED_KERNEL="/home/npedrani@iit.local/programs/plumed2-pytorch/src/lib/libplumedKernel.so" +++
+++ Loading the PLUMED kernel runtime +++
+++ PLUMED_KERNEL="/home/npedrani@iit.local/programs/plumed2-pytorch/src/lib/libplumedKernel.so" +++
No protocol specified
Reading file input.sA.tpr, VERSION 2020.6-MODIFIED (single precision)
Overriding nsteps with value passed on the command line: 2500000 steps, 5e+03 ps
Changing nstlist from 10 to 100, rlist from 1.034 to 1.309


1 GPU selected for this run.
Mapping of GPU IDs to the 1 GPU task in the 1 rank on this node:
  PP:0
PP tasks will do (non-perturbed) short-ranged interactions on the GPU
PP task will update and constrain coordinates on the CPU
Using 1 MPI process
Using 2 OpenMP threads 


Overriding thread affinity set outside gmx mdrun

Applying core pinning offset 10
starting mdrun 'Generated by trjconv : Alanine in vacuum in water t=   0.00000'
37500000 steps,  75000.0 ps (continuing from step 35000000,  70000.0 ps).

Step 35005474, time 70010.9 (ps)  LINCS WARNING
relative constraint deviation after LINCS:
rms 0.000001, max 0.000005 (between atoms 2 and 3)
bonds that rotated more than 30 degrees:
 atom 1 atom 2  angle  previous, current, constraint length
      2      3   32.4    0.1090   0.1090      0.1090

Step 35005494, time 70011 (ps)  LINCS WARNING
relative constraint deviation after LINCS:
rms 0.000001, max 0.000001 (between atoms 11 and 13)
bonds that rotated more than 30 degrees:
 atom 1 atom 2  angle  previous, current, constraint length
      2      3   31.5    0.1090   0.1090      0.1090

Step 35005498, time 70011 (ps)  LINCS WARNING
relative constraint deviation after LINCS:
rms 0.000001, max 0.000001 (between atoms 2 and 4)
bonds that rotated more than 30 degrees:
 atom 1 atom 2  angle  previous, current, constraint length
      2      4   30.7    0.1090   0.1090      0.1090

Step 35005499, time 70011 (ps)  LINCS WARNING
relative constraint deviation after LINCS:
rms 0.000001, max 0.000003 (between atoms 2 and 4)
bonds that rotated more than 30 degrees:
 atom 1 atom 2  angle  previous, current, constraint length
      2      4   33.7    0.1090   0.1090      0.1090

Step 35005501, time 70011 (ps)  LINCS WARNING
relative constraint deviation after LINCS:
rms 0.000001, max 0.000003 (between atoms 2 and 4)
bonds that rotated more than 30 degrees:
 atom 1 atom 2  angle  previous, current, constraint length
      2      4   33.3    0.1090   0.1090      0.1090

Step 35005502, time 70011 (ps)  LINCS WARNING
relative constraint deviation after LINCS:
rms 0.000001, max 0.000002 (between atoms 2 and 4)
bonds that rotated more than 30 degrees:
 atom 1 atom 2  angle  previous, current, constraint length
      2      4   34.6    0.1090   0.1090      0.1090

Step 35005503, time 70011 (ps)  LINCS WARNING
relative constraint deviation after LINCS:
rms 0.000001, max 0.000001 (between atoms 11 and 13)
bonds that rotated more than 30 degrees:
 atom 1 atom 2  angle  previous, current, constraint length
      2      4   31.3    0.1090   0.1090      0.1090

Step 35005505, time 70011 (ps)  LINCS WARNING
relative constraint deviation after LINCS:
rms 0.000001, max 0.000002 (between atoms 2 and 4)
bonds that rotated more than 30 degrees:
 atom 1 atom 2  angle  previous, current, constraint length
      2      4   32.7    0.1090   0.1090      0.1090

Step 35005506, time 70011 (ps)  LINCS WARNING
relative constraint deviation after LINCS:
rms 0.000002, max 0.000006 (between atoms 2 and 4)
bonds that rotated more than 30 degrees:
 atom 1 atom 2  angle  previous, current, constraint length
      2      4   36.1    0.1090   0.1090      0.1090

Step 35005507, time 70011 (ps)  LINCS WARNING
relative constraint deviation after LINCS:
rms 0.000002, max 0.000005 (between atoms 2 and 4)
bonds that rotated more than 30 degrees:
 atom 1 atom 2  angle  previous, current, constraint length
      2      4   41.1    0.1090   0.1090      0.1090

Step 35005508, time 70011 (ps)  LINCS WARNING
relative constraint deviation after LINCS:
rms 0.000005, max 0.000018 (between atoms 2 and 4)
bonds that rotated more than 30 degrees:
 atom 1 atom 2  angle  previous, current, constraint length
      2      4   40.1    0.1090   0.1090      0.1090

Step 35005509, time 70011 (ps)  LINCS WARNING
relative constraint deviation after LINCS:
rms 0.000001, max 0.000002 (between atoms 2 and 4)
bonds that rotated more than 30 degrees:
 atom 1 atom 2  angle  previous, current, constraint length
      2      4   31.0    0.1090   0.1090      0.1090

Step 35005512, time 70011 (ps)  LINCS WARNING
relative constraint deviation after LINCS:
rms 0.000001, max 0.000002 (between atoms 1 and 2)
bonds that rotated more than 30 degrees:
 atom 1 atom 2  angle  previous, current, constraint length
      2      4   37.1    0.1090   0.1090      0.1090

Step 35005513, time 70011 (ps)  LINCS WARNING
relative constraint deviation after LINCS:
rms 0.000004, max 0.000015 (between atoms 2 and 4)
bonds that rotated more than 30 degrees:
 atom 1 atom 2  angle  previous, current, constraint length
      2      4   42.9    0.1090   0.1090      0.1090

Step 35005514, time 70011 (ps)  LINCS WARNING
relative constraint deviation after LINCS:
rms 0.000002, max 0.000008 (between atoms 2 and 4)
bonds that rotated more than 30 degrees:
 atom 1 atom 2  angle  previous, current, constraint length
      2      4   35.3    0.1090   0.1090      0.1090

Step 35005517, time 70011 (ps)  LINCS WARNING
relative constraint deviation after LINCS:
rms 0.000003, max 0.000012 (between atoms 1 and 2)
bonds that rotated more than 30 degrees:
 atom 1 atom 2  angle  previous, current, constraint length
      1      2   33.5    0.1090   0.1090      0.1090

Step 35005518, time 70011 (ps)  LINCS WARNING
relative constraint deviation after LINCS:
rms 0.000003, max 0.000011 (between atoms 1 and 2)
bonds that rotated more than 30 degrees:
 atom 1 atom 2  angle  previous, current, constraint length
      1      2   32.6    0.1090   0.1090      0.1090

Step 35005519, time 70011 (ps)  LINCS WARNING
relative constraint deviation after LINCS:
rms 0.000001, max 0.000004 (between atoms 1 and 2)
bonds that rotated more than 30 degrees:
 atom 1 atom 2  angle  previous, current, constraint length
      1      2   34.7    0.1090   0.1090      0.1090

Step 35005520, time 70011 (ps)  LINCS WARNING
relative constraint deviation after LINCS:
rms 0.000004, max 0.000013 (between atoms 1 and 2)
bonds that rotated more than 30 degrees:
 atom 1 atom 2  angle  previous, current, constraint length
      1      2   37.5    0.1090   0.1090      0.1090

Step 35005521, time 70011 (ps)  LINCS WARNING
relative constraint deviation after LINCS:
rms 0.000001, max 0.000003 (between atoms 1 and 2)
bonds that rotated more than 30 degrees:
 atom 1 atom 2  angle  previous, current, constraint length
      1      2   30.9    0.1090   0.1090      0.1090

Step 35005523, time 70011 (ps)  LINCS WARNING
relative constraint deviation after LINCS:
rms 0.000002, max 0.000006 (between atoms 1 and 2)
bonds that rotated more than 30 degrees:
 atom 1 atom 2  angle  previous, current, constraint length
      1      2   33.8    0.1090   0.1090      0.1090

Step 35005524, time 70011 (ps)  LINCS WARNING
relative constraint deviation after LINCS:
rms 0.000001, max 0.000004 (between atoms 1 and 2)
bonds that rotated more than 30 degrees:
 atom 1 atom 2  angle  previous, current, constraint length
      1      2   33.5    0.1090   0.1090      0.1090

Step 35005526, time 70011.1 (ps)  LINCS WARNING
relative constraint deviation after LINCS:
rms 0.000002, max 0.000005 (between atoms 1 and 2)
bonds that rotated more than 30 degrees:
 atom 1 atom 2  angle  previous, current, constraint length
      1      2   33.8    0.1090   0.1090      0.1090

Step 35005527, time 70011.1 (ps)  LINCS WARNING
relative constraint deviation after LINCS:
rms 0.000005, max 0.000018 (between atoms 1 and 2)
bonds that rotated more than 30 degrees:
 atom 1 atom 2  angle  previous, current, constraint length
      1      2   38.6    0.1090   0.1090      0.1090

Step 35005528, time 70011.1 (ps)  LINCS WARNING
relative constraint deviation after LINCS:
rms 0.000007, max 0.000024 (between atoms 1 and 2)
bonds that rotated more than 30 degrees:
 atom 1 atom 2  angle  previous, current, constraint length
      1      2   36.0    0.1090   0.1090      0.1090

Step 35005529, time 70011.1 (ps)  LINCS WARNING
relative constraint deviation after LINCS:
rms 0.000000, max 0.000001 (between atoms 7 and 8)
bonds that rotated more than 30 degrees:
 atom 1 atom 2  angle  previous, current, constraint length
      1      2   30.0    0.1090   0.1090      0.1090

Step 35005530, time 70011.1 (ps)  LINCS WARNING
relative constraint deviation after LINCS:
rms 0.000001, max 0.000004 (between atoms 1 and 2)
bonds that rotated more than 30 degrees:
 atom 1 atom 2  angle  previous, current, constraint length
      1      2   32.7    0.1090   0.1090      0.1090

Step 35005531, time 70011.1 (ps)  LINCS WARNING
relative constraint deviation after LINCS:
rms 0.000002, max 0.000005 (between atoms 1 and 2)
bonds that rotated more than 30 degrees:
 atom 1 atom 2  angle  previous, current, constraint length
      1      2   30.8    0.1090   0.1090      0.1090

Step 35005534, time 70011.1 (ps)  LINCS WARNING
relative constraint deviation after LINCS:
rms 0.000001, max 0.000005 (between atoms 2 and 3)
bonds that rotated more than 30 degrees:
 atom 1 atom 2  angle  previous, current, constraint length
      2      3   31.6    0.1090   0.1090      0.1090

Step 35005535, time 70011.1 (ps)  LINCS WARNING
relative constraint deviation after LINCS:
rms 0.000002, max 0.000007 (between atoms 2 and 3)
bonds that rotated more than 30 degrees:
 atom 1 atom 2  angle  previous, current, constraint length
      2      3   33.9    0.1090   0.1090      0.1090

Step 35005540, time 70011.1 (ps)  LINCS WARNING
relative constraint deviation after LINCS:
rms 0.000001, max 0.000002 (between atoms 2 and 3)
bonds that rotated more than 30 degrees:
 atom 1 atom 2  angle  previous, current, constraint length
      2      3   31.9    0.1090   0.1090      0.1090

Step 35005550, time 70011.1 (ps)  LINCS WARNING
relative constraint deviation after LINCS:
rms 0.000001, max 0.000003 (between atoms 2 and 4)
bonds that rotated more than 30 degrees:
 atom 1 atom 2  angle  previous, current, constraint length
      2      4   31.7    0.1090   0.1090      0.1090

Step 35005574, time 70011.1 (ps)  LINCS WARNING
relative constraint deviation after LINCS:
rms 0.000000, max 0.000001 (between atoms 1 and 2)
bonds that rotated more than 30 degrees:
 atom 1 atom 2  angle  previous, current, constraint length
      1      2   30.6    0.1090   0.1090      0.1090

Step 35005582, time 70011.2 (ps)  LINCS WARNING
relative constraint deviation after LINCS:
rms 0.000000, max 0.000001 (between atoms 19 and 21)
bonds that rotated more than 30 degrees:
 atom 1 atom 2  angle  previous, current, constraint length
      2      4   32.1    0.1090   0.1090      0.1090

Step 35005583, time 70011.2 (ps)  LINCS WARNING
relative constraint deviation after LINCS:
rms 0.000001, max 0.000002 (between atoms 2 and 4)
bonds that rotated more than 30 degrees:
 atom 1 atom 2  angle  previous, current, constraint length
      2      4   36.6    0.1090   0.1090      0.1090

Step 35005584, time 70011.2 (ps)  LINCS WARNING
relative constraint deviation after LINCS:
rms 0.000003, max 0.000010 (between atoms 2 and 4)
bonds that rotated more than 30 degrees:
 atom 1 atom 2  angle  previous, current, constraint length
      2      4   40.3    0.1090   0.1090      0.1090

Step 35005585, time 70011.2 (ps)  LINCS WARNING
relative constraint deviation after LINCS:
rms 0.000002, max 0.000006 (between atoms 2 and 4)
bonds that rotated more than 30 degrees:
 atom 1 atom 2  angle  previous, current, constraint length
      2      4   37.5    0.1090   0.1090      0.1090

Step 35005587, time 70011.2 (ps)  LINCS WARNING
relative constraint deviation after LINCS:
rms 0.000008, max 0.000026 (between atoms 2 and 4)
bonds that rotated more than 30 degrees:
 atom 1 atom 2  angle  previous, current, constraint length
      2      4   45.8    0.1090   0.1090      0.1090

Step 35005588, time 70011.2 (ps)  LINCS WARNING
relative constraint deviation after LINCS:
rms 0.000001, max 0.000005 (between atoms 2 and 4)
bonds that rotated more than 30 degrees:
 atom 1 atom 2  angle  previous, current, constraint length
      2      4   37.4    0.1090   0.1090      0.1090

Step 35005594, time 70011.2 (ps)  LINCS WARNING
relative constraint deviation after LINCS:
rms 0.000001, max 0.000002 (between atoms 2 and 3)
bonds that rotated more than 30 degrees:
 atom 1 atom 2  angle  previous, current, constraint length
      2      3   32.9    0.1090   0.1090      0.1090

Step 35005595, time 70011.2 (ps)  LINCS WARNING
relative constraint deviation after LINCS:
rms 0.000001, max 0.000002 (between atoms 2 and 3)
bonds that rotated more than 30 degrees:
 atom 1 atom 2  angle  previous, current, constraint length
      2      3   37.1    0.1090   0.1090      0.1090

Step 35005596, time 70011.2 (ps)  LINCS WARNING
relative constraint deviation after LINCS:
rms 0.000006, max 0.000020 (between atoms 2 and 3)
bonds that rotated more than 30 degrees:
 atom 1 atom 2  angle  previous, current, constraint length
      2      3   36.7    0.1090   0.1090      0.1090

Step 35005597, time 70011.2 (ps)  LINCS WARNING
relative constraint deviation after LINCS:
rms 0.000001, max 0.000003 (between atoms 2 and 3)
bonds that rotated more than 30 degrees:
 atom 1 atom 2  angle  previous, current, constraint length

Step 35005652, time 70011.3 (ps)  LINCS WARNING
relative constraint deviation after LINCS:
rms 0.000002, max 0.000006 (between atoms 2 and 3)
bonds that rotated more than 30 degrees:
 atom 1 atom 2  angle  previous, current, constraint length
      2      3   31.7    0.1090   0.1090      0.1090

Step 35005657, time 70011.3 (ps)  LINCS WARNING
relative constraint deviation after LINCS:
rms 0.000000, max 0.000001 (between atoms 11 and 14)
bonds that rotated more than 30 degrees:
 atom 1 atom 2  angle  previous, current, constraint length
      2      3   32.8    0.1090   0.1090      0.1090

Step 35005658, time 70011.3 (ps)  LINCS WARNING
relative constraint deviation after LINCS:
rms 0.000001, max 0.000002 (between atoms 2 and 3)
bonds that rotated more than 30 degrees:
 atom 1 atom 2  angle  previous, current, constraint length
      2      3   30.8    0.1090   0.1090      0.1090

Step 35005670, time 70011.3 (ps)  LINCS WARNING
relative constraint deviation after LINCS:
rms 0.000005, max 0.000018 (between atoms 2 and 3)
bonds that rotated more than 30 degrees:
 atom 1 atom 2  angle  previous, current, constraint length
      2      3   36.4    0.1090   0.1090      0.1090

Step 35005676, time 70011.4 (ps)  LINCS WARNING
relative constraint deviation after LINCS:
rms 0.000001, max 0.000002 (between atoms 2 and 3)
bonds that rotated more than 30 degrees:
 atom 1 atom 2  angle  previous, current, constraint length
      2      3   33.8    0.1090   0.1090      0.1090

Step 35005677, time 70011.4 (ps)  LINCS WARNING
relative constraint deviation after LINCS:
rms 0.000002, max 0.000006 (between atoms 2 and 3)
bonds that rotated more than 30 degrees:
 atom 1 atom 2  angle  previous, current, constraint length
      2      3   36.4    0.1090   0.1090      0.1090

Step 35005678, time 70011.4 (ps)  LINCS WARNING
relative constraint deviation after LINCS:
rms 0.000002, max 0.000007 (between atoms 2 and 3)
bonds that rotated more than 30 degrees:
 atom 1 atom 2  angle  previous, current, constraint length
      2      3   37.9    0.1090   0.1090      0.1090

Step 35005687, time 70011.4 (ps)  LINCS WARNING
relative constraint deviation after LINCS:
rms 0.000002, max 0.000006 (between atoms 1 and 2)
bonds that rotated more than 30 degrees:
 atom 1 atom 2  angle  previous, current, constraint length
      1      2   33.2    0.1090   0.1090      0.1090

Step 35005692, time 70011.4 (ps)  LINCS WARNING
relative constraint deviation after LINCS:
rms 0.000001, max 0.000002 (between atoms 1 and 2)
bonds that rotated more than 30 degrees:
 atom 1 atom 2  angle  previous, current, constraint length
      1      2   31.6    0.1090   0.1090      0.1090

Writing final coordinates.

               Core t (s)   Wall t (s)        (%)
       Time:      541.175      270.587      200.0
                 (ns/day)    (hour/ns)
Performance:     1596.527        0.015

GROMACS reminds you: "Creativity in science, as in art, cannot be organized. It arises spontaneously from individual talent. Well-run laboratories can foster it, but hierarchical organizations, inflexible bureaucratic rules, and mountains of futile paperwork can kill it." (Max Perutz)

