0 0.000000 -0.479530 1.476140 0.000000 0.138640 0.092427 0.000000 0.000000 
0 0.000000 -0.479281 1.475580 0.000000 0.147796 0.123854 0.000000 -0.037986 
1000 5.000000 -0.565887 1.412717 0.000000 1.091286 1.451591 0.000000 -1.086102 
2000 10.000000 -0.555022 1.533980 0.000000 -0.255752 0.416750 0.000000 -0.880877 
3000 15.000000 -0.606723 1.421719 0.000000 0.470997 0.358241 0.000000 -0.066365 
4000 20.000000 -0.578287 1.397052 0.000000 1.740319 2.845270 0.000000 -2.527586 
5000 25.000000 -0.475335 1.439620 0.000000 -0.267259 0.199881 0.000000 -0.567081 
6000 30.000000 -0.897940 1.109550 0.000000 5.213739 1.737688 0.000000 2.607207 
7000 35.000000 -1.024666 1.192126 0.000000 6.336247 0.115676 0.000000 6.162733 
8000 40.000000 -0.755093 1.338957 0.000000 15.443199 1.480264 0.000000 13.222802 
9000 45.000000 -0.649298 1.507133 0.000000 17.951621 0.704721 0.000000 16.894539 
10000 50.000000 -0.600634 1.434772 0.000000 20.832583 1.442621 0.000000 18.668651 
11000 55.000000 -0.553733 1.444193 0.000000 21.491597 1.100806 0.000000 19.840388 
12000 60.000000 -0.623621 1.303435 0.000000 22.892904 0.822183 0.000000 21.659629 
13000 65.000000 -0.930275 1.166112 0.000000 22.260773 1.115659 0.000000 20.587285 
14000 70.000000 -0.635942 1.394032 0.000000 25.370128 0.672660 0.000000 24.361137 
15000 75.000000 -0.555958 1.572751 0.000000 26.195791 0.130858 0.000000 25.999504 
16000 80.000000 -0.374501 1.594855 0.000000 28.182847 0.511900 0.000000 27.414997 
17000 85.000000 -0.108908 0.454769 0.000000 29.243953 0.105119 0.000000 29.086275 
18000 90.000000 0.584965 0.042259 0.000000 34.559601 0.855779 0.000000 33.275932 
19000 95.000000 0.567518 0.071372 0.000000 33.975769 0.152966 0.000000 33.746320 
20000 100.000000 -0.698062 0.471931 0.000000 32.067224 0.898868 0.000000 30.718922 
21000 105.000000 0.403122 0.046786 0.000000 36.404411 0.838282 0.000000 35.146989 
22000 110.000000 0.490629 -0.057644 0.000000 35.984121 0.921094 0.000000 34.602481 
23000 115.000000 0.501637 0.047948 0.000000 37.568208 1.680990 0.000000 35.046723 
24000 120.000000 0.389711 0.057667 0.000000 36.117061 0.075032 0.000000 36.004513 
25000 125.000000 0.752333 0.030552 0.000000 36.914598 0.268116 0.000000 36.512424 
26000 130.000000 -0.124426 0.257267 0.000000 37.455813 1.387617 0.000000 35.374388 
27000 135.000000 -0.735001 1.332760 0.000000 43.990268 0.128753 0.000000 43.797138 
28000 140.000000 -0.611470 1.180847 0.000000 44.168366 1.047973 0.000000 42.596407 
29000 145.000000 -0.622281 1.356803 0.000000 45.392226 0.677969 0.000000 44.375272 
30000 150.000000 -0.757277 1.247230 0.000000 47.042872 1.082452 0.000000 45.419195 
31000 155.000000 -0.772355 1.220337 0.000000 47.391016 1.150802 0.000000 45.664812 
32000 160.000000 -0.832144 0.935716 0.000000 45.096207 0.346748 0.000000 44.576084 
33000 165.000000 -0.659283 1.435523 0.000000 48.531704 1.191829 0.000000 46.743960 
34000 170.000000 -0.373756 1.676795 0.000000 48.016411 1.258794 0.000000 46.128220 
35000 175.000000 -0.843573 1.036088 0.000000 48.900021 1.474730 0.000000 46.687926 
36000 180.000000 -0.662714 1.323332 0.000000 50.774938 0.184891 0.000000 50.497601 
37000 185.000000 -0.948763 1.000231 0.000000 48.775019 0.430700 0.000000 48.128968 
38000 190.000000 -0.503879 1.373077 0.000000 51.853809 0.556845 0.000000 51.018541 
39000 195.000000 -0.846555 1.319815 0.000000 51.972473 1.355952 0.000000 49.938545 
40000 200.000000 -0.607703 1.401916 0.000000 53.456420 0.988163 0.000000 51.974176 
41000 205.000000 -0.708309 1.427762 0.000000 54.088655 2.295971 0.000000 50.644698 
42000 210.000000 -0.543948 1.545092 0.000000 54.030593 0.140400 0.000000 53.819994 
43000 215.000000 -0.408560 1.598087 0.000000 54.212997 0.622768 0.000000 53.278846 
44000 220.000000 -0.597317 1.324898 0.000000 55.287419 0.397539 0.000000 54.691111 
45000 225.000000 -0.475759 1.892798 0.000000 49.638654 0.841241 0.000000 48.376792 
46000 230.000000 -0.698441 1.326908 0.000000 58.052089 1.982336 0.000000 55.078585 
47000 235.000000 -0.691324 1.493809 0.000000 56.587999 1.128347 0.000000 54.895479 
48000 240.000000 -0.723260 1.147021 0.000000 58.101361 1.084809 0.000000 56.474147 
49000 245.000000 -0.640552 1.593504 0.000000 56.613222 1.223386 0.000000 54.778143 
50000 250.000000 -0.751264 1.081991 0.000000 57.852200 0.695941 0.000000 56.808287 
51000 255.000000 -0.564868 1.422561 0.000000 60.795969 2.310111 0.000000 57.330803 
52000 260.000000 -0.642825 1.345340 0.000000 60.625610 0.837689 0.000000 59.369076 
53000 265.000000 -0.636430 1.147979 0.000000 60.253995 1.364896 0.000000 58.206652 
54000 270.000000 -0.676879 1.196845 0.000000 62.449561 2.889484 0.000000 58.115335 
55000 275.000000 -0.778593 1.274027 0.000000 63.484524 3.602272 0.000000 58.081115 
56000 280.000000 -0.710070 1.274551 0.000000 62.417919 0.156188 0.000000 62.183636 
57000 285.000000 -0.553217 1.659632 0.000000 61.439112 1.965116 0.000000 58.491438 
58000 290.000000 -0.760481 1.200862 0.000000 63.195388 0.207288 0.000000 62.884457 
59000 295.000000 -0.709864 1.421189 0.000000 64.440212 1.484501 0.000000 62.213460 
60000 300.000000 -0.899131 1.177867 0.000000 63.354101 1.231894 0.000000 61.506259 
61000 305.000000 -0.413206 1.518729 0.000000 64.079763 0.018229 0.000000 64.052419 
62000 310.000000 -0.456985 1.403900 0.000000 64.057890 0.295576 0.000000 63.614526 
63000 315.000000 -0.829471 1.262630 0.000000 64.802865 0.156765 0.000000 64.567718 
64000 320.000000 -0.646400 1.318531 0.000000 67.195229 1.969223 0.000000 64.241394 
65000 325.000000 -0.382455 1.741630 0.000000 63.949226 0.377372 0.000000 63.383168 
66000 330.000000 -0.535204 1.450900 0.000000 67.097947 0.345002 0.000000 66.580444 
67000 335.000000 -0.924324 1.027222 0.000000 65.631915 0.756763 0.000000 64.496770 
68000 340.000000 -0.763052 1.312818 0.000000 67.759316 0.463195 0.000000 67.064524 
69000 345.000000 -0.581713 1.344026 0.000000 68.847528 1.680143 0.000000 66.327314 
70000 350.000000 -0.465289 1.579401 0.000000 68.547810 0.688281 0.000000 67.515388 
71000 355.000000 -0.584491 1.594452 0.000000 67.982396 0.623784 0.000000 67.046719 
72000 360.000000 -0.487532 1.478442 0.000000 69.652160 0.311458 0.000000 69.184974 
73000 365.000000 -0.544254 1.429631 0.000000 70.171199 0.858330 0.000000 68.883705 
74000 370.000000 -0.757924 1.237715 0.000000 71.108573 2.746103 0.000000 66.989419 
75000 375.000000 -0.675624 1.357860 0.000000 70.769012 0.024386 0.000000 70.732432 
76000 380.000000 -0.842355 1.193369 0.000000 70.010644 1.767087 0.000000 67.360013 
77000 385.000000 -0.499340 1.135418 0.000000 67.783151 1.227818 0.000000 65.941424 
78000 390.000000 -0.505540 1.478884 0.000000 71.399656 0.322966 0.000000 70.915208 
79000 395.000000 -0.718860 1.507326 0.000000 70.138714 0.316588 0.000000 69.663833 
80000 400.000000 -0.638137 1.440433 0.000000 72.503970 1.183867 0.000000 70.728170 
81000 405.000000 -0.628832 1.377387 0.000000 72.887771 0.821792 0.000000 71.655083 
82000 410.000000 -0.506177 1.432905 0.000000 72.891997 1.364687 0.000000 70.844967 
83000 415.000000 -0.888025 1.096969 0.000000 71.469666 0.614315 0.000000 70.548193 
84000 420.000000 -0.786866 1.279261 0.000000 72.670914 0.217081 0.000000 72.345292 
85000 425.000000 -0.327188 1.591049 0.000000 72.083080 0.145201 0.000000 71.865279 
86000 430.000000 -0.684304 1.388161 0.000000 74.561501 1.159461 0.000000 72.822310 
87000 435.000000 -0.494894 1.380303 0.000000 73.446294 0.246234 0.000000 73.076943 
88000 440.000000 -0.604134 1.408637 0.000000 74.650854 0.688719 0.000000 73.617775 
89000 445.000000 -0.430273 1.630644 0.000000 74.576062 1.987114 0.000000 71.595390 
90000 450.000000 -0.546048 1.515026 0.000000 75.304861 0.774876 0.000000 74.142547 
91000 455.000000 -0.526992 1.464076 0.000000 75.909218 1.259387 0.000000 74.020137 
92000 460.000000 -0.480631 1.390665 0.000000 75.039581 0.458487 0.000000 74.351850 
93000 465.000000 -0.610476 1.717597 0.000000 72.011114 0.721312 0.000000 70.929146 
94000 470.000000 -0.245097 1.749994 0.000000 72.877641 0.801254 0.000000 71.675760 
95000 475.000000 -0.714684 1.347874 0.000000 77.013127 0.406305 0.000000 76.403670 
96000 480.000000 -0.669116 1.362522 0.000000 77.502848 0.113964 0.000000 77.331902 
97000 485.000000 -0.531957 1.579857 0.000000 77.724211 1.857986 0.000000 74.937231 
98000 490.000000 -0.659068 1.395526 0.000000 79.631397 3.369751 0.000000 74.576771 
99000 495.000000 -0.342838 1.513919 0.000000 77.232122 1.304049 0.000000 75.276048 
100000 500.000000 -0.084854 0.374744 0.000000 77.098857 0.248969 0.000000 76.725403 
101000 505.000000 -0.241347 0.424043 0.000000 78.928531 2.681044 0.000000 74.906966 
102000 510.000000 -0.111763 0.457956 0.000000 78.736286 1.154039 0.000000 77.005228 
103000 515.000000 0.680404 -0.005077 0.000000 78.041808 0.696173 0.000000 76.997548 
104000 520.000000 0.213078 0.002853 0.000000 78.236897 4.235019 0.000000 71.884370 
105000 525.000000 -0.039750 0.287868 0.000000 78.043485 0.955625 0.000000 76.610047 
106000 530.000000 -0.797001 0.672798 0.000000 77.554775 0.612256 0.000000 76.636391 
107000 535.000000 -0.616539 1.294676 0.000000 83.068699 2.714367 0.000000 78.997149 
108000 540.000000 -0.652489 1.223862 0.000000 82.130475 0.882506 0.000000 80.806717 
109000 545.000000 -0.621611 1.562801 0.000000 81.586357 0.067336 0.000000 81.485352 
110000 550.000000 -0.655531 1.284749 0.000000 83.589032 1.444338 0.000000 81.422525 
111000 555.000000 -0.500633 1.511108 0.000000 83.000745 0.334862 0.000000 82.498451 
112000 560.000000 -0.624538 1.473210 0.000000 84.436818 2.768641 0.000000 80.283856 
113000 565.000000 -0.542639 1.358187 0.000000 83.408203 0.477988 0.000000 82.691221 
114000 570.000000 -0.618165 1.372377 0.000000 83.921224 0.157154 0.000000 83.685492 
115000 575.000000 -0.707085 1.144651 0.000000 83.606780 0.793299 0.000000 82.416831 
116000 580.000000 -0.448626 1.379150 0.000000 83.120031 0.694007 0.000000 82.079021 
117000 585.000000 -0.634454 1.429423 0.000000 84.820704 0.002946 0.000000 84.816284 
118000 590.000000 -0.386290 1.577370 0.000000 84.702592 1.245134 0.000000 82.834891 
119000 595.000000 -0.823136 1.447771 0.000000 84.431434 0.274958 0.000000 84.018998 
120000 600.000000 -0.634933 1.528127 0.000000 85.889493 0.841549 0.000000 84.627170 
121000 605.000000 -0.376189 1.560798 0.000000 85.606786 0.567794 0.000000 84.755095 
122000 610.000000 -0.693091 1.150463 0.000000 85.832853 0.154818 0.000000 85.600625 
123000 615.000000 -0.416270 1.515038 0.000000 86.510396 0.834698 0.000000 85.258349 
124000 620.000000 -0.498056 1.303553 0.000000 86.212993 0.641010 0.000000 85.251479 
125000 625.000000 -0.462492 1.592812 0.000000 87.182975 0.506628 0.000000 86.423033 
126000 630.000000 -0.642042 1.166576 0.000000 89.187391 4.778489 0.000000 82.019657 
127000 635.000000 -0.580352 1.442697 0.000000 88.701495 0.909803 0.000000 87.336792 
128000 640.000000 -0.415806 1.544011 0.000000 88.280780 1.484091 0.000000 86.054643 
129000 645.000000 -0.698425 1.338378 0.000000 89.073199 0.275699 0.000000 88.659650 
130000 650.000000 -0.731795 1.281641 0.000000 88.633407 0.110495 0.000000 88.467665 
131000 655.000000 -0.448184 1.376394 0.000000 87.307150 0.184231 0.000000 87.030803 
132000 660.000000 -0.827979 1.021193 0.000000 86.809130 0.026743 0.000000 86.769016 
133000 665.000000 -0.648855 1.402448 0.000000 89.685324 0.701197 0.000000 88.633528 
134000 670.000000 -0.497528 1.585991 0.000000 88.911869 0.332662 0.000000 88.412875 
135000 675.000000 -0.488937 1.317500 0.000000 89.232409 2.065092 0.000000 86.134772 
136000 680.000000 -0.872491 0.892558 0.000000 86.631515 0.266074 0.000000 86.232404 
137000 685.000000 -0.707736 1.205114 0.000000 91.471419 1.931349 0.000000 88.574395 
138000 690.000000 -0.550109 1.370332 0.000000 90.708444 0.309153 0.000000 90.244714 
139000 695.000000 -0.516257 1.654852 0.000000 89.106334 0.016376 0.000000 89.081769 
140000 700.000000 -0.707567 1.244017 0.000000 92.323272 1.906115 0.000000 89.464099 
141000 705.000000 -0.896585 1.402054 0.000000 89.368962 0.147463 0.000000 89.147767 
142000 710.000000 -0.568861 0.995346 0.000000 87.295265 1.280089 0.000000 85.375131 
143000 715.000000 -0.521059 1.333781 0.000000 91.203278 0.663106 0.000000 90.208619 
144000 720.000000 -0.543009 1.549122 0.000000 91.658892 0.737992 0.000000 90.551905 
145000 725.000000 -0.555742 1.275863 0.000000 93.486309 4.421437 0.000000 86.854154 
146000 730.000000 -0.754861 1.306184 0.000000 92.864698 1.189096 0.000000 91.081053 
147000 735.000000 -0.525968 1.265938 0.000000 91.856996 1.311021 0.000000 89.890464 
148000 740.000000 -0.722821 1.234494 0.000000 93.052617 0.141938 0.000000 92.839710 
149000 745.000000 -0.716175 1.345779 0.000000 93.821523 0.869103 0.000000 92.517868 
150000 750.000000 -0.574154 1.384197 0.000000 93.687268 0.382579 0.000000 93.113400 
151000 755.000000 -0.651412 1.496341 0.000000 93.227452 0.002363 0.000000 93.223908 
152000 760.000000 -0.526451 1.392786 0.000000 94.763931 1.501579 0.000000 92.511563 
153000 765.000000 -0.631599 1.424053 0.000000 94.138408 0.167326 0.000000 93.887420 
154000 770.000000 -0.772216 1.174768 0.000000 95.211112 2.774530 0.000000 91.049317 
155000 775.000000 -0.654415 1.442571 0.000000 94.516871 0.709014 0.000000 93.453349 
156000 780.000000 -0.753649 1.479261 0.000000 94.432387 2.097274 0.000000 91.286476 
157000 785.000000 -0.757706 1.271271 0.000000 95.167715 1.314874 0.000000 93.195403 
158000 790.000000 -0.551623 1.489031 0.000000 94.912449 0.518527 0.000000 94.134658 
159000 795.000000 -0.721768 1.420178 0.000000 95.622136 1.076309 0.000000 94.007673 
160000 800.000000 -0.576350 1.411526 0.000000 95.850134 1.104306 0.000000 94.193676 
161000 805.000000 -0.635670 1.293463 0.000000 96.368886 1.477749 0.000000 94.152263 
162000 810.000000 -0.647543 1.300807 0.000000 96.103252 0.298602 0.000000 95.655349 
163000 815.000000 -0.750880 1.382062 0.000000 97.641227 3.757505 0.000000 92.004970 
164000 820.000000 -0.507813 1.423951 0.000000 96.286892 0.507086 0.000000 95.526263 
165000 825.000000 -0.589917 1.329346 0.000000 97.578670 2.820348 0.000000 93.348148 
166000 830.000000 -0.497082 1.584402 0.000000 96.031806 0.317800 0.000000 95.555106 
167000 835.000000 -0.368327 1.526113 0.000000 97.246370 2.984767 0.000000 92.769220 
168000 840.000000 -0.650921 1.320780 0.000000 97.418541 0.250061 0.000000 97.043449 
169000 845.000000 -0.849248 1.336619 0.000000 96.842177 1.096182 0.000000 95.197904 
170000 850.000000 -0.678579 1.030959 0.000000 95.553974 0.479516 0.000000 94.834700 
171000 855.000000 -0.897480 1.217210 0.000000 96.042886 0.014422 0.000000 96.021253 
172000 860.000000 -0.828403 1.319422 0.000000 96.792817 0.000012 0.000000 96.792799 
173000 865.000000 -0.671308 1.190318 0.000000 97.473409 0.228704 0.000000 97.130353 
174000 870.000000 -0.532005 1.482512 0.000000 98.313820 0.929172 0.000000 96.920062 
175000 875.000000 -0.595284 1.163713 0.000000 97.514752 0.795899 0.000000 96.320903 
176000 880.000000 -0.526761 1.388998 0.000000 100.488250 4.234198 0.000000 94.136953 
177000 885.000000 -0.852944 1.311629 0.000000 98.114046 1.168331 0.000000 96.361550 
178000 890.000000 -0.826540 1.136534 0.000000 100.668765 4.977591 0.000000 93.202378 
179000 895.000000 -0.482899 1.400426 0.000000 98.687190 0.203796 0.000000 98.381495 
180000 900.000000 -0.410157 1.521440 0.000000 98.852145 0.684659 0.000000 97.825157 
181000 905.000000 -0.476104 1.491009 0.000000 99.883015 1.575472 0.000000 97.519807 
182000 910.000000 -0.594621 1.279734 0.000000 99.326703 0.074197 0.000000 99.215407 
183000 915.000000 -0.731072 1.172421 0.000000 100.284618 1.683353 0.000000 97.759588 
184000 920.000000 -0.437659 1.559951 0.000000 99.518220 0.008375 0.000000 99.505657 
185000 925.000000 -0.674022 1.063275 0.000000 98.469115 0.225316 0.000000 98.131141 
186000 930.000000 -0.819704 1.435589 0.000000 99.268543 0.321695 0.000000 98.786001 
187000 935.000000 -0.348406 1.569666 0.000000 99.758449 1.136813 0.000000 98.053230 
188000 940.000000 -0.552790 1.638457 0.000000 100.473067 2.620207 0.000000 96.542757 
189000 945.000000 -0.715220 1.396459 0.000000 101.435213 0.115744 0.000000 101.261596 
190000 950.000000 -0.813535 1.378570 0.000000 100.551905 0.037098 0.000000 100.496258 
191000 955.000000 -1.065229 0.922212 0.000000 97.962410 0.762073 0.000000 96.819300 
192000 960.000000 -0.572132 1.356582 0.000000 101.805801 0.594431 0.000000 100.914155 
193000 965.000000 -0.459793 1.609316 0.000000 101.739814 1.497334 0.000000 99.493813 
194000 970.000000 -0.677555 1.285552 0.000000 103.636165 1.442475 0.000000 101.472453 
195000 975.000000 -0.713799 1.312944 0.000000 104.513156 2.749125 0.000000 100.389469 
196000 980.000000 -0.492756 1.618967 0.000000 101.752173 0.527791 0.000000 100.960487 
197000 985.000000 -0.450142 1.525858 0.000000 102.316822 0.100028 0.000000 102.166780 
198000 990.000000 -0.696844 1.351842 0.000000 103.345655 0.167258 0.000000 103.094767 
199000 995.000000 -0.574303 1.186999 0.000000 102.321014 1.021780 0.000000 100.788345 
200000 1000.000000 -0.722158 1.340577 0.000000 103.385067 0.255767 0.000000 103.001416 
201000 1005.000000 -0.442648 1.576473 0.000000 102.729039 0.086255 0.000000 102.599655 
202000 1010.000000 -0.696644 1.356354 0.000000 104.424798 1.393255 0.000000 102.334915 
203000 1015.000000 -0.699174 1.165657 0.000000 103.116462 0.043067 0.000000 103.051862 
204000 1020.000000 -0.454506 1.717622 0.000000 101.759993 1.019795 0.000000 100.230301 
205000 1025.000000 -0.535438 1.577489 0.000000 102.857526 0.389391 0.000000 102.273440 
206000 1030.000000 -0.812883 1.253139 0.000000 103.147523 0.035856 0.000000 103.093739 
207000 1035.000000 -0.681929 1.192548 0.000000 103.904913 0.862093 0.000000 102.611773 
208000 1040.000000 -0.562470 1.400843 0.000000 104.699608 0.861432 0.000000 103.407460 
209000 1045.000000 -0.821155 1.370774 0.000000 103.696364 0.560714 0.000000 102.855292 
210000 1050.000000 -0.923317 0.984065 0.000000 101.913370 0.100457 0.000000 101.762684 
211000 1055.000000 -0.509760 1.544609 0.000000 104.414747 1.007306 0.000000 102.903788 
212000 1060.000000 -0.703537 1.369409 0.000000 104.904984 0.941857 0.000000 103.492199 
213000 1065.000000 -0.397773 1.484568 0.000000 103.454606 0.276900 0.000000 103.039255 
214000 1070.000000 -0.833582 0.730898 0.000000 101.363352 1.023274 0.000000 99.828442 
215000 1075.000000 -0.190667 0.440156 0.000000 104.242032 0.587456 0.000000 103.360848 
216000 1080.000000 0.779549 -0.029884 0.000000 102.674158 0.715190 0.000000 101.601373 
217000 1085.000000 0.360202 0.092813 0.000000 103.668062 3.327267 0.000000 98.677161 
218000 1090.000000 -0.023777 0.470302 0.000000 103.694058 1.236601 0.000000 101.839156 
219000 1095.000000 -0.618046 0.529535 0.000000 104.353235 2.270216 0.000000 100.947911 
220000 1100.000000 -0.499255 0.458186 0.000000 104.275689 0.041563 0.000000 104.213345 
221000 1105.000000 -0.659472 0.463560 0.000000 103.562438 0.115003 0.000000 103.389934 
222000 1110.000000 -0.045045 0.452755 0.000000 105.542858 0.951904 0.000000 104.115001 
223000 1115.000000 -0.487194 0.151473 0.000000 101.352092 0.290971 0.000000 100.915636 
224000 1120.000000 -0.274943 0.449930 0.000000 107.017078 0.195946 0.000000 106.723159 
225000 1125.000000 -0.360826 1.677493 0.000000 107.392468 0.959871 0.000000 105.952662 
226000 1130.000000 -0.963302 1.269002 0.000000 106.661215 0.595798 0.000000 105.767518 
227000 1135.000000 -0.472346 1.418028 0.000000 110.523821 3.689832 0.000000 104.989073 
228000 1140.000000 -0.688609 1.353930 0.000000 110.700671 2.755359 0.000000 106.567632 
229000 1145.000000 -0.665791 1.407549 0.000000 110.013297 0.382156 0.000000 109.440063 
230000 1150.000000 -0.962683 1.047246 0.000000 107.379738 0.245399 0.000000 107.011639 
231000 1155.000000 -0.793048 1.297014 0.000000 109.822269 0.866794 0.000000 108.522078 
232000 1160.000000 -0.998900 0.842348 0.000000 106.678691 1.474146 0.000000 104.467472 
233000 1165.000000 -0.633186 1.318535 0.000000 110.530062 0.126849 0.000000 110.339788 
234000 1170.000000 -0.724840 1.401428 0.000000 110.891376 1.358721 0.000000 108.853295 
235000 1175.000000 -0.578507 1.541467 0.000000 110.913677 1.584842 0.000000 108.536414 
236000 1180.000000 -0.482791 1.327545 0.000000 110.732838 2.572069 0.000000 106.874735 
237000 1185.000000 -0.572912 1.120489 0.000000 109.162135 0.742834 0.000000 108.047885 
238000 1190.000000 -0.676945 1.356238 0.000000 111.157670 0.308907 0.000000 110.694311 
239000 1195.000000 -0.503236 1.564243 0.000000 111.031026 1.452353 0.000000 108.852496 
240000 1200.000000 -0.554838 1.396759 0.000000 111.585256 0.978865 0.000000 110.116959 
241000 1205.000000 -0.726044 1.163142 0.000000 111.912220 2.509303 0.000000 108.148265 
242000 1210.000000 -0.761983 1.322271 0.000000 111.612445 1.041481 0.000000 110.050224 
243000 1215.000000 -0.699540 0.888118 0.000000 108.338403 1.376630 0.000000 106.273459 
244000 1220.000000 -0.754045 1.347472 0.000000 112.642645 2.004457 0.000000 109.635959 
245000 1225.000000 -0.732007 1.341227 0.000000 112.974469 2.249566 0.000000 109.600120 
246000 1230.000000 -0.357033 1.698943 0.000000 110.125969 0.425835 0.000000 109.487216 
247000 1235.000000 -0.592416 1.385797 0.000000 113.667142 2.386277 0.000000 110.087726 
248000 1240.000000 -0.484519 1.412945 0.000000 112.681661 1.271244 0.000000 110.774795 
249000 1245.000000 -0.611870 1.208216 0.000000 112.321220 0.401520 0.000000 111.718940 
250000 1250.000000 -0.666271 1.327549 0.000000 113.712795 1.306833 0.000000 111.752546 
251000 1255.000000 -0.473007 1.565504 0.000000 112.461539 0.406203 0.000000 111.852234 
252000 1260.000000 -0.531393 1.528473 0.000000 112.815290 0.414527 0.000000 112.193498 
253000 1265.000000 -0.841014 1.214487 0.000000 112.501386 0.690027 0.000000 111.466346 
254000 1270.000000 -0.801873 1.259827 0.000000 113.187414 0.634094 0.000000 112.236272 
255000 1275.000000 -0.318194 1.510545 0.000000 112.232163 1.191063 0.000000 110.445569 
256000 1280.000000 -0.710557 1.035266 0.000000 112.002894 0.366928 0.000000 111.452502 
257000 1285.000000 -0.646089 1.475833 0.000000 115.206435 3.017784 0.000000 110.679759 
258000 1290.000000 -0.585339 1.467995 0.000000 114.336680 0.368402 0.000000 113.784077 
259000 1295.000000 -0.642549 1.177454 0.000000 113.874769 1.240289 0.000000 112.014336 
260000 1300.000000 -0.871552 1.078723 0.000000 112.894759 0.648466 0.000000 111.922060 
261000 1305.000000 -0.765857 1.159578 0.000000 114.514465 1.096847 0.000000 112.869195 
262000 1310.000000 -0.423620 1.435590 0.000000 114.014510 0.891555 0.000000 112.677177 
263000 1315.000000 -0.641252 1.292618 0.000000 115.087097 0.404491 0.000000 114.480361 
264000 1320.000000 -0.694651 1.388101 0.000000 116.829142 4.082953 0.000000 110.704713 
265000 1325.000000 -0.772183 1.013731 0.000000 113.493591 1.013753 0.000000 111.972962 
266000 1330.000000 -0.656808 1.324085 0.000000 115.543318 0.645384 0.000000 114.575242 
267000 1335.000000 -0.590475 1.406823 0.000000 115.395190 0.078468 0.000000 115.277488 
268000 1340.000000 -0.654068 1.430539 0.000000 116.370623 2.256857 0.000000 112.985337 
269000 1345.000000 -0.704196 1.125789 0.000000 115.168976 2.137972 0.000000 111.962018 
270000 1350.000000 -0.416432 1.693966 0.000000 114.949198 3.254800 0.000000 110.066998 
271000 1355.000000 -0.734880 1.128643 0.000000 115.016193 1.194103 0.000000 113.225038 
272000 1360.000000 -0.859066 1.125396 0.000000 114.781385 1.149279 0.000000 113.057466 
273000 1365.000000 -0.576867 1.215443 0.000000 114.868456 0.260402 0.000000 114.477853 
274000 1370.000000 -0.697438 1.323592 0.000000 116.036093 0.159649 0.000000 115.796619 
275000 1375.000000 -0.534357 1.346364 0.000000 115.707627 0.448446 0.000000 115.034957 
276000 1380.000000 -0.316908 1.568639 0.000000 114.288844 0.624881 0.000000 113.351522 
277000 1385.000000 -0.458612 1.410549 0.000000 115.249310 0.311906 0.000000 114.781451 
278000 1390.000000 -0.332204 1.610459 0.000000 114.609628 0.622027 0.000000 113.676587 
279000 1395.000000 -0.441424 1.431893 0.000000 116.078556 1.576140 0.000000 113.714346 
280000 1400.000000 -0.634811 1.359532 0.000000 117.200738 1.136717 0.000000 115.495662 
281000 1405.000000 -0.775938 1.326524 0.000000 116.058583 0.211602 0.000000 115.741180 
282000 1410.000000 -0.572358 1.360279 0.000000 117.983288 3.250264 0.000000 113.107892 
283000 1415.000000 -0.515225 1.416709 0.000000 116.504090 0.079365 0.000000 116.385042 
284000 1420.000000 -0.898429 0.995880 0.000000 114.876882 1.064692 0.000000 113.279843 
285000 1425.000000 -0.951327 1.147068 0.000000 115.033540 1.080403 0.000000 113.412935 
286000 1430.000000 -0.498825 1.414155 0.000000 116.925322 0.808839 0.000000 115.712063 
287000 1435.000000 -0.582815 1.388619 0.000000 117.271438 0.657419 0.000000 116.285310 
288000 1440.000000 -1.055400 1.212549 0.000000 113.721340 0.962516 0.000000 112.277566 
289000 1445.000000 -0.595200 1.330185 0.000000 117.027003 0.335033 0.000000 116.524453 
290000 1450.000000 -0.383156 1.692418 0.000000 115.469572 0.378869 0.000000 114.901269 
291000 1455.000000 -0.321942 1.386944 0.000000 114.888387 0.103411 0.000000 114.733272 
292000 1460.000000 -0.561639 1.531810 0.000000 117.678125 1.246285 0.000000 115.808698 
293000 1465.000000 -0.610283 1.434404 0.000000 117.901014 0.479699 0.000000 117.181465 
294000 1470.000000 -0.614600 1.265761 0.000000 117.646618 0.676204 0.000000 116.632312 
295000 1475.000000 -0.749996 1.188428 0.000000 118.273710 1.264271 0.000000 116.377304 
296000 1480.000000 -0.669129 1.381465 0.000000 119.457316 2.898606 0.000000 115.109408 
297000 1485.000000 -0.792916 1.401738 0.000000 117.791176 1.615541 0.000000 115.367864 
298000 1490.000000 -0.516860 1.328583 0.000000 117.759629 1.019920 0.000000 116.229749 
299000 1495.000000 -0.840814 1.298561 0.000000 117.563102 0.904986 0.000000 116.205623 
300000 1500.000000 -0.469593 1.446470 0.000000 118.445787 1.028613 0.000000 116.902868 
301000 1505.000000 -0.569971 1.426234 0.000000 118.864244 0.086416 0.000000 118.734621 
302000 1510.000000 -0.830580 1.024450 0.000000 117.430414 0.788109 0.000000 116.248250 
303000 1515.000000 -0.645838 1.448934 0.000000 119.610084 1.157261 0.000000 117.874192 
304000 1520.000000 -0.596367 1.272044 0.000000 119.036472 0.529510 0.000000 118.242207 
305000 1525.000000 -0.862752 1.225113 0.000000 118.427038 0.848342 0.000000 117.154525 
306000 1530.000000 -0.464388 1.492823 0.000000 119.402224 0.957727 0.000000 117.965633 
307000 1535.000000 -0.656284 1.367783 0.000000 119.874256 0.398582 0.000000 119.276384 
308000 1540.000000 -0.433559 1.380891 0.000000 118.455232 0.853532 0.000000 117.174934 
309000 1545.000000 -0.635202 1.136628 0.000000 118.666863 0.447851 0.000000 117.995087 
310000 1550.000000 -0.589500 1.496201 0.000000 119.812696 0.742448 0.000000 118.699023 
311000 1555.000000 -0.624169 1.351260 0.000000 120.524187 1.411986 0.000000 118.406209 
312000 1560.000000 -0.500061 1.504542 0.000000 120.123345 1.048655 0.000000 118.550363 
313000 1565.000000 -0.673104 1.464815 0.000000 119.860417 0.687132 0.000000 118.829719 
314000 1570.000000 -0.675830 1.527397 0.000000 119.343356 0.429105 0.000000 118.699698 
315000 1575.000000 -0.833262 1.043971 0.000000 118.494666 0.348746 0.000000 117.971547 
316000 1580.000000 -0.686340 1.261860 0.000000 120.456823 0.157060 0.000000 120.221234 
317000 1585.000000 -0.807792 1.022907 0.000000 118.097680 0.007612 0.000000 118.086262 
318000 1590.000000 -0.726286 1.352830 0.000000 120.392480 0.264745 0.000000 119.995362 
319000 1595.000000 -0.516644 1.366358 0.000000 120.154304 0.436727 0.000000 119.499213 
320000 1600.000000 -0.544384 1.282259 0.000000 119.536531 0.051951 0.000000 119.458603 
321000 1605.000000 -0.609948 1.488811 0.000000 122.084604 3.497552 0.000000 116.838275 
322000 1610.000000 -0.727357 1.615874 0.000000 119.252032 1.549940 0.000000 116.927123 
323000 1615.000000 -0.522735 1.182348 0.000000 119.340777 0.118945 0.000000 119.162360 
324000 1620.000000 -0.813559 1.243707 0.000000 120.792802 0.025426 0.000000 120.754663 
325000 1625.000000 -0.641964 1.263008 0.000000 122.018387 1.160945 0.000000 120.276969 
326000 1630.000000 -0.611203 1.202642 0.000000 121.389388 0.578016 0.000000 120.522364 
327000 1635.000000 -0.564308 1.569795 0.000000 121.396579 0.510523 0.000000 120.630795 
328000 1640.000000 -0.564017 1.620037 0.000000 121.080892 0.878179 0.000000 119.763623 
329000 1645.000000 -0.699252 1.521399 0.000000 122.186277 2.158054 0.000000 118.949196 
330000 1650.000000 -0.692249 1.141729 0.000000 121.395944 0.106657 0.000000 121.235958 
331000 1655.000000 -0.487759 1.569964 0.000000 122.129570 0.202414 0.000000 121.825949 
332000 1660.000000 -0.660510 1.264259 0.000000 123.054514 0.164851 0.000000 122.807238 
333000 1665.000000 -0.667294 1.355346 0.000000 123.273045 0.437782 0.000000 122.616372 
334000 1670.000000 -0.658109 1.489057 0.000000 122.590782 0.153243 0.000000 122.360918 
335000 1675.000000 -0.556921 1.575911 0.000000 124.193567 3.684254 0.000000 118.667186 
336000 1680.000000 -0.536903 1.392451 0.000000 123.563668 0.832053 0.000000 122.315588 
337000 1685.000000 -0.596973 1.308321 0.000000 123.103195 0.364952 0.000000 122.555768 
338000 1690.000000 -0.586003 1.399039 0.000000 123.246684 0.035689 0.000000 123.193151 
339000 1695.000000 -0.759754 1.421509 0.000000 123.237595 1.194117 0.000000 121.446420 
340000 1700.000000 -0.399349 1.446030 0.000000 122.479241 0.112817 0.000000 122.310015 
341000 1705.000000 -0.779392 1.244464 0.000000 123.905155 1.065144 0.000000 122.307439 
342000 1710.000000 -0.651135 1.428568 0.000000 124.063406 0.412923 0.000000 123.444022 
343000 1715.000000 -0.747750 1.445459 0.000000 124.298369 2.286366 0.000000 120.868821 
344000 1720.000000 -0.757873 1.325474 0.000000 123.821764 0.080254 0.000000 123.701383 
345000 1725.000000 -0.311028 1.680340 0.000000 123.555095 3.031930 0.000000 119.007200 
346000 1730.000000 -0.690048 1.352132 0.000000 124.178602 0.008038 0.000000 124.166545 
347000 1735.000000 -0.299281 1.646963 0.000000 122.296452 0.219704 0.000000 121.966897 
348000 1740.000000 -0.558531 1.321123 0.000000 124.476073 1.255530 0.000000 122.592778 
349000 1745.000000 -0.769717 1.385974 0.000000 124.015585 0.226454 0.000000 123.675905 
350000 1750.000000 -0.722709 1.265960 0.000000 124.821346 0.134317 0.000000 124.619869 
351000 1755.000000 -1.345658 1.705478 0.000000 114.640352 0.404067 0.000000 114.034251 
352000 1760.000000 -0.903626 1.233398 0.000000 123.356743 0.256473 0.000000 122.972035 
353000 1765.000000 -0.642686 1.393495 0.000000 125.682000 0.867569 0.000000 124.380647 
354000 1770.000000 -0.697997 1.299417 0.000000 125.556127 0.140012 0.000000 125.346110 
355000 1775.000000 -0.709520 1.313977 0.000000 125.590671 0.512022 0.000000 124.822637 
356000 1780.000000 -0.736458 1.388967 0.000000 125.409934 0.323295 0.000000 124.924991 
357000 1785.000000 -0.259446 1.508782 0.000000 122.705203 1.139240 0.000000 120.996342 
358000 1790.000000 -0.682166 1.297539 0.000000 125.790633 0.047554 0.000000 125.719301 
359000 1795.000000 -0.867149 1.245659 0.000000 124.741357 1.016997 0.000000 123.215861 
360000 1800.000000 -0.468498 1.426079 0.000000 125.278055 0.379952 0.000000 124.708128 
361000 1805.000000 -0.920315 1.139873 0.000000 124.268785 0.280763 0.000000 123.847641 
362000 1810.000000 -0.781344 0.593253 0.000000 122.389053 0.239649 0.000000 122.029579 
363000 1815.000000 -0.799164 1.245549 0.000000 125.977709 0.257986 0.000000 125.590729 
364000 1820.000000 -0.656433 1.431694 0.000000 126.915862 0.769878 0.000000 125.761045 
365000 1825.000000 -0.859055 1.319793 0.000000 126.159585 1.543883 0.000000 123.843761 
366000 1830.000000 -0.316134 0.196632 0.000000 122.382947 0.225608 0.000000 122.044535 
367000 1835.000000 -0.187357 0.354129 0.000000 126.070102 1.912727 0.000000 123.201011 
368000 1840.000000 -0.242912 0.456107 0.000000 126.364844 0.327902 0.000000 125.872992 
369000 1845.000000 -0.013892 0.231200 0.000000 124.673880 0.344793 0.000000 124.156691 
370000 1850.000000 -0.729846 1.100431 0.000000 126.670108 0.032291 0.000000 126.621671 
371000 1855.000000 -0.531575 1.564602 0.000000 128.095951 1.743535 0.000000 125.480648 
372000 1860.000000 -0.408569 1.417116 0.000000 127.112940 1.544542 0.000000 124.796126 
373000 1865.000000 -0.574953 1.372675 0.000000 128.673177 1.459805 0.000000 126.483470 
374000 1870.000000 -0.556955 1.357106 0.000000 127.885491 0.316504 0.000000 127.410735 
375000 1875.000000 -0.534517 1.633368 0.000000 126.720804 0.222465 0.000000 126.387107 
376000 1880.000000 -1.232330 0.603447 0.000000 121.055482 0.038789 0.000000 120.997299 
377000 1885.000000 -0.831441 1.531568 0.000000 125.995883 0.279742 0.000000 125.576269 
378000 1890.000000 -0.520269 1.368445 0.000000 129.191516 1.015094 0.000000 127.668875 
379000 1895.000000 -0.694398 1.473294 0.000000 129.024870 0.596238 0.000000 128.130514 
380000 1900.000000 -0.317810 1.654798 0.000000 127.643861 0.528563 0.000000 126.851017 
381000 1905.000000 -0.351150 1.705403 0.000000 127.245622 0.221964 0.000000 126.912676 
382000 1910.000000 -0.939044 0.659961 0.000000 125.867648 0.290256 0.000000 125.432263 
383000 1915.000000 -0.752288 1.263444 0.000000 130.403947 1.416340 0.000000 128.279438 
384000 1920.000000 -0.715485 1.329081 0.000000 131.747202 3.412109 0.000000 126.629038 
385000 1925.000000 -0.734436 1.409905 0.000000 131.350948 3.090712 0.000000 126.714880 
386000 1930.000000 -0.458728 1.429472 0.000000 129.804494 0.094919 0.000000 129.662116 
387000 1935.000000 -0.589344 1.370018 0.000000 131.064850 1.197390 0.000000 129.268765 
388000 1940.000000 -0.493638 1.471748 0.000000 131.430108 1.569347 0.000000 129.076087 
389000 1945.000000 -0.637329 1.385254 0.000000 131.321022 0.514365 0.000000 130.549474 
390000 1950.000000 -0.582731 1.125384 0.000000 130.271544 1.903560 0.000000 127.416204 
391000 1955.000000 -0.566722 1.527021 0.000000 131.288120 0.769924 0.000000 130.133235 
392000 1960.000000 -0.854724 1.026399 0.000000 129.568985 0.322927 0.000000 129.084595 
393000 1965.000000 -0.674457 1.410076 0.000000 132.326617 1.893167 0.000000 129.486866 
394000 1970.000000 -0.382558 1.644516 0.000000 130.207875 0.258400 0.000000 129.820275 
395000 1975.000000 -0.751242 1.276469 0.000000 131.429680 0.187737 0.000000 131.148074 
396000 1980.000000 -1.035377 1.288868 0.000000 128.301654 1.116502 0.000000 126.626901 
397000 1985.000000 -0.806715 1.207791 0.000000 131.181562 0.251464 0.000000 130.804367 
398000 1990.000000 -0.574515 1.206146 0.000000 131.178127 0.440268 0.000000 130.517725 
399000 1995.000000 -0.741155 1.390399 0.000000 132.354356 0.895663 0.000000 131.010862 
400000 2000.000000 -0.832153 1.133960 0.000000 131.845373 1.329368 0.000000 129.851321 
401000 2005.000000 -0.612594 1.427079 0.000000 132.547191 0.039265 0.000000 132.488294 
402000 2010.000000 -0.854159 1.379138 0.000000 131.707480 1.279591 0.000000 129.788094 
403000 2015.000000 -0.512193 1.482991 0.000000 133.470099 1.453661 0.000000 131.289607 
404000 2020.000000 -0.637883 1.422316 0.000000 133.114660 0.306701 0.000000 132.654609 
405000 2025.000000 -0.723936 1.310116 0.000000 133.722985 1.062850 0.000000 132.128711 
406000 2030.000000 -0.593406 1.344568 0.000000 134.260174 2.266878 0.000000 130.859857 
407000 2035.000000 -0.700702 1.401107 0.000000 133.661233 0.751121 0.000000 132.534551 
408000 2040.000000 -0.759154 1.255709 0.000000 134.512980 2.775301 0.000000 130.350029 
409000 2045.000000 -0.649001 1.323156 0.000000 134.261985 0.734604 0.000000 133.160080 
410000 2050.000000 -0.766218 1.131922 0.000000 133.096993 0.397255 0.000000 132.501110 
411000 2055.000000 -0.638115 1.317621 0.000000 134.282942 0.520477 0.000000 133.502226 
412000 2060.000000 -0.674059 1.382337 0.000000 134.932180 0.768004 0.000000 133.780174 
413000 2065.000000 -0.769151 1.274262 0.000000 134.578941 0.700484 0.000000 133.528215 
414000 2070.000000 -0.454976 1.519726 0.000000 134.649682 0.770667 0.000000 133.493683 
415000 2075.000000 -0.532087 1.514177 0.000000 135.065866 1.147527 0.000000 133.344576 
416000 2080.000000 -0.417540 1.488489 0.000000 135.531312 3.252961 0.000000 130.651871 
417000 2085.000000 -0.608787 1.321699 0.000000 135.074483 0.871630 0.000000 133.767039 
418000 2090.000000 -0.733464 1.478431 0.000000 133.877704 0.078684 0.000000 133.759678 
419000 2095.000000 -0.668946 1.589067 0.000000 133.839119 0.401460 0.000000 133.236930 
420000 2100.000000 -0.580015 1.113616 0.000000 133.319228 0.487088 0.000000 132.588596 
421000 2105.000000 -0.509119 1.249938 0.000000 133.823875 0.359987 0.000000 133.283895 
422000 2110.000000 -0.711572 1.210227 0.000000 135.641345 0.224503 0.000000 135.304591 
423000 2115.000000 -0.427260 1.420280 0.000000 134.396037 0.539035 0.000000 133.587485 
424000 2120.000000 -0.802783 1.602497 0.000000 132.090211 1.317400 0.000000 130.114111 
425000 2125.000000 -0.424079 1.342458 0.000000 134.500886 0.768296 0.000000 133.348442 
426000 2130.000000 -0.835953 1.336853 0.000000 134.895310 0.580688 0.000000 134.024278 
427000 2135.000000 -0.883533 1.365264 0.000000 135.582279 3.732409 0.000000 129.983665 
428000 2140.000000 -0.582080 1.167950 0.000000 134.622932 0.076426 0.000000 134.508293 
429000 2145.000000 -0.389319 1.567851 0.000000 135.920121 1.740694 0.000000 133.309080 
430000 2150.000000 -0.599032 1.252365 0.000000 136.297197 1.295902 0.000000 134.353343 
431000 2155.000000 -0.739236 1.433545 0.000000 135.684031 0.901800 0.000000 134.331332 
432000 2160.000000 -0.553209 1.365841 0.000000 135.900305 0.232647 0.000000 135.551335 
433000 2165.000000 -0.616135 1.205208 0.000000 136.250802 1.181405 0.000000 134.478695 
434000 2170.000000 -0.652556 1.180209 0.000000 136.678875 1.959613 0.000000 133.739455 
435000 2175.000000 -0.808789 1.435249 0.000000 135.529615 0.250585 0.000000 135.153737 
436000 2180.000000 -0.570804 1.554981 0.000000 136.668452 1.187678 0.000000 134.886935 
437000 2185.000000 -0.733633 1.144366 0.000000 136.460935 1.128873 0.000000 134.767625 
438000 2190.000000 -0.603730 1.446713 0.000000 136.883868 0.002075 0.000000 136.880756 
439000 2195.000000 -0.625447 1.647417 0.000000 135.514694 0.637254 0.000000 134.558812 
440000 2200.000000 -0.678899 1.264519 0.000000 137.498574 0.070067 0.000000 137.393473 
441000 2205.000000 -0.670129 1.314220 0.000000 137.630874 0.306681 0.000000 137.170853 
442000 2210.000000 -0.675074 1.458268 0.000000 137.893813 1.094432 0.000000 136.252165 
443000 2215.000000 -0.709664 1.287782 0.000000 138.787211 1.819678 0.000000 136.057694 
444000 2220.000000 -0.568947 1.425360 0.000000 138.211474 0.829537 0.000000 136.967169 
445000 2225.000000 -0.833484 1.313028 0.000000 136.715668 0.076983 0.000000 136.600193 
446000 2230.000000 -0.919942 1.002284 0.000000 135.941592 0.981015 0.000000 134.470069 
447000 2235.000000 -0.494070 1.536183 0.000000 138.600922 1.248877 0.000000 136.727607 
448000 2240.000000 -0.813904 1.313535 0.000000 137.836329 0.675209 0.000000 136.823515 
449000 2245.000000 -0.572634 1.488462 0.000000 138.394374 0.408966 0.000000 137.780926 
450000 2250.000000 -0.822171 1.235696 0.000000 137.577152 0.504303 0.000000 136.820698 
451000 2255.000000 -0.688732 1.070848 0.000000 137.500275 0.610772 0.000000 136.584116 
452000 2260.000000 -0.474829 1.552060 0.000000 138.503003 0.771592 0.000000 137.345614 
453000 2265.000000 -0.476939 1.651419 0.000000 137.879459 1.062566 0.000000 136.285610 
454000 2270.000000 -0.576239 1.377294 0.000000 138.823576 0.100528 0.000000 138.672784 
455000 2275.000000 -0.546404 1.424610 0.000000 142.550540 6.854868 0.000000 132.268238 
456000 2280.000000 -0.838914 1.422347 0.000000 138.225714 1.298669 0.000000 136.277711 
457000 2285.000000 -0.849739 1.336330 0.000000 138.165709 0.530614 0.000000 137.369787 
458000 2290.000000 -0.701658 1.483868 0.000000 139.953589 2.180877 0.000000 136.682273 
459000 2295.000000 -0.856349 1.418229 0.000000 138.553220 1.624242 0.000000 136.116857 
460000 2300.000000 -0.644332 1.310554 0.000000 141.015700 1.515269 0.000000 138.742796 
461000 2305.000000 -0.658671 1.159129 0.000000 139.489613 0.261495 0.000000 139.097370 
462000 2310.000000 -0.677069 1.475409 0.000000 140.912635 1.300215 0.000000 138.962313 
463000 2315.000000 -0.432448 1.568460 0.000000 140.168456 0.422806 0.000000 139.534247 
464000 2320.000000 -0.589745 1.474112 0.000000 141.182198 0.408376 0.000000 140.569635 
465000 2325.000000 -0.544859 1.290558 0.000000 140.746256 0.665711 0.000000 139.747689 
466000 2330.000000 -0.696879 1.308661 0.000000 144.669929 6.782483 0.000000 134.496204 
467000 2335.000000 -0.511951 0.981734 0.000000 135.876053 0.542043 0.000000 135.062988 
468000 2340.000000 -0.273249 1.615450 0.000000 139.514787 0.751860 0.000000 138.386997 
469000 2345.000000 -0.526155 1.544810 0.000000 141.295875 0.048768 0.000000 141.222723 
470000 2350.000000 -0.545854 1.505894 0.000000 141.649082 0.058108 0.000000 141.561920 
471000 2355.000000 -0.034660 0.384082 0.000000 140.695910 1.995906 0.000000 137.702050 
472000 2360.000000 0.638062 -0.013408 0.000000 140.563569 0.650089 0.000000 139.588436 
473000 2365.000000 -0.228640 0.493482 0.000000 141.016470 0.808879 0.000000 139.803151 
474000 2370.000000 0.070841 0.379820 0.000000 139.107980 0.485674 0.000000 138.379468 
475000 2375.000000 -0.752473 1.179661 0.000000 142.540683 0.302256 0.000000 142.087299 
476000 2380.000000 -0.748320 1.411920 0.000000 142.587195 0.862489 0.000000 141.293462 
477000 2385.000000 -0.654858 1.367943 0.000000 143.750489 1.542733 0.000000 141.436390 
478000 2390.000000 -0.590859 1.408117 0.000000 143.454002 1.192399 0.000000 141.665404 
479000 2395.000000 -0.669263 1.300595 0.000000 143.591169 1.115395 0.000000 141.918077 
480000 2400.000000 -0.271272 0.467995 0.000000 142.392130 0.935969 0.000000 140.988177 
481000 2405.000000 -0.295047 0.533428 0.000000 141.796480 0.273843 0.000000 141.385716 
482000 2410.000000 -0.738704 1.035449 0.000000 143.186385 2.688191 0.000000 139.154098 
483000 2415.000000 -0.614048 0.973235 0.000000 140.256326 1.236153 0.000000 138.402097 
484000 2420.000000 -0.861774 0.972717 0.000000 141.973765 1.310447 0.000000 140.008094 
485000 2425.000000 -0.534715 1.423534 0.000000 144.430354 0.325304 0.000000 143.942398 
486000 2430.000000 -0.605110 1.477177 0.000000 144.760260 1.191599 0.000000 142.972861 
487000 2435.000000 -0.640347 1.515062 0.000000 144.518924 0.673549 0.000000 143.508601 
488000 2440.000000 -0.410153 1.479380 0.000000 144.313505 1.776636 0.000000 141.648551 
489000 2445.000000 -0.596738 1.289384 0.000000 144.604416 0.660639 0.000000 143.613458 
490000 2450.000000 -0.794380 0.806873 0.000000 141.395719 1.081666 0.000000 139.773220 
491000 2455.000000 -0.713011 1.454153 0.000000 144.409294 0.415718 0.000000 143.785718 
492000 2460.000000 -0.773038 1.427033 0.000000 144.105833 0.569117 0.000000 143.252157 
493000 2465.000000 -0.529196 1.159353 0.000000 143.825772 0.976459 0.000000 142.361083 
494000 2470.000000 -0.737192 1.304010 0.000000 145.117925 0.435235 0.000000 144.465073 
495000 2475.000000 -0.605828 1.565099 0.000000 145.257492 0.474433 0.000000 144.545844 
496000 2480.000000 -0.751136 1.427241 0.000000 146.824571 3.686797 0.000000 141.294376 
497000 2485.000000 -0.440227 1.542138 0.000000 145.644553 0.303199 0.000000 145.189755 
498000 2490.000000 -0.432413 1.504048 0.000000 145.651281 0.444071 0.000000 144.985175 
499000 2495.000000 -0.543048 1.044321 0.000000 142.839616 1.503577 0.000000 140.584250 
