0 0.000000 -0.550000 1.450000 0.000000 0.138640 0.092427 0.000000 0.000000 
0 0.000000 -0.549613 1.449353 0.000000 0.148844 0.112861 0.000000 -0.020447 
1000 5.000000 -0.577247 1.397614 0.000000 0.671984 1.384041 0.000000 -1.404078 
2000 10.000000 -0.552787 1.541643 0.000000 -0.888338 0.270519 0.000000 -1.294117 
3000 15.000000 -0.606084 1.420475 0.000000 0.089473 0.264082 0.000000 -0.306650 
4000 20.000000 -0.578163 1.379924 0.000000 1.237253 2.830058 0.000000 -3.007834 
5000 25.000000 -0.488535 1.432298 0.000000 -0.519931 0.251449 0.000000 -0.897105 
6000 30.000000 -0.711775 1.329803 0.000000 -0.175958 1.325212 0.000000 -2.163776 
7000 35.000000 -0.866925 1.242381 0.000000 -3.430303 0.156000 0.000000 -3.664303 
8000 40.000000 -0.644432 1.396964 0.000000 0.359448 1.288778 0.000000 -1.573720 
9000 45.000000 -0.566639 1.446698 0.000000 0.363010 0.581979 0.000000 -0.509959 
10000 50.000000 -0.610526 1.317005 0.000000 -0.388428 0.837108 0.000000 -1.644090 
11000 55.000000 -0.594324 1.371812 0.000000 0.873829 2.062151 0.000000 -2.219397 
12000 60.000000 -0.666228 1.301982 0.000000 -0.405204 0.522283 0.000000 -1.188629 
13000 65.000000 -0.786133 1.308911 0.000000 -1.609189 1.068844 0.000000 -3.212454 
14000 70.000000 -0.541456 1.552468 0.000000 -1.039896 0.068480 0.000000 -1.142617 
15000 75.000000 -0.463279 1.540556 0.000000 -0.057462 0.594655 0.000000 -0.949444 
16000 80.000000 -0.415198 1.556764 0.000000 -0.576418 0.427346 0.000000 -1.217437 
17000 85.000000 -0.583845 1.423124 0.000000 0.448669 0.765437 0.000000 -0.699487 
18000 90.000000 -0.658873 1.331494 0.000000 0.786982 2.357867 0.000000 -2.749818 
19000 95.000000 -0.625686 1.378587 0.000000 0.135335 0.456853 0.000000 -0.549944 
20000 100.000000 -0.707831 1.259188 0.000000 -0.497135 1.305867 0.000000 -2.455936 
21000 105.000000 -0.681533 1.268097 0.000000 -0.912911 0.333757 0.000000 -1.413545 
22000 110.000000 -0.601249 1.467744 0.000000 0.081151 1.029083 0.000000 -1.462473 
23000 115.000000 -0.523935 1.390842 0.000000 -0.122890 1.161776 0.000000 -1.865554 
24000 120.000000 -0.691659 1.248282 0.000000 -1.275778 0.187806 0.000000 -1.557486 
25000 125.000000 -0.405189 1.561214 0.000000 -0.804078 0.232022 0.000000 -1.152112 
26000 130.000000 -0.573371 1.498854 0.000000 -0.200306 0.613104 0.000000 -1.119962 
27000 135.000000 -0.539406 1.483215 0.000000 0.013552 0.030371 0.000000 -0.032004 
28000 140.000000 -0.609748 1.368789 0.000000 0.065530 0.376130 0.000000 -0.498665 
29000 145.000000 -0.635229 1.322006 0.000000 -0.102077 0.822501 0.000000 -1.335828 
30000 150.000000 -0.613181 1.339602 0.000000 -0.009033 0.802495 0.000000 -1.212775 
31000 155.000000 -0.600731 1.381270 0.000000 0.433450 0.974430 0.000000 -1.028195 
32000 160.000000 -0.742223 1.259551 0.000000 -0.927314 0.693590 0.000000 -1.967700 
33000 165.000000 -0.630003 1.447571 0.000000 -0.275858 0.665987 0.000000 -1.274838 
34000 170.000000 -0.292020 1.745832 0.000000 -3.773415 0.650210 0.000000 -4.748730 
35000 175.000000 -0.792990 1.166679 0.000000 -2.076177 0.928475 0.000000 -3.468890 
36000 180.000000 -0.606072 1.473900 0.000000 -0.246766 0.721068 0.000000 -1.328369 
37000 185.000000 -0.857575 1.197459 0.000000 -2.659238 0.689652 0.000000 -3.693715 
38000 190.000000 -0.536864 1.418091 0.000000 0.126082 0.502724 0.000000 -0.628005 
39000 195.000000 -0.810312 1.293349 0.000000 -1.941949 1.251846 0.000000 -3.819718 
40000 200.000000 -0.554647 1.505902 0.000000 0.177893 1.075915 0.000000 -1.435980 
41000 205.000000 -0.691448 1.380392 0.000000 -0.118642 1.478963 0.000000 -2.337086 
42000 210.000000 -0.556124 1.494239 0.000000 -0.202264 0.026660 0.000000 -0.242255 
43000 215.000000 -0.374016 1.674133 0.000000 -2.212704 0.106841 0.000000 -2.372965 
44000 220.000000 -0.444117 1.452370 0.000000 -0.660601 1.186261 0.000000 -2.439994 
45000 225.000000 -0.355421 1.672823 0.000000 -1.577245 1.419859 0.000000 -3.707035 
46000 230.000000 -0.601192 1.447632 0.000000 0.722969 1.793847 0.000000 -1.967801 
47000 235.000000 -0.508494 1.579158 0.000000 -0.742542 0.832045 0.000000 -1.990610 
48000 240.000000 -0.656871 1.210477 0.000000 -2.336512 0.743823 0.000000 -3.452247 
49000 245.000000 -0.576182 1.429225 0.000000 0.683854 1.187877 0.000000 -1.097961 
50000 250.000000 -0.695568 1.218020 0.000000 -0.782550 2.338154 0.000000 -4.289780 
51000 255.000000 -0.487074 1.433638 0.000000 0.855699 2.993672 0.000000 -3.634809 
52000 260.000000 -0.535504 1.370567 0.000000 -0.830629 0.101005 0.000000 -0.982136 
53000 265.000000 -0.554206 1.308499 0.000000 -1.366175 1.334835 0.000000 -3.368428 
54000 270.000000 -0.548873 1.429780 0.000000 1.154217 2.198068 0.000000 -2.142884 
55000 275.000000 -0.690511 1.437101 0.000000 -1.058021 1.498164 0.000000 -3.305268 
56000 280.000000 -0.620753 1.346956 0.000000 -0.252680 0.041647 0.000000 -0.315151 
57000 285.000000 -0.485713 1.696668 0.000000 -4.289858 0.502715 0.000000 -5.043931 
58000 290.000000 -0.680262 1.277977 0.000000 0.042372 1.932415 0.000000 -2.856251 
59000 295.000000 -0.578903 1.522439 0.000000 -0.636483 0.849402 0.000000 -1.910586 
60000 300.000000 -0.797677 1.257813 0.000000 -1.432566 1.121067 0.000000 -3.114167 
61000 305.000000 -0.482646 1.532872 0.000000 -0.094962 0.298532 0.000000 -0.542761 
62000 310.000000 -0.436563 1.520210 0.000000 -0.322149 0.510954 0.000000 -1.088581 
63000 315.000000 -0.649832 1.303379 0.000000 -0.600637 0.175900 0.000000 -0.864488 
64000 320.000000 -0.664936 1.390915 0.000000 -0.025176 0.959776 0.000000 -1.464839 
65000 325.000000 -0.297255 1.666215 0.000000 -2.789296 0.303329 0.000000 -3.244290 
66000 330.000000 -0.453150 1.535130 0.000000 -0.042622 0.659683 0.000000 -1.032147 
67000 335.000000 -0.826434 1.171767 0.000000 -2.395415 0.512625 0.000000 -3.164352 
68000 340.000000 -0.689447 1.361801 0.000000 -0.084725 1.144904 0.000000 -1.802081 
69000 345.000000 -0.542924 1.435327 0.000000 1.111176 2.120495 0.000000 -2.069567 
70000 350.000000 -0.451624 1.558155 0.000000 -0.324661 0.348688 0.000000 -0.847693 
71000 355.000000 -0.509049 1.544552 0.000000 0.245283 1.478791 0.000000 -1.972904 
72000 360.000000 -0.480913 1.485858 0.000000 0.847607 2.088439 0.000000 -2.285052 
73000 365.000000 -0.615603 1.461740 0.000000 -0.301755 0.548221 0.000000 -1.124086 
74000 370.000000 -0.661613 1.274125 0.000000 -0.587672 1.026862 0.000000 -2.127965 
75000 375.000000 -0.498348 1.513166 0.000000 -0.108927 0.021812 0.000000 -0.141644 
76000 380.000000 -0.662352 1.447150 0.000000 -0.662301 1.268796 0.000000 -2.565495 
77000 385.000000 -0.516251 1.371251 0.000000 -0.691497 1.174691 0.000000 -2.453533 
78000 390.000000 -0.398321 1.568895 0.000000 -0.887373 0.252962 0.000000 -1.266817 
79000 395.000000 -0.630162 1.437314 0.000000 0.240649 1.424293 0.000000 -1.895790 
80000 400.000000 -0.510532 1.425619 0.000000 0.531839 1.807998 0.000000 -2.180157 
81000 405.000000 -0.567068 1.390632 0.000000 0.555056 1.398170 0.000000 -1.542200 
82000 410.000000 -0.486478 1.530296 0.000000 0.797617 2.076305 0.000000 -2.316840 
83000 415.000000 -0.718478 1.302571 0.000000 -0.331434 1.122023 0.000000 -2.014468 
84000 420.000000 -0.687839 1.382184 0.000000 -0.811542 0.011252 0.000000 -0.828421 
85000 425.000000 -0.405692 1.565923 0.000000 -0.599766 0.623622 0.000000 -1.535200 
86000 430.000000 -0.475619 1.520203 0.000000 -0.178113 0.066808 0.000000 -0.278326 
87000 435.000000 -0.457786 1.516136 0.000000 -0.320255 0.041597 0.000000 -0.382650 
88000 440.000000 -0.633635 1.383269 0.000000 0.264767 0.796912 0.000000 -0.930601 
89000 445.000000 -0.413521 1.570566 0.000000 -0.189781 1.279151 0.000000 -2.108508 
90000 450.000000 -0.430756 1.667611 0.000000 -1.768525 1.378600 0.000000 -3.836425 
91000 455.000000 -0.516985 1.407262 0.000000 -0.246855 0.583711 0.000000 -1.122421 
92000 460.000000 -0.450004 1.549394 0.000000 0.238526 1.387820 0.000000 -1.843203 
93000 465.000000 -0.525264 1.499207 0.000000 0.466717 1.065071 0.000000 -1.130889 
94000 470.000000 -0.257163 1.675505 0.000000 -3.465383 0.913358 0.000000 -4.835420 
95000 475.000000 -0.678478 1.410549 0.000000 -0.889779 0.234612 0.000000 -1.241696 
96000 480.000000 -0.552143 1.431433 0.000000 0.230637 0.337010 0.000000 -0.274878 
97000 485.000000 -0.502107 1.492616 0.000000 0.553385 1.194576 0.000000 -1.238479 
98000 490.000000 -0.511064 1.409345 0.000000 0.146756 1.515019 0.000000 -2.125772 
99000 495.000000 -0.347321 1.638051 0.000000 -1.332123 1.251346 0.000000 -3.209141 
100000 500.000000 -0.670789 1.339696 0.000000 0.334934 1.505872 0.000000 -1.923875 
101000 505.000000 -0.594017 1.554027 0.000000 0.386090 5.391066 0.000000 -7.700509 
102000 510.000000 -0.569531 1.459151 0.000000 0.150305 0.307731 0.000000 -0.311292 
103000 515.000000 -0.413016 1.536154 0.000000 -0.880083 0.010111 0.000000 -0.895250 
104000 520.000000 -0.749075 1.351439 0.000000 -0.219565 3.120647 0.000000 -4.900536 
105000 525.000000 -0.542067 1.436019 0.000000 0.040481 0.012593 0.000000 0.021591 
106000 530.000000 -0.628688 1.339735 0.000000 -0.102792 0.476157 0.000000 -0.817028 
107000 535.000000 -0.564996 1.389066 0.000000 1.320101 3.000195 0.000000 -3.180191 
108000 540.000000 -0.547837 1.377399 0.000000 -0.095144 0.912100 0.000000 -1.463294 
109000 545.000000 -0.525168 1.520815 0.000000 0.279880 1.140699 0.000000 -1.431169 
110000 550.000000 -0.599968 1.402499 0.000000 0.438243 0.830086 0.000000 -0.806886 
111000 555.000000 -0.537295 1.453633 0.000000 0.224577 0.295318 0.000000 -0.218400 
112000 560.000000 -0.531032 1.585799 0.000000 -0.704679 2.060523 0.000000 -3.795464 
113000 565.000000 -0.598375 1.345472 0.000000 0.410007 1.714744 0.000000 -2.162110 
114000 570.000000 -0.539989 1.415004 0.000000 0.041346 0.342612 0.000000 -0.472573 
115000 575.000000 -0.594818 1.366939 0.000000 0.597749 1.600986 0.000000 -1.803729 
116000 580.000000 -0.495258 1.402114 0.000000 -0.389102 1.351986 0.000000 -2.417081 
117000 585.000000 -0.463419 1.563743 0.000000 -0.432930 0.230560 0.000000 -0.778770 
118000 590.000000 -0.483606 1.617787 0.000000 -1.248292 1.064777 0.000000 -2.845457 
119000 595.000000 -0.548529 1.525542 0.000000 -0.589159 0.065700 0.000000 -0.687710 
120000 600.000000 -0.618855 1.437736 0.000000 0.547868 1.709444 0.000000 -2.016297 
121000 605.000000 -0.437747 1.513094 0.000000 0.270309 1.765655 0.000000 -2.378174 
122000 610.000000 -0.653563 1.327411 0.000000 -0.355225 0.120111 0.000000 -0.535391 
123000 615.000000 -0.536706 1.494982 0.000000 1.197339 2.558641 0.000000 -2.640621 
124000 620.000000 -0.453758 1.547821 0.000000 0.321864 1.505911 0.000000 -1.937004 
125000 625.000000 -0.461036 1.555026 0.000000 0.111505 1.150749 0.000000 -1.614619 
126000 630.000000 -0.658767 1.408861 0.000000 2.211448 5.627910 0.000000 -6.230417 
127000 635.000000 -0.497570 1.543038 0.000000 0.014067 0.838087 0.000000 -1.243063 
128000 640.000000 -0.412090 1.655545 0.000000 -0.575784 2.810387 0.000000 -4.791365 
129000 645.000000 -0.632662 1.381892 0.000000 0.180629 0.626219 0.000000 -0.758699 
130000 650.000000 -0.590832 1.397760 0.000000 0.285074 0.544983 0.000000 -0.532400 
131000 655.000000 -0.449858 1.425613 0.000000 -1.430245 0.513393 0.000000 -2.200335 
132000 660.000000 -0.700793 1.247247 0.000000 -1.289990 0.116573 0.000000 -1.464850 
133000 665.000000 -0.557030 1.472210 0.000000 0.625966 1.287004 0.000000 -1.304540 
134000 670.000000 -0.492623 1.500688 0.000000 0.145965 0.486664 0.000000 -0.584030 
135000 675.000000 -0.433563 1.499570 0.000000 0.835068 3.276977 0.000000 -4.080398 
136000 680.000000 -0.797978 1.289767 0.000000 -1.767798 0.923604 0.000000 -3.153203 
137000 685.000000 -0.594031 1.313302 0.000000 -0.257568 1.708495 0.000000 -2.820309 
138000 690.000000 -0.626912 1.387801 0.000000 -0.019390 0.172712 0.000000 -0.278457 
139000 695.000000 -0.447133 1.537568 0.000000 -0.390688 0.120501 0.000000 -0.571439 
140000 700.000000 -0.605004 1.408126 0.000000 1.015147 2.045713 0.000000 -2.053422 
141000 705.000000 -0.740419 1.330217 0.000000 -1.312467 0.057170 0.000000 -1.398221 
142000 710.000000 -0.610024 1.251434 0.000000 -0.424765 4.055209 0.000000 -6.507578 
143000 715.000000 -0.453938 1.539570 0.000000 -0.164296 0.479943 0.000000 -0.884211 
144000 720.000000 -0.414910 1.630670 0.000000 -1.126605 0.706691 0.000000 -2.186642 
145000 725.000000 -0.560780 1.454121 0.000000 5.920927 11.731651 0.000000 -11.676549 
146000 730.000000 -0.578215 1.355920 0.000000 0.303649 1.635273 0.000000 -2.149261 
147000 735.000000 -0.669198 1.353750 0.000000 -0.064646 0.686291 0.000000 -1.094083 
148000 740.000000 -0.694221 1.285528 0.000000 -0.825229 0.063961 0.000000 -0.921170 
149000 745.000000 -0.596951 1.291430 0.000000 -1.198785 0.799730 0.000000 -2.398380 
150000 750.000000 -0.568583 1.494110 0.000000 -0.266940 0.230905 0.000000 -0.613298 
151000 755.000000 -0.468303 1.474380 0.000000 -0.351633 0.232750 0.000000 -0.700757 
152000 760.000000 -0.541092 1.538109 0.000000 -0.326983 0.895118 0.000000 -1.669659 
153000 765.000000 -0.628818 1.369689 0.000000 -0.143673 0.009192 0.000000 -0.157462 
154000 770.000000 -0.694641 1.286528 0.000000 0.206040 2.118028 0.000000 -2.971002 
155000 775.000000 -0.557514 1.473734 0.000000 0.440218 0.972848 0.000000 -1.019053 
156000 780.000000 -0.527421 1.495578 0.000000 1.379122 2.889309 0.000000 -2.954841 
157000 785.000000 -0.602039 1.381535 0.000000 0.166182 0.477998 0.000000 -0.550815 
158000 790.000000 -0.533770 1.529383 0.000000 -0.128312 0.784206 0.000000 -1.304621 
159000 795.000000 -0.546024 1.457894 0.000000 1.269498 2.412047 0.000000 -2.348572 
160000 800.000000 -0.488739 1.479561 0.000000 0.374363 1.096112 0.000000 -1.269805 
161000 805.000000 -0.597108 1.398720 0.000000 1.689625 3.384133 0.000000 -3.386574 
162000 810.000000 -0.575385 1.354844 0.000000 -0.471530 0.206129 0.000000 -0.780723 
163000 815.000000 -0.501459 1.358060 0.000000 -0.765507 2.511697 0.000000 -4.533053 
164000 820.000000 -0.574530 1.396773 0.000000 0.164223 0.446278 0.000000 -0.505194 
165000 825.000000 -0.534739 1.514504 0.000000 1.996644 4.618420 0.000000 -4.930987 
166000 830.000000 -0.493986 1.453871 0.000000 -0.189592 0.228906 0.000000 -0.532951 
167000 835.000000 -0.492703 1.600640 0.000000 -0.328711 2.324370 0.000000 -3.815267 
168000 840.000000 -0.606580 1.367240 0.000000 0.198182 0.744956 0.000000 -0.919252 
169000 845.000000 -0.617424 1.352282 0.000000 -0.069975 0.399739 0.000000 -0.669584 
170000 850.000000 -0.642480 1.252304 0.000000 -1.607586 0.445902 0.000000 -2.276439 
171000 855.000000 -0.672035 1.280763 0.000000 -0.936649 0.040284 0.000000 -0.997076 
172000 860.000000 -0.687528 1.297446 0.000000 -0.627427 0.239598 0.000000 -0.986825 
173000 865.000000 -0.548305 1.387823 0.000000 -0.209146 0.396336 0.000000 -0.803650 
174000 870.000000 -0.398999 1.477498 0.000000 -1.871215 0.327743 0.000000 -2.362830 
175000 875.000000 -0.580186 1.372693 0.000000 -0.043108 0.451321 0.000000 -0.720089 
176000 880.000000 -0.557012 1.352292 0.000000 1.046265 3.908122 0.000000 -4.815918 
177000 885.000000 -0.660868 1.405087 0.000000 -0.535178 0.167703 0.000000 -0.786733 
178000 890.000000 -0.646528 1.214323 0.000000 -1.409116 2.843940 0.000000 -5.675026 
179000 895.000000 -0.543658 1.504767 0.000000 -0.079506 0.376564 0.000000 -0.644352 
180000 900.000000 -0.384833 1.575960 0.000000 -1.110172 0.272826 0.000000 -1.519411 
181000 905.000000 -0.475138 1.385242 0.000000 -1.842558 0.366653 0.000000 -2.392537 
182000 910.000000 -0.603085 1.444648 0.000000 -0.204940 0.014658 0.000000 -0.226927 
183000 915.000000 -0.722210 1.338383 0.000000 -0.566505 1.033172 0.000000 -2.116264 
184000 920.000000 -0.453394 1.589398 0.000000 -0.802908 0.206548 0.000000 -1.112730 
185000 925.000000 -0.639036 1.340618 0.000000 -0.014461 0.662715 0.000000 -1.008534 
186000 930.000000 -0.573239 1.340132 0.000000 -0.870184 0.049957 0.000000 -0.945120 
187000 935.000000 -0.396525 1.616769 0.000000 -0.996144 0.662100 0.000000 -1.989294 
188000 940.000000 -0.521083 1.541972 0.000000 1.163870 3.532971 0.000000 -4.135587 
189000 945.000000 -0.545919 1.494468 0.000000 -0.154641 0.030012 0.000000 -0.199659 
190000 950.000000 -0.634332 1.384067 0.000000 -0.125449 0.102928 0.000000 -0.279841 
191000 955.000000 -0.819239 1.315613 0.000000 -2.948026 0.512436 0.000000 -3.716680 
192000 960.000000 -0.551354 1.493673 0.000000 -0.209595 0.007469 0.000000 -0.220798 
193000 965.000000 -0.467415 1.501951 0.000000 0.425341 1.491489 0.000000 -1.811892 
194000 970.000000 -0.609753 1.440202 0.000000 -0.005744 0.497085 0.000000 -0.751371 
195000 975.000000 -0.576502 1.313236 0.000000 0.059883 3.041188 0.000000 -4.501899 
196000 980.000000 -0.572706 1.563179 0.000000 -1.831985 0.472449 0.000000 -2.540659 
197000 985.000000 -0.462906 1.569763 0.000000 -0.072704 1.179746 0.000000 -1.842323 
198000 990.000000 -0.601105 1.434622 0.000000 0.123465 0.489807 0.000000 -0.611245 
199000 995.000000 -0.481280 1.418740 0.000000 -0.957860 0.244980 0.000000 -1.325330 
200000 1000.000000 -0.671424 1.362663 0.000000 0.029098 1.007913 0.000000 -1.482772 
201000 1005.000000 -0.500396 1.496582 0.000000 -0.071702 0.051556 0.000000 -0.149035 
202000 1010.000000 -0.616790 1.350247 0.000000 0.304730 1.233087 0.000000 -1.544900 
203000 1015.000000 -0.636693 1.332026 0.000000 -0.155795 0.556455 0.000000 -0.990478 
204000 1020.000000 -0.466636 1.666224 0.000000 -2.865093 0.312811 0.000000 -3.334310 
205000 1025.000000 -0.434561 1.602480 0.000000 -1.053765 0.036519 0.000000 -1.108544 
206000 1030.000000 -0.686605 1.272923 0.000000 -0.850703 0.376482 0.000000 -1.415425 
207000 1035.000000 -0.620830 1.290049 0.000000 -0.511159 1.511493 0.000000 -2.778399 
208000 1040.000000 -0.449302 1.493891 0.000000 -0.393501 0.443311 0.000000 -1.058467 
209000 1045.000000 -0.719040 1.446323 0.000000 -2.029925 1.891702 0.000000 -4.867479 
210000 1050.000000 -0.841517 1.146887 0.000000 -2.729693 0.703227 0.000000 -3.784534 
211000 1055.000000 -0.422704 1.564134 0.000000 -0.170949 1.179506 0.000000 -1.940207 
212000 1060.000000 -0.688198 1.428411 0.000000 -1.235592 0.738975 0.000000 -2.344055 
213000 1065.000000 -0.423386 1.535981 0.000000 0.557081 2.620410 0.000000 -3.373533 
214000 1070.000000 -0.654986 1.297813 0.000000 0.348217 2.286959 0.000000 -3.082222 
215000 1075.000000 -0.533346 1.409967 0.000000 0.266312 1.141156 0.000000 -1.445423 
216000 1080.000000 -0.565902 1.375118 0.000000 0.502772 1.787182 0.000000 -2.178001 
217000 1085.000000 -0.794452 1.249728 0.000000 -0.904769 2.149535 0.000000 -4.129071 
218000 1090.000000 -0.420694 1.721218 0.000000 -3.940606 0.397551 0.000000 -4.536933 
219000 1095.000000 -0.760394 1.358713 0.000000 0.301459 5.077595 0.000000 -7.314933 
220000 1100.000000 -0.840845 1.178757 0.000000 -2.605233 0.432993 0.000000 -3.254723 
221000 1105.000000 -0.622647 1.394879 0.000000 -0.073438 0.092973 0.000000 -0.212898 
222000 1110.000000 -0.442635 1.579019 0.000000 -0.288219 0.960666 0.000000 -1.729217 
223000 1115.000000 -0.774928 1.207696 0.000000 -1.675672 0.623507 0.000000 -2.610933 
224000 1120.000000 -0.461760 1.486431 0.000000 -0.288190 0.401369 0.000000 -0.890244 
225000 1125.000000 -0.380760 1.659815 0.000000 -1.185988 1.706032 0.000000 -3.745037 
226000 1130.000000 -0.742972 1.262794 0.000000 -1.205574 0.217898 0.000000 -1.532422 
227000 1135.000000 -0.480782 1.589179 0.000000 0.358940 2.922664 0.000000 -4.025056 
228000 1140.000000 -0.538479 1.470623 0.000000 1.193784 2.373480 0.000000 -2.366436 
229000 1145.000000 -0.591631 1.392418 0.000000 0.304757 0.731047 0.000000 -0.791813 
230000 1150.000000 -0.789083 1.231201 0.000000 -1.818232 0.230987 0.000000 -2.164712 
231000 1155.000000 -0.533638 1.334853 0.000000 -1.618340 0.465488 0.000000 -2.316572 
232000 1160.000000 -0.641468 1.373220 0.000000 0.253534 0.965936 0.000000 -1.195370 
233000 1165.000000 -0.570901 1.433571 0.000000 0.171892 0.262777 0.000000 -0.222273 
234000 1170.000000 -0.647697 1.406617 0.000000 0.056240 1.005631 0.000000 -1.452207 
235000 1175.000000 -0.476044 1.540164 0.000000 0.302842 1.342674 0.000000 -1.711169 
236000 1180.000000 -0.415112 1.428378 0.000000 -1.021290 3.433172 0.000000 -6.171047 
237000 1185.000000 -0.636113 1.396316 0.000000 -0.000444 0.473722 0.000000 -0.711026 
238000 1190.000000 -0.633482 1.452241 0.000000 -0.576931 0.453294 0.000000 -1.256873 
239000 1195.000000 -0.435411 1.615688 0.000000 -0.977607 0.645108 0.000000 -1.945269 
240000 1200.000000 -0.455877 1.535832 0.000000 0.024684 0.880395 0.000000 -1.295908 
241000 1205.000000 -0.693252 1.373561 0.000000 0.230486 2.209463 0.000000 -3.083708 
242000 1210.000000 -0.613011 1.475117 0.000000 -0.631569 0.354902 0.000000 -1.163923 
243000 1215.000000 -0.773517 1.096526 0.000000 -3.080001 2.361314 0.000000 -6.621972 
244000 1220.000000 -0.556798 1.389496 0.000000 -0.108988 0.377684 0.000000 -0.675514 
245000 1225.000000 -0.567654 1.382736 0.000000 0.013440 0.575417 0.000000 -0.849685 
246000 1230.000000 -0.367156 1.615069 0.000000 -1.359512 0.476741 0.000000 -2.074623 
247000 1235.000000 -0.565084 1.416692 0.000000 0.644433 1.289665 0.000000 -1.290065 
248000 1240.000000 -0.509417 1.574072 0.000000 -0.236336 1.761962 0.000000 -2.879278 
249000 1245.000000 -0.537510 1.410082 0.000000 0.111786 0.749074 0.000000 -1.011824 
250000 1250.000000 -0.552291 1.441956 0.000000 0.655626 1.227423 0.000000 -1.185509 
251000 1255.000000 -0.395862 1.554992 0.000000 -0.900382 0.465802 0.000000 -1.599085 
252000 1260.000000 -0.426195 1.573521 0.000000 -0.538918 0.489839 0.000000 -1.273676 
253000 1265.000000 -0.751117 1.328676 0.000000 -1.329772 0.512552 0.000000 -2.098600 
254000 1270.000000 -0.682738 1.368931 0.000000 -0.287362 0.749234 0.000000 -1.411213 
255000 1275.000000 -0.434228 1.562265 0.000000 0.014017 1.363104 0.000000 -2.030639 
256000 1280.000000 -0.631940 1.264466 0.000000 -1.526751 0.371636 0.000000 -2.084205 
257000 1285.000000 -0.553084 1.510219 0.000000 0.866432 2.658277 0.000000 -3.120984 
258000 1290.000000 -0.500006 1.533103 0.000000 -0.221852 0.232615 0.000000 -0.570775 
259000 1295.000000 -0.626632 1.389823 0.000000 0.649932 1.586246 0.000000 -1.729437 
260000 1300.000000 -0.729119 1.218405 0.000000 -1.504541 0.563037 0.000000 -2.349096 
261000 1305.000000 -0.658713 1.298351 0.000000 0.274928 2.108255 0.000000 -2.887454 
262000 1310.000000 -0.440065 1.455730 0.000000 -1.309432 0.081568 0.000000 -1.431784 
263000 1315.000000 -0.597751 1.292894 0.000000 -1.389561 0.380346 0.000000 -1.960079 
264000 1320.000000 -0.635873 1.501079 0.000000 0.037310 3.987249 0.000000 -5.943564 
265000 1325.000000 -0.696414 1.264441 0.000000 -0.760757 0.773350 0.000000 -1.920783 
266000 1330.000000 -0.552610 1.451383 0.000000 0.585604 1.091576 0.000000 -1.051760 
267000 1335.000000 -0.543000 1.520120 0.000000 -0.241505 0.529752 0.000000 -1.036133 
268000 1340.000000 -0.534163 1.444604 0.000000 1.583253 3.198972 0.000000 -3.215205 
269000 1345.000000 -0.678052 1.391189 0.000000 -0.452371 0.677754 0.000000 -1.469002 
270000 1350.000000 -0.419886 1.612411 0.000000 0.036106 2.523383 0.000000 -3.748969 
271000 1355.000000 -0.649147 1.298541 0.000000 -0.250887 1.161709 0.000000 -1.993451 
272000 1360.000000 -0.687843 1.301139 0.000000 -0.325088 0.839796 0.000000 -1.584781 
273000 1365.000000 -0.556797 1.418907 0.000000 0.244937 0.555969 0.000000 -0.589017 
274000 1370.000000 -0.620101 1.460314 0.000000 -0.128507 1.135469 0.000000 -1.831710 
275000 1375.000000 -0.549382 1.401348 0.000000 -0.157268 0.173942 0.000000 -0.418181 
276000 1380.000000 -0.349378 1.643590 0.000000 -1.860754 0.343308 0.000000 -2.375716 
277000 1385.000000 -0.445930 1.499539 0.000000 -0.457462 0.366278 0.000000 -1.006878 
278000 1390.000000 -0.319705 1.575566 0.000000 -1.659166 2.318106 0.000000 -5.136325 
279000 1395.000000 -0.525832 1.424943 0.000000 -0.231863 0.011584 0.000000 -0.249238 
280000 1400.000000 -0.578701 1.403579 0.000000 0.664432 1.398891 0.000000 -1.433905 
281000 1405.000000 -0.624582 1.327255 0.000000 -0.474844 0.186963 0.000000 -0.755288 
282000 1410.000000 -0.394501 1.512555 0.000000 1.006452 5.151139 0.000000 -6.720256 
283000 1415.000000 -0.445369 1.496085 0.000000 -0.640292 0.075128 0.000000 -0.752984 
284000 1420.000000 -0.712248 1.291169 0.000000 -0.077252 1.715998 0.000000 -2.651249 
285000 1425.000000 -0.808355 1.301744 0.000000 -1.899285 1.574767 0.000000 -4.261435 
286000 1430.000000 -0.500765 1.518946 0.000000 -0.020931 0.391525 0.000000 -0.608218 
287000 1435.000000 -0.605453 1.438078 0.000000 0.378142 1.160039 0.000000 -1.361916 
288000 1440.000000 -0.733012 1.261461 0.000000 -0.518264 1.480082 0.000000 -2.738388 
289000 1445.000000 -0.612026 1.457392 0.000000 -0.138482 0.733123 0.000000 -1.238166 
290000 1450.000000 -0.359206 1.608538 0.000000 -0.781694 1.827618 0.000000 -3.523121 
291000 1455.000000 -0.381983 1.559087 0.000000 -0.326559 2.105280 0.000000 -3.484480 
292000 1460.000000 -0.419772 1.617063 0.000000 -0.952423 0.687023 0.000000 -1.982957 
293000 1465.000000 -0.505550 1.408086 0.000000 -0.709327 0.146793 0.000000 -0.929517 
294000 1470.000000 -0.513110 1.409222 0.000000 0.107772 1.468291 0.000000 -2.094664 
295000 1475.000000 -0.649172 1.293498 0.000000 0.625856 3.072777 0.000000 -3.983310 
296000 1480.000000 -0.559634 1.552401 0.000000 -0.567540 1.808229 0.000000 -3.279883 
297000 1485.000000 -0.622686 1.344335 0.000000 0.487332 1.698416 0.000000 -2.060292 
298000 1490.000000 -0.554054 1.322946 0.000000 -1.598738 0.200983 0.000000 -1.900212 
299000 1495.000000 -0.706882 1.374549 0.000000 -0.653973 1.023015 0.000000 -2.188495 
300000 1500.000000 -0.543201 1.446560 0.000000 0.650796 1.257372 0.000000 -1.235261 
301000 1505.000000 -0.518004 1.478313 0.000000 0.360415 0.780916 0.000000 -0.810959 
302000 1510.000000 -0.739065 1.194935 0.000000 -1.869455 0.640138 0.000000 -2.829663 
303000 1515.000000 -0.557134 1.487026 0.000000 0.337737 1.086186 0.000000 -1.291542 
304000 1520.000000 -0.641755 1.352296 0.000000 -0.018141 0.538107 0.000000 -0.825302 
305000 1525.000000 -0.750030 1.315281 0.000000 -1.095349 0.715164 0.000000 -2.168096 
306000 1530.000000 -0.388182 1.520176 0.000000 -1.494282 0.249497 0.000000 -1.868528 
307000 1535.000000 -0.506391 1.468240 0.000000 -0.016962 0.172292 0.000000 -0.275400 
308000 1540.000000 -0.456244 1.461567 0.000000 -0.782706 0.200883 0.000000 -1.084031 
309000 1545.000000 -0.680739 1.305271 0.000000 0.232412 1.846114 0.000000 -2.536758 
310000 1550.000000 -0.439537 1.621317 0.000000 -1.291550 0.297034 0.000000 -1.737101 
311000 1555.000000 -0.535340 1.529610 0.000000 -0.232811 0.681396 0.000000 -1.254905 
312000 1560.000000 -0.443127 1.569038 0.000000 -0.196726 0.958810 0.000000 -1.634942 
313000 1565.000000 -0.502622 1.441906 0.000000 -0.178386 0.320102 0.000000 -0.658539 
314000 1570.000000 -0.489374 1.535379 0.000000 -0.052247 0.575850 0.000000 -0.916023 
315000 1575.000000 -0.752132 1.179595 0.000000 -2.280373 0.301129 0.000000 -2.732065 
316000 1580.000000 -0.662135 1.306955 0.000000 -0.640518 0.061761 0.000000 -0.733160 
317000 1585.000000 -0.715202 1.244392 0.000000 -1.377063 0.070547 0.000000 -1.482883 
318000 1590.000000 -0.547298 1.439929 0.000000 0.389359 0.745413 0.000000 -0.728760 
319000 1595.000000 -0.426747 1.468441 0.000000 -1.226916 0.476558 0.000000 -1.941753 
320000 1600.000000 -0.527537 1.368574 0.000000 -0.973992 0.360542 0.000000 -1.514806 
321000 1605.000000 -0.596768 1.530426 0.000000 -0.834126 1.815460 0.000000 -3.557316 
322000 1610.000000 -0.581147 1.457092 0.000000 0.250485 0.768598 0.000000 -0.902412 
323000 1615.000000 -0.559926 1.450050 0.000000 0.348297 0.662346 0.000000 -0.645222 
324000 1620.000000 -0.727723 1.356110 0.000000 -1.261160 0.269311 0.000000 -1.665127 
325000 1625.000000 -0.601797 1.427754 0.000000 0.009920 0.231083 0.000000 -0.336705 
326000 1630.000000 -0.543967 1.425283 0.000000 0.825630 1.805938 0.000000 -1.883277 
327000 1635.000000 -0.414794 1.623126 0.000000 -1.353428 0.103842 0.000000 -1.509191 
328000 1640.000000 -0.437889 1.642883 0.000000 -1.743112 0.381527 0.000000 -2.315403 
329000 1645.000000 -0.570165 1.601814 0.000000 -3.264727 0.094822 0.000000 -3.406960 
330000 1650.000000 -0.714017 1.306539 0.000000 -0.719791 0.381914 0.000000 -1.292662 
331000 1655.000000 -0.489880 1.553188 0.000000 -0.520506 0.094366 0.000000 -0.662054 
332000 1660.000000 -0.614478 1.283568 0.000000 -1.194967 0.700711 0.000000 -2.246033 
333000 1665.000000 -0.514103 1.456825 0.000000 1.009858 2.247919 0.000000 -2.362021 
334000 1670.000000 -0.508771 1.538809 0.000000 -0.470130 0.025767 0.000000 -0.508780 
335000 1675.000000 -0.453849 1.435803 0.000000 1.090519 5.020804 0.000000 -6.440687 
336000 1680.000000 -0.593924 1.356411 0.000000 -0.228649 0.346011 0.000000 -0.747665 
337000 1685.000000 -0.525546 1.539087 0.000000 -0.252191 0.772151 0.000000 -1.410417 
338000 1690.000000 -0.504908 1.456150 0.000000 -0.166428 0.058638 0.000000 -0.254384 
339000 1695.000000 -0.576779 1.447451 0.000000 0.504893 1.090275 0.000000 -1.130520 
340000 1700.000000 -0.446799 1.448621 0.000000 -0.969657 0.738730 0.000000 -2.077752 
341000 1705.000000 -0.628844 1.333729 0.000000 0.183238 1.310702 0.000000 -1.782814 
342000 1710.000000 -0.532888 1.431628 0.000000 0.067572 0.371149 0.000000 -0.489151 
343000 1715.000000 -0.507942 1.427156 0.000000 0.613263 2.142382 0.000000 -2.600310 
344000 1720.000000 -0.702373 1.384684 0.000000 -1.159390 0.109874 0.000000 -1.324202 
345000 1725.000000 -0.333331 1.656276 0.000000 -1.151124 2.401616 0.000000 -4.753548 
346000 1730.000000 -0.619441 1.367326 0.000000 0.133331 0.661062 0.000000 -0.858262 
347000 1735.000000 -0.329371 1.615581 0.000000 -1.952201 0.661098 0.000000 -2.943848 
348000 1740.000000 -0.476973 1.446226 0.000000 -0.379239 0.676985 0.000000 -1.394717 
349000 1745.000000 -0.646913 1.390700 0.000000 0.017140 0.722979 0.000000 -1.067328 
350000 1750.000000 -0.696701 1.362500 0.000000 -0.685907 0.345032 0.000000 -1.203455 
351000 1755.000000 -0.672315 1.289117 0.000000 -0.853336 0.054243 0.000000 -0.934702 
352000 1760.000000 -0.759990 1.263083 0.000000 -1.147850 0.716875 0.000000 -2.223161 
353000 1765.000000 -0.473774 1.451490 0.000000 -0.671310 0.065995 0.000000 -0.770302 
354000 1770.000000 -0.530660 1.423938 0.000000 -0.175600 0.067838 0.000000 -0.277357 
355000 1775.000000 -0.675569 1.330593 0.000000 -0.254459 0.574337 0.000000 -1.115964 
356000 1780.000000 -0.590031 1.344651 0.000000 -0.520158 0.202341 0.000000 -0.823669 
357000 1785.000000 -0.357055 1.636019 0.000000 -0.885633 2.002678 0.000000 -3.889649 
358000 1790.000000 -0.599421 1.374294 0.000000 -0.122763 0.121396 0.000000 -0.304857 
359000 1795.000000 -0.686527 1.295553 0.000000 -0.158065 1.294712 0.000000 -2.100133 
360000 1800.000000 -0.510533 1.524525 0.000000 -0.137662 0.358686 0.000000 -0.675691 
361000 1805.000000 -0.838465 1.247402 0.000000 -2.753581 0.281101 0.000000 -3.175233 
362000 1810.000000 -0.583451 1.427752 0.000000 0.101259 0.220108 0.000000 -0.228903 
363000 1815.000000 -0.662676 1.417237 0.000000 -0.416263 0.878007 0.000000 -1.733274 
364000 1820.000000 -0.543291 1.423682 0.000000 0.250665 0.708164 0.000000 -0.811582 
365000 1825.000000 -0.634057 1.409135 0.000000 -0.006127 0.620728 0.000000 -0.937219 
366000 1830.000000 -0.739774 1.302149 0.000000 -1.235972 0.000169 0.000000 -1.236225 
367000 1835.000000 -0.587316 1.495292 0.000000 -0.311655 0.863683 0.000000 -1.607179 
368000 1840.000000 -0.594277 1.415660 0.000000 0.181428 0.430709 0.000000 -0.464635 
369000 1845.000000 -0.548050 1.503805 0.000000 -0.255260 0.172731 0.000000 -0.514357 
370000 1850.000000 -0.687746 1.285326 0.000000 -0.542868 0.732266 0.000000 -1.641268 
371000 1855.000000 -0.483045 1.435122 0.000000 0.629248 2.798296 0.000000 -3.568196 
372000 1860.000000 -0.422416 1.480595 0.000000 -0.780078 1.175287 0.000000 -2.543009 
373000 1865.000000 -0.538868 1.513805 0.000000 0.068991 0.899557 0.000000 -1.280344 
374000 1870.000000 -0.621619 1.413554 0.000000 0.118960 0.641241 0.000000 -0.842902 
375000 1875.000000 -0.374283 1.629638 0.000000 -1.037115 1.234662 0.000000 -2.889107 
376000 1880.000000 -1.046382 0.977519 0.000000 -6.907376 0.041490 0.000000 -6.969611 
377000 1885.000000 -0.562604 1.457432 0.000000 0.011110 0.062928 0.000000 -0.083282 
378000 1890.000000 -0.561807 1.456242 0.000000 1.275302 2.578891 0.000000 -2.593034 
379000 1895.000000 -0.598947 1.476822 0.000000 -0.583470 0.055593 0.000000 -0.666859 
380000 1900.000000 -0.389120 1.621455 0.000000 -1.210879 0.502262 0.000000 -1.964272 
381000 1905.000000 -0.361014 1.723000 0.000000 -3.526524 0.013818 0.000000 -3.547251 
382000 1910.000000 -0.874546 1.197268 0.000000 -2.798783 1.253589 0.000000 -4.679166 
383000 1915.000000 -0.562957 1.356331 0.000000 -0.248597 1.041436 0.000000 -1.810751 
384000 1920.000000 -0.522919 1.346147 0.000000 -1.086112 1.483214 0.000000 -3.310933 
385000 1925.000000 -0.562607 1.373096 0.000000 0.147746 1.268493 0.000000 -1.754994 
386000 1930.000000 -0.414961 1.533961 0.000000 -0.849371 0.153580 0.000000 -1.079741 
387000 1935.000000 -0.554744 1.346731 0.000000 -0.585160 1.051709 0.000000 -2.162724 
388000 1940.000000 -0.601788 1.440495 0.000000 0.229901 0.859510 0.000000 -1.059365 
389000 1945.000000 -0.565260 1.441016 0.000000 0.455916 0.876416 0.000000 -0.858707 
390000 1950.000000 -0.566481 1.275438 0.000000 -2.459835 0.718238 0.000000 -3.537193 
391000 1955.000000 -0.586972 1.481496 0.000000 -0.462508 0.073302 0.000000 -0.572462 
392000 1960.000000 -0.784161 1.215130 0.000000 -1.720230 0.566624 0.000000 -2.570165 
393000 1965.000000 -0.571552 1.440311 0.000000 1.445842 2.877672 0.000000 -2.870665 
394000 1970.000000 -0.360621 1.636979 0.000000 -1.846166 0.022179 0.000000 -1.879435 
395000 1975.000000 -0.631017 1.357466 0.000000 -0.184532 0.148702 0.000000 -0.407584 
396000 1980.000000 -0.729126 1.292473 0.000000 -0.653362 0.885347 0.000000 -1.981383 
397000 1985.000000 -0.701339 1.339920 0.000000 -0.590850 0.426966 0.000000 -1.231299 
398000 1990.000000 -0.546086 1.416724 0.000000 0.153782 0.583274 0.000000 -0.721129 
399000 1995.000000 -0.542543 1.451675 0.000000 0.473740 0.927897 0.000000 -0.918105 
400000 2000.000000 -0.731349 1.346316 0.000000 -1.010166 0.723362 0.000000 -2.095208 
401000 2005.000000 -0.611785 1.402760 0.000000 -0.054024 0.092446 0.000000 -0.192693 
402000 2010.000000 -0.665788 1.359872 0.000000 0.414084 1.714776 0.000000 -2.158079 
403000 2015.000000 -0.596862 1.484448 0.000000 -0.172029 1.081976 0.000000 -1.794994 
404000 2020.000000 -0.612500 1.455017 0.000000 -0.396105 0.213785 0.000000 -0.716783 
405000 2025.000000 -0.527437 1.336240 0.000000 -1.777457 0.437029 0.000000 -2.433000 
406000 2030.000000 -0.584712 1.487421 0.000000 -0.493262 0.133638 0.000000 -0.693719 
407000 2035.000000 -0.594110 1.416628 0.000000 0.064479 0.192118 0.000000 -0.223698 
408000 2040.000000 -0.774213 1.370215 0.000000 -2.399244 1.011499 0.000000 -3.916493 
409000 2045.000000 -0.653215 1.346940 0.000000 0.200772 1.133858 0.000000 -1.500015 
410000 2050.000000 -0.677686 1.241836 0.000000 -1.299279 0.756454 0.000000 -2.433960 
411000 2055.000000 -0.617504 1.469487 0.000000 -0.614337 0.404866 0.000000 -1.221636 
412000 2060.000000 -0.690878 1.369261 0.000000 -0.556404 0.516699 0.000000 -1.331453 
413000 2065.000000 -0.605687 1.406040 0.000000 0.110394 0.352625 0.000000 -0.418543 
414000 2070.000000 -0.459678 1.494282 0.000000 0.228770 1.419241 0.000000 -1.900091 
415000 2075.000000 -0.378000 1.424492 0.000000 -4.156317 0.162121 0.000000 -4.399498 
416000 2080.000000 -0.373306 1.426289 0.000000 -2.914955 2.889628 0.000000 -7.249397 
417000 2085.000000 -0.538813 1.359762 0.000000 -0.929740 0.394088 0.000000 -1.520873 
418000 2090.000000 -0.595507 1.528376 0.000000 -1.031163 1.262548 0.000000 -2.924986 
419000 2095.000000 -0.505976 1.495624 0.000000 -0.027860 0.153711 0.000000 -0.258426 
420000 2100.000000 -0.624785 1.348965 0.000000 0.394197 1.432870 0.000000 -1.755108 
421000 2105.000000 -0.495164 1.490324 0.000000 1.122610 2.526543 0.000000 -2.667205 
422000 2110.000000 -0.674878 1.298443 0.000000 -0.486435 0.549976 0.000000 -1.311399 
423000 2115.000000 -0.533883 1.464683 0.000000 0.349239 0.690208 0.000000 -0.686072 
424000 2120.000000 -0.723307 1.555262 0.000000 -6.849098 0.211622 0.000000 -7.166531 
425000 2125.000000 -0.482855 1.450325 0.000000 1.521401 4.145292 0.000000 -4.696537 
426000 2130.000000 -0.615918 1.356073 0.000000 -0.241674 0.081728 0.000000 -0.364266 
427000 2135.000000 -0.550614 1.555566 0.000000 -0.926193 0.918345 0.000000 -2.303710 
428000 2140.000000 -0.500858 1.418030 0.000000 -0.656798 0.121803 0.000000 -0.839502 
429000 2145.000000 -0.373107 1.569493 0.000000 -1.269294 0.502547 0.000000 -2.023114 
430000 2150.000000 -0.524858 1.403669 0.000000 0.441341 1.968650 0.000000 -2.511633 
431000 2155.000000 -0.651497 1.423753 0.000000 0.339910 2.143044 0.000000 -2.874656 
432000 2160.000000 -0.563083 1.382805 0.000000 -0.343541 0.000178 0.000000 -0.343808 
433000 2165.000000 -0.613772 1.398411 0.000000 0.431380 1.065773 0.000000 -1.167279 
434000 2170.000000 -0.642184 1.403989 0.000000 0.172772 1.094619 0.000000 -1.469156 
435000 2175.000000 -0.581629 1.371705 0.000000 0.280844 1.183226 0.000000 -1.493995 
436000 2180.000000 -0.614806 1.443390 0.000000 -0.000888 0.767766 0.000000 -1.152536 
437000 2185.000000 -0.732836 1.371401 0.000000 -1.059578 1.363408 0.000000 -3.104691 
438000 2190.000000 -0.574475 1.452245 0.000000 0.042944 0.203092 0.000000 -0.261694 
439000 2195.000000 -0.458555 1.509669 0.000000 -0.235712 0.375007 0.000000 -0.798222 
440000 2200.000000 -0.653728 1.346905 0.000000 -0.059365 0.626717 0.000000 -0.999440 
441000 2205.000000 -0.591602 1.358183 0.000000 -0.229272 0.348221 0.000000 -0.751604 
442000 2210.000000 -0.487956 1.412742 0.000000 -0.812510 0.533723 0.000000 -1.613093 
443000 2215.000000 -0.678560 1.308224 0.000000 -0.465065 0.427383 0.000000 -1.106139 
444000 2220.000000 -0.513471 1.391919 0.000000 -0.323249 1.263747 0.000000 -2.218869 
445000 2225.000000 -0.662004 1.383899 0.000000 -0.473079 0.034987 0.000000 -0.525561 
446000 2230.000000 -0.858930 1.076495 0.000000 -2.519786 3.395515 0.000000 -7.613059 
447000 2235.000000 -0.397032 1.590729 0.000000 -0.829354 0.629591 0.000000 -1.773741 
448000 2240.000000 -0.639087 1.466184 0.000000 -0.528490 1.351869 0.000000 -2.556293 
449000 2245.000000 -0.521265 1.469913 0.000000 0.087734 0.227395 0.000000 -0.253357 
450000 2250.000000 -0.694076 1.309663 0.000000 -0.658156 0.149104 0.000000 -0.881812 
451000 2255.000000 -0.752325 1.208553 0.000000 -1.403362 1.061892 0.000000 -2.996200 
452000 2260.000000 -0.403244 1.540327 0.000000 -0.718433 0.752181 0.000000 -1.846705 
453000 2265.000000 -0.343530 1.614831 0.000000 -1.660194 0.662968 0.000000 -2.654647 
454000 2270.000000 -0.531572 1.440250 0.000000 0.063414 0.259221 0.000000 -0.325418 
455000 2275.000000 -0.336874 1.422819 0.000000 -4.689082 2.602592 0.000000 -8.592969 
456000 2280.000000 -0.645915 1.434922 0.000000 -0.138963 1.295097 0.000000 -2.081608 
457000 2285.000000 -0.694850 1.331310 0.000000 0.781461 2.965696 0.000000 -3.667084 
458000 2290.000000 -0.427766 1.412321 0.000000 -2.104767 1.367766 0.000000 -4.156417 
459000 2295.000000 -0.621253 1.347866 0.000000 1.412188 3.529180 0.000000 -3.881582 
460000 2300.000000 -0.557597 1.421157 0.000000 0.680200 1.432014 0.000000 -1.467821 
461000 2305.000000 -0.541666 1.309359 0.000000 -2.370387 0.092937 0.000000 -2.509793 
462000 2310.000000 -0.410074 1.536207 0.000000 -0.095944 1.818833 0.000000 -2.824194 
463000 2315.000000 -0.442167 1.629784 0.000000 -1.156876 1.011691 0.000000 -2.674413 
464000 2320.000000 -0.605841 1.507000 0.000000 -1.184066 0.374331 0.000000 -1.745562 
465000 2325.000000 -0.448993 1.332213 0.000000 -3.908678 1.521755 0.000000 -6.191311 
466000 2330.000000 -0.464342 1.450066 0.000000 -0.681486 0.474035 0.000000 -1.392538 
467000 2335.000000 -0.634965 1.204427 0.000000 -3.014708 0.869044 0.000000 -4.318273 
468000 2340.000000 -0.260249 1.635782 0.000000 -3.941864 0.290475 0.000000 -4.377576 
469000 2345.000000 -0.491565 1.500141 0.000000 -0.162629 0.026289 0.000000 -0.202062 
470000 2350.000000 -0.488969 1.619306 0.000000 -1.925758 0.125066 0.000000 -2.113357 
471000 2355.000000 -0.498492 1.457560 0.000000 1.929751 4.401455 0.000000 -4.672430 
472000 2360.000000 -0.648612 1.290598 0.000000 -0.673476 0.643067 0.000000 -1.638077 
473000 2365.000000 -0.649442 1.418368 0.000000 -0.175902 0.922259 0.000000 -1.559291 
474000 2370.000000 -0.451559 1.503374 0.000000 0.427379 1.961022 0.000000 -2.514154 
475000 2375.000000 -0.544775 1.451300 0.000000 0.069050 0.128910 0.000000 -0.124315 
476000 2380.000000 -0.579580 1.368316 0.000000 -0.322201 0.127221 0.000000 -0.513032 
477000 2385.000000 -0.542126 1.380858 0.000000 -0.195557 0.934085 0.000000 -1.596685 
478000 2390.000000 -0.525137 1.485353 0.000000 0.834922 1.811514 0.000000 -1.882349 
479000 2395.000000 -0.618067 1.451341 0.000000 -0.447079 0.205692 0.000000 -0.755617 
480000 2400.000000 -0.472880 1.423928 0.000000 -1.036607 0.349946 0.000000 -1.561526 
481000 2405.000000 -0.548447 1.472137 0.000000 0.137937 0.392213 0.000000 -0.450382 
482000 2410.000000 -0.730820 1.349581 0.000000 0.125383 3.063378 0.000000 -4.469685 
483000 2415.000000 -0.626636 1.199165 0.000000 -3.219612 1.219006 0.000000 -5.048120 
484000 2420.000000 -0.732506 1.151704 0.000000 -2.796302 0.990353 0.000000 -4.281831 
485000 2425.000000 -0.486019 1.597574 0.000000 -1.156736 0.443136 0.000000 -1.821440 
486000 2430.000000 -0.521036 1.553226 0.000000 -0.329735 1.065496 0.000000 -1.927978 
487000 2435.000000 -0.650864 1.467674 0.000000 -1.418454 0.240822 0.000000 -1.779688 
488000 2440.000000 -0.505371 1.471240 0.000000 0.952167 2.150144 0.000000 -2.273049 
489000 2445.000000 -0.644971 1.349774 0.000000 0.505864 1.673085 0.000000 -2.003762 
490000 2450.000000 -0.751921 1.188399 0.000000 -1.867280 0.831746 0.000000 -3.114900 
491000 2455.000000 -0.578487 1.500725 0.000000 0.303504 1.995903 0.000000 -2.690351 
492000 2460.000000 -0.560219 1.476134 0.000000 0.045028 0.372872 0.000000 -0.514280 
493000 2465.000000 -0.607148 1.332360 0.000000 0.002327 1.298863 0.000000 -1.945968 
494000 2470.000000 -0.695438 1.413685 0.000000 -0.876916 1.321064 0.000000 -2.858511 
495000 2475.000000 -0.391221 1.579975 0.000000 -0.730528 0.931674 0.000000 -2.128040 
496000 2480.000000 -0.550967 1.503260 0.000000 1.569057 3.871160 0.000000 -4.237684 
497000 2485.000000 -0.478117 1.494034 0.000000 0.320163 1.188934 0.000000 -1.463239 
498000 2490.000000 -0.366491 1.636261 0.000000 -1.773413 0.049587 0.000000 -1.847794 
499000 2495.000000 -0.582931 1.314067 0.000000 -0.454229 1.798504 0.000000 -3.151985 
