0 0.000000 -0.550000 1.450000 0.000000 0.138640 0.092427 0.000000 0.000000 
0 0.000000 -0.549613 1.449354 0.000000 0.148782 0.112735 0.000000 -0.020320 
1000 5.000000 -0.565887 1.412717 0.000000 0.760154 1.451591 0.000000 -1.417233 
2000 10.000000 -0.555022 1.533980 0.000000 -0.586883 0.416750 0.000000 -1.212008 
3000 15.000000 -0.606723 1.421719 0.000000 0.139865 0.358241 0.000000 -0.397496 
4000 20.000000 -0.578287 1.397052 0.000000 1.409188 2.845270 0.000000 -2.858717 
5000 25.000000 -0.475335 1.439620 0.000000 -0.599820 0.199234 0.000000 -0.898671 
6000 30.000000 -0.719031 1.330743 0.000000 -0.294667 1.110240 0.000000 -1.960027 
7000 35.000000 -0.899845 1.217840 0.000000 -3.675143 0.120967 0.000000 -3.856593 
8000 40.000000 -0.652068 1.395214 0.000000 0.291616 1.235586 0.000000 -1.561763 
9000 45.000000 -0.550557 1.448215 0.000000 0.359582 0.545058 0.000000 -0.458005 
10000 50.000000 -0.610142 1.317219 0.000000 -0.250074 0.941461 0.000000 -1.662266 
11000 55.000000 -0.578084 1.387402 0.000000 1.034057 2.236728 0.000000 -2.321035 
12000 60.000000 -0.663493 1.308730 0.000000 -0.336884 0.386242 0.000000 -0.916248 
13000 65.000000 -0.793106 1.298632 0.000000 -1.416670 1.115076 0.000000 -3.089284 
14000 70.000000 -0.537304 1.547286 0.000000 -0.785861 0.020746 0.000000 -0.816980 
15000 75.000000 -0.472049 1.549071 0.000000 0.028164 0.770490 0.000000 -1.127572 
16000 80.000000 -0.413580 1.557652 0.000000 -0.552894 0.341586 0.000000 -1.065273 
17000 85.000000 -0.595367 1.438571 0.000000 0.332486 0.747703 0.000000 -0.789069 
18000 90.000000 -0.690296 1.312350 0.000000 0.480212 2.080504 0.000000 -2.640544 
19000 95.000000 -0.624722 1.372808 0.000000 0.124247 0.425659 0.000000 -0.514242 
20000 100.000000 -0.726881 1.249447 0.000000 -0.500846 1.305919 0.000000 -2.459725 
21000 105.000000 -0.689986 1.255666 0.000000 -0.970563 0.288315 0.000000 -1.403036 
22000 110.000000 -0.598074 1.475509 0.000000 0.078802 1.049729 0.000000 -1.495791 
23000 115.000000 -0.541080 1.388123 0.000000 0.215753 1.265248 0.000000 -1.682119 
24000 120.000000 -0.703687 1.238855 0.000000 -1.250570 0.141055 0.000000 -1.462153 
25000 125.000000 -0.388991 1.568223 0.000000 -0.866786 0.338899 0.000000 -1.375134 
26000 130.000000 -0.567094 1.501103 0.000000 -0.115821 0.574749 0.000000 -0.977944 
27000 135.000000 -0.539134 1.485511 0.000000 -0.002043 0.012370 0.000000 -0.020597 
28000 140.000000 -0.620391 1.363051 0.000000 0.069906 0.394691 0.000000 -0.522130 
29000 145.000000 -0.636815 1.327598 0.000000 -0.078030 0.618543 0.000000 -1.005844 
30000 150.000000 -0.610188 1.341036 0.000000 0.038085 0.806111 0.000000 -1.171082 
31000 155.000000 -0.612563 1.354332 0.000000 0.312747 1.047654 0.000000 -1.258734 
32000 160.000000 -0.755437 1.243027 0.000000 -1.032775 0.603264 0.000000 -1.937672 
33000 165.000000 -0.614694 1.448031 0.000000 -0.067079 0.512509 0.000000 -0.835843 
34000 170.000000 -0.279298 1.740489 0.000000 -3.324685 0.723096 0.000000 -4.409329 
35000 175.000000 -0.803310 1.146014 0.000000 -2.183886 0.822488 0.000000 -3.417618 
36000 180.000000 -0.604588 1.451178 0.000000 0.271821 1.002322 0.000000 -1.231662 
37000 185.000000 -0.873259 1.170919 0.000000 -2.667249 0.583757 0.000000 -3.542885 
38000 190.000000 -0.535906 1.424964 0.000000 0.180701 0.480804 0.000000 -0.540506 
39000 195.000000 -0.807302 1.304179 0.000000 -1.696708 1.332568 0.000000 -3.695560 
40000 200.000000 -0.550240 1.495510 0.000000 0.458738 1.226515 0.000000 -1.381034 
41000 205.000000 -0.696190 1.385226 0.000000 -0.163632 1.485677 0.000000 -2.392146 
42000 210.000000 -0.548679 1.500781 0.000000 -0.169295 0.060893 0.000000 -0.260635 
43000 215.000000 -0.377123 1.658009 0.000000 -1.646902 0.216916 0.000000 -1.972275 
44000 220.000000 -0.433684 1.464852 0.000000 -0.756943 0.788674 0.000000 -1.939954 
45000 225.000000 -0.356686 1.700019 0.000000 -1.723728 1.648479 0.000000 -4.196447 
46000 230.000000 -0.602762 1.443004 0.000000 0.764052 1.785417 0.000000 -1.914075 
47000 235.000000 -0.512891 1.573802 0.000000 -0.557266 0.854927 0.000000 -1.839657 
48000 240.000000 -0.663025 1.211111 0.000000 -1.977452 0.679869 0.000000 -2.997256 
49000 245.000000 -0.566985 1.440658 0.000000 0.724318 1.265015 0.000000 -1.173205 
50000 250.000000 -0.705811 1.177472 0.000000 -1.600909 1.922892 0.000000 -4.485248 
51000 255.000000 -0.494887 1.444580 0.000000 1.287700 3.210957 0.000000 -3.528735 
52000 260.000000 -0.539308 1.366495 0.000000 -0.740294 0.122432 0.000000 -0.923942 
53000 265.000000 -0.566069 1.302126 0.000000 -1.111929 1.250159 0.000000 -2.987168 
54000 270.000000 -0.574890 1.395178 0.000000 1.168788 2.400133 0.000000 -2.431411 
55000 275.000000 -0.698397 1.427207 0.000000 -0.681240 1.881294 0.000000 -3.503181 
56000 280.000000 -0.618982 1.339729 0.000000 -0.312236 0.023801 0.000000 -0.347937 
57000 285.000000 -0.485954 1.709152 0.000000 -4.219114 0.674886 0.000000 -5.231443 
58000 290.000000 -0.679993 1.273060 0.000000 0.015234 1.819387 0.000000 -2.713846 
59000 295.000000 -0.585738 1.510389 0.000000 -0.371035 0.918591 0.000000 -1.748921 
60000 300.000000 -0.810126 1.241075 0.000000 -1.338265 1.233566 0.000000 -3.188614 
61000 305.000000 -0.467601 1.542643 0.000000 -0.226094 0.140639 0.000000 -0.437054 
62000 310.000000 -0.428456 1.520981 0.000000 -0.398566 0.449253 0.000000 -1.072445 
63000 315.000000 -0.661875 1.293362 0.000000 -0.586017 0.213439 0.000000 -0.906175 
64000 320.000000 -0.660299 1.385923 0.000000 0.175735 1.060725 0.000000 -1.415353 
65000 325.000000 -0.296990 1.696023 0.000000 -2.613829 0.500430 0.000000 -3.364474 
66000 330.000000 -0.443030 1.534430 0.000000 -0.146801 0.524901 0.000000 -0.934152 
67000 335.000000 -0.839857 1.152504 0.000000 -2.393995 0.516011 0.000000 -3.168012 
68000 340.000000 -0.697391 1.357992 0.000000 -0.119252 1.113388 0.000000 -1.789334 
69000 345.000000 -0.534240 1.430914 0.000000 1.042725 2.139084 0.000000 -2.165900 
70000 350.000000 -0.447406 1.570566 0.000000 -0.398058 0.307361 0.000000 -0.859099 
71000 355.000000 -0.513898 1.556318 0.000000 -0.010163 1.316561 0.000000 -1.985005 
72000 360.000000 -0.471443 1.489671 0.000000 0.696266 1.892297 0.000000 -2.142179 
73000 365.000000 -0.601517 1.460612 0.000000 0.079146 0.753957 0.000000 -1.051790 
74000 370.000000 -0.673428 1.261463 0.000000 -0.626319 0.979576 0.000000 -2.095683 
75000 375.000000 -0.513097 1.483173 0.000000 0.015604 0.005190 0.000000 0.007819 
76000 380.000000 -0.672050 1.429534 0.000000 -0.322250 1.474110 0.000000 -2.533414 
77000 385.000000 -0.529095 1.336023 0.000000 -1.107905 1.161754 0.000000 -2.850537 
78000 390.000000 -0.404499 1.553354 0.000000 -0.731137 0.224745 0.000000 -1.068255 
79000 395.000000 -0.641382 1.447716 0.000000 -0.087907 1.314849 0.000000 -2.060180 
80000 400.000000 -0.532562 1.421673 0.000000 0.997090 2.233793 0.000000 -2.353599 
81000 405.000000 -0.572772 1.393927 0.000000 0.702289 1.519356 0.000000 -1.576745 
82000 410.000000 -0.485898 1.521281 0.000000 0.848705 2.010075 0.000000 -2.166408 
83000 415.000000 -0.729880 1.302826 0.000000 -0.430401 0.968606 0.000000 -1.883310 
84000 420.000000 -0.700708 1.374542 0.000000 -0.869340 0.008141 0.000000 -0.881551 
85000 425.000000 -0.386645 1.574196 0.000000 -0.768120 0.582595 0.000000 -1.642012 
86000 430.000000 -0.493387 1.521561 0.000000 -0.093384 0.110018 0.000000 -0.258411 
87000 435.000000 -0.447978 1.518957 0.000000 -0.366892 0.045454 0.000000 -0.435074 
88000 440.000000 -0.626998 1.389679 0.000000 0.213682 0.584016 0.000000 -0.662343 
89000 445.000000 -0.398779 1.584199 0.000000 -0.347566 1.152895 0.000000 -2.076908 
90000 450.000000 -0.435240 1.681661 0.000000 -2.137231 1.026963 0.000000 -3.677675 
91000 455.000000 -0.496891 1.402240 0.000000 -0.648375 0.528158 0.000000 -1.440611 
92000 460.000000 -0.438412 1.546851 0.000000 0.211491 1.358615 0.000000 -1.826432 
93000 465.000000 -0.516856 1.515310 0.000000 0.359624 1.019416 0.000000 -1.169500 
94000 470.000000 -0.241421 1.697070 0.000000 -3.372136 1.107732 0.000000 -5.033734 
95000 475.000000 -0.683503 1.404526 0.000000 -0.820944 0.186289 0.000000 -1.100378 
96000 480.000000 -0.559152 1.428706 0.000000 0.208543 0.266879 0.000000 -0.191776 
97000 485.000000 -0.493404 1.499188 0.000000 0.467068 1.073980 0.000000 -1.143902 
98000 490.000000 -0.507487 1.396833 0.000000 -0.061213 1.498754 0.000000 -2.309343 
99000 495.000000 -0.341989 1.621585 0.000000 -0.944335 1.634420 0.000000 -3.395966 
100000 500.000000 -0.663166 1.347178 0.000000 0.469964 1.556291 0.000000 -1.864472 
101000 505.000000 -0.594265 1.583331 0.000000 -0.521992 4.890694 0.000000 -7.858033 
102000 510.000000 -0.583529 1.454791 0.000000 0.098363 0.318836 0.000000 -0.379890 
103000 515.000000 -0.398936 1.550768 0.000000 -0.934954 0.016288 0.000000 -0.959386 
104000 520.000000 -0.763718 1.359192 0.000000 -0.577171 2.979569 0.000000 -5.046525 
105000 525.000000 -0.555989 1.422430 0.000000 0.037447 0.000609 0.000000 0.036534 
106000 530.000000 -0.626377 1.318828 0.000000 -0.287583 0.535157 0.000000 -1.090319 
107000 535.000000 -0.568700 1.393129 0.000000 1.343544 2.867850 0.000000 -2.958231 
108000 540.000000 -0.553883 1.372355 0.000000 -0.028869 0.918210 0.000000 -1.406184 
109000 545.000000 -0.528957 1.537559 0.000000 0.004877 1.047222 0.000000 -1.565956 
110000 550.000000 -0.602431 1.401718 0.000000 0.405183 0.768244 0.000000 -0.747182 
111000 555.000000 -0.524943 1.471321 0.000000 0.220159 0.334316 0.000000 -0.281315 
112000 560.000000 -0.535767 1.587716 0.000000 -0.559262 2.271289 0.000000 -3.966196 
113000 565.000000 -0.577119 1.358384 0.000000 0.294200 1.422744 0.000000 -1.839916 
114000 570.000000 -0.536477 1.416466 0.000000 0.037182 0.332556 0.000000 -0.461653 
115000 575.000000 -0.588331 1.347420 0.000000 0.367054 1.664175 0.000000 -2.129209 
116000 580.000000 -0.487873 1.406449 0.000000 -0.469452 1.104527 0.000000 -2.126242 
117000 585.000000 -0.464022 1.569619 0.000000 -0.476089 0.151140 0.000000 -0.702799 
118000 590.000000 -0.465837 1.620513 0.000000 -0.633324 1.610069 0.000000 -3.048428 
119000 595.000000 -0.539904 1.526582 0.000000 -0.418254 0.098109 0.000000 -0.565417 
120000 600.000000 -0.610583 1.454222 0.000000 0.474981 1.639459 0.000000 -1.984208 
121000 605.000000 -0.410546 1.526364 0.000000 -0.159805 1.454836 0.000000 -2.342060 
122000 610.000000 -0.642492 1.319316 0.000000 -0.380779 0.162243 0.000000 -0.624144 
123000 615.000000 -0.510686 1.494020 0.000000 1.339508 2.711141 0.000000 -2.727203 
124000 620.000000 -0.437167 1.549634 0.000000 0.428686 1.836858 0.000000 -2.326601 
125000 625.000000 -0.449164 1.579485 0.000000 -0.129037 1.048137 0.000000 -1.701242 
126000 630.000000 -0.673235 1.386980 0.000000 2.289273 5.681348 0.000000 -6.232748 
127000 635.000000 -0.519989 1.556100 0.000000 -0.329242 0.829325 0.000000 -1.573229 
128000 640.000000 -0.391188 1.654606 0.000000 -0.039260 3.329580 0.000000 -5.033630 
129000 645.000000 -0.630532 1.386464 0.000000 0.174245 0.563666 0.000000 -0.671254 
130000 650.000000 -0.587247 1.399163 0.000000 0.230083 0.427740 0.000000 -0.411527 
131000 655.000000 -0.439328 1.432835 0.000000 -1.453157 0.357086 0.000000 -1.988786 
132000 660.000000 -0.741876 1.217037 0.000000 -1.528035 0.074617 0.000000 -1.639960 
133000 665.000000 -0.553772 1.472642 0.000000 0.667727 1.332838 0.000000 -1.331530 
134000 670.000000 -0.485724 1.510119 0.000000 0.130185 0.516718 0.000000 -0.644891 
135000 675.000000 -0.443314 1.482581 0.000000 0.878224 3.203034 0.000000 -3.926327 
136000 680.000000 -0.826293 1.262805 0.000000 -2.059253 0.668111 0.000000 -3.061419 
137000 685.000000 -0.607566 1.311520 0.000000 0.110799 1.931570 0.000000 -2.786556 
138000 690.000000 -0.612288 1.404931 0.000000 0.097515 0.263445 0.000000 -0.297653 
139000 695.000000 -0.440633 1.551956 0.000000 -0.447823 0.070073 0.000000 -0.552932 
140000 700.000000 -0.610489 1.384114 0.000000 0.956619 2.001425 0.000000 -2.045519 
141000 705.000000 -0.749282 1.322166 0.000000 -1.280428 0.043437 0.000000 -1.345584 
142000 710.000000 -0.591917 1.226881 0.000000 -1.454608 3.759010 0.000000 -7.093122 
143000 715.000000 -0.469582 1.530103 0.000000 0.015982 0.533335 0.000000 -0.784021 
144000 720.000000 -0.412898 1.618599 0.000000 -0.721099 0.848289 0.000000 -1.993532 
145000 725.000000 -0.547239 1.425588 0.000000 5.933859 11.859981 0.000000 -11.856113 
146000 730.000000 -0.613046 1.346376 0.000000 0.714560 2.036204 0.000000 -2.339746 
147000 735.000000 -0.656967 1.351280 0.000000 0.122837 0.807645 0.000000 -1.088632 
148000 740.000000 -0.698499 1.281342 0.000000 -0.760837 0.098667 0.000000 -0.908838 
149000 745.000000 -0.605899 1.302721 0.000000 -0.456514 1.190201 0.000000 -2.241816 
150000 750.000000 -0.569630 1.503567 0.000000 -0.385221 0.208326 0.000000 -0.697711 
151000 755.000000 -0.476701 1.484334 0.000000 0.028910 0.541752 0.000000 -0.783719 
152000 760.000000 -0.536070 1.522692 0.000000 0.256249 1.288522 0.000000 -1.676534 
153000 765.000000 -0.622453 1.383336 0.000000 -0.067430 0.024794 0.000000 -0.104621 
154000 770.000000 -0.702814 1.274081 0.000000 0.212123 2.201599 0.000000 -3.090275 
155000 775.000000 -0.562744 1.475032 0.000000 0.331956 0.821396 0.000000 -0.900137 
156000 780.000000 -0.531519 1.481885 0.000000 1.480191 2.936435 0.000000 -2.924462 
157000 785.000000 -0.618486 1.380719 0.000000 0.126562 0.396676 0.000000 -0.468452 
158000 790.000000 -0.525611 1.533743 0.000000 -0.080671 0.733077 0.000000 -1.180287 
159000 795.000000 -0.560805 1.463606 0.000000 1.131803 2.245987 0.000000 -2.237177 
160000 800.000000 -0.487538 1.470393 0.000000 0.285663 0.991115 0.000000 -1.201010 
161000 805.000000 -0.596158 1.379758 0.000000 1.525485 3.218496 0.000000 -3.302259 
162000 810.000000 -0.578048 1.354501 0.000000 -0.421460 0.130040 0.000000 -0.616519 
163000 815.000000 -0.513813 1.355129 0.000000 -0.254155 2.669322 0.000000 -4.258137 
164000 820.000000 -0.556627 1.413321 0.000000 0.216544 0.482868 0.000000 -0.507758 
165000 825.000000 -0.518267 1.504139 0.000000 2.277324 4.738985 0.000000 -4.831153 
166000 830.000000 -0.479876 1.473540 0.000000 -0.141809 0.273435 0.000000 -0.551962 
167000 835.000000 -0.459606 1.612392 0.000000 0.374428 3.209816 0.000000 -4.440297 
168000 840.000000 -0.608568 1.363525 0.000000 0.144627 0.632995 0.000000 -0.804866 
169000 845.000000 -0.628945 1.331623 0.000000 -0.186937 0.419405 0.000000 -0.816045 
170000 850.000000 -0.642203 1.229051 0.000000 -2.083728 0.267317 0.000000 -2.484703 
171000 855.000000 -0.721282 1.261046 0.000000 -0.950903 0.210021 0.000000 -1.265934 
172000 860.000000 -0.701715 1.289223 0.000000 -0.662013 0.212621 0.000000 -0.980944 
173000 865.000000 -0.549788 1.396244 0.000000 -0.026894 0.425441 0.000000 -0.665056 
174000 870.000000 -0.388916 1.488640 0.000000 -1.725007 0.336356 0.000000 -2.229540 
175000 875.000000 -0.577461 1.369608 0.000000 -0.086803 0.409295 0.000000 -0.700746 
176000 880.000000 -0.534659 1.357563 0.000000 0.882345 3.950852 0.000000 -5.043933 
177000 885.000000 -0.671849 1.405390 0.000000 -0.651335 0.161664 0.000000 -0.893832 
178000 890.000000 -0.664016 1.198694 0.000000 -1.050402 3.219680 0.000000 -5.879922 
179000 895.000000 -0.532801 1.508084 0.000000 -0.105086 0.167898 0.000000 -0.356934 
180000 900.000000 -0.375975 1.586544 0.000000 -1.136577 0.198004 0.000000 -1.433583 
181000 905.000000 -0.467025 1.401689 0.000000 -1.308339 0.645312 0.000000 -2.276307 
182000 910.000000 -0.600528 1.428608 0.000000 -0.045030 0.010469 0.000000 -0.060733 
183000 915.000000 -0.724736 1.333234 0.000000 -0.428194 1.087420 0.000000 -2.059323 
184000 920.000000 -0.440263 1.589886 0.000000 -0.641780 0.292892 0.000000 -1.081118 
185000 925.000000 -0.660297 1.328243 0.000000 -0.193947 0.406711 0.000000 -0.804014 
186000 930.000000 -0.571713 1.335920 0.000000 -0.863373 0.065482 0.000000 -0.961596 
187000 935.000000 -0.391178 1.625424 0.000000 -0.939648 0.720548 0.000000 -2.020471 
188000 940.000000 -0.509708 1.555809 0.000000 1.092659 3.471579 0.000000 -4.114709 
189000 945.000000 -0.546119 1.492960 0.000000 -0.110155 0.036149 0.000000 -0.164379 
190000 950.000000 -0.631909 1.377348 0.000000 -0.085286 0.093545 0.000000 -0.225603 
191000 955.000000 -0.852304 1.287537 0.000000 -3.141717 0.433219 0.000000 -3.791546 
192000 960.000000 -0.549364 1.491018 0.000000 -0.113567 0.048786 0.000000 -0.186745 
193000 965.000000 -0.451611 1.522909 0.000000 0.348116 1.453790 0.000000 -1.832568 
194000 970.000000 -0.626272 1.445125 0.000000 -0.213390 0.540764 0.000000 -1.024537 
195000 975.000000 -0.599892 1.325495 0.000000 1.225973 3.889638 0.000000 -4.608484 
196000 980.000000 -0.559369 1.577698 0.000000 -1.679151 0.543103 0.000000 -2.493805 
197000 985.000000 -0.448281 1.582309 0.000000 -0.195223 1.030017 0.000000 -1.740249 
198000 990.000000 -0.598459 1.425609 0.000000 0.157659 0.380451 0.000000 -0.413018 
199000 995.000000 -0.486821 1.408843 0.000000 -0.949213 0.157136 0.000000 -1.184918 
200000 1000.000000 -0.677502 1.378750 0.000000 -0.076635 0.990100 0.000000 -1.561786 
201000 1005.000000 -0.489730 1.512382 0.000000 -0.110677 0.066854 0.000000 -0.210958 
202000 1010.000000 -0.610806 1.354856 0.000000 0.394679 1.282034 0.000000 -1.528371 
203000 1015.000000 -0.628977 1.315396 0.000000 -0.322631 0.576468 0.000000 -1.187333 
204000 1020.000000 -0.465097 1.693502 0.000000 -3.490291 0.155100 0.000000 -3.722941 
205000 1025.000000 -0.429158 1.618810 0.000000 -1.158198 0.054651 0.000000 -1.240175 
206000 1030.000000 -0.696519 1.279136 0.000000 -0.615226 0.462857 0.000000 -1.309513 
207000 1035.000000 -0.600919 1.287672 0.000000 -0.791809 1.360769 0.000000 -2.832963 
208000 1040.000000 -0.448328 1.487337 0.000000 -0.358694 0.511735 0.000000 -1.126296 
209000 1045.000000 -0.736893 1.446620 0.000000 -2.476849 1.503811 0.000000 -4.732565 
210000 1050.000000 -0.864970 1.137169 0.000000 -2.731335 0.618837 0.000000 -3.659590 
211000 1055.000000 -0.411499 1.568157 0.000000 -0.193330 1.185711 0.000000 -1.971897 
212000 1060.000000 -0.676874 1.423234 0.000000 -0.523345 1.131079 0.000000 -2.219963 
213000 1065.000000 -0.395635 1.525403 0.000000 0.103794 2.628474 0.000000 -3.838917 
214000 1070.000000 -0.675316 1.271699 0.000000 -0.100164 1.753822 0.000000 -2.730897 
215000 1075.000000 -0.543222 1.389102 0.000000 0.201745 1.226463 0.000000 -1.637949 
216000 1080.000000 -0.568733 1.354343 0.000000 0.387208 2.009993 0.000000 -2.627782 
217000 1085.000000 -0.792360 1.247048 0.000000 -0.689835 2.103885 0.000000 -3.845663 
218000 1090.000000 -0.405659 1.729338 0.000000 -3.428219 0.669161 0.000000 -4.431961 
219000 1095.000000 -0.782884 1.377392 0.000000 -0.649673 4.671371 0.000000 -7.656729 
220000 1100.000000 -0.863346 1.161977 0.000000 -2.675615 0.412316 0.000000 -3.294088 
221000 1105.000000 -0.630279 1.398642 0.000000 -0.118608 0.084206 0.000000 -0.244917 
222000 1110.000000 -0.434151 1.586731 0.000000 -0.406673 0.732719 0.000000 -1.505752 
223000 1115.000000 -0.801533 1.158580 0.000000 -2.198256 0.512667 0.000000 -2.967256 
224000 1120.000000 -0.445589 1.496777 0.000000 -0.387017 0.398247 0.000000 -0.984387 
225000 1125.000000 -0.365799 1.673158 0.000000 -1.292679 1.569547 0.000000 -3.647000 
226000 1130.000000 -0.767547 1.260831 0.000000 -1.266006 0.312632 0.000000 -1.734954 
227000 1135.000000 -0.476488 1.580286 0.000000 0.909982 3.420790 0.000000 -4.221202 
228000 1140.000000 -0.550931 1.451109 0.000000 1.296159 2.511921 0.000000 -2.471723 
229000 1145.000000 -0.601668 1.395292 0.000000 0.330334 0.738443 0.000000 -0.777330 
230000 1150.000000 -0.820996 1.201037 0.000000 -2.090615 0.238936 0.000000 -2.449018 
231000 1155.000000 -0.549461 1.309561 0.000000 -1.854449 0.206509 0.000000 -2.164212 
232000 1160.000000 -0.653071 1.363490 0.000000 0.153814 0.856720 0.000000 -1.131267 
233000 1165.000000 -0.572145 1.428490 0.000000 0.197658 0.315269 0.000000 -0.275246 
234000 1170.000000 -0.655486 1.405003 0.000000 0.058134 1.096205 0.000000 -1.586174 
235000 1175.000000 -0.466704 1.546751 0.000000 0.172094 1.112184 0.000000 -1.496182 
236000 1180.000000 -0.407381 1.414434 0.000000 -1.533593 3.073892 0.000000 -6.144432 
237000 1185.000000 -0.624137 1.369501 0.000000 0.367876 1.024648 0.000000 -1.169095 
238000 1190.000000 -0.635891 1.440142 0.000000 -0.345111 0.480300 0.000000 -1.065561 
239000 1195.000000 -0.430088 1.620797 0.000000 -0.971711 0.518182 0.000000 -1.748985 
240000 1200.000000 -0.463881 1.532678 0.000000 0.149111 0.928238 0.000000 -1.243246 
241000 1205.000000 -0.703643 1.355123 0.000000 0.515935 2.630716 0.000000 -3.430138 
242000 1210.000000 -0.622088 1.464391 0.000000 -0.517125 0.374711 0.000000 -1.079191 
243000 1215.000000 -0.769845 1.092179 0.000000 -2.836355 2.292770 0.000000 -6.275510 
244000 1220.000000 -0.559789 1.378174 0.000000 -0.187685 0.370347 0.000000 -0.743205 
245000 1225.000000 -0.576655 1.368095 0.000000 -0.049553 0.570305 0.000000 -0.905011 
246000 1230.000000 -0.365967 1.627907 0.000000 -1.242756 0.555954 0.000000 -2.076687 
247000 1235.000000 -0.554591 1.420531 0.000000 0.656197 1.344995 0.000000 -1.361296 
248000 1240.000000 -0.503508 1.563581 0.000000 0.537710 2.552406 0.000000 -3.290899 
249000 1245.000000 -0.539463 1.390048 0.000000 -0.138651 0.639869 0.000000 -1.098455 
250000 1250.000000 -0.565510 1.434553 0.000000 0.614987 1.139170 0.000000 -1.093767 
251000 1255.000000 -0.391129 1.560784 0.000000 -0.877590 0.381236 0.000000 -1.449444 
252000 1260.000000 -0.417359 1.571338 0.000000 -0.549635 0.402319 0.000000 -1.153114 
253000 1265.000000 -0.770023 1.307843 0.000000 -1.398198 0.431234 0.000000 -2.045049 
254000 1270.000000 -0.695312 1.372823 0.000000 -0.423771 0.773334 0.000000 -1.583772 
255000 1275.000000 -0.426868 1.581049 0.000000 -0.053693 1.389789 0.000000 -2.138376 
256000 1280.000000 -0.635605 1.247218 0.000000 -1.726827 0.322853 0.000000 -2.211107 
257000 1285.000000 -0.552417 1.522000 0.000000 0.742036 2.653586 0.000000 -3.238343 
258000 1290.000000 -0.499356 1.535519 0.000000 -0.194531 0.252376 0.000000 -0.573096 
259000 1295.000000 -0.638630 1.374875 0.000000 0.489038 1.346814 0.000000 -1.531184 
260000 1300.000000 -0.747707 1.203895 0.000000 -1.494018 0.585480 0.000000 -2.372237 
261000 1305.000000 -0.681734 1.289784 0.000000 0.371088 2.235819 0.000000 -2.982640 
262000 1310.000000 -0.428101 1.456998 0.000000 -1.394919 0.151090 0.000000 -1.621555 
263000 1315.000000 -0.590105 1.314062 0.000000 -0.775707 0.598414 0.000000 -1.673327 
264000 1320.000000 -0.632346 1.491116 0.000000 0.770365 4.408657 0.000000 -5.842620 
265000 1325.000000 -0.709359 1.246810 0.000000 -0.869382 0.732578 0.000000 -1.968249 
266000 1330.000000 -0.580712 1.431687 0.000000 0.526822 1.013467 0.000000 -0.993377 
267000 1335.000000 -0.541624 1.512966 0.000000 -0.152421 0.369870 0.000000 -0.707225 
268000 1340.000000 -0.536146 1.455880 0.000000 1.608900 3.166105 0.000000 -3.140257 
269000 1345.000000 -0.687250 1.379568 0.000000 -0.319841 0.846638 0.000000 -1.589799 
270000 1350.000000 -0.403849 1.621783 0.000000 0.042895 2.563219 0.000000 -3.801934 
271000 1355.000000 -0.680433 1.291007 0.000000 -0.153527 1.172969 0.000000 -1.912980 
272000 1360.000000 -0.699078 1.283706 0.000000 -0.459133 0.732683 0.000000 -1.558157 
273000 1365.000000 -0.548761 1.406278 0.000000 0.145202 0.623150 0.000000 -0.789524 
274000 1370.000000 -0.628373 1.466736 0.000000 -0.437854 0.859736 0.000000 -1.727458 
275000 1375.000000 -0.540073 1.396266 0.000000 -0.300043 0.142301 0.000000 -0.513494 
276000 1380.000000 -0.337001 1.648258 0.000000 -1.817090 0.366427 0.000000 -2.366731 
277000 1385.000000 -0.436783 1.507055 0.000000 -0.481323 0.341356 0.000000 -0.993357 
278000 1390.000000 -0.295220 1.576382 0.000000 -2.362415 1.761095 0.000000 -5.004056 
279000 1395.000000 -0.507498 1.425460 0.000000 -0.422306 0.003822 0.000000 -0.428039 
280000 1400.000000 -0.578135 1.392204 0.000000 0.623143 1.436288 0.000000 -1.531288 
281000 1405.000000 -0.633742 1.325814 0.000000 -0.354372 0.245664 0.000000 -0.722868 
282000 1410.000000 -0.398848 1.519365 0.000000 1.338458 5.138748 0.000000 -6.369664 
283000 1415.000000 -0.446445 1.484774 0.000000 -0.656722 0.070995 0.000000 -0.763214 
284000 1420.000000 -0.751985 1.255207 0.000000 -0.494989 1.595774 0.000000 -2.888650 
285000 1425.000000 -0.846077 1.279172 0.000000 -2.469709 1.242286 0.000000 -4.333138 
286000 1430.000000 -0.502724 1.516520 0.000000 0.050561 0.450079 0.000000 -0.624558 
287000 1435.000000 -0.589799 1.434772 0.000000 0.663798 1.398349 0.000000 -1.433725 
288000 1440.000000 -0.762251 1.253080 0.000000 -0.596751 1.584635 0.000000 -2.973704 
289000 1445.000000 -0.608221 1.454903 0.000000 -0.030172 0.671118 0.000000 -1.036850 
290000 1450.000000 -0.343869 1.621387 0.000000 -0.984563 1.583223 0.000000 -3.359397 
291000 1455.000000 -0.360187 1.551529 0.000000 -0.673397 2.152494 0.000000 -3.902138 
292000 1460.000000 -0.434470 1.615585 0.000000 -0.769147 0.793602 0.000000 -1.959550 
293000 1465.000000 -0.500931 1.416619 0.000000 -0.546411 0.192277 0.000000 -0.834827 
294000 1470.000000 -0.531123 1.408197 0.000000 0.463830 1.577217 0.000000 -1.901995 
295000 1475.000000 -0.662008 1.298734 0.000000 0.978173 3.326072 0.000000 -4.010935 
296000 1480.000000 -0.562180 1.538329 0.000000 -0.131015 1.837268 0.000000 -2.886917 
297000 1485.000000 -0.624777 1.339634 0.000000 0.479122 1.677490 0.000000 -2.037113 
298000 1490.000000 -0.542122 1.325804 0.000000 -1.589647 0.235205 0.000000 -1.942455 
299000 1495.000000 -0.718948 1.377119 0.000000 -0.830237 0.978837 0.000000 -2.298493 
300000 1500.000000 -0.524503 1.451299 0.000000 0.651047 1.379961 0.000000 -1.418894 
301000 1505.000000 -0.516810 1.487570 0.000000 0.377986 0.836111 0.000000 -0.876181 
302000 1510.000000 -0.755308 1.182624 0.000000 -1.761667 0.716889 0.000000 -2.837002 
303000 1515.000000 -0.557694 1.494346 0.000000 0.198487 0.921928 0.000000 -1.184405 
304000 1520.000000 -0.638291 1.356799 0.000000 0.030699 0.515226 0.000000 -0.742139 
305000 1525.000000 -0.772956 1.292358 0.000000 -1.249582 0.640781 0.000000 -2.210752 
306000 1530.000000 -0.377612 1.509940 0.000000 -1.792536 0.131824 0.000000 -1.990271 
307000 1535.000000 -0.504495 1.472936 0.000000 0.028735 0.228931 0.000000 -0.314662 
308000 1540.000000 -0.454577 1.441290 0.000000 -1.008145 0.267315 0.000000 -1.409118 
309000 1545.000000 -0.673631 1.303537 0.000000 0.304478 1.853527 0.000000 -2.475812 
310000 1550.000000 -0.449031 1.603959 0.000000 -0.779295 0.513410 0.000000 -1.549410 
311000 1555.000000 -0.530398 1.525908 0.000000 -0.073728 0.676512 0.000000 -1.088496 
312000 1560.000000 -0.437488 1.559127 0.000000 0.012089 1.165347 0.000000 -1.735932 
313000 1565.000000 -0.496622 1.440528 0.000000 -0.138532 0.516076 0.000000 -0.912646 
314000 1570.000000 -0.507746 1.533595 0.000000 -0.038569 0.621413 0.000000 -0.970688 
315000 1575.000000 -0.765032 1.174982 0.000000 -2.069182 0.311830 0.000000 -2.536926 
316000 1580.000000 -0.667204 1.308705 0.000000 -0.549868 0.063868 0.000000 -0.645669 
317000 1585.000000 -0.726820 1.226926 0.000000 -1.455608 0.077474 0.000000 -1.571818 
318000 1590.000000 -0.541175 1.435694 0.000000 0.334931 0.716004 0.000000 -0.739075 
319000 1595.000000 -0.434643 1.465777 0.000000 -0.839804 0.684599 0.000000 -1.866703 
320000 1600.000000 -0.531641 1.368596 0.000000 -0.832010 0.261411 0.000000 -1.224127 
321000 1605.000000 -0.595845 1.547867 0.000000 -1.016736 1.971212 0.000000 -3.973554 
322000 1610.000000 -0.580244 1.469383 0.000000 0.211995 0.868074 0.000000 -1.090116 
323000 1615.000000 -0.579442 1.441731 0.000000 0.239817 0.531900 0.000000 -0.558032 
324000 1620.000000 -0.738686 1.356056 0.000000 -1.410298 0.150456 0.000000 -1.635982 
325000 1625.000000 -0.601737 1.426983 0.000000 0.053606 0.294325 0.000000 -0.387882 
326000 1630.000000 -0.536746 1.420315 0.000000 0.622772 1.569635 0.000000 -1.731682 
327000 1635.000000 -0.435574 1.614824 0.000000 -1.078077 0.199534 0.000000 -1.377378 
328000 1640.000000 -0.439397 1.634805 0.000000 -1.372815 0.411957 0.000000 -1.990750 
329000 1645.000000 -0.575120 1.605641 0.000000 -3.135113 0.218388 0.000000 -3.462695 
330000 1650.000000 -0.715505 1.291566 0.000000 -0.662778 0.425911 0.000000 -1.301645 
331000 1655.000000 -0.485978 1.562054 0.000000 -0.559590 0.108519 0.000000 -0.722369 
332000 1660.000000 -0.614702 1.277110 0.000000 -1.286436 0.503417 0.000000 -2.041561 
333000 1665.000000 -0.534479 1.457828 0.000000 1.127699 2.271389 0.000000 -2.279384 
334000 1670.000000 -0.509295 1.538386 0.000000 -0.431923 0.011796 0.000000 -0.449617 
335000 1675.000000 -0.453842 1.453230 0.000000 1.644493 5.257560 0.000000 -6.241848 
336000 1680.000000 -0.578072 1.369184 0.000000 -0.115693 0.448539 0.000000 -0.788501 
337000 1685.000000 -0.523228 1.526690 0.000000 0.125201 1.018114 0.000000 -1.401970 
338000 1690.000000 -0.509063 1.454408 0.000000 -0.118094 0.074528 0.000000 -0.229886 
339000 1695.000000 -0.587860 1.437734 0.000000 0.461758 1.040772 0.000000 -1.099401 
340000 1700.000000 -0.427631 1.460325 0.000000 -1.154420 0.596134 0.000000 -2.048622 
341000 1705.000000 -0.648714 1.330798 0.000000 0.250161 1.335216 0.000000 -1.752663 
342000 1710.000000 -0.529487 1.435999 0.000000 0.016967 0.250410 0.000000 -0.358648 
343000 1715.000000 -0.505882 1.417527 0.000000 0.473684 2.099065 0.000000 -2.674913 
344000 1720.000000 -0.708881 1.368928 0.000000 -0.978019 0.127421 0.000000 -1.169150 
345000 1725.000000 -0.318248 1.662433 0.000000 -1.279962 2.172116 0.000000 -4.538135 
346000 1730.000000 -0.625637 1.378526 0.000000 0.179087 0.671692 0.000000 -0.828450 
347000 1735.000000 -0.312957 1.626432 0.000000 -2.133094 0.490805 0.000000 -2.869301 
348000 1740.000000 -0.477343 1.443683 0.000000 -0.298975 0.766180 0.000000 -1.448245 
349000 1745.000000 -0.658428 1.398922 0.000000 -0.210272 0.599321 0.000000 -1.109254 
350000 1750.000000 -0.707558 1.359880 0.000000 -0.802043 0.264358 0.000000 -1.198580 
351000 1755.000000 -0.672575 1.284027 0.000000 -0.826093 0.073110 0.000000 -0.935757 
352000 1760.000000 -0.772828 1.252624 0.000000 -1.215293 0.627035 0.000000 -2.155846 
353000 1765.000000 -0.472008 1.447355 0.000000 -0.683314 0.089932 0.000000 -0.818211 
354000 1770.000000 -0.542192 1.418560 0.000000 -0.111266 0.064834 0.000000 -0.208517 
355000 1775.000000 -0.678074 1.324211 0.000000 -0.191470 0.679197 0.000000 -1.210266 
356000 1780.000000 -0.594411 1.350089 0.000000 -0.284655 0.334244 0.000000 -0.786022 
357000 1785.000000 -0.313465 1.635649 0.000000 -1.277738 2.164974 0.000000 -4.525200 
358000 1790.000000 -0.588908 1.368904 0.000000 -0.239438 0.065405 0.000000 -0.337546 
359000 1795.000000 -0.702388 1.296150 0.000000 -0.119759 1.329023 0.000000 -2.113294 
360000 1800.000000 -0.502015 1.526730 0.000000 -0.057274 0.456581 0.000000 -0.742146 
361000 1805.000000 -0.855304 1.234454 0.000000 -2.792578 0.198399 0.000000 -3.090176 
362000 1810.000000 -0.594041 1.417985 0.000000 0.080539 0.241967 0.000000 -0.282411 
363000 1815.000000 -0.670957 1.414432 0.000000 -0.510149 0.765538 0.000000 -1.658456 
364000 1820.000000 -0.550121 1.423458 0.000000 0.290592 0.710052 0.000000 -0.774486 
365000 1825.000000 -0.651842 1.399320 0.000000 -0.122180 0.620540 0.000000 -1.052990 
366000 1830.000000 -0.740918 1.301034 0.000000 -1.134911 0.002911 0.000000 -1.139277 
367000 1835.000000 -0.589590 1.494070 0.000000 -0.160224 1.067765 0.000000 -1.761871 
368000 1840.000000 -0.590627 1.424351 0.000000 0.144481 0.366840 0.000000 -0.405779 
369000 1845.000000 -0.552152 1.503706 0.000000 -0.314651 0.078764 0.000000 -0.432797 
370000 1850.000000 -0.701352 1.247801 0.000000 -0.949063 0.650029 0.000000 -1.924106 
371000 1855.000000 -0.481048 1.461139 0.000000 1.246257 3.335705 0.000000 -3.757301 
372000 1860.000000 -0.405517 1.478855 0.000000 -1.145371 1.070215 0.000000 -2.750693 
373000 1865.000000 -0.546359 1.518194 0.000000 -0.050133 0.879701 0.000000 -1.369685 
374000 1870.000000 -0.617061 1.410989 0.000000 0.168269 0.630256 0.000000 -0.777116 
375000 1875.000000 -0.374155 1.638640 0.000000 -0.945243 1.299493 0.000000 -2.894483 
376000 1880.000000 -1.134496 0.916190 0.000000 -7.731623 0.010960 0.000000 -7.748064 
377000 1885.000000 -0.566549 1.471603 0.000000 -0.132044 0.021063 0.000000 -0.163638 
378000 1890.000000 -0.545803 1.456012 0.000000 1.213262 2.426815 0.000000 -2.426960 
379000 1895.000000 -0.599634 1.486313 0.000000 -0.702361 0.046131 0.000000 -0.771557 
380000 1900.000000 -0.369349 1.645345 0.000000 -1.464972 0.476871 0.000000 -2.180278 
381000 1905.000000 -0.343019 1.733918 0.000000 -3.409888 0.001704 0.000000 -3.412444 
382000 1910.000000 -0.923063 1.157523 0.000000 -3.400638 1.089280 0.000000 -5.034558 
383000 1915.000000 -0.575594 1.345460 0.000000 -0.224715 0.998215 0.000000 -1.722037 
384000 1920.000000 -0.526629 1.334799 0.000000 -1.029956 1.661852 0.000000 -3.522734 
385000 1925.000000 -0.574895 1.360170 0.000000 0.315401 1.634588 0.000000 -2.136481 
386000 1930.000000 -0.406618 1.537162 0.000000 -0.904332 0.120395 0.000000 -1.084925 
387000 1935.000000 -0.546835 1.355010 0.000000 -0.415715 1.138398 0.000000 -2.123313 
388000 1940.000000 -0.577945 1.472675 0.000000 0.276183 1.064058 0.000000 -1.319903 
389000 1945.000000 -0.563497 1.444326 0.000000 0.409868 0.823354 0.000000 -0.825163 
390000 1950.000000 -0.568694 1.270810 0.000000 -2.248698 0.775445 0.000000 -3.411865 
391000 1955.000000 -0.584122 1.500015 0.000000 -0.687561 0.049348 0.000000 -0.761583 
392000 1960.000000 -0.821138 1.184096 0.000000 -2.162590 0.364685 0.000000 -2.709618 
393000 1965.000000 -0.573475 1.438736 0.000000 1.336814 2.700242 0.000000 -2.713549 
394000 1970.000000 -0.349799 1.647283 0.000000 -1.853026 0.057594 0.000000 -1.939417 
395000 1975.000000 -0.644725 1.352690 0.000000 -0.220391 0.155063 0.000000 -0.452985 
396000 1980.000000 -0.758465 1.264712 0.000000 -0.886969 0.937910 0.000000 -2.293834 
397000 1985.000000 -0.713828 1.329802 0.000000 -0.681525 0.368444 0.000000 -1.234192 
398000 1990.000000 -0.545968 1.411503 0.000000 0.071504 0.514585 0.000000 -0.700373 
399000 1995.000000 -0.559636 1.452901 0.000000 0.435106 0.902384 0.000000 -0.918469 
400000 2000.000000 -0.750538 1.327809 0.000000 -1.051584 0.797752 0.000000 -2.248212 
401000 2005.000000 -0.599403 1.405724 0.000000 0.000035 0.125144 0.000000 -0.187681 
402000 2010.000000 -0.671072 1.342305 0.000000 0.343990 1.600728 0.000000 -2.057102 
403000 2015.000000 -0.588060 1.500142 0.000000 -0.199839 1.166294 0.000000 -1.949279 
404000 2020.000000 -0.600593 1.459859 0.000000 -0.259751 0.224380 0.000000 -0.596320 
405000 2025.000000 -0.545720 1.320930 0.000000 -1.430443 0.721487 0.000000 -2.512673 
406000 2030.000000 -0.585228 1.498007 0.000000 -0.633980 0.127323 0.000000 -0.824964 
407000 2035.000000 -0.601809 1.420425 0.000000 -0.020006 0.139730 0.000000 -0.229600 
408000 2040.000000 -0.768847 1.372041 0.000000 -1.897281 1.238561 0.000000 -3.755123 
409000 2045.000000 -0.637902 1.340568 0.000000 0.279768 1.281459 0.000000 -1.642420 
410000 2050.000000 -0.690393 1.238208 0.000000 -1.086115 0.821237 0.000000 -2.317970 
411000 2055.000000 -0.635373 1.463880 0.000000 -0.847434 0.286563 0.000000 -1.277279 
412000 2060.000000 -0.678886 1.373686 0.000000 -0.315925 0.590864 0.000000 -1.202222 
413000 2065.000000 -0.631131 1.403501 0.000000 -0.052087 0.372677 0.000000 -0.611103 
414000 2070.000000 -0.446549 1.506989 0.000000 0.085121 1.264041 0.000000 -1.810940 
415000 2075.000000 -0.385653 1.421145 0.000000 -3.573401 0.175694 0.000000 -3.836942 
416000 2080.000000 -0.369813 1.454404 0.000000 -1.170135 4.259112 0.000000 -7.558804 
417000 2085.000000 -0.524902 1.362302 0.000000 -1.110316 0.278117 0.000000 -1.527492 
418000 2090.000000 -0.598801 1.535403 0.000000 -1.304182 0.927955 0.000000 -2.696115 
419000 2095.000000 -0.491768 1.504393 0.000000 -0.105301 0.136353 0.000000 -0.309830 
420000 2100.000000 -0.619928 1.330965 0.000000 0.208454 1.452453 0.000000 -1.970226 
421000 2105.000000 -0.497468 1.458268 0.000000 1.007619 2.525648 0.000000 -2.780853 
422000 2110.000000 -0.665557 1.291810 0.000000 -0.579284 0.431989 0.000000 -1.227268 
423000 2115.000000 -0.514713 1.473678 0.000000 0.298631 0.728354 0.000000 -0.793899 
424000 2120.000000 -0.728346 1.568607 0.000000 -6.859378 0.148186 0.000000 -7.081658 
425000 2125.000000 -0.465785 1.447767 0.000000 0.968931 3.617665 0.000000 -4.457566 
426000 2130.000000 -0.619079 1.336005 0.000000 -0.421778 0.079357 0.000000 -0.540812 
427000 2135.000000 -0.559358 1.554555 0.000000 -0.852057 1.104481 0.000000 -2.508779 
428000 2140.000000 -0.504906 1.400101 0.000000 -0.812498 0.156554 0.000000 -1.047329 
429000 2145.000000 -0.345507 1.576564 0.000000 -1.660450 0.500389 0.000000 -2.411033 
430000 2150.000000 -0.535649 1.387309 0.000000 0.360988 1.917378 0.000000 -2.515079 
431000 2155.000000 -0.642755 1.420798 0.000000 0.544519 2.108258 0.000000 -2.617868 
432000 2160.000000 -0.562607 1.383048 0.000000 -0.329285 0.003385 0.000000 -0.334362 
433000 2165.000000 -0.621932 1.374332 0.000000 0.404547 1.150731 0.000000 -1.321550 
434000 2170.000000 -0.648217 1.397618 0.000000 0.269341 1.309130 0.000000 -1.694354 
435000 2175.000000 -0.593698 1.373390 0.000000 0.523275 1.470892 0.000000 -1.683063 
436000 2180.000000 -0.601334 1.461596 0.000000 -0.009721 0.780766 0.000000 -1.180870 
437000 2185.000000 -0.750382 1.360688 0.000000 -1.293151 1.097331 0.000000 -2.939147 
438000 2190.000000 -0.572538 1.454750 0.000000 0.005494 0.161453 0.000000 -0.236685 
439000 2195.000000 -0.444531 1.522918 0.000000 -0.290085 0.443846 0.000000 -0.955854 
440000 2200.000000 -0.652729 1.339247 0.000000 -0.137146 0.494439 0.000000 -0.878805 
441000 2205.000000 -0.600524 1.359355 0.000000 -0.146291 0.328934 0.000000 -0.639691 
442000 2210.000000 -0.482408 1.425066 0.000000 -0.587501 0.595478 0.000000 -1.480717 
443000 2215.000000 -0.667662 1.298852 0.000000 -0.467270 0.490412 0.000000 -1.202888 
444000 2220.000000 -0.522793 1.398748 0.000000 0.073908 1.369280 0.000000 -1.980012 
445000 2225.000000 -0.659479 1.382761 0.000000 -0.402739 0.049477 0.000000 -0.476955 
446000 2230.000000 -0.859422 1.069670 0.000000 -2.462993 2.942244 0.000000 -6.876359 
447000 2235.000000 -0.399596 1.591362 0.000000 -0.660881 0.740655 0.000000 -1.771863 
448000 2240.000000 -0.660165 1.478021 0.000000 -1.319280 1.064123 0.000000 -2.915464 
449000 2245.000000 -0.505495 1.473849 0.000000 0.010889 0.244249 0.000000 -0.355484 
450000 2250.000000 -0.690094 1.300128 0.000000 -0.627404 0.173810 0.000000 -0.888119 
451000 2255.000000 -0.759175 1.213013 0.000000 -1.270575 0.891381 0.000000 -2.607647 
452000 2260.000000 -0.399764 1.551945 0.000000 -0.593397 0.830514 0.000000 -1.839168 
453000 2265.000000 -0.334572 1.624807 0.000000 -1.583053 0.784535 0.000000 -2.759856 
454000 2270.000000 -0.529780 1.453299 0.000000 0.097279 0.276254 0.000000 -0.317102 
455000 2275.000000 -0.334270 1.407544 0.000000 -4.495777 2.992821 0.000000 -8.985008 
456000 2280.000000 -0.663134 1.447839 0.000000 -0.656397 1.253767 0.000000 -2.537049 
457000 2285.000000 -0.684872 1.314190 0.000000 0.928298 3.091775 0.000000 -3.709364 
458000 2290.000000 -0.449203 1.416914 0.000000 -0.843088 1.938717 0.000000 -3.751164 
459000 2295.000000 -0.636009 1.352229 0.000000 1.612212 3.809797 0.000000 -4.102484 
460000 2300.000000 -0.548175 1.417121 0.000000 0.591753 1.441152 0.000000 -1.569975 
461000 2305.000000 -0.536889 1.307155 0.000000 -2.347296 0.062396 0.000000 -2.440890 
462000 2310.000000 -0.411445 1.543897 0.000000 0.219590 2.184819 0.000000 -3.057638 
463000 2315.000000 -0.428092 1.639083 0.000000 -1.165754 0.898821 0.000000 -2.513986 
464000 2320.000000 -0.588508 1.514742 0.000000 -0.714439 0.726033 0.000000 -1.803489 
465000 2325.000000 -0.451065 1.349599 0.000000 -2.598055 2.005101 0.000000 -5.605707 
466000 2330.000000 -0.442877 1.454889 0.000000 -0.976539 0.482083 0.000000 -1.699663 
467000 2335.000000 -0.623106 1.184697 0.000000 -3.538899 0.936933 0.000000 -4.944299 
468000 2340.000000 -0.244761 1.652334 0.000000 -3.930424 0.226220 0.000000 -4.269755 
469000 2345.000000 -0.480323 1.513413 0.000000 -0.225291 0.048457 0.000000 -0.297976 
470000 2350.000000 -0.487509 1.619308 0.000000 -1.693648 0.193510 0.000000 -1.983913 
471000 2355.000000 -0.486643 1.448534 0.000000 1.489653 3.978650 0.000000 -4.478322 
472000 2360.000000 -0.660679 1.274421 0.000000 -0.730934 0.727839 0.000000 -1.822692 
473000 2365.000000 -0.662178 1.422454 0.000000 -0.435276 0.854169 0.000000 -1.716529 
474000 2370.000000 -0.428063 1.506351 0.000000 0.051283 1.806949 0.000000 -2.659141 
475000 2375.000000 -0.547788 1.455775 0.000000 0.008836 0.058014 0.000000 -0.078185 
476000 2380.000000 -0.576404 1.358508 0.000000 -0.473762 0.115422 0.000000 -0.646894 
477000 2385.000000 -0.550164 1.382672 0.000000 0.058961 1.099695 0.000000 -1.590581 
478000 2390.000000 -0.518699 1.482472 0.000000 0.747846 1.665947 0.000000 -1.751074 
479000 2395.000000 -0.627313 1.446999 0.000000 -0.486292 0.237145 0.000000 -0.842010 
480000 2400.000000 -0.471079 1.420534 0.000000 -1.081926 0.276592 0.000000 -1.496814 
481000 2405.000000 -0.567278 1.467629 0.000000 0.065377 0.419796 0.000000 -0.564317 
482000 2410.000000 -0.750381 1.315682 0.000000 0.141750 3.024559 0.000000 -4.395089 
483000 2415.000000 -0.617854 1.181200 0.000000 -3.739222 1.030722 0.000000 -5.285305 
484000 2420.000000 -0.746825 1.139569 0.000000 -2.614970 1.020873 0.000000 -4.146280 
485000 2425.000000 -0.489908 1.602261 0.000000 -1.282546 0.269698 0.000000 -1.687092 
486000 2430.000000 -0.521087 1.550851 0.000000 -0.314412 0.894184 0.000000 -1.655688 
487000 2435.000000 -0.646015 1.474639 0.000000 -1.390662 0.113575 0.000000 -1.561025 
488000 2440.000000 -0.488394 1.497357 0.000000 0.912166 2.224987 0.000000 -2.425314 
489000 2445.000000 -0.634231 1.343845 0.000000 0.502070 1.713944 0.000000 -2.068846 
490000 2450.000000 -0.774319 1.149173 0.000000 -2.307755 0.805430 0.000000 -3.515900 
491000 2455.000000 -0.605576 1.507950 0.000000 -0.332374 1.888315 0.000000 -3.164846 
492000 2460.000000 -0.574314 1.485218 0.000000 -0.179330 0.392613 0.000000 -0.768249 
493000 2465.000000 -0.618236 1.311466 0.000000 -0.200372 1.268932 0.000000 -2.103770 
494000 2470.000000 -0.706629 1.420770 0.000000 -1.314312 0.999647 0.000000 -2.813783 
495000 2475.000000 -0.396574 1.583228 0.000000 -0.472335 1.149838 0.000000 -2.197092 
496000 2480.000000 -0.577206 1.490323 0.000000 1.498993 3.952154 0.000000 -4.429239 
497000 2485.000000 -0.459560 1.505957 0.000000 0.050725 0.929666 0.000000 -1.343774 
498000 2490.000000 -0.366596 1.637067 0.000000 -1.623855 0.055626 0.000000 -1.707294 
499000 2495.000000 -0.585898 1.297041 0.000000 -0.744527 1.670266 0.000000 -3.249926 
