0 0.000000 -0.479530 1.476140 0.000000 0.138640 0.092427 0.000000 0.000000 
0 0.000000 -0.479281 1.475580 0.000000 0.147796 0.123854 0.000000 -0.037986 
1000 5.000000 -0.565887 1.412717 0.000000 1.091286 1.451591 0.000000 -1.086102 
2000 10.000000 -0.555022 1.533980 0.000000 -0.255752 0.416750 0.000000 -0.880877 
3000 15.000000 -0.606723 1.421719 0.000000 0.470997 0.358241 0.000000 -0.066365 
4000 20.000000 -0.578287 1.397052 0.000000 1.740319 2.845270 0.000000 -2.527586 
5000 25.000000 -0.475335 1.439620 0.000000 -0.266699 0.200242 0.000000 -0.567062 
6000 30.000000 -0.955389 1.109550 0.000000 4.651349 1.310050 0.000000 2.686274 
7000 35.000000 -1.200844 0.814298 0.000000 4.401397 0.133659 0.000000 4.200908 
8000 40.000000 -0.773895 1.127926 0.000000 16.747230 2.890169 0.000000 12.411977 
9000 45.000000 -0.526039 1.483342 0.000000 17.340067 0.199841 0.000000 17.040306 
10000 50.000000 -0.755152 1.291877 0.000000 19.288878 1.482958 0.000000 17.064441 
11000 55.000000 -0.633813 1.350333 0.000000 20.724304 1.156227 0.000000 18.989964 
12000 60.000000 -0.507704 1.440746 0.000000 21.987998 0.397137 0.000000 21.392293 
13000 65.000000 -1.012767 0.968835 0.000000 22.137745 1.160462 0.000000 20.397052 
14000 70.000000 -0.726439 1.330060 0.000000 25.042278 0.634608 0.000000 24.090366 
15000 75.000000 -0.295015 1.625892 0.000000 27.042845 0.175211 0.000000 26.780029 
16000 80.000000 -0.256250 1.654863 0.000000 27.712368 0.077870 0.000000 27.595563 
17000 85.000000 -0.353795 1.577355 0.000000 29.954892 1.227044 0.000000 28.114326 
18000 90.000000 -0.972490 0.851352 0.000000 28.841892 1.461456 0.000000 26.649707 
19000 95.000000 -0.799400 1.156049 0.000000 32.605081 0.114403 0.000000 32.433477 
20000 100.000000 -0.929216 0.976854 0.000000 32.501024 1.203869 0.000000 30.695219 
21000 105.000000 -0.715856 1.105770 0.000000 35.580877 0.265972 0.000000 35.181919 
22000 110.000000 -0.507825 1.484946 0.000000 37.660897 1.030556 0.000000 36.115063 
23000 115.000000 -0.844004 1.110367 0.000000 38.156145 1.089557 0.000000 36.521809 
24000 120.000000 -0.780719 1.060764 0.000000 38.499956 0.041607 0.000000 38.437546 
25000 125.000000 -0.161936 1.706663 0.000000 39.909932 0.711476 0.000000 38.842718 
26000 130.000000 -0.837668 1.305289 0.000000 40.238492 0.187802 0.000000 39.956789 
27000 135.000000 -0.664650 1.478326 0.000000 42.112090 0.013087 0.000000 42.092459 
28000 140.000000 -0.681965 1.185169 0.000000 43.827747 0.925172 0.000000 42.439988 
29000 145.000000 -0.554614 1.444434 0.000000 45.188549 1.517926 0.000000 42.911661 
30000 150.000000 -0.413628 1.459969 0.000000 45.599671 0.901162 0.000000 44.247928 
31000 155.000000 -0.915472 1.024469 0.000000 45.557257 0.689978 0.000000 44.522289 
32000 160.000000 -0.915537 0.882376 0.000000 44.885596 0.176801 0.000000 44.620395 
33000 165.000000 -0.688619 1.399113 0.000000 47.858711 0.509316 0.000000 47.094736 
34000 170.000000 -0.547827 1.422997 0.000000 50.087676 2.921994 0.000000 45.704685 
35000 175.000000 -0.821538 1.120971 0.000000 49.800774 0.306157 0.000000 49.341539 
36000 180.000000 -0.746874 1.210802 0.000000 50.268663 0.068956 0.000000 50.165229 
37000 185.000000 -1.040617 0.843410 0.000000 49.198587 0.271899 0.000000 48.790738 
38000 190.000000 -0.651438 1.275787 0.000000 51.594847 0.289326 0.000000 51.160858 
39000 195.000000 -0.923189 1.235836 0.000000 51.680236 1.470499 0.000000 49.474487 
40000 200.000000 -0.666247 1.180224 0.000000 53.555088 1.652336 0.000000 51.076583 
41000 205.000000 -0.525355 1.509205 0.000000 54.119758 2.135596 0.000000 50.916365 
42000 210.000000 -0.710175 1.406338 0.000000 53.590475 0.077646 0.000000 53.474006 
43000 215.000000 -0.595532 1.245619 0.000000 53.421770 0.383153 0.000000 52.847040 
44000 220.000000 -0.343706 1.521185 0.000000 55.049522 1.171866 0.000000 53.291723 
45000 225.000000 -0.167324 1.817104 0.000000 53.777523 1.590184 0.000000 51.392248 
46000 230.000000 -0.818316 1.288791 0.000000 56.454190 1.700280 0.000000 53.903770 
47000 235.000000 -0.872239 1.305735 0.000000 55.348877 1.357982 0.000000 53.311903 
48000 240.000000 -0.811764 1.079125 0.000000 56.663314 0.613932 0.000000 55.742416 
49000 245.000000 -0.397296 1.604782 0.000000 58.105421 1.392986 0.000000 56.015942 
50000 250.000000 -0.935678 0.945736 0.000000 57.068314 0.526707 0.000000 56.278253 
51000 255.000000 -0.599346 1.404039 0.000000 59.778041 2.736383 0.000000 55.673466 
52000 260.000000 -0.712528 1.208014 0.000000 58.458507 0.513790 0.000000 57.687822 
53000 265.000000 -0.607281 1.220503 0.000000 58.531657 0.367342 0.000000 57.980644 
54000 270.000000 -0.859114 0.920971 0.000000 59.486974 2.887856 0.000000 55.155191 
55000 275.000000 -0.898708 1.004341 0.000000 60.607178 2.375843 0.000000 57.043413 
56000 280.000000 -0.791235 1.220495 0.000000 60.841891 0.039405 0.000000 60.782784 
57000 285.000000 -0.693332 1.559412 0.000000 59.243457 1.432870 0.000000 57.094152 
58000 290.000000 -0.648550 1.278565 0.000000 61.865204 0.804433 0.000000 60.658555 
59000 295.000000 -0.894004 1.243339 0.000000 61.695533 1.043531 0.000000 60.130237 
60000 300.000000 -0.865431 1.203431 0.000000 63.603907 2.555254 0.000000 59.771026 
61000 305.000000 -0.409535 1.478021 0.000000 63.337321 0.303058 0.000000 62.882735 
62000 310.000000 -0.582312 1.125699 0.000000 62.796555 0.064861 0.000000 62.699264 
63000 315.000000 -0.993754 1.084594 0.000000 64.155394 0.348681 0.000000 63.632372 
64000 320.000000 -0.612489 1.280018 0.000000 65.309502 1.557183 0.000000 62.973727 
65000 325.000000 -0.146783 1.817054 0.000000 63.629578 0.625668 0.000000 62.691076 
66000 330.000000 -0.595082 1.429070 0.000000 66.505415 0.299412 0.000000 66.056298 
67000 335.000000 -0.874725 0.921734 0.000000 65.222618 0.556731 0.000000 64.387522 
68000 340.000000 -0.854514 1.224918 0.000000 67.416473 1.096499 0.000000 65.771724 
69000 345.000000 -0.540172 1.125216 0.000000 66.201030 0.868810 0.000000 64.897815 
70000 350.000000 -0.624597 1.281567 0.000000 68.999349 1.280081 0.000000 67.079227 
71000 355.000000 -0.642903 1.502216 0.000000 69.601140 1.334397 0.000000 67.599544 
72000 360.000000 -0.685818 1.335403 0.000000 70.487460 0.700921 0.000000 69.436078 
73000 365.000000 -0.472885 1.513769 0.000000 70.969960 0.976745 0.000000 69.504843 
74000 370.000000 -0.745025 1.220463 0.000000 71.070472 0.377543 0.000000 70.504158 
75000 375.000000 -0.924509 1.130149 0.000000 70.696016 0.227991 0.000000 70.354030 
76000 380.000000 -1.063231 1.044545 0.000000 69.888924 1.181564 0.000000 68.116578 
77000 385.000000 -0.643196 0.979457 0.000000 69.250100 1.491763 0.000000 67.012456 
78000 390.000000 -0.690307 1.400556 0.000000 72.811374 0.635749 0.000000 71.857751 
79000 395.000000 -0.572519 1.582805 0.000000 71.371274 0.233766 0.000000 71.020625 
80000 400.000000 -0.869217 1.204586 0.000000 73.754548 1.619802 0.000000 71.324846 
81000 405.000000 -0.603505 1.421627 0.000000 74.102507 1.027760 0.000000 72.560867 
82000 410.000000 -0.622077 1.129797 0.000000 74.415945 2.027815 0.000000 71.374223 
83000 415.000000 -0.877050 1.092020 0.000000 74.128433 0.135462 0.000000 73.925240 
84000 420.000000 -0.974751 1.143861 0.000000 73.561996 0.290213 0.000000 73.126676 
85000 425.000000 -0.232322 1.635459 0.000000 74.829971 0.387028 0.000000 74.249429 
86000 430.000000 -0.600232 1.275805 0.000000 75.273977 0.954621 0.000000 73.842045 
87000 435.000000 -0.571725 1.300948 0.000000 75.037701 0.199238 0.000000 74.738844 
88000 440.000000 -0.512467 1.501532 0.000000 76.340790 0.333936 0.000000 75.839887 
89000 445.000000 -0.526826 1.505795 0.000000 77.494676 2.005811 0.000000 74.485960 
90000 450.000000 -0.500655 1.403583 0.000000 77.263227 0.994790 0.000000 75.771042 
91000 455.000000 -0.359472 1.500003 0.000000 77.284312 1.285938 0.000000 75.355405 
92000 460.000000 -0.579727 1.353183 0.000000 77.592117 0.475969 0.000000 76.878164 
93000 465.000000 -0.345359 1.641744 0.000000 78.054216 0.941240 0.000000 76.642356 
94000 470.000000 -0.093140 1.792898 0.000000 76.812052 2.332769 0.000000 73.312898 
95000 475.000000 -0.679092 1.402573 0.000000 79.012216 0.607027 0.000000 78.101677 
96000 480.000000 -0.546910 1.454022 0.000000 79.240870 0.231013 0.000000 78.894350 
97000 485.000000 -0.342911 1.589084 0.000000 79.612530 1.115072 0.000000 77.939923 
98000 490.000000 -0.813061 1.142414 0.000000 80.628168 2.769681 0.000000 76.473647 
99000 495.000000 -0.381392 1.461352 0.000000 79.677248 1.774120 0.000000 77.016068 
100000 500.000000 0.009094 0.261417 0.000000 79.344628 0.741884 0.000000 78.231801 
101000 505.000000 0.599878 0.083909 0.000000 85.940142 5.087368 0.000000 78.309090 
102000 510.000000 0.618120 0.145835 0.000000 82.518126 0.044153 0.000000 82.451897 
103000 515.000000 0.713530 0.013025 0.000000 84.463225 0.225267 0.000000 84.125324 
104000 520.000000 0.185999 0.026902 0.000000 83.327129 3.345782 0.000000 78.308456 
105000 525.000000 0.438339 0.169219 0.000000 83.667971 0.753729 0.000000 82.537377 
106000 530.000000 0.240350 0.118478 0.000000 83.680149 1.535838 0.000000 81.376392 
107000 535.000000 0.507405 0.043962 0.000000 88.174968 5.293935 0.000000 80.234065 
108000 540.000000 0.706199 0.009612 0.000000 86.566170 1.004560 0.000000 85.059330 
109000 545.000000 0.544838 0.070542 0.000000 86.025466 0.066841 0.000000 85.925204 
110000 550.000000 0.556544 0.022487 0.000000 86.703887 0.341305 0.000000 86.191929 
111000 555.000000 0.635546 0.019756 0.000000 86.967835 0.187251 0.000000 86.686958 
112000 560.000000 0.741011 0.176426 0.000000 84.628879 1.337963 0.000000 82.621934 
113000 565.000000 0.512182 -0.064045 0.000000 87.495457 2.284460 0.000000 84.068767 
114000 570.000000 0.749803 0.019640 0.000000 87.483991 0.183675 0.000000 87.208477 
115000 575.000000 0.235428 0.218146 0.000000 86.135488 0.573331 0.000000 85.275491 
116000 580.000000 0.788658 -0.049569 0.000000 87.643008 0.168374 0.000000 87.390447 
117000 585.000000 0.762601 0.075794 0.000000 88.064602 0.025991 0.000000 88.025615 
118000 590.000000 0.776145 -0.024345 0.000000 89.031020 1.300740 0.000000 87.079910 
119000 595.000000 0.268581 0.211850 0.000000 87.389448 0.359680 0.000000 86.849929 
120000 600.000000 -0.158344 0.520655 0.000000 88.543751 0.829423 0.000000 87.299616 
121000 605.000000 0.768242 -0.003771 0.000000 89.755148 0.479196 0.000000 89.036355 
122000 610.000000 -0.145654 0.321352 0.000000 87.774664 0.370859 0.000000 87.218377 
123000 615.000000 0.164990 0.348479 0.000000 89.212795 0.606550 0.000000 88.302970 
124000 620.000000 0.846717 -0.083762 0.000000 89.133233 0.493943 0.000000 88.392318 
125000 625.000000 -0.072143 0.422432 0.000000 90.168975 0.396048 0.000000 89.574903 
126000 630.000000 0.036502 0.476961 0.000000 92.856417 5.103716 0.000000 85.200843 
127000 635.000000 0.718679 0.149336 0.000000 90.709007 0.438142 0.000000 90.051795 
128000 640.000000 0.509231 0.239203 0.000000 90.783860 0.733996 0.000000 89.682865 
129000 645.000000 0.608277 -0.056077 0.000000 92.797514 0.418111 0.000000 92.170348 
130000 650.000000 0.084848 0.375719 0.000000 91.572023 0.217577 0.000000 91.245656 
131000 655.000000 0.245370 0.352400 0.000000 91.608178 0.235234 0.000000 91.255326 
132000 660.000000 0.342563 -0.032760 0.000000 93.358532 0.470483 0.000000 92.652808 
133000 665.000000 0.465496 0.074366 0.000000 94.847397 0.892572 0.000000 93.508539 
134000 670.000000 0.153653 0.489543 0.000000 92.852621 0.390386 0.000000 92.267042 
135000 675.000000 0.930609 0.026964 0.000000 93.143195 0.432693 0.000000 92.494156 
136000 680.000000 0.509595 -0.020253 0.000000 95.486025 1.082730 0.000000 93.861930 
137000 685.000000 0.320890 -0.027727 0.000000 95.863184 2.769651 0.000000 91.708708 
138000 690.000000 0.116180 0.181402 0.000000 93.693083 0.069142 0.000000 93.589370 
139000 695.000000 0.593165 0.115194 0.000000 96.538642 0.846536 0.000000 95.268837 
140000 700.000000 0.450559 0.034745 0.000000 97.611004 1.475206 0.000000 95.398195 
141000 705.000000 0.120665 0.211065 0.000000 94.783285 0.248912 0.000000 94.409917 
142000 710.000000 0.662712 -0.187495 0.000000 93.471415 0.967039 0.000000 92.020857 
143000 715.000000 0.764953 0.118987 0.000000 96.995623 0.854380 0.000000 95.714053 
144000 720.000000 0.543558 0.251519 0.000000 95.748618 0.007625 0.000000 95.737180 
145000 725.000000 0.661286 0.063723 0.000000 101.048820 4.703372 0.000000 93.993763 
146000 730.000000 0.423707 0.173255 0.000000 98.019249 0.400309 0.000000 97.418785 
147000 735.000000 0.569863 -0.100431 0.000000 98.144389 0.296663 0.000000 97.699395 
148000 740.000000 0.362956 -0.070628 0.000000 98.389477 0.299908 0.000000 97.939615 
149000 745.000000 0.595060 0.019770 0.000000 100.192663 0.150225 0.000000 99.967325 
150000 750.000000 -0.340404 0.448991 0.000000 99.435310 0.781947 0.000000 98.262389 
151000 755.000000 -0.062573 0.543832 0.000000 99.502252 0.102362 0.000000 99.348709 
152000 760.000000 0.054670 0.423671 0.000000 99.862832 0.240101 0.000000 99.502680 
153000 765.000000 0.518389 0.029227 0.000000 101.617786 0.548375 0.000000 100.795223 
154000 770.000000 0.215298 0.001266 0.000000 101.062514 1.738069 0.000000 98.455411 
155000 775.000000 0.485661 0.150689 0.000000 101.497977 0.307065 0.000000 101.037380 
156000 780.000000 -0.756090 0.713622 0.000000 99.346146 2.448670 0.000000 95.673141 
157000 785.000000 0.670457 0.046670 0.000000 102.896123 0.246808 0.000000 102.525911 
158000 790.000000 0.193671 0.416718 0.000000 101.725699 1.171762 0.000000 99.968056 
159000 795.000000 0.432658 0.125741 0.000000 103.349676 1.044106 0.000000 101.783518 
160000 800.000000 0.468112 0.097039 0.000000 104.308957 2.139703 0.000000 101.099402 
161000 805.000000 0.660309 -0.017159 0.000000 104.768563 1.444706 0.000000 102.601504 
162000 810.000000 0.512077 0.035990 0.000000 104.084699 0.185168 0.000000 103.806948 
163000 815.000000 0.528531 0.042763 0.000000 105.117634 1.951878 0.000000 102.189816 
164000 820.000000 0.213381 0.166952 0.000000 103.416790 0.514055 0.000000 102.645707 
165000 825.000000 0.314973 0.298223 0.000000 103.583083 1.328890 0.000000 101.589748 
166000 830.000000 0.308438 0.177974 0.000000 104.295625 0.259713 0.000000 103.906056 
167000 835.000000 0.640757 -0.025402 0.000000 105.672953 0.258585 0.000000 105.285076 
168000 840.000000 0.640084 0.030332 0.000000 106.026413 0.423853 0.000000 105.390634 
169000 845.000000 0.131012 0.363233 0.000000 105.417778 1.272362 0.000000 103.509235 
170000 850.000000 0.722447 -0.114774 0.000000 105.733949 0.571333 0.000000 104.876949 
171000 855.000000 -0.344745 0.518273 0.000000 106.254662 0.350783 0.000000 105.728487 
172000 860.000000 -0.619654 0.472589 0.000000 104.917390 0.236104 0.000000 104.563234 
173000 865.000000 0.436843 0.000365 0.000000 107.829700 1.144141 0.000000 106.113488 
174000 870.000000 0.767086 -0.030317 0.000000 107.719081 0.401719 0.000000 107.116504 
175000 875.000000 0.192862 0.221809 0.000000 107.043428 1.213455 0.000000 105.223245 
176000 880.000000 0.588582 -0.120006 0.000000 108.088910 2.167483 0.000000 104.837685 
177000 885.000000 0.584120 0.016575 0.000000 109.771819 2.198279 0.000000 106.474400 
178000 890.000000 0.278774 0.037278 0.000000 110.817972 4.658257 0.000000 103.830587 
179000 895.000000 0.000588 0.430670 0.000000 108.857589 0.280375 0.000000 108.437026 
180000 900.000000 0.174700 0.504176 0.000000 108.712225 0.917398 0.000000 107.336128 
181000 905.000000 -0.232602 0.460022 0.000000 109.997953 0.714128 0.000000 108.926760 
182000 910.000000 0.135530 0.376073 0.000000 109.196846 0.112026 0.000000 109.028808 
183000 915.000000 0.355345 -0.065366 0.000000 109.652319 0.385739 0.000000 109.073710 
184000 920.000000 -0.066553 0.565717 0.000000 110.267867 0.232128 0.000000 109.919675 
185000 925.000000 0.718939 -0.151622 0.000000 109.174123 0.218110 0.000000 108.846958 
186000 930.000000 -0.199830 0.522700 0.000000 111.219246 0.256922 0.000000 110.833863 
187000 935.000000 -0.292123 0.556908 0.000000 112.081402 1.754158 0.000000 109.450166 
188000 940.000000 -0.006755 0.524771 0.000000 113.842870 4.640964 0.000000 106.881423 
189000 945.000000 -0.232847 0.521438 0.000000 111.918175 0.072130 0.000000 111.809980 
190000 950.000000 0.441220 0.081383 0.000000 113.574091 0.867576 0.000000 112.272727 
191000 955.000000 0.255166 0.084073 0.000000 112.826545 0.454215 0.000000 112.145223 
192000 960.000000 0.772974 -0.087449 0.000000 112.784744 0.145364 0.000000 112.566698 
193000 965.000000 0.658505 -0.037273 0.000000 113.757405 0.544775 0.000000 112.940242 
194000 970.000000 0.740712 0.045978 0.000000 114.392086 0.987902 0.000000 112.910233 
195000 975.000000 0.291149 0.052511 0.000000 114.859591 1.828653 0.000000 112.116612 
196000 980.000000 -0.150857 0.555887 0.000000 114.124277 1.165799 0.000000 112.375579 
197000 985.000000 -0.003789 0.475780 0.000000 114.425295 0.407839 0.000000 113.813536 
198000 990.000000 -0.488575 0.542086 0.000000 114.391449 0.103809 0.000000 114.235736 
199000 995.000000 0.922496 -0.043188 0.000000 114.030075 0.310516 0.000000 113.564301 
200000 1000.000000 0.396787 0.036685 0.000000 116.387872 1.372909 0.000000 114.328509 
201000 1005.000000 -0.095485 0.489544 0.000000 115.678004 0.009664 0.000000 115.663507 
202000 1010.000000 -0.375441 0.493508 0.000000 116.450713 1.542480 0.000000 114.136994 
203000 1015.000000 -0.818984 1.016100 0.000000 116.967784 0.105441 0.000000 116.809621 
204000 1020.000000 -0.456157 1.677391 0.000000 114.744179 0.124962 0.000000 114.556736 
205000 1025.000000 -0.616723 1.434101 0.000000 117.950810 1.740627 0.000000 115.339869 
206000 1030.000000 -0.673961 1.374476 0.000000 117.429371 0.244949 0.000000 117.061948 
207000 1035.000000 -0.781148 0.965232 0.000000 116.260163 0.555189 0.000000 115.427380 
208000 1040.000000 -0.674593 1.279238 0.000000 118.090737 0.762833 0.000000 116.946487 
209000 1045.000000 -0.738061 1.431081 0.000000 117.305170 0.209281 0.000000 116.991249 
210000 1050.000000 -1.023627 0.593142 0.000000 114.997561 0.126686 0.000000 114.807531 
211000 1055.000000 -0.602698 1.292864 0.000000 117.764568 0.161055 0.000000 117.522985 
212000 1060.000000 -0.120194 0.482925 0.000000 118.133025 1.201256 0.000000 116.331140 
213000 1065.000000 0.764353 -0.006306 0.000000 118.461179 0.496377 0.000000 117.716614 
214000 1070.000000 0.611091 -0.111570 0.000000 118.441351 1.875085 0.000000 115.628725 
215000 1075.000000 0.649775 0.010325 0.000000 119.194091 0.742659 0.000000 118.080102 
216000 1080.000000 0.774717 -0.070319 0.000000 118.207020 0.075291 0.000000 118.094083 
217000 1085.000000 0.412085 0.030617 0.000000 121.329027 4.634102 0.000000 114.377874 
218000 1090.000000 0.229741 0.500369 0.000000 117.881474 0.683175 0.000000 116.856711 
219000 1095.000000 0.247146 0.082873 0.000000 120.332162 2.835005 0.000000 116.079655 
220000 1100.000000 -0.399556 0.391570 0.000000 118.358722 0.086520 0.000000 118.228943 
221000 1105.000000 -0.986417 0.801479 0.000000 118.490582 0.152851 0.000000 118.261305 
222000 1110.000000 -0.501086 1.394062 0.000000 120.455395 0.088212 0.000000 120.323076 
223000 1115.000000 -1.074153 0.760778 0.000000 118.213230 0.109028 0.000000 118.049688 
224000 1120.000000 -0.681213 1.307865 0.000000 121.407123 0.585702 0.000000 120.528570 
225000 1125.000000 -0.275236 1.648020 0.000000 120.741059 0.239965 0.000000 120.381111 
226000 1130.000000 -1.142902 0.957044 0.000000 119.016213 0.446817 0.000000 118.345987 
227000 1135.000000 -0.460156 1.471140 0.000000 123.460880 4.300358 0.000000 117.010343 
228000 1140.000000 -0.784763 1.238504 0.000000 122.530018 1.888981 0.000000 119.696547 
229000 1145.000000 -0.799002 1.286860 0.000000 121.700774 0.769359 0.000000 120.546736 
230000 1150.000000 -0.968231 1.026607 0.000000 121.183160 1.035877 0.000000 119.629344 
231000 1155.000000 -1.020642 0.900541 0.000000 120.455116 0.513048 0.000000 119.685544 
232000 1160.000000 -0.988453 1.103964 0.000000 120.728333 1.023307 0.000000 119.193373 
233000 1165.000000 -0.557989 1.404909 0.000000 121.450943 0.182169 0.000000 121.177690 
234000 1170.000000 -0.625288 1.426671 0.000000 122.432648 2.086266 0.000000 119.303249 
235000 1175.000000 -0.707453 1.433026 0.000000 121.412511 1.488430 0.000000 119.179866 
236000 1180.000000 -0.531904 1.229709 0.000000 120.883237 2.115485 0.000000 117.710009 
237000 1185.000000 -0.569264 1.090043 0.000000 119.445943 0.692463 0.000000 118.407249 
238000 1190.000000 -0.639832 1.436289 0.000000 121.350268 0.166383 0.000000 121.100693 
239000 1195.000000 -0.704235 1.449788 0.000000 121.185048 0.870313 0.000000 119.879579 
240000 1200.000000 -0.659515 1.150550 0.000000 122.480588 1.367760 0.000000 120.428947 
241000 1205.000000 -0.792262 1.074929 0.000000 123.811336 2.685201 0.000000 119.783535 
242000 1210.000000 -0.892963 1.087329 0.000000 122.474351 0.621669 0.000000 121.541847 
243000 1215.000000 -0.806417 0.695174 0.000000 119.952360 1.435462 0.000000 117.799167 
244000 1220.000000 -0.764756 1.218625 0.000000 123.753054 1.727403 0.000000 121.161949 
245000 1225.000000 -0.973617 1.178863 0.000000 122.196693 1.523989 0.000000 119.910710 
246000 1230.000000 -0.164532 1.783623 0.000000 121.056865 0.428930 0.000000 120.413469 
247000 1235.000000 -0.592459 1.355132 0.000000 123.568254 1.286046 0.000000 121.639185 
248000 1240.000000 -0.661264 1.240572 0.000000 123.256935 0.761519 0.000000 122.114657 
249000 1245.000000 -0.750250 0.955926 0.000000 121.918396 0.070680 0.000000 121.812375 
250000 1250.000000 -0.818026 1.179839 0.000000 123.946262 0.816259 0.000000 122.721874 
251000 1255.000000 -0.640938 1.373028 0.000000 124.311970 0.742388 0.000000 123.198388 
252000 1260.000000 -0.675224 1.394048 0.000000 124.246116 0.827297 0.000000 123.005170 
253000 1265.000000 -1.066161 0.964095 0.000000 122.856201 0.970455 0.000000 121.400518 
254000 1270.000000 -0.881720 1.241451 0.000000 124.375270 0.666388 0.000000 123.375689 
255000 1275.000000 -0.247150 1.720945 0.000000 125.070185 1.858435 0.000000 122.282533 
256000 1280.000000 -0.823060 0.983092 0.000000 124.751245 0.430026 0.000000 124.106205 
257000 1285.000000 -0.735486 1.386691 0.000000 126.134358 2.573760 0.000000 122.273718 
258000 1290.000000 -0.702599 1.334174 0.000000 125.345029 0.354811 0.000000 124.812812 
259000 1295.000000 -0.892215 1.079557 0.000000 125.671376 1.403821 0.000000 123.565645 
260000 1300.000000 -0.901129 1.037336 0.000000 125.545300 0.694986 0.000000 124.502821 
261000 1305.000000 -0.911700 0.941518 0.000000 125.360570 1.274875 0.000000 123.448258 
262000 1310.000000 -0.210174 1.596110 0.000000 124.569841 0.331382 0.000000 124.072768 
263000 1315.000000 -0.806724 1.116404 0.000000 126.579964 1.084130 0.000000 124.953768 
264000 1320.000000 -0.717200 1.250053 0.000000 128.638768 4.062322 0.000000 122.545285 
265000 1325.000000 -0.877236 0.777489 0.000000 124.148703 0.723943 0.000000 123.062789 
266000 1330.000000 -0.843361 1.133569 0.000000 126.010791 0.360493 0.000000 125.470052 
267000 1335.000000 -0.720871 1.162324 0.000000 126.382456 0.291219 0.000000 125.945628 
268000 1340.000000 -0.803326 1.199467 0.000000 127.269498 1.760256 0.000000 124.629115 
269000 1345.000000 -0.647903 0.790468 0.000000 122.356520 0.152628 0.000000 122.127579 
270000 1350.000000 -0.294347 1.659421 0.000000 128.139570 3.973754 0.000000 122.178938 
271000 1355.000000 -0.933690 0.699169 0.000000 123.973210 0.585000 0.000000 123.095710 
272000 1360.000000 -1.002259 1.014379 0.000000 125.970694 1.204108 0.000000 124.164532 
273000 1365.000000 -0.701337 1.056628 0.000000 125.857961 0.073594 0.000000 125.747570 
274000 1370.000000 -0.763778 1.262488 0.000000 126.861528 0.330039 0.000000 126.366469 
275000 1375.000000 -0.677558 1.199338 0.000000 126.388362 0.476877 0.000000 125.673046 
276000 1380.000000 -0.196946 1.686282 0.000000 125.970659 0.931318 0.000000 124.573682 
277000 1385.000000 -0.624780 1.234049 0.000000 125.849168 0.290445 0.000000 125.413500 
278000 1390.000000 -0.354586 1.514158 0.000000 126.206785 1.418252 0.000000 124.079408 
279000 1395.000000 -0.305890 1.525246 0.000000 125.382640 0.314345 0.000000 124.911123 
280000 1400.000000 -0.525222 1.368478 0.000000 126.624897 1.396634 0.000000 124.529947 
281000 1405.000000 -0.833173 1.315472 0.000000 126.058469 0.555167 0.000000 125.225718 
282000 1410.000000 -0.578632 1.252961 0.000000 126.222085 2.076146 0.000000 123.107867 
283000 1415.000000 -0.641830 1.267924 0.000000 126.273997 0.128349 0.000000 126.081473 
284000 1420.000000 -1.021534 0.867568 0.000000 125.309357 0.807817 0.000000 124.097630 
285000 1425.000000 -1.154363 1.140379 0.000000 124.379880 1.941108 0.000000 121.468219 
286000 1430.000000 -0.500491 1.475325 0.000000 127.203959 0.606744 0.000000 126.293843 
287000 1435.000000 -0.423120 1.502361 0.000000 127.362118 1.298932 0.000000 125.413720 
288000 1440.000000 -1.211525 0.934415 0.000000 123.495385 0.824871 0.000000 122.258079 
289000 1445.000000 -0.465175 1.592954 0.000000 126.532285 0.322647 0.000000 126.048314 
290000 1450.000000 -0.286422 1.608511 0.000000 126.559055 0.449635 0.000000 125.884603 
291000 1455.000000 -0.453922 1.143450 0.000000 123.070418 0.517432 0.000000 122.294270 
292000 1460.000000 -0.782544 1.278661 0.000000 127.743038 2.101920 0.000000 124.590158 
293000 1465.000000 -0.671612 1.311007 0.000000 127.477866 0.478633 0.000000 126.759916 
294000 1470.000000 -0.821973 1.085610 0.000000 127.348526 1.058884 0.000000 125.760201 
295000 1475.000000 -0.769620 1.269218 0.000000 128.358516 2.309741 0.000000 124.893905 
296000 1480.000000 -0.674129 1.244901 0.000000 129.100709 4.185648 0.000000 122.822237 
297000 1485.000000 -0.712750 1.329895 0.000000 128.412031 2.317771 0.000000 124.935374 
298000 1490.000000 -0.391216 1.433959 0.000000 126.156668 0.468267 0.000000 125.454267 
299000 1495.000000 -0.963399 1.158189 0.000000 126.532762 1.147885 0.000000 124.810935 
300000 1500.000000 -0.310441 1.548865 0.000000 127.581792 1.128131 0.000000 125.889596 
301000 1505.000000 -0.631732 1.401740 0.000000 127.820438 0.185874 0.000000 127.541628 
302000 1510.000000 -0.932654 0.610988 0.000000 125.425657 1.838440 0.000000 122.667996 
303000 1515.000000 0.492054 0.055974 0.000000 128.632139 1.209046 0.000000 126.818570 
304000 1520.000000 0.697058 -0.006995 0.000000 128.169874 0.511328 0.000000 127.402882 
305000 1525.000000 0.174163 0.179945 0.000000 127.453313 1.101307 0.000000 125.801353 
306000 1530.000000 0.602009 0.149661 0.000000 128.432413 1.693038 0.000000 125.892856 
307000 1535.000000 0.679019 0.012207 0.000000 128.477524 0.165804 0.000000 128.228817 
308000 1540.000000 -0.480266 0.525331 0.000000 128.820454 2.441103 0.000000 125.158799 
309000 1545.000000 0.609186 -0.117387 0.000000 127.851420 0.627549 0.000000 126.910097 
310000 1550.000000 0.456946 0.385005 0.000000 125.970925 0.104663 0.000000 125.813930 
311000 1555.000000 0.808332 0.067802 0.000000 128.723248 0.631811 0.000000 127.775532 
312000 1560.000000 0.505693 0.156986 0.000000 128.501921 0.268882 0.000000 128.098598 
313000 1565.000000 0.408039 0.124699 0.000000 129.241262 0.713085 0.000000 128.171634 
314000 1570.000000 -0.380842 0.666504 0.000000 127.135365 0.066852 0.000000 127.035086 
315000 1575.000000 0.384555 -0.175664 0.000000 126.830764 1.051910 0.000000 125.252898 
316000 1580.000000 0.012715 0.321060 0.000000 128.329880 0.084169 0.000000 128.203626 
317000 1585.000000 0.700311 -0.086018 0.000000 129.292743 0.026173 0.000000 129.253484 
318000 1590.000000 0.666437 0.051494 0.000000 130.457765 0.762128 0.000000 129.314574 
319000 1595.000000 0.768552 0.080307 0.000000 130.453460 1.618482 0.000000 128.025738 
320000 1600.000000 0.478045 -0.026828 0.000000 130.292967 0.452604 0.000000 129.614061 
321000 1605.000000 0.326773 0.115148 0.000000 131.282202 2.761624 0.000000 127.139766 
322000 1610.000000 -0.147087 0.617914 0.000000 129.794201 1.569220 0.000000 127.440370 
323000 1615.000000 -0.002907 0.401414 0.000000 130.056021 0.388653 0.000000 129.473042 
324000 1620.000000 0.424304 0.113776 0.000000 130.671391 0.239111 0.000000 130.312724 
325000 1625.000000 0.805670 -0.006209 0.000000 130.535744 0.094596 0.000000 130.393850 
326000 1630.000000 0.793033 -0.094699 0.000000 130.564374 1.328197 0.000000 128.572078 
327000 1635.000000 -0.561570 0.820237 0.000000 126.679982 0.184912 0.000000 126.402615 
328000 1640.000000 -0.503452 1.591823 0.000000 130.595934 0.113406 0.000000 130.425826 
329000 1645.000000 -0.832937 1.294445 0.000000 131.899230 2.320240 0.000000 128.418870 
330000 1650.000000 -0.327861 0.339777 0.000000 130.074854 0.570077 0.000000 129.219738 
331000 1655.000000 0.330646 0.324304 0.000000 130.511269 0.431149 0.000000 129.864546 
332000 1660.000000 0.506430 0.007285 0.000000 132.185630 0.227261 0.000000 131.844738 
333000 1665.000000 0.630891 0.092158 0.000000 132.234949 0.562848 0.000000 131.390676 
334000 1670.000000 0.325278 0.223831 0.000000 131.261112 0.311354 0.000000 130.794080 
335000 1675.000000 -0.066990 0.544756 0.000000 133.024460 2.683484 0.000000 128.999234 
336000 1680.000000 -0.248478 0.305805 0.000000 130.431232 0.050712 0.000000 130.355164 
337000 1685.000000 -0.702910 1.110695 0.000000 132.696397 0.562009 0.000000 131.853384 
338000 1690.000000 -0.489025 1.479726 0.000000 133.501550 0.175798 0.000000 133.237853 
339000 1695.000000 -0.780996 1.315979 0.000000 133.139532 0.866078 0.000000 131.840415 
340000 1700.000000 -0.405556 1.428401 0.000000 132.147619 0.022055 0.000000 132.114536 
341000 1705.000000 -0.960456 1.040500 0.000000 132.976192 0.950105 0.000000 131.551035 
342000 1710.000000 -0.629184 1.429890 0.000000 133.141488 0.088133 0.000000 133.009288 
343000 1715.000000 -0.772617 1.283832 0.000000 134.630901 3.393295 0.000000 129.540959 
344000 1720.000000 -0.700198 1.380831 0.000000 132.640057 0.100757 0.000000 132.488922 
345000 1725.000000 -0.273347 1.641603 0.000000 134.478549 4.500762 0.000000 127.727405 
346000 1730.000000 -0.547039 1.478230 0.000000 133.190989 0.299674 0.000000 132.741478 
347000 1735.000000 -0.116235 1.723405 0.000000 130.778383 0.191751 0.000000 130.490757 
348000 1740.000000 -0.717697 1.076972 0.000000 133.237669 2.150077 0.000000 130.012554 
349000 1745.000000 -0.737994 1.393958 0.000000 132.630157 0.048575 0.000000 132.557294 
350000 1750.000000 -0.642147 1.420626 0.000000 133.491156 0.206883 0.000000 133.180831 
351000 1755.000000 -0.978382 1.091183 0.000000 132.711525 0.756174 0.000000 131.577264 
352000 1760.000000 -0.833552 1.249467 0.000000 133.000697 0.270940 0.000000 132.594288 
353000 1765.000000 -0.682516 1.344362 0.000000 134.025448 0.942551 0.000000 132.611622 
354000 1770.000000 -0.702908 1.289196 0.000000 133.516680 0.045306 0.000000 133.448722 
355000 1775.000000 -0.662695 1.411498 0.000000 134.060740 1.329314 0.000000 132.066768 
356000 1780.000000 -0.814677 1.281619 0.000000 132.910265 0.270996 0.000000 132.503771 
357000 1785.000000 -0.165748 1.514694 0.000000 129.928846 0.110105 0.000000 129.763689 
358000 1790.000000 -0.805115 1.083049 0.000000 133.500998 0.064808 0.000000 133.403786 
359000 1795.000000 -0.915768 1.108333 0.000000 134.214426 1.677674 0.000000 131.697916 
360000 1800.000000 -0.625777 1.231535 0.000000 133.096946 0.452686 0.000000 132.417916 
361000 1805.000000 -0.881546 1.180111 0.000000 133.555260 0.793041 0.000000 132.365698 
362000 1810.000000 -0.820049 0.871019 0.000000 132.024773 0.229546 0.000000 131.680454 
363000 1815.000000 -0.936718 1.130519 0.000000 133.031846 0.757618 0.000000 131.895419 
364000 1820.000000 -0.753212 1.293226 0.000000 134.224867 1.273745 0.000000 132.314250 
365000 1825.000000 0.387195 0.204883 0.000000 133.253649 1.055456 0.000000 131.670465 
366000 1830.000000 0.586759 -0.026027 0.000000 134.466825 1.255494 0.000000 132.583585 
367000 1835.000000 0.718708 -0.013815 0.000000 135.161956 2.579774 0.000000 131.292295 
368000 1840.000000 0.604970 0.026895 0.000000 134.627477 0.741743 0.000000 133.514863 
369000 1845.000000 0.581624 0.070374 0.000000 134.314181 0.106062 0.000000 134.155087 
370000 1850.000000 -0.019993 0.151149 0.000000 131.345695 0.104335 0.000000 131.189192 
371000 1855.000000 0.610806 0.075911 0.000000 134.806786 0.942687 0.000000 133.392756 
372000 1860.000000 -0.088343 0.466345 0.000000 135.673170 2.836175 0.000000 131.418908 
373000 1865.000000 0.549140 0.084044 0.000000 134.909059 0.920581 0.000000 133.528189 
374000 1870.000000 -0.106440 0.411929 0.000000 134.593585 0.787438 0.000000 133.412428 
375000 1875.000000 -0.137918 0.702467 0.000000 132.691618 1.475037 0.000000 130.479063 
376000 1880.000000 -0.103140 0.129190 0.000000 131.359444 0.516550 0.000000 130.584619 
377000 1885.000000 0.336811 0.151351 0.000000 135.081324 1.807968 0.000000 132.369371 
378000 1890.000000 0.695919 -0.042429 0.000000 136.154574 2.542753 0.000000 132.340444 
379000 1895.000000 0.102083 0.425694 0.000000 134.840933 0.762031 0.000000 133.697887 
380000 1900.000000 -0.003837 0.495707 0.000000 134.787698 0.219975 0.000000 134.457735 
381000 1905.000000 -0.025996 0.659874 0.000000 132.942387 0.023894 0.000000 132.906546 
382000 1910.000000 -0.345295 0.423144 0.000000 135.590219 1.957396 0.000000 132.654126 
383000 1915.000000 -1.033094 0.901004 0.000000 134.912391 1.447208 0.000000 132.741579 
384000 1920.000000 -0.587853 1.352057 0.000000 137.384091 2.817266 0.000000 133.158192 
385000 1925.000000 -0.678811 1.336137 0.000000 137.563716 2.957833 0.000000 133.126966 
386000 1930.000000 -0.490845 1.421731 0.000000 136.065509 0.082121 0.000000 135.942327 
387000 1935.000000 -0.490888 1.422215 0.000000 136.568663 1.081974 0.000000 134.945701 
388000 1940.000000 -0.437714 1.555849 0.000000 137.278513 1.711963 0.000000 134.710569 
389000 1945.000000 -0.760404 1.108001 0.000000 136.390597 0.788615 0.000000 135.207674 
390000 1950.000000 -0.549379 1.275679 0.000000 135.445947 0.963957 0.000000 134.000011 
391000 1955.000000 -0.394637 1.681366 0.000000 135.203606 0.280808 0.000000 134.782393 
392000 1960.000000 -1.033071 0.767008 0.000000 134.498192 0.487805 0.000000 133.766484 
393000 1965.000000 -0.626855 1.408998 0.000000 138.126408 2.201572 0.000000 134.824051 
394000 1970.000000 -0.495478 1.556798 0.000000 137.197298 0.866321 0.000000 135.897816 
395000 1975.000000 -0.647250 1.396829 0.000000 136.990526 0.078718 0.000000 136.872449 
396000 1980.000000 -1.167825 1.169713 0.000000 133.729858 1.131508 0.000000 132.032596 
397000 1985.000000 -0.712208 1.331911 0.000000 136.974159 0.171867 0.000000 136.716358 
398000 1990.000000 -0.530948 1.411693 0.000000 137.327423 0.363977 0.000000 136.781458 
399000 1995.000000 -0.851966 1.140136 0.000000 136.632928 0.585950 0.000000 135.754003 
400000 2000.000000 -0.908094 1.052140 0.000000 137.078929 1.726719 0.000000 134.488851 
401000 2005.000000 -0.552106 1.439023 0.000000 137.218393 0.061065 0.000000 137.126795 
402000 2010.000000 -1.168068 1.113762 0.000000 133.849880 1.128839 0.000000 132.156621 
403000 2015.000000 0.202167 0.278919 0.000000 136.195482 1.048443 0.000000 134.622817 
404000 2020.000000 0.553959 -0.009748 0.000000 137.070832 0.052790 0.000000 136.991648 
405000 2025.000000 0.440098 0.097352 0.000000 137.788356 1.864709 0.000000 134.991292 
406000 2030.000000 0.777989 0.088490 0.000000 137.335408 1.646510 0.000000 134.865642 
407000 2035.000000 -0.133174 0.518261 0.000000 137.118883 0.802977 0.000000 135.914418 
408000 2040.000000 -0.198613 0.347599 0.000000 137.375297 2.871162 0.000000 133.068554 
409000 2045.000000 0.653978 -0.092034 0.000000 137.272880 0.874530 0.000000 135.961085 
410000 2050.000000 0.631745 -0.126778 0.000000 136.168297 0.049481 0.000000 136.094076 
411000 2055.000000 0.410854 0.105675 0.000000 137.465499 0.058697 0.000000 137.377455 
412000 2060.000000 -0.084384 0.362701 0.000000 137.322122 0.901380 0.000000 135.970052 
413000 2065.000000 0.499758 0.109703 0.000000 137.801710 0.204470 0.000000 137.495005 
414000 2070.000000 0.731862 -0.037480 0.000000 138.225784 0.880981 0.000000 136.904312 
415000 2075.000000 -0.492549 0.630411 0.000000 136.602369 0.832033 0.000000 135.354319 
416000 2080.000000 -0.414640 1.472836 0.000000 140.600444 4.611040 0.000000 133.683884 
417000 2085.000000 -0.607214 1.261595 0.000000 138.098258 0.495820 0.000000 137.354528 
418000 2090.000000 -0.718190 1.443424 0.000000 137.604656 0.240610 0.000000 137.243741 
419000 2095.000000 -0.620634 1.415521 0.000000 139.229201 0.736546 0.000000 138.124382 
420000 2100.000000 -0.716597 0.962406 0.000000 136.957516 0.458139 0.000000 136.270308 
421000 2105.000000 -0.557366 1.143676 0.000000 136.604430 0.145937 0.000000 136.385525 
422000 2110.000000 -0.542929 1.385234 0.000000 138.909142 0.428809 0.000000 138.265928 
423000 2115.000000 -0.413715 1.519964 0.000000 139.051601 0.209267 0.000000 138.737700 
424000 2120.000000 -0.629990 1.644706 0.000000 134.461447 0.756230 0.000000 133.327101 
425000 2125.000000 -0.461157 1.395824 0.000000 139.007216 1.578165 0.000000 136.639969 
426000 2130.000000 -0.959866 1.101201 0.000000 138.259102 0.796686 0.000000 137.064072 
427000 2135.000000 -1.005506 1.209449 0.000000 137.964699 2.843157 0.000000 133.699964 
428000 2140.000000 -0.629848 1.039745 0.000000 137.403863 0.244088 0.000000 137.037731 
429000 2145.000000 -0.116776 1.644729 0.000000 136.651971 0.168825 0.000000 136.398734 
430000 2150.000000 -0.802461 1.075298 0.000000 139.456620 1.450625 0.000000 137.280683 
431000 2155.000000 -0.548093 1.500361 0.000000 140.383234 2.251970 0.000000 137.005280 
432000 2160.000000 -0.487771 1.442695 0.000000 139.209127 0.022124 0.000000 139.175941 
433000 2165.000000 -0.687827 1.196752 0.000000 139.566690 1.952323 0.000000 136.638206 
434000 2170.000000 -0.754426 1.079657 0.000000 139.133372 1.615738 0.000000 136.709764 
435000 2175.000000 -1.027232 1.260272 0.000000 136.311600 0.407000 0.000000 135.701100 
436000 2180.000000 -0.584385 1.477729 0.000000 139.010762 0.211658 0.000000 138.693276 
437000 2185.000000 -0.899937 0.862754 0.000000 137.791862 1.287264 0.000000 135.860966 
438000 2190.000000 -0.511286 1.511130 0.000000 139.222346 0.094628 0.000000 139.080404 
439000 2195.000000 -0.484220 1.520432 0.000000 140.027593 1.583065 0.000000 137.652996 
440000 2200.000000 -0.275079 0.469417 0.000000 138.911710 0.418760 0.000000 138.283570 
441000 2205.000000 0.504392 -0.001650 0.000000 139.248779 0.251900 0.000000 138.870929 
442000 2210.000000 0.622664 -0.002708 0.000000 139.613855 0.705992 0.000000 138.554868 
443000 2215.000000 -0.473213 0.428039 0.000000 138.558727 0.896673 0.000000 137.213718 
444000 2220.000000 -0.732010 1.241464 0.000000 140.223461 1.091337 0.000000 138.586455 
445000 2225.000000 -0.930351 1.176060 0.000000 138.529063 0.084142 0.000000 138.402850 
446000 2230.000000 -0.938798 0.982825 0.000000 140.082420 1.637808 0.000000 137.625708 
447000 2235.000000 -0.530031 1.465506 0.000000 141.293397 1.535363 0.000000 138.990352 
448000 2240.000000 -0.919548 1.171374 0.000000 139.440942 0.713015 0.000000 138.371419 
449000 2245.000000 -0.364416 1.574942 0.000000 140.277879 0.385271 0.000000 139.699972 
450000 2250.000000 -0.665904 1.300448 0.000000 140.520783 0.533511 0.000000 139.720517 
451000 2255.000000 0.147719 -0.023951 0.000000 138.897396 0.786738 0.000000 137.717290 
452000 2260.000000 0.805550 0.074021 0.000000 139.806263 0.360032 0.000000 139.266215 
453000 2265.000000 0.861454 0.154146 0.000000 137.578003 0.200293 0.000000 137.277564 
454000 2270.000000 -0.057221 0.421809 0.000000 140.083359 0.137276 0.000000 139.877444 
455000 2275.000000 0.280643 0.421271 0.000000 141.085322 4.078460 0.000000 134.967632 
456000 2280.000000 0.401521 0.139942 0.000000 141.657432 3.122823 0.000000 136.973197 
457000 2285.000000 -0.574161 0.458352 0.000000 140.060999 1.514335 0.000000 137.789496 
458000 2290.000000 0.167291 0.430973 0.000000 140.823259 1.423158 0.000000 138.688522 
459000 2295.000000 -0.448969 0.575597 0.000000 140.458400 1.104532 0.000000 138.801602 
460000 2300.000000 -0.127635 0.418365 0.000000 141.396243 1.714084 0.000000 138.825117 
461000 2305.000000 0.137316 0.252059 0.000000 140.223717 0.690278 0.000000 139.188301 
462000 2310.000000 -0.111968 0.640597 0.000000 139.839592 1.079432 0.000000 138.220444 
463000 2315.000000 0.711760 0.004837 0.000000 141.924813 0.977692 0.000000 140.458276 
464000 2320.000000 0.506551 0.032021 0.000000 142.011310 0.871480 0.000000 140.704089 
465000 2325.000000 0.257228 0.213896 0.000000 141.593098 2.078749 0.000000 138.474975 
466000 2330.000000 0.257242 0.225663 0.000000 141.746457 2.424631 0.000000 138.109509 
467000 2335.000000 0.586692 -0.166706 0.000000 139.450380 0.693081 0.000000 138.410758 
468000 2340.000000 0.899392 0.060719 0.000000 140.581518 0.598182 0.000000 139.684245 
469000 2345.000000 0.456971 0.026001 0.000000 141.803385 0.002110 0.000000 141.800221 
470000 2350.000000 0.003857 0.580946 0.000000 140.649922 0.189908 0.000000 140.365061 
471000 2355.000000 0.881155 -0.046316 0.000000 141.815669 2.261376 0.000000 138.423605 
472000 2360.000000 0.672927 -0.046306 0.000000 142.222505 0.571378 0.000000 141.365438 
473000 2365.000000 -0.183632 0.508598 0.000000 142.228640 0.831897 0.000000 140.980795 
474000 2370.000000 0.367325 0.278728 0.000000 140.912783 0.333955 0.000000 140.411850 
475000 2375.000000 -0.209627 0.414272 0.000000 141.686332 0.026010 0.000000 141.647317 
476000 2380.000000 -0.257241 0.490397 0.000000 142.278492 0.204811 0.000000 141.971276 
477000 2385.000000 -0.447531 1.514355 0.000000 143.734733 1.910022 0.000000 140.869700 
478000 2390.000000 -0.613819 1.396756 0.000000 143.288573 0.801257 0.000000 142.086687 
479000 2395.000000 -0.725139 1.114299 0.000000 142.722929 1.220421 0.000000 140.892297 
480000 2400.000000 -0.127587 0.464830 0.000000 142.587658 0.742755 0.000000 141.473526 
481000 2405.000000 0.265195 0.227785 0.000000 141.840916 0.334490 0.000000 141.339181 
482000 2410.000000 0.174639 0.172056 0.000000 142.667046 1.982741 0.000000 139.692934 
483000 2415.000000 0.784325 -0.252777 0.000000 136.270575 1.576358 0.000000 133.906038 
484000 2420.000000 0.156589 -0.123927 0.000000 139.820254 0.418645 0.000000 139.192287 
485000 2425.000000 0.159316 0.507561 0.000000 142.096481 0.004986 0.000000 142.089002 
486000 2430.000000 -0.046097 0.557844 0.000000 142.477396 0.497551 0.000000 141.731069 
487000 2435.000000 0.006076 0.426931 0.000000 143.189145 0.830756 0.000000 141.943011 
488000 2440.000000 -0.442522 1.463478 0.000000 144.122004 0.699582 0.000000 143.072631 
489000 2445.000000 -0.555444 1.369200 0.000000 144.418913 1.342951 0.000000 142.404486 
490000 2450.000000 -0.976550 0.544893 0.000000 141.263020 1.319359 0.000000 139.283982 
491000 2455.000000 0.517152 0.149557 0.000000 143.304582 0.119084 0.000000 143.125956 
492000 2460.000000 0.574163 0.078894 0.000000 144.537645 1.144196 0.000000 142.821351 
493000 2465.000000 0.411236 -0.027345 0.000000 144.318311 2.112598 0.000000 141.149414 
494000 2470.000000 0.558595 0.117585 0.000000 143.840991 0.274535 0.000000 143.429189 
495000 2475.000000 -0.799941 1.223450 0.000000 144.572241 0.504179 0.000000 143.815973 
496000 2480.000000 -0.906569 1.268867 0.000000 144.503485 3.332183 0.000000 139.505210 
497000 2485.000000 -0.434171 1.504894 0.000000 144.786615 0.275585 0.000000 144.373237 
498000 2490.000000 -0.588692 1.345546 0.000000 145.076843 0.845273 0.000000 143.808933 
499000 2495.000000 -0.627657 0.928607 0.000000 142.399448 2.233703 0.000000 139.048894 
