Invalid MIT-MAGIC-COOKIE-1 key              :-) GROMACS - gmx mdrun, 2020.6-plumed-2.9.0-dev (-:

                            GROMACS is written by:
     Emile Apol      Rossen Apostolov      Paul Bauer     Herman J.C. Berendsen
    Par Bjelkmar      Christian Blau   Viacheslav Bolnykh     Kevin Boyd    
 Aldert van Buuren   Rudi van Drunen     Anton Feenstra       Alan Gray     
  Gerrit Groenhof     Anca Hamuraru    Vincent Hindriksen  M. Eric Irrgang  
  Aleksei Iupinov   Christoph Junghans     Joe Jordan     Dimitrios Karkoulis
    Peter Kasson        Jiri Kraus      Carsten Kutzner      Per Larsson    
  Justin A. Lemkul    Viveca Lindahl    Magnus Lundborg     Erik Marklund   
    Pascal Merz     Pieter Meulenhoff    Teemu Murtola       Szilard Pall   
    Sander Pronk      Roland Schulz      Michael Shirts    Alexey Shvetsov  
   Alfons Sijbers     Peter Tieleman      Jon Vincent      Teemu Virolainen 
 Christian Wennberg    Maarten Wolf      Artem Zhmurov   
                           and the project leaders:
        Mark Abraham, Berk Hess, Erik Lindahl, and David van der Spoel

Copyright (c) 1991-2000, University of Groningen, The Netherlands.
Copyright (c) 2001-2019, The GROMACS development team at
Uppsala University, Stockholm University and
the Royal Institute of Technology, Sweden.
check out http://www.gromacs.org for more information.

GROMACS is free software; you can redistribute it and/or modify it
under the terms of the GNU Lesser General Public License
as published by the Free Software Foundation; either version 2.1
of the License, or (at your option) any later version.

GROMACS:      gmx mdrun, version 2020.6-plumed-2.9.0-dev
Executable:   /home/npedrani@iit.local/programs/gromacs-2020.6/install/bin/gmx_mpi
Data prefix:  /home/npedrani@iit.local/programs/gromacs-2020.6/install
Working dir:  /home/npedrani@iit.local/Desktop/Phd_main_Projects/Hyper-TICA/Alanine/On-The-Fly/TICA/unbias_A/bias1
Command line:
  gmx_mpi mdrun -s input.sA.tpr -deffnm alanine -plumed plumed.dat -ntomp 2 -nsteps 5000000 -pin on -pinoffset 0 -pinstride 1

+++ Loading the PLUMED kernel runtime +++
+++ PLUMED_KERNEL="/home/npedrani@iit.local/programs/plumed2-pytorch/src/lib/libplumedKernel.so" +++
+++ Loading the PLUMED kernel runtime +++
+++ PLUMED_KERNEL="/home/npedrani@iit.local/programs/plumed2-pytorch/src/lib/libplumedKernel.so" +++
Invalid MIT-MAGIC-COOKIE-1 keyReading file input.sA.tpr, VERSION 2020.6-MODIFIED (single precision)
Overriding nsteps with value passed on the command line: 5000000 steps, 1e+04 ps
Changing nstlist from 10 to 50, rlist from 1.034 to 1.219


Using 1 MPI process
Using 2 OpenMP threads 


Overriding thread affinity set outside gmx mdrun
starting mdrun 'Generated by trjconv : Alanine in vacuum in water t=   0.00000'
5000000 steps,  10000.0 ps.

-------------------------------------------------------
Program:     gmx mdrun, version 2020.6-plumed-2.9.0-dev

Unknown exception:
(exception type: N4PLMD6Plumed15LeptonExceptionE)
Parse error in expression
"+0.056300*(x0-0.151315)-0.056060*(x1-0.237481)-0.040333*(x2-0.242262)-0.039417*(x3-0.381738)-0.006150*(x4-0.469353)+0.193708*(x5-0.466445)-0.096653*(x6-0.520943)+0.040886*(x7-0.516086)-0.077842*(x8-0.630814)+0.096172*(x9-0.122449)+0.008611*(x10-0.133310)+0.156356*(x11-0.247880)+0.021073*(x12-0.353029)-0.691887*(x13-0.342136)+0.380808*(x14-0.416406)+0.160515*(x15-0.389337)+0.055614*(x16-0.517110)-0.018962*(x17-0.224847)-0.046943*(x18-0.284511)-0.009359*(x19-0.397087)+0.162445*(x20-0.369126)-0.105685*(x21-0.460116)-0.030948*(x22-0.386087)-0.005032*(x23-0.510878)-0.057829*(x24-0.146756)-0.007170*(x25-0.243785)+0.284501*(x26-0.250046)-0.163119*(x27-0.313928)-0.193802*(x28-0.330685)+0.072464*(x29-0.462732)+0.033672*(x30-0.153860)+0.119815*(x31-0.154688)-0.052352*(x32-0.241706)-0.007349*(x33-0.246343)-0.044449*(x34-0.385587)-0.137937*(x35-0.256990)+0.065022*(x36-0.306152)+0.051915*(x37-0.352969)-0.004309*(x38-0.481968)-0.044664*(x39-0.123106)-0.039540*(x40-0.134070)+0.020214*(x41-0.248322)+0.060642*(x42-0.225088)-0.013393*(x43-0.283744)-0.009009*(x44-0.146389)":
unexpected token: +

For more information and tips for troubleshooting, please check the GROMACS
website at http://www.gromacs.org/Documentation/Errors
-------------------------------------------------------
PLUMED instances was not properly deallocated in your code: 1
--------------------------------------------------------------------------
Primary job  terminated normally, but 1 process returned
a non-zero exit code. Per user-direction, the job has been aborted.
--------------------------------------------------------------------------
--------------------------------------------------------------------------
mpirun detected that one or more processes exited with non-zero status, thus causing
the job to be terminated. The first process to do so was:

  Process name: [[14961,1],0]
  Exit code:    1
--------------------------------------------------------------------------
