###--- PARAMETERS ---###
Barrier for OPES:  40
print points every  100  steps
each iteration lasts  6  ns
Iterations:  6
NN will be trained with all the cumulative data
###--- Start Simulations ---###
Completed: cp script/input.* script/plumed_descriptors.data script/run_gromacs.sh unbias_A/
Completed: sed -i '0,/ns/s/ns.*/ns=6/' run_gromacs.sh
Completed: ./run_gromacs.sh
eigenvalues:  [ 0.544322    0.199057    0.16167337  0.13463348  0.10707328  0.09536732
  0.09435474  0.08224022  0.06921197  0.06573685  0.05925677  0.05781282
  0.05021066  0.03437831  0.03138138  0.02749696  0.02587551  0.02309625
  0.01685959  0.01552995  0.01386466  0.01348952  0.00737517  0.00548382
  0.00336127 -0.00729754 -0.01089295 -0.01352597 -0.01747401 -0.01843905
 -0.02398549 -0.02713486 -0.02880672 -0.03783675 -0.04277678 -0.04777108
 -0.0498542  -0.06127993 -0.07816141 -0.07887457 -0.11057816 -0.11866543
 -0.16225469 -0.24904671 -0.30852193]
iteration 0, correlation length of cvs  42.58204106825349
ITERATION NUMBER  1
Completed: cp script/input.* script/plumed_descriptors.data script/positions.data script/run_gromacs.sh unbias_A/bias1/
Completed: sed -i '0,/ns/s/ns.*/ns=6/' run_gromacs.sh
Completed: ./run_gromacs.sh
eigenvalues:  [ 0.3479753   0.07486271  0.06486917  0.06237857  0.04719446  0.0461778
  0.0421804   0.04058249  0.03526018  0.03176584  0.03107805  0.02845906
  0.02588738  0.02496993  0.02228975  0.01993152  0.01616272  0.01377074
  0.01001201  0.00763964  0.00731225  0.00394457  0.00168593  0.00037373
 -0.00459294 -0.00505313 -0.00852354 -0.01076902 -0.01445131 -0.01781414
 -0.02141038 -0.02294246 -0.02468152 -0.03277815 -0.03408449 -0.03648431
 -0.03869196 -0.04383236 -0.04862118 -0.05271605 -0.05637069 -0.06084896
 -0.06823372 -0.07439043 -0.09659169]
iteration:  1 , correlation length of cvs  9.856387181092293
ITERATION NUMBER  2
Completed: cp script/input.* script/plumed_descriptors.data script/positions.data script/run_gromacs.sh unbias_A/bias1/bias2/
Completed: sed -i '0,/ns/s/ns.*/ns=6/' run_gromacs.sh
Completed: ./run_gromacs.sh
eigenvalues:  [ 0.9629947   0.25108302  0.12255532  0.08640125  0.0571523   0.05425937
  0.04973789  0.0412338   0.03979932  0.03133181  0.0305989   0.02767774
  0.02708988  0.02370778  0.02212445  0.01882465  0.01410027  0.01351467
  0.0107995   0.00794945  0.0063794   0.00425554  0.00217471  0.00131419
 -0.0021353  -0.00450496 -0.0079404  -0.01007788 -0.01273176 -0.01685917
 -0.01733235 -0.02272806 -0.02351488 -0.02651102 -0.03019528 -0.03254744
 -0.0380305  -0.04283454 -0.04906346 -0.05337032 -0.05844732 -0.07688209
 -0.07793416 -0.08431096 -0.09685373]
iteration:  2 , correlation length of cvs  3564.8983864604816
### transition ? ### 3564.8983864604816 	 200
###--- End Simulations ---###
total time of simulations:  36  ns
Run for:  766.0862066745758  s
