[1.]
###--- PARAMETERS ---###
Barrier for OPES:  30
print points every  100  steps
each iteration lasts  1  ns
Iterations:  30
NN will be trained with the last  10  simulation data
min lag:  1 	 max lag:  10 	 number of lag times =  1
the data between batches will be shuffled
###--- Start Simulations ---###
Completed: cp script/input.* script/plumed_descriptors.data script/run_gromacs.sh unbias_A/
Completed: sed -i '0,/ns/s/ns.*/ns=1/' run_gromacs.sh
Completed: ./run_gromacs.sh
training samples:  3500 	 validation samples 1400
Epoch Train Loss  Valid Loss  Eigenvalues             
50    -0.869      -0.833      0.692  0.173  
100   -1.003      -0.912      0.720  0.281  
150   -1.098      -0.968      0.731  0.366  
200   -1.182      -1.015      0.738  0.443  
ITERATION NUMBER  1
Completed: cp script/input.* script/plumed_descriptors.data script/positions.data script/run_gromacs.sh unbias_A/bias1/
Completed: sed -i '0,/ns/s/ns.*/ns=1/' run_gromacs.sh
Completed: ./run_gromacs.sh
2
Epoch Train Loss  Valid Loss  Eigenvalues             
50    -1.024      -0.943      0.781  0.226  
100   -1.147      -1.034      0.808  0.348  
INFO: Early stopping
137   -1.196      -1.061      0.818  0.390  
ITERATION NUMBER  2
Completed: cp script/input.* script/plumed_descriptors.data script/positions.data script/run_gromacs.sh unbias_A/bias1/bias2/
Completed: sed -i '0,/ns/s/ns.*/ns=1/' run_gromacs.sh
Completed: ./run_gromacs.sh
3
Epoch Train Loss  Valid Loss  Eigenvalues             
50    -0.892      -0.875      0.658  0.216  
100   -1.019      -0.983      0.693  0.319  
150   -1.086      -1.031      0.723  0.373  
INFO: Early stopping
174   -1.112      -1.046      0.704  0.402  
ITERATION NUMBER  3
Completed: cp script/input.* script/plumed_descriptors.data script/positions.data script/run_gromacs.sh unbias_A/bias1/bias2/bias3/
Completed: sed -i '0,/ns/s/ns.*/ns=1/' run_gromacs.sh
Completed: ./run_gromacs.sh
4
Epoch Train Loss  Valid Loss  Eigenvalues             
50    -0.872      -0.838      0.625  0.216  
100   -0.987      -0.928      0.659  0.336  
INFO: Early stopping
144   -1.041      -0.962      0.648  0.379  
ITERATION NUMBER  4
Completed: cp script/input.* script/plumed_descriptors.data script/positions.data script/run_gromacs.sh unbias_A/bias1/bias2/bias3/bias4/
Completed: sed -i '0,/ns/s/ns.*/ns=1/' run_gromacs.sh
Completed: ./run_gromacs.sh
5
Epoch Train Loss  Valid Loss  Eigenvalues             
50    -0.850      -0.816      0.585  0.238  
100   -0.938      -0.893      0.617  0.298  
150   -0.998      -0.940      0.660  0.364  
INFO: Early stopping
169   -1.016      -0.954      0.628  0.385  
ITERATION NUMBER  5
Completed: cp script/input.* script/plumed_descriptors.data script/positions.data script/run_gromacs.sh unbias_A/bias1/bias2/bias3/bias4/bias5/
Completed: sed -i '0,/ns/s/ns.*/ns=1/' run_gromacs.sh
Completed: ./run_gromacs.sh
6
Epoch Train Loss  Valid Loss  Eigenvalues             
50    -0.790      -0.761      0.578  0.194  
100   -0.888      -0.838      0.612  0.260  
150   -0.942      -0.877      0.599  0.323  
INFO: Early stopping
168   -0.958      -0.888      0.631  0.344  
ITERATION NUMBER  6
Completed: cp script/input.* script/plumed_descriptors.data script/positions.data script/run_gromacs.sh unbias_A/bias1/bias2/bias3/bias4/bias5/bias6/
Completed: sed -i '0,/ns/s/ns.*/ns=1/' run_gromacs.sh
Completed: ./run_gromacs.sh
7
Epoch Train Loss  Valid Loss  Eigenvalues             
50    -0.770      -0.742      0.511  0.218  
100   -0.861      -0.811      0.579  0.290  
150   -0.923      -0.851      0.599  0.330  
INFO: Early stopping
188   -0.956      -0.873      0.613  0.376  
ITERATION NUMBER  7
Completed: cp script/input.* script/plumed_descriptors.data script/positions.data script/run_gromacs.sh unbias_A/bias1/bias2/bias3/bias4/bias5/bias6/bias7/
Completed: sed -i '0,/ns/s/ns.*/ns=1/' run_gromacs.sh
Completed: ./run_gromacs.sh
8
Epoch Train Loss  Valid Loss  Eigenvalues             
50    -0.798      -0.774      0.550  0.247  
100   -0.867      -0.823      0.522  0.271  
INFO: Early stopping
148   -0.915      -0.854      0.597  0.329  
ITERATION NUMBER  8
Completed: cp script/input.* script/plumed_descriptors.data script/positions.data script/run_gromacs.sh unbias_A/bias1/bias2/bias3/bias4/bias5/bias6/bias7/bias8/
Completed: sed -i '0,/ns/s/ns.*/ns=1/' run_gromacs.sh
Completed: ./run_gromacs.sh
9
Epoch Train Loss  Valid Loss  Eigenvalues             
50    -0.754      -0.746      0.526  0.211  
100   -0.854      -0.822      0.574  0.303  
150   -0.914      -0.861      0.584  0.366  
INFO: Early stopping
166   -0.932      -0.871      0.587  0.360  
ITERATION NUMBER  9
Completed: cp script/input.* script/plumed_descriptors.data script/positions.data script/run_gromacs.sh unbias_A/bias1/bias2/bias3/bias4/bias5/bias6/bias7/bias8/bias9/
Completed: sed -i '0,/ns/s/ns.*/ns=1/' run_gromacs.sh
Completed: ./run_gromacs.sh
10
Epoch Train Loss  Valid Loss  Eigenvalues             
50    -0.739      -0.742      0.556  0.252  
100   -0.822      -0.801      0.531  0.258  
150   -0.885      -0.851      0.577  0.279  
200   -0.938      -0.894      0.595  0.352  
ITERATION NUMBER  10
Completed: cp script/input.* script/plumed_descriptors.data script/positions.data script/run_gromacs.sh unbias_A/bias1/bias2/bias3/bias4/bias5/bias6/bias7/bias8/bias9/bias10/
Completed: sed -i '0,/ns/s/ns.*/ns=1/' run_gromacs.sh
Completed: ./run_gromacs.sh
10
Epoch Train Loss  Valid Loss  Eigenvalues             
50    -0.625      -0.598      0.467  0.144  
100   -0.716      -0.666      0.482  0.226  
150   -0.794      -0.718      0.515  0.282  
200   -0.859      -0.769      0.509  0.334  
ITERATION NUMBER  11
Completed: cp script/input.* script/plumed_descriptors.data script/positions.data script/run_gromacs.sh unbias_A/bias1/bias2/bias3/bias4/bias5/bias6/bias7/bias8/bias9/bias10/bias11/
Completed: sed -i '0,/ns/s/ns.*/ns=1/' run_gromacs.sh
Completed: ./run_gromacs.sh
10
Epoch Train Loss  Valid Loss  Eigenvalues             
50    -0.503      -0.432      0.407  0.107  
INFO: Early stopping
92    -0.566      -0.459      0.421  0.137  
ITERATION NUMBER  12
Completed: cp script/input.* script/plumed_descriptors.data script/positions.data script/run_gromacs.sh unbias_A/bias1/bias2/bias3/bias4/bias5/bias6/bias7/bias8/bias9/bias10/bias11/bias12/
Completed: sed -i '0,/ns/s/ns.*/ns=1/' run_gromacs.sh
Completed: ./run_gromacs.sh
10
Epoch Train Loss  Valid Loss  Eigenvalues             
50    -0.643      -0.619      0.416  0.165  
INFO: Early stopping
59    -0.656      -0.625      0.444  0.193  
ITERATION NUMBER  13
Completed: cp script/input.* script/plumed_descriptors.data script/positions.data script/run_gromacs.sh unbias_A/bias1/bias2/bias3/bias4/bias5/bias6/bias7/bias8/bias9/bias10/bias11/bias12/bias13/
Completed: sed -i '0,/ns/s/ns.*/ns=1/' run_gromacs.sh
Completed: ./run_gromacs.sh
10
Epoch Train Loss  Valid Loss  Eigenvalues             
50    -0.890      -0.851      0.480  0.415  
100   -1.043      -0.981      0.526  0.451  
INFO: Early stopping
109   -1.059      -0.989      0.607  0.469  
ITERATION NUMBER  14
Completed: cp script/input.* script/plumed_descriptors.data script/positions.data script/run_gromacs.sh unbias_A/bias1/bias2/bias3/bias4/bias5/bias6/bias7/bias8/bias9/bias10/bias11/bias12/bias13/bias14/
Completed: sed -i '0,/ns/s/ns.*/ns=1/' run_gromacs.sh
Completed: ./run_gromacs.sh
10
Epoch Train Loss  Valid Loss  Eigenvalues             
50    -1.072      -1.025      0.572  0.445  
100   -1.136      -1.072      0.630  0.450  
INFO: Early stopping
102   -1.137      -1.072      0.670  0.491  
ITERATION NUMBER  15
Completed: cp script/input.* script/plumed_descriptors.data script/positions.data script/run_gromacs.sh unbias_A/bias1/bias2/bias3/bias4/bias5/bias6/bias7/bias8/bias9/bias10/bias11/bias12/bias13/bias14/bias15/
Completed: sed -i '0,/ns/s/ns.*/ns=1/' run_gromacs.sh
Completed: ./run_gromacs.sh
10
Epoch Train Loss  Valid Loss  Eigenvalues             
50    -1.054      -0.993      0.642  0.446  
INFO: Early stopping
79    -1.089      -1.019      0.658  0.420  
ITERATION NUMBER  16
Completed: cp script/input.* script/plumed_descriptors.data script/positions.data script/run_gromacs.sh unbias_A/bias1/bias2/bias3/bias4/bias5/bias6/bias7/bias8/bias9/bias10/bias11/bias12/bias13/bias14/bias15/bias16/
Completed: sed -i '0,/ns/s/ns.*/ns=1/' run_gromacs.sh
Completed: ./run_gromacs.sh
10
Epoch Train Loss  Valid Loss  Eigenvalues             
50    -1.075      -1.045      0.592  0.481  
100   -1.136      -1.096      0.621  0.501  
INFO: Early stopping
145   -1.173      -1.124      0.638  0.553  
ITERATION NUMBER  17
Completed: cp script/input.* script/plumed_descriptors.data script/positions.data script/run_gromacs.sh unbias_A/bias1/bias2/bias3/bias4/bias5/bias6/bias7/bias8/bias9/bias10/bias11/bias12/bias13/bias14/bias15/bias16/bias17/
Completed: sed -i '0,/ns/s/ns.*/ns=1/' run_gromacs.sh
Completed: ./run_gromacs.sh
10
Epoch Train Loss  Valid Loss  Eigenvalues             
50    -1.063      -1.036      0.579  0.478  
100   -1.129      -1.090      0.629  0.498  
INFO: Early stopping
110   -1.136      -1.094      0.650  0.485  
ITERATION NUMBER  18
Completed: cp script/input.* script/plumed_descriptors.data script/positions.data script/run_gromacs.sh unbias_A/bias1/bias2/bias3/bias4/bias5/bias6/bias7/bias8/bias9/bias10/bias11/bias12/bias13/bias14/bias15/bias16/bias17/bias18/
Completed: sed -i '0,/ns/s/ns.*/ns=1/' run_gromacs.sh
Completed: ./run_gromacs.sh
10
Epoch Train Loss  Valid Loss  Eigenvalues             
50    -1.087      -1.065      0.595  0.510  
INFO: Early stopping
96    -1.131      -1.100      0.615  0.517  
ITERATION NUMBER  19
Completed: cp script/input.* script/plumed_descriptors.data script/positions.data script/run_gromacs.sh unbias_A/bias1/bias2/bias3/bias4/bias5/bias6/bias7/bias8/bias9/bias10/bias11/bias12/bias13/bias14/bias15/bias16/bias17/bias18/bias19/
Completed: sed -i '0,/ns/s/ns.*/ns=1/' run_gromacs.sh
Completed: ./run_gromacs.sh
10
Epoch Train Loss  Valid Loss  Eigenvalues             
50    -1.035      -1.017      0.524  0.469  
INFO: Early stopping
83    -1.075      -1.041      0.560  0.466  
ITERATION NUMBER  20
Completed: cp script/input.* script/plumed_descriptors.data script/positions.data script/run_gromacs.sh unbias_A/bias1/bias2/bias3/bias4/bias5/bias6/bias7/bias8/bias9/bias10/bias11/bias12/bias13/bias14/bias15/bias16/bias17/bias18/bias19/bias20/
Completed: sed -i '0,/ns/s/ns.*/ns=1/' run_gromacs.sh
Completed: ./run_gromacs.sh
10
Epoch Train Loss  Valid Loss  Eigenvalues             
50    -1.011      -0.996      0.571  0.457  
INFO: Early stopping
93    -1.060      -1.032      0.597  0.475  
ITERATION NUMBER  21
Completed: cp script/input.* script/plumed_descriptors.data script/positions.data script/run_gromacs.sh unbias_A/bias1/bias2/bias3/bias4/bias5/bias6/bias7/bias8/bias9/bias10/bias11/bias12/bias13/bias14/bias15/bias16/bias17/bias18/bias19/bias20/bias21/
Completed: sed -i '0,/ns/s/ns.*/ns=1/' run_gromacs.sh
Completed: ./run_gromacs.sh
10
Epoch Train Loss  Valid Loss  Eigenvalues             
50    -0.959      -0.954      0.541  0.417  
INFO: Early stopping
81    -0.997      -0.980      0.567  0.449  
ITERATION NUMBER  22
Completed: cp script/input.* script/plumed_descriptors.data script/positions.data script/run_gromacs.sh unbias_A/bias1/bias2/bias3/bias4/bias5/bias6/bias7/bias8/bias9/bias10/bias11/bias12/bias13/bias14/bias15/bias16/bias17/bias18/bias19/bias20/bias21/bias22/
Completed: sed -i '0,/ns/s/ns.*/ns=1/' run_gromacs.sh
Completed: ./run_gromacs.sh
10
Epoch Train Loss  Valid Loss  Eigenvalues             
50    -0.887      -0.871      0.496  0.388  
INFO: Early stopping
91    -0.935      -0.905      0.544  0.404  
ITERATION NUMBER  23
Completed: cp script/input.* script/plumed_descriptors.data script/positions.data script/run_gromacs.sh unbias_A/bias1/bias2/bias3/bias4/bias5/bias6/bias7/bias8/bias9/bias10/bias11/bias12/bias13/bias14/bias15/bias16/bias17/bias18/bias19/bias20/bias21/bias22/bias23/
Completed: sed -i '0,/ns/s/ns.*/ns=1/' run_gromacs.sh
Completed: ./run_gromacs.sh
10
Epoch Train Loss  Valid Loss  Eigenvalues             
50    -0.872      -0.854      0.497  0.397  
100   -0.929      -0.895      0.520  0.423  
INFO: Early stopping
112   -0.938      -0.901      0.524  0.414  
ITERATION NUMBER  24
Completed: cp script/input.* script/plumed_descriptors.data script/positions.data script/run_gromacs.sh unbias_A/bias1/bias2/bias3/bias4/bias5/bias6/bias7/bias8/bias9/bias10/bias11/bias12/bias13/bias14/bias15/bias16/bias17/bias18/bias19/bias20/bias21/bias22/bias23/bias24/
Completed: sed -i '0,/ns/s/ns.*/ns=1/' run_gromacs.sh
Completed: ./run_gromacs.sh
10
Epoch Train Loss  Valid Loss  Eigenvalues             
50    -0.881      -0.860      0.482  0.407  
INFO: Early stopping
81    -0.918      -0.885      0.524  0.417  
ITERATION NUMBER  25
Completed: cp script/input.* script/plumed_descriptors.data script/positions.data script/run_gromacs.sh unbias_A/bias1/bias2/bias3/bias4/bias5/bias6/bias7/bias8/bias9/bias10/bias11/bias12/bias13/bias14/bias15/bias16/bias17/bias18/bias19/bias20/bias21/bias22/bias23/bias24/bias25/
Completed: sed -i '0,/ns/s/ns.*/ns=1/' run_gromacs.sh
Completed: ./run_gromacs.sh
10
Epoch Train Loss  Valid Loss  Eigenvalues             
50    -0.866      -0.853      0.468  0.345  
INFO: Early stopping
85    -0.900      -0.877      0.534  0.379  
ITERATION NUMBER  26
Completed: cp script/input.* script/plumed_descriptors.data script/positions.data script/run_gromacs.sh unbias_A/bias1/bias2/bias3/bias4/bias5/bias6/bias7/bias8/bias9/bias10/bias11/bias12/bias13/bias14/bias15/bias16/bias17/bias18/bias19/bias20/bias21/bias22/bias23/bias24/bias25/bias26/
Completed: sed -i '0,/ns/s/ns.*/ns=1/' run_gromacs.sh
Completed: ./run_gromacs.sh
10
Epoch Train Loss  Valid Loss  Eigenvalues             
50    -0.811      -0.790      0.501  0.351  
INFO: Early stopping
95    -0.865      -0.828      0.478  0.379  
ITERATION NUMBER  27
Completed: cp script/input.* script/plumed_descriptors.data script/positions.data script/run_gromacs.sh unbias_A/bias1/bias2/bias3/bias4/bias5/bias6/bias7/bias8/bias9/bias10/bias11/bias12/bias13/bias14/bias15/bias16/bias17/bias18/bias19/bias20/bias21/bias22/bias23/bias24/bias25/bias26/bias27/
Completed: sed -i '0,/ns/s/ns.*/ns=1/' run_gromacs.sh
Completed: ./run_gromacs.sh
10
Epoch Train Loss  Valid Loss  Eigenvalues             
50    -0.815      -0.806      0.494  0.320  
INFO: Early stopping
84    -0.854      -0.831      0.535  0.321  
ITERATION NUMBER  28
Completed: cp script/input.* script/plumed_descriptors.data script/positions.data script/run_gromacs.sh unbias_A/bias1/bias2/bias3/bias4/bias5/bias6/bias7/bias8/bias9/bias10/bias11/bias12/bias13/bias14/bias15/bias16/bias17/bias18/bias19/bias20/bias21/bias22/bias23/bias24/bias25/bias26/bias27/bias28/
Completed: sed -i '0,/ns/s/ns.*/ns=1/' run_gromacs.sh
Completed: ./run_gromacs.sh
10
Epoch Train Loss  Valid Loss  Eigenvalues             
50    -0.883      -0.846      0.511  0.367  
INFO: Early stopping
82    -0.920      -0.870      0.539  0.397  
ITERATION NUMBER  29
Completed: cp script/input.* script/plumed_descriptors.data script/positions.data script/run_gromacs.sh unbias_A/bias1/bias2/bias3/bias4/bias5/bias6/bias7/bias8/bias9/bias10/bias11/bias12/bias13/bias14/bias15/bias16/bias17/bias18/bias19/bias20/bias21/bias22/bias23/bias24/bias25/bias26/bias27/bias28/bias29/
Completed: sed -i '0,/ns/s/ns.*/ns=1/' run_gromacs.sh
Completed: ./run_gromacs.sh
10
Epoch Train Loss  Valid Loss  Eigenvalues             
50    -0.894      -0.881      0.536  0.336  
INFO: Early stopping
70    -0.914      -0.892      0.544  0.374  
###--- End Simulations ---###
total time of simulations:  30  ns
Traceback (most recent call last):
  File "general_simulation.py", line 318, in <module>
    end = time.time()
AttributeError: 'int' object has no attribute 'time'
