###--- PARAMETERS ---###
Barrier for OPES:  40
print points every  100  steps
each iteration lasts  5  ns
Iterations:  20
NN will be trained with all the cumulative data
###--- Start Simulations ---###
Completed: cp script/input.* script/plumed_descriptors.data script/run_gromacs.sh unbias_A/
Completed: sed -i '0,/ns/s/ns.*/ns=5/' run_gromacs.sh
Completed: ./run_gromacs.sh
eigenvalues:  [ 0.75816554  0.5768874   0.551457    0.4285506   0.2903276   0.28193936
  0.24080351  0.22096945  0.21839964  0.19900574  0.1901417   0.16469546
  0.14899056  0.14227645  0.13563465  0.11441407  0.10712076  0.09469879
  0.08422329  0.07698052  0.06575848  0.06150547  0.05704818  0.04202319
  0.03062335  0.02346274  0.01487175  0.01217627  0.00352676 -0.00384437
 -0.00912143 -0.02731    -0.033092   -0.07007024 -0.07500216 -0.11148489
 -0.17255391 -0.19921847 -0.20575981 -0.23762488 -0.25057128 -0.27020505
 -0.3064094  -0.44360885 -0.54150873]
ITERATION NUMBER  1
Completed: cp script/input.* script/plumed_descriptors.data script/positions.data script/run_gromacs.sh unbias_A/bias1/
Completed: sed -i '0,/ns/s/ns.*/ns=5/' run_gromacs.sh
Completed: ./run_gromacs.sh
eigenvalues:  [ 0.6779425   0.4738878   0.4603268   0.2735302   0.24762632  0.2118366
  0.18105806  0.15787819  0.13790374  0.12189736  0.11154198  0.09327083
  0.08800834  0.08041019  0.06882367  0.06677488  0.05552132  0.05365038
  0.04993254  0.04075438  0.03237044  0.02304054  0.0171932   0.00356894
  0.00170834 -0.00986269 -0.01582731 -0.01851732 -0.02600866 -0.03947463
 -0.05198386 -0.06526728 -0.07030015 -0.07923023 -0.09131129 -0.11840972
 -0.1234367  -0.13208362 -0.16156405 -0.16697611 -0.22750396 -0.26872662
 -0.2891433  -0.29333556 -0.4269116 ]
ITERATION NUMBER  2
Completed: cp script/input.* script/plumed_descriptors.data script/positions.data script/run_gromacs.sh unbias_A/bias1/bias2/
Completed: sed -i '0,/ns/s/ns.*/ns=5/' run_gromacs.sh
Completed: ./run_gromacs.sh
eigenvalues:  [ 0.9488722   0.71663606  0.6071878   0.36463964  0.28800204  0.20785344
  0.18405983  0.17859298  0.16330789  0.13708885  0.13332987  0.11558224
  0.11042366  0.10181583  0.09026913  0.08456215  0.08280013  0.06816632
  0.06196619  0.05119784  0.04766304  0.04732944  0.04133376  0.03361685
  0.031487    0.02283727  0.01360451  0.00465274 -0.00152748 -0.00285762
 -0.00839677 -0.01405108 -0.01654489 -0.01993478 -0.02492898 -0.03514256
 -0.04003013 -0.05774656 -0.07823122 -0.09168665 -0.09468105 -0.12685373
 -0.16111834 -0.17905317 -0.20019877]
ITERATION NUMBER  3
Completed: cp script/input.* script/plumed_descriptors.data script/positions.data script/run_gromacs.sh unbias_A/bias1/bias2/bias3/
Completed: sed -i '0,/ns/s/ns.*/ns=5/' run_gromacs.sh
Completed: ./run_gromacs.sh
eigenvalues:  [ 8.5169005e-01  6.3836211e-01  3.1106293e-01  3.0064732e-01
  2.7585095e-01  2.3260626e-01  1.9129916e-01  1.7266195e-01
  1.4130306e-01  1.1472088e-01  9.3219191e-02  8.5759684e-02
  7.6435514e-02  7.2189748e-02  6.5144509e-02  5.2017152e-02
  4.7239233e-02  4.0398084e-02  3.2709304e-02  2.3032689e-02
  2.1298017e-02  2.1064546e-02  1.0903712e-02  7.0240856e-03
 -5.4921897e-04 -3.6338717e-03 -5.8788778e-03 -1.1027569e-02
 -2.4992600e-02 -2.5641248e-02 -3.2006539e-02 -4.5368239e-02
 -4.8828274e-02 -6.5173090e-02 -7.4020453e-02 -8.5211277e-02
 -9.0656549e-02 -1.0842833e-01 -1.2691718e-01 -1.8072447e-01
 -2.0881827e-01 -2.3353641e-01 -2.4694008e-01 -2.6366827e-01
 -3.2752150e-01]
ITERATION NUMBER  4
Completed: cp script/input.* script/plumed_descriptors.data script/positions.data script/run_gromacs.sh unbias_A/bias1/bias2/bias3/bias4/
Completed: sed -i '0,/ns/s/ns.*/ns=5/' run_gromacs.sh
Completed: ./run_gromacs.sh
eigenvalues:  [ 9.25505579e-01  6.05372608e-01  4.45111483e-01  4.15999591e-01
  3.41331035e-01  2.19804525e-01  1.94161579e-01  1.65027097e-01
  1.57263681e-01  1.45789772e-01  1.31750390e-01  1.15430281e-01
  1.05980501e-01  9.17940140e-02  7.98844621e-02  7.16947168e-02
  6.46708533e-02  5.96999601e-02  5.00576273e-02  4.28569242e-02
  3.29146385e-02  3.13828066e-02  2.63774320e-02  2.18534023e-02
  1.13142952e-02  8.20686389e-03  5.15443087e-03  2.57730088e-03
 -3.63355473e-04 -9.54663381e-03 -1.08032692e-02 -2.01369282e-02
 -3.06065269e-02 -3.46822627e-02 -4.41585332e-02 -4.91772480e-02
 -5.95271476e-02 -7.26278573e-02 -9.77961496e-02 -1.08099625e-01
 -1.21385604e-01 -1.25562698e-01 -1.60341486e-01 -1.69881105e-01
 -1.80835873e-01]
ITERATION NUMBER  5
Completed: cp script/input.* script/plumed_descriptors.data script/positions.data script/run_gromacs.sh unbias_A/bias1/bias2/bias3/bias4/bias5/
Completed: sed -i '0,/ns/s/ns.*/ns=5/' run_gromacs.sh
Completed: ./run_gromacs.sh
eigenvalues:  [ 9.30619359e-01  4.78435874e-01  3.91982764e-01  2.97649831e-01
  2.71812141e-01  2.19484672e-01  2.03619793e-01  1.75799191e-01
  1.22665092e-01  1.16729520e-01  1.04071975e-01  9.38936025e-02
  9.02025700e-02  6.79917634e-02  5.48542850e-02  5.24052940e-02
  4.21190821e-02  3.98088992e-02  3.51876281e-02  2.53145471e-02
  2.14903187e-02  1.60205550e-02  1.51368594e-02  1.23916017e-02
  8.28293245e-03 -3.09958501e-04 -5.09736268e-03 -8.56887363e-03
 -1.26241939e-02 -1.49035165e-02 -2.46849786e-02 -3.02336086e-02
 -3.66091952e-02 -4.63970192e-02 -5.36221378e-02 -5.52674867e-02
 -6.53128698e-02 -7.17809349e-02 -8.90046731e-02 -1.16939932e-01
 -1.38029397e-01 -1.72203124e-01 -2.52424270e-01 -2.73984075e-01
 -2.89754927e-01]
ITERATION NUMBER  6
Completed: cp script/input.* script/plumed_descriptors.data script/positions.data script/run_gromacs.sh unbias_A/bias1/bias2/bias3/bias4/bias5/bias6/
Completed: sed -i '0,/ns/s/ns.*/ns=5/' run_gromacs.sh
Completed: ./run_gromacs.sh
eigenvalues:  [ 0.9421943   0.5343905   0.39277923  0.34269688  0.2604556   0.20919807
  0.19266859  0.13814631  0.11874741  0.10478847  0.09800506  0.09117918
  0.08128452  0.0707847   0.0683359   0.06035143  0.05269784  0.05002211
  0.0398675   0.03293399  0.02177683  0.01328822  0.00778612  0.00639725
  0.00349753  0.0015267  -0.00393659 -0.00758528 -0.01501692 -0.01929314
 -0.02567222 -0.03792826 -0.0410082  -0.04793229 -0.05629168 -0.07091183
 -0.0760423  -0.09719318 -0.10730907 -0.12010343 -0.13550559 -0.15786466
 -0.18424033 -0.20943128 -0.25787774]
ITERATION NUMBER  7
Completed: cp script/input.* script/plumed_descriptors.data script/positions.data script/run_gromacs.sh unbias_A/bias1/bias2/bias3/bias4/bias5/bias6/bias7/
Completed: sed -i '0,/ns/s/ns.*/ns=5/' run_gromacs.sh
Completed: ./run_gromacs.sh
eigenvalues:  [ 8.28805804e-01  5.12585819e-01  4.36004966e-01  2.52875924e-01
  2.35048234e-01  1.90538257e-01  1.71377003e-01  1.44213289e-01
  1.17289782e-01  1.10224783e-01  8.85905251e-02  7.72749335e-02
  7.03370497e-02  6.39210120e-02  5.69752418e-02  5.44310622e-02
  4.66445722e-02  4.31722999e-02  3.62899564e-02  2.93949675e-02
  2.25319583e-02  1.92818046e-02  1.33888740e-02  8.47009849e-03
  6.87593920e-03 -7.41821947e-04 -7.20494660e-03 -1.07910885e-02
 -1.35539891e-02 -1.63898338e-02 -2.71480419e-02 -3.43795456e-02
 -4.29369099e-02 -4.66717854e-02 -5.87960109e-02 -7.41513744e-02
 -7.78285637e-02 -1.01457745e-01 -1.39680803e-01 -1.77234188e-01
 -1.94379225e-01 -2.07495660e-01 -2.67614216e-01 -2.79993623e-01
 -2.99312353e-01]
ITERATION NUMBER  8
Completed: cp script/input.* script/plumed_descriptors.data script/positions.data script/run_gromacs.sh unbias_A/bias1/bias2/bias3/bias4/bias5/bias6/bias7/bias8/
Completed: sed -i '0,/ns/s/ns.*/ns=5/' run_gromacs.sh
Completed: ./run_gromacs.sh
eigenvalues:  [ 0.85576624  0.7273466   0.2605397   0.20761596  0.19451937  0.19229196
  0.17575353  0.17460701  0.14346352  0.12460044  0.10315663  0.0878135
  0.0867537   0.08137526  0.07711237  0.05741756  0.05497004  0.05125086
  0.04083033  0.03923213  0.03597679  0.03229119  0.02997343  0.02146967
  0.01290749  0.00787122  0.00391517 -0.00135351 -0.00665791 -0.00770409
 -0.01117073 -0.02263422 -0.02473221 -0.03264146 -0.04384783 -0.05294892
 -0.06138788 -0.08747011 -0.11013252 -0.1187468  -0.12942143 -0.13963094
 -0.16169684 -0.18472908 -0.23352627]
ITERATION NUMBER  9
Completed: cp script/input.* script/plumed_descriptors.data script/positions.data script/run_gromacs.sh unbias_A/bias1/bias2/bias3/bias4/bias5/bias6/bias7/bias8/bias9/
Completed: sed -i '0,/ns/s/ns.*/ns=5/' run_gromacs.sh
Completed: ./run_gromacs.sh
eigenvalues:  [ 0.9410275   0.5985287   0.4622204   0.45088527  0.3375818   0.29912174
  0.18956146  0.16901456  0.14249071  0.1132168   0.10725267  0.09318352
  0.08362187  0.08072556  0.06373499  0.05832949  0.05092085  0.04528129
  0.04084468  0.03948084  0.03089521  0.02519547  0.01498158  0.0060933
  0.00106075 -0.00237921 -0.00718691 -0.01731611 -0.02318353 -0.02671229
 -0.03523559 -0.04285589 -0.04926221 -0.06276021 -0.0740841  -0.08045346
 -0.08435649 -0.11949166 -0.12782627 -0.14617954 -0.20337135 -0.22171327
 -0.253285   -0.31996787 -0.3342918 ]
ITERATION NUMBER  10
Completed: cp script/input.* script/plumed_descriptors.data script/positions.data script/run_gromacs.sh unbias_A/bias1/bias2/bias3/bias4/bias5/bias6/bias7/bias8/bias9/bias10/
Completed: sed -i '0,/ns/s/ns.*/ns=5/' run_gromacs.sh
Completed: ./run_gromacs.sh
eigenvalues:  [ 0.9829197   0.8812284   0.31503734  0.28182545  0.27318206  0.2401457
  0.22822475  0.18305221  0.14927843  0.14263555  0.12713055  0.1075175
  0.09123523  0.0876124   0.07975009  0.07496376  0.06350894  0.04617071
  0.04373465  0.03300348  0.02531555  0.02110814  0.01627705  0.00357985
 -0.00105265 -0.01255255 -0.0165574  -0.01999894 -0.02314977 -0.02612556
 -0.04108704 -0.04217469 -0.05111934 -0.0626864  -0.08923042 -0.10121057
 -0.11919796 -0.14016668 -0.173266   -0.18343186 -0.21381234 -0.2299831
 -0.27850336 -0.39900088 -0.7435874 ]
ITERATION NUMBER  11
Completed: cp script/input.* script/plumed_descriptors.data script/positions.data script/run_gromacs.sh unbias_A/bias1/bias2/bias3/bias4/bias5/bias6/bias7/bias8/bias9/bias10/bias11/
Completed: sed -i '0,/ns/s/ns.*/ns=5/' run_gromacs.sh
Completed: ./run_gromacs.sh
eigenvalues:  [ 0.9130563   0.58163416  0.49747682  0.45465508  0.29236978  0.21879339
  0.19159167  0.1597422   0.1560508   0.13855211  0.13817006  0.11955551
  0.11595635  0.09103312  0.09080741  0.07992031  0.06862003  0.06283063
  0.05294343  0.05158262  0.04852115  0.03541516  0.02913159  0.02364329
  0.01776001  0.00700269  0.00366192 -0.00180545 -0.0133802  -0.01523848
 -0.02130126 -0.02935725 -0.04924411 -0.05706479 -0.08085786 -0.1066457
 -0.11345821 -0.14765254 -0.15559603 -0.17241438 -0.20238292 -0.23155741
 -0.24954514 -0.27992478 -0.3038974 ]
ITERATION NUMBER  12
Completed: cp script/input.* script/plumed_descriptors.data script/positions.data script/run_gromacs.sh unbias_A/bias1/bias2/bias3/bias4/bias5/bias6/bias7/bias8/bias9/bias10/bias11/bias12/
Completed: sed -i '0,/ns/s/ns.*/ns=5/' run_gromacs.sh
Completed: ./run_gromacs.sh
eigenvalues:  [ 0.99114287  0.8038266   0.33873153  0.25000572  0.2133849   0.18491098
  0.16416606  0.15416639  0.14979617  0.13658911  0.11962971  0.11244034
  0.1085299   0.08700586  0.08101251  0.07005198  0.06048066  0.04520155
  0.03612201  0.03153475  0.02474019  0.01813536  0.00750787  0.00439189
  0.00158474 -0.00369933 -0.01406703 -0.01874709 -0.02092047 -0.03110515
 -0.04235142 -0.06083692 -0.0764719  -0.08856623 -0.0978196  -0.1115782
 -0.12357603 -0.14111586 -0.17622498 -0.18941596 -0.20055524 -0.2266039
 -0.27257273 -0.28630918 -0.31019735]
ITERATION NUMBER  13
Completed: cp script/input.* script/plumed_descriptors.data script/positions.data script/run_gromacs.sh unbias_A/bias1/bias2/bias3/bias4/bias5/bias6/bias7/bias8/bias9/bias10/bias11/bias12/bias13/
Completed: sed -i '0,/ns/s/ns.*/ns=5/' run_gromacs.sh
Completed: ./run_gromacs.sh
eigenvalues:  [ 9.49360847e-01  6.00688040e-01  4.53284681e-01  3.47133249e-01
  2.74915993e-01  2.46350437e-01  1.96013182e-01  1.76778108e-01
  1.59555435e-01  1.41204864e-01  1.23678267e-01  1.11102551e-01
  9.92005616e-02  9.32258219e-02  8.05199817e-02  7.47280568e-02
  6.96007758e-02  5.74328415e-02  5.22610322e-02  4.28779721e-02
  3.48958373e-02  3.14488113e-02  2.73711178e-02  1.53057817e-02
  1.26619004e-02  4.29390837e-03  1.15790735e-05 -7.25153135e-03
 -1.32657317e-02 -2.55433656e-02 -4.11872938e-02 -4.68840674e-02
 -5.21509163e-02 -7.69573674e-02 -8.73975605e-02 -9.91419852e-02
 -1.43390074e-01 -1.49476588e-01 -1.94656387e-01 -2.07941964e-01
 -2.21362501e-01 -2.37050399e-01 -2.55260259e-01 -2.87853122e-01
 -3.35659653e-01]
ITERATION NUMBER  14
Completed: cp script/input.* script/plumed_descriptors.data script/positions.data script/run_gromacs.sh unbias_A/bias1/bias2/bias3/bias4/bias5/bias6/bias7/bias8/bias9/bias10/bias11/bias12/bias13/bias14/
Completed: sed -i '0,/ns/s/ns.*/ns=5/' run_gromacs.sh
Completed: ./run_gromacs.sh
eigenvalues:  [ 0.9791916   0.7701952   0.35271883  0.33235848  0.22209668  0.18265252
  0.1714055   0.15116417  0.13183361  0.12326853  0.10551029  0.10098609
  0.09608056  0.07374991  0.06878524  0.05169964  0.04774713  0.03942959
  0.02944233  0.02033807  0.01112391  0.00860379  0.00192333 -0.00561495
 -0.00931247 -0.02018137 -0.03051355 -0.03786909 -0.04029062 -0.06338359
 -0.07109635 -0.07326011 -0.08527596 -0.09339793 -0.10948567 -0.12254293
 -0.14003748 -0.16347058 -0.17027724 -0.18190783 -0.20179036 -0.24895456
 -0.25983787 -0.26360163 -0.28988126]
ITERATION NUMBER  15
Completed: cp script/input.* script/plumed_descriptors.data script/positions.data script/run_gromacs.sh unbias_A/bias1/bias2/bias3/bias4/bias5/bias6/bias7/bias8/bias9/bias10/bias11/bias12/bias13/bias14/bias15/
Completed: sed -i '0,/ns/s/ns.*/ns=5/' run_gromacs.sh
Completed: ./run_gromacs.sh
eigenvalues:  [ 8.34990382e-01  6.10785246e-01  5.34385145e-01  3.65648896e-01
  3.09298933e-01  2.40553588e-01  2.04218060e-01  1.89453080e-01
  1.47061586e-01  1.36301160e-01  1.19426638e-01  1.10057555e-01
  1.03197969e-01  9.69223678e-02  8.33412856e-02  7.54727870e-02
  7.19255954e-02  6.61585480e-02  6.23571724e-02  4.71741892e-02
  4.13406901e-02  3.17769721e-02  2.94056367e-02  1.83989275e-02
  1.29739186e-02  7.77097791e-03  1.54390000e-03 -5.01666393e-04
 -1.02237863e-02 -2.56879386e-02 -3.25734951e-02 -3.50782946e-02
 -6.89725429e-02 -8.91715586e-02 -1.26227140e-01 -1.53178632e-01
 -1.69891268e-01 -1.85039520e-01 -2.06942901e-01 -2.17020422e-01
 -2.29873583e-01 -2.42336690e-01 -2.62291908e-01 -3.05141628e-01
 -3.54976565e-01]
ITERATION NUMBER  16
Completed: cp script/input.* script/plumed_descriptors.data script/positions.data script/run_gromacs.sh unbias_A/bias1/bias2/bias3/bias4/bias5/bias6/bias7/bias8/bias9/bias10/bias11/bias12/bias13/bias14/bias15/bias16/
Completed: sed -i '0,/ns/s/ns.*/ns=5/' run_gromacs.sh
Completed: ./run_gromacs.sh
eigenvalues:  [ 0.92190796  0.26830086  0.24289516  0.22616349  0.17441685  0.15716769
  0.15570818  0.14293161  0.12225644  0.111105    0.09665861  0.08791804
  0.08099872  0.0725202   0.06723419  0.05577017  0.03967157  0.02822049
  0.02609242  0.02484848  0.01542126  0.01282254  0.0080489  -0.00107434
 -0.00343025 -0.0116718  -0.0171735  -0.03085868 -0.03768136 -0.05472039
 -0.06568577 -0.07168317 -0.07989816 -0.09131749 -0.1093114  -0.11910477
 -0.1676217  -0.19439922 -0.2015971  -0.24316159 -0.27601144 -0.30141348
 -0.3113337  -0.32409838 -0.37642464]
ITERATION NUMBER  17
Completed: cp script/input.* script/plumed_descriptors.data script/positions.data script/run_gromacs.sh unbias_A/bias1/bias2/bias3/bias4/bias5/bias6/bias7/bias8/bias9/bias10/bias11/bias12/bias13/bias14/bias15/bias16/bias17/
Completed: sed -i '0,/ns/s/ns.*/ns=5/' run_gromacs.sh
Completed: ./run_gromacs.sh
eigenvalues:  [ 2.4565161e+01  9.2752153e-01  7.6403481e-01  4.5161530e-01
  2.9523826e-01  2.5249386e-01  2.4847163e-01  2.2433312e-01
  1.9202490e-01  1.5232512e-01  1.3780914e-01  1.2547961e-01
  1.0710331e-01  9.2985772e-02  9.2563272e-02  8.3453283e-02
  7.2535962e-02  6.5882586e-02  4.6515506e-02  4.3587878e-02
  3.9771132e-02  2.7830482e-02  2.4874052e-02  1.7879440e-02
  9.7521171e-03  5.5426746e-03 -1.6471175e-02 -2.0523587e-02
 -2.3331640e-02 -3.2299180e-02 -3.3338316e-02 -5.1026300e-02
 -5.8819715e-02 -6.4915203e-02 -7.5605929e-02 -8.8322476e-02
 -9.7778283e-02 -1.1362119e-01 -1.4677796e-01 -1.5079823e-01
 -1.5513100e-01 -2.1954711e-01 -2.4431640e-01 -2.8029335e-01
 -2.9350117e-01]
ITERATION NUMBER  18
Completed: cp script/input.* script/plumed_descriptors.data script/positions.data script/run_gromacs.sh unbias_A/bias1/bias2/bias3/bias4/bias5/bias6/bias7/bias8/bias9/bias10/bias11/bias12/bias13/bias14/bias15/bias16/bias17/bias18/
Completed: sed -i '0,/ns/s/ns.*/ns=5/' run_gromacs.sh
Completed: ./run_gromacs.sh
eigenvalues:  [ 0.9504673   0.7710721   0.55256814  0.33155954  0.29158345  0.22768861
  0.16228008  0.15592366  0.1379753   0.12787895  0.114476    0.09774071
  0.09325144  0.07595179  0.07112727  0.06290318  0.05595028  0.05303245
  0.04612134  0.03785386  0.0350709   0.03127619  0.02448874  0.01680452
  0.01104389  0.00486078 -0.00251629 -0.00510581 -0.01391416 -0.01489092
 -0.02219421 -0.03062638 -0.03225286 -0.04179151 -0.04687354 -0.0566035
 -0.06055496 -0.07279506 -0.08734458 -0.09600126 -0.11752413 -0.12098934
 -0.13853297 -0.14882807 -0.20781717]
ITERATION NUMBER  19
Completed: cp script/input.* script/plumed_descriptors.data script/positions.data script/run_gromacs.sh unbias_A/bias1/bias2/bias3/bias4/bias5/bias6/bias7/bias8/bias9/bias10/bias11/bias12/bias13/bias14/bias15/bias16/bias17/bias18/bias19/
Completed: sed -i '0,/ns/s/ns.*/ns=5/' run_gromacs.sh
Completed: ./run_gromacs.sh
eigenvalues:  [ 0.87109053  0.55309105  0.40488335  0.3733288   0.2845433   0.23205708
  0.22041127  0.1502971   0.13965966  0.11978658  0.10892215  0.10218092
  0.09457228  0.08156857  0.07367709  0.06678277  0.062134    0.05080327
  0.0476829   0.04073947  0.03690959  0.03448527  0.02255249  0.02021377
  0.00965144  0.00700879 -0.00260157 -0.00852558 -0.01692183 -0.02884166
 -0.03719531 -0.04875718 -0.06517249 -0.08275377 -0.10684131 -0.12734832
 -0.15627293 -0.15814218 -0.18653628 -0.21022975 -0.21919054 -0.23995095
 -0.26621926 -0.29336503 -0.29713053]
###--- End Simulations ---###
total time of simulations:  100  ns
Run for:  5184.756277084351  s
