0 0.000000 1.270000 0.000000 0.000000 0.188249 0.125499 0.000000 0.000000 
0 0.000000 1.271997 0.000000 0.000000 0.076770 0.014591 0.000000 0.054884 
1000 5.000000 1.229268 0.000000 0.000000 -0.176983 0.000142 0.000000 -0.177197 
2000 10.000000 1.177625 0.000000 0.000000 -0.947774 0.073264 0.000000 -1.057670 
3000 15.000000 1.212957 0.000000 0.000000 -0.145207 0.238346 0.000000 -0.502725 
4000 20.000000 1.298302 0.000000 0.000000 -0.033617 0.028878 0.000000 -0.076935 
5000 25.000000 1.274941 0.000000 0.000000 3.485720 3.420032 0.000000 -1.644328 
6000 30.000000 1.235084 0.000000 0.000000 0.898066 0.970018 0.000000 -0.556961 
7000 35.000000 1.282598 0.000000 0.000000 0.732597 0.477620 0.000000 0.016168 
8000 40.000000 1.166754 0.000000 0.000000 4.275412 5.099078 0.000000 -3.373205 
9000 45.000000 1.303635 0.000000 0.000000 0.261166 0.023708 0.000000 0.225605 
10000 50.000000 1.286576 0.000000 0.000000 2.379221 1.965663 0.000000 -0.569273 
11000 55.000000 1.194423 0.000000 0.000000 0.191579 0.328870 0.000000 -0.301727 
12000 60.000000 1.236909 0.000000 0.000000 0.492203 0.088901 0.000000 0.358852 
13000 65.000000 1.123347 0.000000 0.000000 -1.441899 0.052997 0.000000 -1.521394 
14000 70.000000 1.021010 0.000000 0.000000 -2.506001 1.234581 0.000000 -4.357873 
15000 75.000000 1.290886 0.000000 0.000000 2.155322 1.135734 0.000000 0.451721 
16000 80.000000 1.311663 0.000000 0.000000 0.919915 0.087710 0.000000 0.788349 
17000 85.000000 1.250965 0.000000 0.000000 2.511776 1.419199 0.000000 0.382978 
18000 90.000000 1.255009 0.000000 0.000000 1.122007 0.007835 0.000000 1.110254 
19000 95.000000 1.272570 0.000000 0.000000 2.350609 1.204337 0.000000 0.544104 
20000 100.000000 1.210166 0.000000 0.000000 0.986954 0.219625 0.000000 0.657517 
21000 105.000000 1.272916 0.000000 0.000000 1.225048 0.009978 0.000000 1.210081 
22000 110.000000 1.099978 0.000000 0.000000 -0.488267 0.937757 0.000000 -1.894903 
23000 115.000000 1.173596 0.000000 0.000000 1.564692 1.297283 0.000000 -0.381233 
24000 120.000000 1.281198 0.000000 0.000000 1.371612 0.078594 0.000000 1.253721 
25000 125.000000 1.243556 0.000000 0.000000 1.391577 0.178879 0.000000 1.123258 
26000 130.000000 1.143103 0.000000 0.000000 -0.248300 0.058522 0.000000 -0.336084 
27000 135.000000 1.348655 0.000000 0.000000 1.512411 1.100221 0.000000 -0.137920 
28000 140.000000 1.190893 0.000000 0.000000 4.387959 3.712920 0.000000 -1.181421 
29000 145.000000 1.305366 0.000000 0.000000 1.678324 0.428078 0.000000 1.036207 
30000 150.000000 1.282926 0.000000 0.000000 1.473886 0.065443 0.000000 1.375721 
31000 155.000000 1.309780 0.000000 0.000000 2.508415 1.310407 0.000000 0.542804 
32000 160.000000 1.247238 0.000000 0.000000 1.374770 0.000934 0.000000 1.373369 
33000 165.000000 1.248296 0.000000 0.000000 1.657474 0.265446 0.000000 1.259305 
34000 170.000000 1.292008 0.000000 0.000000 2.837744 1.446020 0.000000 0.668714 
35000 175.000000 1.156764 0.000000 0.000000 0.300034 0.151206 0.000000 0.073225 
36000 180.000000 1.296638 0.000000 0.000000 2.375731 0.995512 0.000000 0.882462 
37000 185.000000 1.202738 0.000000 0.000000 1.690237 0.717614 0.000000 0.613816 
38000 190.000000 1.281298 0.000000 0.000000 1.539579 0.054769 0.000000 1.457426 
39000 195.000000 1.272129 0.000000 0.000000 1.714523 0.208365 0.000000 1.401976 
40000 200.000000 1.338893 0.000000 0.000000 0.775982 0.000738 0.000000 0.774875 
41000 205.000000 1.265283 0.000000 0.000000 9.302767 7.782822 0.000000 -2.371466 
42000 210.000000 1.289574 0.000000 0.000000 3.796369 2.318896 0.000000 0.318026 
43000 215.000000 1.279856 0.000000 0.000000 2.008226 0.481980 0.000000 1.285256 
44000 220.000000 1.134493 0.000000 0.000000 -0.057524 0.163961 0.000000 -0.303465 
45000 225.000000 1.207433 0.000000 0.000000 4.057921 2.926264 0.000000 -0.331474 
46000 230.000000 1.265685 0.000000 0.000000 3.218620 1.618777 0.000000 0.790455 
47000 235.000000 1.304471 0.000000 0.000000 1.760295 0.323042 0.000000 1.275733 
48000 240.000000 1.273885 0.000000 0.000000 1.638274 0.027573 0.000000 1.596914 
49000 245.000000 1.315132 0.000000 0.000000 2.110112 0.800977 0.000000 0.908646 
50000 250.000000 1.276899 0.000000 0.000000 2.852800 0.670024 0.000000 1.847764 
51000 255.000000 1.290028 0.000000 0.000000 2.265612 0.129064 0.000000 2.072017 
52000 260.000000 1.305339 0.000000 0.000000 2.030306 0.007248 0.000000 2.019434 
53000 265.000000 1.252891 0.000000 0.000000 2.486296 0.306692 0.000000 2.026259 
54000 270.000000 1.263727 0.000000 0.000000 2.325709 0.106886 0.000000 2.165380 
55000 275.000000 1.280386 0.000000 0.000000 2.231344 0.013797 0.000000 2.210649 
56000 280.000000 1.179962 0.000000 0.000000 2.342880 0.942202 0.000000 0.929577 
57000 285.000000 1.257703 0.000000 0.000000 4.534582 2.306998 0.000000 1.074085 
58000 290.000000 1.237223 0.000000 0.000000 2.155655 0.043065 0.000000 2.091058 
59000 295.000000 1.334374 0.000000 0.000000 4.968016 3.340936 0.000000 -0.043388 
60000 300.000000 1.222722 0.000000 0.000000 2.364275 0.373871 0.000000 1.803467 
61000 305.000000 1.236443 0.000000 0.000000 2.195932 0.077069 0.000000 2.080328 
62000 310.000000 1.311973 0.000000 0.000000 4.821871 2.801257 0.000000 0.619985 
63000 315.000000 1.134525 0.000000 0.000000 2.195625 1.660455 0.000000 -0.295057 
64000 320.000000 1.344702 0.000000 0.000000 1.449496 0.013453 0.000000 1.429317 
65000 325.000000 1.285127 0.000000 0.000000 3.623900 1.342942 0.000000 1.609486 
66000 330.000000 1.250054 0.000000 0.000000 2.262075 0.003268 0.000000 2.257173 
67000 335.000000 1.230649 0.000000 0.000000 3.145836 1.020335 0.000000 1.615333 
68000 340.000000 1.289725 0.000000 0.000000 2.369609 0.097667 0.000000 2.223108 
69000 345.000000 1.225219 0.000000 0.000000 2.253134 0.178532 0.000000 1.985336 
70000 350.000000 1.323818 0.000000 0.000000 7.405818 5.509065 0.000000 -0.857780 
71000 355.000000 1.296745 0.000000 0.000000 2.982898 0.736433 0.000000 1.878249 
72000 360.000000 1.213235 0.000000 0.000000 2.800932 0.826476 0.000000 1.561218 
73000 365.000000 1.201945 0.000000 0.000000 2.185217 0.347840 0.000000 1.663457 
74000 370.000000 1.299689 0.000000 0.000000 2.286073 0.058838 0.000000 2.197815 
75000 375.000000 1.261730 0.000000 0.000000 3.591948 1.248799 0.000000 1.718749 
76000 380.000000 1.309316 0.000000 0.000000 2.142482 0.011382 0.000000 2.125408 
77000 385.000000 1.150171 0.000000 0.000000 0.999574 0.014973 0.000000 0.977115 
78000 390.000000 1.177559 0.000000 0.000000 1.759445 0.001120 0.000000 1.757765 
79000 395.000000 1.218795 0.000000 0.000000 2.385842 0.058955 0.000000 2.297409 
80000 400.000000 1.167894 0.000000 0.000000 1.584547 0.001191 0.000000 1.582761 
81000 405.000000 1.299936 0.000000 0.000000 7.106368 4.576701 0.000000 0.241317 
82000 410.000000 1.270900 0.000000 0.000000 4.882812 2.217100 0.000000 1.557162 
83000 415.000000 1.198341 0.000000 0.000000 2.425461 0.330228 0.000000 1.930119 
84000 420.000000 1.266041 0.000000 0.000000 3.591265 0.911664 0.000000 2.223769 
85000 425.000000 1.283324 0.000000 0.000000 2.710668 0.049426 0.000000 2.636528 
86000 430.000000 1.278200 0.000000 0.000000 2.701020 0.023962 0.000000 2.665076 
87000 435.000000 1.277018 0.000000 0.000000 4.840480 2.157625 0.000000 1.604043 
88000 440.000000 1.370284 0.000000 0.000000 1.794089 0.651717 0.000000 0.816513 
89000 445.000000 1.269618 0.000000 0.000000 2.798083 0.025180 0.000000 2.760313 
90000 450.000000 1.203536 0.000000 0.000000 4.550547 2.272062 0.000000 1.142454 
91000 455.000000 1.329378 0.000000 0.000000 5.561739 3.297171 0.000000 0.615982 
92000 460.000000 1.348480 0.000000 0.000000 2.128370 0.280567 0.000000 1.707520 
93000 465.000000 1.191886 0.000000 0.000000 6.577134 4.439777 0.000000 -0.082532 
94000 470.000000 1.254599 0.000000 0.000000 3.126468 0.342887 0.000000 2.612138 
95000 475.000000 1.176446 0.000000 0.000000 1.978687 0.064806 0.000000 1.881478 
96000 480.000000 1.320133 0.000000 0.000000 2.634559 0.168387 0.000000 2.381979 
97000 485.000000 1.110619 0.000000 0.000000 0.860980 0.308322 0.000000 0.398497 
98000 490.000000 1.202456 0.000000 0.000000 2.346283 0.003926 0.000000 2.340394 
99000 495.000000 1.071300 0.000000 0.000000 -0.105177 0.181386 0.000000 -0.377256 
100000 500.000000 1.285859 0.000000 0.000000 2.917356 0.022907 0.000000 2.882995 
101000 505.000000 1.156693 0.000000 0.000000 3.801589 2.135396 0.000000 0.598496 
102000 510.000000 1.262113 0.000000 0.000000 4.676443 1.727762 0.000000 2.084800 
103000 515.000000 1.280989 0.000000 0.000000 4.813107 1.871184 0.000000 2.006331 
104000 520.000000 1.239769 0.000000 0.000000 4.435870 1.579513 0.000000 2.066601 
105000 525.000000 1.397237 0.000000 0.000000 0.429733 0.232985 0.000000 0.080256 
106000 530.000000 1.338088 0.000000 0.000000 2.321370 0.014995 0.000000 2.298876 
107000 535.000000 1.192779 0.000000 0.000000 2.810563 0.442340 0.000000 2.147053 
108000 540.000000 1.238436 0.000000 0.000000 4.465280 1.555892 0.000000 2.131441 
109000 545.000000 1.380302 0.000000 0.000000 1.061330 0.051084 0.000000 0.984704 
110000 550.000000 1.228455 0.000000 0.000000 2.842810 0.006599 0.000000 2.832911 
111000 555.000000 1.342682 0.000000 0.000000 2.249076 0.014430 0.000000 2.227432 
112000 560.000000 1.209861 0.000000 0.000000 2.661813 0.029764 0.000000 2.617166 
113000 565.000000 1.246343 0.000000 0.000000 3.008740 0.021377 0.000000 2.976674 
114000 570.000000 1.199917 0.000000 0.000000 2.591247 0.084642 0.000000 2.464284 
115000 575.000000 1.226835 0.000000 0.000000 3.440667 0.596641 0.000000 2.545705 
116000 580.000000 1.320943 0.000000 0.000000 5.508666 2.812949 0.000000 1.289243 
117000 585.000000 1.366819 0.000000 0.000000 3.455406 1.848757 0.000000 0.682271 
118000 590.000000 1.334766 0.000000 0.000000 2.702554 0.188658 0.000000 2.419567 
119000 595.000000 1.231261 0.000000 0.000000 3.138847 0.168594 0.000000 2.885956 
120000 600.000000 1.091934 0.000000 0.000000 0.778162 0.372094 0.000000 0.220022 
121000 605.000000 1.242299 0.000000 0.000000 6.001259 2.911446 0.000000 1.634090 
122000 610.000000 1.331735 0.000000 0.000000 2.658957 0.048382 0.000000 2.586383 
123000 615.000000 1.306528 0.000000 0.000000 3.849150 0.854140 0.000000 2.567939 
124000 620.000000 1.278829 0.000000 0.000000 3.441573 0.254345 0.000000 3.060056 
125000 625.000000 1.286871 0.000000 0.000000 3.888418 0.738443 0.000000 2.780754 
126000 630.000000 1.233778 0.000000 0.000000 4.242475 1.204863 0.000000 2.435180 
127000 635.000000 1.285766 0.000000 0.000000 3.761888 0.549785 0.000000 2.937210 
128000 640.000000 1.157602 0.000000 0.000000 2.510911 0.525193 0.000000 1.723121 
129000 645.000000 1.282496 0.000000 0.000000 3.244592 0.007191 0.000000 3.233806 
130000 650.000000 1.264058 0.000000 0.000000 3.690420 0.420467 0.000000 3.059719 
131000 655.000000 1.272034 0.000000 0.000000 3.282887 0.007032 0.000000 3.272339 
132000 660.000000 1.183830 0.000000 0.000000 2.786335 0.309483 0.000000 2.322110 
133000 665.000000 1.259573 0.000000 0.000000 5.295240 2.024180 0.000000 2.258970 
134000 670.000000 1.153399 0.000000 0.000000 2.192856 0.258466 0.000000 1.805158 
135000 675.000000 1.249564 0.000000 0.000000 6.921550 3.678866 0.000000 1.403250 
136000 680.000000 1.007890 0.000000 0.000000 -0.396051 1.037016 0.000000 -1.951575 
137000 685.000000 1.286535 0.000000 0.000000 5.071264 1.665561 0.000000 2.572923 
138000 690.000000 1.259982 0.000000 0.000000 5.724740 2.283727 0.000000 2.299149 
139000 695.000000 1.177367 0.000000 0.000000 3.661136 1.115647 0.000000 1.987665 
140000 700.000000 1.271462 0.000000 0.000000 3.481532 0.020439 0.000000 3.450873 
141000 705.000000 1.281561 0.000000 0.000000 4.489763 1.042164 0.000000 2.926516 
142000 710.000000 1.277629 0.000000 0.000000 3.495689 0.037697 0.000000 3.439143 
143000 715.000000 1.149573 0.000000 0.000000 2.603125 0.548142 0.000000 1.780912 
144000 720.000000 1.251493 0.000000 0.000000 3.590636 0.140689 0.000000 3.379602 
145000 725.000000 1.297507 0.000000 0.000000 3.409317 0.027097 0.000000 3.368672 
146000 730.000000 1.269825 0.000000 0.000000 5.862026 2.369070 0.000000 2.308421 
147000 735.000000 1.331755 0.000000 0.000000 5.821600 2.900987 0.000000 1.470119 
148000 740.000000 1.242844 0.000000 0.000000 12.380045 8.973997 0.000000 -1.080950 
149000 745.000000 1.239311 0.000000 0.000000 6.857124 3.476605 0.000000 1.642217 
150000 750.000000 1.169991 0.000000 0.000000 3.019835 0.551493 0.000000 2.192595 
151000 755.000000 1.274222 0.000000 0.000000 7.838212 4.353169 0.000000 1.308459 
152000 760.000000 1.280121 0.000000 0.000000 3.736930 0.266326 0.000000 3.337441 
153000 765.000000 1.226300 0.000000 0.000000 4.584252 1.326048 0.000000 2.595181 
154000 770.000000 1.373324 0.000000 0.000000 1.758178 0.008618 0.000000 1.745251 
155000 775.000000 1.227866 0.000000 0.000000 3.319488 0.024874 0.000000 3.282178 
156000 780.000000 1.218002 0.000000 0.000000 3.418996 0.226588 0.000000 3.079113 
157000 785.000000 1.117255 0.000000 0.000000 3.458163 2.091805 0.000000 0.320455 
158000 790.000000 1.233631 0.000000 0.000000 6.569326 3.201962 0.000000 1.766383 
159000 795.000000 1.193991 0.000000 0.000000 6.015389 3.117675 0.000000 1.338877 
160000 800.000000 1.301239 0.000000 0.000000 4.014763 0.618731 0.000000 3.086667 
161000 805.000000 1.287234 0.000000 0.000000 4.069728 0.576578 0.000000 3.204861 
162000 810.000000 1.303685 0.000000 0.000000 4.278337 0.903873 0.000000 2.922527 
163000 815.000000 1.139988 0.000000 0.000000 2.621125 0.722887 0.000000 1.536795 
164000 820.000000 1.149526 0.000000 0.000000 2.114018 0.002791 0.000000 2.109832 
165000 825.000000 1.262908 0.000000 0.000000 3.770194 0.213967 0.000000 3.449243 
166000 830.000000 1.286830 0.000000 0.000000 3.623698 0.095952 0.000000 3.479771 
167000 835.000000 1.228651 0.000000 0.000000 6.660362 3.293528 0.000000 1.720070 
168000 840.000000 1.281645 0.000000 0.000000 3.572426 0.013495 0.000000 3.552184 
169000 845.000000 1.141838 0.000000 0.000000 2.079832 0.116066 0.000000 1.905733 
170000 850.000000 1.231012 0.000000 0.000000 3.412663 0.005813 0.000000 3.403944 
171000 855.000000 1.260875 0.000000 0.000000 4.962409 1.374801 0.000000 2.900208 
172000 860.000000 1.247495 0.000000 0.000000 3.681445 0.145880 0.000000 3.462625 
173000 865.000000 1.335287 0.000000 0.000000 4.417753 1.454011 0.000000 2.236736 
174000 870.000000 1.273096 0.000000 0.000000 4.774523 1.172168 0.000000 3.016272 
175000 875.000000 1.357060 0.000000 0.000000 2.513609 0.095096 0.000000 2.370965 
176000 880.000000 1.303220 0.000000 0.000000 3.738312 0.278407 0.000000 3.320702 
177000 885.000000 1.280758 0.000000 0.000000 3.619772 0.018163 0.000000 3.592527 
178000 890.000000 1.329624 0.000000 0.000000 7.129363 4.033197 0.000000 1.079568 
179000 895.000000 1.329395 0.000000 0.000000 3.261347 0.155692 0.000000 3.027808 
180000 900.000000 1.306269 0.000000 0.000000 3.566421 0.125672 0.000000 3.377913 
181000 905.000000 1.299565 0.000000 0.000000 4.311258 0.803915 0.000000 3.105385 
182000 910.000000 1.300348 0.000000 0.000000 3.530559 0.023602 0.000000 3.495155 
183000 915.000000 1.178887 0.000000 0.000000 2.861462 0.087920 0.000000 2.729582 
184000 920.000000 1.214803 0.000000 0.000000 6.752091 3.472411 0.000000 1.543475 
185000 925.000000 1.163106 0.000000 0.000000 2.999296 0.455072 0.000000 2.316688 
186000 930.000000 1.178345 0.000000 0.000000 3.100286 0.273577 0.000000 2.689920 
187000 935.000000 1.240466 0.000000 0.000000 3.603370 0.000253 0.000000 3.602991 
188000 940.000000 1.375290 0.000000 0.000000 3.826477 1.945721 0.000000 0.907896 
189000 945.000000 1.245275 0.000000 0.000000 6.578906 2.933332 0.000000 2.178908 
190000 950.000000 1.160893 0.000000 0.000000 2.537548 0.026416 0.000000 2.497924 
191000 955.000000 1.333538 0.000000 0.000000 3.424563 0.302611 0.000000 2.970648 
192000 960.000000 1.262796 0.000000 0.000000 4.062677 0.329951 0.000000 3.567751 
193000 965.000000 1.353656 0.000000 0.000000 3.328838 0.691943 0.000000 2.290925 
194000 970.000000 1.351937 0.000000 0.000000 3.857554 1.164824 0.000000 2.110318 
195000 975.000000 1.265957 0.000000 0.000000 6.526184 2.771559 0.000000 2.368845 
196000 980.000000 1.246147 0.000000 0.000000 3.814592 0.128216 0.000000 3.622268 
197000 985.000000 1.260264 0.000000 0.000000 3.749451 0.000119 0.000000 3.749273 
198000 990.000000 1.269976 0.000000 0.000000 3.895155 0.138306 0.000000 3.687697 
199000 995.000000 1.225158 0.000000 0.000000 3.777206 0.250970 0.000000 3.400751 
200000 1000.000000 1.261406 0.000000 0.000000 6.426494 2.664090 0.000000 2.430359 
201000 1005.000000 1.288703 0.000000 0.000000 5.017422 1.282832 0.000000 3.093174 
202000 1010.000000 1.182195 0.000000 0.000000 3.927486 0.953099 0.000000 2.497837 
203000 1015.000000 1.215516 0.000000 0.000000 3.614956 0.160028 0.000000 3.374914 
204000 1020.000000 1.319523 0.000000 0.000000 3.529760 0.090202 0.000000 3.394457 
205000 1025.000000 1.272882 0.000000 0.000000 3.839332 0.041449 0.000000 3.777158 
206000 1030.000000 1.322097 0.000000 0.000000 3.923961 0.521719 0.000000 3.141383 
207000 1035.000000 1.254566 0.000000 0.000000 4.256284 0.479996 0.000000 3.536289 
208000 1040.000000 1.054037 0.000000 0.000000 0.809223 0.645032 0.000000 -0.158324 
209000 1045.000000 1.141164 0.000000 0.000000 3.002676 0.767797 0.000000 1.850981 
210000 1050.000000 1.252053 0.000000 0.000000 6.946891 3.111072 0.000000 2.280283 
211000 1055.000000 1.293996 0.000000 0.000000 3.828984 0.038196 0.000000 3.771689 
212000 1060.000000 1.244510 0.000000 0.000000 4.270405 0.469784 0.000000 3.565730 
213000 1065.000000 1.321046 0.000000 0.000000 3.609013 0.106876 0.000000 3.448698 
214000 1070.000000 1.442470 0.000000 0.000000 -1.887325 0.026183 0.000000 -1.926600 
215000 1075.000000 1.247797 0.000000 0.000000 6.568263 2.620650 0.000000 2.637288 
216000 1080.000000 1.297923 0.000000 0.000000 4.002980 0.106015 0.000000 3.843957 
217000 1085.000000 1.246211 0.000000 0.000000 6.966450 3.021476 0.000000 2.434236 
218000 1090.000000 1.276249 0.000000 0.000000 4.162552 0.152320 0.000000 3.934072 
219000 1095.000000 1.364456 0.000000 0.000000 5.322665 2.738705 0.000000 1.214608 
220000 1100.000000 1.292363 0.000000 0.000000 5.635144 1.670390 0.000000 3.129559 
221000 1105.000000 1.192240 0.000000 0.000000 3.647614 0.260294 0.000000 3.257174 
222000 1110.000000 1.281644 0.000000 0.000000 6.223199 2.203390 0.000000 2.918113 
223000 1115.000000 1.268874 0.000000 0.000000 12.095435 8.053503 0.000000 0.015180 
224000 1120.000000 1.350486 0.000000 0.000000 3.795728 0.770008 0.000000 2.640715 
225000 1125.000000 1.304359 0.000000 0.000000 4.142139 0.272146 0.000000 3.733920 
226000 1130.000000 1.285283 0.000000 0.000000 4.644408 0.633191 0.000000 3.694621 
227000 1135.000000 1.057574 0.000000 0.000000 0.661378 0.164364 0.000000 0.414832 
228000 1140.000000 1.309805 0.000000 0.000000 7.390977 3.511221 0.000000 2.124146 
229000 1145.000000 1.255851 0.000000 0.000000 4.088956 0.000365 0.000000 4.088409 
230000 1150.000000 1.348893 0.000000 0.000000 6.149969 3.007503 0.000000 1.638715 
231000 1155.000000 1.141624 0.000000 0.000000 3.562889 1.061064 0.000000 1.971293 
232000 1160.000000 1.209841 0.000000 0.000000 6.327165 2.615391 0.000000 2.404078 
233000 1165.000000 1.265870 0.000000 0.000000 4.163232 0.040570 0.000000 4.102376 
234000 1170.000000 1.226044 0.000000 0.000000 4.047765 0.138921 0.000000 3.839383 
235000 1175.000000 1.250372 0.000000 0.000000 4.326393 0.231780 0.000000 3.978722 
236000 1180.000000 1.315706 0.000000 0.000000 3.988087 0.118002 0.000000 3.811084 
237000 1185.000000 1.263045 0.000000 0.000000 9.745971 5.574829 0.000000 1.383727 
238000 1190.000000 1.314747 0.000000 0.000000 4.861789 0.975690 0.000000 3.398253 
239000 1195.000000 1.224799 0.000000 0.000000 5.018679 1.080921 0.000000 3.397297 
240000 1200.000000 1.336332 0.000000 0.000000 3.915399 0.405141 0.000000 3.307687 
241000 1205.000000 1.213390 0.000000 0.000000 3.839467 0.022180 0.000000 3.806196 
242000 1210.000000 1.264436 0.000000 0.000000 4.284749 0.109994 0.000000 4.119757 
243000 1215.000000 1.093034 0.000000 0.000000 7.380218 5.895812 0.000000 -1.463501 
244000 1220.000000 1.236905 0.000000 0.000000 4.551275 0.490467 0.000000 3.815575 
245000 1225.000000 1.250265 0.000000 0.000000 10.897900 6.743614 0.000000 0.782479 
246000 1230.000000 1.235351 0.000000 0.000000 5.463387 1.409892 0.000000 3.348549 
247000 1235.000000 0.674632 0.000000 0.000000 -3.090114 0.178856 0.000000 -3.358397 
248000 1240.000000 0.068787 0.000000 0.000000 10.820444 3.212819 0.000000 6.001216 
249000 1245.000000 -0.421317 0.000000 0.000000 10.099093 1.600865 0.000000 7.697796 
250000 1250.000000 -0.053032 0.000000 0.000000 16.045889 2.577557 0.000000 12.179554 
251000 1255.000000 0.059882 0.000000 0.000000 16.612829 3.062609 0.000000 12.018915 
252000 1260.000000 -1.059842 0.000000 0.000000 14.367798 0.004202 0.000000 14.361494 
253000 1265.000000 -0.134219 0.000000 0.000000 18.278289 0.432792 0.000000 17.629101 
254000 1270.000000 0.111743 0.000000 0.000000 19.433474 1.904691 0.000000 16.576437 
255000 1275.000000 -0.149620 0.000000 0.000000 20.697788 2.583602 0.000000 16.822385 
256000 1280.000000 0.382636 0.000000 0.000000 16.152348 0.439689 0.000000 15.492814 
257000 1285.000000 -0.205862 0.000000 0.000000 25.874949 6.171035 0.000000 16.618396 
258000 1290.000000 -0.150800 0.000000 0.000000 20.976076 0.914363 0.000000 19.604532 
259000 1295.000000 -0.114027 0.000000 0.000000 20.906778 0.624425 0.000000 19.970141 
260000 1300.000000 -0.158243 0.000000 0.000000 20.525748 0.305480 0.000000 20.067528 
261000 1305.000000 0.120998 0.000000 0.000000 20.921083 1.135437 0.000000 19.217928 
262000 1310.000000 -0.028980 0.000000 0.000000 21.618422 0.890171 0.000000 20.283165 
263000 1315.000000 -0.021066 0.000000 0.000000 24.073264 3.359472 0.000000 19.034056 
264000 1320.000000 -0.245557 0.000000 0.000000 20.102156 0.115339 0.000000 19.929147 
265000 1325.000000 -0.134356 0.000000 0.000000 20.942493 0.270396 0.000000 20.536899 
266000 1330.000000 0.054383 0.000000 0.000000 23.004815 2.396173 0.000000 19.410555 
267000 1335.000000 -0.027163 0.000000 0.000000 21.561274 0.571318 0.000000 20.704297 
268000 1340.000000 0.091149 0.000000 0.000000 20.381257 0.004723 0.000000 20.374172 
269000 1345.000000 -0.242553 0.000000 0.000000 20.220341 0.015352 0.000000 20.197314 
270000 1350.000000 0.222308 0.000000 0.000000 20.074536 0.755992 0.000000 18.940547 
271000 1355.000000 -0.391984 0.000000 0.000000 19.294934 0.154412 0.000000 19.063316 
272000 1360.000000 -0.241312 0.000000 0.000000 22.916520 2.255093 0.000000 19.533881 
273000 1365.000000 -0.148984 0.000000 0.000000 21.910540 0.611330 0.000000 20.993546 
274000 1370.000000 -0.229013 0.000000 0.000000 22.923012 2.111460 0.000000 19.755822 
275000 1375.000000 -0.267821 0.000000 0.000000 22.339987 1.851772 0.000000 19.562330 
276000 1380.000000 -0.273097 0.000000 0.000000 20.486284 0.033633 0.000000 20.435834 
277000 1385.000000 -0.155203 0.000000 0.000000 23.001748 1.610179 0.000000 20.586479 
278000 1390.000000 0.010530 0.000000 0.000000 21.770133 0.124108 0.000000 21.583971 
279000 1395.000000 -0.176688 0.000000 0.000000 21.375846 0.036979 0.000000 21.320377 
280000 1400.000000 -1.139026 0.000000 0.000000 21.235089 0.548027 0.000000 20.413048 
281000 1405.000000 -0.028605 0.000000 0.000000 23.652515 0.677041 0.000000 22.636954 
282000 1410.000000 -0.125222 0.000000 0.000000 23.326179 0.517377 0.000000 22.550113 
283000 1415.000000 -0.065102 0.000000 0.000000 23.556535 0.534752 0.000000 22.754406 
284000 1420.000000 -0.289187 0.000000 0.000000 22.910319 1.235687 0.000000 21.056788 
285000 1425.000000 -0.184101 0.000000 0.000000 23.095827 0.496009 0.000000 22.351813 
286000 1430.000000 0.237985 0.000000 0.000000 21.883588 0.918817 0.000000 20.505362 
287000 1435.000000 -0.006539 0.000000 0.000000 23.874033 0.735558 0.000000 22.770696 
288000 1440.000000 -0.801522 0.000000 0.000000 20.498573 0.295771 0.000000 20.054917 
289000 1445.000000 -0.295034 0.000000 0.000000 23.836122 0.278917 0.000000 23.417748 
290000 1450.000000 0.158650 0.000000 0.000000 26.013176 2.234307 0.000000 22.661716 
291000 1455.000000 -0.190863 0.000000 0.000000 28.653565 4.132869 0.000000 22.454262 
292000 1460.000000 0.039514 0.000000 0.000000 24.934487 0.130067 0.000000 24.739386 
293000 1465.000000 0.090748 0.000000 0.000000 24.509110 0.035866 0.000000 24.455310 
294000 1470.000000 -0.222570 0.000000 0.000000 24.469494 0.116040 0.000000 24.295434 
295000 1475.000000 -0.002977 0.000000 0.000000 25.395085 0.327436 0.000000 24.903930 
296000 1480.000000 -0.248987 0.000000 0.000000 24.143613 0.005116 0.000000 24.135940 
297000 1485.000000 -0.351129 0.000000 0.000000 23.272700 0.045540 0.000000 23.204389 
298000 1490.000000 -0.140454 0.000000 0.000000 25.671031 0.695986 0.000000 24.627052 
299000 1495.000000 -0.163725 0.000000 0.000000 25.196657 0.353109 0.000000 24.666993 
300000 1500.000000 -0.039485 0.000000 0.000000 26.845999 1.593386 0.000000 24.455919 
301000 1505.000000 -0.034257 0.000000 0.000000 25.367030 0.110744 0.000000 25.200914 
302000 1510.000000 -0.056954 0.000000 0.000000 25.321459 0.051666 0.000000 25.243959 
303000 1515.000000 0.376928 0.000000 0.000000 21.791537 0.485071 0.000000 21.063931 
304000 1520.000000 -0.039942 0.000000 0.000000 25.702889 0.139467 0.000000 25.493689 
305000 1525.000000 -0.100337 0.000000 0.000000 25.673220 0.170281 0.000000 25.417797 
306000 1530.000000 -0.159364 0.000000 0.000000 25.351207 0.121655 0.000000 25.168725 
307000 1535.000000 -0.277708 0.000000 0.000000 24.370066 0.044600 0.000000 24.303166 
308000 1540.000000 -0.296884 0.000000 0.000000 26.020038 1.867009 0.000000 23.219525 
309000 1545.000000 0.038941 0.000000 0.000000 27.706248 2.334287 0.000000 24.204817 
310000 1550.000000 0.053300 0.000000 0.000000 25.430253 0.135741 0.000000 25.226641 
311000 1555.000000 -0.190323 0.000000 0.000000 25.103998 0.001456 0.000000 25.101814 
312000 1560.000000 0.175792 0.000000 0.000000 26.027884 1.776264 0.000000 23.363488 
313000 1565.000000 0.190119 0.000000 0.000000 24.309148 0.214497 0.000000 23.987403 
314000 1570.000000 -0.031743 0.000000 0.000000 25.688253 0.007295 0.000000 25.677311 
315000 1575.000000 0.041271 0.000000 0.000000 25.460314 0.003850 0.000000 25.454539 
316000 1580.000000 -0.070710 0.000000 0.000000 25.716457 0.002574 0.000000 25.712596 
317000 1585.000000 -0.044138 0.000000 0.000000 27.260723 1.527028 0.000000 24.970181 
318000 1590.000000 -0.067378 0.000000 0.000000 26.205609 0.474946 0.000000 25.493190 
319000 1595.000000 0.059250 0.000000 0.000000 25.383429 0.000085 0.000000 25.383301 
320000 1600.000000 -0.052443 0.000000 0.000000 28.182632 2.426749 0.000000 24.542509 
321000 1605.000000 -0.206217 0.000000 0.000000 26.831346 1.685271 0.000000 24.303439 
322000 1610.000000 -0.007745 0.000000 0.000000 27.153804 1.435268 0.000000 25.000902 
323000 1615.000000 0.043580 0.000000 0.000000 25.699990 0.188178 0.000000 25.417722 
324000 1620.000000 -0.070854 0.000000 0.000000 25.978180 0.209612 0.000000 25.663762 
325000 1625.000000 0.074088 0.000000 0.000000 25.354895 0.022725 0.000000 25.320808 
326000 1630.000000 0.012092 0.000000 0.000000 30.505575 4.825671 0.000000 23.267068 
327000 1635.000000 -0.295330 0.000000 0.000000 24.877910 0.451179 0.000000 24.201141 
328000 1640.000000 -0.292621 0.000000 0.000000 25.090192 0.632556 0.000000 24.141358 
329000 1645.000000 -0.079630 0.000000 0.000000 25.884393 0.067767 0.000000 25.782742 
330000 1650.000000 -0.026924 0.000000 0.000000 27.635195 1.809610 0.000000 24.920780 
331000 1655.000000 0.037354 0.000000 0.000000 25.692211 0.076470 0.000000 25.577506 
332000 1660.000000 -0.074893 0.000000 0.000000 25.842023 0.005501 0.000000 25.833772 
333000 1665.000000 -0.368437 0.000000 0.000000 24.251567 0.455604 0.000000 23.568161 
334000 1670.000000 0.187766 0.000000 0.000000 24.903333 0.516158 0.000000 24.129096 
335000 1675.000000 0.117789 0.000000 0.000000 28.879776 3.763136 0.000000 23.235072 
336000 1680.000000 -0.015136 0.000000 0.000000 26.502220 0.611160 0.000000 25.585481 
337000 1685.000000 -0.057614 0.000000 0.000000 26.352920 0.419507 0.000000 25.723659 
338000 1690.000000 -0.186152 0.000000 0.000000 27.685681 2.191296 0.000000 24.398738 
339000 1695.000000 -0.034055 0.000000 0.000000 25.971168 0.024111 0.000000 25.935001 
340000 1700.000000 -0.184500 0.000000 0.000000 25.525787 0.012736 0.000000 25.506683 
341000 1705.000000 0.145480 0.000000 0.000000 25.944058 1.042216 0.000000 24.380734 
342000 1710.000000 -0.196745 0.000000 0.000000 25.765373 0.309765 0.000000 25.300726 
343000 1715.000000 -0.186894 0.000000 0.000000 25.916579 0.391332 0.000000 25.329580 
344000 1720.000000 -0.150518 0.000000 0.000000 26.310597 0.568125 0.000000 25.458410 
345000 1725.000000 -0.021776 0.000000 0.000000 29.134151 3.150228 0.000000 24.408809 
346000 1730.000000 0.011812 0.000000 0.000000 26.906601 1.011105 0.000000 25.389944 
347000 1735.000000 0.204512 0.000000 0.000000 25.507495 1.231115 0.000000 23.660822 
348000 1740.000000 -0.058800 0.000000 0.000000 26.237536 0.198375 0.000000 25.939972 
349000 1745.000000 0.149083 0.000000 0.000000 24.932679 0.010037 0.000000 24.917623 
350000 1750.000000 -0.083706 0.000000 0.000000 28.796115 2.751390 0.000000 24.669029 
351000 1755.000000 -0.058000 0.000000 0.000000 26.087473 0.018360 0.000000 26.059934 
352000 1760.000000 -0.313960 0.000000 0.000000 25.374635 0.840596 0.000000 24.113741 
353000 1765.000000 0.052311 0.000000 0.000000 27.403093 1.625335 0.000000 24.965091 
354000 1770.000000 -0.178525 0.000000 0.000000 25.900039 0.208752 0.000000 25.586911 
355000 1775.000000 0.262699 0.000000 0.000000 24.217561 0.573616 0.000000 23.357136 
356000 1780.000000 -0.151544 0.000000 0.000000 26.044787 0.162556 0.000000 25.800953 
357000 1785.000000 -0.108357 0.000000 0.000000 26.757811 0.661828 0.000000 25.765069 
358000 1790.000000 -0.002722 0.000000 0.000000 26.184173 0.077041 0.000000 26.068611 
359000 1795.000000 -0.211339 0.000000 0.000000 26.538418 0.988581 0.000000 25.055546 
360000 1800.000000 0.009789 0.000000 0.000000 26.138446 0.061326 0.000000 26.046458 
361000 1805.000000 -0.086197 0.000000 0.000000 26.187004 0.012601 0.000000 26.168103 
362000 1810.000000 -0.052850 0.000000 0.000000 26.355274 0.152173 0.000000 26.127014 
363000 1815.000000 -0.180881 0.000000 0.000000 26.357987 0.589769 0.000000 25.473334 
364000 1820.000000 -0.117606 0.000000 0.000000 26.137368 0.031153 0.000000 26.090638 
365000 1825.000000 -0.343824 0.000000 0.000000 24.476658 0.089663 0.000000 24.342164 
366000 1830.000000 -0.204937 0.000000 0.000000 26.347685 0.706514 0.000000 25.287915 
367000 1835.000000 0.010480 0.000000 0.000000 26.230475 0.090571 0.000000 26.094619 
368000 1840.000000 0.088389 0.000000 0.000000 27.121302 1.409732 0.000000 25.006705 
369000 1845.000000 -0.066993 0.000000 0.000000 26.277598 0.002270 0.000000 26.274193 
370000 1850.000000 -0.249215 0.000000 0.000000 25.338293 0.006562 0.000000 25.328451 
371000 1855.000000 -0.060541 0.000000 0.000000 27.363842 1.076959 0.000000 25.748404 
372000 1860.000000 -0.066771 0.000000 0.000000 26.374115 0.089943 0.000000 26.239201 
373000 1865.000000 -0.099797 0.000000 0.000000 27.299470 1.062820 0.000000 25.705241 
374000 1870.000000 0.190037 0.000000 0.000000 24.766672 0.025532 0.000000 24.728374 
375000 1875.000000 -0.147954 0.000000 0.000000 26.547059 0.475052 0.000000 25.834480 
376000 1880.000000 -0.185691 0.000000 0.000000 33.187408 7.335369 0.000000 22.184354 
377000 1885.000000 -0.331893 0.000000 0.000000 24.927046 0.347827 0.000000 24.405305 
378000 1890.000000 -1.130935 0.000000 0.000000 25.372506 0.213977 0.000000 25.051540 
379000 1895.000000 -1.233312 0.000000 0.000000 25.322657 0.203674 0.000000 25.017145 
380000 1900.000000 -1.183668 0.000000 0.000000 25.698598 0.054516 0.000000 25.616825 
381000 1905.000000 -1.182140 0.000000 0.000000 25.999937 0.358712 0.000000 25.461868 
382000 1910.000000 -1.135875 0.000000 0.000000 26.379498 0.803720 0.000000 25.173918 
383000 1915.000000 -1.130053 0.000000 0.000000 26.092898 0.480077 0.000000 25.372782 
384000 1920.000000 -1.236689 0.000000 0.000000 28.433556 2.806757 0.000000 24.223421 
385000 1925.000000 -1.126395 0.000000 0.000000 26.411449 0.430099 0.000000 25.766300 
386000 1930.000000 -0.127933 0.000000 0.000000 29.243238 1.133482 0.000000 27.543015 
387000 1935.000000 0.263625 0.000000 0.000000 26.148393 0.396566 0.000000 25.553544 
388000 1940.000000 -0.004344 0.000000 0.000000 30.126916 1.907087 0.000000 27.266285 
389000 1945.000000 0.055718 0.000000 0.000000 30.706856 2.746617 0.000000 26.586930 
390000 1950.000000 -0.152429 0.000000 0.000000 28.834349 0.805696 0.000000 27.625805 
391000 1955.000000 -1.247936 0.000000 0.000000 28.522691 2.100101 0.000000 25.372540 
392000 1960.000000 -1.068424 0.000000 0.000000 27.433105 0.939732 0.000000 26.023508 
393000 1965.000000 -1.069571 0.000000 0.000000 26.572849 0.007128 0.000000 26.562157 
394000 1970.000000 -1.011835 0.000000 0.000000 26.382538 0.443823 0.000000 25.716803 
395000 1975.000000 -1.142308 0.000000 0.000000 27.223034 0.041498 0.000000 27.160788 
396000 1980.000000 -1.115100 0.000000 0.000000 28.535193 1.499036 0.000000 26.286639 
397000 1985.000000 -1.134517 0.000000 0.000000 27.716822 0.553308 0.000000 26.886860 
398000 1990.000000 -1.153979 0.000000 0.000000 27.300554 0.051668 0.000000 27.223053 
399000 1995.000000 -0.215553 0.000000 0.000000 30.734488 2.495182 0.000000 26.991715 
400000 2000.000000 -0.135476 0.000000 0.000000 32.346699 3.614638 0.000000 26.924742 
401000 2005.000000 -0.257855 0.000000 0.000000 28.271598 0.369514 0.000000 27.717327 
402000 2010.000000 -0.006419 0.000000 0.000000 28.895875 0.023994 0.000000 28.859884 
403000 2015.000000 -0.031072 0.000000 0.000000 28.923385 0.001227 0.000000 28.921544 
404000 2020.000000 -0.118024 0.000000 0.000000 32.131395 3.305217 0.000000 27.173570 
405000 2025.000000 -0.082795 0.000000 0.000000 28.990866 0.067613 0.000000 28.889446 
406000 2030.000000 -0.073417 0.000000 0.000000 29.248264 0.311994 0.000000 28.780273 
407000 2035.000000 -0.208135 0.000000 0.000000 28.943227 0.617016 0.000000 28.017704 
408000 2040.000000 0.075507 0.000000 0.000000 28.519499 0.016070 0.000000 28.495393 
409000 2045.000000 -0.174008 0.000000 0.000000 29.022970 0.460060 0.000000 28.332880 
410000 2050.000000 0.046254 0.000000 0.000000 28.802987 0.108554 0.000000 28.640156 
411000 2055.000000 -0.318062 0.000000 0.000000 27.850198 0.495613 0.000000 27.106779 
412000 2060.000000 -0.230197 0.000000 0.000000 29.876287 1.692071 0.000000 27.338180 
413000 2065.000000 -0.016910 0.000000 0.000000 29.509429 0.555407 0.000000 28.676318 
414000 2070.000000 -0.327200 0.000000 0.000000 27.273915 0.005272 0.000000 27.266007 
415000 2075.000000 -0.335190 0.000000 0.000000 33.572310 6.386786 0.000000 23.992131 
416000 2080.000000 0.021718 0.000000 0.000000 29.638843 0.778347 0.000000 28.471323 
417000 2085.000000 0.158324 0.000000 0.000000 27.845830 0.018366 0.000000 27.818281 
418000 2090.000000 -0.063722 0.000000 0.000000 31.290589 2.267439 0.000000 27.889431 
419000 2095.000000 -0.166721 0.000000 0.000000 28.765837 0.096955 0.000000 28.620404 
420000 2100.000000 -0.424160 0.000000 0.000000 27.691591 1.337579 0.000000 25.685222 
421000 2105.000000 0.013244 0.000000 0.000000 28.945643 0.003338 0.000000 28.940636 
422000 2110.000000 0.000794 0.000000 0.000000 30.108954 1.122445 0.000000 28.425285 
423000 2115.000000 -0.552197 0.000000 0.000000 25.150908 0.010568 0.000000 25.135055 
424000 2120.000000 -0.072365 0.000000 0.000000 30.113499 0.932862 0.000000 28.714206 
425000 2125.000000 0.047931 0.000000 0.000000 29.430364 0.519365 0.000000 28.651317 
426000 2130.000000 -0.007566 0.000000 0.000000 30.321622 1.183532 0.000000 28.546324 
427000 2135.000000 -0.157687 0.000000 0.000000 29.976535 1.068638 0.000000 28.373578 
428000 2140.000000 -0.237874 0.000000 0.000000 28.782217 0.427487 0.000000 28.140987 
429000 2145.000000 -0.290807 0.000000 0.000000 28.519872 0.660917 0.000000 27.528497 
430000 2150.000000 -0.044220 0.000000 0.000000 31.668433 2.447466 0.000000 27.997234 
431000 2155.000000 -0.116122 0.000000 0.000000 30.801218 1.682965 0.000000 28.276771 
432000 2160.000000 -0.050715 0.000000 0.000000 29.231606 0.002913 0.000000 29.227237 
433000 2165.000000 -0.202040 0.000000 0.000000 28.970149 0.318748 0.000000 28.492027 
434000 2170.000000 -0.256956 0.000000 0.000000 30.543083 2.337502 0.000000 27.036829 
435000 2175.000000 -0.021186 0.000000 0.000000 29.223800 0.016454 0.000000 29.199119 
436000 2180.000000 0.150076 0.000000 0.000000 28.340041 0.200466 0.000000 28.039341 
437000 2185.000000 0.053611 0.000000 0.000000 29.083876 0.153785 0.000000 28.853199 
438000 2190.000000 -0.288318 0.000000 0.000000 29.561531 1.639345 0.000000 27.102514 
439000 2195.000000 0.014523 0.000000 0.000000 32.508368 3.381024 0.000000 27.436833 
440000 2200.000000 -0.386330 0.000000 0.000000 27.339332 0.426046 0.000000 26.700264 
441000 2205.000000 -0.025199 0.000000 0.000000 30.055249 0.802585 0.000000 28.851371 
442000 2210.000000 -0.161825 0.000000 0.000000 28.972499 0.017517 0.000000 28.946223 
443000 2215.000000 -0.120879 0.000000 0.000000 29.221568 0.067448 0.000000 29.120395 
444000 2220.000000 0.053105 0.000000 0.000000 30.987271 2.021230 0.000000 27.955425 
445000 2225.000000 -0.129847 0.000000 0.000000 29.176125 0.030517 0.000000 29.130349 
446000 2230.000000 -1.161893 0.000000 0.000000 28.307214 0.572583 0.000000 27.448339 
447000 2235.000000 -0.263002 0.000000 0.000000 29.440302 0.922737 0.000000 28.056196 
448000 2240.000000 -0.000972 0.000000 0.000000 29.781288 0.252275 0.000000 29.402875 
449000 2245.000000 0.029618 0.000000 0.000000 31.985014 2.570072 0.000000 28.129906 
450000 2250.000000 0.116578 0.000000 0.000000 30.490448 1.660908 0.000000 27.999087 
451000 2255.000000 -0.108937 0.000000 0.000000 30.117487 0.586079 0.000000 29.238368 
452000 2260.000000 -0.225505 0.000000 0.000000 28.894934 0.034738 0.000000 28.842827 
453000 2265.000000 -0.000514 0.000000 0.000000 31.105570 1.563041 0.000000 28.761008 
454000 2270.000000 0.068102 0.000000 0.000000 29.417106 0.103535 0.000000 29.261804 
455000 2275.000000 -0.082830 0.000000 0.000000 29.751483 0.041424 0.000000 29.689347 
456000 2280.000000 0.085629 0.000000 0.000000 29.663136 0.464336 0.000000 28.966632 
457000 2285.000000 -0.237481 0.000000 0.000000 29.496373 0.612464 0.000000 28.577677 
458000 2290.000000 -0.083462 0.000000 0.000000 30.826535 1.108062 0.000000 29.164443 
459000 2295.000000 0.183408 0.000000 0.000000 28.504343 0.228698 0.000000 28.161296 
460000 2300.000000 -0.175523 0.000000 0.000000 30.381390 1.035110 0.000000 28.828725 
461000 2305.000000 0.086482 0.000000 0.000000 29.236269 0.020839 0.000000 29.205010 
462000 2310.000000 -0.022615 0.000000 0.000000 29.854777 0.101378 0.000000 29.702710 
463000 2315.000000 -0.898907 0.000000 0.000000 27.262445 1.475279 0.000000 25.049527 
464000 2320.000000 -1.212462 0.000000 0.000000 33.261228 5.060366 0.000000 25.670679 
465000 2325.000000 -1.214897 0.000000 0.000000 28.467822 0.278181 0.000000 28.050552 
466000 2330.000000 -1.173970 0.000000 0.000000 28.905747 0.542811 0.000000 28.091531 
467000 2335.000000 -1.202261 0.000000 0.000000 28.590531 0.303497 0.000000 28.135286 
468000 2340.000000 -0.160330 0.000000 0.000000 34.543181 4.880892 0.000000 27.221844 
469000 2345.000000 0.174062 0.000000 0.000000 28.980312 0.366079 0.000000 28.431193 
470000 2350.000000 -0.034724 0.000000 0.000000 29.988131 0.008504 0.000000 29.975375 
471000 2355.000000 -0.112721 0.000000 0.000000 29.983835 0.095440 0.000000 29.840675 
472000 2360.000000 0.220014 0.000000 0.000000 28.432398 0.367223 0.000000 27.881563 
473000 2365.000000 0.102751 0.000000 0.000000 29.479218 0.144748 0.000000 29.262096 
474000 2370.000000 -0.061162 0.000000 0.000000 30.900889 0.895610 0.000000 29.557475 
475000 2375.000000 0.046808 0.000000 0.000000 30.548621 0.816846 0.000000 29.323352 
476000 2380.000000 0.041853 0.000000 0.000000 30.711706 0.951692 0.000000 29.284169 
477000 2385.000000 -0.232470 0.000000 0.000000 29.816387 0.610511 0.000000 28.900621 
478000 2390.000000 0.026069 0.000000 0.000000 33.374429 3.529421 0.000000 28.080298 
479000 2395.000000 0.345598 0.000000 0.000000 28.967167 2.524360 0.000000 25.180627 
480000 2400.000000 0.113256 0.000000 0.000000 30.926883 1.610109 0.000000 28.511720 
481000 2405.000000 0.245252 0.000000 0.000000 27.934795 0.117812 0.000000 27.758078 
482000 2410.000000 -0.035478 0.000000 0.000000 31.107952 1.016768 0.000000 29.582800 
483000 2415.000000 -0.189107 0.000000 0.000000 30.556046 0.947542 0.000000 29.134733 
484000 2420.000000 -0.143418 0.000000 0.000000 30.078697 0.203254 0.000000 29.773816 
485000 2425.000000 -0.087384 0.000000 0.000000 30.975623 0.903310 0.000000 29.620658 
486000 2430.000000 -0.615219 0.000000 0.000000 25.559822 0.007001 0.000000 25.549320 
487000 2435.000000 -0.268969 0.000000 0.000000 29.513105 0.464937 0.000000 28.815699 
488000 2440.000000 -0.130635 0.000000 0.000000 30.943318 0.925036 0.000000 29.555765 
489000 2445.000000 -0.013286 0.000000 0.000000 31.215877 1.071804 0.000000 29.608171 
490000 2450.000000 0.064129 0.000000 0.000000 29.979864 0.170209 0.000000 29.724549 
491000 2455.000000 0.081141 0.000000 0.000000 29.947666 0.252906 0.000000 29.568307 
492000 2460.000000 0.246379 0.000000 0.000000 28.137154 0.222612 0.000000 27.803236 
493000 2465.000000 -0.077363 0.000000 0.000000 30.579928 0.381574 0.000000 30.007568 
494000 2470.000000 -0.182710 0.000000 0.000000 29.807268 0.045706 0.000000 29.738709 
495000 2475.000000 0.549296 0.000000 0.000000 24.483388 0.127474 0.000000 24.292176 
496000 2480.000000 0.037355 0.000000 0.000000 30.545483 0.002811 0.000000 30.541266 
497000 2485.000000 -0.205861 0.000000 0.000000 30.182902 0.014769 0.000000 30.160748 
498000 2490.000000 -0.180089 0.000000 0.000000 30.365594 0.021416 0.000000 30.333469 
499000 2495.000000 -0.112009 0.000000 0.000000 30.788805 0.104126 0.000000 30.632615 
