0 0.000000 1.270000 0.000000 0.000000 0.188249 0.125499 0.000000 0.000000 
0 0.000000 1.271997 0.000000 0.000000 0.076770 0.014591 0.000000 0.054884 
1000 5.000000 1.229268 0.000000 0.000000 -0.176983 0.000142 0.000000 -0.177197 
2000 10.000000 1.177625 0.000000 0.000000 -0.947774 0.073264 0.000000 -1.057670 
3000 15.000000 1.212957 0.000000 0.000000 -0.145207 0.238346 0.000000 -0.502725 
4000 20.000000 1.298302 0.000000 0.000000 -0.033617 0.028878 0.000000 -0.076935 
5000 25.000000 1.274941 0.000000 0.000000 3.485093 3.419615 0.000000 -1.644329 
6000 30.000000 1.234120 0.000000 0.000000 0.899707 0.982118 0.000000 -0.573471 
7000 35.000000 1.287182 0.000000 0.000000 1.005221 0.798691 0.000000 -0.192815 
8000 40.000000 1.129746 0.000000 0.000000 2.565842 4.089704 0.000000 -3.568714 
9000 45.000000 1.302696 0.000000 0.000000 0.347937 0.026311 0.000000 0.308471 
10000 50.000000 1.285109 0.000000 0.000000 2.435139 1.941805 0.000000 -0.477569 
11000 55.000000 1.195005 0.000000 0.000000 0.351106 0.376890 0.000000 -0.214228 
12000 60.000000 1.235997 0.000000 0.000000 0.558844 0.087674 0.000000 0.427332 
13000 65.000000 1.121917 0.000000 0.000000 -1.358729 0.062685 0.000000 -1.452757 
14000 70.000000 0.918136 0.000000 0.000000 -4.021056 0.268872 0.000000 -4.424365 
15000 75.000000 1.290230 0.000000 0.000000 3.979785 1.177657 0.000000 2.213300 
16000 80.000000 1.310426 0.000000 0.000000 2.703648 0.081511 0.000000 2.581382 
17000 85.000000 1.252833 0.000000 0.000000 4.224344 1.349398 0.000000 2.200246 
18000 90.000000 1.253190 0.000000 0.000000 2.896516 0.019369 0.000000 2.867463 
19000 95.000000 1.272928 0.000000 0.000000 4.093107 1.177247 0.000000 2.327236 
20000 100.000000 1.209721 0.000000 0.000000 2.787945 0.239895 0.000000 2.428103 
21000 105.000000 1.268788 0.000000 0.000000 2.996411 0.003397 0.000000 2.991316 
22000 110.000000 1.097365 0.000000 0.000000 1.280903 0.962895 0.000000 -0.163439 
23000 115.000000 1.170715 0.000000 0.000000 3.326361 1.275730 0.000000 1.412766 
24000 120.000000 1.281135 0.000000 0.000000 3.170716 0.077396 0.000000 3.054623 
25000 125.000000 1.246712 0.000000 0.000000 3.221696 0.187451 0.000000 2.940520 
26000 130.000000 1.140765 0.000000 0.000000 1.544361 0.062252 0.000000 1.450983 
27000 135.000000 1.347932 0.000000 0.000000 3.275461 1.079196 0.000000 1.656667 
28000 140.000000 1.183597 0.000000 0.000000 5.881456 3.501579 0.000000 0.629087 
29000 145.000000 1.303661 0.000000 0.000000 3.527974 0.467932 0.000000 2.826075 
30000 150.000000 1.282418 0.000000 0.000000 3.272109 0.067124 0.000000 3.171424 
31000 155.000000 1.307327 0.000000 0.000000 4.354137 1.339413 0.000000 2.345018 
32000 160.000000 1.245734 0.000000 0.000000 3.165100 0.000774 0.000000 3.163940 
33000 165.000000 1.246886 0.000000 0.000000 3.431484 0.253843 0.000000 3.050720 
34000 170.000000 1.290715 0.000000 0.000000 4.644167 1.465411 0.000000 2.446050 
35000 175.000000 1.156252 0.000000 0.000000 2.125944 0.164800 0.000000 1.878745 
36000 180.000000 1.296304 0.000000 0.000000 4.134303 0.968430 0.000000 2.681659 
37000 185.000000 1.200979 0.000000 0.000000 3.612832 0.859531 0.000000 2.323537 
38000 190.000000 1.280596 0.000000 0.000000 3.317185 0.045622 0.000000 3.248753 
39000 195.000000 1.271003 0.000000 0.000000 3.506809 0.212841 0.000000 3.187547 
40000 200.000000 1.337166 0.000000 0.000000 2.575617 0.002142 0.000000 2.572405 
41000 205.000000 1.263581 0.000000 0.000000 11.096046 7.791291 0.000000 -0.590890 
42000 210.000000 1.288110 0.000000 0.000000 5.583591 2.317918 0.000000 2.106715 
43000 215.000000 1.283684 0.000000 0.000000 3.707364 0.411176 0.000000 3.090600 
44000 220.000000 1.133997 0.000000 0.000000 1.777678 0.187154 0.000000 1.496947 
45000 225.000000 1.196926 0.000000 0.000000 5.526343 2.734931 0.000000 1.423946 
46000 230.000000 1.262714 0.000000 0.000000 4.992567 1.601071 0.000000 2.590961 
47000 235.000000 1.302921 0.000000 0.000000 3.553228 0.313973 0.000000 3.082268 
48000 240.000000 1.273010 0.000000 0.000000 3.433405 0.028510 0.000000 3.390640 
49000 245.000000 1.312503 0.000000 0.000000 3.942028 0.816091 0.000000 2.717892 
50000 250.000000 1.275926 0.000000 0.000000 4.144529 0.674929 0.000000 3.132135 
51000 255.000000 1.289863 0.000000 0.000000 3.543950 0.122759 0.000000 3.359813 
52000 260.000000 1.304236 0.000000 0.000000 3.314418 0.002265 0.000000 3.311021 
53000 265.000000 1.252540 0.000000 0.000000 3.758849 0.298244 0.000000 3.311483 
54000 270.000000 1.263173 0.000000 0.000000 3.599633 0.102120 0.000000 3.446453 
55000 275.000000 1.279782 0.000000 0.000000 3.508802 0.013311 0.000000 3.488836 
56000 280.000000 1.181048 0.000000 0.000000 3.557894 0.847072 0.000000 2.287286 
57000 285.000000 1.256737 0.000000 0.000000 5.809429 2.302451 0.000000 2.355753 
58000 290.000000 1.236105 0.000000 0.000000 3.433712 0.042099 0.000000 3.370563 
59000 295.000000 1.333763 0.000000 0.000000 6.206023 3.312623 0.000000 1.237090 
60000 300.000000 1.223525 0.000000 0.000000 3.641387 0.355083 0.000000 3.108762 
61000 305.000000 1.234476 0.000000 0.000000 3.506511 0.090362 0.000000 3.370967 
62000 310.000000 1.311037 0.000000 0.000000 6.125124 2.798314 0.000000 1.927652 
63000 315.000000 1.133683 0.000000 0.000000 3.358085 1.523053 0.000000 1.073506 
64000 320.000000 1.336790 0.000000 0.000000 2.959724 0.065489 0.000000 2.861490 
65000 325.000000 1.280545 0.000000 0.000000 4.907223 1.312302 0.000000 2.938770 
66000 330.000000 1.248312 0.000000 0.000000 3.558978 0.004704 0.000000 3.551921 
67000 335.000000 1.229724 0.000000 0.000000 4.458369 1.031253 0.000000 2.911489 
68000 340.000000 1.291214 0.000000 0.000000 3.633751 0.072323 0.000000 3.525267 
69000 345.000000 1.224252 0.000000 0.000000 3.553457 0.178706 0.000000 3.285397 
70000 350.000000 1.328409 0.000000 0.000000 8.007799 4.910097 0.000000 0.642654 
71000 355.000000 1.298360 0.000000 0.000000 4.256250 0.724460 0.000000 3.169560 
72000 360.000000 1.211466 0.000000 0.000000 4.152627 0.886513 0.000000 2.822858 
73000 365.000000 1.201040 0.000000 0.000000 3.477673 0.341012 0.000000 2.966154 
74000 370.000000 1.297379 0.000000 0.000000 3.602625 0.060122 0.000000 3.512442 
75000 375.000000 1.261045 0.000000 0.000000 4.871089 1.229458 0.000000 3.026902 
76000 380.000000 1.309390 0.000000 0.000000 3.438922 0.017866 0.000000 3.412123 
77000 385.000000 1.162394 0.000000 0.000000 2.641720 0.089102 0.000000 2.508067 
78000 390.000000 1.176167 0.000000 0.000000 3.347576 0.000983 0.000000 3.346101 
79000 395.000000 1.217287 0.000000 0.000000 3.966134 0.037975 0.000000 3.909172 
80000 400.000000 1.167835 0.000000 0.000000 3.207483 0.000532 0.000000 3.206686 
81000 405.000000 1.291363 0.000000 0.000000 8.812914 4.611373 0.000000 1.895855 
82000 410.000000 1.270929 0.000000 0.000000 6.505788 2.233167 0.000000 3.156037 
83000 415.000000 1.199287 0.000000 0.000000 4.072157 0.335118 0.000000 3.569481 
84000 420.000000 1.264103 0.000000 0.000000 5.253379 0.949921 0.000000 3.828498 
85000 425.000000 1.283966 0.000000 0.000000 4.323813 0.039401 0.000000 4.264712 
86000 430.000000 1.274381 0.000000 0.000000 4.341589 0.031057 0.000000 4.295004 
87000 435.000000 1.274749 0.000000 0.000000 6.444895 2.131698 0.000000 3.247347 
88000 440.000000 1.364855 0.000000 0.000000 3.621437 0.784614 0.000000 2.444516 
89000 445.000000 1.266646 0.000000 0.000000 4.354488 0.017141 0.000000 4.328776 
90000 450.000000 1.197858 0.000000 0.000000 5.906556 2.135722 0.000000 2.702973 
91000 455.000000 1.323725 0.000000 0.000000 7.365576 3.458124 0.000000 2.178390 
92000 460.000000 1.345509 0.000000 0.000000 3.713076 0.266729 0.000000 3.312982 
93000 465.000000 1.189345 0.000000 0.000000 8.036816 4.371175 0.000000 1.480053 
94000 470.000000 1.250347 0.000000 0.000000 4.659990 0.329382 0.000000 4.165917 
95000 475.000000 1.177294 0.000000 0.000000 3.553385 0.058214 0.000000 3.466064 
96000 480.000000 1.352853 0.000000 0.000000 3.292937 0.022826 0.000000 3.258697 
97000 485.000000 1.111346 0.000000 0.000000 2.398360 0.268891 0.000000 1.995024 
98000 490.000000 1.201804 0.000000 0.000000 3.904413 0.003724 0.000000 3.898826 
99000 495.000000 1.072470 0.000000 0.000000 1.483027 0.160979 0.000000 1.241558 
100000 500.000000 1.284076 0.000000 0.000000 4.492957 0.028542 0.000000 4.450144 
101000 505.000000 1.157215 0.000000 0.000000 5.390339 2.140695 0.000000 2.179296 
102000 510.000000 1.261246 0.000000 0.000000 6.258422 1.764889 0.000000 3.611089 
103000 515.000000 1.268714 0.000000 0.000000 6.559091 2.063344 0.000000 3.464075 
104000 520.000000 1.240158 0.000000 0.000000 5.954795 1.560582 0.000000 3.613922 
105000 525.000000 1.395031 0.000000 0.000000 1.857399 0.181776 0.000000 1.584735 
106000 530.000000 1.336738 0.000000 0.000000 3.829856 0.018327 0.000000 3.802365 
107000 535.000000 1.191767 0.000000 0.000000 4.280547 0.419051 0.000000 3.651970 
108000 540.000000 1.236602 0.000000 0.000000 6.065854 1.650058 0.000000 3.590766 
109000 545.000000 1.375750 0.000000 0.000000 2.641432 0.030127 0.000000 2.596241 
110000 550.000000 1.228175 0.000000 0.000000 4.355230 0.005929 0.000000 4.346336 
111000 555.000000 1.341176 0.000000 0.000000 3.776236 0.026907 0.000000 3.735875 
112000 560.000000 1.209938 0.000000 0.000000 4.212156 0.028257 0.000000 4.169770 
113000 565.000000 1.245780 0.000000 0.000000 4.547332 0.020574 0.000000 4.516471 
114000 570.000000 1.197870 0.000000 0.000000 4.095434 0.067113 0.000000 3.994764 
115000 575.000000 1.227793 0.000000 0.000000 4.989093 0.586537 0.000000 4.109288 
116000 580.000000 1.327083 0.000000 0.000000 6.583475 2.463508 0.000000 2.888213 
117000 585.000000 1.362143 0.000000 0.000000 5.268585 2.015012 0.000000 2.246067 
118000 590.000000 1.334865 0.000000 0.000000 4.221363 0.174430 0.000000 3.959717 
119000 595.000000 1.230711 0.000000 0.000000 4.722576 0.191867 0.000000 4.434775 
120000 600.000000 1.091012 0.000000 0.000000 2.293467 0.348232 0.000000 1.771119 
121000 605.000000 1.241508 0.000000 0.000000 7.585183 2.940728 0.000000 3.174091 
122000 610.000000 1.330759 0.000000 0.000000 4.207519 0.040828 0.000000 4.146276 
123000 615.000000 1.301843 0.000000 0.000000 5.437252 0.838593 0.000000 4.179363 
124000 620.000000 1.278100 0.000000 0.000000 5.000050 0.254741 0.000000 4.617939 
125000 625.000000 1.282958 0.000000 0.000000 5.410230 0.687381 0.000000 4.379159 
126000 630.000000 1.234977 0.000000 0.000000 5.829295 1.222552 0.000000 3.995467 
127000 635.000000 1.285542 0.000000 0.000000 5.320110 0.544159 0.000000 4.503872 
128000 640.000000 1.156590 0.000000 0.000000 4.015910 0.470971 0.000000 3.309453 
129000 645.000000 1.281326 0.000000 0.000000 4.791608 0.003938 0.000000 4.785702 
130000 650.000000 1.264777 0.000000 0.000000 5.273195 0.458776 0.000000 4.585030 
131000 655.000000 1.272011 0.000000 0.000000 4.812676 0.006983 0.000000 4.802202 
132000 660.000000 1.182322 0.000000 0.000000 4.276238 0.289342 0.000000 3.842225 
133000 665.000000 1.258260 0.000000 0.000000 6.861465 2.065619 0.000000 3.763037 
134000 670.000000 1.150584 0.000000 0.000000 3.655026 0.231114 0.000000 3.308355 
135000 675.000000 1.248466 0.000000 0.000000 8.405895 3.643816 0.000000 2.940171 
136000 680.000000 0.995721 0.000000 0.000000 1.840651 1.641370 0.000000 -0.621403 
137000 685.000000 1.287860 0.000000 0.000000 6.821950 1.620541 0.000000 4.391138 
138000 690.000000 1.259908 0.000000 0.000000 7.457192 2.214848 0.000000 4.134920 
139000 695.000000 1.178722 0.000000 0.000000 5.392512 1.021009 0.000000 3.860999 
140000 700.000000 1.272504 0.000000 0.000000 5.281414 0.021789 0.000000 5.248730 
141000 705.000000 1.281777 0.000000 0.000000 6.269955 1.018229 0.000000 4.742612 
142000 710.000000 1.277263 0.000000 0.000000 5.301796 0.038245 0.000000 5.244428 
143000 715.000000 1.149373 0.000000 0.000000 4.432389 0.558766 0.000000 3.594239 
144000 720.000000 1.251799 0.000000 0.000000 5.392547 0.141002 0.000000 5.181044 
145000 725.000000 1.297111 0.000000 0.000000 5.212787 0.027905 0.000000 5.170930 
146000 730.000000 1.266041 0.000000 0.000000 7.581590 2.291099 0.000000 4.144941 
147000 735.000000 1.327662 0.000000 0.000000 7.769534 2.994110 0.000000 3.278369 
148000 740.000000 1.243678 0.000000 0.000000 14.214781 9.003972 0.000000 0.708822 
149000 745.000000 1.237277 0.000000 0.000000 8.745046 3.579341 0.000000 3.376034 
150000 750.000000 1.170716 0.000000 0.000000 4.829476 0.552302 0.000000 4.001023 
151000 755.000000 1.269890 0.000000 0.000000 9.607474 4.332739 0.000000 3.108365 
152000 760.000000 1.279679 0.000000 0.000000 5.513301 0.252387 0.000000 5.134721 
153000 765.000000 1.222124 0.000000 0.000000 6.228229 1.216991 0.000000 4.402742 
154000 770.000000 1.372035 0.000000 0.000000 3.525892 0.018802 0.000000 3.497689 
155000 775.000000 1.227211 0.000000 0.000000 5.096994 0.019355 0.000000 5.067961 
156000 780.000000 1.217896 0.000000 0.000000 5.230602 0.248027 0.000000 4.858562 
157000 785.000000 1.110391 0.000000 0.000000 4.900606 1.891163 0.000000 2.063861 
158000 790.000000 1.233138 0.000000 0.000000 8.434841 3.283779 0.000000 3.509172 
159000 795.000000 1.190067 0.000000 0.000000 7.666697 3.033772 0.000000 3.116039 
160000 800.000000 1.297225 0.000000 0.000000 5.791069 0.578217 0.000000 4.923743 
161000 805.000000 1.285464 0.000000 0.000000 5.859662 0.574312 0.000000 4.998195 
162000 810.000000 1.304021 0.000000 0.000000 6.047563 0.899904 0.000000 4.697707 
163000 815.000000 1.143372 0.000000 0.000000 4.533656 0.747488 0.000000 3.412424 
164000 820.000000 1.149972 0.000000 0.000000 3.927048 0.000018 0.000000 3.927021 
165000 825.000000 1.263221 0.000000 0.000000 5.553071 0.216293 0.000000 5.228631 
166000 830.000000 1.287870 0.000000 0.000000 5.470411 0.165980 0.000000 5.221441 
167000 835.000000 1.227960 0.000000 0.000000 8.496192 3.346519 0.000000 3.476414 
168000 840.000000 1.281545 0.000000 0.000000 5.357967 0.012531 0.000000 5.339170 
169000 845.000000 1.141074 0.000000 0.000000 3.853699 0.091052 0.000000 3.717121 
170000 850.000000 1.230546 0.000000 0.000000 5.195081 0.003158 0.000000 5.190343 
171000 855.000000 1.260469 0.000000 0.000000 6.771262 1.399909 0.000000 4.671398 
172000 860.000000 1.248160 0.000000 0.000000 5.475411 0.151164 0.000000 5.248666 
173000 865.000000 1.333794 0.000000 0.000000 6.302652 1.546838 0.000000 3.982395 
174000 870.000000 1.269039 0.000000 0.000000 6.501883 1.111876 0.000000 4.834070 
175000 875.000000 1.353852 0.000000 0.000000 4.356846 0.102852 0.000000 4.202567 
176000 880.000000 1.301421 0.000000 0.000000 5.560574 0.300756 0.000000 5.109440 
177000 885.000000 1.278653 0.000000 0.000000 5.416601 0.021964 0.000000 5.383655 
178000 890.000000 1.328627 0.000000 0.000000 8.957997 4.079871 0.000000 2.838191 
179000 895.000000 1.328004 0.000000 0.000000 5.056369 0.161616 0.000000 4.813944 
180000 900.000000 1.304719 0.000000 0.000000 5.354840 0.119561 0.000000 5.175498 
181000 905.000000 1.300112 0.000000 0.000000 6.077454 0.793648 0.000000 4.886982 
182000 910.000000 1.298484 0.000000 0.000000 5.320171 0.017021 0.000000 5.294639 
183000 915.000000 1.178320 0.000000 0.000000 4.647334 0.093495 0.000000 4.507092 
184000 920.000000 1.214881 0.000000 0.000000 8.514546 3.435602 0.000000 3.361142 
185000 925.000000 1.164788 0.000000 0.000000 4.923462 0.453563 0.000000 4.243118 
186000 930.000000 1.177626 0.000000 0.000000 4.949807 0.246620 0.000000 4.579878 
187000 935.000000 1.238538 0.000000 0.000000 5.471606 0.000164 0.000000 5.471360 
188000 940.000000 1.371026 0.000000 0.000000 5.957354 2.104498 0.000000 2.800607 
189000 945.000000 1.244154 0.000000 0.000000 8.443185 2.928430 0.000000 4.050540 
190000 950.000000 1.159538 0.000000 0.000000 4.406379 0.030132 0.000000 4.361181 
191000 955.000000 1.332468 0.000000 0.000000 5.272615 0.279896 0.000000 4.852771 
192000 960.000000 1.260376 0.000000 0.000000 5.905402 0.307208 0.000000 5.444590 
193000 965.000000 1.351094 0.000000 0.000000 5.270109 0.733190 0.000000 4.170324 
194000 970.000000 1.348972 0.000000 0.000000 5.834716 1.230833 0.000000 3.988466 
195000 975.000000 1.263125 0.000000 0.000000 8.363426 2.742206 0.000000 4.250117 
196000 980.000000 1.243360 0.000000 0.000000 5.650970 0.111587 0.000000 5.483589 
197000 985.000000 1.258798 0.000000 0.000000 5.614597 0.000332 0.000000 5.614099 
198000 990.000000 1.269752 0.000000 0.000000 5.777237 0.149585 0.000000 5.552859 
199000 995.000000 1.223901 0.000000 0.000000 5.651445 0.257271 0.000000 5.265538 
200000 1000.000000 1.260689 0.000000 0.000000 8.185975 2.550220 0.000000 4.360645 
201000 1005.000000 1.286608 0.000000 0.000000 6.919652 1.302880 0.000000 4.965332 
202000 1010.000000 1.181674 0.000000 0.000000 5.811506 0.962098 0.000000 4.368359 
203000 1015.000000 1.215674 0.000000 0.000000 5.483821 0.146244 0.000000 5.264454 
204000 1020.000000 1.318141 0.000000 0.000000 5.413945 0.098888 0.000000 5.265613 
205000 1025.000000 1.272494 0.000000 0.000000 5.709716 0.042808 0.000000 5.645504 
206000 1030.000000 1.321394 0.000000 0.000000 5.768553 0.503156 0.000000 5.013819 
207000 1035.000000 1.253597 0.000000 0.000000 6.124601 0.487997 0.000000 5.392606 
208000 1040.000000 1.051476 0.000000 0.000000 2.842986 0.787409 0.000000 1.661873 
209000 1045.000000 1.139814 0.000000 0.000000 4.863234 0.753668 0.000000 3.732732 
210000 1050.000000 1.249991 0.000000 0.000000 8.714314 3.022056 0.000000 4.181230 
211000 1055.000000 1.293113 0.000000 0.000000 5.704336 0.041333 0.000000 5.642336 
212000 1060.000000 1.244485 0.000000 0.000000 6.118224 0.452091 0.000000 5.440087 
213000 1065.000000 1.320704 0.000000 0.000000 5.452607 0.095267 0.000000 5.309707 
214000 1070.000000 1.438468 0.000000 0.000000 0.076898 0.073245 0.000000 -0.032970 
215000 1075.000000 1.246318 0.000000 0.000000 8.336841 2.611759 0.000000 4.419203 
216000 1080.000000 1.296180 0.000000 0.000000 5.799592 0.104769 0.000000 5.642439 
217000 1085.000000 1.245736 0.000000 0.000000 8.715405 2.991084 0.000000 4.228779 
218000 1090.000000 1.275897 0.000000 0.000000 5.940578 0.147265 0.000000 5.719681 
219000 1095.000000 1.362274 0.000000 0.000000 7.193534 2.807395 0.000000 2.982441 
220000 1100.000000 1.290706 0.000000 0.000000 7.413300 1.658190 0.000000 4.926016 
221000 1105.000000 1.191743 0.000000 0.000000 5.431833 0.259635 0.000000 5.042381 
222000 1110.000000 1.281079 0.000000 0.000000 8.062141 2.260576 0.000000 4.671277 
223000 1115.000000 1.266360 0.000000 0.000000 13.854570 8.034710 0.000000 1.802505 
224000 1120.000000 1.348892 0.000000 0.000000 5.593985 0.783776 0.000000 4.418321 
225000 1125.000000 1.302679 0.000000 0.000000 5.929978 0.266868 0.000000 5.529676 
226000 1130.000000 1.285892 0.000000 0.000000 6.396009 0.605790 0.000000 5.487323 
227000 1135.000000 1.057197 0.000000 0.000000 2.492922 0.189885 0.000000 2.208094 
228000 1140.000000 1.307556 0.000000 0.000000 9.179370 3.514350 0.000000 3.907846 
229000 1145.000000 1.254102 0.000000 0.000000 5.847488 0.001422 0.000000 5.845355 
230000 1150.000000 1.343783 0.000000 0.000000 8.186194 3.185009 0.000000 3.408681 
231000 1155.000000 1.141053 0.000000 0.000000 5.374263 1.084640 0.000000 3.747302 
232000 1160.000000 1.208937 0.000000 0.000000 8.093471 2.618096 0.000000 4.166328 
233000 1165.000000 1.263436 0.000000 0.000000 5.910704 0.029415 0.000000 5.866581 
234000 1170.000000 1.225783 0.000000 0.000000 5.806651 0.128647 0.000000 5.613681 
235000 1175.000000 1.249424 0.000000 0.000000 6.074262 0.218885 0.000000 5.745934 
236000 1180.000000 1.314729 0.000000 0.000000 5.773319 0.116352 0.000000 5.598790 
237000 1185.000000 1.261865 0.000000 0.000000 11.542028 5.589036 0.000000 3.158475 
238000 1190.000000 1.313479 0.000000 0.000000 6.694670 1.016741 0.000000 5.169559 
239000 1195.000000 1.222992 0.000000 0.000000 6.763917 1.052644 0.000000 5.184950 
240000 1200.000000 1.335039 0.000000 0.000000 5.679024 0.381674 0.000000 5.106513 
241000 1205.000000 1.212223 0.000000 0.000000 5.617929 0.015123 0.000000 5.595245 
242000 1210.000000 1.264609 0.000000 0.000000 6.071575 0.108561 0.000000 5.908733 
243000 1215.000000 1.091585 0.000000 0.000000 9.219184 5.949962 0.000000 0.294242 
244000 1220.000000 1.235975 0.000000 0.000000 6.302460 0.458087 0.000000 5.615329 
245000 1225.000000 1.248802 0.000000 0.000000 12.599851 6.665736 0.000000 2.601247 
246000 1230.000000 1.236183 0.000000 0.000000 7.272635 1.423459 0.000000 5.137446 
247000 1235.000000 0.740319 0.000000 0.000000 -0.929434 0.396471 0.000000 -1.524142 
248000 1240.000000 0.120980 0.000000 0.000000 11.492683 3.031252 0.000000 6.945805 
249000 1245.000000 -0.273631 0.000000 0.000000 10.946848 0.334677 0.000000 10.444833 
250000 1250.000000 -0.021288 0.000000 0.000000 14.650042 2.595355 0.000000 10.757009 
251000 1255.000000 0.145308 0.000000 0.000000 12.735255 1.568668 0.000000 10.382254 
252000 1260.000000 -0.292643 0.000000 0.000000 11.752841 0.672739 0.000000 10.743732 
253000 1265.000000 -0.092074 0.000000 0.000000 13.199065 0.478976 0.000000 12.480601 
254000 1270.000000 0.093585 0.000000 0.000000 16.073264 2.253631 0.000000 12.692818 
255000 1275.000000 -0.107103 0.000000 0.000000 16.849611 2.297958 0.000000 13.402674 
256000 1280.000000 0.056355 0.000000 0.000000 14.183817 0.000906 0.000000 14.182459 
257000 1285.000000 -0.234993 0.000000 0.000000 20.251801 6.135636 0.000000 11.048348 
258000 1290.000000 -0.209463 0.000000 0.000000 15.372095 0.977320 0.000000 13.906115 
259000 1295.000000 -0.106114 0.000000 0.000000 15.208947 0.329840 0.000000 14.714187 
260000 1300.000000 -0.167968 0.000000 0.000000 15.170034 0.409183 0.000000 14.556260 
261000 1305.000000 0.105752 0.000000 0.000000 15.249120 1.006621 0.000000 13.739189 
262000 1310.000000 -0.024916 0.000000 0.000000 15.837251 0.808181 0.000000 14.624980 
263000 1315.000000 -0.060668 0.000000 0.000000 18.263622 3.191540 0.000000 13.476312 
264000 1320.000000 -0.268216 0.000000 0.000000 14.077938 0.000111 0.000000 14.077773 
265000 1325.000000 -0.153233 0.000000 0.000000 15.228722 0.218328 0.000000 14.901230 
266000 1330.000000 0.039339 0.000000 0.000000 17.476481 2.514344 0.000000 13.704965 
267000 1335.000000 -0.080111 0.000000 0.000000 16.312998 1.063508 0.000000 14.717737 
268000 1340.000000 0.086432 0.000000 0.000000 14.654672 0.013833 0.000000 14.633923 
269000 1345.000000 -0.270322 0.000000 0.000000 14.207507 0.021497 0.000000 14.175262 
270000 1350.000000 0.146499 0.000000 0.000000 14.874941 0.747358 0.000000 13.753904 
271000 1355.000000 -0.402539 0.000000 0.000000 14.028735 0.397090 0.000000 13.433100 
272000 1360.000000 -0.337352 0.000000 0.000000 15.437374 1.088301 0.000000 13.804923 
273000 1365.000000 -0.164734 0.000000 0.000000 16.582184 0.751757 0.000000 15.454548 
274000 1370.000000 -0.247876 0.000000 0.000000 17.170895 1.931520 0.000000 14.273614 
275000 1375.000000 -0.287149 0.000000 0.000000 16.584020 1.728694 0.000000 13.990978 
276000 1380.000000 -0.269261 0.000000 0.000000 15.145617 0.088449 0.000000 15.012943 
277000 1385.000000 -0.163638 0.000000 0.000000 17.626409 1.673131 0.000000 15.116713 
278000 1390.000000 -0.006967 0.000000 0.000000 16.228025 0.054764 0.000000 16.145879 
279000 1395.000000 -0.196502 0.000000 0.000000 15.828450 0.040879 0.000000 15.767132 
280000 1400.000000 -1.145055 0.000000 0.000000 17.700336 0.678340 0.000000 16.682826 
281000 1405.000000 -0.040280 0.000000 0.000000 20.432022 0.580675 0.000000 19.561010 
282000 1410.000000 -0.141295 0.000000 0.000000 20.268126 0.577579 0.000000 19.401757 
283000 1415.000000 -0.070131 0.000000 0.000000 20.354911 0.466178 0.000000 19.655644 
284000 1420.000000 -0.304822 0.000000 0.000000 19.589478 1.169286 0.000000 17.835549 
285000 1425.000000 -0.187441 0.000000 0.000000 20.075579 0.572041 0.000000 19.217518 
286000 1430.000000 0.220161 0.000000 0.000000 18.916235 1.057672 0.000000 17.329727 
287000 1435.000000 -0.021344 0.000000 0.000000 20.675082 0.754046 0.000000 19.544013 
288000 1440.000000 -1.016359 0.000000 0.000000 21.086931 0.017918 0.000000 21.060055 
289000 1445.000000 -0.328817 0.000000 0.000000 21.912438 0.156148 0.000000 21.678217 
290000 1450.000000 0.154181 0.000000 0.000000 24.315910 2.143096 0.000000 21.101265 
291000 1455.000000 -0.193191 0.000000 0.000000 27.253973 4.252431 0.000000 20.875327 
292000 1460.000000 0.038100 0.000000 0.000000 23.330786 0.130153 0.000000 23.135557 
293000 1465.000000 0.083761 0.000000 0.000000 22.922932 0.035632 0.000000 22.869484 
294000 1470.000000 -0.233653 0.000000 0.000000 22.866249 0.153000 0.000000 22.636750 
295000 1475.000000 -0.014896 0.000000 0.000000 25.402879 0.279180 0.000000 24.984109 
296000 1480.000000 -0.253436 0.000000 0.000000 24.222967 0.011420 0.000000 24.205838 
297000 1485.000000 -0.356386 0.000000 0.000000 23.402710 0.081328 0.000000 23.280718 
298000 1490.000000 -0.146489 0.000000 0.000000 25.760648 0.698279 0.000000 24.713230 
299000 1495.000000 -0.166103 0.000000 0.000000 25.286060 0.328138 0.000000 24.793854 
300000 1500.000000 -0.058731 0.000000 0.000000 26.866275 1.582769 0.000000 24.492121 
301000 1505.000000 -0.036492 0.000000 0.000000 25.374182 0.099044 0.000000 25.225616 
302000 1510.000000 -0.067486 0.000000 0.000000 25.354577 0.066120 0.000000 25.255396 
303000 1515.000000 0.370513 0.000000 0.000000 21.607839 0.362517 0.000000 21.064064 
304000 1520.000000 -0.039455 0.000000 0.000000 25.537674 0.132410 0.000000 25.339060 
305000 1525.000000 -0.100789 0.000000 0.000000 25.481545 0.106214 0.000000 25.322225 
306000 1530.000000 -0.175190 0.000000 0.000000 25.199288 0.131497 0.000000 25.002042 
307000 1535.000000 -0.275289 0.000000 0.000000 24.305480 0.041792 0.000000 24.242792 
308000 1540.000000 -0.305194 0.000000 0.000000 25.808167 1.815430 0.000000 23.085022 
309000 1545.000000 0.037457 0.000000 0.000000 27.553118 2.357357 0.000000 24.017082 
310000 1550.000000 0.046959 0.000000 0.000000 25.271002 0.127126 0.000000 25.080313 
311000 1555.000000 -0.205036 0.000000 0.000000 24.914321 0.004844 0.000000 24.907055 
312000 1560.000000 0.164300 0.000000 0.000000 25.863083 1.752722 0.000000 23.234000 
313000 1565.000000 0.173376 0.000000 0.000000 24.191801 0.185080 0.000000 23.914182 
314000 1570.000000 -0.042088 0.000000 0.000000 25.484240 0.007951 0.000000 25.472313 
315000 1575.000000 0.036978 0.000000 0.000000 25.241300 0.003397 0.000000 25.236204 
316000 1580.000000 -0.079762 0.000000 0.000000 25.487634 0.000644 0.000000 25.486668 
317000 1585.000000 -0.059029 0.000000 0.000000 26.805079 1.302938 0.000000 24.850673 
318000 1590.000000 -0.072779 0.000000 0.000000 25.954456 0.454637 0.000000 25.272501 
319000 1595.000000 0.049468 0.000000 0.000000 25.181502 0.000201 0.000000 25.181201 
320000 1600.000000 -0.059665 0.000000 0.000000 27.951608 2.440156 0.000000 24.291374 
321000 1605.000000 -0.223800 0.000000 0.000000 26.348902 1.508055 0.000000 24.086820 
322000 1610.000000 -0.021129 0.000000 0.000000 26.935866 1.451300 0.000000 24.758916 
323000 1615.000000 0.038018 0.000000 0.000000 25.439443 0.175487 0.000000 25.176212 
324000 1620.000000 -0.090724 0.000000 0.000000 25.615744 0.118014 0.000000 25.438723 
325000 1625.000000 0.067983 0.000000 0.000000 25.109476 0.026587 0.000000 25.069595 
326000 1630.000000 0.001381 0.000000 0.000000 30.347406 4.910409 0.000000 22.981792 
327000 1635.000000 -0.303923 0.000000 0.000000 24.601938 0.446961 0.000000 23.931496 
328000 1640.000000 -0.302055 0.000000 0.000000 24.807893 0.627683 0.000000 23.866368 
329000 1645.000000 -0.088515 0.000000 0.000000 25.623205 0.063288 0.000000 25.528273 
330000 1650.000000 -0.033714 0.000000 0.000000 27.346492 1.778204 0.000000 24.679187 
331000 1655.000000 0.027429 0.000000 0.000000 25.446414 0.064425 0.000000 25.349776 
332000 1660.000000 -0.083190 0.000000 0.000000 25.571866 0.004236 0.000000 25.565513 
333000 1665.000000 -0.379252 0.000000 0.000000 23.916716 0.336352 0.000000 23.412188 
334000 1670.000000 0.158725 0.000000 0.000000 24.897848 0.538808 0.000000 24.089637 
335000 1675.000000 0.103548 0.000000 0.000000 28.752187 3.830070 0.000000 23.007082 
336000 1680.000000 -0.023064 0.000000 0.000000 26.225979 0.604031 0.000000 25.319932 
337000 1685.000000 -0.076765 0.000000 0.000000 26.103502 0.450988 0.000000 25.427020 
338000 1690.000000 -0.192070 0.000000 0.000000 27.425252 2.191452 0.000000 24.138075 
339000 1695.000000 -0.041093 0.000000 0.000000 25.686832 0.024378 0.000000 25.650265 
340000 1700.000000 -0.195606 0.000000 0.000000 25.234203 0.019656 0.000000 25.204719 
341000 1705.000000 0.136723 0.000000 0.000000 25.660978 1.036711 0.000000 24.105911 
342000 1710.000000 -0.201313 0.000000 0.000000 25.520770 0.332704 0.000000 25.021713 
343000 1715.000000 -0.194675 0.000000 0.000000 25.625332 0.389844 0.000000 25.040566 
344000 1720.000000 -1.254481 0.000000 0.000000 25.932913 0.908563 0.000000 24.570069 
345000 1725.000000 -1.130240 0.000000 0.000000 29.661699 2.586955 0.000000 25.781266 
346000 1730.000000 -1.049040 0.000000 0.000000 27.076045 0.364943 0.000000 26.528630 
347000 1735.000000 -1.014649 0.000000 0.000000 27.849273 1.342399 0.000000 25.835674 
348000 1740.000000 -1.221503 0.000000 0.000000 27.878123 0.009690 0.000000 27.863589 
349000 1745.000000 -1.070824 0.000000 0.000000 27.679114 0.196469 0.000000 27.384411 
350000 1750.000000 -1.167526 0.000000 0.000000 31.797867 3.349518 0.000000 26.773589 
351000 1755.000000 -1.182284 0.000000 0.000000 28.684588 0.248586 0.000000 28.311709 
352000 1760.000000 -1.296090 0.000000 0.000000 28.336414 1.536457 0.000000 26.031728 
353000 1765.000000 -1.058510 0.000000 0.000000 29.887133 2.025133 0.000000 26.849434 
354000 1770.000000 -1.209488 0.000000 0.000000 28.582138 0.054148 0.000000 28.500915 
355000 1775.000000 -0.856421 0.000000 0.000000 28.474165 1.875189 0.000000 25.661381 
356000 1780.000000 -1.101416 0.000000 0.000000 29.287008 0.043553 0.000000 29.221679 
357000 1785.000000 -1.247148 0.000000 0.000000 29.137770 0.010360 0.000000 29.122230 
358000 1790.000000 -1.138013 0.000000 0.000000 29.947623 0.009181 0.000000 29.933851 
359000 1795.000000 -1.195051 0.000000 0.000000 30.319384 0.426793 0.000000 29.679195 
360000 1800.000000 -0.656423 0.000000 0.000000 27.298209 0.303579 0.000000 26.842841 
361000 1805.000000 -0.091516 0.000000 0.000000 31.732381 0.016637 0.000000 31.707425 
362000 1810.000000 -0.057371 0.000000 0.000000 31.893798 0.148837 0.000000 31.670543 
363000 1815.000000 -0.187930 0.000000 0.000000 31.943558 0.620102 0.000000 31.013404 
364000 1820.000000 -0.123650 0.000000 0.000000 31.686243 0.033186 0.000000 31.636465 
365000 1825.000000 -0.492303 0.000000 0.000000 29.184261 0.165812 0.000000 28.935543 
366000 1830.000000 -0.211555 0.000000 0.000000 32.265449 0.702129 0.000000 31.212256 
367000 1835.000000 0.000821 0.000000 0.000000 32.176260 0.097512 0.000000 32.029993 
368000 1840.000000 0.079280 0.000000 0.000000 33.093223 1.431212 0.000000 30.946405 
369000 1845.000000 -0.073427 0.000000 0.000000 32.189507 0.001735 0.000000 32.186904 
370000 1850.000000 -0.252512 0.000000 0.000000 31.270150 0.005348 0.000000 31.262127 
371000 1855.000000 -0.063697 0.000000 0.000000 33.310920 1.112282 0.000000 31.642497 
372000 1860.000000 -0.072129 0.000000 0.000000 32.283157 0.088695 0.000000 32.150115 
373000 1865.000000 -0.118778 0.000000 0.000000 33.288605 1.185076 0.000000 31.510991 
374000 1870.000000 0.177405 0.000000 0.000000 30.713139 0.016930 0.000000 30.687743 
375000 1875.000000 -0.148815 0.000000 0.000000 32.456871 0.454749 0.000000 31.774747 
376000 1880.000000 -0.196314 0.000000 0.000000 38.950049 7.225755 0.000000 28.111417 
377000 1885.000000 -0.340055 0.000000 0.000000 30.788727 0.280068 0.000000 30.368624 
378000 1890.000000 -1.109773 0.000000 0.000000 30.775283 0.169235 0.000000 30.521431 
379000 1895.000000 -1.234573 0.000000 0.000000 30.603453 0.197312 0.000000 30.307486 
380000 1900.000000 -1.180653 0.000000 0.000000 30.852770 0.022473 0.000000 30.819061 
381000 1905.000000 -1.185028 0.000000 0.000000 31.161675 0.350061 0.000000 30.636583 
382000 1910.000000 -1.135714 0.000000 0.000000 31.709792 0.899390 0.000000 30.360707 
383000 1915.000000 -1.104279 0.000000 0.000000 31.038321 0.387592 0.000000 30.456933 
384000 1920.000000 -1.234841 0.000000 0.000000 33.041648 2.511793 0.000000 29.273959 
385000 1925.000000 -1.142467 0.000000 0.000000 31.429452 0.486380 0.000000 30.699882 
386000 1930.000000 -0.110084 0.000000 0.000000 33.339103 0.864295 0.000000 32.042661 
387000 1935.000000 0.243753 0.000000 0.000000 30.411612 0.256586 0.000000 30.026733 
388000 1940.000000 -0.010481 0.000000 0.000000 34.409513 1.919258 0.000000 31.530626 
389000 1945.000000 0.044634 0.000000 0.000000 35.013676 2.753776 0.000000 30.883013 
390000 1950.000000 -0.158935 0.000000 0.000000 33.093359 0.798894 0.000000 31.895018 
391000 1955.000000 -1.243514 0.000000 0.000000 32.568583 1.949453 0.000000 29.644403 
392000 1960.000000 -1.068062 0.000000 0.000000 31.252930 0.699980 0.000000 30.202959 
393000 1965.000000 -1.071355 0.000000 0.000000 30.639617 0.000170 0.000000 30.639362 
394000 1970.000000 -1.009818 0.000000 0.000000 30.356848 0.347747 0.000000 29.835228 
395000 1975.000000 -1.142686 0.000000 0.000000 31.315300 0.060302 0.000000 31.224847 
396000 1980.000000 -1.121840 0.000000 0.000000 32.650531 1.496860 0.000000 30.405241 
397000 1985.000000 -1.130977 0.000000 0.000000 31.721879 0.510487 0.000000 30.956149 
398000 1990.000000 -1.149252 0.000000 0.000000 31.334424 0.047150 0.000000 31.263699 
399000 1995.000000 -0.091409 0.000000 0.000000 34.730014 1.852578 0.000000 31.951147 
400000 2000.000000 -0.140413 0.000000 0.000000 36.330194 3.604554 0.000000 30.923363 
401000 2005.000000 -0.262580 0.000000 0.000000 32.255831 0.364923 0.000000 31.708446 
402000 2010.000000 -0.010210 0.000000 0.000000 32.875419 0.023941 0.000000 32.839507 
403000 2015.000000 -0.037734 0.000000 0.000000 32.905041 0.001626 0.000000 32.902602 
404000 2020.000000 -1.265634 0.000000 0.000000 34.430981 4.032256 0.000000 28.382597 
405000 2025.000000 -1.233858 0.000000 0.000000 31.030740 0.071306 0.000000 30.923781 
406000 2030.000000 -1.161632 0.000000 0.000000 32.349306 0.995705 0.000000 30.855748 
407000 2035.000000 -0.242962 0.000000 0.000000 32.203168 0.097195 0.000000 32.057375 
408000 2040.000000 0.059569 0.000000 0.000000 32.593608 0.016538 0.000000 32.568800 
409000 2045.000000 -0.180588 0.000000 0.000000 33.028497 0.460572 0.000000 32.337638 
410000 2050.000000 0.036507 0.000000 0.000000 32.839957 0.121682 0.000000 32.657435 
411000 2055.000000 -0.324459 0.000000 0.000000 31.815436 0.446019 0.000000 31.146408 
412000 2060.000000 -0.239938 0.000000 0.000000 33.737986 1.598305 0.000000 31.340529 
413000 2065.000000 -0.023360 0.000000 0.000000 33.487385 0.543142 0.000000 32.672672 
414000 2070.000000 -0.335120 0.000000 0.000000 31.283033 0.015719 0.000000 31.259454 
415000 2075.000000 -0.376734 0.000000 0.000000 36.903376 6.049045 0.000000 27.829809 
416000 2080.000000 0.015135 0.000000 0.000000 33.664147 0.800048 0.000000 32.464075 
417000 2085.000000 0.145378 0.000000 0.000000 31.892989 0.027793 0.000000 31.851300 
418000 2090.000000 -0.072743 0.000000 0.000000 35.285860 2.276584 0.000000 31.870983 
419000 2095.000000 -0.169091 0.000000 0.000000 32.785528 0.101365 0.000000 32.633480 
420000 2100.000000 -0.400754 0.000000 0.000000 31.932372 1.306162 0.000000 29.973129 
421000 2105.000000 0.004633 0.000000 0.000000 32.927554 0.004082 0.000000 32.921430 
422000 2110.000000 -0.013852 0.000000 0.000000 34.021880 1.042279 0.000000 32.458462 
423000 2115.000000 -0.602372 0.000000 0.000000 28.781925 0.002525 0.000000 28.778138 
424000 2120.000000 -0.073908 0.000000 0.000000 34.083138 0.942107 0.000000 32.669977 
425000 2125.000000 0.043274 0.000000 0.000000 33.384464 0.515994 0.000000 32.610473 
426000 2130.000000 -0.023076 0.000000 0.000000 34.252568 1.128908 0.000000 32.559206 
427000 2135.000000 -0.163062 0.000000 0.000000 33.914534 1.052560 0.000000 32.335693 
428000 2140.000000 -0.243282 0.000000 0.000000 32.714099 0.416826 0.000000 32.088860 
429000 2145.000000 -0.297653 0.000000 0.000000 32.415788 0.613547 0.000000 31.495468 
430000 2150.000000 -0.049080 0.000000 0.000000 35.668480 2.501596 0.000000 31.916086 
431000 2155.000000 -0.120921 0.000000 0.000000 34.737244 1.679719 0.000000 32.217665 
432000 2160.000000 -0.054095 0.000000 0.000000 33.171466 0.002513 0.000000 33.167697 
433000 2165.000000 -0.207229 0.000000 0.000000 32.897454 0.311148 0.000000 32.430731 
434000 2170.000000 -0.267211 0.000000 0.000000 34.340121 2.248277 0.000000 30.967706 
435000 2175.000000 -0.026688 0.000000 0.000000 33.162917 0.016905 0.000000 33.137560 
436000 2180.000000 0.128882 0.000000 0.000000 32.394740 0.202265 0.000000 32.091342 
437000 2185.000000 0.049100 0.000000 0.000000 33.016307 0.165677 0.000000 32.767791 
438000 2190.000000 -0.293195 0.000000 0.000000 33.515523 1.662252 0.000000 31.022146 
439000 2195.000000 0.009268 0.000000 0.000000 36.453171 3.400509 0.000000 31.352408 
440000 2200.000000 -0.433538 0.000000 0.000000 30.742850 0.282383 0.000000 30.319275 
441000 2205.000000 -0.031487 0.000000 0.000000 34.002931 0.820038 0.000000 32.772874 
442000 2210.000000 -0.165203 0.000000 0.000000 32.908440 0.020477 0.000000 32.877724 
443000 2215.000000 -0.125298 0.000000 0.000000 33.133550 0.060203 0.000000 33.043245 
444000 2220.000000 0.039853 0.000000 0.000000 35.018586 2.084439 0.000000 31.891927 
445000 2225.000000 -0.132813 0.000000 0.000000 33.098872 0.034262 0.000000 33.047479 
446000 2230.000000 -1.057193 0.000000 0.000000 31.686699 0.754269 0.000000 30.555296 
447000 2235.000000 -1.140091 0.000000 0.000000 36.479552 4.699332 0.000000 29.430554 
448000 2240.000000 -1.107244 0.000000 0.000000 32.171978 0.581799 0.000000 31.299280 
449000 2245.000000 -1.113829 0.000000 0.000000 35.614931 3.968951 0.000000 29.661505 
450000 2250.000000 0.070343 0.000000 0.000000 34.885434 1.645648 0.000000 32.416962 
451000 2255.000000 -0.112785 0.000000 0.000000 34.198127 0.581339 0.000000 33.326120 
452000 2260.000000 -0.234432 0.000000 0.000000 32.950880 0.044180 0.000000 32.884610 
453000 2265.000000 -0.004117 0.000000 0.000000 35.189676 1.562559 0.000000 32.845838 
454000 2270.000000 0.052800 0.000000 0.000000 33.484075 0.117672 0.000000 33.307567 
455000 2275.000000 -0.088934 0.000000 0.000000 33.715930 0.033918 0.000000 33.665053 
456000 2280.000000 0.076533 0.000000 0.000000 33.644019 0.442001 0.000000 32.981017 
457000 2285.000000 -0.244000 0.000000 0.000000 33.434791 0.596468 0.000000 32.540089 
458000 2290.000000 -0.088852 0.000000 0.000000 34.797206 1.110116 0.000000 33.132032 
459000 2295.000000 0.169786 0.000000 0.000000 32.459853 0.182636 0.000000 32.185900 
460000 2300.000000 -0.190546 0.000000 0.000000 34.198238 0.951109 0.000000 32.771574 
461000 2305.000000 0.081463 0.000000 0.000000 33.187964 0.015040 0.000000 33.165404 
462000 2310.000000 -0.026604 0.000000 0.000000 33.822079 0.098884 0.000000 33.673753 
463000 2315.000000 -0.922865 0.000000 0.000000 31.882813 1.763934 0.000000 29.236913 
464000 2320.000000 -1.207390 0.000000 0.000000 37.216485 5.064540 0.000000 29.619675 
465000 2325.000000 -1.211430 0.000000 0.000000 32.324533 0.199382 0.000000 32.025460 
466000 2330.000000 -1.168218 0.000000 0.000000 32.891316 0.588863 0.000000 32.008022 
467000 2335.000000 -1.199615 0.000000 0.000000 32.627969 0.415156 0.000000 32.005236 
468000 2340.000000 -0.165448 0.000000 0.000000 38.439896 4.872208 0.000000 31.131584 
469000 2345.000000 0.165964 0.000000 0.000000 32.806910 0.315203 0.000000 32.334105 
470000 2350.000000 -0.040908 0.000000 0.000000 33.894521 0.013959 0.000000 33.873582 
471000 2355.000000 -0.116770 0.000000 0.000000 33.882746 0.095948 0.000000 33.738824 
472000 2360.000000 0.208420 0.000000 0.000000 32.263721 0.310638 0.000000 31.797763 
473000 2365.000000 0.091363 0.000000 0.000000 33.383644 0.119298 0.000000 33.204698 
474000 2370.000000 -0.064614 0.000000 0.000000 34.786671 0.896958 0.000000 33.441235 
475000 2375.000000 0.036426 0.000000 0.000000 34.504104 0.858797 0.000000 33.215909 
476000 2380.000000 0.038087 0.000000 0.000000 34.589251 0.952600 0.000000 33.160351 
477000 2385.000000 -0.241430 0.000000 0.000000 33.637860 0.599367 0.000000 32.738809 
478000 2390.000000 -0.004136 0.000000 0.000000 37.148389 3.331078 0.000000 32.151773 
479000 2395.000000 0.312966 0.000000 0.000000 32.928930 2.518545 0.000000 29.151112 
480000 2400.000000 0.107267 0.000000 0.000000 34.740633 1.612611 0.000000 32.321718 
481000 2405.000000 0.217595 0.000000 0.000000 32.025983 0.199142 0.000000 31.727270 
482000 2410.000000 -0.043538 0.000000 0.000000 34.942794 1.046161 0.000000 33.373552 
483000 2415.000000 -0.192017 0.000000 0.000000 34.389977 0.968410 0.000000 32.937363 
484000 2420.000000 -0.149127 0.000000 0.000000 33.877323 0.207000 0.000000 33.566823 
485000 2425.000000 -0.094678 0.000000 0.000000 34.783254 0.921535 0.000000 33.400951 
486000 2430.000000 -0.612597 0.000000 0.000000 29.493951 0.012070 0.000000 29.475847 
487000 2435.000000 -0.274145 0.000000 0.000000 33.276835 0.455473 0.000000 32.593625 
488000 2440.000000 -0.133767 0.000000 0.000000 34.740482 0.934762 0.000000 33.338340 
489000 2445.000000 -0.031500 0.000000 0.000000 34.904054 0.951947 0.000000 33.476134 
490000 2450.000000 0.061771 0.000000 0.000000 33.729863 0.158149 0.000000 33.492638 
491000 2455.000000 0.068358 0.000000 0.000000 33.810778 0.284649 0.000000 33.383806 
492000 2460.000000 0.224034 0.000000 0.000000 32.117598 0.305444 0.000000 31.659431 
493000 2465.000000 -0.082349 0.000000 0.000000 34.340718 0.380939 0.000000 33.769309 
494000 2470.000000 -0.190476 0.000000 0.000000 33.541866 0.035585 0.000000 33.488488 
495000 2475.000000 0.506720 0.000000 0.000000 27.874421 0.004056 0.000000 27.868337 
496000 2480.000000 0.031785 0.000000 0.000000 33.795251 0.002593 0.000000 33.791361 
497000 2485.000000 -0.206672 0.000000 0.000000 33.448159 0.016479 0.000000 33.423441 
498000 2490.000000 -0.185099 0.000000 0.000000 33.601806 0.021199 0.000000 33.570007 
499000 2495.000000 -0.116879 0.000000 0.000000 34.020152 0.102384 0.000000 33.866575 
