#! FIELDS deep.node-0 file.free der_deep.node-0
#! SET min_deep.node-0 -1.08715
#! SET max_deep.node-0 1.00662
#! SET nbins_deep.node-0 101
#! SET periodic_deep.node-0 false
   -1.087155     10.297035    -2.199352
   -1.066217     10.354832     7.515291
   -1.045279     10.588784    14.251365
   -1.024342     10.908137    15.083978
   -1.003404     11.153767     6.874345
   -0.982466     11.139074    -8.845129
   -0.961528     10.786659   -23.703604
   -0.940590     10.193914   -31.434710
   -0.919653      9.510597   -32.926507
   -0.898715      8.834233   -31.268869
   -0.877777      8.207543   -28.420253
   -0.856839      7.645890   -25.138313
   -0.835901      7.155817   -21.607509
   -0.814964      6.741956   -17.879240
   -0.794026      6.407314   -14.071676
   -0.773088      6.151253   -10.424491
   -0.752150      5.967185    -7.248730
   -0.731213      5.842070    -4.833858
   -0.710275      5.758172    -3.319021
   -0.689337      5.697447    -2.576340
   -0.668399      5.647661    -2.188841
   -0.647461      5.607199    -1.596197
   -0.626524      5.585544    -0.338573
   -0.605586      5.599094     1.768279
   -0.584648      5.664946     4.616085
   -0.563710      5.795568     7.891865
   -0.542773      5.995683    11.178094
   -0.521835      6.260906    14.035849
   -0.500897      6.578143    16.089471
   -0.479959      6.928109    17.145370
   -0.459021      7.290552    17.322607
   -0.438084      7.651432    17.085127
   -0.417146      8.008722    17.070412
   -0.396208      8.372829    17.783472
   -0.375270      8.760909    19.384198
   -0.354333      9.189976    21.624657
   -0.333395      9.668994    24.052809
   -0.312457     10.196613    26.163984
   -0.291519     10.761998    27.584484
   -0.270581     11.349380    28.235546
   -0.249644     11.945177    28.396427
   -0.228706     12.544414    28.561563
   -0.207768     13.152121    29.128738
   -0.186830     13.775474    30.243689
   -0.165893     14.423514    31.503018
   -0.144955     15.095073    32.355139
   -0.124017     15.777774    32.457503
   -0.103079     16.456061    31.868415
   -0.082141     17.120163    31.039295
   -0.061204     17.771084    30.452957
   -0.040266     18.412847    30.317675
   -0.019328     19.048752    30.190357
    0.001610     19.674265    29.170630
    0.022547     20.266799    26.971653
    0.043485     20.805666    24.093358
    0.064423     21.287807    21.617280
    0.085361     21.731903    20.389266
    0.106299     22.161586    20.612161
    0.127236     22.601341    21.282424
    0.148174     23.050495    21.315616
    0.169112     23.486912    19.946239
    0.190050     23.879305    17.132088
    0.210988     24.204727    13.680355
    0.231925     24.460437    10.753624
    0.252863     24.664430     8.860681
    0.273801     24.837318     7.681669
    0.294739     24.986149     6.482451
    0.315676     25.104370     4.699264
    0.336614     25.178102     2.249297
    0.357552     25.196258    -0.561827
    0.378490     25.154142    -3.519997
    0.399428     25.043931    -7.036899
    0.420365     24.830742   -12.651583
    0.441303     24.477525   -20.611722
    0.462241     23.939815   -30.238672
    0.483179     23.201197   -39.636137
    0.504116     22.263526   -47.935898
    0.525054     21.134493   -55.426190
    0.545992     19.894618   -60.305821
    0.566930     18.453746   -67.594971
    0.587868     16.867983   -74.621760
    0.608805     15.209897   -79.037102
    0.629743     13.396281   -82.988394
    0.650681     11.605876   -82.762576
    0.671619      9.880489   -79.524886
    0.692556      8.256767   -74.346079
    0.713494      6.759664   -68.053280
    0.734432      5.403457   -61.193144
    0.755370      4.195044   -54.087785
    0.776308      3.136994   -46.904885
    0.797245      2.229830   -39.708367
    0.818183      1.473677   -32.490463
    0.839121      0.869427   -25.195959
    0.860059      0.419449   -17.746250
    0.880996      0.127805   -10.063805
    0.901934     -0.000000    -2.091985
    0.922872      0.042414     6.194755
    0.943810      0.261638    14.791276
    0.964748      0.663904    23.669648
    0.985685      1.254726    32.789766
    1.006623      2.038750    42.108701
