No protocol specified
              :-) GROMACS - gmx mdrun, 2020.6-plumed-2.9.0-dev (-:

                            GROMACS is written by:
     Emile Apol      Rossen Apostolov      Paul Bauer     Herman J.C. Berendsen
    Par Bjelkmar      Christian Blau   Viacheslav Bolnykh     Kevin Boyd    
 Aldert van Buuren   Rudi van Drunen     Anton Feenstra       Alan Gray     
  Gerrit Groenhof     Anca Hamuraru    Vincent Hindriksen  M. Eric Irrgang  
  Aleksei Iupinov   Christoph Junghans     Joe Jordan     Dimitrios Karkoulis
    Peter Kasson        Jiri Kraus      Carsten Kutzner      Per Larsson    
  Justin A. Lemkul    Viveca Lindahl    Magnus Lundborg     Erik Marklund   
    Pascal Merz     Pieter Meulenhoff    Teemu Murtola       Szilard Pall   
    Sander Pronk      Roland Schulz      Michael Shirts    Alexey Shvetsov  
   Alfons Sijbers     Peter Tieleman      Jon Vincent      Teemu Virolainen 
 Christian Wennberg    Maarten Wolf      Artem Zhmurov   
                           and the project leaders:
        Mark Abraham, Berk Hess, Erik Lindahl, and David van der Spoel

Copyright (c) 1991-2000, University of Groningen, The Netherlands.
Copyright (c) 2001-2019, The GROMACS development team at
Uppsala University, Stockholm University and
the Royal Institute of Technology, Sweden.
check out http://www.gromacs.org for more information.

GROMACS is free software; you can redistribute it and/or modify it
under the terms of the GNU Lesser General Public License
as published by the Free Software Foundation; either version 2.1
of the License, or (at your option) any later version.

GROMACS:      gmx mdrun, version 2020.6-plumed-2.9.0-dev
Executable:   /home/npedrani@iit.local/programs/gromacs-2020.6/install/bin/gmx_mpi
Data prefix:  /home/npedrani@iit.local/programs/gromacs-2020.6/install
Working dir:  /home/npedrani@iit.local/Desktop/Phd_main_Projects/Hyper-TICA/Alanine/On-The-Fly/Deep-TICA/automatic/restart/all_data_shuffle_Micheletime/unbias_A/bias1/bias2/bias3/bias4/bias5/bias6/bias7/bias8/bias9/bias10/bias11/bias12/bias13/bias14/bias15/bias16/bias17/bias18
Command line:
  gmx_mpi mdrun -s input.sA.tpr -cpo state.cpt -cpi state -noappend -deffnm alanine -plumed plumed.dat -ntomp 8 -nsteps 500000 -pin on -pinoffset 0 -pinstride 1 -gpu_id 1

+++ Loading the PLUMED kernel runtime +++
+++ PLUMED_KERNEL="/home/npedrani@iit.local/programs/plumed2-pytorch/src/lib/libplumedKernel.so" +++
+++ Loading the PLUMED kernel runtime +++
+++ PLUMED_KERNEL="/home/npedrani@iit.local/programs/plumed2-pytorch/src/lib/libplumedKernel.so" +++
No protocol specified
Reading file input.sA.tpr, VERSION 2020.6-MODIFIED (single precision)
Overriding nsteps with value passed on the command line: 500000 steps, 1e+03 ps
Changing nstlist from 10 to 100, rlist from 1.034 to 1.309


1 GPU selected for this run.
Mapping of GPU IDs to the 1 GPU task in the 1 rank on this node:
  PP:1
PP tasks will do (non-perturbed) short-ranged interactions on the GPU
PP task will update and constrain coordinates on the CPU
Using 1 MPI process
Using 8 OpenMP threads 


Overriding thread affinity set outside gmx mdrun
starting mdrun 'Generated by trjconv : Alanine in vacuum in water t=   0.00000'
9500000 steps,  19000.0 ps (continuing from step 9000000,  18000.0 ps).

Step 9088306, time 18176.6 (ps)  LINCS WARNING
relative constraint deviation after LINCS:
rms 0.000000, max 0.000001 (between atoms 2 and 3)
bonds that rotated more than 30 degrees:
 atom 1 atom 2  angle  previous, current, constraint length
     17     18   32.3    0.1010   0.1010      0.1010

Step 9140978, time 18282 (ps)  LINCS WARNING
relative constraint deviation after LINCS:
rms 0.000000, max 0.000001 (between atoms 19 and 21)
bonds that rotated more than 30 degrees:
 atom 1 atom 2  angle  previous, current, constraint length
     17     18   30.6    0.1010   0.1010      0.1010

Step 9140979, time 18282 (ps)  LINCS WARNING
relative constraint deviation after LINCS:
rms 0.000000, max 0.000001 (between atoms 19 and 21)
bonds that rotated more than 30 degrees:
 atom 1 atom 2  angle  previous, current, constraint length
     17     18   31.0    0.1010   0.1010      0.1010

Step 9140984, time 18282 (ps)  LINCS WARNING
relative constraint deviation after LINCS:
rms 0.000000, max 0.000001 (between atoms 7 and 8)
bonds that rotated more than 30 degrees:
 atom 1 atom 2  angle  previous, current, constraint length
     17     18   30.2    0.1010   0.1010      0.1010

Step 9188206, time 18376.4 (ps)  LINCS WARNING
relative constraint deviation after LINCS:
rms 0.000001, max 0.000001 (between atoms 19 and 22)
bonds that rotated more than 30 degrees:
 atom 1 atom 2  angle  previous, current, constraint length
      7      8   30.0    0.1010   0.1010      0.1010

Step 9188210, time 18376.4 (ps)  LINCS WARNING
relative constraint deviation after LINCS:
rms 0.000000, max 0.000001 (between atoms 1 and 2)
bonds that rotated more than 30 degrees:
 atom 1 atom 2  angle  previous, current, constraint length
      7      8   31.3    0.1010   0.1010      0.1010

Step 9188219, time 18376.4 (ps)  LINCS WARNING
relative constraint deviation after LINCS:
rms 0.000000, max 0.000001 (between atoms 2 and 4)
bonds that rotated more than 30 degrees:
 atom 1 atom 2  angle  previous, current, constraint length
      7      8   30.4    0.1010   0.1010      0.1010

Step 9188224, time 18376.4 (ps)  LINCS WARNING
relative constraint deviation after LINCS:
rms 0.000001, max 0.000001 (between atoms 2 and 3)
bonds that rotated more than 30 degrees:
 atom 1 atom 2  angle  previous, current, constraint length
      7      8   30.4    0.1010   0.1010      0.1010

Step 9199893, time 18399.8 (ps)  LINCS WARNING
relative constraint deviation after LINCS:
rms 0.000000, max 0.000001 (between atoms 11 and 12)
bonds that rotated more than 30 degrees:
 atom 1 atom 2  angle  previous, current, constraint length
      7      8   33.4    0.1010   0.1010      0.1010

Step 9199894, time 18399.8 (ps)  LINCS WARNING
relative constraint deviation after LINCS:
rms 0.000000, max 0.000001 (between atoms 11 and 13)
bonds that rotated more than 30 degrees:
 atom 1 atom 2  angle  previous, current, constraint length
      7      8   30.6    0.1010   0.1010      0.1010

Step 9199898, time 18399.8 (ps)  LINCS WARNING
relative constraint deviation after LINCS:
rms 0.000001, max 0.000001 (between atoms 2 and 4)
bonds that rotated more than 30 degrees:
 atom 1 atom 2  angle  previous, current, constraint length
      7      8   37.7    0.1010   0.1010      0.1010

Step 9288646, time 18577.3 (ps)  LINCS WARNING
relative constraint deviation after LINCS:
rms 0.000000, max 0.000001 (between atoms 19 and 21)
bonds that rotated more than 30 degrees:
 atom 1 atom 2  angle  previous, current, constraint length
     17     18   31.3    0.1010   0.1010      0.1010

Step 9310519, time 18621 (ps)  LINCS WARNING
relative constraint deviation after LINCS:
rms 0.000000, max 0.000001 (between atoms 17 and 18)
bonds that rotated more than 30 degrees:
 atom 1 atom 2  angle  previous, current, constraint length
     17     18   30.6    0.1010   0.1010      0.1010

Step 9350564, time 18701.1 (ps)  LINCS WARNING
relative constraint deviation after LINCS:
rms 0.000001, max 0.000001 (between atoms 1 and 2)
bonds that rotated more than 30 degrees:
 atom 1 atom 2  angle  previous, current, constraint length
     17     18   34.5    0.1010   0.1010      0.1010

Step 9350565, time 18701.1 (ps)  LINCS WARNING
relative constraint deviation after LINCS:
rms 0.000000, max 0.000001 (between atoms 7 and 8)
bonds that rotated more than 30 degrees:
 atom 1 atom 2  angle  previous, current, constraint length
     17     18   31.1    0.1010   0.1010      0.1010

Step 9350570, time 18701.1 (ps)  LINCS WARNING
relative constraint deviation after LINCS:
rms 0.000001, max 0.000001 (between atoms 1 and 2)
bonds that rotated more than 30 degrees:
 atom 1 atom 2  angle  previous, current, constraint length
     17     18   31.8    0.1010   0.1010      0.1010

Step 9350571, time 18701.1 (ps)  LINCS WARNING
relative constraint deviation after LINCS:
rms 0.000000, max 0.000001 (between atoms 9 and 10)
bonds that rotated more than 30 degrees:
 atom 1 atom 2  angle  previous, current, constraint length
     17     18   30.9    0.1010   0.1010      0.1010

Step 9350575, time 18701.2 (ps)  LINCS WARNING
relative constraint deviation after LINCS:
rms 0.000000, max 0.000001 (between atoms 17 and 18)
bonds that rotated more than 30 degrees:
 atom 1 atom 2  angle  previous, current, constraint length
     17     18   33.6    0.1010   0.1010      0.1010

Step 9372501, time 18745 (ps)  LINCS WARNING
relative constraint deviation after LINCS:
rms 0.000000, max 0.000001 (between atoms 7 and 8)
bonds that rotated more than 30 degrees:
 atom 1 atom 2  angle  previous, current, constraint length
     17     18   30.7    0.1010   0.1010      0.1010

Step 9372502, time 18745 (ps)  LINCS WARNING
relative constraint deviation after LINCS:
rms 0.000000, max 0.000001 (between atoms 11 and 14)
bonds that rotated more than 30 degrees:
 atom 1 atom 2  angle  previous, current, constraint length
     17     18   30.5    0.1010   0.1010      0.1010

Step 9372506, time 18745 (ps)  LINCS WARNING
relative constraint deviation after LINCS:
rms 0.000000, max 0.000001 (between atoms 17 and 18)
bonds that rotated more than 30 degrees:
 atom 1 atom 2  angle  previous, current, constraint length
     17     18   30.9    0.1010   0.1010      0.1010

Step 9382000, time 18764 (ps)  LINCS WARNING
relative constraint deviation after LINCS:
rms 0.000000, max 0.000001 (between atoms 1 and 2)
bonds that rotated more than 30 degrees:
 atom 1 atom 2  angle  previous, current, constraint length
     17     18   31.1    0.1010   0.1010      0.1010

Step 9403040, time 18806.1 (ps)  LINCS WARNING
relative constraint deviation after LINCS:
rms 0.000001, max 0.000001 (between atoms 2 and 4)
bonds that rotated more than 30 degrees:
 atom 1 atom 2  angle  previous, current, constraint length
     17     18   30.1    0.1010   0.1010      0.1010

Step 9403964, time 18807.9 (ps)  LINCS WARNING
relative constraint deviation after LINCS:
rms 0.000000, max 0.000001 (between atoms 19 and 20)
bonds that rotated more than 30 degrees:
 atom 1 atom 2  angle  previous, current, constraint length
     17     18   30.8    0.1010   0.1010      0.1010

Step 9446573, time 18893.1 (ps)  LINCS WARNING
relative constraint deviation after LINCS:
rms 0.000000, max 0.000001 (between atoms 19 and 20)
bonds that rotated more than 30 degrees:
 atom 1 atom 2  angle  previous, current, constraint length
     17     18   31.8    0.1010   0.1010      0.1010

Step 9456806, time 18913.6 (ps)  LINCS WARNING
relative constraint deviation after LINCS:
rms 0.000000, max 0.000001 (between atoms 19 and 21)
bonds that rotated more than 30 degrees:
 atom 1 atom 2  angle  previous, current, constraint length
     17     18   31.6    0.1010   0.1010      0.1010

Step 9456986, time 18914 (ps)  LINCS WARNING
relative constraint deviation after LINCS:
rms 0.000000, max 0.000001 (between atoms 19 and 21)
bonds that rotated more than 30 degrees:
 atom 1 atom 2  angle  previous, current, constraint length
     17     18   32.5    0.1010   0.1010      0.1010

Step 9471066, time 18942.1 (ps)  LINCS WARNING
relative constraint deviation after LINCS:
rms 0.000001, max 0.000001 (between atoms 9 and 10)
bonds that rotated more than 30 degrees:
 atom 1 atom 2  angle  previous, current, constraint length
     17     18   30.5    0.1010   0.1010      0.1010

Step 9479086, time 18958.2 (ps)  LINCS WARNING
relative constraint deviation after LINCS:
rms 0.000001, max 0.000001 (between atoms 17 and 18)
bonds that rotated more than 30 degrees:
 atom 1 atom 2  angle  previous, current, constraint length
     17     18   33.8    0.1010   0.1010      0.1010

Step 9479090, time 18958.2 (ps)  LINCS WARNING
relative constraint deviation after LINCS:
rms 0.000000, max 0.000001 (between atoms 7 and 8)
bonds that rotated more than 30 degrees:
 atom 1 atom 2  angle  previous, current, constraint length
     17     18   34.2    0.1010   0.1010      0.1010

Step 9479091, time 18958.2 (ps)  LINCS WARNING
relative constraint deviation after LINCS:
rms 0.000001, max 0.000001 (between atoms 17 and 18)
bonds that rotated more than 30 degrees:
 atom 1 atom 2  angle  previous, current, constraint length
     17     18   36.4    0.1010   0.1010      0.1010

Step 9479097, time 18958.2 (ps)  LINCS WARNING
relative constraint deviation after LINCS:
rms 0.000001, max 0.000001 (between atoms 9 and 10)
bonds that rotated more than 30 degrees:
 atom 1 atom 2  angle  previous, current, constraint length
     17     18   31.6    0.1010   0.1010      0.1010

Step 9479104, time 18958.2 (ps)  LINCS WARNING
relative constraint deviation after LINCS:
rms 0.000001, max 0.000001 (between atoms 1 and 2)
bonds that rotated more than 30 degrees:
 atom 1 atom 2  angle  previous, current, constraint length
     17     18   32.0    0.1010   0.1010      0.1010

Step 9479109, time 18958.2 (ps)  LINCS WARNING
relative constraint deviation after LINCS:
rms 0.000000, max 0.000001 (between atoms 9 and 10)
bonds that rotated more than 30 degrees:
 atom 1 atom 2  angle  previous, current, constraint length
     17     18   31.3    0.1010   0.1010      0.1010

Writing final coordinates.

               Core t (s)   Wall t (s)        (%)
       Time:     6441.755      805.219      800.0
                 (ns/day)    (hour/ns)
Performance:      107.300        0.224

GROMACS reminds you: "If you want to save your child from polio, you can pray or you can inoculate... choose science." (Carl Sagan)

