[1.]
###--- PARAMETERS ---###
Barrier for OPES:  40
print points every  100  steps
each iteration lasts  1  ns
Iterations:  30
NN will be trained with all the cumulative data
min lag:  1 	 max lag:  5 	 number of lag times =  1
the data between batches will be shuffled
###--- Start Simulations ---###
Completed: cp script/input.* script/plumed_descriptors.data script/run_gromacs.sh unbias_A/
Completed: sed -i '0,/ns/s/ns.*/ns=1/' run_gromacs.sh
Completed: ./run_gromacs.sh
training samples:  3500 	 validation samples 1450
Epoch Train Loss  Valid Loss  Eigenvalues             
50    -0.806      -0.737      0.671  0.131  
100   -0.946      -0.785      0.712  0.232  
INFO: Early stopping
127   -1.002      -0.798      0.724  0.276  
ITERATION NUMBER  1
Completed: cp script/input.* script/plumed_descriptors.data script/positions.data script/run_gromacs.sh unbias_A/bias1/
Completed: sed -i '0,/ns/s/ns.*/ns=1/' run_gromacs.sh
Completed: ./run_gromacs.sh
Epoch Train Loss  Valid Loss  Eigenvalues             
50    -1.021      -0.923      0.794  0.194  
100   -1.148      -1.006      0.820  0.327  
INFO: Early stopping
131   -1.198      -1.039      0.819  0.357  
ITERATION NUMBER  2
Completed: cp script/input.* script/plumed_descriptors.data script/positions.data script/run_gromacs.sh unbias_A/bias1/bias2/
Completed: sed -i '0,/ns/s/ns.*/ns=1/' run_gromacs.sh
Completed: ./run_gromacs.sh
Epoch Train Loss  Valid Loss  Eigenvalues             
50    -0.978      -0.928      0.730  0.250  
100   -1.086      -1.015      0.758  0.338  
150   -1.154      -1.072      0.757  0.372  
200   -1.212      -1.116      0.765  0.457  
ITERATION NUMBER  3
Completed: cp script/input.* script/plumed_descriptors.data script/positions.data script/run_gromacs.sh unbias_A/bias1/bias2/bias3/
Completed: sed -i '0,/ns/s/ns.*/ns=1/' run_gromacs.sh
Completed: ./run_gromacs.sh
Epoch Train Loss  Valid Loss  Eigenvalues             
50    -1.328      -1.313      0.637  0.618  
100   -1.455      -1.417      0.789  0.666  
INFO: Early stopping
110   -1.464      -1.419      0.840  0.665  
ITERATION NUMBER  4
Completed: cp script/input.* script/plumed_descriptors.data script/positions.data script/run_gromacs.sh unbias_A/bias1/bias2/bias3/bias4/
Completed: sed -i '0,/ns/s/ns.*/ns=1/' run_gromacs.sh
Completed: ./run_gromacs.sh
Epoch Train Loss  Valid Loss  Eigenvalues             
50    -1.330      -1.313      0.702  0.636  
100   -1.478      -1.444      0.801  0.662  
INFO: Early stopping
143   -1.517      -1.473      0.844  0.688  
ITERATION NUMBER  5
Completed: cp script/input.* script/plumed_descriptors.data script/positions.data script/run_gromacs.sh unbias_A/bias1/bias2/bias3/bias4/bias5/
Completed: sed -i '0,/ns/s/ns.*/ns=1/' run_gromacs.sh
Completed: ./run_gromacs.sh
Epoch Train Loss  Valid Loss  Eigenvalues             
50    -1.326      -1.321      0.688  0.635  
100   -1.410      -1.394      0.710  0.661  
150   -1.456      -1.430      0.759  0.688  
INFO: Early stopping
156   -1.461      -1.432      0.787  0.708  
ITERATION NUMBER  6
Completed: cp script/input.* script/plumed_descriptors.data script/positions.data script/run_gromacs.sh unbias_A/bias1/bias2/bias3/bias4/bias5/bias6/
Completed: sed -i '0,/ns/s/ns.*/ns=1/' run_gromacs.sh
Completed: ./run_gromacs.sh
Epoch Train Loss  Valid Loss  Eigenvalues             
50    -1.306      -1.290      0.697  0.613  
100   -1.374      -1.342      0.733  0.638  
INFO: Early stopping
148   -1.412      -1.372      0.756  0.712  
ITERATION NUMBER  7
Completed: cp script/input.* script/plumed_descriptors.data script/positions.data script/run_gromacs.sh unbias_A/bias1/bias2/bias3/bias4/bias5/bias6/bias7/
Completed: sed -i '0,/ns/s/ns.*/ns=1/' run_gromacs.sh
Completed: ./run_gromacs.sh
Epoch Train Loss  Valid Loss  Eigenvalues             
50    -1.258      -1.246      0.662  0.588  
100   -1.315      -1.294      0.687  0.626  
INFO: Early stopping
113   -1.325      -1.301      0.736  0.606  
ITERATION NUMBER  8
Completed: cp script/input.* script/plumed_descriptors.data script/positions.data script/run_gromacs.sh unbias_A/bias1/bias2/bias3/bias4/bias5/bias6/bias7/bias8/
Completed: sed -i '0,/ns/s/ns.*/ns=1/' run_gromacs.sh
Completed: ./run_gromacs.sh
Epoch Train Loss  Valid Loss  Eigenvalues             
50    -1.243      -1.228      0.677  0.589  
100   -1.311      -1.281      0.703  0.633  
150   -1.358      -1.319      0.687  0.653  
INFO: Early stopping
177   -1.380      -1.334      0.698  0.659  
ITERATION NUMBER  9
Completed: cp script/input.* script/plumed_descriptors.data script/positions.data script/run_gromacs.sh unbias_A/bias1/bias2/bias3/bias4/bias5/bias6/bias7/bias8/bias9/
Completed: sed -i '0,/ns/s/ns.*/ns=1/' run_gromacs.sh
Completed: ./run_gromacs.sh
Epoch Train Loss  Valid Loss  Eigenvalues             
50    -1.204      -1.190      0.653  0.589  
100   -1.268      -1.242      0.653  0.603  
INFO: Early stopping
137   -1.297      -1.263      0.683  0.623  
ITERATION NUMBER  10
Completed: cp script/input.* script/plumed_descriptors.data script/positions.data script/run_gromacs.sh unbias_A/bias1/bias2/bias3/bias4/bias5/bias6/bias7/bias8/bias9/bias10/
Completed: sed -i '0,/ns/s/ns.*/ns=1/' run_gromacs.sh
Completed: ./run_gromacs.sh
Epoch Train Loss  Valid Loss  Eigenvalues             
50    -1.587      -1.562      0.969  0.663  
100   -1.663      -1.632      0.951  0.671  
INFO: Early stopping
109   -1.670      -1.632      1.019  0.680  
ITERATION NUMBER  11
Completed: cp script/input.* script/plumed_descriptors.data script/positions.data script/run_gromacs.sh unbias_A/bias1/bias2/bias3/bias4/bias5/bias6/bias7/bias8/bias9/bias10/bias11/
Completed: sed -i '0,/ns/s/ns.*/ns=1/' run_gromacs.sh
Completed: ./run_gromacs.sh
Epoch Train Loss  Valid Loss  Eigenvalues             
50    -1.597      -1.587      0.934  0.663  
INFO: Early stopping
100   -1.661      -1.645      1.011  0.649  
ITERATION NUMBER  12
Completed: cp script/input.* script/plumed_descriptors.data script/positions.data script/run_gromacs.sh unbias_A/bias1/bias2/bias3/bias4/bias5/bias6/bias7/bias8/bias9/bias10/bias11/bias12/
Completed: sed -i '0,/ns/s/ns.*/ns=1/' run_gromacs.sh
Completed: ./run_gromacs.sh
Epoch Train Loss  Valid Loss  Eigenvalues             
50    -1.596      -1.595      0.982  0.620  
INFO: Early stopping
100   -1.654      -1.648      0.962  0.663  
ITERATION NUMBER  13
Completed: cp script/input.* script/plumed_descriptors.data script/positions.data script/run_gromacs.sh unbias_A/bias1/bias2/bias3/bias4/bias5/bias6/bias7/bias8/bias9/bias10/bias11/bias12/bias13/
Completed: sed -i '0,/ns/s/ns.*/ns=1/' run_gromacs.sh
Completed: ./run_gromacs.sh
Epoch Train Loss  Valid Loss  Eigenvalues             
50    -1.530      -1.525      0.924  0.584  
100   -1.625      -1.620      0.959  0.665  
INFO: Early stopping
134   -1.654      -1.645      0.970  0.664  
ITERATION NUMBER  14
Completed: cp script/input.* script/plumed_descriptors.data script/positions.data script/run_gromacs.sh unbias_A/bias1/bias2/bias3/bias4/bias5/bias6/bias7/bias8/bias9/bias10/bias11/bias12/bias13/bias14/
Completed: sed -i '0,/ns/s/ns.*/ns=1/' run_gromacs.sh
Completed: ./run_gromacs.sh
Epoch Train Loss  Valid Loss  Eigenvalues             
50    -1.584      -1.581      0.940  0.653  
100   -1.642      -1.631      0.940  0.692  
INFO: Early stopping
101   -1.642      -1.632      0.973  0.685  
ITERATION NUMBER  15
Completed: cp script/input.* script/plumed_descriptors.data script/positions.data script/run_gromacs.sh unbias_A/bias1/bias2/bias3/bias4/bias5/bias6/bias7/bias8/bias9/bias10/bias11/bias12/bias13/bias14/bias15/
Completed: sed -i '0,/ns/s/ns.*/ns=1/' run_gromacs.sh
Completed: ./run_gromacs.sh
Epoch Train Loss  Valid Loss  Eigenvalues             
50    -1.593      -1.590      0.898  0.691  
INFO: Early stopping
90    -1.636      -1.628      0.970  0.666  
ITERATION NUMBER  16
Completed: cp script/input.* script/plumed_descriptors.data script/positions.data script/run_gromacs.sh unbias_A/bias1/bias2/bias3/bias4/bias5/bias6/bias7/bias8/bias9/bias10/bias11/bias12/bias13/bias14/bias15/bias16/
Completed: sed -i '0,/ns/s/ns.*/ns=1/' run_gromacs.sh
Completed: ./run_gromacs.sh
Epoch Train Loss  Valid Loss  Eigenvalues             
50    -1.565      -1.558      0.907  0.655  
INFO: Early stopping
96    -1.612      -1.600      0.984  0.660  
ITERATION NUMBER  17
Completed: cp script/input.* script/plumed_descriptors.data script/positions.data script/run_gromacs.sh unbias_A/bias1/bias2/bias3/bias4/bias5/bias6/bias7/bias8/bias9/bias10/bias11/bias12/bias13/bias14/bias15/bias16/bias17/
Completed: sed -i '0,/ns/s/ns.*/ns=1/' run_gromacs.sh
Completed: ./run_gromacs.sh
Epoch Train Loss  Valid Loss  Eigenvalues             
50    -1.552      -1.546      0.904  0.627  
INFO: Early stopping
91    -1.590      -1.579      0.926  0.663  
ITERATION NUMBER  18
Completed: cp script/input.* script/plumed_descriptors.data script/positions.data script/run_gromacs.sh unbias_A/bias1/bias2/bias3/bias4/bias5/bias6/bias7/bias8/bias9/bias10/bias11/bias12/bias13/bias14/bias15/bias16/bias17/bias18/
Completed: sed -i '0,/ns/s/ns.*/ns=1/' run_gromacs.sh
Completed: ./run_gromacs.sh
Epoch Train Loss  Valid Loss  Eigenvalues             
50    -1.547      -1.539      0.876  0.638  
INFO: Early stopping
89    -1.581      -1.565      0.873  0.675  
ITERATION NUMBER  19
Completed: cp script/input.* script/plumed_descriptors.data script/positions.data script/run_gromacs.sh unbias_A/bias1/bias2/bias3/bias4/bias5/bias6/bias7/bias8/bias9/bias10/bias11/bias12/bias13/bias14/bias15/bias16/bias17/bias18/bias19/
Completed: sed -i '0,/ns/s/ns.*/ns=1/' run_gromacs.sh
Completed: ./run_gromacs.sh
Epoch Train Loss  Valid Loss  Eigenvalues             
50    -1.537      -1.528      0.885  0.645  
INFO: Early stopping
86    -1.569      -1.558      0.917  0.650  
ITERATION NUMBER  20
Completed: cp script/input.* script/plumed_descriptors.data script/positions.data script/run_gromacs.sh unbias_A/bias1/bias2/bias3/bias4/bias5/bias6/bias7/bias8/bias9/bias10/bias11/bias12/bias13/bias14/bias15/bias16/bias17/bias18/bias19/bias20/
Completed: sed -i '0,/ns/s/ns.*/ns=1/' run_gromacs.sh
Completed: ./run_gromacs.sh
Epoch Train Loss  Valid Loss  Eigenvalues             
50    -1.525      -1.511      0.892  0.647  
INFO: Early stopping
93    -1.554      -1.538      0.882  0.633  
ITERATION NUMBER  21
Completed: cp script/input.* script/plumed_descriptors.data script/positions.data script/run_gromacs.sh unbias_A/bias1/bias2/bias3/bias4/bias5/bias6/bias7/bias8/bias9/bias10/bias11/bias12/bias13/bias14/bias15/bias16/bias17/bias18/bias19/bias20/bias21/
Completed: sed -i '0,/ns/s/ns.*/ns=1/' run_gromacs.sh
Completed: ./run_gromacs.sh
Epoch Train Loss  Valid Loss  Eigenvalues             
50    -1.514      -1.502      0.919  0.603  
INFO: Early stopping
89    -1.544      -1.527      0.890  0.669  
ITERATION NUMBER  22
Completed: cp script/input.* script/plumed_descriptors.data script/positions.data script/run_gromacs.sh unbias_A/bias1/bias2/bias3/bias4/bias5/bias6/bias7/bias8/bias9/bias10/bias11/bias12/bias13/bias14/bias15/bias16/bias17/bias18/bias19/bias20/bias21/bias22/
Completed: sed -i '0,/ns/s/ns.*/ns=1/' run_gromacs.sh
Completed: ./run_gromacs.sh
Epoch Train Loss  Valid Loss  Eigenvalues             
50    -1.511      -1.503      0.896  0.629  
INFO: Early stopping
76    -1.529      -1.518      0.877  0.659  
ITERATION NUMBER  23
Completed: cp script/input.* script/plumed_descriptors.data script/positions.data script/run_gromacs.sh unbias_A/bias1/bias2/bias3/bias4/bias5/bias6/bias7/bias8/bias9/bias10/bias11/bias12/bias13/bias14/bias15/bias16/bias17/bias18/bias19/bias20/bias21/bias22/bias23/
Completed: sed -i '0,/ns/s/ns.*/ns=1/' run_gromacs.sh
Completed: ./run_gromacs.sh
Epoch Train Loss  Valid Loss  Eigenvalues             
50    -1.502      -1.494      0.915  0.633  
INFO: Early stopping
89    -1.530      -1.519      0.915  0.642  
ITERATION NUMBER  24
Completed: cp script/input.* script/plumed_descriptors.data script/positions.data script/run_gromacs.sh unbias_A/bias1/bias2/bias3/bias4/bias5/bias6/bias7/bias8/bias9/bias10/bias11/bias12/bias13/bias14/bias15/bias16/bias17/bias18/bias19/bias20/bias21/bias22/bias23/bias24/
Completed: sed -i '0,/ns/s/ns.*/ns=1/' run_gromacs.sh
Completed: ./run_gromacs.sh
Epoch Train Loss  Valid Loss  Eigenvalues             
50    -1.509      -1.499      0.872  0.652  
INFO: Early stopping
81    -1.532      -1.519      0.902  0.659  
ITERATION NUMBER  25
Completed: cp script/input.* script/plumed_descriptors.data script/positions.data script/run_gromacs.sh unbias_A/bias1/bias2/bias3/bias4/bias5/bias6/bias7/bias8/bias9/bias10/bias11/bias12/bias13/bias14/bias15/bias16/bias17/bias18/bias19/bias20/bias21/bias22/bias23/bias24/bias25/
Completed: sed -i '0,/ns/s/ns.*/ns=1/' run_gromacs.sh
Completed: ./run_gromacs.sh
Epoch Train Loss  Valid Loss  Eigenvalues             
50    -1.505      -1.496      0.856  0.642  
INFO: Early stopping
67    -1.517      -1.506      0.905  0.644  
ITERATION NUMBER  26
Completed: cp script/input.* script/plumed_descriptors.data script/positions.data script/run_gromacs.sh unbias_A/bias1/bias2/bias3/bias4/bias5/bias6/bias7/bias8/bias9/bias10/bias11/bias12/bias13/bias14/bias15/bias16/bias17/bias18/bias19/bias20/bias21/bias22/bias23/bias24/bias25/bias26/
Completed: sed -i '0,/ns/s/ns.*/ns=1/' run_gromacs.sh
Completed: ./run_gromacs.sh
Epoch Train Loss  Valid Loss  Eigenvalues             
50    -1.505      -1.496      0.910  0.645  
INFO: Early stopping
81    -1.529      -1.516      0.891  0.646  
ITERATION NUMBER  27
Completed: cp script/input.* script/plumed_descriptors.data script/positions.data script/run_gromacs.sh unbias_A/bias1/bias2/bias3/bias4/bias5/bias6/bias7/bias8/bias9/bias10/bias11/bias12/bias13/bias14/bias15/bias16/bias17/bias18/bias19/bias20/bias21/bias22/bias23/bias24/bias25/bias26/bias27/
Completed: sed -i '0,/ns/s/ns.*/ns=1/' run_gromacs.sh
Completed: ./run_gromacs.sh
Epoch Train Loss  Valid Loss  Eigenvalues             
50    -1.504      -1.496      0.860  0.630  
INFO: Early stopping
74    -1.520      -1.509      0.851  0.647  
ITERATION NUMBER  28
Completed: cp script/input.* script/plumed_descriptors.data script/positions.data script/run_gromacs.sh unbias_A/bias1/bias2/bias3/bias4/bias5/bias6/bias7/bias8/bias9/bias10/bias11/bias12/bias13/bias14/bias15/bias16/bias17/bias18/bias19/bias20/bias21/bias22/bias23/bias24/bias25/bias26/bias27/bias28/
Completed: sed -i '0,/ns/s/ns.*/ns=1/' run_gromacs.sh
Completed: ./run_gromacs.sh
Epoch Train Loss  Valid Loss  Eigenvalues             
50    -1.503      -1.494      0.874  0.601  
INFO: Early stopping
68    -1.514      -1.502      0.890  0.601  
ITERATION NUMBER  29
Completed: cp script/input.* script/plumed_descriptors.data script/positions.data script/run_gromacs.sh unbias_A/bias1/bias2/bias3/bias4/bias5/bias6/bias7/bias8/bias9/bias10/bias11/bias12/bias13/bias14/bias15/bias16/bias17/bias18/bias19/bias20/bias21/bias22/bias23/bias24/bias25/bias26/bias27/bias28/bias29/
Completed: sed -i '0,/ns/s/ns.*/ns=1/' run_gromacs.sh
Completed: ./run_gromacs.sh
Epoch Train Loss  Valid Loss  Eigenvalues             
50    -1.500      -1.488      0.849  0.626  
INFO: Early stopping
78    -1.517      -1.503      0.876  0.614  
###--- End Simulations ---###
total time of simulations:  30  ns
Run for:  10700.942128896713  s
