0 0.000000 -0.479530 1.476140 0.000000 0.138640 0.092427 0.000000 0.000000 
0 0.000000 -0.479281 1.475580 0.000000 0.147796 0.123854 0.000000 -0.037986 
1000 5.000000 -0.565887 1.412717 0.000000 1.091286 1.451591 0.000000 -1.086102 
2000 10.000000 -0.555022 1.533980 0.000000 -0.255752 0.416750 0.000000 -0.880877 
3000 15.000000 -0.606723 1.421719 0.000000 0.470997 0.358241 0.000000 -0.066365 
4000 20.000000 -0.578287 1.397052 0.000000 1.740319 2.845270 0.000000 -2.527586 
5000 25.000000 -0.475335 1.439620 0.000000 -0.268005 0.199550 0.000000 -0.567330 
6000 30.000000 -0.975624 1.093821 0.000000 6.357365 1.768593 0.000000 3.704476 
7000 35.000000 -0.994022 0.916832 0.000000 12.477124 0.347247 0.000000 11.956253 
8000 40.000000 -0.636288 1.168419 0.000000 23.061536 1.152067 0.000000 21.333436 
9000 45.000000 -0.517119 1.482451 0.000000 26.778282 0.263646 0.000000 26.382813 
10000 50.000000 -0.623302 1.335186 0.000000 28.187569 1.196019 0.000000 26.393541 
11000 55.000000 -0.737752 1.259668 0.000000 29.446185 1.477537 0.000000 27.229881 
12000 60.000000 -0.914141 1.012919 0.000000 32.060337 0.897694 0.000000 30.713796 
13000 65.000000 -0.907770 1.005883 0.000000 32.761430 0.652406 0.000000 31.782821 
14000 70.000000 -0.854370 1.242963 0.000000 35.671483 0.835520 0.000000 34.418203 
15000 75.000000 -0.485073 1.664328 0.000000 35.829497 0.143402 0.000000 35.614395 
16000 80.000000 -0.574763 1.388770 0.000000 39.047706 1.076549 0.000000 37.432882 
17000 85.000000 -0.576503 1.485359 0.000000 38.753224 0.010431 0.000000 38.737578 
18000 90.000000 -0.987059 0.835438 0.000000 39.533640 1.684374 0.000000 37.007079 
19000 95.000000 -0.881147 1.122953 0.000000 42.265925 0.319110 0.000000 41.787259 
20000 100.000000 -1.073700 0.953681 0.000000 42.381520 1.800227 0.000000 39.681179 
21000 105.000000 -1.031377 0.958278 0.000000 44.034168 0.953955 0.000000 42.603235 
22000 110.000000 -0.885039 1.039699 0.000000 46.325100 0.940680 0.000000 44.914080 
23000 115.000000 -0.913970 1.079794 0.000000 47.845889 1.426490 0.000000 45.706154 
24000 120.000000 -0.955855 0.897261 0.000000 46.913917 0.095200 0.000000 46.771118 
25000 125.000000 -0.441901 1.584680 0.000000 47.237967 0.118954 0.000000 47.059536 
26000 130.000000 -0.866257 1.201415 0.000000 46.160154 0.128729 0.000000 45.967060 
27000 135.000000 -0.774093 1.207040 0.000000 47.897646 0.400494 0.000000 47.296905 
28000 140.000000 -0.828939 1.053054 0.000000 49.057843 1.326386 0.000000 47.068263 
29000 145.000000 -0.644714 1.363248 0.000000 48.732110 0.870569 0.000000 47.426257 
30000 150.000000 -0.850204 0.940953 0.000000 48.901419 0.358343 0.000000 48.363904 
31000 155.000000 -0.846889 0.909830 0.000000 48.989990 0.675071 0.000000 47.977383 
32000 160.000000 -0.965663 0.788160 0.000000 48.438672 0.101472 0.000000 48.286464 
33000 165.000000 -0.861085 1.235655 0.000000 50.764439 0.541412 0.000000 49.952322 
34000 170.000000 -0.452540 1.237247 0.000000 48.841305 0.393188 0.000000 48.251523 
35000 175.000000 -1.058511 0.844926 0.000000 51.367752 0.630871 0.000000 50.421446 
36000 180.000000 -0.802666 1.100347 0.000000 54.535651 0.116523 0.000000 54.360866 
37000 185.000000 -1.005662 0.965882 0.000000 53.991897 0.459212 0.000000 53.303078 
38000 190.000000 -0.917530 1.117894 0.000000 56.297884 0.913225 0.000000 54.928047 
39000 195.000000 -1.021714 1.039449 0.000000 57.170821 1.600904 0.000000 54.769464 
40000 200.000000 -0.640704 1.157065 0.000000 56.624588 0.528953 0.000000 55.831159 
41000 205.000000 -0.865530 1.278922 0.000000 58.379545 1.543954 0.000000 56.063615 
42000 210.000000 -0.817216 1.244273 0.000000 59.904249 0.383033 0.000000 59.329700 
43000 215.000000 -0.662531 1.307792 0.000000 59.686856 0.720404 0.000000 58.606251 
44000 220.000000 -0.391447 1.537564 0.000000 59.594853 0.206382 0.000000 59.285279 
45000 225.000000 -0.732696 1.492025 0.000000 57.780895 2.026418 0.000000 54.741269 
46000 230.000000 -0.979938 1.082072 0.000000 61.792687 2.221364 0.000000 58.460640 
47000 235.000000 -0.928157 1.291194 0.000000 58.698495 0.404443 0.000000 58.091830 
48000 240.000000 -0.921884 0.939023 0.000000 61.802707 0.974801 0.000000 60.340505 
49000 245.000000 -0.575566 1.558087 0.000000 61.302872 1.214433 0.000000 59.481223 
50000 250.000000 -1.021093 0.937716 0.000000 62.241321 0.687799 0.000000 61.209623 
51000 255.000000 -0.570597 1.369704 0.000000 63.826229 2.503496 0.000000 60.070986 
52000 260.000000 -0.783808 1.080666 0.000000 64.477643 0.605017 0.000000 63.570117 
53000 265.000000 -0.702493 0.983622 0.000000 63.504947 1.270720 0.000000 61.598867 
54000 270.000000 -0.814760 1.032844 0.000000 66.483403 3.272576 0.000000 61.574539 
55000 275.000000 -0.961775 1.091060 0.000000 66.929996 2.882768 0.000000 62.605844 
56000 280.000000 -1.004444 1.114197 0.000000 65.810967 0.055666 0.000000 65.727469 
57000 285.000000 -0.840456 1.347254 0.000000 65.640981 1.965645 0.000000 62.692513 
58000 290.000000 -0.674412 1.256022 0.000000 66.159782 1.757760 0.000000 63.523143 
59000 295.000000 -0.879435 1.120855 0.000000 68.219194 1.797472 0.000000 65.522986 
60000 300.000000 -1.011485 0.973472 0.000000 67.286677 1.888783 0.000000 64.453502 
61000 305.000000 -0.717920 1.101386 0.000000 67.995175 0.025361 0.000000 67.957134 
62000 310.000000 -0.759031 1.082903 0.000000 68.549698 0.742460 0.000000 67.436008 
63000 315.000000 -1.003948 1.061491 0.000000 67.640009 0.226329 0.000000 67.300516 
64000 320.000000 -0.608221 1.387640 0.000000 69.176254 1.819586 0.000000 66.446875 
65000 325.000000 -0.477179 1.537718 0.000000 68.784159 1.472953 0.000000 66.574729 
66000 330.000000 -0.696042 1.312791 0.000000 68.377248 0.111136 0.000000 68.210544 
67000 335.000000 -1.078663 0.727875 0.000000 66.844845 0.937012 0.000000 65.439327 
68000 340.000000 -0.986775 1.131702 0.000000 68.967289 0.810137 0.000000 67.752083 
69000 345.000000 -0.703067 1.051946 0.000000 70.598843 2.684059 0.000000 66.572754 
70000 350.000000 -0.668116 1.403782 0.000000 69.331557 0.468475 0.000000 68.628844 
71000 355.000000 -0.805048 1.311217 0.000000 70.223163 1.345994 0.000000 68.204173 
72000 360.000000 -0.769182 1.227700 0.000000 71.398247 1.594177 0.000000 69.006981 
73000 365.000000 -0.522177 1.453064 0.000000 70.495468 1.041775 0.000000 68.932805 
74000 370.000000 -0.979435 1.008580 0.000000 71.723686 1.836119 0.000000 68.969507 
75000 375.000000 -0.838461 1.086874 0.000000 72.386762 0.212521 0.000000 72.067981 
76000 380.000000 -0.940286 1.118264 0.000000 71.980467 1.092074 0.000000 70.342356 
77000 385.000000 -0.669385 0.928287 0.000000 68.994657 0.994881 0.000000 67.502335 
78000 390.000000 -0.730010 1.255479 0.000000 71.285986 0.037687 0.000000 71.229456 
79000 395.000000 -0.841318 1.293830 0.000000 71.024841 1.093535 0.000000 69.384538 
80000 400.000000 -0.835909 1.208444 0.000000 72.253153 1.102856 0.000000 70.598870 
81000 405.000000 -0.826743 1.117638 0.000000 73.589822 1.296381 0.000000 71.645251 
82000 410.000000 -0.523364 1.423353 0.000000 73.496235 1.445556 0.000000 71.327900 
83000 415.000000 -0.869186 1.207758 0.000000 73.872419 1.060162 0.000000 72.282175 
84000 420.000000 -1.002547 1.083892 0.000000 73.260372 0.201844 0.000000 72.957607 
85000 425.000000 -0.613122 1.376236 0.000000 74.179992 0.564799 0.000000 73.332794 
86000 430.000000 -0.765485 1.216110 0.000000 75.347234 1.105641 0.000000 73.688773 
87000 435.000000 -0.635595 1.137321 0.000000 74.203802 0.181737 0.000000 73.931197 
88000 440.000000 -0.522832 1.440659 0.000000 74.518686 0.450985 0.000000 73.842209 
89000 445.000000 -0.543201 1.311254 0.000000 73.892647 0.705865 0.000000 72.833849 
90000 450.000000 -0.713370 1.279769 0.000000 75.971069 0.416063 0.000000 75.346974 
91000 455.000000 -0.507102 1.411585 0.000000 77.749939 1.095879 0.000000 76.106120 
92000 460.000000 -0.680537 1.146204 0.000000 78.307539 0.708448 0.000000 77.244868 
93000 465.000000 -0.533343 1.687617 0.000000 74.618004 0.529970 0.000000 73.823049 
94000 470.000000 -0.317931 1.797334 0.000000 74.127059 0.672523 0.000000 73.118274 
95000 475.000000 -0.729258 1.387308 0.000000 76.709599 0.689673 0.000000 75.675090 
96000 480.000000 -0.831293 1.145002 0.000000 80.651944 0.132633 0.000000 80.452994 
97000 485.000000 -0.427699 1.589526 0.000000 79.482278 2.186095 0.000000 76.203135 
98000 490.000000 -0.903039 1.173749 0.000000 81.067193 2.611255 0.000000 77.150311 
99000 495.000000 -0.579306 1.180214 0.000000 76.630601 0.511596 0.000000 75.863207 
100000 500.000000 0.008203 0.262345 0.000000 78.002693 0.740426 0.000000 76.892055 
101000 505.000000 0.602282 0.078593 0.000000 84.580378 5.221511 0.000000 76.748112 
102000 510.000000 0.610248 0.147435 0.000000 80.998558 0.063629 0.000000 80.903115 
103000 515.000000 0.708407 0.017856 0.000000 82.957883 0.272979 0.000000 82.548415 
104000 520.000000 0.211679 0.016235 0.000000 81.857456 3.276377 0.000000 76.942891 
105000 525.000000 0.452393 0.163937 0.000000 82.157676 0.790307 0.000000 80.972216 
106000 530.000000 0.186958 0.192611 0.000000 81.222442 1.165082 0.000000 79.474818 
107000 535.000000 0.468756 0.048388 0.000000 86.298983 5.192135 0.000000 78.510780 
108000 540.000000 0.693506 0.013586 0.000000 84.935829 0.973797 0.000000 83.475133 
109000 545.000000 0.544492 0.075640 0.000000 84.478279 0.072653 0.000000 84.369300 
110000 550.000000 0.566612 0.041986 0.000000 85.266697 0.322000 0.000000 84.783696 
111000 555.000000 0.627216 0.034713 0.000000 85.555124 0.240922 0.000000 85.193741 
112000 560.000000 0.733857 0.190018 0.000000 82.830996 1.204554 0.000000 81.024166 
113000 565.000000 0.539455 -0.043009 0.000000 86.298647 2.150282 0.000000 83.073225 
114000 570.000000 0.766569 0.056190 0.000000 85.768657 0.145476 0.000000 85.550443 
115000 575.000000 0.220422 0.234773 0.000000 84.130672 0.606077 0.000000 83.221556 
116000 580.000000 0.789715 -0.025678 0.000000 86.270996 0.100452 0.000000 86.120318 
117000 585.000000 0.770194 0.080797 0.000000 86.459675 0.036615 0.000000 86.404753 
118000 590.000000 0.707912 0.001319 0.000000 87.506488 0.227610 0.000000 87.165073 
119000 595.000000 0.306152 0.177306 0.000000 86.338270 0.326653 0.000000 85.848290 
120000 600.000000 0.384567 0.122974 0.000000 87.813035 1.218943 0.000000 85.984620 
121000 605.000000 0.783200 -0.026615 0.000000 88.113760 0.533330 0.000000 87.313766 
122000 610.000000 -0.147370 0.327276 0.000000 86.002520 0.281431 0.000000 85.580374 
123000 615.000000 0.170537 0.351538 0.000000 87.300156 0.718005 0.000000 86.223148 
124000 620.000000 0.875176 -0.047421 0.000000 87.849933 0.405600 0.000000 87.241533 
125000 625.000000 0.156066 0.418227 0.000000 88.605249 1.464570 0.000000 86.408394 
126000 630.000000 0.350937 0.216574 0.000000 90.000235 3.324975 0.000000 85.012772 
127000 635.000000 0.724044 0.155349 0.000000 89.181240 0.717721 0.000000 88.104659 
128000 640.000000 0.571151 0.113410 0.000000 90.565126 0.541602 0.000000 89.752723 
129000 645.000000 0.615983 -0.011494 0.000000 91.213836 0.352182 0.000000 90.685563 
130000 650.000000 0.001270 0.392400 0.000000 89.854041 0.306620 0.000000 89.394111 
131000 655.000000 0.153303 0.392401 0.000000 89.773831 0.133335 0.000000 89.573829 
132000 660.000000 0.313762 0.012937 0.000000 91.365589 0.678883 0.000000 90.347264 
133000 665.000000 0.539335 0.066327 0.000000 92.925944 1.178595 0.000000 91.158051 
134000 670.000000 0.151341 0.491477 0.000000 90.666702 0.183376 0.000000 90.391639 
135000 675.000000 0.920742 0.032695 0.000000 91.403773 0.305469 0.000000 90.945569 
136000 680.000000 0.497808 -0.002510 0.000000 93.776688 1.196048 0.000000 91.982616 
137000 685.000000 0.175082 0.168902 0.000000 92.684509 2.360149 0.000000 89.144286 
138000 690.000000 0.202885 0.121532 0.000000 92.384390 0.298189 0.000000 91.937107 
139000 695.000000 0.021944 0.563231 0.000000 92.059865 0.163899 0.000000 91.814017 
140000 700.000000 0.487417 0.014192 0.000000 95.027935 0.858235 0.000000 93.740582 
141000 705.000000 0.124880 0.213957 0.000000 92.883398 0.402955 0.000000 92.278965 
142000 710.000000 0.624698 -0.203550 0.000000 90.147983 0.669808 0.000000 89.143272 
143000 715.000000 0.063497 0.543125 0.000000 94.096064 0.843863 0.000000 92.830270 
144000 720.000000 0.571270 0.186690 0.000000 95.233215 0.032600 0.000000 95.184315 
145000 725.000000 0.696726 0.061254 0.000000 99.510233 5.695943 0.000000 90.966318 
146000 730.000000 -0.161304 0.559186 0.000000 95.226293 0.617502 0.000000 94.300040 
147000 735.000000 0.521072 -0.065699 0.000000 96.082932 0.276085 0.000000 95.668804 
148000 740.000000 0.338139 -0.025540 0.000000 96.129690 0.091123 0.000000 95.993007 
149000 745.000000 0.629029 0.033210 0.000000 97.985282 0.143069 0.000000 97.770678 
150000 750.000000 -0.396894 0.468176 0.000000 96.064974 0.427206 0.000000 95.424164 
151000 755.000000 -0.098801 0.538186 0.000000 96.960970 0.140660 0.000000 96.749980 
152000 760.000000 0.714305 0.006720 0.000000 98.991083 0.493724 0.000000 98.250497 
153000 765.000000 0.514615 0.037869 0.000000 99.041067 0.394496 0.000000 98.449322 
154000 770.000000 0.206417 -0.014210 0.000000 97.687912 1.430730 0.000000 95.541817 
155000 775.000000 0.425283 0.181450 0.000000 99.226904 0.520858 0.000000 98.445616 
156000 780.000000 -0.554167 0.648461 0.000000 96.780868 1.937737 0.000000 93.874262 
157000 785.000000 0.662806 0.088864 0.000000 100.385022 0.339213 0.000000 99.876203 
158000 790.000000 0.019620 0.462489 0.000000 99.569354 0.580597 0.000000 98.698459 
159000 795.000000 0.623765 0.073501 0.000000 101.568522 1.397304 0.000000 99.472567 
160000 800.000000 0.484924 0.126620 0.000000 101.905003 1.896367 0.000000 99.060454 
161000 805.000000 0.587451 0.015606 0.000000 102.634736 2.090292 0.000000 99.499299 
162000 810.000000 0.603751 0.036613 0.000000 101.736985 0.196261 0.000000 101.442593 
163000 815.000000 0.562727 0.060788 0.000000 102.400061 1.768881 0.000000 99.746739 
164000 820.000000 0.306111 0.077457 0.000000 101.880649 0.771196 0.000000 100.723855 
165000 825.000000 0.205342 0.353340 0.000000 101.384563 0.849311 0.000000 100.110597 
166000 830.000000 0.579024 0.113491 0.000000 102.312114 0.257569 0.000000 101.925760 
167000 835.000000 0.550486 0.055862 0.000000 102.844816 0.468658 0.000000 102.141830 
168000 840.000000 0.654193 0.008838 0.000000 103.327092 0.309318 0.000000 102.863115 
169000 845.000000 0.184869 0.376028 0.000000 102.431142 1.037449 0.000000 100.874968 
170000 850.000000 0.769273 -0.114064 0.000000 102.214338 0.229377 0.000000 101.870272 
171000 855.000000 -0.420633 0.506426 0.000000 102.464990 0.379235 0.000000 101.896137 
172000 860.000000 -0.003311 0.198694 0.000000 102.046907 0.264505 0.000000 101.650150 
173000 865.000000 0.643486 -0.039681 0.000000 104.973982 1.244230 0.000000 103.107637 
174000 870.000000 0.778148 0.008541 0.000000 105.040234 0.444928 0.000000 104.372843 
175000 875.000000 0.250707 0.130945 0.000000 105.095329 1.452927 0.000000 102.915939 
176000 880.000000 0.632778 -0.113988 0.000000 105.206903 2.229005 0.000000 101.863396 
177000 885.000000 0.610213 0.016190 0.000000 106.738844 2.029335 0.000000 103.694842 
178000 890.000000 0.194155 0.083825 0.000000 106.973552 4.083505 0.000000 100.848295 
179000 895.000000 0.147602 0.391965 0.000000 105.347740 0.248994 0.000000 104.974249 
180000 900.000000 0.782535 -0.020948 0.000000 106.425200 0.478279 0.000000 105.707781 
181000 905.000000 -0.101276 0.455925 0.000000 106.244233 0.513007 0.000000 105.474724 
182000 910.000000 0.634499 -0.014913 0.000000 107.235666 0.492202 0.000000 106.497363 
183000 915.000000 0.550673 -0.065552 0.000000 106.534874 0.200326 0.000000 106.234385 
184000 920.000000 0.670066 0.154603 0.000000 107.165970 0.237452 0.000000 106.809791 
185000 925.000000 0.749546 -0.137271 0.000000 105.786120 0.267832 0.000000 105.384372 
186000 930.000000 0.134114 0.287602 0.000000 106.993701 0.092188 0.000000 106.855419 
187000 935.000000 -0.184267 0.531334 0.000000 108.521102 1.732560 0.000000 105.922262 
188000 940.000000 0.112678 0.502279 0.000000 110.085879 4.393921 0.000000 103.494997 
189000 945.000000 0.046264 0.465012 0.000000 108.396422 0.083553 0.000000 108.271092 
190000 950.000000 0.475774 0.127056 0.000000 110.036687 0.902455 0.000000 108.683005 
191000 955.000000 0.271611 0.119101 0.000000 109.447102 0.421713 0.000000 108.814532 
192000 960.000000 0.773212 -0.046812 0.000000 109.653261 0.111629 0.000000 109.485818 
193000 965.000000 0.643567 0.012138 0.000000 110.550987 0.457367 0.000000 109.864937 
194000 970.000000 0.796549 0.084784 0.000000 110.985962 0.986334 0.000000 109.506460 
195000 975.000000 0.268538 0.089729 0.000000 111.093040 1.686237 0.000000 108.563684 
196000 980.000000 -0.231920 0.564194 0.000000 110.736284 1.441592 0.000000 108.573896 
197000 985.000000 -0.013486 0.472647 0.000000 111.077330 0.910171 0.000000 109.712074 
198000 990.000000 -0.397445 0.554812 0.000000 110.646392 0.122933 0.000000 110.461993 
199000 995.000000 0.963666 -0.024363 0.000000 110.695916 0.414565 0.000000 110.074068 
200000 1000.000000 0.395452 0.061301 0.000000 113.291665 1.315572 0.000000 111.318306 
201000 1005.000000 0.195953 0.500484 0.000000 111.630684 0.016657 0.000000 111.605699 
202000 1010.000000 -0.221576 0.484905 0.000000 113.027292 1.490335 0.000000 110.791789 
203000 1015.000000 -0.867058 0.964216 0.000000 112.893978 0.239890 0.000000 112.534143 
204000 1020.000000 -0.049416 0.603003 0.000000 110.370107 0.250704 0.000000 109.994051 
205000 1025.000000 0.753131 0.127585 0.000000 112.892828 0.271399 0.000000 112.485730 
206000 1030.000000 0.421684 -0.037810 0.000000 112.670462 0.273846 0.000000 112.259692 
207000 1035.000000 0.637793 -0.140115 0.000000 111.458240 0.340746 0.000000 110.947121 
208000 1040.000000 0.156921 0.479531 0.000000 112.994521 0.571921 0.000000 112.136640 
209000 1045.000000 0.282497 0.158548 0.000000 113.613042 0.805832 0.000000 112.404295 
210000 1050.000000 0.285643 0.063994 0.000000 113.771107 0.419150 0.000000 113.142382 
211000 1055.000000 0.758829 0.068890 0.000000 115.502588 1.868192 0.000000 112.700300 
212000 1060.000000 0.556034 0.074479 0.000000 115.035310 0.573176 0.000000 114.175547 
213000 1065.000000 0.767850 0.031917 0.000000 115.244205 0.776404 0.000000 114.079600 
214000 1070.000000 0.639174 -0.095543 0.000000 115.035100 2.013087 0.000000 112.015470 
215000 1075.000000 0.703681 0.043641 0.000000 115.817532 0.782116 0.000000 114.644358 
216000 1080.000000 0.808787 -0.076316 0.000000 114.558871 0.290123 0.000000 114.123687 
217000 1085.000000 0.418793 0.077066 0.000000 117.700787 4.347916 0.000000 111.178913 
218000 1090.000000 0.451481 0.464213 0.000000 113.651546 0.477145 0.000000 112.935828 
219000 1095.000000 0.300347 0.087038 0.000000 116.722993 2.788230 0.000000 112.540648 
220000 1100.000000 0.270402 0.036017 0.000000 115.143685 0.064922 0.000000 115.046302 
221000 1105.000000 0.014203 0.344715 0.000000 115.885519 0.145654 0.000000 115.667038 
222000 1110.000000 0.246690 0.436073 0.000000 116.472604 1.128362 0.000000 114.780061 
223000 1115.000000 0.195931 0.184480 0.000000 116.417670 0.041532 0.000000 116.355372 
224000 1120.000000 -0.109534 0.444622 0.000000 116.427186 0.107781 0.000000 116.265514 
225000 1125.000000 -0.382513 1.792689 0.000000 114.716480 1.483104 0.000000 112.491824 
226000 1130.000000 -1.208245 0.954788 0.000000 115.894202 0.889516 0.000000 114.559928 
227000 1135.000000 -0.622827 1.114295 0.000000 118.074350 2.466951 0.000000 114.373924 
228000 1140.000000 -0.873605 1.105889 0.000000 120.333388 2.568003 0.000000 116.481384 
229000 1145.000000 -0.755440 1.304367 0.000000 118.621508 0.353457 0.000000 118.091322 
230000 1150.000000 -1.064326 0.686306 0.000000 117.057086 0.525188 0.000000 116.269303 
231000 1155.000000 -1.066079 0.984882 0.000000 118.329768 0.274270 0.000000 117.918362 
232000 1160.000000 -0.974087 1.084503 0.000000 119.359977 0.877855 0.000000 118.043194 
233000 1165.000000 -0.888041 1.111737 0.000000 119.877407 0.073612 0.000000 119.766989 
234000 1170.000000 -0.702877 1.375836 0.000000 120.164965 1.695066 0.000000 117.622365 
235000 1175.000000 -0.713904 1.313984 0.000000 119.900353 1.135526 0.000000 118.197063 
236000 1180.000000 -0.723508 1.117562 0.000000 121.370620 2.972293 0.000000 116.912181 
237000 1185.000000 -0.738827 0.933473 0.000000 119.395998 0.424160 0.000000 118.759758 
238000 1190.000000 -0.677375 1.420510 0.000000 119.639206 0.111214 0.000000 119.472386 
239000 1195.000000 -0.821349 1.344047 0.000000 119.594014 0.840030 0.000000 118.333968 
240000 1200.000000 -0.665281 1.035651 0.000000 119.905804 0.905132 0.000000 118.548107 
241000 1205.000000 -0.835387 1.068327 0.000000 121.627204 1.686228 0.000000 119.097862 
242000 1210.000000 -0.920623 1.129092 0.000000 121.096165 0.736838 0.000000 119.990908 
243000 1215.000000 -0.891696 0.542734 0.000000 118.689217 1.185005 0.000000 116.911709 
244000 1220.000000 -1.001361 1.131139 0.000000 121.095924 1.236781 0.000000 119.240753 
245000 1225.000000 -0.963907 1.040606 0.000000 122.180111 2.585775 0.000000 118.301449 
246000 1230.000000 -0.390849 1.704698 0.000000 119.522865 0.491536 0.000000 118.785562 
247000 1235.000000 -0.758342 1.242174 0.000000 121.738336 1.249960 0.000000 119.863395 
248000 1240.000000 -0.737907 1.053361 0.000000 121.275932 0.364555 0.000000 120.729100 
249000 1245.000000 -0.759823 0.964155 0.000000 121.202816 0.221078 0.000000 120.871200 
250000 1250.000000 -0.860407 1.111651 0.000000 123.216358 1.394770 0.000000 121.124203 
251000 1255.000000 -0.745924 1.212795 0.000000 121.498599 0.451382 0.000000 120.821526 
252000 1260.000000 -0.768653 1.290093 0.000000 121.673336 0.444420 0.000000 121.006706 
253000 1265.000000 -0.505819 0.532420 0.000000 121.624015 0.857621 0.000000 120.337583 
254000 1270.000000 0.393123 0.048113 0.000000 123.013970 0.742144 0.000000 121.900754 
255000 1275.000000 0.959223 0.075047 0.000000 122.071786 1.483477 0.000000 119.846570 
256000 1280.000000 0.576807 -0.039005 0.000000 123.537299 0.962717 0.000000 122.093224 
257000 1285.000000 0.305712 0.275293 0.000000 124.672357 3.565040 0.000000 119.324797 
258000 1290.000000 0.069617 0.530057 0.000000 122.547566 0.164918 0.000000 122.300189 
259000 1295.000000 0.271150 0.210475 0.000000 123.989075 1.691265 0.000000 121.452178 
260000 1300.000000 -0.578077 0.467946 0.000000 121.913937 0.306878 0.000000 121.453620 
261000 1305.000000 -0.444220 0.395156 0.000000 122.578492 1.097287 0.000000 120.932560 
262000 1310.000000 0.841770 -0.008739 0.000000 124.440108 1.400999 0.000000 122.338609 
263000 1315.000000 0.125929 0.151936 0.000000 123.373969 0.417446 0.000000 122.747801 
264000 1320.000000 0.615779 0.172721 0.000000 126.621668 4.929964 0.000000 119.226722 
265000 1325.000000 0.227791 -0.007539 0.000000 122.849304 0.105331 0.000000 122.691308 
266000 1330.000000 -0.274470 0.567968 0.000000 124.288648 1.118556 0.000000 122.610813 
267000 1335.000000 0.504407 0.134291 0.000000 125.446956 0.725717 0.000000 124.358380 
268000 1340.000000 0.425975 0.145511 0.000000 126.179334 2.342748 0.000000 122.665212 
269000 1345.000000 0.274430 0.054254 0.000000 124.670724 0.873894 0.000000 123.359883 
270000 1350.000000 0.695694 0.150631 0.000000 126.661643 3.031960 0.000000 122.113703 
271000 1355.000000 0.201812 0.111067 0.000000 125.226100 1.325985 0.000000 123.237122 
272000 1360.000000 0.494317 -0.076406 0.000000 125.160481 0.769189 0.000000 124.006698 
273000 1365.000000 -0.029269 0.316822 0.000000 124.918233 0.442225 0.000000 124.254896 
274000 1370.000000 -0.262844 0.491765 0.000000 125.688069 1.002312 0.000000 124.184600 
275000 1375.000000 -0.158201 0.373108 0.000000 124.901601 0.310903 0.000000 124.435246 
276000 1380.000000 0.133950 0.551624 0.000000 125.890721 2.037298 0.000000 122.834774 
277000 1385.000000 0.863684 -0.035265 0.000000 126.129834 0.837838 0.000000 124.873077 
278000 1390.000000 0.292991 0.492197 0.000000 125.947516 0.584394 0.000000 125.070925 
279000 1395.000000 -0.288277 0.451079 0.000000 126.222024 1.259319 0.000000 124.333045 
280000 1400.000000 0.537723 0.073231 0.000000 128.077128 1.758658 0.000000 125.439141 
281000 1405.000000 0.359119 0.164976 0.000000 126.891773 0.560278 0.000000 126.051356 
282000 1410.000000 0.893805 0.107069 0.000000 127.702017 3.510015 0.000000 122.436995 
283000 1415.000000 0.454837 0.275062 0.000000 126.835787 0.318453 0.000000 126.358108 
284000 1420.000000 -0.010430 0.262847 0.000000 126.736776 1.130938 0.000000 125.040369 
285000 1425.000000 0.024659 0.200850 0.000000 126.985787 1.332816 0.000000 124.986563 
286000 1430.000000 0.042841 0.484847 0.000000 127.120902 0.007334 0.000000 127.109901 
287000 1435.000000 0.393433 0.090238 0.000000 127.856210 0.118281 0.000000 127.678790 
288000 1440.000000 0.307712 0.267534 0.000000 127.928609 0.444752 0.000000 127.261481 
289000 1445.000000 -0.128436 0.486911 0.000000 128.141346 1.268601 0.000000 126.238444 
290000 1450.000000 0.212540 0.529320 0.000000 127.517809 0.369501 0.000000 126.963558 
291000 1455.000000 1.026822 -0.043664 0.000000 125.534282 0.889472 0.000000 124.200073 
292000 1460.000000 0.550086 0.311462 0.000000 127.344764 0.385820 0.000000 126.766035 
293000 1465.000000 0.458833 0.129545 0.000000 129.002671 0.369109 0.000000 128.449007 
294000 1470.000000 0.565597 0.117071 0.000000 129.574844 1.023735 0.000000 128.039242 
295000 1475.000000 -0.262498 0.379165 0.000000 127.451557 0.678403 0.000000 126.433953 
296000 1480.000000 0.668972 0.091228 0.000000 130.528674 2.320057 0.000000 127.048588 
297000 1485.000000 0.006185 0.348912 0.000000 129.088084 1.764378 0.000000 126.441517 
298000 1490.000000 0.182430 0.268372 0.000000 129.708858 1.742843 0.000000 127.094592 
299000 1495.000000 0.377336 0.024587 0.000000 129.875182 1.594272 0.000000 127.483775 
300000 1500.000000 0.789276 -0.106983 0.000000 128.415085 0.458539 0.000000 127.727277 
301000 1505.000000 0.335492 0.297657 0.000000 129.508192 0.408399 0.000000 128.895593 
302000 1510.000000 0.329149 -0.071008 0.000000 128.402452 0.487465 0.000000 127.671255 
303000 1515.000000 0.239959 0.370271 0.000000 130.246359 1.511358 0.000000 127.979322 
304000 1520.000000 0.703005 0.031645 0.000000 131.014713 0.695530 0.000000 129.971418 
305000 1525.000000 0.271867 0.243871 0.000000 130.810789 1.723700 0.000000 128.225238 
306000 1530.000000 0.581911 0.231910 0.000000 130.377828 1.062279 0.000000 128.784409 
307000 1535.000000 0.567544 0.064479 0.000000 131.384796 0.606580 0.000000 130.474927 
308000 1540.000000 -0.289912 0.475747 0.000000 130.828864 1.690558 0.000000 128.293027 
309000 1545.000000 0.627746 -0.092704 0.000000 130.688104 0.799322 0.000000 129.489122 
310000 1550.000000 0.496940 0.450017 0.000000 128.651285 0.149599 0.000000 128.426886 
311000 1555.000000 0.834472 0.057100 0.000000 131.269810 0.448702 0.000000 130.596756 
312000 1560.000000 0.544111 0.255470 0.000000 130.692046 0.339745 0.000000 130.182428 
313000 1565.000000 0.308418 0.273150 0.000000 131.188330 0.472589 0.000000 130.479447 
314000 1570.000000 -0.792410 0.847003 0.000000 130.248878 1.084796 0.000000 128.621685 
315000 1575.000000 -0.892209 1.072678 0.000000 132.733255 0.744889 0.000000 131.615922 
316000 1580.000000 -0.899136 0.887100 0.000000 131.786634 0.117102 0.000000 131.610982 
317000 1585.000000 -0.814048 0.788378 0.000000 129.912392 0.493970 0.000000 129.171438 
318000 1590.000000 -0.883326 1.140194 0.000000 132.504958 0.372001 0.000000 131.946956 
319000 1595.000000 0.757332 0.072536 0.000000 133.235176 1.752084 0.000000 130.607050 
320000 1600.000000 0.550676 -0.017599 0.000000 132.773646 0.481214 0.000000 132.051825 
321000 1605.000000 0.367497 0.204296 0.000000 133.578366 3.085697 0.000000 128.949821 
322000 1610.000000 -0.179802 0.595700 0.000000 131.512645 1.342430 0.000000 129.499000 
323000 1615.000000 0.369345 0.155695 0.000000 132.831782 0.850046 0.000000 131.556714 
324000 1620.000000 0.462458 0.142853 0.000000 132.760762 0.222102 0.000000 132.427609 
325000 1625.000000 0.840244 0.011316 0.000000 132.769137 0.090020 0.000000 132.634108 
326000 1630.000000 0.824568 -0.075931 0.000000 132.881767 1.497159 0.000000 130.636028 
327000 1635.000000 -0.359759 0.799630 0.000000 128.468745 0.011732 0.000000 128.451147 
328000 1640.000000 0.119309 0.642737 0.000000 130.398028 0.299534 0.000000 129.948727 
329000 1645.000000 0.628757 0.175824 0.000000 133.879396 1.960624 0.000000 130.938460 
330000 1650.000000 0.461862 -0.062340 0.000000 133.144442 0.764006 0.000000 131.998433 
331000 1655.000000 0.756335 0.108107 0.000000 133.677341 0.410358 0.000000 133.061805 
332000 1660.000000 0.522194 0.030932 0.000000 134.183373 0.198543 0.000000 133.885559 
333000 1665.000000 0.572726 0.110822 0.000000 134.266311 0.614935 0.000000 133.343908 
334000 1670.000000 0.401698 0.248127 0.000000 133.258593 0.322694 0.000000 132.774552 
335000 1675.000000 0.118102 0.526067 0.000000 134.778935 3.415809 0.000000 129.655221 
336000 1680.000000 -0.739202 1.173110 0.000000 133.973683 0.695783 0.000000 132.930008 
337000 1685.000000 -0.752564 1.096814 0.000000 134.269122 0.391437 0.000000 133.681966 
338000 1690.000000 -0.818606 1.165674 0.000000 134.854272 0.181978 0.000000 134.581305 
339000 1695.000000 -1.068832 1.170407 0.000000 133.788939 1.089927 0.000000 132.154049 
340000 1700.000000 -0.498652 1.360498 0.000000 133.404941 0.066177 0.000000 133.305676 
341000 1705.000000 -0.969449 0.913143 0.000000 134.990501 1.143030 0.000000 133.275957 
342000 1710.000000 -0.832310 0.991123 0.000000 134.945443 0.378955 0.000000 134.377010 
343000 1715.000000 -0.921483 1.142980 0.000000 137.707105 4.960573 0.000000 130.266245 
344000 1720.000000 -0.911721 1.152844 0.000000 135.301663 0.200540 0.000000 135.000853 
345000 1725.000000 -0.434494 1.133944 0.000000 133.150325 2.593694 0.000000 129.259783 
346000 1730.000000 -0.909391 0.970880 0.000000 135.689732 0.016551 0.000000 135.664905 
347000 1735.000000 -0.338184 1.600262 0.000000 134.299377 0.093513 0.000000 134.159108 
348000 1740.000000 -0.751470 1.114178 0.000000 136.196547 1.256436 0.000000 134.311892 
349000 1745.000000 -0.976799 1.160467 0.000000 135.387472 0.020199 0.000000 135.357174 
350000 1750.000000 0.455444 0.087426 0.000000 136.298035 0.000606 0.000000 136.297125 
351000 1755.000000 -0.478924 0.466692 0.000000 135.041923 0.138666 0.000000 134.833923 
352000 1760.000000 -0.057872 0.146234 0.000000 134.568368 0.610881 0.000000 133.652047 
353000 1765.000000 0.575247 0.127865 0.000000 136.667520 0.374527 0.000000 136.105730 
354000 1770.000000 0.498499 0.038027 0.000000 136.949148 0.344423 0.000000 136.432514 
355000 1775.000000 0.193856 0.186460 0.000000 135.995147 0.056243 0.000000 135.910782 
356000 1780.000000 0.508511 0.047713 0.000000 137.034196 0.273156 0.000000 136.624462 
357000 1785.000000 0.711956 -0.008900 0.000000 138.664728 3.103567 0.000000 134.009378 
358000 1790.000000 0.689517 -0.019415 0.000000 137.189292 0.100152 0.000000 137.039063 
359000 1795.000000 0.399161 -0.036231 0.000000 136.871046 1.536928 0.000000 134.565654 
360000 1800.000000 -0.534962 0.520868 0.000000 135.720207 0.281050 0.000000 135.298633 
361000 1805.000000 -0.026754 0.054756 0.000000 134.658472 0.155854 0.000000 134.424691 
362000 1810.000000 -0.296902 0.467343 0.000000 136.668698 0.614566 0.000000 135.746849 
363000 1815.000000 -0.876183 0.620993 0.000000 135.342306 1.074055 0.000000 133.731223 
364000 1820.000000 -0.895654 1.137032 0.000000 138.145292 0.924217 0.000000 136.758966 
365000 1825.000000 -1.036811 1.081623 0.000000 137.728756 1.652515 0.000000 135.249984 
366000 1830.000000 -0.990993 0.873855 0.000000 136.739161 0.041399 0.000000 136.677062 
367000 1835.000000 -0.355484 0.488674 0.000000 138.122225 2.809150 0.000000 133.908501 
368000 1840.000000 0.590166 0.030000 0.000000 138.601131 0.855750 0.000000 137.317507 
369000 1845.000000 0.664736 0.068249 0.000000 138.184603 0.079305 0.000000 138.065646 
370000 1850.000000 0.257584 0.111846 0.000000 137.286211 0.042655 0.000000 137.222229 
371000 1855.000000 0.643624 0.079980 0.000000 138.625286 0.954338 0.000000 137.193778 
372000 1860.000000 0.306673 0.381568 0.000000 138.491565 2.370584 0.000000 134.935689 
373000 1865.000000 0.392901 0.158081 0.000000 138.014661 0.712284 0.000000 136.946234 
374000 1870.000000 -0.096109 0.418878 0.000000 137.643431 0.788230 0.000000 136.461087 
375000 1875.000000 0.316846 0.575892 0.000000 136.782357 1.060188 0.000000 135.192074 
376000 1880.000000 -0.148191 0.225922 0.000000 136.196213 0.589476 0.000000 135.311999 
377000 1885.000000 0.348647 0.213734 0.000000 138.631606 2.128979 0.000000 135.438138 
378000 1890.000000 0.696297 -0.035930 0.000000 139.580378 2.178545 0.000000 136.312560 
379000 1895.000000 0.183470 0.366290 0.000000 138.378189 0.652134 0.000000 137.399989 
380000 1900.000000 0.445186 0.377383 0.000000 137.432125 0.483417 0.000000 136.707000 
381000 1905.000000 0.302708 0.597376 0.000000 136.449501 0.013797 0.000000 136.428805 
382000 1910.000000 0.108492 0.124983 0.000000 138.418424 1.868813 0.000000 135.615204 
383000 1915.000000 -0.842183 0.635908 0.000000 136.735928 0.841633 0.000000 135.473479 
384000 1920.000000 -0.567898 1.320007 0.000000 138.589411 1.785117 0.000000 135.911736 
385000 1925.000000 -0.793947 1.181836 0.000000 140.361928 2.498147 0.000000 136.614707 
386000 1930.000000 -0.649396 0.712698 0.000000 136.589209 0.739770 0.000000 135.479554 
387000 1935.000000 -0.709573 1.234661 0.000000 139.217910 1.015708 0.000000 137.694349 
388000 1940.000000 -0.682793 1.423536 0.000000 140.660914 0.821777 0.000000 139.428249 
389000 1945.000000 -0.859494 1.059503 0.000000 141.803347 0.908817 0.000000 140.440122 
390000 1950.000000 -0.625621 1.234925 0.000000 139.611499 0.922843 0.000000 138.227235 
391000 1955.000000 -0.585577 1.523481 0.000000 140.196306 0.055047 0.000000 140.113736 
392000 1960.000000 -1.195436 0.915010 0.000000 140.255709 0.652330 0.000000 139.277214 
393000 1965.000000 -0.845092 1.218620 0.000000 143.591732 2.931753 0.000000 139.194103 
394000 1970.000000 -0.712206 1.376732 0.000000 141.833967 0.545053 0.000000 141.016388 
395000 1975.000000 -0.782216 1.276937 0.000000 140.290999 0.278385 0.000000 139.873422 
396000 1980.000000 -1.252363 1.067253 0.000000 136.873819 0.613142 0.000000 135.954107 
397000 1985.000000 -0.993592 0.972443 0.000000 139.134115 0.058136 0.000000 139.046911 
398000 1990.000000 -0.767339 0.999386 0.000000 139.562855 0.324933 0.000000 139.075456 
399000 1995.000000 -0.884528 1.159599 0.000000 140.429821 0.640351 0.000000 139.469295 
400000 2000.000000 -1.165925 1.018862 0.000000 139.078921 0.794185 0.000000 137.887644 
401000 2005.000000 -0.891479 1.063271 0.000000 140.330799 0.231269 0.000000 139.983896 
402000 2010.000000 -1.197041 1.025287 0.000000 139.510535 1.384399 0.000000 137.433937 
403000 2015.000000 -0.564877 1.480936 0.000000 141.571675 1.195684 0.000000 139.778149 
404000 2020.000000 -0.565154 1.456874 0.000000 141.484174 0.256729 0.000000 141.099080 
405000 2025.000000 -1.006746 0.940112 0.000000 140.639610 0.485061 0.000000 139.912019 
406000 2030.000000 -0.799060 1.012271 0.000000 141.992939 2.039284 0.000000 138.934014 
407000 2035.000000 -0.902656 1.137227 0.000000 141.888628 0.964351 0.000000 140.442101 
408000 2040.000000 -0.839594 1.340572 0.000000 141.423749 1.641162 0.000000 138.962006 
409000 2045.000000 0.324913 0.062851 0.000000 143.794173 0.339684 0.000000 143.284647 
410000 2050.000000 0.669083 -0.100210 0.000000 143.235932 0.034845 0.000000 143.183664 
411000 2055.000000 0.451295 0.121657 0.000000 144.175458 0.083643 0.000000 144.049994 
412000 2060.000000 0.076586 0.247843 0.000000 143.977719 0.779358 0.000000 142.808682 
413000 2065.000000 0.567108 0.101399 0.000000 144.592510 0.176695 0.000000 144.327467 
414000 2070.000000 0.314432 0.374769 0.000000 144.632124 1.484011 0.000000 142.406106 
415000 2075.000000 -0.768642 1.186236 0.000000 144.781896 1.157442 0.000000 143.045734 
416000 2080.000000 -0.423341 1.452307 0.000000 146.660068 5.081718 0.000000 139.037492 
417000 2085.000000 -0.309126 0.411365 0.000000 144.326308 1.275058 0.000000 142.413720 
418000 2090.000000 -0.667425 0.659351 0.000000 142.596182 0.203255 0.000000 142.291299 
419000 2095.000000 0.182244 0.445700 0.000000 144.914441 0.195126 0.000000 144.621753 
420000 2100.000000 0.044184 0.312450 0.000000 144.919781 0.481747 0.000000 144.197160 
421000 2105.000000 -0.740840 0.803071 0.000000 142.102098 0.214473 0.000000 141.780389 
422000 2110.000000 -0.815970 0.892627 0.000000 144.607608 0.654919 0.000000 143.625230 
423000 2115.000000 -0.527830 1.438383 0.000000 145.139391 0.234099 0.000000 144.788243 
424000 2120.000000 -0.724499 1.581445 0.000000 138.867603 0.284650 0.000000 138.440627 
425000 2125.000000 -0.753589 1.069374 0.000000 144.514333 0.719408 0.000000 143.435220 
426000 2130.000000 -1.039688 1.085296 0.000000 143.864652 0.431797 0.000000 143.216956 
427000 2135.000000 -0.998599 1.246391 0.000000 143.953104 2.387346 0.000000 140.372086 
428000 2140.000000 -0.777450 0.888261 0.000000 144.929598 0.156865 0.000000 144.694301 
429000 2145.000000 -0.503572 1.354994 0.000000 145.671517 0.123875 0.000000 145.485705 
430000 2150.000000 -0.775745 0.908680 0.000000 146.818213 2.009609 0.000000 143.803800 
431000 2155.000000 -0.630742 1.421809 0.000000 147.713788 1.990098 0.000000 144.728642 
432000 2160.000000 -0.552683 1.390274 0.000000 146.721832 0.007604 0.000000 146.710426 
433000 2165.000000 -0.764306 1.035994 0.000000 146.598192 2.068492 0.000000 143.495453 
434000 2170.000000 -0.836066 0.939595 0.000000 146.447744 2.159912 0.000000 143.207875 
435000 2175.000000 -1.066230 1.159379 0.000000 145.109907 1.557287 0.000000 142.773976 
436000 2180.000000 -0.577015 1.462279 0.000000 147.919427 0.286026 0.000000 147.490388 
437000 2185.000000 -0.913442 0.746258 0.000000 146.950312 1.442615 0.000000 144.786390 
438000 2190.000000 -0.567263 1.455732 0.000000 148.169253 0.128243 0.000000 147.976888 
439000 2195.000000 -0.915170 1.211007 0.000000 147.558118 0.449079 0.000000 146.884499 
440000 2200.000000 -0.107566 0.435845 0.000000 147.794842 0.402170 0.000000 147.191586 
441000 2205.000000 0.556378 -0.002593 0.000000 148.878056 0.284939 0.000000 148.450648 
442000 2210.000000 0.401078 0.165901 0.000000 148.343628 0.478339 0.000000 147.626120 
443000 2215.000000 -0.286645 0.405952 0.000000 147.393507 0.630345 0.000000 146.447990 
444000 2220.000000 -0.864916 1.127344 0.000000 149.288629 1.382572 0.000000 147.214771 
445000 2225.000000 -0.996305 1.063659 0.000000 148.046314 0.314432 0.000000 147.574666 
446000 2230.000000 0.309465 -0.094774 0.000000 148.442607 2.489458 0.000000 144.708420 
447000 2235.000000 0.445205 0.430087 0.000000 148.206585 0.129253 0.000000 148.012705 
448000 2240.000000 0.144134 0.313141 0.000000 149.708428 0.458566 0.000000 149.020578 
449000 2245.000000 0.223786 0.445925 0.000000 149.583132 0.129689 0.000000 149.388599 
450000 2250.000000 0.411003 -0.041795 0.000000 149.407709 0.054577 0.000000 149.325844 
451000 2255.000000 0.606860 -0.006868 0.000000 151.930414 2.437514 0.000000 148.274143 
452000 2260.000000 0.847053 0.095425 0.000000 149.875019 0.307183 0.000000 149.414245 
453000 2265.000000 0.899232 0.176846 0.000000 147.678632 0.152546 0.000000 147.449813 
454000 2270.000000 0.160278 0.360819 0.000000 150.104656 0.124000 0.000000 149.918655 
455000 2275.000000 0.540112 0.236821 0.000000 151.954573 4.496562 0.000000 145.209730 
456000 2280.000000 0.428085 0.161154 0.000000 151.975319 3.050126 0.000000 147.400130 
457000 2285.000000 -0.394256 0.439875 0.000000 150.671287 2.366024 0.000000 147.122251 
458000 2290.000000 0.132319 0.483435 0.000000 150.680269 0.999449 0.000000 149.181096 
459000 2295.000000 -0.084864 0.438161 0.000000 150.467241 0.257842 0.000000 150.080479 
460000 2300.000000 0.062922 0.400213 0.000000 151.323427 1.693385 0.000000 148.783349 
461000 2305.000000 0.378889 0.031178 0.000000 151.292835 0.825085 0.000000 150.055209 
462000 2310.000000 0.558782 0.226740 0.000000 150.514223 0.598078 0.000000 149.617105 
463000 2315.000000 0.712679 0.060906 0.000000 152.311644 1.483044 0.000000 150.087078 
464000 2320.000000 0.224995 0.335943 0.000000 151.101229 0.785414 0.000000 149.923108 
465000 2325.000000 0.225144 0.183377 0.000000 151.936613 2.367701 0.000000 148.385062 
466000 2330.000000 0.296182 0.208697 0.000000 152.173260 2.681520 0.000000 148.150979 
467000 2335.000000 0.356609 -0.109991 0.000000 149.473892 1.420925 0.000000 147.342505 
468000 2340.000000 0.925233 0.066818 0.000000 150.894412 0.657052 0.000000 149.908833 
469000 2345.000000 0.467838 0.097750 0.000000 151.699054 0.023442 0.000000 151.663890 
470000 2350.000000 0.059722 0.506472 0.000000 151.065264 0.076779 0.000000 150.950095 
471000 2355.000000 0.904561 -0.030970 0.000000 152.052251 2.359710 0.000000 148.512686 
472000 2360.000000 0.685163 -0.028394 0.000000 152.415326 0.542605 0.000000 151.601419 
473000 2365.000000 -0.108529 0.480160 0.000000 151.634989 0.525440 0.000000 150.846829 
474000 2370.000000 0.553655 0.125979 0.000000 152.127977 0.390598 0.000000 151.542080 
475000 2375.000000 -0.231481 0.405960 0.000000 150.834092 0.065695 0.000000 150.735550 
476000 2380.000000 0.028653 0.405856 0.000000 151.566838 0.116096 0.000000 151.392694 
477000 2385.000000 0.206035 0.268934 0.000000 152.060356 0.947420 0.000000 150.639225 
478000 2390.000000 0.772680 -0.052732 0.000000 152.845083 1.350408 0.000000 150.819470 
479000 2395.000000 0.408006 0.075092 0.000000 152.461206 0.164600 0.000000 152.214306 
480000 2400.000000 0.592745 0.035957 0.000000 153.542852 1.077181 0.000000 151.927081 
481000 2405.000000 0.300316 0.229692 0.000000 152.165064 0.457459 0.000000 151.478876 
482000 2410.000000 0.239842 0.262086 0.000000 152.772231 1.666577 0.000000 150.272366 
483000 2415.000000 0.813984 -0.253360 0.000000 145.701626 1.535404 0.000000 143.398519 
484000 2420.000000 0.131581 -0.054268 0.000000 149.731917 0.356303 0.000000 149.197463 
485000 2425.000000 0.495931 0.178680 0.000000 152.422019 0.087525 0.000000 152.290731 
486000 2430.000000 0.062632 0.567559 0.000000 151.656823 0.328959 0.000000 151.163384 
487000 2435.000000 0.189179 0.363038 0.000000 152.820193 0.800765 0.000000 151.619046 
488000 2440.000000 -0.562612 1.137036 0.000000 152.285914 1.558772 0.000000 149.947756 
489000 2445.000000 -0.827071 0.876034 0.000000 152.337862 1.246356 0.000000 150.468328 
490000 2450.000000 -0.996208 0.494679 0.000000 149.701404 1.101263 0.000000 148.049510 
491000 2455.000000 -0.790191 1.392368 0.000000 151.662794 0.373590 0.000000 151.102409 
492000 2460.000000 -0.952122 1.217942 0.000000 151.190612 0.576347 0.000000 150.326092 
493000 2465.000000 -0.504646 0.438545 0.000000 151.682131 2.170697 0.000000 148.426085 
494000 2470.000000 0.587537 0.143611 0.000000 152.177602 0.292849 0.000000 151.738329 
495000 2475.000000 -0.738503 1.337604 0.000000 152.482297 1.289084 0.000000 150.548671 
496000 2480.000000 -0.978652 1.219704 0.000000 152.576265 3.059477 0.000000 147.987050 
497000 2485.000000 -0.622471 1.356890 0.000000 152.593536 0.310872 0.000000 152.127229 
498000 2490.000000 -0.646585 1.351930 0.000000 152.855964 0.774840 0.000000 151.693705 
499000 2495.000000 -0.711875 0.784418 0.000000 153.163839 3.399028 0.000000 148.065296 
