0 0.000000 -0.550000 1.450000 0.000000 0.069320 0.046213 0.000000 0.000000 
0 0.000000 -0.549728 1.449542 0.000000 0.074527 0.056597 0.000000 -0.010369 
1000 5.000000 -0.561979 1.422327 0.000000 0.383892 0.730337 0.000000 -0.711613 
2000 10.000000 -0.556285 1.512714 0.000000 -0.411169 0.151445 0.000000 -0.638337 
3000 15.000000 -0.591209 1.427746 0.000000 0.067229 0.157059 0.000000 -0.168359 
4000 20.000000 -0.570422 1.409041 0.000000 0.703930 1.437998 0.000000 -1.453068 
5000 25.000000 -0.498766 1.441249 0.000000 -0.294873 0.109877 0.000000 -0.459688 
6000 30.000000 -0.999783 0.985427 0.000000 7.623042 0.298033 0.000000 7.175993 
7000 35.000000 -0.820274 1.160785 0.000000 18.587396 0.257158 0.000000 18.201659 
8000 40.000000 -0.543932 1.173768 0.000000 23.113269 0.296415 0.000000 22.668647 
9000 45.000000 -0.515553 1.547529 0.000000 29.942243 0.134167 0.000000 29.740992 
10000 50.000000 -0.751480 1.288349 0.000000 32.851241 0.200035 0.000000 32.551189 
11000 55.000000 -0.662423 1.333833 0.000000 36.182699 0.845727 0.000000 34.914108 
12000 60.000000 -0.591132 1.449459 0.000000 38.002348 0.131022 0.000000 37.805815 
13000 65.000000 -0.772221 1.052498 0.000000 39.195255 0.695572 0.000000 38.151898 
14000 70.000000 -0.438936 1.561860 0.000000 42.504810 0.255566 0.000000 42.121462 
15000 75.000000 -0.493523 1.563721 0.000000 43.486459 0.111988 0.000000 43.318477 
16000 80.000000 -0.380905 1.515760 0.000000 46.194609 0.550857 0.000000 45.368323 
17000 85.000000 -0.693094 1.170887 0.000000 48.337797 0.073875 0.000000 48.226985 
18000 90.000000 -0.930872 0.813659 0.000000 48.820924 0.277006 0.000000 48.405415 
19000 95.000000 -0.767697 1.204516 0.000000 51.682895 0.099011 0.000000 51.534378 
20000 100.000000 -1.031289 1.156125 0.000000 53.064144 1.089763 0.000000 51.429500 
21000 105.000000 -0.844704 1.366712 0.000000 54.234031 0.163653 0.000000 53.988552 
22000 110.000000 -0.534343 1.412823 0.000000 56.253747 0.250316 0.000000 55.878273 
23000 115.000000 -0.627446 1.249439 0.000000 57.634345 0.712357 0.000000 56.565809 
24000 120.000000 -0.810134 1.098422 0.000000 57.625121 0.017520 0.000000 57.598840 
25000 125.000000 -0.400230 1.557644 0.000000 58.623870 0.113403 0.000000 58.453766 
26000 130.000000 -0.720061 1.453534 0.000000 59.851227 0.106180 0.000000 59.691957 
27000 135.000000 -0.899486 1.019693 0.000000 61.332819 0.100792 0.000000 61.181632 
28000 140.000000 -0.793576 1.520838 0.000000 63.089495 0.493329 0.000000 62.349502 
29000 145.000000 -0.595669 1.331861 0.000000 65.214160 0.456621 0.000000 64.529227 
30000 150.000000 -0.729640 1.211793 0.000000 66.112078 0.530959 0.000000 65.315640 
31000 155.000000 -0.847325 0.907394 0.000000 66.957175 0.465533 0.000000 66.258875 
32000 160.000000 -0.929936 1.269658 0.000000 69.287938 0.705977 0.000000 68.228972 
33000 165.000000 -0.762663 1.340249 0.000000 70.261059 0.773220 0.000000 69.101229 
34000 170.000000 -0.591471 1.217735 0.000000 69.727730 1.018002 0.000000 68.200728 
35000 175.000000 -0.851612 1.136519 0.000000 71.361735 0.425817 0.000000 70.723010 
36000 180.000000 -0.706391 1.398963 0.000000 72.073387 0.060098 0.000000 71.983239 
37000 185.000000 -1.178842 0.681193 0.000000 71.292135 0.327106 0.000000 70.801477 
38000 190.000000 -0.804295 1.015287 0.000000 73.416440 0.242697 0.000000 73.052394 
39000 195.000000 -0.907639 1.318590 0.000000 74.730793 0.744219 0.000000 73.614465 
40000 200.000000 -0.607002 1.349132 0.000000 76.907819 0.848553 0.000000 75.634989 
41000 205.000000 -0.573885 1.405287 0.000000 77.476433 0.651699 0.000000 76.498884 
42000 210.000000 -0.495239 1.502195 0.000000 78.006438 0.145385 0.000000 77.788360 
43000 215.000000 -0.544276 1.437852 0.000000 78.280139 0.284547 0.000000 77.853319 
44000 220.000000 -0.630929 1.517923 0.000000 78.073651 0.291406 0.000000 77.636543 
45000 225.000000 -0.692707 1.675981 0.000000 78.335890 1.023509 0.000000 76.800626 
46000 230.000000 -0.828042 1.226247 0.000000 80.497121 0.871935 0.000000 79.189218 
47000 235.000000 -0.737117 1.326295 0.000000 81.042559 0.720050 0.000000 79.962484 
48000 240.000000 -0.744984 1.124682 0.000000 81.563535 0.510518 0.000000 80.797759 
49000 245.000000 -0.513465 1.504150 0.000000 82.184225 0.404320 0.000000 81.577744 
50000 250.000000 -0.850594 1.017566 0.000000 82.202460 0.080845 0.000000 82.081193 
51000 255.000000 -0.656483 1.372243 0.000000 84.452411 1.193149 0.000000 82.662687 
52000 260.000000 -0.840133 1.151068 0.000000 84.146869 0.003956 0.000000 84.140936 
53000 265.000000 -0.697503 1.302493 0.000000 85.217534 1.197191 0.000000 83.421748 
54000 270.000000 -0.896151 0.857881 0.000000 84.535721 0.793384 0.000000 83.345645 
55000 275.000000 -1.116906 0.831665 0.000000 86.455401 2.037951 0.000000 83.398474 
56000 280.000000 -0.780721 1.163221 0.000000 86.934781 0.002127 0.000000 86.931591 
57000 285.000000 -0.993816 1.152975 0.000000 86.619651 1.049035 0.000000 85.046098 
58000 290.000000 -0.552272 1.290518 0.000000 89.066003 1.952202 0.000000 86.137700 
59000 295.000000 -0.990391 0.965584 0.000000 87.777587 0.108472 0.000000 87.614879 
60000 300.000000 -0.951199 1.113581 0.000000 89.128282 0.965949 0.000000 87.679358 
61000 305.000000 -0.576815 1.389639 0.000000 89.784202 0.124424 0.000000 89.597566 
62000 310.000000 -0.772454 1.043431 0.000000 89.800900 0.022397 0.000000 89.767306 
63000 315.000000 -0.804417 1.205817 0.000000 91.674681 0.447599 0.000000 91.003283 
64000 320.000000 -0.511008 1.403593 0.000000 91.906341 0.633102 0.000000 90.956688 
65000 325.000000 -0.335137 1.686197 0.000000 91.966007 0.570357 0.000000 91.110472 
66000 330.000000 -0.658095 1.404905 0.000000 93.169118 0.031503 0.000000 93.121863 
67000 335.000000 -0.987391 1.022700 0.000000 93.837450 0.242979 0.000000 93.472982 
68000 340.000000 -0.809551 1.192885 0.000000 94.648679 0.543982 0.000000 93.832705 
69000 345.000000 -0.412209 1.215854 0.000000 93.722336 0.214980 0.000000 93.399866 
70000 350.000000 -0.636507 1.264672 0.000000 96.492036 0.754973 0.000000 95.359576 
71000 355.000000 -0.730290 1.560700 0.000000 96.664309 0.311198 0.000000 96.197512 
72000 360.000000 -0.872508 0.818992 0.000000 96.215809 0.454867 0.000000 95.533509 
73000 365.000000 -0.395912 1.473072 0.000000 98.171324 0.039516 0.000000 98.112050 
74000 370.000000 -0.672775 1.340701 0.000000 99.146283 0.554528 0.000000 98.314491 
75000 375.000000 -0.883307 0.923974 0.000000 98.960540 0.053617 0.000000 98.880114 
76000 380.000000 -1.090280 0.819842 0.000000 99.750380 0.637921 0.000000 98.793499 
77000 385.000000 -0.782277 1.188523 0.000000 101.408592 1.476220 0.000000 99.194262 
78000 390.000000 -0.776541 1.125084 0.000000 101.071373 0.000390 0.000000 101.070788 
79000 395.000000 -0.449370 1.413017 0.000000 101.726841 0.606515 0.000000 100.817068 
80000 400.000000 -0.765559 1.357042 0.000000 102.372077 0.511181 0.000000 101.605305 
81000 405.000000 -0.784905 1.507940 0.000000 103.198797 0.413047 0.000000 102.579226 
82000 410.000000 -0.565055 1.457185 0.000000 104.152231 1.023206 0.000000 102.617421 
83000 415.000000 -0.832965 1.246735 0.000000 104.145344 0.072868 0.000000 104.036042 
84000 420.000000 -0.888267 1.158262 0.000000 104.402465 0.250073 0.000000 104.027355 
85000 425.000000 -0.564513 1.342674 0.000000 105.131199 0.217724 0.000000 104.804613 
86000 430.000000 -0.497304 1.441105 0.000000 105.474101 0.391637 0.000000 104.886645 
87000 435.000000 -0.625003 1.248747 0.000000 105.843070 0.092275 0.000000 105.704657 
88000 440.000000 -0.519974 1.493742 0.000000 106.090978 0.336510 0.000000 105.586212 
89000 445.000000 -0.643309 1.387881 0.000000 107.082938 0.600232 0.000000 106.182590 
90000 450.000000 -0.784509 1.332280 0.000000 107.032094 0.729850 0.000000 105.937320 
91000 455.000000 -0.380854 1.494110 0.000000 107.180928 0.480681 0.000000 106.459907 
92000 460.000000 -0.840623 0.963196 0.000000 107.369441 0.374970 0.000000 106.806986 
93000 465.000000 -0.410680 1.650068 0.000000 107.870106 0.370213 0.000000 107.314787 
94000 470.000000 -0.289466 1.627790 0.000000 107.668058 0.400864 0.000000 107.066762 
95000 475.000000 -0.667682 1.369103 0.000000 109.254575 0.498781 0.000000 108.506404 
96000 480.000000 -0.617636 1.346280 0.000000 109.642473 0.258154 0.000000 109.255242 
97000 485.000000 -0.376168 1.638185 0.000000 109.537950 0.806551 0.000000 108.328123 
98000 490.000000 -0.561787 1.436345 0.000000 109.984260 0.493090 0.000000 109.244625 
99000 495.000000 -0.442413 1.496257 0.000000 110.617784 0.898891 0.000000 109.269447 
100000 500.000000 -0.721821 1.172600 0.000000 111.425553 1.073965 0.000000 109.814606 
101000 505.000000 -0.771865 1.563490 0.000000 110.953921 1.074204 0.000000 109.342615 
102000 510.000000 -0.924524 0.945591 0.000000 111.981288 0.021567 0.000000 111.948937 
103000 515.000000 -0.644911 1.440223 0.000000 112.764532 0.134203 0.000000 112.563228 
104000 520.000000 -0.823596 1.404509 0.000000 114.120130 3.034172 0.000000 109.568872 
105000 525.000000 -0.712817 1.556636 0.000000 113.293631 0.075058 0.000000 113.181044 
106000 530.000000 -0.868810 1.053923 0.000000 113.975386 0.409644 0.000000 113.360920 
107000 535.000000 -0.737840 1.485300 0.000000 114.751846 2.041367 0.000000 111.689795 
108000 540.000000 -0.663157 1.176623 0.000000 114.427899 0.341950 0.000000 113.914974 
109000 545.000000 -0.777778 1.338324 0.000000 114.757808 0.205264 0.000000 114.449913 
110000 550.000000 -0.652101 1.304031 0.000000 115.933962 0.454775 0.000000 115.251799 
111000 555.000000 -0.441524 1.510140 0.000000 115.825796 0.016598 0.000000 115.800899 
112000 560.000000 -0.554375 1.479525 0.000000 116.811366 1.411220 0.000000 114.694536 
113000 565.000000 -0.463588 1.421008 0.000000 116.509354 0.027128 0.000000 116.468662 
114000 570.000000 -0.548126 1.277361 0.000000 116.803169 0.161169 0.000000 116.561417 
115000 575.000000 -0.724134 1.032573 0.000000 117.145333 0.584280 0.000000 116.268914 
116000 580.000000 -0.339975 1.438657 0.000000 117.926029 1.164859 0.000000 116.178741 
117000 585.000000 -0.625714 1.268698 0.000000 118.149345 0.020295 0.000000 118.118903 
118000 590.000000 -0.548152 1.694269 0.000000 116.842398 0.069016 0.000000 116.738874 
119000 595.000000 -0.737015 1.581990 0.000000 118.103996 0.042269 0.000000 118.040594 
120000 600.000000 -0.467106 1.593291 0.000000 119.615507 1.254236 0.000000 117.734153 
121000 605.000000 -0.357236 1.623372 0.000000 119.420488 0.243065 0.000000 119.055891 
122000 610.000000 -0.721514 1.141423 0.000000 119.769164 0.097802 0.000000 119.622461 
123000 615.000000 -0.660562 1.427035 0.000000 120.664796 0.438741 0.000000 120.006684 
124000 620.000000 -0.671368 1.039956 0.000000 120.321831 0.308576 0.000000 119.858967 
125000 625.000000 -0.750157 1.451526 0.000000 120.692535 0.063997 0.000000 120.596539 
126000 630.000000 -0.766367 1.205445 0.000000 121.926040 1.176868 0.000000 120.160738 
127000 635.000000 -0.770386 1.124624 0.000000 121.733108 0.636574 0.000000 120.778247 
128000 640.000000 -0.599863 1.588125 0.000000 121.947566 1.132658 0.000000 120.248578 
129000 645.000000 -0.735391 1.194487 0.000000 122.467232 0.306532 0.000000 122.007433 
130000 650.000000 -0.765072 1.267217 0.000000 123.154351 0.327285 0.000000 122.663423 
131000 655.000000 -0.500687 1.318916 0.000000 122.527419 0.188048 0.000000 122.245346 
132000 660.000000 -0.899111 1.021727 0.000000 122.857529 0.123899 0.000000 122.671682 
133000 665.000000 -0.659642 1.434962 0.000000 123.784158 0.598026 0.000000 122.887118 
134000 670.000000 -0.347124 1.579793 0.000000 123.356163 0.177585 0.000000 123.089785 
135000 675.000000 -0.498563 1.147753 0.000000 123.580580 1.517367 0.000000 121.304529 
136000 680.000000 -0.820838 1.059380 0.000000 124.260018 0.016706 0.000000 124.234958 
137000 685.000000 -0.931274 1.011051 0.000000 124.510409 0.498690 0.000000 123.762374 
138000 690.000000 -0.662680 1.262007 0.000000 125.249395 0.076861 0.000000 125.134104 
139000 695.000000 -0.728701 1.390997 0.000000 125.335996 0.034432 0.000000 125.284348 
140000 700.000000 -0.714997 1.236466 0.000000 126.025940 0.189365 0.000000 125.741893 
141000 705.000000 -0.789207 1.524363 0.000000 125.495369 0.337210 0.000000 124.989554 
142000 710.000000 -0.668130 1.027053 0.000000 125.733797 0.259671 0.000000 125.344290 
143000 715.000000 -0.756568 1.147319 0.000000 126.910872 0.447703 0.000000 126.239317 
144000 720.000000 -0.812433 1.043566 0.000000 126.773499 0.552875 0.000000 125.944186 
145000 725.000000 -0.856179 0.926501 0.000000 128.809790 3.820840 0.000000 123.078529 
146000 730.000000 -0.809265 1.111936 0.000000 127.602378 0.027992 0.000000 127.560390 
147000 735.000000 -0.655731 1.404738 0.000000 128.300334 0.521385 0.000000 127.518256 
148000 740.000000 -0.846375 1.184224 0.000000 128.263977 0.038295 0.000000 128.206535 
149000 745.000000 -0.909740 1.079451 0.000000 129.350871 0.092473 0.000000 129.212162 
150000 750.000000 -0.819544 1.422099 0.000000 128.643734 0.179599 0.000000 128.374336 
151000 755.000000 -0.648763 1.384794 0.000000 129.567524 0.000019 0.000000 129.567495 
152000 760.000000 -0.582340 1.335002 0.000000 130.184960 0.547517 0.000000 129.363685 
153000 765.000000 -0.366000 1.437782 0.000000 129.602237 0.029387 0.000000 129.558156 
154000 770.000000 -1.020889 0.870229 0.000000 131.436500 1.948290 0.000000 128.514064 
155000 775.000000 -0.948672 1.218085 0.000000 131.265977 0.313183 0.000000 130.796202 
156000 780.000000 -0.903444 1.294453 0.000000 131.689961 1.356527 0.000000 129.655169 
157000 785.000000 -0.454705 1.305444 0.000000 131.208733 0.321471 0.000000 130.726527 
158000 790.000000 -0.751955 1.468280 0.000000 131.195510 0.190126 0.000000 130.910321 
159000 795.000000 -0.734763 1.320093 0.000000 132.970303 0.771076 0.000000 131.813689 
160000 800.000000 -0.554446 1.471549 0.000000 132.549460 0.565214 0.000000 131.701639 
161000 805.000000 -0.879749 1.079527 0.000000 133.757403 1.557127 0.000000 131.421712 
162000 810.000000 -0.466638 1.412466 0.000000 133.094316 0.314272 0.000000 132.622908 
163000 815.000000 -0.615099 1.109928 0.000000 134.164799 1.569814 0.000000 131.810077 
164000 820.000000 -0.428652 1.461736 0.000000 133.686067 0.076580 0.000000 133.571197 
165000 825.000000 -0.857606 0.914389 0.000000 133.943974 0.849549 0.000000 132.669650 
166000 830.000000 -0.592542 1.453476 0.000000 134.415149 0.104106 0.000000 134.258991 
167000 835.000000 -0.385089 1.425601 0.000000 134.366069 0.232754 0.000000 134.016938 
168000 840.000000 -0.690881 1.226908 0.000000 135.320525 0.168663 0.000000 135.067530 
169000 845.000000 -0.837946 1.063205 0.000000 135.002390 0.256081 0.000000 134.618269 
170000 850.000000 -0.973255 0.827474 0.000000 135.539088 0.219188 0.000000 135.210306 
171000 855.000000 -1.037202 1.006981 0.000000 135.686772 0.082093 0.000000 135.563634 
172000 860.000000 -0.972059 1.209406 0.000000 136.132367 0.124910 0.000000 135.945002 
173000 865.000000 -0.625538 1.365210 0.000000 136.971576 0.047840 0.000000 136.899816 
174000 870.000000 -0.384581 1.442698 0.000000 136.200171 0.007442 0.000000 136.189009 
175000 875.000000 -0.728686 1.040260 0.000000 136.672841 0.396982 0.000000 136.077368 
176000 880.000000 -0.545659 1.329128 0.000000 138.008074 1.724079 0.000000 135.421955 
177000 885.000000 -0.623677 1.341023 0.000000 138.823953 1.761102 0.000000 136.182300 
178000 890.000000 -0.913733 1.209728 0.000000 138.166863 1.280551 0.000000 136.246037 
179000 895.000000 -0.616068 1.417116 0.000000 138.250826 0.511501 0.000000 137.483574 
180000 900.000000 -0.865790 0.948770 0.000000 138.027568 0.010992 0.000000 138.011080 
181000 905.000000 -0.647586 1.544740 0.000000 138.589963 0.879628 0.000000 137.270521 
182000 910.000000 -0.515200 1.229851 0.000000 138.450379 0.059949 0.000000 138.360456 
183000 915.000000 -0.769341 1.117308 0.000000 139.067179 0.642193 0.000000 138.103889 
184000 920.000000 -0.618159 1.375975 0.000000 139.659122 0.040606 0.000000 139.598213 
185000 925.000000 -0.649519 1.034261 0.000000 138.716060 0.001191 0.000000 138.714273 
186000 930.000000 -0.934147 1.175652 0.000000 139.759646 0.045509 0.000000 139.691382 
187000 935.000000 -0.630471 1.430659 0.000000 140.675019 1.089005 0.000000 139.041512 
188000 940.000000 -0.749900 1.386688 0.000000 140.495969 0.817849 0.000000 139.269195 
189000 945.000000 -0.685526 1.250929 0.000000 140.838785 0.122868 0.000000 140.654483 
190000 950.000000 -1.016353 1.088218 0.000000 140.587717 0.074905 0.000000 140.475360 
191000 955.000000 -1.111363 0.771486 0.000000 140.755996 0.379467 0.000000 140.186795 
192000 960.000000 -0.708531 1.061653 0.000000 141.098214 0.000216 0.000000 141.097889 
193000 965.000000 -0.494731 1.541115 0.000000 141.666361 0.148796 0.000000 141.443166 
194000 970.000000 -0.476382 1.229351 0.000000 141.165052 0.078296 0.000000 141.047608 
195000 975.000000 -0.939929 1.073884 0.000000 143.478722 1.746271 0.000000 140.859315 
196000 980.000000 -0.762714 1.329903 0.000000 142.897158 0.418000 0.000000 142.270159 
197000 985.000000 -0.539325 1.447809 0.000000 143.080508 0.435911 0.000000 142.426641 
198000 990.000000 -0.904258 1.328389 0.000000 142.816938 0.043723 0.000000 142.751354 
199000 995.000000 -0.842629 0.728564 0.000000 141.752805 0.157356 0.000000 141.516772 
200000 1000.000000 0.521164 0.085909 0.000000 148.100312 0.238312 0.000000 147.742845 
201000 1005.000000 0.626582 0.047551 0.000000 148.888260 0.005759 0.000000 148.879622 
202000 1010.000000 0.438763 0.051727 0.000000 148.993465 0.998509 0.000000 147.495701 
203000 1015.000000 0.683316 -0.002821 0.000000 149.199724 0.003063 0.000000 149.195130 
204000 1020.000000 0.698181 0.098034 0.000000 149.269066 0.714359 0.000000 148.197527 
205000 1025.000000 0.701794 0.060211 0.000000 149.565138 0.115394 0.000000 149.392048 
206000 1030.000000 0.500893 0.017581 0.000000 150.071328 0.008504 0.000000 150.058572 
207000 1035.000000 0.613411 -0.056305 0.000000 149.797109 0.254355 0.000000 149.415576 
208000 1040.000000 0.649835 0.009466 0.000000 150.788274 0.218245 0.000000 150.460906 
209000 1045.000000 0.434811 0.102469 0.000000 150.441851 0.233380 0.000000 150.091780 
210000 1050.000000 0.421526 0.064619 0.000000 150.700801 0.087843 0.000000 150.569037 
211000 1055.000000 0.695420 0.026646 0.000000 151.859494 0.925978 0.000000 150.470527 
212000 1060.000000 0.546131 0.040966 0.000000 152.244877 0.349067 0.000000 151.721276 
213000 1065.000000 0.623686 -0.008322 0.000000 152.248070 0.347616 0.000000 151.726646 
214000 1070.000000 0.585798 -0.072488 0.000000 151.506348 0.365119 0.000000 150.958669 
215000 1075.000000 0.603870 0.010228 0.000000 152.917489 0.465458 0.000000 152.219301 
216000 1080.000000 0.721534 -0.032159 0.000000 152.384853 0.273183 0.000000 151.975079 
217000 1085.000000 0.478372 0.064580 0.000000 153.953572 1.700772 0.000000 151.402414 
218000 1090.000000 0.206589 0.476890 0.000000 151.342313 0.371389 0.000000 150.785229 
219000 1095.000000 0.303962 0.055915 0.000000 153.859584 1.500469 0.000000 151.608881 
220000 1100.000000 0.348502 0.038986 0.000000 153.699920 0.068808 0.000000 153.596708 
221000 1105.000000 0.517077 0.010295 0.000000 154.580101 0.077992 0.000000 154.463112 
222000 1110.000000 0.795746 0.048144 0.000000 154.451690 0.468542 0.000000 153.748876 
223000 1115.000000 0.338527 0.023919 0.000000 154.506022 0.220596 0.000000 154.175128 
224000 1120.000000 0.557186 0.025473 0.000000 155.610755 0.213148 0.000000 155.291033 
225000 1125.000000 0.591153 0.117281 0.000000 155.619405 1.174528 0.000000 153.857613 
226000 1130.000000 0.285603 0.069737 0.000000 155.188962 0.472117 0.000000 154.480786 
227000 1135.000000 0.589898 0.021123 0.000000 156.394212 0.532517 0.000000 155.595438 
228000 1140.000000 0.468006 0.150250 0.000000 156.350197 1.062855 0.000000 154.755914 
229000 1145.000000 0.374986 0.107252 0.000000 156.533194 0.238195 0.000000 156.175901 
230000 1150.000000 0.359587 0.047574 0.000000 156.839220 0.088153 0.000000 156.706991 
231000 1155.000000 0.371896 0.100021 0.000000 156.973491 0.156948 0.000000 156.738069 
232000 1160.000000 0.287016 0.049657 0.000000 157.203080 0.677401 0.000000 156.186978 
233000 1165.000000 0.418556 0.032064 0.000000 157.988919 0.018024 0.000000 157.961884 
234000 1170.000000 0.418747 0.029663 0.000000 158.703336 1.071960 0.000000 157.095396 
235000 1175.000000 0.382426 0.168221 0.000000 158.017067 0.341825 0.000000 157.504329 
236000 1180.000000 0.667438 0.036418 0.000000 159.697780 1.312524 0.000000 157.728995 
237000 1185.000000 0.105255 0.350045 0.000000 158.090504 0.117524 0.000000 157.914218 
238000 1190.000000 -0.262449 0.527634 0.000000 158.469721 0.133587 0.000000 158.269340 
239000 1195.000000 0.126635 0.526273 0.000000 158.924941 0.758221 0.000000 157.787610 
240000 1200.000000 0.037132 0.448043 0.000000 160.085849 0.831915 0.000000 158.837977 
241000 1205.000000 0.420883 0.001390 0.000000 161.015600 0.845300 0.000000 159.747649 
242000 1210.000000 0.435234 0.036428 0.000000 161.015724 0.249536 0.000000 160.641421 
243000 1215.000000 0.079032 0.057083 0.000000 159.335837 0.394218 0.000000 158.744509 
244000 1220.000000 0.436129 0.078156 0.000000 161.871002 0.721318 0.000000 160.789025 
245000 1225.000000 0.223367 0.195606 0.000000 161.473994 0.719000 0.000000 160.395494 
246000 1230.000000 0.753591 0.154786 0.000000 161.273576 0.117598 0.000000 161.097179 
247000 1235.000000 0.399877 0.105290 0.000000 162.862913 1.389922 0.000000 160.778030 
248000 1240.000000 0.319437 0.286508 0.000000 161.918164 0.158073 0.000000 161.681055 
249000 1245.000000 0.024562 0.353991 0.000000 162.661245 0.189011 0.000000 162.377728 
250000 1250.000000 -0.136414 0.479898 0.000000 163.938256 0.815875 0.000000 162.714442 
251000 1255.000000 0.102147 0.535189 0.000000 162.993012 0.048600 0.000000 162.920112 
252000 1260.000000 0.005687 0.527269 0.000000 163.867371 0.013055 0.000000 163.847789 
253000 1265.000000 0.203866 0.028757 0.000000 164.692560 0.594446 0.000000 163.800891 
254000 1270.000000 0.480492 0.045740 0.000000 165.885659 0.485960 0.000000 165.156719 
255000 1275.000000 0.858162 0.097316 0.000000 165.055283 0.383012 0.000000 164.480765 
256000 1280.000000 0.618980 -0.027370 0.000000 166.305869 0.209584 0.000000 165.991493 
257000 1285.000000 0.086856 0.452732 0.000000 167.019883 2.128630 0.000000 163.826938 
258000 1290.000000 -0.106080 0.540679 0.000000 166.465964 0.147344 0.000000 166.244948 
259000 1295.000000 0.378903 0.075117 0.000000 167.367386 0.565106 0.000000 166.519727 
260000 1300.000000 0.399166 -0.018109 0.000000 167.583021 0.021243 0.000000 167.551157 
261000 1305.000000 0.318224 0.030297 0.000000 168.317592 1.029095 0.000000 166.773949 
262000 1310.000000 0.841064 0.008422 0.000000 168.379970 0.373511 0.000000 167.819704 
263000 1315.000000 0.400548 -0.061498 0.000000 168.292202 0.101417 0.000000 168.140076 
264000 1320.000000 0.344989 0.072835 0.000000 170.096953 2.112661 0.000000 166.927961 
265000 1325.000000 0.483203 -0.037550 0.000000 169.645350 0.354258 0.000000 169.113963 
266000 1330.000000 -0.241221 0.563232 0.000000 169.414018 0.515406 0.000000 168.640910 
267000 1335.000000 -0.002929 0.454599 0.000000 170.539263 0.355001 0.000000 170.006761 
268000 1340.000000 0.475954 -0.008795 0.000000 171.284312 0.918573 0.000000 169.906452 
269000 1345.000000 0.489754 -0.043049 0.000000 171.230626 1.120500 0.000000 169.549876 
270000 1350.000000 0.685065 0.089118 0.000000 172.295780 1.619675 0.000000 169.866267 
271000 1355.000000 0.000837 0.387366 0.000000 171.957855 0.773238 0.000000 170.797998 
272000 1360.000000 -0.103507 0.347011 0.000000 171.798335 0.429559 0.000000 171.153996 
273000 1365.000000 -0.095358 0.374299 0.000000 172.164711 0.043187 0.000000 172.099931 
274000 1370.000000 -0.019329 0.462149 0.000000 173.365513 0.493938 0.000000 172.624606 
275000 1375.000000 -0.031273 0.410466 0.000000 173.454176 0.265199 0.000000 173.056377 
276000 1380.000000 0.108013 0.534640 0.000000 173.318268 0.531898 0.000000 172.520422 
277000 1385.000000 0.771153 0.020981 0.000000 174.899823 0.564356 0.000000 174.053289 
278000 1390.000000 0.240862 0.481762 0.000000 173.863618 0.041071 0.000000 173.802012 
279000 1395.000000 -0.132899 0.425311 0.000000 175.320446 0.437525 0.000000 174.664159 
280000 1400.000000 0.222397 0.052809 0.000000 175.890446 0.724078 0.000000 174.804329 
281000 1405.000000 0.392974 0.060525 0.000000 176.348026 0.513413 0.000000 175.577906 
282000 1410.000000 0.545430 0.062134 0.000000 177.968556 2.568105 0.000000 174.116398 
283000 1415.000000 0.432477 0.183175 0.000000 176.283085 0.044857 0.000000 176.215799 
284000 1420.000000 0.285718 0.144372 0.000000 176.953251 0.095676 0.000000 176.809737 
285000 1425.000000 0.092177 0.113395 0.000000 176.972648 0.585826 0.000000 176.093908 
286000 1430.000000 0.008147 0.489976 0.000000 177.928772 0.105228 0.000000 177.770931 
287000 1435.000000 0.093884 0.351997 0.000000 178.423766 0.256117 0.000000 178.039591 
288000 1440.000000 0.390890 0.139035 0.000000 178.666204 0.014829 0.000000 178.643961 
289000 1445.000000 0.098847 0.353239 0.000000 179.093468 0.372371 0.000000 178.534912 
290000 1450.000000 -0.165211 0.502796 0.000000 180.301439 0.504208 0.000000 179.545128 
291000 1455.000000 0.433532 0.218226 0.000000 179.587888 0.289746 0.000000 179.153269 
292000 1460.000000 0.306763 0.165680 0.000000 180.652487 0.626618 0.000000 179.712560 
293000 1465.000000 0.559330 -0.004442 0.000000 181.444822 0.188345 0.000000 181.162304 
294000 1470.000000 -0.126029 0.508944 0.000000 181.730793 0.346746 0.000000 181.210675 
295000 1475.000000 0.412088 0.013750 0.000000 182.413928 0.467934 0.000000 181.712027 
296000 1480.000000 0.531279 0.070661 0.000000 182.918913 0.782553 0.000000 181.745083 
297000 1485.000000 0.513470 0.008117 0.000000 183.791877 1.542589 0.000000 181.477993 
298000 1490.000000 0.388192 -0.057274 0.000000 183.068619 0.447696 0.000000 182.397074 
299000 1495.000000 0.261790 0.011114 0.000000 183.702552 0.881458 0.000000 182.380365 
300000 1500.000000 0.745105 -0.057768 0.000000 183.622407 0.129147 0.000000 183.428686 
301000 1505.000000 0.237501 0.364307 0.000000 184.288631 0.114275 0.000000 184.117218 
302000 1510.000000 0.060793 0.154952 0.000000 184.175808 0.665550 0.000000 183.177483 
303000 1515.000000 0.129038 0.429639 0.000000 185.503418 0.384209 0.000000 184.927105 
304000 1520.000000 0.236270 0.132336 0.000000 185.821117 0.206620 0.000000 185.511186 
305000 1525.000000 0.168116 0.154303 0.000000 186.388738 0.777052 0.000000 185.223161 
306000 1530.000000 -0.063097 0.509926 0.000000 187.131387 0.945685 0.000000 185.712860 
307000 1535.000000 -0.087620 0.441065 0.000000 187.557545 0.065345 0.000000 187.459528 
308000 1540.000000 -0.090157 0.438879 0.000000 188.022634 0.531370 0.000000 187.225579 
309000 1545.000000 0.464987 -0.066430 0.000000 187.916762 0.638968 0.000000 186.958309 
310000 1550.000000 0.550973 0.311030 0.000000 186.748405 0.019302 0.000000 186.719452 
311000 1555.000000 0.755741 0.043049 0.000000 189.321934 0.142970 0.000000 189.107480 
312000 1560.000000 0.470705 0.145323 0.000000 188.786269 0.124106 0.000000 188.600110 
313000 1565.000000 0.427874 0.096608 0.000000 189.868161 0.628783 0.000000 188.924986 
314000 1570.000000 -0.305384 0.598358 0.000000 189.395891 0.142676 0.000000 189.181877 
315000 1575.000000 0.128080 0.011881 0.000000 190.361426 1.034779 0.000000 188.809258 
316000 1580.000000 -0.370804 0.423396 0.000000 190.595057 0.078831 0.000000 190.476810 
317000 1585.000000 0.376533 -0.092682 0.000000 190.606410 0.160186 0.000000 190.366130 
318000 1590.000000 0.277074 0.301762 0.000000 191.697421 0.247148 0.000000 191.326699 
319000 1595.000000 0.679829 0.056607 0.000000 193.034547 0.996001 0.000000 191.540545 
320000 1600.000000 0.529261 -0.058736 0.000000 192.499566 0.086219 0.000000 192.370238 
321000 1605.000000 0.227571 0.278853 0.000000 193.806733 2.109965 0.000000 190.641785 
322000 1610.000000 -0.180682 0.549119 0.000000 194.150793 0.989025 0.000000 192.667256 
323000 1615.000000 0.214046 0.258857 0.000000 193.654323 0.135906 0.000000 193.450465 
324000 1620.000000 -0.046307 0.355917 0.000000 194.619979 0.395265 0.000000 194.027082 
325000 1625.000000 0.194827 0.173982 0.000000 194.746799 0.420210 0.000000 194.116484 
326000 1630.000000 0.713304 -0.031930 0.000000 195.625869 0.936889 0.000000 194.220535 
327000 1635.000000 -0.166155 0.636806 0.000000 194.641903 0.057383 0.000000 194.555829 
328000 1640.000000 -0.061366 0.645245 0.000000 195.077063 0.297917 0.000000 194.630188 
329000 1645.000000 -0.054091 0.583155 0.000000 196.763472 0.983486 0.000000 195.288243 
330000 1650.000000 -0.059428 0.320521 0.000000 196.891978 0.279324 0.000000 196.472991 
331000 1655.000000 0.751352 0.049059 0.000000 197.812737 0.121049 0.000000 197.631164 
332000 1660.000000 0.520390 -0.021597 0.000000 198.243613 0.028249 0.000000 198.201240 
333000 1665.000000 0.595581 0.066417 0.000000 198.697501 0.347656 0.000000 198.176017 
334000 1670.000000 0.380835 0.087109 0.000000 198.542486 0.118459 0.000000 198.364798 
335000 1675.000000 0.186274 0.522705 0.000000 200.187453 2.283946 0.000000 196.761534 
336000 1680.000000 -0.220216 0.328366 0.000000 198.916470 0.117617 0.000000 198.740044 
337000 1685.000000 0.338532 0.032477 0.000000 199.988421 0.030025 0.000000 199.943384 
338000 1690.000000 0.365612 0.332864 0.000000 200.145882 0.000753 0.000000 200.144752 
339000 1695.000000 0.189620 0.159684 0.000000 200.771401 0.333315 0.000000 200.271428 
340000 1700.000000 0.580231 -0.019971 0.000000 201.783766 0.293326 0.000000 201.343777 
341000 1705.000000 -0.144955 0.478565 0.000000 202.728960 0.580794 0.000000 201.857769 
342000 1710.000000 -0.060436 0.449958 0.000000 202.906254 0.072382 0.000000 202.797681 
343000 1715.000000 -0.303793 0.504666 0.000000 204.569575 2.848775 0.000000 200.296412 
344000 1720.000000 0.034839 0.267587 0.000000 203.377908 0.347748 0.000000 202.856286 
345000 1725.000000 0.020637 0.586459 0.000000 204.254480 1.793976 0.000000 201.563517 
346000 1730.000000 0.128589 0.251429 0.000000 204.326194 0.145377 0.000000 204.108129 
347000 1735.000000 -0.148879 0.528803 0.000000 205.099965 0.158325 0.000000 204.862477 
348000 1740.000000 -0.162424 0.449990 0.000000 205.772366 0.365590 0.000000 205.223981 
349000 1745.000000 -0.264567 0.528471 0.000000 206.011867 0.117030 0.000000 205.836321 
350000 1750.000000 0.567453 0.053030 0.000000 206.634714 0.150720 0.000000 206.408634 
351000 1755.000000 -0.140632 0.388825 0.000000 206.662200 0.048586 0.000000 206.589321 
352000 1760.000000 -0.284163 0.492521 0.000000 207.281033 0.120203 0.000000 207.100729 
353000 1765.000000 0.196602 0.472660 0.000000 207.833040 0.074948 0.000000 207.720618 
354000 1770.000000 0.491216 -0.005472 0.000000 208.336496 0.045137 0.000000 208.268790 
355000 1775.000000 -0.094043 0.475234 0.000000 209.057937 0.006107 0.000000 209.048776 
356000 1780.000000 -0.209065 0.470024 0.000000 209.866707 0.105191 0.000000 209.708921 
357000 1785.000000 0.453853 0.310831 0.000000 209.845295 1.523130 0.000000 207.560600 
358000 1790.000000 0.704648 0.007937 0.000000 210.444817 0.047067 0.000000 210.374216 
359000 1795.000000 0.342383 -0.022931 0.000000 210.663113 0.869088 0.000000 209.359480 
360000 1800.000000 -0.298127 0.417648 0.000000 211.225936 0.200769 0.000000 210.924782 
361000 1805.000000 -0.480221 0.463068 0.000000 211.218221 0.215977 0.000000 210.894256 
362000 1810.000000 -0.336248 0.453077 0.000000 212.381936 0.381351 0.000000 211.809910 
363000 1815.000000 -0.429846 0.484591 0.000000 212.924091 0.760729 0.000000 211.782998 
364000 1820.000000 0.491815 0.091050 0.000000 213.274773 0.191086 0.000000 212.988144 
365000 1825.000000 0.588173 0.151534 0.000000 212.830058 0.182712 0.000000 212.555990 
366000 1830.000000 0.232753 -0.003654 0.000000 214.017958 0.197490 0.000000 213.721723 
367000 1835.000000 0.550178 0.029521 0.000000 215.453829 1.763805 0.000000 212.808122 
368000 1840.000000 0.182045 0.337226 0.000000 215.212024 0.055139 0.000000 215.129315 
369000 1845.000000 0.160446 0.449388 0.000000 215.703441 0.059152 0.000000 215.614713 
370000 1850.000000 0.088458 0.237893 0.000000 215.760601 0.016353 0.000000 215.736071 
371000 1855.000000 0.682673 0.055922 0.000000 216.878610 0.597143 0.000000 215.982896 
372000 1860.000000 0.139539 0.498719 0.000000 217.309486 1.156807 0.000000 215.574276 
373000 1865.000000 -0.127257 0.502884 0.000000 217.819804 0.572868 0.000000 216.960502 
374000 1870.000000 -0.084003 0.435711 0.000000 218.112361 0.262472 0.000000 217.718653 
375000 1875.000000 -0.023948 0.629489 0.000000 217.865969 0.885624 0.000000 216.537534 
376000 1880.000000 0.110831 0.110609 0.000000 218.375439 0.046161 0.000000 218.306197 
377000 1885.000000 0.459503 0.112251 0.000000 218.944369 0.619203 0.000000 218.015564 
378000 1890.000000 0.406439 0.020313 0.000000 220.080081 0.338001 0.000000 219.573080 
379000 1895.000000 0.312563 0.160838 0.000000 219.920414 0.196147 0.000000 219.626194 
380000 1900.000000 0.166732 0.500677 0.000000 220.619443 0.214483 0.000000 220.297719 
381000 1905.000000 -0.186311 0.605240 0.000000 220.963073 0.111815 0.000000 220.795350 
382000 1910.000000 -0.407649 0.475415 0.000000 222.070587 0.955552 0.000000 220.637259 
383000 1915.000000 -0.365814 0.527768 0.000000 222.535256 0.222614 0.000000 222.201334 
384000 1920.000000 0.217867 0.112368 0.000000 223.109416 1.172978 0.000000 221.349948 
385000 1925.000000 0.332533 0.150930 0.000000 223.146774 0.841616 0.000000 221.884350 
386000 1930.000000 0.075808 0.500060 0.000000 223.600482 0.131747 0.000000 223.402861 
387000 1935.000000 -0.123916 0.427795 0.000000 224.595969 0.653638 0.000000 223.615511 
388000 1940.000000 0.029953 0.330217 0.000000 224.695110 0.320578 0.000000 224.214244 
389000 1945.000000 -0.133120 0.487202 0.000000 225.591079 0.498239 0.000000 224.843720 
390000 1950.000000 0.209749 0.241911 0.000000 225.805051 0.643353 0.000000 224.840021 
391000 1955.000000 0.260352 0.336358 0.000000 226.000705 0.326729 0.000000 225.510611 
392000 1960.000000 -0.289436 0.406870 0.000000 226.715560 0.073903 0.000000 226.604706 
393000 1965.000000 0.092998 0.389945 0.000000 227.935042 1.267263 0.000000 226.034147 
394000 1970.000000 -0.206227 0.573142 0.000000 227.982340 0.018322 0.000000 227.954856 
395000 1975.000000 -0.009774 0.286997 0.000000 228.208736 0.240841 0.000000 227.847474 
396000 1980.000000 -0.230384 0.495055 0.000000 229.412160 0.385724 0.000000 228.833574 
397000 1985.000000 -0.097974 0.296484 0.000000 228.952859 0.032439 0.000000 228.904200 
398000 1990.000000 0.231127 0.257024 0.000000 229.657017 0.120107 0.000000 229.476857 
399000 1995.000000 0.186052 0.032884 0.000000 230.870263 0.782016 0.000000 229.697240 
400000 2000.000000 0.140107 -0.028245 0.000000 230.774429 0.768040 0.000000 229.622369 
401000 2005.000000 0.198884 0.395353 0.000000 231.708820 0.010855 0.000000 231.692538 
402000 2010.000000 -0.619660 0.498777 0.000000 231.647973 1.200726 0.000000 229.846885 
403000 2015.000000 -0.591090 1.386708 0.000000 232.306158 0.339916 0.000000 231.796283 
404000 2020.000000 -0.364098 1.449408 0.000000 231.705380 0.237821 0.000000 231.348649 
405000 2025.000000 -0.785376 1.007335 0.000000 231.974316 0.167260 0.000000 231.723426 
406000 2030.000000 -0.788985 0.746491 0.000000 231.159949 0.152356 0.000000 230.931414 
407000 2035.000000 -0.935625 0.943626 0.000000 233.606971 0.070820 0.000000 233.500741 
408000 2040.000000 -1.045486 1.068480 0.000000 233.447594 0.641996 0.000000 232.484599 
409000 2045.000000 -0.782055 1.032331 0.000000 233.924433 0.318041 0.000000 233.447372 
410000 2050.000000 -0.838754 0.991496 0.000000 234.501951 0.606679 0.000000 233.591932 
411000 2055.000000 -0.638052 1.369043 0.000000 235.383592 0.238751 0.000000 235.025465 
412000 2060.000000 -0.684187 1.505257 0.000000 235.441694 0.689597 0.000000 234.407299 
413000 2065.000000 -0.896786 1.262794 0.000000 235.851392 0.446865 0.000000 235.181094 
414000 2070.000000 -0.395880 1.503110 0.000000 236.136390 0.283839 0.000000 235.710631 
415000 2075.000000 -0.735392 1.343153 0.000000 236.755050 0.816026 0.000000 235.531010 
416000 2080.000000 -0.446263 1.374790 0.000000 236.625241 1.579120 0.000000 234.256561 
417000 2085.000000 -0.761615 1.060238 0.000000 236.874714 0.724602 0.000000 235.787811 
418000 2090.000000 -0.858602 1.448177 0.000000 236.817539 0.631389 0.000000 235.870455 
419000 2095.000000 -0.730502 1.631982 0.000000 236.125365 0.115607 0.000000 235.951954 
420000 2100.000000 -0.722213 1.109650 0.000000 237.492262 0.169332 0.000000 237.238264 
421000 2105.000000 -0.622452 1.240608 0.000000 238.033340 0.161839 0.000000 237.790582 
422000 2110.000000 -0.468982 1.425935 0.000000 238.458443 0.419745 0.000000 237.828826 
423000 2115.000000 -0.691359 1.421637 0.000000 238.592254 0.178412 0.000000 238.324636 
424000 2120.000000 -0.735654 1.505787 0.000000 238.024197 1.111049 0.000000 236.357623 
425000 2125.000000 -0.581739 1.217593 0.000000 238.754188 0.186049 0.000000 238.475114 
426000 2130.000000 -0.902291 1.251770 0.000000 239.371423 0.333825 0.000000 238.870685 
427000 2135.000000 -1.036555 0.922147 0.000000 238.974788 0.278924 0.000000 238.556403 
428000 2140.000000 -0.676728 1.123648 0.000000 239.419143 0.096900 0.000000 239.273793 
429000 2145.000000 -0.293029 1.642322 0.000000 239.598178 0.548214 0.000000 238.775858 
430000 2150.000000 -0.740402 1.136010 0.000000 240.675331 0.699763 0.000000 239.625686 
431000 2155.000000 -0.520485 1.463244 0.000000 240.931165 0.627020 0.000000 239.990635 
432000 2160.000000 -0.388700 1.535477 0.000000 240.882687 0.231023 0.000000 240.536153 
433000 2165.000000 -0.882354 1.050624 0.000000 241.287853 0.712230 0.000000 240.219508 
434000 2170.000000 -0.737213 1.165446 0.000000 241.718136 0.600648 0.000000 240.817163 
435000 2175.000000 -0.871599 1.342359 0.000000 242.012544 0.550565 0.000000 241.186696 
436000 2180.000000 -0.536826 1.320569 0.000000 242.032730 0.407343 0.000000 241.421716 
437000 2185.000000 -0.970072 0.859981 0.000000 242.584894 0.797951 0.000000 241.387968 
438000 2190.000000 -0.563226 1.407310 0.000000 242.558219 0.016428 0.000000 242.533578 
439000 2195.000000 -0.590369 1.542691 0.000000 242.251436 0.216469 0.000000 241.926732 
440000 2200.000000 -0.644397 1.384255 0.000000 243.077440 0.025980 0.000000 243.038470 
441000 2205.000000 -0.471981 1.430671 0.000000 243.051945 0.062100 0.000000 242.958795 
442000 2210.000000 -0.937211 1.055235 0.000000 243.680702 0.767121 0.000000 242.530021 
443000 2215.000000 -0.717895 1.314220 0.000000 244.455125 1.111005 0.000000 242.788618 
444000 2220.000000 -0.743740 1.239349 0.000000 244.422437 0.621598 0.000000 243.490040 
445000 2225.000000 -0.559740 1.142663 0.000000 242.969406 0.084184 0.000000 242.843130 
446000 2230.000000 -0.904645 1.123411 0.000000 244.946067 1.158295 0.000000 243.208624 
447000 2235.000000 -0.754673 1.422946 0.000000 244.706024 0.635092 0.000000 243.753386 
448000 2240.000000 -0.962509 1.132633 0.000000 244.477504 0.146000 0.000000 244.258503 
449000 2245.000000 -0.434716 1.517806 0.000000 244.994131 0.033734 0.000000 244.943529 
450000 2250.000000 -0.576354 1.430018 0.000000 245.223109 0.387481 0.000000 244.641888 
451000 2255.000000 -0.727543 1.079471 0.000000 244.881870 0.374453 0.000000 244.320190 
452000 2260.000000 -0.864821 0.998664 0.000000 245.624619 0.669592 0.000000 244.620231 
453000 2265.000000 -0.292670 1.398824 0.000000 245.107365 0.587571 0.000000 244.226009 
454000 2270.000000 -0.664128 1.291245 0.000000 246.281720 0.054525 0.000000 246.199932 
455000 2275.000000 -0.874957 0.890715 0.000000 247.323025 3.195083 0.000000 242.530401 
456000 2280.000000 -1.034623 1.253421 0.000000 246.400561 1.169453 0.000000 244.646382 
457000 2285.000000 -1.098488 1.230204 0.000000 245.805981 0.717470 0.000000 244.729776 
458000 2290.000000 -1.059251 0.976081 0.000000 246.755463 0.586148 0.000000 245.876242 
459000 2295.000000 -0.945287 1.189608 0.000000 247.565473 0.771595 0.000000 246.408080 
460000 2300.000000 -0.694577 1.164683 0.000000 248.076789 0.510428 0.000000 247.311147 
461000 2305.000000 -0.661167 1.163093 0.000000 247.707448 0.196915 0.000000 247.412076 
462000 2310.000000 -0.764021 1.061268 0.000000 247.995892 0.166651 0.000000 247.745915 
463000 2315.000000 -0.668722 1.368116 0.000000 248.731111 0.085338 0.000000 248.603104 
464000 2320.000000 -0.674801 1.349220 0.000000 249.028809 0.180245 0.000000 248.758441 
465000 2325.000000 -0.769406 0.837482 0.000000 247.836255 0.367918 0.000000 247.284379 
466000 2330.000000 -0.372590 1.336889 0.000000 248.606456 0.751026 0.000000 247.479917 
467000 2335.000000 -0.388820 1.153535 0.000000 246.563466 0.251167 0.000000 246.186716 
468000 2340.000000 -0.483661 1.424811 0.000000 250.073679 0.962724 0.000000 248.629593 
469000 2345.000000 -0.647870 1.441052 0.000000 250.017087 0.203350 0.000000 249.712061 
470000 2350.000000 -0.784944 1.283229 0.000000 250.282311 0.104534 0.000000 250.125509 
471000 2355.000000 -0.880306 0.764868 0.000000 250.177240 1.454258 0.000000 247.995853 
472000 2360.000000 -0.836435 1.121614 0.000000 250.979105 0.144865 0.000000 250.761807 
473000 2365.000000 -0.882351 0.919465 0.000000 250.455877 0.312160 0.000000 249.987637 
474000 2370.000000 -0.344005 1.587749 0.000000 250.703794 0.205440 0.000000 250.395634 
475000 2375.000000 -0.795953 1.205055 0.000000 251.816798 0.268685 0.000000 251.413770 
476000 2380.000000 -0.620143 1.350561 0.000000 251.654097 0.015328 0.000000 251.631104 
477000 2385.000000 -0.621496 1.308225 0.000000 252.189661 0.758955 0.000000 251.051229 
478000 2390.000000 -0.590929 1.315506 0.000000 251.939946 0.323863 0.000000 251.454152 
479000 2395.000000 -0.477925 1.272592 0.000000 251.707514 0.145507 0.000000 251.489253 
480000 2400.000000 -0.336111 0.518004 0.000000 253.444065 0.604055 0.000000 252.537982 
481000 2405.000000 -0.126899 0.511424 0.000000 253.379044 0.255864 0.000000 252.995247 
482000 2410.000000 0.047023 0.327029 0.000000 254.166987 1.024698 0.000000 252.629940 
483000 2415.000000 0.755130 -0.123677 0.000000 251.834381 0.848416 0.000000 250.561757 
484000 2420.000000 0.311522 -0.117880 0.000000 253.353456 0.089904 0.000000 253.218601 
485000 2425.000000 0.304285 0.309269 0.000000 254.329354 0.036268 0.000000 254.274952 
486000 2430.000000 -0.248562 0.613565 0.000000 254.813887 0.324624 0.000000 254.326951 
487000 2435.000000 -0.030356 0.447328 0.000000 255.737976 0.346649 0.000000 255.218003 
488000 2440.000000 -0.704512 1.189558 0.000000 255.460350 0.280691 0.000000 255.039313 
489000 2445.000000 -0.575374 1.274397 0.000000 255.312353 0.331009 0.000000 254.815839 
490000 2450.000000 -0.982552 0.884857 0.000000 255.799808 1.034272 0.000000 254.248400 
491000 2455.000000 -0.503814 1.364980 0.000000 255.545154 0.230859 0.000000 255.198866 
492000 2460.000000 -0.924708 1.242173 0.000000 255.507815 0.216848 0.000000 255.182542 
493000 2465.000000 -0.687946 1.109417 0.000000 255.561447 0.351889 0.000000 255.033613 
494000 2470.000000 -0.744910 1.301288 0.000000 256.513528 0.145169 0.000000 256.295775 
495000 2475.000000 -0.694725 1.377956 0.000000 256.752749 0.174319 0.000000 256.491270 
496000 2480.000000 -0.857234 1.325828 0.000000 256.895016 1.248830 0.000000 255.021771 
497000 2485.000000 -0.507453 1.502728 0.000000 256.737011 0.023424 0.000000 256.701875 
498000 2490.000000 -0.595670 1.376299 0.000000 257.067831 0.151980 0.000000 256.839861 
499000 2495.000000 -0.630150 1.093532 0.000000 256.662516 1.496308 0.000000 254.418054 
500000 2500.000000 -0.784652 1.152731 0.000000 257.934849 0.485912 0.000000 257.205981 
501000 2505.000000 -0.581102 1.449643 0.000000 257.534646 0.049092 0.000000 257.461008 
502000 2510.000000 -0.508083 1.357804 0.000000 257.435467 0.109567 0.000000 257.271117 
503000 2515.000000 -1.003603 1.096688 0.000000 257.526902 0.201071 0.000000 257.225295 
504000 2520.000000 -0.907389 0.915376 0.000000 257.584476 0.105883 0.000000 257.425651 
505000 2525.000000 -0.965066 0.777757 0.000000 258.098856 0.262260 0.000000 257.705466 
506000 2530.000000 -0.334611 0.671183 0.000000 257.898955 0.328912 0.000000 257.405586 
507000 2535.000000 -0.188658 0.540953 0.000000 260.432643 0.941213 0.000000 259.020824 
508000 2540.000000 0.070793 0.295066 0.000000 259.784332 0.185503 0.000000 259.506078 
509000 2545.000000 0.269500 0.310924 0.000000 259.833586 0.189431 0.000000 259.549439 
510000 2550.000000 -0.532258 0.491751 0.000000 260.122158 0.219444 0.000000 259.792992 
511000 2555.000000 -0.341359 0.349142 0.000000 260.337778 0.418526 0.000000 259.709990 
512000 2560.000000 0.306277 0.087247 0.000000 260.855686 0.102144 0.000000 260.702470 
513000 2565.000000 -0.295455 0.585598 0.000000 261.417108 0.126228 0.000000 261.227766 
514000 2570.000000 0.847363 -0.011470 0.000000 261.339637 0.584599 0.000000 260.462739 
515000 2575.000000 -0.031567 0.267869 0.000000 261.699869 0.235691 0.000000 261.346333 
516000 2580.000000 0.197143 0.352572 0.000000 262.494731 0.759659 0.000000 261.355243 
517000 2585.000000 0.130704 0.365027 0.000000 263.433306 1.781866 0.000000 260.760507 
518000 2590.000000 -0.166772 0.385291 0.000000 263.094860 0.713899 0.000000 262.024012 
519000 2595.000000 -0.264385 0.435398 0.000000 263.172400 0.423486 0.000000 262.537171 
520000 2600.000000 0.082808 0.470574 0.000000 263.654567 0.663063 0.000000 262.659973 
521000 2605.000000 0.664660 -0.054135 0.000000 263.458422 0.077207 0.000000 263.342612 
522000 2610.000000 -0.069201 0.424758 0.000000 264.254593 0.789389 0.000000 263.070509 
523000 2615.000000 0.392409 0.120213 0.000000 263.839903 0.345959 0.000000 263.320965 
524000 2620.000000 0.128256 0.231812 0.000000 264.356889 0.253703 0.000000 263.976335 
525000 2625.000000 -0.134166 0.485877 0.000000 264.998869 0.872736 0.000000 263.689764 
526000 2630.000000 0.003425 0.507724 0.000000 265.267345 0.148819 0.000000 265.044116 
527000 2635.000000 -0.585432 0.575686 0.000000 264.289377 0.510778 0.000000 263.523209 
528000 2640.000000 -0.434454 0.629646 0.000000 264.690070 0.152923 0.000000 264.460685 
529000 2645.000000 -0.535328 1.509816 0.000000 265.335360 0.330755 0.000000 264.839228 
530000 2650.000000 -0.534325 1.374508 0.000000 265.533818 0.058413 0.000000 265.446199 
531000 2655.000000 -0.823898 1.047779 0.000000 265.367893 0.175776 0.000000 265.104229 
532000 2660.000000 -0.679039 1.264719 0.000000 266.419230 1.224111 0.000000 264.583063 
533000 2665.000000 -0.840265 1.239195 0.000000 266.129156 0.535262 0.000000 265.326263 
534000 2670.000000 -0.860323 1.212459 0.000000 266.328840 0.682425 0.000000 265.305203 
535000 2675.000000 -1.099455 0.765076 0.000000 265.544280 0.350867 0.000000 265.017979 
536000 2680.000000 0.440213 -0.032369 0.000000 267.211657 0.268281 0.000000 266.809235 
537000 2685.000000 -0.268422 0.537498 0.000000 267.580693 0.289808 0.000000 267.145982 
538000 2690.000000 -0.296477 0.386989 0.000000 267.287750 0.013489 0.000000 267.267517 
539000 2695.000000 -0.067215 0.459238 0.000000 268.075321 0.194409 0.000000 267.783707 
540000 2700.000000 0.061457 0.413411 0.000000 270.126834 3.309173 0.000000 265.163075 
541000 2705.000000 0.221751 -0.004615 0.000000 268.540085 0.459076 0.000000 267.851472 
542000 2710.000000 0.349505 0.151971 0.000000 268.298559 0.161240 0.000000 268.056699 
543000 2715.000000 0.748110 -0.011801 0.000000 269.589093 1.052704 0.000000 268.010037 
544000 2720.000000 0.035282 0.589243 0.000000 269.216755 0.295805 0.000000 268.773046 
545000 2725.000000 0.498825 0.311064 0.000000 268.879192 0.558936 0.000000 268.040788 
546000 2730.000000 0.522833 -0.100971 0.000000 270.006435 2.985181 0.000000 265.528664 
547000 2735.000000 0.089775 0.126736 0.000000 269.753688 0.231762 0.000000 269.406046 
548000 2740.000000 0.012272 0.584465 0.000000 270.090281 0.120821 0.000000 269.909050 
549000 2745.000000 0.122798 0.359581 0.000000 271.029673 0.890010 0.000000 269.694658 
550000 2750.000000 -0.521843 0.476457 0.000000 270.375677 0.030750 0.000000 270.329552 
551000 2755.000000 -0.524574 0.418579 0.000000 270.346501 0.019814 0.000000 270.316780 
552000 2760.000000 -0.871657 1.264021 0.000000 270.664210 0.105525 0.000000 270.505922 
553000 2765.000000 -0.864064 1.160018 0.000000 271.350936 0.009669 0.000000 271.336433 
554000 2770.000000 -0.707310 0.460682 0.000000 270.596956 0.959334 0.000000 269.157955 
555000 2775.000000 0.306895 -0.048449 0.000000 272.366590 0.204580 0.000000 272.059720 
556000 2780.000000 0.340983 0.086576 0.000000 273.720023 2.741029 0.000000 269.608479 
557000 2785.000000 -0.354619 0.451197 0.000000 272.995266 0.574984 0.000000 272.132791 
558000 2790.000000 -0.572081 0.363233 0.000000 271.449896 0.305379 0.000000 270.991828 
559000 2795.000000 -0.189085 0.559028 0.000000 273.626060 0.461149 0.000000 272.934336 
560000 2800.000000 -0.006089 0.032119 0.000000 272.586412 0.154826 0.000000 272.354173 
561000 2805.000000 0.590741 0.120198 0.000000 274.006572 0.230835 0.000000 273.660320 
562000 2810.000000 0.706676 0.011883 0.000000 274.651987 0.405767 0.000000 274.043337 
563000 2815.000000 0.649516 -0.023242 0.000000 274.736833 0.086957 0.000000 274.606398 
564000 2820.000000 0.522373 -0.006068 0.000000 275.182155 1.164481 0.000000 273.435433 
565000 2825.000000 0.675461 -0.003540 0.000000 275.042678 0.113706 0.000000 274.872119 
566000 2830.000000 0.633002 0.033982 0.000000 275.431338 0.321145 0.000000 274.949620 
567000 2835.000000 0.584342 -0.004516 0.000000 275.310933 0.056858 0.000000 275.225647 
568000 2840.000000 0.211604 -0.015298 0.000000 274.896468 0.194609 0.000000 274.604555 
569000 2845.000000 0.287167 0.380481 0.000000 275.488038 0.345156 0.000000 274.970305 
570000 2850.000000 0.298996 0.391626 0.000000 276.132929 1.302891 0.000000 274.178593 
571000 2855.000000 0.103547 0.403931 0.000000 276.164560 0.262527 0.000000 275.770769 
572000 2860.000000 -0.348464 0.287406 0.000000 275.129825 0.360677 0.000000 274.588810 
573000 2865.000000 -0.247167 0.524946 0.000000 276.824608 0.070290 0.000000 276.719173 
574000 2870.000000 0.098753 0.290113 0.000000 276.986280 0.434052 0.000000 276.335202 
575000 2875.000000 -0.204628 0.529118 0.000000 278.238155 1.615162 0.000000 275.815412 
576000 2880.000000 -0.051291 0.537955 0.000000 277.672243 0.410882 0.000000 277.055921 
577000 2885.000000 -0.499689 0.570335 0.000000 277.949490 1.243595 0.000000 276.084099 
578000 2890.000000 -0.418001 0.430006 0.000000 278.189282 0.876635 0.000000 276.874330 
579000 2895.000000 -0.584761 0.577175 0.000000 277.267477 0.495181 0.000000 276.524706 
580000 2900.000000 -0.055015 0.482122 0.000000 278.592569 0.003331 0.000000 278.587572 
581000 2905.000000 -0.276778 0.521062 0.000000 279.374767 1.195262 0.000000 277.581874 
582000 2910.000000 0.165489 0.574365 0.000000 278.787986 0.500956 0.000000 278.036552 
583000 2915.000000 0.114895 0.016875 0.000000 278.957699 0.134446 0.000000 278.756030 
584000 2920.000000 0.153291 0.108059 0.000000 279.793757 0.464694 0.000000 279.096716 
585000 2925.000000 0.179247 0.395908 0.000000 280.072180 0.337050 0.000000 279.566604 
586000 2930.000000 -0.217725 0.412624 0.000000 280.519294 0.491437 0.000000 279.782138 
587000 2935.000000 -0.109107 0.547977 0.000000 280.487857 0.071471 0.000000 280.380651 
588000 2940.000000 0.235495 0.482235 0.000000 280.894675 0.157903 0.000000 280.657821 
589000 2945.000000 0.280059 0.416858 0.000000 280.762975 0.033327 0.000000 280.712984 
590000 2950.000000 0.135161 0.138087 0.000000 281.346830 0.252648 0.000000 280.967859 
591000 2955.000000 0.369893 0.133388 0.000000 281.815338 1.348152 0.000000 279.793110 
592000 2960.000000 0.598277 0.000613 0.000000 282.074199 0.025934 0.000000 282.035297 
593000 2965.000000 0.902506 0.014203 0.000000 282.592658 2.225289 0.000000 279.254724 
594000 2970.000000 0.199705 0.084626 0.000000 282.410252 0.306371 0.000000 281.950695 
595000 2975.000000 -0.158475 0.574594 0.000000 282.645044 0.439082 0.000000 281.986420 
596000 2980.000000 0.450944 0.216585 0.000000 282.032561 0.655937 0.000000 281.048655 
597000 2985.000000 0.201997 0.278356 0.000000 282.732935 0.022088 0.000000 282.699803 
598000 2990.000000 0.174414 0.063616 0.000000 282.991189 0.092576 0.000000 282.852325 
599000 2995.000000 0.277919 0.403743 0.000000 283.362837 0.436982 0.000000 282.707364 
600000 3000.000000 0.075547 0.253668 0.000000 283.829710 0.327712 0.000000 283.338141 
601000 3005.000000 -0.441160 0.516639 0.000000 284.471078 1.078316 0.000000 282.853604 
602000 3010.000000 -0.029655 0.170070 0.000000 284.206726 0.520138 0.000000 283.426519 
603000 3015.000000 -0.088067 0.325983 0.000000 285.509746 1.697765 0.000000 282.963098 
604000 3020.000000 0.219671 0.065778 0.000000 285.530747 1.126385 0.000000 283.841170 
605000 3025.000000 0.092787 0.328089 0.000000 285.810747 1.198073 0.000000 284.013638 
606000 3030.000000 -0.492681 0.502841 0.000000 285.571706 0.905112 0.000000 284.214039 
607000 3035.000000 0.056489 0.358847 0.000000 285.947872 0.365839 0.000000 285.399114 
608000 3040.000000 0.258164 0.042508 0.000000 286.809337 0.949770 0.000000 285.384681 
609000 3045.000000 -0.078864 0.176245 0.000000 285.629850 0.027697 0.000000 285.588304 
610000 3050.000000 -0.183783 0.528627 0.000000 287.166283 0.715880 0.000000 286.092464 
611000 3055.000000 0.174347 0.112411 0.000000 286.568071 0.054513 0.000000 286.486301 
612000 3060.000000 0.756664 0.049391 0.000000 287.609246 0.409486 0.000000 286.995017 
613000 3065.000000 0.712272 0.000167 0.000000 287.968927 0.841615 0.000000 286.706505 
614000 3070.000000 0.432474 0.052096 0.000000 288.086662 0.806409 0.000000 286.877049 
615000 3075.000000 0.788143 0.015461 0.000000 287.859061 0.084821 0.000000 287.731831 
616000 3080.000000 0.332629 0.137632 0.000000 287.699966 0.315099 0.000000 287.227317 
617000 3085.000000 0.198867 0.358227 0.000000 288.120979 0.094698 0.000000 287.978933 
618000 3090.000000 0.796366 0.095692 0.000000 288.541685 0.719046 0.000000 287.463116 
619000 3095.000000 0.034211 0.051759 0.000000 289.182339 1.522449 0.000000 286.898666 
620000 3100.000000 0.606306 -0.024867 0.000000 289.122541 0.002968 0.000000 289.118089 
621000 3105.000000 0.371506 -0.040057 0.000000 289.153439 0.244173 0.000000 288.787180 
622000 3110.000000 0.367007 -0.016819 0.000000 289.377173 0.061546 0.000000 289.284854 
623000 3115.000000 0.535116 -0.009344 0.000000 289.973132 0.304721 0.000000 289.516051 
624000 3120.000000 0.339361 0.125325 0.000000 289.542867 0.061349 0.000000 289.450843 
625000 3125.000000 -0.194773 0.477337 0.000000 290.750755 0.213190 0.000000 290.430970 
626000 3130.000000 0.320265 0.404899 0.000000 290.206370 0.107537 0.000000 290.045064 
627000 3135.000000 -0.371910 0.528503 0.000000 290.720857 0.061707 0.000000 290.628296 
628000 3140.000000 -0.402298 0.641173 0.000000 291.002442 1.139415 0.000000 289.293319 
629000 3145.000000 -0.348593 0.523794 0.000000 291.297479 0.218727 0.000000 290.969389 
630000 3150.000000 -1.079050 0.819086 0.000000 291.269726 0.438337 0.000000 290.612221 
631000 3155.000000 -1.088889 0.693206 0.000000 291.031833 0.165929 0.000000 290.782939 
632000 3160.000000 -0.228461 0.282143 0.000000 291.777879 0.547478 0.000000 290.956662 
633000 3165.000000 -0.135083 0.418727 0.000000 292.930697 0.072543 0.000000 292.821882 
634000 3170.000000 -0.321976 0.540485 0.000000 293.101513 0.522164 0.000000 292.318266 
635000 3175.000000 0.361397 -0.031592 0.000000 292.852652 0.300657 0.000000 292.401668 
636000 3180.000000 0.198875 0.046613 0.000000 293.000731 0.024303 0.000000 292.964276 
637000 3185.000000 0.529931 -0.057707 0.000000 293.182045 0.242842 0.000000 292.817782 
638000 3190.000000 0.350342 0.106089 0.000000 293.661820 0.497176 0.000000 292.916057 
639000 3195.000000 0.463576 -0.000835 0.000000 294.139729 0.117591 0.000000 293.963343 
640000 3200.000000 0.244641 0.071353 0.000000 294.454311 0.251817 0.000000 294.076585 
641000 3205.000000 -0.435387 0.420095 0.000000 294.537389 0.445082 0.000000 293.869767 
642000 3210.000000 -0.308693 0.564524 0.000000 294.839331 0.032965 0.000000 294.789884 
643000 3215.000000 -0.262591 0.455870 0.000000 295.605325 0.447954 0.000000 294.933394 
644000 3220.000000 0.280591 0.219030 0.000000 294.764423 0.636036 0.000000 293.810369 
645000 3225.000000 0.304608 0.181294 0.000000 294.720203 0.279304 0.000000 294.301247 
646000 3230.000000 -0.346652 0.597169 0.000000 295.705267 0.198294 0.000000 295.407826 
647000 3235.000000 0.631567 -0.031028 0.000000 296.258615 0.420994 0.000000 295.627124 
648000 3240.000000 0.245443 0.041465 0.000000 296.281047 0.030393 0.000000 296.235457 
649000 3245.000000 0.176130 0.527862 0.000000 296.790631 0.092025 0.000000 296.652594 
650000 3250.000000 -0.065149 0.293030 0.000000 296.966412 0.488273 0.000000 296.234002 
651000 3255.000000 0.688189 0.026962 0.000000 298.159356 1.733966 0.000000 295.558407 
652000 3260.000000 0.034410 0.047916 0.000000 297.069401 0.335444 0.000000 296.566235 
653000 3265.000000 0.105635 0.067624 0.000000 297.019926 0.030331 0.000000 296.974429 
654000 3270.000000 0.542340 0.112294 0.000000 297.600770 0.033346 0.000000 297.550752 
655000 3275.000000 0.478706 0.081405 0.000000 297.920633 0.007128 0.000000 297.909942 
656000 3280.000000 0.606762 0.006586 0.000000 298.844080 0.937949 0.000000 297.437157 
657000 3285.000000 0.298786 0.030436 0.000000 299.042969 1.442202 0.000000 296.879667 
658000 3290.000000 -0.102843 0.650100 0.000000 298.641934 0.755421 0.000000 297.508803 
659000 3295.000000 -0.035291 0.323722 0.000000 299.097604 0.099913 0.000000 298.947735 
660000 3300.000000 0.011793 0.636400 0.000000 298.433885 0.035148 0.000000 298.381163 
661000 3305.000000 -0.403206 0.517419 0.000000 299.890122 1.289774 0.000000 297.955460 
662000 3310.000000 -0.012635 0.487075 0.000000 300.511602 0.819257 0.000000 299.282716 
663000 3315.000000 0.054995 0.455457 0.000000 300.593968 0.081321 0.000000 300.471987 
664000 3320.000000 -0.283061 0.497581 0.000000 300.701033 0.371085 0.000000 300.144406 
665000 3325.000000 0.207051 0.101072 0.000000 300.190476 0.067927 0.000000 300.088585 
666000 3330.000000 0.784587 -0.060765 0.000000 300.054972 1.400136 0.000000 297.954768 
667000 3335.000000 0.059704 -0.008363 0.000000 300.441924 0.028515 0.000000 300.399151 
668000 3340.000000 -0.009680 0.428774 0.000000 301.633104 0.188323 0.000000 301.350619 
669000 3345.000000 0.262666 0.046518 0.000000 301.392374 0.120145 0.000000 301.212158 
670000 3350.000000 0.020846 0.145772 0.000000 301.491932 0.177882 0.000000 301.225109 
671000 3355.000000 0.075663 0.368675 0.000000 303.064715 1.802081 0.000000 300.361593 
672000 3360.000000 0.466653 0.119121 0.000000 301.999252 0.256292 0.000000 301.614814 
673000 3365.000000 0.663115 0.064233 0.000000 302.622025 0.319295 0.000000 302.143082 
674000 3370.000000 0.646635 0.071693 0.000000 303.200634 1.298224 0.000000 301.253299 
675000 3375.000000 0.047068 0.010287 0.000000 302.329757 0.254026 0.000000 301.948718 
676000 3380.000000 0.268442 0.297002 0.000000 302.849952 0.322395 0.000000 302.366359 
677000 3385.000000 0.030035 0.461904 0.000000 303.949689 0.395992 0.000000 303.355700 
678000 3390.000000 -0.104095 0.347967 0.000000 303.916056 0.365423 0.000000 303.367922 
679000 3395.000000 0.035849 0.595030 0.000000 304.317852 0.907545 0.000000 302.956534 
680000 3400.000000 -0.015716 0.611309 0.000000 304.170417 0.260684 0.000000 303.779391 
681000 3405.000000 -0.500406 0.498477 0.000000 304.628459 0.416187 0.000000 304.004179 
682000 3410.000000 0.088027 0.499424 0.000000 305.246047 0.134660 0.000000 305.044057 
683000 3415.000000 0.162076 0.280827 0.000000 305.647845 0.715070 0.000000 304.575240 
684000 3420.000000 -0.019130 0.473757 0.000000 305.720188 0.048007 0.000000 305.648178 
685000 3425.000000 0.144570 0.151936 0.000000 305.259807 0.194750 0.000000 304.967682 
686000 3430.000000 0.413695 -0.009477 0.000000 306.279173 0.293028 0.000000 305.839631 
687000 3435.000000 0.597742 0.094006 0.000000 306.233537 0.599683 0.000000 305.334013 
688000 3440.000000 -0.145740 0.374442 0.000000 306.634584 0.058230 0.000000 306.547239 
689000 3445.000000 0.028699 0.476170 0.000000 306.951834 0.075874 0.000000 306.838023 
690000 3450.000000 -0.177632 0.495868 0.000000 307.356717 0.088852 0.000000 307.223439 
691000 3455.000000 -0.031931 -0.019193 0.000000 306.150923 0.432223 0.000000 305.502587 
692000 3460.000000 0.043776 0.149381 0.000000 307.708417 1.119782 0.000000 306.028744 
693000 3465.000000 0.050890 0.011350 0.000000 307.789415 1.394538 0.000000 305.697608 
694000 3470.000000 0.296473 0.069002 0.000000 308.023081 0.079059 0.000000 307.904493 
695000 3475.000000 -0.097080 0.543966 0.000000 308.543709 0.051363 0.000000 308.466666 
696000 3480.000000 0.078310 0.595555 0.000000 308.551175 0.176257 0.000000 308.286790 
697000 3485.000000 -0.385923 0.369874 0.000000 308.942834 0.015392 0.000000 308.919747 
698000 3490.000000 -0.324430 0.498100 0.000000 309.603211 0.706001 0.000000 308.544208 
699000 3495.000000 0.121387 0.244352 0.000000 309.491730 0.190919 0.000000 309.205352 
700000 3500.000000 0.673830 -0.019323 0.000000 309.994776 0.669763 0.000000 308.990132 
701000 3505.000000 0.909912 0.028702 0.000000 309.383993 0.635335 0.000000 308.430990 
702000 3510.000000 0.639761 0.100055 0.000000 309.747869 0.147526 0.000000 309.526580 
703000 3515.000000 -0.208314 0.499685 0.000000 310.865859 0.383428 0.000000 310.290717 
704000 3520.000000 0.397759 0.388904 0.000000 310.442801 0.140663 0.000000 310.231807 
705000 3525.000000 0.586045 0.036955 0.000000 311.111118 0.091117 0.000000 310.974443 
706000 3530.000000 -0.203584 0.434966 0.000000 311.764442 0.389430 0.000000 311.180298 
707000 3535.000000 0.175238 0.308346 0.000000 311.517323 0.162987 0.000000 311.272842 
708000 3540.000000 -1.078359 0.737786 0.000000 311.743955 1.521402 0.000000 309.461853 
709000 3545.000000 -0.939056 0.838579 0.000000 311.686024 0.619878 0.000000 310.756207 
710000 3550.000000 -0.591842 1.481175 0.000000 312.393777 0.282951 0.000000 311.969351 
711000 3555.000000 -1.032051 0.892565 0.000000 312.518841 0.576230 0.000000 311.654496 
712000 3560.000000 -0.155008 0.529658 0.000000 313.053945 0.813825 0.000000 311.833207 
713000 3565.000000 -0.080211 0.177499 0.000000 312.667847 0.255591 0.000000 312.284461 
714000 3570.000000 0.161106 0.476509 0.000000 314.340662 1.309896 0.000000 312.375819 
715000 3575.000000 -0.189733 0.584469 0.000000 313.883902 0.818568 0.000000 312.656050 
716000 3580.000000 -0.143900 0.348681 0.000000 314.038774 0.572886 0.000000 313.179445 
717000 3585.000000 -0.099954 0.503998 0.000000 314.193619 0.066335 0.000000 314.094116 
718000 3590.000000 0.218487 0.431018 0.000000 314.699701 0.232480 0.000000 314.350980 
719000 3595.000000 -0.438949 0.605375 0.000000 315.003953 1.393335 0.000000 312.913950 
720000 3600.000000 -0.804555 1.410940 0.000000 315.826877 1.731905 0.000000 313.229020 
721000 3605.000000 -0.614311 1.542136 0.000000 315.514475 1.480457 0.000000 313.293790 
722000 3610.000000 -0.488500 1.367093 0.000000 315.011262 0.385354 0.000000 314.433231 
723000 3615.000000 -0.905636 0.955065 0.000000 315.697600 0.968840 0.000000 314.244339 
724000 3620.000000 -0.738581 1.358002 0.000000 315.733203 0.025265 0.000000 315.695306 
725000 3625.000000 -0.926410 1.461911 0.000000 314.493176 0.291029 0.000000 314.056634 
726000 3630.000000 -1.025718 0.736101 0.000000 315.383305 0.195309 0.000000 315.090342 
727000 3635.000000 -0.670908 1.434043 0.000000 316.508491 0.218161 0.000000 316.181249 
728000 3640.000000 -0.187385 1.633805 0.000000 314.927979 1.036315 0.000000 313.373507 
729000 3645.000000 -0.314957 1.421449 0.000000 315.329270 0.219443 0.000000 315.000105 
730000 3650.000000 -0.645220 1.198660 0.000000 317.033643 0.433107 0.000000 316.383983 
731000 3655.000000 -0.579405 1.237195 0.000000 316.700848 0.378347 0.000000 316.133327 
732000 3660.000000 -0.331205 1.593244 0.000000 316.467104 0.116582 0.000000 316.292230 
733000 3665.000000 -0.458291 1.429844 0.000000 316.932047 0.199385 0.000000 316.632969 
734000 3670.000000 -1.246426 0.775526 0.000000 315.983157 0.521860 0.000000 315.200366 
735000 3675.000000 -0.372113 1.670162 0.000000 317.334357 0.584524 0.000000 316.457571 
736000 3680.000000 -0.279428 1.574261 0.000000 317.056401 0.705833 0.000000 315.997652 
737000 3685.000000 -0.611774 1.197621 0.000000 318.064819 1.536783 0.000000 315.759644 
738000 3690.000000 -0.433389 1.534451 0.000000 318.085424 0.340593 0.000000 317.574534 
739000 3695.000000 -0.747097 1.264766 0.000000 318.456053 0.173131 0.000000 318.196356 
740000 3700.000000 -0.649839 1.439738 0.000000 318.241653 0.042265 0.000000 318.178256 
741000 3705.000000 -0.356531 1.490058 0.000000 317.879912 0.040628 0.000000 317.818971 
742000 3710.000000 -0.706043 1.339061 0.000000 318.978193 0.765080 0.000000 317.830574 
743000 3715.000000 -0.985641 1.035941 0.000000 318.542464 0.162680 0.000000 318.298444 
744000 3720.000000 -0.494029 1.569799 0.000000 318.520713 0.076073 0.000000 318.406603 
745000 3725.000000 -0.406096 1.707747 0.000000 318.317087 0.331033 0.000000 317.820537 
746000 3730.000000 -0.703053 1.145127 0.000000 318.945899 0.304607 0.000000 318.488989 
747000 3735.000000 -0.154059 0.505562 0.000000 319.110785 0.225196 0.000000 318.772991 
748000 3740.000000 -0.048512 0.457650 0.000000 320.056203 1.076165 0.000000 318.441955 
749000 3745.000000 -0.295183 0.430350 0.000000 319.719319 0.032423 0.000000 319.670683 
750000 3750.000000 -0.032468 0.266887 0.000000 319.669086 0.169888 0.000000 319.414254 
751000 3755.000000 -0.271927 0.487798 0.000000 320.244434 0.186938 0.000000 319.964026 
752000 3760.000000 -0.083659 0.404999 0.000000 320.543785 0.582777 0.000000 319.669619 
753000 3765.000000 0.150345 0.086931 0.000000 320.042134 0.006552 0.000000 320.032306 
754000 3770.000000 0.599761 0.008197 0.000000 320.981791 0.383326 0.000000 320.406802 
755000 3775.000000 -0.010362 0.296167 0.000000 321.078981 0.329463 0.000000 320.584787 
756000 3780.000000 0.071068 0.337160 0.000000 321.246871 0.291367 0.000000 320.809820 
757000 3785.000000 0.509419 -0.100623 0.000000 320.116135 0.061516 0.000000 320.023860 
758000 3790.000000 0.472241 -0.022025 0.000000 321.519645 0.249202 0.000000 321.145842 
759000 3795.000000 0.248631 -0.007767 0.000000 321.643676 0.205936 0.000000 321.334773 
760000 3800.000000 0.080148 0.431882 0.000000 322.767219 0.937692 0.000000 321.360681 
761000 3805.000000 0.139744 0.099070 0.000000 322.675267 1.898478 0.000000 319.827550 
762000 3810.000000 -0.359059 0.549903 0.000000 322.360669 0.627101 0.000000 321.420017 
763000 3815.000000 -0.776529 0.477216 0.000000 321.433275 0.196346 0.000000 321.138755 
764000 3820.000000 -0.913970 1.108369 0.000000 323.610346 0.540429 0.000000 322.799703 
765000 3825.000000 -0.607493 1.371662 0.000000 323.537523 0.186840 0.000000 323.257262 
766000 3830.000000 -0.333963 1.385983 0.000000 322.728556 1.513432 0.000000 320.458409 
767000 3835.000000 -0.883258 1.203383 0.000000 323.878426 0.553898 0.000000 323.047578 
768000 3840.000000 -0.920011 0.916371 0.000000 323.439866 0.266486 0.000000 323.040136 
769000 3845.000000 -0.930553 1.091205 0.000000 324.179434 0.186478 0.000000 323.899717 
770000 3850.000000 -0.850337 1.145026 0.000000 324.562158 0.263101 0.000000 324.167506 
771000 3855.000000 -0.891785 1.066216 0.000000 324.665308 0.365137 0.000000 324.117603 
772000 3860.000000 -0.860465 1.057089 0.000000 324.634329 0.386658 0.000000 324.054341 
773000 3865.000000 -0.415715 1.581651 0.000000 324.552001 0.082538 0.000000 324.428195 
774000 3870.000000 -0.912415 1.064388 0.000000 324.851815 0.260127 0.000000 324.461625 
775000 3875.000000 -0.739019 1.255486 0.000000 325.424140 0.427785 0.000000 324.782463 
776000 3880.000000 -1.127963 0.962557 0.000000 323.907998 0.198299 0.000000 323.610550 
777000 3885.000000 -0.797799 1.450746 0.000000 325.212876 1.445322 0.000000 323.044894 
778000 3890.000000 -1.082141 0.901530 0.000000 325.183144 1.430773 0.000000 323.036985 
779000 3895.000000 -0.909000 0.961428 0.000000 325.400592 0.527506 0.000000 324.609333 
780000 3900.000000 -0.618828 1.434788 0.000000 326.338779 1.194830 0.000000 324.546533 
781000 3905.000000 -0.831555 0.796456 0.000000 324.871668 0.160634 0.000000 324.630718 
782000 3910.000000 -0.904097 1.190278 0.000000 325.927554 0.370645 0.000000 325.371587 
783000 3915.000000 -0.781189 1.349722 0.000000 325.926146 0.539001 0.000000 325.117643 
784000 3920.000000 -0.390054 1.595278 0.000000 326.305659 0.627349 0.000000 325.364636 
785000 3925.000000 -0.370661 1.672674 0.000000 325.725480 0.095548 0.000000 325.582158 
786000 3930.000000 -0.528649 0.382636 0.000000 326.123002 0.933936 0.000000 324.722097 
787000 3935.000000 0.030263 0.375669 0.000000 326.908996 0.647159 0.000000 325.938257 
788000 3940.000000 0.611577 0.088570 0.000000 326.675996 0.526173 0.000000 325.886736 
789000 3945.000000 0.195910 0.283128 0.000000 326.734818 0.097137 0.000000 326.589113 
790000 3950.000000 0.083267 0.334219 0.000000 327.071476 0.462526 0.000000 326.377688 
791000 3955.000000 0.084281 0.414343 0.000000 327.606237 0.410111 0.000000 326.991071 
792000 3960.000000 -0.054707 0.546007 0.000000 327.794802 0.085496 0.000000 327.666558 
793000 3965.000000 0.381159 0.324896 0.000000 327.901150 1.729122 0.000000 325.307466 
794000 3970.000000 -0.187228 0.262652 0.000000 327.948422 0.840686 0.000000 326.687394 
795000 3975.000000 0.091106 0.583554 0.000000 328.041726 0.217359 0.000000 327.715688 
796000 3980.000000 0.686913 0.133141 0.000000 327.290843 0.131367 0.000000 327.093792 
797000 3985.000000 -0.255092 0.478827 0.000000 328.688155 0.303083 0.000000 328.233531 
798000 3990.000000 -0.345844 0.451341 0.000000 328.971617 0.170613 0.000000 328.715698 
799000 3995.000000 -0.241650 0.596668 0.000000 329.047377 0.334942 0.000000 328.544964 
800000 4000.000000 0.284789 0.476989 0.000000 329.463374 0.670640 0.000000 328.457415 
801000 4005.000000 0.292037 0.112544 0.000000 329.376115 0.838836 0.000000 328.117861 
802000 4010.000000 0.092774 0.433156 0.000000 329.674029 0.106846 0.000000 329.513759 
803000 4015.000000 0.448733 -0.061707 0.000000 329.461334 0.320358 0.000000 328.980796 
804000 4020.000000 -0.144580 0.665123 0.000000 329.568319 0.257549 0.000000 329.181996 
805000 4025.000000 -0.090444 0.235485 0.000000 330.102888 0.224849 0.000000 329.765614 
806000 4030.000000 0.163909 0.275925 0.000000 330.694915 0.697466 0.000000 329.648716 
807000 4035.000000 0.048050 0.396615 0.000000 330.765569 0.069421 0.000000 330.661438 
808000 4040.000000 -0.452569 0.377685 0.000000 330.756277 0.443753 0.000000 330.090647 
809000 4045.000000 -0.542863 0.404085 0.000000 330.535319 0.104360 0.000000 330.378779 
810000 4050.000000 -0.546911 0.416670 0.000000 330.916741 0.400080 0.000000 330.316621 
811000 4055.000000 0.565996 0.070604 0.000000 331.572221 0.172411 0.000000 331.313605 
812000 4060.000000 0.255338 0.392055 0.000000 332.530896 1.707218 0.000000 329.970068 
813000 4065.000000 -0.468627 0.543706 0.000000 331.918800 0.203855 0.000000 331.613017 
814000 4070.000000 -0.827337 1.194162 0.000000 333.068255 0.821580 0.000000 331.835885 
815000 4075.000000 -0.696542 1.395173 0.000000 333.388660 1.849774 0.000000 330.613999 
816000 4080.000000 -0.950954 1.159836 0.000000 332.463582 0.603289 0.000000 331.558648 
817000 4085.000000 -0.603705 1.313288 0.000000 333.315350 1.373320 0.000000 331.255370 
818000 4090.000000 -0.656016 1.249842 0.000000 333.109493 0.524177 0.000000 332.323228 
819000 4095.000000 -0.778944 1.170809 0.000000 333.317757 0.278580 0.000000 332.899888 
820000 4100.000000 -0.355754 1.703236 0.000000 332.394417 0.270371 0.000000 331.988860 
821000 4105.000000 -0.746742 1.366366 0.000000 333.096089 0.014740 0.000000 333.073979 
822000 4110.000000 -0.834692 1.233600 0.000000 333.899802 0.948984 0.000000 332.476326 
823000 4115.000000 -0.532585 1.366157 0.000000 333.572040 0.275686 0.000000 333.158511 
824000 4120.000000 -0.515871 1.393877 0.000000 334.201249 1.132314 0.000000 332.502779 
825000 4125.000000 -0.650612 1.357765 0.000000 333.946499 0.027862 0.000000 333.904706 
826000 4130.000000 -0.876836 1.534543 0.000000 332.088603 0.645230 0.000000 331.120757 
827000 4135.000000 -0.756606 1.236099 0.000000 334.392549 0.346259 0.000000 333.873160 
828000 4140.000000 -0.630422 1.415988 0.000000 334.491539 0.497571 0.000000 333.745182 
829000 4145.000000 -1.028869 0.874916 0.000000 333.777983 0.079034 0.000000 333.659432 
830000 4150.000000 -0.732167 1.304621 0.000000 334.970891 0.372104 0.000000 334.412735 
831000 4155.000000 -0.645703 1.462281 0.000000 334.678194 0.424222 0.000000 334.041861 
832000 4160.000000 -1.021978 0.874281 0.000000 334.176852 0.154868 0.000000 333.944551 
833000 4165.000000 -0.671618 1.212931 0.000000 334.936549 0.385590 0.000000 334.358163 
834000 4170.000000 -0.571478 1.478141 0.000000 335.150233 0.462588 0.000000 334.456351 
835000 4175.000000 -0.430681 1.396992 0.000000 334.398608 0.426026 0.000000 333.759570 
836000 4180.000000 -0.583745 1.292222 0.000000 334.996087 0.549422 0.000000 334.171954 
837000 4185.000000 -0.872224 1.090858 0.000000 335.571681 0.029227 0.000000 335.527841 
838000 4190.000000 -0.896348 1.134262 0.000000 335.411146 0.091695 0.000000 335.273603 
839000 4195.000000 -0.437647 1.580681 0.000000 335.441346 0.105459 0.000000 335.283158 
840000 4200.000000 -0.732439 1.315714 0.000000 335.887852 0.031983 0.000000 335.839878 
841000 4205.000000 -0.798696 1.100518 0.000000 335.928838 0.453465 0.000000 335.248641 
842000 4210.000000 -0.419267 1.555111 0.000000 335.875999 0.024354 0.000000 335.839468 
843000 4215.000000 -0.519930 1.394261 0.000000 336.625876 0.980085 0.000000 335.155748 
844000 4220.000000 -0.781967 1.284284 0.000000 337.214109 1.834138 0.000000 334.462902 
845000 4225.000000 -0.981852 0.997446 0.000000 336.320564 0.683696 0.000000 335.295020 
846000 4230.000000 -0.472395 1.468942 0.000000 337.001102 0.792700 0.000000 335.812052 
847000 4235.000000 -0.794123 1.350961 0.000000 336.023722 0.146927 0.000000 335.803332 
848000 4240.000000 -0.630565 1.268443 0.000000 336.842690 0.711529 0.000000 335.775396 
849000 4245.000000 -0.345740 0.422635 0.000000 336.911773 0.248157 0.000000 336.539538 
850000 4250.000000 -0.493721 0.571038 0.000000 336.609545 0.007542 0.000000 336.598232 
851000 4255.000000 0.009079 0.434985 0.000000 337.968981 1.109820 0.000000 336.304252 
852000 4260.000000 0.048455 0.293410 0.000000 337.775939 0.886611 0.000000 336.446022 
853000 4265.000000 0.240625 0.500283 0.000000 337.799917 0.276407 0.000000 337.385307 
854000 4270.000000 -0.215256 0.451191 0.000000 338.078110 0.355350 0.000000 337.545085 
855000 4275.000000 -0.021128 0.564660 0.000000 338.152636 0.011504 0.000000 338.135379 
856000 4280.000000 -0.075267 0.565321 0.000000 338.389154 0.240811 0.000000 338.027938 
857000 4285.000000 0.195069 0.461894 0.000000 338.823273 0.356289 0.000000 338.288839 
858000 4290.000000 0.152727 0.442614 0.000000 338.926525 0.025975 0.000000 338.887563 
859000 4295.000000 -0.107803 0.416736 0.000000 338.853093 0.061681 0.000000 338.760572 
860000 4300.000000 0.257414 0.198375 0.000000 338.591988 0.499654 0.000000 337.842507 
861000 4305.000000 -0.245137 0.557175 0.000000 340.413282 1.981241 0.000000 337.441421 
862000 4310.000000 -0.668129 0.500364 0.000000 339.558827 1.537645 0.000000 337.252359 
863000 4315.000000 -0.839485 1.232741 0.000000 340.562225 1.411570 0.000000 338.444870 
864000 4320.000000 -0.378311 1.648441 0.000000 339.391668 0.087584 0.000000 339.260292 
865000 4325.000000 -0.652938 1.262901 0.000000 340.484961 0.993024 0.000000 338.995426 
866000 4330.000000 -0.678534 1.464415 0.000000 340.125719 0.921742 0.000000 338.743105 
867000 4335.000000 -0.774116 1.278850 0.000000 340.508922 0.269403 0.000000 340.104817 
868000 4340.000000 -0.738505 1.210868 0.000000 342.015672 2.860425 0.000000 337.725035 
869000 4345.000000 -0.906603 0.977297 0.000000 341.130575 1.786762 0.000000 338.450432 
870000 4350.000000 -0.749159 1.334979 0.000000 340.964602 0.453591 0.000000 340.284216 
871000 4355.000000 -0.544770 1.448690 0.000000 341.524305 1.097475 0.000000 339.878092 
872000 4360.000000 -0.632571 0.996735 0.000000 340.372789 0.416500 0.000000 339.748039 
873000 4365.000000 -0.464782 1.607475 0.000000 340.763214 0.084051 0.000000 340.637139 
874000 4370.000000 -0.441199 1.531125 0.000000 341.245924 0.052563 0.000000 341.167079 
875000 4375.000000 -0.660400 1.354125 0.000000 341.608576 0.181308 0.000000 341.336614 
876000 4380.000000 -0.608028 1.534608 0.000000 341.308616 0.451210 0.000000 340.631801 
877000 4385.000000 -0.760247 1.242095 0.000000 341.777044 0.037681 0.000000 341.720523 
878000 4390.000000 -0.405012 1.497177 0.000000 341.555923 0.174229 0.000000 341.294580 
879000 4395.000000 -0.515263 1.365151 0.000000 341.984147 1.171049 0.000000 340.227572 
880000 4400.000000 -0.667585 1.336942 0.000000 342.423287 0.673606 0.000000 341.412878 
881000 4405.000000 -0.635547 1.400288 0.000000 342.492766 1.135141 0.000000 340.790055 
882000 4410.000000 -0.946174 0.976846 0.000000 341.881738 0.466128 0.000000 341.182546 
883000 4415.000000 -0.915318 1.109072 0.000000 342.253474 0.085355 0.000000 342.125443 
884000 4420.000000 -0.169511 0.297164 0.000000 342.140206 0.021716 0.000000 342.107632 
885000 4425.000000 -0.003458 0.373029 0.000000 342.918470 0.710853 0.000000 341.852191 
886000 4430.000000 0.033864 0.435066 0.000000 343.096611 0.450578 0.000000 342.420744 
887000 4435.000000 -0.339397 0.437774 0.000000 343.375466 0.787121 0.000000 342.194784 
888000 4440.000000 -0.149756 0.202167 0.000000 342.503987 0.153562 0.000000 342.273643 
889000 4445.000000 -0.629915 1.374705 0.000000 343.770681 0.632611 0.000000 342.821764 
890000 4450.000000 -0.900403 1.189979 0.000000 343.736035 0.707342 0.000000 342.675022 
891000 4455.000000 -0.437505 1.432694 0.000000 343.191474 0.100972 0.000000 343.040015 
892000 4460.000000 -0.828244 1.024967 0.000000 343.638048 0.921193 0.000000 342.256259 
893000 4465.000000 -1.091223 1.097083 0.000000 343.134728 0.738371 0.000000 342.027171 
894000 4470.000000 -0.984608 1.014738 0.000000 344.289345 1.178817 0.000000 342.521119 
895000 4475.000000 -0.600839 1.458095 0.000000 344.213893 0.237168 0.000000 343.858140 
896000 4480.000000 -0.816137 0.985349 0.000000 343.525345 0.211292 0.000000 343.208406 
897000 4485.000000 0.441417 0.407360 0.000000 343.694883 0.387196 0.000000 343.114089 
898000 4490.000000 0.454195 0.098850 0.000000 344.762020 1.082828 0.000000 343.137778 
899000 4495.000000 0.385828 -0.004218 0.000000 344.733456 0.184467 0.000000 344.456756 
900000 4500.000000 -0.249357 0.607947 0.000000 344.653366 0.170882 0.000000 344.397044 
901000 4505.000000 -0.058010 0.546651 0.000000 345.334082 0.536753 0.000000 344.528952 
902000 4510.000000 -0.042960 0.506406 0.000000 345.520002 0.465896 0.000000 344.821159 
903000 4515.000000 0.616245 0.060051 0.000000 345.376002 0.184507 0.000000 345.099242 
904000 4520.000000 -0.385687 0.309470 0.000000 344.663190 0.145706 0.000000 344.444631 
905000 4525.000000 -0.194649 0.443077 0.000000 346.263920 0.973305 0.000000 344.803963 
906000 4530.000000 0.075112 0.407316 0.000000 345.934114 0.241391 0.000000 345.572028 
907000 4535.000000 -0.559468 0.479803 0.000000 345.704381 0.335981 0.000000 345.200409 
908000 4540.000000 -0.267889 0.454674 0.000000 346.253119 0.275563 0.000000 345.839775 
909000 4545.000000 -0.485319 0.534202 0.000000 347.389910 2.503544 0.000000 343.634594 
910000 4550.000000 0.086772 0.242282 0.000000 346.557992 0.228027 0.000000 346.215951 
911000 4555.000000 0.605916 -0.001026 0.000000 346.915878 0.123269 0.000000 346.730974 
912000 4560.000000 -0.005360 0.582884 0.000000 346.682639 0.229332 0.000000 346.338642 
913000 4565.000000 -0.291158 0.436396 0.000000 347.471988 0.949522 0.000000 346.047705 
914000 4570.000000 0.063362 0.500301 0.000000 347.479262 0.089912 0.000000 347.344393 
915000 4575.000000 -0.050716 0.571640 0.000000 347.510993 0.375995 0.000000 346.947000 
916000 4580.000000 -0.293417 0.326353 0.000000 347.604950 0.352767 0.000000 347.075799 
917000 4585.000000 -0.191809 0.518177 0.000000 347.918052 0.193995 0.000000 347.627060 
918000 4590.000000 0.558641 0.189951 0.000000 346.604024 0.814432 0.000000 345.382375 
919000 4595.000000 -0.321395 0.444650 0.000000 348.480322 0.840445 0.000000 347.219655 
920000 4600.000000 -0.209180 0.255056 0.000000 347.722912 0.070424 0.000000 347.617276 
921000 4605.000000 -0.040677 0.092804 0.000000 348.239743 0.378044 0.000000 347.672678 
922000 4610.000000 -0.434242 0.529987 0.000000 348.715505 0.196893 0.000000 348.420166 
923000 4615.000000 -0.254288 0.422352 0.000000 349.141278 0.650488 0.000000 348.165546 
924000 4620.000000 -0.065295 0.516273 0.000000 349.410144 0.200500 0.000000 349.109393 
925000 4625.000000 -0.027799 0.515652 0.000000 349.659928 0.411419 0.000000 349.042799 
926000 4630.000000 0.238563 0.098566 0.000000 349.779429 0.661152 0.000000 348.787701 
927000 4635.000000 -0.132936 0.230992 0.000000 349.278806 0.196701 0.000000 348.983755 
928000 4640.000000 0.367043 -0.065143 0.000000 349.506763 0.410859 0.000000 348.890474 
929000 4645.000000 -0.130526 0.381407 0.000000 350.114863 0.064886 0.000000 350.017534 
930000 4650.000000 0.115286 0.535284 0.000000 350.340567 0.042171 0.000000 350.277311 
931000 4655.000000 -0.009329 0.486980 0.000000 350.827945 0.787249 0.000000 349.647072 
932000 4660.000000 0.259287 0.430959 0.000000 351.102351 1.297879 0.000000 349.155532 
933000 4665.000000 -0.024687 0.406697 0.000000 351.250770 0.933744 0.000000 349.850154 
934000 4670.000000 0.327662 0.577170 0.000000 350.279598 0.049327 0.000000 350.205607 
935000 4675.000000 -0.118642 0.537498 0.000000 351.118644 0.039420 0.000000 351.059514 
936000 4680.000000 0.344719 0.565758 0.000000 350.624244 0.139981 0.000000 350.414273 
937000 4685.000000 0.537570 0.051372 0.000000 351.874189 0.262170 0.000000 351.480933 
938000 4690.000000 0.115852 0.348551 0.000000 351.707952 0.258057 0.000000 351.320866 
939000 4695.000000 0.333874 0.091705 0.000000 352.092354 1.052965 0.000000 350.512907 
940000 4700.000000 0.289326 0.062091 0.000000 352.140507 0.586389 0.000000 351.260924 
941000 4705.000000 0.257732 0.401394 0.000000 352.169522 0.524514 0.000000 351.382751 
942000 4710.000000 0.589802 -0.016023 0.000000 352.689665 0.706476 0.000000 351.629950 
943000 4715.000000 -0.260781 0.626527 0.000000 352.500528 0.623363 0.000000 351.565483 
944000 4720.000000 0.004131 0.583726 0.000000 352.623983 0.584173 0.000000 351.747724 
945000 4725.000000 -0.056180 0.486650 0.000000 353.018495 0.126081 0.000000 352.829373 
946000 4730.000000 -0.294168 0.551226 0.000000 353.108745 0.520140 0.000000 352.328535 
947000 4735.000000 -0.190833 0.533504 0.000000 353.457059 0.444297 0.000000 352.790614 
948000 4740.000000 -0.324071 0.492721 0.000000 353.623208 0.487431 0.000000 352.892062 
949000 4745.000000 0.250283 0.467741 0.000000 354.075288 1.137257 0.000000 352.369401 
950000 4750.000000 -0.616202 0.639617 0.000000 353.419134 0.984460 0.000000 351.942444 
951000 4755.000000 -0.393480 1.520374 0.000000 354.014273 0.064227 0.000000 353.917932 
952000 4760.000000 -0.727259 1.202700 0.000000 354.425813 0.014188 0.000000 354.404531 
953000 4765.000000 -0.799364 1.117062 0.000000 354.553043 0.357398 0.000000 354.016946 
954000 4770.000000 -0.755444 1.210206 0.000000 354.684803 0.183291 0.000000 354.409866 
955000 4775.000000 -0.574848 1.245348 0.000000 353.930024 0.189315 0.000000 353.646051 
956000 4780.000000 -0.849806 1.058886 0.000000 354.452173 0.030873 0.000000 354.405864 
957000 4785.000000 -0.614773 1.452890 0.000000 355.052877 0.552301 0.000000 354.224425 
958000 4790.000000 -0.587840 1.243312 0.000000 354.263607 0.070704 0.000000 354.157550 
959000 4795.000000 -0.675729 1.198515 0.000000 354.937183 0.166712 0.000000 354.687114 
960000 4800.000000 -0.800803 1.134208 0.000000 355.279603 0.198544 0.000000 354.981788 
961000 4805.000000 -0.766068 1.275408 0.000000 355.579049 0.442135 0.000000 354.915846 
962000 4810.000000 -0.690919 1.356125 0.000000 356.286785 1.702536 0.000000 353.732980 
963000 4815.000000 -0.893621 1.371896 0.000000 355.003135 0.695384 0.000000 353.960059 
964000 4820.000000 -0.900672 1.206524 0.000000 355.495825 0.301430 0.000000 355.043680 
965000 4825.000000 -0.649864 1.377854 0.000000 355.895762 0.590162 0.000000 355.010519 
966000 4830.000000 -1.048522 0.453199 0.000000 352.803100 0.151440 0.000000 352.575940 
967000 4835.000000 -0.752898 1.288758 0.000000 356.315014 0.462277 0.000000 355.621599 
968000 4840.000000 -0.893765 0.817678 0.000000 355.098016 0.201653 0.000000 354.795536 
969000 4845.000000 -0.480203 1.443467 0.000000 356.170707 0.067487 0.000000 356.069476 
970000 4850.000000 -0.573972 1.354703 0.000000 356.224260 0.297077 0.000000 355.778645 
971000 4855.000000 -0.624308 1.517259 0.000000 356.465749 1.249718 0.000000 354.591172 
972000 4860.000000 -0.673683 1.540972 0.000000 355.581131 0.473983 0.000000 354.870156 
973000 4865.000000 -0.821722 1.409267 0.000000 355.633717 0.189099 0.000000 355.350070 
974000 4870.000000 -0.470015 1.328462 0.000000 355.620123 0.271853 0.000000 355.212343 
975000 4875.000000 -0.584859 1.313827 0.000000 356.562245 0.235358 0.000000 356.209209 
976000 4880.000000 -0.671973 1.242383 0.000000 357.422164 1.127651 0.000000 355.730687 
977000 4885.000000 -0.879626 1.349711 0.000000 356.313391 0.168375 0.000000 356.060828 
978000 4890.000000 -0.436716 1.550751 0.000000 357.139390 0.376876 0.000000 356.574076 
979000 4895.000000 -0.653401 1.318482 0.000000 357.396461 0.177472 0.000000 357.130253 
980000 4900.000000 -0.449654 1.598441 0.000000 357.134035 0.557064 0.000000 356.298440 
981000 4905.000000 -0.961184 0.994983 0.000000 356.955203 0.121384 0.000000 356.773127 
982000 4910.000000 -0.783318 1.136410 0.000000 357.595836 0.399266 0.000000 356.996937 
983000 4915.000000 -0.745342 1.316474 0.000000 357.769584 0.249978 0.000000 357.394618 
984000 4920.000000 -0.850438 1.007427 0.000000 357.535514 0.818918 0.000000 356.307138 
985000 4925.000000 -1.031124 0.870970 0.000000 357.766436 1.426166 0.000000 355.627187 
986000 4930.000000 -0.689407 1.334457 0.000000 358.119278 0.140961 0.000000 357.907836 
987000 4935.000000 -0.704744 1.301940 0.000000 358.313346 0.238643 0.000000 357.955382 
988000 4940.000000 -0.807022 0.482222 0.000000 356.356218 0.007693 0.000000 356.344678 
989000 4945.000000 -0.263484 0.406603 0.000000 358.556106 1.317916 0.000000 356.579232 
990000 4950.000000 0.530490 0.038648 0.000000 358.736545 0.393609 0.000000 358.146131 
991000 4955.000000 -0.158920 0.441932 0.000000 358.812104 0.390006 0.000000 358.227095 
992000 4960.000000 0.033699 0.568832 0.000000 358.392617 0.054813 0.000000 358.310398 
993000 4965.000000 -0.001549 0.190485 0.000000 358.605979 0.708683 0.000000 357.542954 
994000 4970.000000 0.252630 -0.014549 0.000000 359.043906 0.550058 0.000000 358.218819 
995000 4975.000000 0.202037 0.139287 0.000000 358.981537 0.301963 0.000000 358.528593 
996000 4980.000000 -0.057403 0.602298 0.000000 359.064661 0.492565 0.000000 358.325814 
997000 4985.000000 0.316053 0.142114 0.000000 358.669998 0.001166 0.000000 358.668250 
998000 4990.000000 0.259830 0.073413 0.000000 359.694608 0.655744 0.000000 358.710993 
999000 4995.000000 -0.147707 0.208325 0.000000 358.897201 0.010545 0.000000 358.881384 
