0 0.000000 -1.000000 0.000000 0.000000 0.069320 0.046213 0.000000 0.000000 
0 0.000000 -0.999773 -0.000454 0.000000 0.075785 0.060958 0.000000 -0.015653 
1000 5.000000 -1.089483 0.157675 0.000000 0.451800 0.638509 0.000000 -0.505964 
2000 10.000000 -0.848427 -0.258783 0.000000 -0.894951 0.053038 0.000000 -0.974509 
3000 15.000000 -1.128127 0.030961 0.000000 0.353714 0.132143 0.000000 0.155499 
4000 20.000000 -1.226528 0.029381 0.000000 0.240489 0.422118 0.000000 -0.392689 
5000 25.000000 -1.077713 0.106122 0.000000 0.297827 0.193555 0.000000 0.007495 
6000 30.000000 -1.267132 0.050865 0.000000 -0.009942 0.451939 0.000000 -0.687851 
7000 35.000000 -1.127795 -0.526625 0.000000 -1.629463 0.340900 0.000000 -2.140813 
8000 40.000000 -1.043073 -0.183439 0.000000 0.197244 0.347408 0.000000 -0.323868 
9000 45.000000 -1.141666 0.497941 0.000000 -1.593216 0.100056 0.000000 -1.743301 
10000 50.000000 -1.146944 0.064628 0.000000 0.695564 0.892575 0.000000 -0.643299 
11000 55.000000 -1.124386 0.193850 0.000000 0.474924 0.866619 0.000000 -0.825004 
12000 60.000000 -1.205765 0.101250 0.000000 0.065898 0.047367 0.000000 -0.005153 
13000 65.000000 -1.237911 -0.166232 0.000000 0.067261 0.699724 0.000000 -0.982326 
14000 70.000000 -0.909520 -0.043594 0.000000 -0.346454 0.152635 0.000000 -0.575407 
15000 75.000000 -0.981904 0.349608 0.000000 -0.487266 0.066338 0.000000 -0.586772 
16000 80.000000 -0.911916 0.122660 0.000000 -0.438332 0.001859 0.000000 -0.441121 
17000 85.000000 -1.125484 0.144991 0.000000 0.173472 0.039475 0.000000 0.114260 
18000 90.000000 -0.847743 -0.624482 0.000000 -1.505009 0.493589 0.000000 -2.245393 
19000 95.000000 -1.067876 -0.275099 0.000000 -0.102395 0.150915 0.000000 -0.328767 
20000 100.000000 -1.241212 -0.161224 0.000000 -0.007851 0.560163 0.000000 -0.848095 
21000 105.000000 -1.157441 -0.221721 0.000000 0.020403 0.254050 0.000000 -0.360673 
22000 110.000000 -1.159449 0.174787 0.000000 0.261236 0.461176 0.000000 -0.430527 
23000 115.000000 -1.136819 -0.004595 0.000000 0.558509 0.538556 0.000000 -0.249325 
24000 120.000000 -1.232961 -0.124252 0.000000 -0.081914 0.112553 0.000000 -0.250744 
25000 125.000000 -0.805877 -0.029591 0.000000 -1.103456 0.085769 0.000000 -1.232110 
26000 130.000000 -1.128807 0.143148 0.000000 0.345664 0.381871 0.000000 -0.227143 
27000 135.000000 -1.144473 0.184775 0.000000 0.057177 0.041544 0.000000 -0.005140 
28000 140.000000 -1.031488 -0.002665 0.000000 0.466148 0.616061 0.000000 -0.457944 
29000 145.000000 -1.052324 0.344130 0.000000 -0.144184 0.567063 0.000000 -0.994778 
30000 150.000000 -1.140424 -0.111640 0.000000 0.421615 0.446405 0.000000 -0.247992 
31000 155.000000 -1.082563 -0.209407 0.000000 0.189807 0.348524 0.000000 -0.332979 
32000 160.000000 -1.146733 -0.250659 0.000000 -0.103247 0.156542 0.000000 -0.338060 
33000 165.000000 -1.228295 0.067848 0.000000 0.022881 0.072036 0.000000 -0.085173 
34000 170.000000 -0.732454 0.006106 0.000000 -1.460271 0.558810 0.000000 -2.298487 
35000 175.000000 -1.268223 -0.270345 0.000000 -0.597584 0.745146 0.000000 -1.715302 
36000 180.000000 -1.100387 -0.052228 0.000000 0.311165 0.075050 0.000000 0.198590 
37000 185.000000 -1.170007 -0.371161 0.000000 -0.690669 0.371098 0.000000 -1.247316 
38000 190.000000 -1.023740 -0.075065 0.000000 0.163758 0.111696 0.000000 -0.003786 
39000 195.000000 -1.346683 0.129243 0.000000 -0.879553 0.595087 0.000000 -1.772184 
40000 200.000000 -0.877625 -0.320431 0.000000 -0.707294 0.246735 0.000000 -1.077397 
41000 205.000000 -1.286032 0.162812 0.000000 -0.256321 0.762120 0.000000 -1.399501 
42000 210.000000 -1.179519 0.255653 0.000000 -0.250849 0.124958 0.000000 -0.438286 
43000 215.000000 -0.952349 0.217726 0.000000 -0.237063 0.178304 0.000000 -0.504519 
44000 220.000000 -0.899362 0.585554 0.000000 -1.451291 0.198250 0.000000 -1.748667 
45000 225.000000 -1.115437 0.370469 0.000000 -0.477125 0.334006 0.000000 -0.978133 
46000 230.000000 -1.172661 0.155386 0.000000 0.411457 0.732639 0.000000 -0.687501 
47000 235.000000 -1.136056 0.094153 0.000000 0.576325 0.695914 0.000000 -0.467546 
48000 240.000000 -1.253332 -0.049887 0.000000 0.384603 1.048247 0.000000 -1.187768 
49000 245.000000 -1.128576 0.306240 0.000000 0.059202 0.846313 0.000000 -1.210266 
50000 250.000000 -1.175349 -0.138255 0.000000 0.303423 0.453144 0.000000 -0.376292 
51000 255.000000 -1.098389 0.252179 0.000000 0.429328 1.076478 0.000000 -1.185389 
52000 260.000000 -1.123939 0.003753 0.000000 0.376691 0.162109 0.000000 0.133527 
53000 265.000000 -1.050593 0.013059 0.000000 0.610684 0.800551 0.000000 -0.590143 
54000 270.000000 -1.018413 -0.144512 0.000000 0.616008 1.186135 0.000000 -1.163195 
55000 275.000000 -1.180471 -0.064952 0.000000 0.790957 1.220434 0.000000 -1.039693 
56000 280.000000 -1.216903 0.019341 0.000000 0.133210 0.106121 0.000000 -0.025971 
57000 285.000000 -1.164054 0.280759 0.000000 0.701327 2.125192 0.000000 -2.486460 
58000 290.000000 -1.175726 -0.120748 0.000000 0.263466 0.303314 0.000000 -0.191505 
59000 295.000000 -1.104180 -0.010763 0.000000 0.625633 0.666871 0.000000 -0.374674 
60000 300.000000 -1.327704 -0.091204 0.000000 -0.617413 0.468170 0.000000 -1.319668 
61000 305.000000 -0.960655 0.002829 0.000000 0.012318 0.286762 0.000000 -0.417825 
62000 310.000000 -0.970278 0.074066 0.000000 -0.045015 0.116090 0.000000 -0.219150 
63000 315.000000 -1.120526 -0.328110 0.000000 -0.373304 0.141781 0.000000 -0.585975 
64000 320.000000 -1.000140 -0.076679 0.000000 0.228614 0.410254 0.000000 -0.386766 
65000 325.000000 -0.936414 0.178013 0.000000 -0.022306 0.657594 0.000000 -1.008697 
66000 330.000000 -1.077733 0.127769 0.000000 0.205163 0.065059 0.000000 0.107575 
67000 335.000000 -1.218191 -0.273993 0.000000 -0.274700 0.656237 0.000000 -1.259056 
68000 340.000000 -1.292525 0.046047 0.000000 -0.249127 0.368651 0.000000 -0.802104 
69000 345.000000 -0.913318 -0.180882 0.000000 -0.380033 0.189534 0.000000 -0.664335 
70000 350.000000 -0.931907 0.038932 0.000000 -0.148516 0.282396 0.000000 -0.572110 
71000 355.000000 -1.181515 0.183638 0.000000 -0.050134 0.020858 0.000000 -0.081421 
72000 360.000000 -0.896592 -0.306568 0.000000 -0.264105 0.906766 0.000000 -1.624254 
73000 365.000000 -0.992378 0.307847 0.000000 -0.321909 0.108802 0.000000 -0.485111 
74000 370.000000 -1.245212 0.114291 0.000000 0.549733 1.478410 0.000000 -1.667882 
75000 375.000000 -1.043697 -0.079566 0.000000 0.163116 0.001717 0.000000 0.160541 
76000 380.000000 -1.204036 0.000797 0.000000 0.521289 0.768406 0.000000 -0.631320 
77000 385.000000 -0.987939 -0.016265 0.000000 0.751616 1.511911 0.000000 -1.516251 
78000 390.000000 -1.054736 0.160542 0.000000 0.088662 0.003189 0.000000 0.083878 
79000 395.000000 -1.105929 -0.025497 0.000000 0.532822 0.486013 0.000000 -0.196197 
80000 400.000000 -1.118115 -0.051195 0.000000 0.540024 0.520759 0.000000 -0.241115 
81000 405.000000 -1.151768 0.069796 0.000000 0.559064 0.642218 0.000000 -0.404263 
82000 410.000000 -1.011449 0.074511 0.000000 0.443125 0.751649 0.000000 -0.684349 
83000 415.000000 -1.166375 -0.166394 0.000000 0.065212 0.059988 0.000000 -0.024769 
84000 420.000000 -1.215836 -0.105579 0.000000 0.126024 0.271545 0.000000 -0.281294 
85000 425.000000 -0.939604 0.141800 0.000000 -0.272636 0.055136 0.000000 -0.355340 
86000 430.000000 -1.035407 0.013806 0.000000 0.332435 0.325905 0.000000 -0.156422 
87000 435.000000 -1.043114 0.148562 0.000000 0.271919 0.377944 0.000000 -0.294997 
88000 440.000000 -1.198794 0.324934 0.000000 -0.492126 0.536231 0.000000 -1.296472 
89000 445.000000 -0.987700 0.216608 0.000000 0.000151 0.374587 0.000000 -0.561729 
90000 450.000000 -0.979480 0.173488 0.000000 -0.023093 0.257234 0.000000 -0.408945 
91000 455.000000 -0.957718 0.151885 0.000000 -0.105857 0.229260 0.000000 -0.449747 
92000 460.000000 -0.960311 0.001132 0.000000 -0.075632 0.114090 0.000000 -0.246768 
93000 465.000000 -1.154185 0.411813 0.000000 -0.434873 1.245678 0.000000 -2.303390 
94000 470.000000 -0.795741 0.347777 0.000000 -1.074852 0.467383 0.000000 -1.775926 
95000 475.000000 -1.154316 0.241065 0.000000 0.023584 0.378808 0.000000 -0.544627 
96000 480.000000 -1.136131 0.082230 0.000000 0.277095 0.067564 0.000000 0.175750 
97000 485.000000 -1.020523 0.546600 0.000000 -1.159618 0.607392 0.000000 -2.070705 
98000 490.000000 -1.112306 -0.072885 0.000000 0.741562 0.957865 0.000000 -0.695236 
99000 495.000000 -0.926124 0.114923 0.000000 -0.071443 0.562313 0.000000 -0.914912 
100000 500.000000 -1.126015 -0.062173 0.000000 0.755705 0.971104 0.000000 -0.700952 
101000 505.000000 -0.976681 0.258403 0.000000 0.577823 1.761707 0.000000 -2.064738 
102000 510.000000 -1.050838 -0.204169 0.000000 0.113611 0.233225 0.000000 -0.236227 
103000 515.000000 -1.014510 0.159803 0.000000 0.053677 0.125722 0.000000 -0.134905 
104000 520.000000 -1.265616 -0.244647 0.000000 0.190103 1.995856 0.000000 -2.803681 
105000 525.000000 -1.183060 0.086644 0.000000 0.148103 0.001258 0.000000 0.146216 
106000 530.000000 -1.077481 -0.124731 0.000000 0.474689 0.594232 0.000000 -0.416659 
107000 535.000000 -1.179376 0.135452 0.000000 1.200742 2.258073 0.000000 -2.186367 
108000 540.000000 -1.060086 -0.228313 0.000000 0.171267 0.437980 0.000000 -0.485703 
109000 545.000000 -1.132349 0.123895 0.000000 0.246252 0.117708 0.000000 0.069690 
110000 550.000000 -1.132741 -0.025812 0.000000 0.647950 0.719739 0.000000 -0.431659 
111000 555.000000 -0.942338 0.328751 0.000000 -0.482832 0.180742 0.000000 -0.753945 
112000 560.000000 -0.987065 -0.108091 0.000000 0.748792 1.599114 0.000000 -1.649879 
113000 565.000000 -1.058986 0.187840 0.000000 0.111742 0.136389 0.000000 -0.092842 
114000 570.000000 -0.956141 -0.141513 0.000000 -0.185790 0.063796 0.000000 -0.281484 
115000 575.000000 -0.984243 -0.357840 0.000000 -0.417544 0.245132 0.000000 -0.785242 
116000 580.000000 -0.922299 0.156052 0.000000 -0.245794 0.314449 0.000000 -0.717468 
117000 585.000000 -0.987715 -0.069609 0.000000 -0.003789 0.035863 0.000000 -0.057584 
118000 590.000000 -0.908680 0.267169 0.000000 -0.428166 0.341050 0.000000 -0.939741 
119000 595.000000 -1.242069 0.255935 0.000000 -0.575438 0.199743 0.000000 -0.875052 
120000 600.000000 -1.181239 0.299179 0.000000 -0.354130 0.337035 0.000000 -0.859683 
121000 605.000000 -0.914647 0.157826 0.000000 -0.314101 0.265127 0.000000 -0.711791 
122000 610.000000 -1.160585 0.017295 0.000000 0.557173 0.598953 0.000000 -0.341256 
123000 615.000000 -1.021006 0.122155 0.000000 0.256927 0.396468 0.000000 -0.337775 
124000 620.000000 -0.887519 -0.014557 0.000000 -0.499117 0.116916 0.000000 -0.674491 
125000 625.000000 -1.043390 0.245887 0.000000 0.021308 0.268278 0.000000 -0.381109 
126000 630.000000 -1.064262 -0.104483 0.000000 0.931382 1.495375 0.000000 -1.311680 
127000 635.000000 -0.944810 -0.235279 0.000000 -0.189744 0.389763 0.000000 -0.774388 
128000 640.000000 -1.007223 0.239963 0.000000 0.267718 0.881920 0.000000 -1.055162 
129000 645.000000 -1.115805 -0.073323 0.000000 0.341632 0.158681 0.000000 0.103611 
130000 650.000000 -1.130157 -0.001354 0.000000 0.364073 0.139766 0.000000 0.154425 
131000 655.000000 -0.981522 0.192931 0.000000 -0.058287 0.224911 0.000000 -0.395653 
132000 660.000000 -1.096419 -0.324737 0.000000 -0.309280 0.141791 0.000000 -0.521967 
133000 665.000000 -1.166908 0.037923 0.000000 0.660119 0.847284 0.000000 -0.610807 
134000 670.000000 -0.956602 0.456464 0.000000 -0.905020 0.065562 0.000000 -1.003364 
135000 675.000000 -0.691277 -0.515602 0.000000 -1.470917 1.007419 0.000000 -2.982046 
136000 680.000000 -1.014754 -0.551669 0.000000 -1.374283 0.216307 0.000000 -1.698743 
137000 685.000000 -1.146971 -0.071251 0.000000 0.769146 1.051031 0.000000 -0.807400 
138000 690.000000 -0.997676 -0.042204 0.000000 0.130535 0.199322 0.000000 -0.168448 
139000 695.000000 -1.088646 0.282242 0.000000 -0.106134 0.197121 0.000000 -0.401815 
140000 700.000000 -1.124946 -0.144032 0.000000 0.323224 0.332644 0.000000 -0.175742 
141000 705.000000 -1.354762 0.150700 0.000000 -1.344675 0.021101 0.000000 -1.376326 
142000 710.000000 -1.029294 -0.232955 0.000000 0.277932 0.768195 0.000000 -0.874361 
143000 715.000000 -0.902909 -0.156240 0.000000 -0.413086 0.200247 0.000000 -0.713457 
144000 720.000000 -0.988718 -0.024609 0.000000 0.323181 0.650661 0.000000 -0.652810 
145000 725.000000 -0.973373 -0.314208 0.000000 0.742441 2.367736 0.000000 -2.809164 
146000 730.000000 -1.144121 -0.022326 0.000000 0.449386 0.339878 0.000000 -0.060431 
147000 735.000000 -1.036184 0.105024 0.000000 0.336093 0.432116 0.000000 -0.312082 
148000 740.000000 -1.245212 -0.118473 0.000000 -0.187633 0.021281 0.000000 -0.219555 
149000 745.000000 -1.108897 -0.155834 0.000000 0.182148 0.082695 0.000000 0.058105 
150000 750.000000 -1.090027 0.257657 0.000000 -0.049257 0.145070 0.000000 -0.266862 
151000 755.000000 -0.992017 -0.021153 0.000000 0.052632 0.079716 0.000000 -0.066943 
152000 760.000000 -1.002519 -0.060760 0.000000 0.105846 0.127087 0.000000 -0.084784 
153000 765.000000 -1.023961 0.343270 0.000000 -0.273266 0.323865 0.000000 -0.759064 
154000 770.000000 -1.093113 -0.327021 0.000000 0.260109 1.290590 0.000000 -1.675776 
155000 775.000000 -1.149286 0.061893 0.000000 0.359586 0.219938 0.000000 0.029678 
156000 780.000000 -1.202235 0.247986 0.000000 0.350406 1.473711 0.000000 -1.860161 
157000 785.000000 -0.976479 -0.415649 0.000000 -0.449576 0.609801 0.000000 -1.364278 
158000 790.000000 -1.105838 0.245791 0.000000 0.050619 0.286765 0.000000 -0.379528 
159000 795.000000 -1.085563 -0.163116 0.000000 0.180121 0.118458 0.000000 0.002433 
160000 800.000000 -1.135131 0.170386 0.000000 0.283956 0.389883 0.000000 -0.300869 
161000 805.000000 -1.068124 -0.288714 0.000000 0.192712 0.829590 0.000000 -1.051673 
162000 810.000000 -1.069854 0.137093 0.000000 0.254960 0.211436 0.000000 -0.062194 
163000 815.000000 -1.089588 -0.225599 0.000000 0.685846 1.422179 0.000000 -1.447422 
164000 820.000000 -0.953288 0.008590 0.000000 -0.035375 0.266800 0.000000 -0.435575 
165000 825.000000 -1.010358 0.025881 0.000000 0.426011 0.683612 0.000000 -0.599407 
166000 830.000000 -0.998548 0.141604 0.000000 0.179221 0.437178 0.000000 -0.476547 
167000 835.000000 -0.867909 0.237822 0.000000 -0.574741 0.421969 0.000000 -1.207694 
168000 840.000000 -1.100910 -0.206765 0.000000 0.118587 0.187965 0.000000 -0.163361 
169000 845.000000 -1.263560 -0.003093 0.000000 -0.109621 0.146840 0.000000 -0.329881 
170000 850.000000 -0.998087 -0.471201 0.000000 -0.777357 0.420664 0.000000 -1.408353 
171000 855.000000 -1.235100 0.049486 0.000000 -0.021372 0.014898 0.000000 -0.043720 
172000 860.000000 -1.289378 0.026393 0.000000 -0.390286 0.000688 0.000000 -0.391318 
173000 865.000000 -0.902957 -0.367154 0.000000 -0.761034 0.084653 0.000000 -0.888013 
174000 870.000000 -0.888110 -0.193376 0.000000 -0.590099 0.076893 0.000000 -0.705439 
175000 875.000000 -1.024732 -0.148359 0.000000 0.184801 0.296093 0.000000 -0.259339 
176000 880.000000 -1.094970 0.045176 0.000000 1.235981 1.923148 0.000000 -1.648741 
177000 885.000000 -1.133833 -0.152449 0.000000 0.642958 1.023880 0.000000 -0.892862 
178000 890.000000 -1.235895 -0.115057 0.000000 0.924439 2.117085 0.000000 -2.251188 
179000 895.000000 -1.025825 0.091634 0.000000 0.242304 0.279607 0.000000 -0.177106 
180000 900.000000 -0.932122 -0.082741 0.000000 -0.281957 0.041223 0.000000 -0.343792 
181000 905.000000 -1.034233 0.458109 0.000000 -0.542214 0.817103 0.000000 -1.767868 
182000 910.000000 -1.073756 -0.101797 0.000000 0.332842 0.261957 0.000000 -0.060093 
183000 915.000000 -1.070895 -0.232085 0.000000 0.493241 1.084470 0.000000 -1.133464 
184000 920.000000 -1.088256 0.166448 0.000000 0.148322 0.065994 0.000000 0.049330 
185000 925.000000 -0.923327 -0.395487 0.000000 -0.385343 0.836029 0.000000 -1.639387 
186000 930.000000 -1.181665 -0.101254 0.000000 0.160936 0.063250 0.000000 0.066061 
187000 935.000000 -0.990318 0.271990 0.000000 0.136209 0.854520 0.000000 -1.145570 
188000 940.000000 -1.035741 0.157424 0.000000 0.928366 1.752151 0.000000 -1.699860 
189000 945.000000 -1.068740 -0.063980 0.000000 0.271049 0.086077 0.000000 0.141934 
190000 950.000000 -0.972687 -0.481214 0.000000 -0.838975 0.391915 0.000000 -1.426847 
191000 955.000000 -1.159424 -0.327922 0.000000 -0.299243 0.548954 0.000000 -1.122674 
192000 960.000000 -0.932000 -0.163015 0.000000 -0.354396 0.007949 0.000000 -0.366320 
193000 965.000000 -1.039981 0.173908 0.000000 0.208640 0.347568 0.000000 -0.312712 
194000 970.000000 -0.979330 -0.172511 0.000000 -0.113210 0.076231 0.000000 -0.227556 
195000 975.000000 -1.210066 -0.036698 0.000000 0.478995 0.755373 0.000000 -0.654065 
196000 980.000000 -1.068877 0.347005 0.000000 -0.072528 0.747501 0.000000 -1.193779 
197000 985.000000 -0.958928 0.204382 0.000000 -0.209677 0.138456 0.000000 -0.417361 
198000 990.000000 -1.208101 0.107705 0.000000 0.065635 0.089500 0.000000 -0.068616 
199000 995.000000 -0.762682 -0.539395 0.000000 -1.505739 0.369908 0.000000 -2.060600 
200000 1000.000000 -1.215665 0.053629 0.000000 0.143092 0.159071 0.000000 -0.095515 
201000 1005.000000 -1.029891 0.405021 0.000000 -0.676955 0.012658 0.000000 -0.695942 
202000 1010.000000 -1.216649 0.197810 0.000000 0.086704 0.702472 0.000000 -0.967004 
203000 1015.000000 -1.073874 -0.213776 0.000000 0.071141 0.142514 0.000000 -0.142631 
204000 1020.000000 -0.878852 -0.090963 0.000000 -0.041403 1.177934 0.000000 -1.808305 
205000 1025.000000 -0.974971 -0.006649 0.000000 0.363439 0.851312 0.000000 -0.913529 
206000 1030.000000 -1.135911 -0.127113 0.000000 0.198864 0.042202 0.000000 0.135561 
207000 1035.000000 -1.045793 -0.267060 0.000000 0.099551 0.536044 0.000000 -0.704515 
208000 1040.000000 -1.008908 -0.074589 0.000000 0.232918 0.349900 0.000000 -0.291932 
209000 1045.000000 -1.211918 0.032660 0.000000 0.178269 0.164517 0.000000 -0.068507 
210000 1050.000000 -1.226833 -0.290495 0.000000 -0.575786 0.345914 0.000000 -1.094656 
211000 1055.000000 -0.992647 0.094748 0.000000 0.076293 0.189163 0.000000 -0.207452 
212000 1060.000000 -1.125944 0.037858 0.000000 0.508615 0.445752 0.000000 -0.160013 
213000 1065.000000 -0.980323 -0.041607 0.000000 0.004384 0.096181 0.000000 -0.139887 
214000 1070.000000 -0.943175 -0.523768 0.000000 -0.778100 0.929808 0.000000 -2.172813 
215000 1075.000000 -1.019760 -0.251398 0.000000 0.090151 0.519826 0.000000 -0.689588 
216000 1080.000000 -0.614783 -0.816593 0.000000 -2.581704 0.033269 0.000000 -2.631608 
217000 1085.000000 -1.185776 -0.217191 0.000000 0.336817 1.048965 0.000000 -1.236631 
218000 1090.000000 -0.838848 0.273684 0.000000 -0.691935 0.599410 0.000000 -1.591049 
219000 1095.000000 -1.327223 -0.016698 0.000000 -0.248997 1.007931 0.000000 -1.760895 
220000 1100.000000 -1.286912 -0.167970 0.000000 -0.571660 0.183498 0.000000 -0.846907 
221000 1105.000000 -1.129276 -0.047539 0.000000 0.295545 0.033753 0.000000 0.244916 
222000 1110.000000 -0.875342 0.073165 0.000000 -0.459928 0.376803 0.000000 -1.025132 
223000 1115.000000 -1.140312 -0.261201 0.000000 -0.117548 0.175652 0.000000 -0.381025 
224000 1120.000000 -1.044533 0.297040 0.000000 -0.172564 0.177065 0.000000 -0.438161 
225000 1125.000000 -0.943633 0.506620 0.000000 -1.064337 0.198385 0.000000 -1.361915 
226000 1130.000000 -1.322146 -0.022347 0.000000 -0.589027 0.224238 0.000000 -0.925384 
227000 1135.000000 -0.984056 0.097073 0.000000 0.185067 0.481134 0.000000 -0.536634 
228000 1140.000000 -1.139389 -0.001528 0.000000 0.829049 1.083346 0.000000 -0.795970 
229000 1145.000000 -1.223432 0.176680 0.000000 -0.079038 0.301075 0.000000 -0.530651 
230000 1150.000000 -1.240207 -0.174711 0.000000 -0.282336 0.083999 0.000000 -0.408335 
231000 1155.000000 -1.133254 -0.161845 0.000000 0.152836 0.084065 0.000000 0.026739 
232000 1160.000000 -1.235371 0.013219 0.000000 0.324780 0.669337 0.000000 -0.679226 
233000 1165.000000 -1.166756 0.122835 0.000000 0.152988 0.042876 0.000000 0.088674 
234000 1170.000000 -1.244599 0.082605 0.000000 0.181815 0.615395 0.000000 -0.741278 
235000 1175.000000 -1.137712 0.383375 0.000000 -0.499203 0.595022 0.000000 -1.391737 
236000 1180.000000 -1.004967 -0.122508 0.000000 0.730891 1.454155 0.000000 -1.450341 
237000 1185.000000 -0.987047 -0.042792 0.000000 0.326456 0.681908 0.000000 -0.696406 
238000 1190.000000 -1.179732 0.132742 0.000000 0.159538 0.167934 0.000000 -0.092363 
239000 1195.000000 -0.949247 0.012219 0.000000 0.154508 0.690838 0.000000 -0.881748 
240000 1200.000000 -0.980488 -0.052777 0.000000 0.235171 0.564151 0.000000 -0.611056 
241000 1205.000000 -1.145521 -0.035744 0.000000 0.528101 0.512641 0.000000 -0.240860 
242000 1210.000000 -1.126391 -0.084140 0.000000 0.609208 0.723469 0.000000 -0.475996 
243000 1215.000000 -1.129276 -0.283818 0.000000 0.061084 0.661312 0.000000 -0.930884 
244000 1220.000000 -1.184562 -0.007122 0.000000 0.377602 0.351119 0.000000 -0.149076 
245000 1225.000000 -1.214687 0.139590 0.000000 0.485027 1.127494 0.000000 -1.206214 
246000 1230.000000 -0.865574 0.366405 0.000000 -0.816819 0.288513 0.000000 -1.249589 
247000 1235.000000 -1.117770 0.280225 0.000000 0.510242 1.484754 0.000000 -1.716888 
248000 1240.000000 -1.045392 0.148045 0.000000 0.197946 0.219578 0.000000 -0.131421 
249000 1245.000000 -0.970473 -0.247871 0.000000 -0.172551 0.264587 0.000000 -0.569432 
250000 1250.000000 -1.125575 -0.034791 0.000000 0.539854 0.505591 0.000000 -0.218533 
251000 1255.000000 -0.965821 0.014335 0.000000 0.048116 0.309773 0.000000 -0.416543 
252000 1260.000000 -1.050841 0.112577 0.000000 0.330364 0.367161 0.000000 -0.220377 
253000 1265.000000 -1.229393 -0.139935 0.000000 0.026018 0.365558 0.000000 -0.522319 
254000 1270.000000 -1.211440 -0.132005 0.000000 0.149548 0.389766 0.000000 -0.435101 
255000 1275.000000 -0.857558 0.139474 0.000000 -0.474046 0.632108 0.000000 -1.422209 
256000 1280.000000 -1.036541 -0.396149 0.000000 -0.475711 0.339708 0.000000 -0.985274 
257000 1285.000000 -1.103083 0.047367 0.000000 1.115720 1.675661 0.000000 -1.397771 
258000 1290.000000 -1.119734 0.092744 0.000000 0.381645 0.284251 0.000000 -0.044731 
259000 1295.000000 -1.105561 -0.119574 0.000000 0.516953 0.626879 0.000000 -0.423365 
260000 1300.000000 -1.266325 -0.112056 0.000000 -0.099808 0.460576 0.000000 -0.790672 
261000 1305.000000 -1.152596 -0.200001 0.000000 0.430024 0.908971 0.000000 -0.933432 
262000 1310.000000 -0.939244 0.133846 0.000000 0.096798 0.785682 0.000000 -1.081726 
263000 1315.000000 -1.196351 0.091462 0.000000 0.244201 0.297989 0.000000 -0.202783 
264000 1320.000000 -1.011482 -0.183833 0.000000 0.988523 2.089189 0.000000 -2.145261 
265000 1325.000000 -1.099844 -0.364987 0.000000 -0.500875 0.149681 0.000000 -0.725396 
266000 1330.000000 -1.099254 -0.019750 0.000000 0.368264 0.163289 0.000000 0.123331 
267000 1335.000000 -0.989099 -0.198594 0.000000 -0.085392 0.135373 0.000000 -0.288451 
268000 1340.000000 -1.051954 -0.006086 0.000000 0.780899 1.134851 0.000000 -0.921377 
269000 1345.000000 -0.937261 -0.387612 0.000000 -0.699030 0.086415 0.000000 -0.828652 
270000 1350.000000 -0.966330 0.031709 0.000000 0.823247 1.860945 0.000000 -1.968170 
271000 1355.000000 -1.071012 -0.312892 0.000000 -0.127917 0.365609 0.000000 -0.676331 
272000 1360.000000 -1.133292 -0.355396 0.000000 -0.433480 0.374811 0.000000 -0.995697 
273000 1365.000000 -1.053212 -0.063023 0.000000 0.278111 0.163431 0.000000 0.032965 
274000 1370.000000 -1.114942 -0.016294 0.000000 0.347383 0.106935 0.000000 0.186981 
275000 1375.000000 -1.114565 0.101471 0.000000 0.484107 0.509802 0.000000 -0.280597 
276000 1380.000000 -0.889603 0.295730 0.000000 -0.375303 0.720704 0.000000 -1.456358 
277000 1385.000000 -0.859555 -0.175198 0.000000 -0.609755 0.369657 0.000000 -1.164241 
278000 1390.000000 -0.909095 0.392213 0.000000 -0.652961 0.376047 0.000000 -1.217032 
279000 1395.000000 -0.946398 0.373081 0.000000 -0.077169 1.197341 0.000000 -1.873180 
280000 1400.000000 -1.111472 -0.073427 0.000000 0.539251 0.556836 0.000000 -0.296004 
281000 1405.000000 -1.254846 -0.020215 0.000000 -0.086188 0.086501 0.000000 -0.215940 
282000 1410.000000 -0.908794 -0.086014 0.000000 0.394235 1.668633 0.000000 -2.108714 
283000 1415.000000 -1.044429 0.007369 0.000000 0.249650 0.110497 0.000000 0.083904 
284000 1420.000000 -1.076606 -0.262630 0.000000 0.062194 0.398608 0.000000 -0.535719 
285000 1425.000000 -1.290244 -0.124626 0.000000 -0.399943 0.316723 0.000000 -0.875028 
286000 1430.000000 -1.003192 0.066881 0.000000 0.063247 0.046469 0.000000 -0.006456 
287000 1435.000000 -1.011249 0.043337 0.000000 0.134118 0.106338 0.000000 -0.025390 
288000 1440.000000 -1.139415 -0.388621 0.000000 -0.408074 0.856802 0.000000 -1.693276 
289000 1445.000000 -1.047851 0.203071 0.000000 0.040196 0.094693 0.000000 -0.101843 
290000 1450.000000 -1.005287 0.482141 0.000000 -0.986368 0.127899 0.000000 -1.178216 
291000 1455.000000 -0.755014 -0.242844 0.000000 -1.481688 0.129492 0.000000 -1.675926 
292000 1460.000000 -0.966903 -0.021911 0.000000 0.298140 0.802727 0.000000 -0.905951 
293000 1465.000000 -1.098975 0.040040 0.000000 0.296881 0.036724 0.000000 0.241795 
294000 1470.000000 -1.095459 -0.111493 0.000000 0.473041 0.525258 0.000000 -0.314846 
295000 1475.000000 -1.142266 -0.185774 0.000000 0.489207 0.904791 0.000000 -0.867979 
296000 1480.000000 -0.954767 0.253448 0.000000 0.513144 1.776694 0.000000 -2.151896 
297000 1485.000000 -1.267670 0.130765 0.000000 -0.008560 0.757441 0.000000 -1.144721 
298000 1490.000000 -1.000339 0.254088 0.000000 0.307816 1.064449 0.000000 -1.288858 
299000 1495.000000 -1.259284 -0.116718 0.000000 0.066776 0.714218 0.000000 -1.004552 
300000 1500.000000 -0.965168 -0.106754 0.000000 0.071498 0.439872 0.000000 -0.588310 
301000 1505.000000 -1.054326 0.074187 0.000000 0.298515 0.216163 0.000000 -0.025730 
302000 1510.000000 -1.055699 -0.478743 0.000000 -0.786163 0.656977 0.000000 -1.771629 
303000 1515.000000 -1.099766 0.135366 0.000000 0.575466 0.798695 0.000000 -0.622577 
304000 1520.000000 -1.019969 -0.102528 0.000000 0.153391 0.160807 0.000000 -0.087820 
305000 1525.000000 -1.206559 -0.111719 0.000000 0.262242 0.486903 0.000000 -0.468112 
306000 1530.000000 -1.015275 0.194566 0.000000 0.135683 0.399532 0.000000 -0.463615 
307000 1535.000000 -0.974290 -0.194798 0.000000 -0.200224 0.005710 0.000000 -0.208790 
308000 1540.000000 -1.019338 0.117824 0.000000 0.483420 0.854572 0.000000 -0.798439 
309000 1545.000000 -1.086875 -0.214083 0.000000 0.100977 0.193905 0.000000 -0.189880 
310000 1550.000000 -0.972589 -0.105120 0.000000 0.154776 0.534318 0.000000 -0.646701 
311000 1555.000000 -0.927516 -0.281040 0.000000 -0.373804 0.323673 0.000000 -0.859313 
312000 1560.000000 -1.072486 0.133327 0.000000 0.446168 0.577369 0.000000 -0.419886 
313000 1565.000000 -1.182479 0.150703 0.000000 0.196015 0.341555 0.000000 -0.316318 
314000 1570.000000 -1.127186 0.076993 0.000000 0.442888 0.377195 0.000000 -0.122905 
315000 1575.000000 -1.199097 -0.307316 0.000000 -0.449429 0.427467 0.000000 -1.090629 
316000 1580.000000 -1.146067 0.070871 0.000000 0.380686 0.273646 0.000000 -0.029783 
317000 1585.000000 -0.946728 -0.594350 0.000000 -1.580759 0.089344 0.000000 -1.714775 
318000 1590.000000 -1.045314 -0.178976 0.000000 0.226490 0.380992 0.000000 -0.344999 
319000 1595.000000 -0.922816 -0.142862 0.000000 -0.228079 0.326907 0.000000 -0.718440 
320000 1600.000000 -1.093803 -0.065985 0.000000 0.357828 0.199060 0.000000 0.059238 
321000 1605.000000 -1.106439 0.059438 0.000000 1.124904 1.708144 0.000000 -1.437313 
322000 1610.000000 -1.184593 0.247434 0.000000 -0.006715 0.589185 0.000000 -0.890493 
323000 1615.000000 -0.972121 -0.277428 0.000000 -0.279043 0.160934 0.000000 -0.520444 
324000 1620.000000 -1.205598 -0.174985 0.000000 -0.101821 0.064195 0.000000 -0.198114 
325000 1625.000000 -0.952328 -0.243512 0.000000 -0.192591 0.349845 0.000000 -0.717358 
326000 1630.000000 -0.962891 -0.235466 0.000000 -0.307665 0.008184 0.000000 -0.319941 
327000 1635.000000 -1.028578 0.193198 0.000000 0.135664 0.325152 0.000000 -0.352063 
328000 1640.000000 -1.032865 0.305262 0.000000 0.068736 0.736394 0.000000 -1.035854 
329000 1645.000000 -1.055432 -0.129198 0.000000 1.070058 1.869856 0.000000 -1.734726 
330000 1650.000000 -1.182296 -0.147629 0.000000 0.173539 0.281113 0.000000 -0.248129 
331000 1655.000000 -0.999703 -0.009452 0.000000 0.314743 0.540983 0.000000 -0.496731 
332000 1660.000000 -1.156645 -0.051792 0.000000 0.272942 0.055818 0.000000 0.189214 
333000 1665.000000 -1.022376 -0.188799 0.000000 -0.000209 0.068783 0.000000 -0.103384 
334000 1670.000000 -1.163985 0.141158 0.000000 0.207726 0.215504 0.000000 -0.115530 
335000 1675.000000 -0.988455 0.567095 0.000000 -0.691984 1.666224 0.000000 -3.191320 
336000 1680.000000 -1.043800 0.248066 0.000000 0.070036 0.379997 0.000000 -0.499959 
337000 1685.000000 -1.012900 -0.058663 0.000000 0.144577 0.128736 0.000000 -0.048527 
338000 1690.000000 -1.132891 0.002234 0.000000 0.308750 0.035448 0.000000 0.255578 
339000 1695.000000 -1.189852 -0.035479 0.000000 0.601636 0.852259 0.000000 -0.676752 
340000 1700.000000 -0.878904 -0.113656 0.000000 -0.566672 0.144986 0.000000 -0.784151 
341000 1705.000000 -1.133829 -0.224788 0.000000 0.124480 0.376268 0.000000 -0.439923 
342000 1710.000000 -1.030211 0.042600 0.000000 0.330357 0.371073 0.000000 -0.226253 
343000 1715.000000 -1.169421 0.155094 0.000000 0.621625 1.135174 0.000000 -1.081136 
344000 1720.000000 -1.218203 -0.080802 0.000000 0.107633 0.177848 0.000000 -0.159139 
345000 1725.000000 -0.860008 0.240246 0.000000 -0.189160 1.295115 0.000000 -2.131833 
346000 1730.000000 -1.021616 -0.263635 0.000000 -0.183817 0.027098 0.000000 -0.224465 
347000 1735.000000 -0.861712 0.426486 0.000000 -1.083933 0.017810 0.000000 -1.110649 
348000 1740.000000 -1.038620 -0.090439 0.000000 0.620528 0.963024 0.000000 -0.824009 
349000 1745.000000 -1.269537 0.111412 0.000000 -0.328524 0.050262 0.000000 -0.403917 
350000 1750.000000 -1.160668 -0.154199 0.000000 0.096951 0.037388 0.000000 0.040869 
351000 1755.000000 -1.209229 0.159685 0.000000 -0.001391 0.211267 0.000000 -0.318292 
352000 1760.000000 -1.259281 -0.110932 0.000000 -0.198632 0.157994 0.000000 -0.435622 
353000 1765.000000 -0.632121 0.772825 0.000000 -2.435213 0.071213 0.000000 -2.542032 
354000 1770.000000 -1.080061 -0.031701 0.000000 0.290092 0.057167 0.000000 0.204342 
355000 1775.000000 -1.226401 0.167009 0.000000 0.060350 0.556697 0.000000 -0.774696 
356000 1780.000000 -1.214836 -0.002648 0.000000 0.116708 0.052184 0.000000 0.038432 
357000 1785.000000 -0.813523 0.040259 0.000000 -0.882909 0.413939 0.000000 -1.503818 
358000 1790.000000 -1.085615 -0.163241 0.000000 0.123001 0.009944 0.000000 0.108085 
359000 1795.000000 -1.265709 -0.132393 0.000000 -0.085129 0.583984 0.000000 -0.961104 
360000 1800.000000 -1.001310 0.131368 0.000000 -0.006479 0.027202 0.000000 -0.047281 
361000 1805.000000 -1.274160 -0.206047 0.000000 -0.655744 0.093818 0.000000 -0.796472 
362000 1810.000000 -1.048817 -0.075321 0.000000 0.200950 0.048741 0.000000 0.127838 
363000 1815.000000 -1.215351 0.038521 0.000000 0.275219 0.398948 0.000000 -0.323203 
364000 1820.000000 -1.115409 -0.111514 0.000000 0.377381 0.326385 0.000000 -0.112197 
365000 1825.000000 -1.187966 -0.120327 0.000000 0.564816 0.984210 0.000000 -0.911500 
366000 1830.000000 -1.079619 -0.416814 0.000000 -0.787128 0.039156 0.000000 -0.845862 
367000 1835.000000 -0.948157 -0.278750 0.000000 -0.098958 0.698805 0.000000 -1.147166 
368000 1840.000000 -1.069341 0.117715 0.000000 0.201075 0.055083 0.000000 0.118450 
369000 1845.000000 -1.094334 0.105928 0.000000 0.249031 0.065163 0.000000 0.151286 
370000 1850.000000 -1.093809 -0.232000 0.000000 -0.041434 0.009945 0.000000 -0.056352 
371000 1855.000000 -0.981526 0.363814 0.000000 -0.444675 0.244863 0.000000 -0.811969 
372000 1860.000000 -0.978129 0.235806 0.000000 0.359058 1.231533 0.000000 -1.488242 
373000 1865.000000 -1.066476 -0.001146 0.000000 0.534722 0.581183 0.000000 -0.337052 
374000 1870.000000 -1.067758 0.186723 0.000000 0.140596 0.172111 0.000000 -0.117571 
375000 1875.000000 -0.987550 0.191040 0.000000 -0.108953 0.078246 0.000000 -0.226323 
376000 1880.000000 -1.252479 -0.315508 0.000000 -0.959353 0.291712 0.000000 -1.396921 
377000 1885.000000 -1.265785 0.072375 0.000000 0.449688 1.407045 0.000000 -1.660880 
378000 1890.000000 -1.038891 -0.139842 0.000000 0.279319 0.391686 0.000000 -0.308210 
379000 1895.000000 -1.083319 0.202867 0.000000 0.127198 0.193505 0.000000 -0.163060 
380000 1900.000000 -0.896740 0.414704 0.000000 -0.938017 0.004176 0.000000 -0.944281 
381000 1905.000000 -0.946976 0.385537 0.000000 -0.548194 0.327478 0.000000 -1.039411 
382000 1910.000000 -1.109644 -0.435572 0.000000 -0.620364 0.784202 0.000000 -1.796667 
383000 1915.000000 -1.167138 0.000626 0.000000 0.431049 0.373818 0.000000 -0.129677 
384000 1920.000000 -1.078506 -0.223915 0.000000 0.422438 0.896117 0.000000 -0.921738 
385000 1925.000000 -1.207529 0.106460 0.000000 0.635896 1.225415 0.000000 -1.202226 
386000 1930.000000 -0.957892 -0.032975 0.000000 -0.081381 0.140035 0.000000 -0.291433 
387000 1935.000000 -1.126805 0.051152 0.000000 0.571920 0.593905 0.000000 -0.318937 
388000 1940.000000 -1.016906 0.474773 0.000000 -0.889687 0.267242 0.000000 -1.290549 
389000 1945.000000 -1.023565 -0.154189 0.000000 0.167632 0.290636 0.000000 -0.268322 
390000 1950.000000 -1.091227 -0.144729 0.000000 0.830964 1.351718 0.000000 -1.196613 
391000 1955.000000 -0.972535 0.066529 0.000000 0.109678 0.401578 0.000000 -0.492688 
392000 1960.000000 -1.156739 -0.236975 0.000000 -0.063990 0.193576 0.000000 -0.354354 
393000 1965.000000 -1.159727 0.053058 0.000000 0.729960 0.985931 0.000000 -0.748936 
394000 1970.000000 -0.960761 0.144482 0.000000 -0.081106 0.241994 0.000000 -0.444096 
395000 1975.000000 -1.185838 -0.056823 0.000000 0.184711 0.028825 0.000000 0.141474 
396000 1980.000000 -1.322969 -0.030009 0.000000 -0.380856 0.672644 0.000000 -1.389823 
397000 1985.000000 -1.166127 -0.184558 0.000000 0.002430 0.037947 0.000000 -0.054490 
398000 1990.000000 -0.953030 -0.254939 0.000000 -0.368458 0.035186 0.000000 -0.421236 
399000 1995.000000 -1.115438 -0.036774 0.000000 0.497764 0.425285 0.000000 -0.140163 
400000 2000.000000 -1.194776 -0.075185 0.000000 0.315342 0.388444 0.000000 -0.267324 
401000 2005.000000 -1.128687 0.071643 0.000000 0.294612 0.075110 0.000000 0.181947 
402000 2010.000000 -1.318313 0.046756 0.000000 -0.388697 0.588925 0.000000 -1.272085 
403000 2015.000000 -1.075344 0.113660 0.000000 0.513398 0.653535 0.000000 -0.466905 
404000 2020.000000 -1.148585 0.169396 0.000000 0.132512 0.132953 0.000000 -0.066916 
405000 2025.000000 -1.105340 -0.204704 0.000000 0.092543 0.134710 0.000000 -0.109522 
406000 2030.000000 -0.938179 -0.251675 0.000000 -0.263229 0.357997 0.000000 -0.800225 
407000 2035.000000 -1.149946 0.006904 0.000000 0.441556 0.337387 0.000000 -0.064525 
408000 2040.000000 -1.164067 0.082070 0.000000 0.799095 1.199987 0.000000 -1.000886 
409000 2045.000000 -0.839085 -0.623306 0.000000 -1.611322 0.287422 0.000000 -2.042455 
410000 2050.000000 -1.070591 -0.412682 0.000000 -0.504811 0.522249 0.000000 -1.288185 
411000 2055.000000 -1.074439 0.040959 0.000000 0.328665 0.160347 0.000000 0.088145 
412000 2060.000000 -1.166283 0.260360 0.000000 -0.115424 0.336112 0.000000 -0.619591 
413000 2065.000000 -1.123972 -0.177912 0.000000 0.333339 0.505681 0.000000 -0.425182 
414000 2070.000000 -0.993885 0.110551 0.000000 0.231215 0.518934 0.000000 -0.547185 
415000 2075.000000 -1.099874 0.276195 0.000000 0.049512 0.487814 0.000000 -0.682209 
416000 2080.000000 -0.968917 0.318820 0.000000 0.359885 1.656133 0.000000 -2.124314 
417000 2085.000000 -0.951363 -0.370246 0.000000 -0.561338 0.189229 0.000000 -0.845182 
418000 2090.000000 -1.209284 0.255122 0.000000 -0.443817 0.031744 0.000000 -0.491433 
419000 2095.000000 -1.150053 0.109517 0.000000 0.247905 0.123262 0.000000 0.063012 
420000 2100.000000 -1.069524 -0.161803 0.000000 0.294523 0.379062 0.000000 -0.274070 
421000 2105.000000 -0.963776 -0.143988 0.000000 -0.127503 0.120372 0.000000 -0.308061 
422000 2110.000000 -1.044459 -0.294238 0.000000 -0.061561 0.385695 0.000000 -0.640104 
423000 2115.000000 -0.979630 0.178777 0.000000 0.130849 0.583149 0.000000 -0.743874 
424000 2120.000000 -1.216800 0.217847 0.000000 0.523456 1.732942 0.000000 -2.075958 
425000 2125.000000 -0.997658 0.096571 0.000000 0.117254 0.238901 0.000000 -0.241097 
426000 2130.000000 -1.210635 -0.112936 0.000000 0.059805 0.124491 0.000000 -0.126932 
427000 2135.000000 -1.174935 0.045050 0.000000 1.298514 2.176066 0.000000 -1.965585 
428000 2140.000000 -0.903131 -0.308687 0.000000 -0.452497 0.480450 0.000000 -1.173173 
429000 2145.000000 -0.910585 0.408024 0.000000 -0.597561 0.561833 0.000000 -1.440310 
430000 2150.000000 -1.041072 -0.160127 0.000000 0.402216 0.688300 0.000000 -0.630235 
431000 2155.000000 -1.163952 0.305006 0.000000 -0.013533 0.927603 0.000000 -1.404937 
432000 2160.000000 -1.060901 0.312924 0.000000 -0.079561 0.462243 0.000000 -0.772926 
433000 2165.000000 -1.071918 -0.036609 0.000000 0.688943 0.884894 0.000000 -0.638398 
434000 2170.000000 -1.074660 -0.148545 0.000000 0.307057 0.345048 0.000000 -0.210515 
435000 2175.000000 -1.258395 0.004527 0.000000 -0.128718 0.043920 0.000000 -0.194598 
436000 2180.000000 -1.104686 -0.030122 0.000000 0.420872 0.271128 0.000000 0.014181 
437000 2185.000000 -1.103183 -0.179849 0.000000 0.405909 0.637726 0.000000 -0.550680 
438000 2190.000000 -1.062975 0.067528 0.000000 0.231236 0.038337 0.000000 0.173730 
439000 2195.000000 -1.104631 0.407619 0.000000 -0.772164 0.101293 0.000000 -0.924104 
440000 2200.000000 -1.191966 0.010463 0.000000 0.207325 0.061729 0.000000 0.114731 
441000 2205.000000 -1.158030 -0.018709 0.000000 0.315163 0.113706 0.000000 0.144604 
442000 2210.000000 -1.088490 0.021356 0.000000 0.438351 0.328409 0.000000 -0.054263 
443000 2215.000000 -1.213015 0.220570 0.000000 0.143322 0.953335 0.000000 -1.286681 
444000 2220.000000 -1.126546 -0.003050 0.000000 0.390023 0.195673 0.000000 0.096514 
445000 2225.000000 -0.959729 -0.467905 0.000000 -0.816213 0.339309 0.000000 -1.325176 
446000 2230.000000 -1.289089 -0.350042 0.000000 -1.548562 0.363376 0.000000 -2.093626 
447000 2235.000000 -1.031514 0.047359 0.000000 0.424273 0.559238 0.000000 -0.414584 
448000 2240.000000 -1.065990 -0.246378 0.000000 0.155192 0.500234 0.000000 -0.595159 
449000 2245.000000 -1.077785 0.267729 0.000000 -0.101595 0.108494 0.000000 -0.264336 
450000 2250.000000 -1.257695 0.019097 0.000000 -0.061279 0.178443 0.000000 -0.328944 
451000 2255.000000 -1.107119 -0.327027 0.000000 -0.325310 0.174382 0.000000 -0.586883 
452000 2260.000000 -0.901686 -0.147562 0.000000 -0.339761 0.356592 0.000000 -0.874648 
453000 2265.000000 -0.855190 0.102160 0.000000 -0.536924 0.518593 0.000000 -1.314814 
454000 2270.000000 -1.083204 0.129157 0.000000 0.221114 0.095209 0.000000 0.078300 
455000 2275.000000 -1.025778 -0.072241 0.000000 1.392378 2.557837 0.000000 -2.444379 
456000 2280.000000 -1.238334 -0.066797 0.000000 0.524902 1.188829 0.000000 -1.258342 
457000 2285.000000 -1.303714 0.030905 0.000000 -0.319788 0.411293 0.000000 -0.936728 
458000 2290.000000 -1.182577 0.156186 0.000000 0.445306 0.872420 0.000000 -0.863325 
459000 2295.000000 -1.256199 -0.003958 0.000000 0.014358 0.302041 0.000000 -0.438703 
460000 2300.000000 -1.093792 -0.052680 0.000000 0.656402 0.781260 0.000000 -0.515487 
461000 2305.000000 -1.040306 -0.036084 0.000000 0.283820 0.217605 0.000000 -0.042588 
462000 2310.000000 -1.015341 -0.021166 0.000000 0.111353 0.022811 0.000000 0.077137 
463000 2315.000000 -1.003476 0.220559 0.000000 -0.074981 0.144992 0.000000 -0.292470 
464000 2320.000000 -1.096746 0.070913 0.000000 0.441951 0.374812 0.000000 -0.120267 
465000 2325.000000 -0.934378 -0.211562 0.000000 -0.103082 0.598886 0.000000 -1.001411 
466000 2330.000000 -0.797663 -0.026189 0.000000 -0.787876 0.850513 0.000000 -2.063646 
467000 2335.000000 -0.975432 -0.153969 0.000000 0.518329 1.333081 0.000000 -1.481292 
468000 2340.000000 -0.875893 0.202643 0.000000 -0.452606 0.520490 0.000000 -1.233341 
469000 2345.000000 -1.101724 0.201623 0.000000 0.066628 0.066006 0.000000 -0.032382 
470000 2350.000000 -1.083509 0.294448 0.000000 -0.215610 0.068340 0.000000 -0.318120 
471000 2355.000000 -0.225367 -1.002624 0.000000 -2.648084 0.642920 0.000000 -3.612465 
472000 2360.000000 0.366528 -1.100506 0.000000 -3.380306 0.131121 0.000000 -3.576988 
473000 2365.000000 -1.112207 -0.172200 0.000000 0.357242 0.511271 0.000000 -0.409665 
474000 2370.000000 -0.794246 0.257413 0.000000 -1.218076 0.109996 0.000000 -1.383070 
475000 2375.000000 -1.086444 0.128565 0.000000 0.206278 0.057202 0.000000 0.120475 
476000 2380.000000 -1.190691 0.081633 0.000000 0.186893 0.120260 0.000000 0.006503 
477000 2385.000000 -0.974420 0.007141 0.000000 0.434794 1.004066 0.000000 -1.071304 
478000 2390.000000 -1.000169 -0.135541 0.000000 0.333376 0.726156 0.000000 -0.755859 
479000 2395.000000 -1.074257 -0.139166 0.000000 0.287383 0.276885 0.000000 -0.127945 
480000 2400.000000 -1.034667 -0.177471 0.000000 0.106305 0.184296 0.000000 -0.170139 
481000 2405.000000 -1.118401 0.033057 0.000000 0.423405 0.272964 0.000000 0.013960 
482000 2410.000000 -1.023099 -0.241154 0.000000 0.308922 0.900135 0.000000 -1.041281 
483000 2415.000000 -0.826576 -0.676617 0.000000 -1.601467 0.798316 0.000000 -2.798941 
484000 2420.000000 -0.959738 -0.739647 0.000000 -2.608290 0.369288 0.000000 -3.162222 
485000 2425.000000 -0.873187 -0.176877 0.000000 -0.667691 0.085221 0.000000 -0.795522 
486000 2430.000000 -1.128071 0.152476 0.000000 0.354944 0.441864 0.000000 -0.307851 
487000 2435.000000 -1.074518 0.213198 0.000000 0.135245 0.271951 0.000000 -0.272681 
488000 2440.000000 -0.848167 0.098043 0.000000 -0.346991 0.993729 0.000000 -1.837586 
489000 2445.000000 -1.049514 -0.125595 0.000000 0.215021 0.178359 0.000000 -0.052518 
490000 2450.000000 -1.040544 -0.524600 0.000000 -1.153198 0.440932 0.000000 -1.814595 
491000 2455.000000 -1.047798 -0.082353 0.000000 0.312760 0.290204 0.000000 -0.122545 
492000 2460.000000 -1.077675 -0.176343 0.000000 0.521867 0.873139 0.000000 -0.787842 
493000 2465.000000 -1.057124 -0.080731 0.000000 0.633073 0.885671 0.000000 -0.695433 
494000 2470.000000 -1.153325 -0.078201 0.000000 0.287901 0.128077 0.000000 0.095785 
495000 2475.000000 -1.020574 0.119769 0.000000 0.078248 0.043084 0.000000 0.013622 
496000 2480.000000 -1.111436 -0.051219 0.000000 1.155607 1.756996 0.000000 -1.479887 
497000 2485.000000 -1.022381 0.285479 0.000000 -0.209513 0.092412 0.000000 -0.348130 
498000 2490.000000 -0.906897 -0.039789 0.000000 -0.389866 0.099904 0.000000 -0.539721 
499000 2495.000000 -1.022839 -0.212753 0.000000 1.398280 2.955518 0.000000 -3.034996 
500000 2500.000000 -1.007261 -0.089642 0.000000 0.181295 0.283469 0.000000 -0.243909 
501000 2505.000000 -1.180575 -0.038379 0.000000 0.235150 0.069557 0.000000 0.130815 
502000 2510.000000 -0.889191 -0.017204 0.000000 -0.397648 0.303938 0.000000 -0.853554 
503000 2515.000000 -1.169291 -0.017751 0.000000 0.259874 0.045410 0.000000 0.191759 
504000 2520.000000 -1.125596 -0.208018 0.000000 0.097426 0.196427 0.000000 -0.197214 
505000 2525.000000 -1.060768 -0.130079 0.000000 0.300952 0.317158 0.000000 -0.174785 
506000 2530.000000 -1.027746 0.564381 0.000000 -1.005910 1.214537 0.000000 -2.827716 
507000 2535.000000 -1.056768 -0.012476 0.000000 0.778931 1.112695 0.000000 -0.890112 
508000 2540.000000 -1.218522 0.013124 0.000000 0.130471 0.116293 0.000000 -0.043968 
509000 2545.000000 -0.892073 -0.217371 0.000000 -0.628011 0.004211 0.000000 -0.634327 
510000 2550.000000 -1.234908 -0.086066 0.000000 0.115002 0.384023 0.000000 -0.461032 
511000 2555.000000 -1.355897 -0.204244 0.000000 -1.600768 0.022904 0.000000 -1.635124 
512000 2560.000000 -1.057262 0.012646 0.000000 0.260767 0.074640 0.000000 0.148807 
513000 2565.000000 -1.154100 0.040485 0.000000 0.296536 0.082303 0.000000 0.173081 
514000 2570.000000 -0.819435 -0.228322 0.000000 -0.703885 0.771552 0.000000 -1.861213 
515000 2575.000000 -1.144286 -0.160452 0.000000 0.308447 0.425476 0.000000 -0.329766 
516000 2580.000000 -0.852518 -0.223032 0.000000 -0.459045 0.823241 0.000000 -1.693905 
517000 2585.000000 -1.063082 0.363304 0.000000 0.531437 2.092210 0.000000 -2.606877 
518000 2590.000000 -1.045948 -0.147163 0.000000 0.486241 0.794383 0.000000 -0.705334 
519000 2595.000000 -1.153432 0.027453 0.000000 0.450039 0.373293 0.000000 -0.109900 
520000 2600.000000 -0.850614 0.475563 0.000000 -0.749284 0.994765 0.000000 -2.241431 
521000 2605.000000 -1.083841 -0.221978 0.000000 0.419138 0.875007 0.000000 -0.893372 
522000 2610.000000 -1.066513 0.220430 0.000000 0.492758 1.033923 0.000000 -1.058127 
523000 2615.000000 -1.146364 -0.024343 0.000000 0.375090 0.202192 0.000000 0.071802 
524000 2620.000000 -1.063228 -0.283572 0.000000 -0.092203 0.232015 0.000000 -0.440225 
525000 2625.000000 -1.014741 0.010987 0.000000 0.527018 0.853222 0.000000 -0.752816 
526000 2630.000000 -1.027775 0.013507 0.000000 0.299704 0.310760 0.000000 -0.166435 
527000 2635.000000 -1.224574 0.147106 0.000000 0.282812 0.865860 0.000000 -1.015978 
528000 2640.000000 -1.122419 0.142926 0.000000 0.225859 0.134325 0.000000 0.024371 
529000 2645.000000 -0.959311 0.370569 0.000000 -0.563245 0.145395 0.000000 -0.781338 
530000 2650.000000 -1.005704 -0.101447 0.000000 0.192457 0.335307 0.000000 -0.310504 
531000 2655.000000 -1.065754 -0.164194 0.000000 0.284701 0.376799 0.000000 -0.280497 
532000 2660.000000 -1.151097 -0.101056 0.000000 0.730362 1.064234 0.000000 -0.865989 
533000 2665.000000 -1.188576 -0.050188 0.000000 0.412443 0.487188 0.000000 -0.318339 
534000 2670.000000 -1.085766 -0.107515 0.000000 0.701146 0.986911 0.000000 -0.779221 
535000 2675.000000 -1.192023 -0.107984 0.000000 0.266802 0.369484 0.000000 -0.287425 
536000 2680.000000 -1.168267 -0.168188 0.000000 0.096454 0.145967 0.000000 -0.122496 
537000 2685.000000 -1.222807 -0.113819 0.000000 0.105341 0.334817 0.000000 -0.396884 
538000 2690.000000 -1.136775 -0.165291 0.000000 0.129578 0.065982 0.000000 0.030606 
539000 2695.000000 -1.137153 0.161209 0.000000 0.169807 0.128923 0.000000 -0.023576 
540000 2700.000000 -1.120514 0.013864 0.000000 1.703971 2.821009 0.000000 -2.527542 
541000 2705.000000 -1.055902 0.010508 0.000000 0.547549 0.652411 0.000000 -0.431068 
542000 2710.000000 -1.038744 -0.070405 0.000000 0.287622 0.266995 0.000000 -0.112871 
543000 2715.000000 -0.925728 0.101697 0.000000 -0.030624 0.638568 0.000000 -0.988476 
544000 2720.000000 -1.104945 0.300428 0.000000 -0.273192 0.040771 0.000000 -0.334349 
545000 2725.000000 -1.164711 0.082293 0.000000 0.599807 0.804045 0.000000 -0.606260 
546000 2730.000000 -0.848177 -0.085432 0.000000 0.439904 2.560054 0.000000 -3.400177 
547000 2735.000000 -1.087612 -0.070488 0.000000 0.352759 0.210059 0.000000 0.037671 
548000 2740.000000 -1.179960 0.237558 0.000000 -0.118960 0.247607 0.000000 -0.490370 
549000 2745.000000 -1.052533 -0.029119 0.000000 0.711150 1.002522 0.000000 -0.792632 
550000 2750.000000 -1.148456 0.193573 0.000000 0.052701 0.100733 0.000000 -0.098398 
551000 2755.000000 -1.263966 -0.275099 0.000000 -0.936610 0.047818 0.000000 -1.008336 
552000 2760.000000 -1.085888 0.212999 0.000000 0.158651 0.306033 0.000000 -0.300399 
553000 2765.000000 -1.152871 -0.027496 0.000000 0.341844 0.155772 0.000000 0.108186 
554000 2770.000000 -0.991873 -0.620361 0.000000 -1.051955 1.716027 0.000000 -3.625995 
555000 2775.000000 -0.826513 -0.707396 0.000000 -2.129069 0.057503 0.000000 -2.215324 
556000 2780.000000 -1.347377 0.132352 0.000000 -0.420268 1.554698 0.000000 -2.752316 
557000 2785.000000 -1.188383 0.002868 0.000000 0.629287 0.879984 0.000000 -0.690689 
558000 2790.000000 -1.328596 -0.251190 0.000000 -1.467716 0.091641 0.000000 -1.605178 
559000 2795.000000 -1.169812 0.177690 0.000000 0.378378 0.770421 0.000000 -0.777253 
560000 2800.000000 -1.246807 -0.203488 0.000000 -0.350213 0.252120 0.000000 -0.728393 
561000 2805.000000 -1.092036 0.250471 0.000000 -0.101382 0.001290 0.000000 -0.103317 
562000 2810.000000 -1.024856 0.342678 0.000000 -0.332830 0.203959 0.000000 -0.638768 
563000 2815.000000 -1.084617 -0.078364 0.000000 0.382349 0.289872 0.000000 -0.052459 
564000 2820.000000 -1.183848 0.098291 0.000000 0.556199 0.862262 0.000000 -0.737194 
565000 2825.000000 -1.027345 0.107767 0.000000 0.247111 0.314150 0.000000 -0.224115 
566000 2830.000000 -1.051553 0.196104 0.000000 0.089370 0.153662 0.000000 -0.141123 
567000 2835.000000 -1.069397 0.059563 0.000000 0.427918 0.395530 0.000000 -0.165378 
568000 2840.000000 -1.257219 0.001468 0.000000 -0.068276 0.148206 0.000000 -0.290584 
569000 2845.000000 -1.043696 0.465162 0.000000 -0.814741 0.385961 0.000000 -1.393682 
570000 2850.000000 -0.943424 0.109665 0.000000 0.425512 1.368162 0.000000 -1.626732 
571000 2855.000000 -0.964237 0.262723 0.000000 -0.223733 0.266735 0.000000 -0.623835 
572000 2860.000000 -1.261605 -0.274847 0.000000 -0.852739 0.170405 0.000000 -1.108346 
573000 2865.000000 -1.097320 -0.082435 0.000000 0.375414 0.259823 0.000000 -0.014321 
574000 2870.000000 -1.158460 0.023175 0.000000 0.449733 0.384783 0.000000 -0.127442 
575000 2875.000000 -1.266636 -0.006080 0.000000 0.510994 1.436829 0.000000 -1.644249 
576000 2880.000000 -1.063727 0.254356 0.000000 0.117407 0.469592 0.000000 -0.586981 
577000 2885.000000 -1.149074 0.098857 0.000000 0.880677 1.351507 0.000000 -1.146584 
578000 2890.000000 -1.277006 -0.066730 0.000000 -0.138758 0.383034 0.000000 -0.713309 
579000 2895.000000 -1.131183 0.010554 0.000000 0.848557 1.114389 0.000000 -0.823027 
580000 2900.000000 -1.148441 -0.044380 0.000000 0.274519 0.024156 0.000000 0.238285 
581000 2905.000000 -1.024814 -0.136031 0.000000 0.408808 0.714513 0.000000 -0.662962 
582000 2910.000000 -0.969253 0.143716 0.000000 0.415076 1.153360 0.000000 -1.314964 
583000 2915.000000 -1.144525 -0.355556 0.000000 -0.627734 0.073303 0.000000 -0.737689 
584000 2920.000000 -1.263930 0.103655 0.000000 -0.244251 0.101750 0.000000 -0.396875 
585000 2925.000000 -1.033383 0.014718 0.000000 0.340715 0.357920 0.000000 -0.196166 
586000 2930.000000 -1.073209 -0.376464 0.000000 -0.371877 0.427046 0.000000 -1.012446 
587000 2935.000000 -1.136300 0.237372 0.000000 0.111530 0.443899 0.000000 -0.554319 
588000 2940.000000 -0.934784 0.259357 0.000000 -0.400484 0.135745 0.000000 -0.604101 
589000 2945.000000 -1.016627 0.143539 0.000000 0.062864 0.090868 0.000000 -0.073438 
590000 2950.000000 -0.927009 -0.478950 0.000000 -0.700366 0.734727 0.000000 -1.802457 
591000 2955.000000 -1.108706 -0.148549 0.000000 1.281431 2.256116 0.000000 -2.102743 
592000 2960.000000 -1.106681 -0.301574 0.000000 -0.171357 0.257171 0.000000 -0.557114 
593000 2965.000000 -0.326581 -0.676269 0.000000 -3.187921 0.232668 0.000000 -3.536923 
594000 2970.000000 -1.226179 -0.103776 0.000000 0.043197 0.204398 0.000000 -0.263400 
595000 2975.000000 -0.913445 0.315690 0.000000 -0.479296 0.358440 0.000000 -1.016957 
596000 2980.000000 -0.903307 -0.213887 0.000000 -0.170623 0.784013 0.000000 -1.346643 
597000 2985.000000 -1.044162 -0.066610 0.000000 0.204384 0.064685 0.000000 0.107358 
598000 2990.000000 -1.216128 -0.032833 0.000000 0.137352 0.120981 0.000000 -0.044119 
599000 2995.000000 -0.885095 0.125571 0.000000 -0.399480 0.409948 0.000000 -1.014402 
600000 3000.000000 -1.077382 -0.144095 0.000000 0.430140 0.567530 0.000000 -0.421155 
601000 3005.000000 -1.167198 -0.009342 0.000000 0.488506 0.487652 0.000000 -0.242971 
602000 3010.000000 -1.205480 -0.224988 0.000000 -0.061148 0.494328 0.000000 -0.802640 
603000 3015.000000 -0.941234 -0.072514 0.000000 0.588924 1.675877 0.000000 -1.924892 
604000 3020.000000 -1.275559 -0.224721 0.000000 -0.358485 0.880170 0.000000 -1.678740 
605000 3025.000000 -1.095085 -0.241464 0.000000 0.516834 1.180775 0.000000 -1.254328 
606000 3030.000000 -1.367287 0.147713 0.000000 -1.290711 0.451631 0.000000 -1.968159 
607000 3035.000000 -1.054668 0.032853 0.000000 0.343899 0.257776 0.000000 -0.042765 
608000 3040.000000 -1.091252 -0.244121 0.000000 0.000123 0.161087 0.000000 -0.241507 
609000 3045.000000 -1.118992 0.209429 0.000000 0.043120 0.077291 0.000000 -0.072816 
610000 3050.000000 -1.096277 0.068536 0.000000 0.582769 0.648182 0.000000 -0.389504 
611000 3055.000000 -1.278451 -0.013018 0.000000 -0.269519 0.053602 0.000000 -0.349921 
612000 3060.000000 -0.998500 0.062572 0.000000 0.159617 0.268951 0.000000 -0.243809 
613000 3065.000000 -1.036406 -0.134565 0.000000 0.293622 0.415008 0.000000 -0.328891 
614000 3070.000000 -1.075127 0.090290 0.000000 0.443515 0.455635 0.000000 -0.239938 
615000 3075.000000 -0.991320 -0.047669 0.000000 0.009877 0.015334 0.000000 -0.013124 
616000 3080.000000 -0.863221 -0.028634 0.000000 -0.535729 0.376628 0.000000 -1.100671 
617000 3085.000000 -1.045293 -0.043819 0.000000 0.246449 0.117029 0.000000 0.070906 
618000 3090.000000 -0.928504 0.234612 0.000000 0.061747 1.040760 0.000000 -1.499394 
619000 3095.000000 -1.271744 -0.345994 0.000000 -0.960279 1.086988 0.000000 -2.590760 
620000 3100.000000 -1.089464 -0.395261 0.000000 -0.512079 0.394977 0.000000 -1.104545 
621000 3105.000000 -1.175662 -0.280844 0.000000 -0.359812 0.098245 0.000000 -0.507179 
622000 3110.000000 -1.244249 -0.306623 0.000000 -0.959681 0.034405 0.000000 -1.011289 
623000 3115.000000 -1.140184 -0.024183 0.000000 0.420737 0.276844 0.000000 0.005471 
624000 3120.000000 -0.970991 -0.158123 0.000000 -0.082854 0.171419 0.000000 -0.339982 
625000 3125.000000 -1.119916 0.203568 0.000000 0.136733 0.233490 0.000000 -0.213502 
626000 3130.000000 -0.846508 0.240185 0.000000 -0.886942 0.063734 0.000000 -0.982543 
627000 3135.000000 -1.102660 -0.140638 0.000000 0.215567 0.094110 0.000000 0.074402 
628000 3140.000000 -1.200692 0.313470 0.000000 -0.082566 1.248196 0.000000 -1.954861 
629000 3145.000000 -1.145489 0.217612 0.000000 -0.000739 0.125260 0.000000 -0.188629 
630000 3150.000000 -1.134551 -0.072422 0.000000 0.358503 0.208442 0.000000 0.045840 
631000 3155.000000 -1.197182 -0.283040 0.000000 -0.383467 0.282848 0.000000 -0.807739 
632000 3160.000000 -0.986778 -0.329913 0.000000 -0.161460 0.579944 0.000000 -1.031377 
633000 3165.000000 -1.028427 0.021417 0.000000 0.192721 0.093700 0.000000 0.052172 
634000 3170.000000 -1.270865 -0.055579 0.000000 -0.022041 0.492699 0.000000 -0.761089 
635000 3175.000000 -0.925594 -0.588207 0.000000 -1.396087 0.347300 0.000000 -1.917037 
636000 3180.000000 -1.077696 0.264707 0.000000 -0.042607 0.201426 0.000000 -0.344746 
637000 3185.000000 -0.999655 0.073624 0.000000 0.447148 0.847540 0.000000 -0.824162 
638000 3190.000000 -1.213780 0.028201 0.000000 0.243951 0.307430 0.000000 -0.217195 
639000 3195.000000 -1.227099 -0.135944 0.000000 -0.128397 0.010156 0.000000 -0.143631 
640000 3200.000000 -1.020418 -0.333082 0.000000 -0.379761 0.048517 0.000000 -0.452536 
641000 3205.000000 -1.152358 -0.140487 0.000000 0.296427 0.338063 0.000000 -0.210668 
642000 3210.000000 -1.166404 0.191524 0.000000 0.011645 0.093944 0.000000 -0.129271 
643000 3215.000000 -1.247537 -0.051781 0.000000 0.212476 0.634269 0.000000 -0.738928 
644000 3220.000000 -1.046099 -0.097368 0.000000 0.661452 1.018389 0.000000 -0.866131 
645000 3225.000000 -1.022352 -0.057059 0.000000 0.541323 0.854271 0.000000 -0.740083 
646000 3230.000000 -1.062048 0.213746 0.000000 0.246846 0.514342 0.000000 -0.524666 
647000 3235.000000 -0.888684 0.276022 0.000000 0.287245 1.999106 0.000000 -2.711414 
648000 3240.000000 -1.068374 -0.228318 0.000000 0.078559 0.238857 0.000000 -0.279727 
649000 3245.000000 -1.091023 0.043996 0.000000 0.329328 0.116696 0.000000 0.154285 
650000 3250.000000 -0.954915 -0.151144 0.000000 -0.000255 0.466170 0.000000 -0.699510 
651000 3255.000000 -0.974480 -0.034484 0.000000 0.250082 0.636777 0.000000 -0.705083 
652000 3260.000000 -1.197793 -0.005642 0.000000 0.519598 0.719400 0.000000 -0.559501 
653000 3265.000000 -1.203850 0.042521 0.000000 0.207902 0.171089 0.000000 -0.048732 
654000 3270.000000 -1.073943 -0.149662 0.000000 0.309613 0.352114 0.000000 -0.218559 
655000 3275.000000 -1.129067 -0.282529 0.000000 -0.182492 0.162475 0.000000 -0.426205 
656000 3280.000000 -1.003852 0.210471 0.000000 0.163194 0.575637 0.000000 -0.700261 
657000 3285.000000 -1.027339 0.012365 0.000000 0.579874 0.870491 0.000000 -0.725863 
658000 3290.000000 -1.135687 0.436464 0.000000 -1.105991 0.052634 0.000000 -1.184943 
659000 3295.000000 -0.813437 0.550600 0.000000 -1.189860 0.721000 0.000000 -2.271360 
660000 3300.000000 -1.190892 0.083326 0.000000 0.378505 0.503943 0.000000 -0.377409 
661000 3305.000000 -1.140333 0.103467 0.000000 1.401866 2.381760 0.000000 -2.170773 
662000 3310.000000 -1.228202 -0.066718 0.000000 0.315787 0.654151 0.000000 -0.665440 
663000 3315.000000 -1.130546 -0.002775 0.000000 0.305388 0.024817 0.000000 0.268163 
664000 3320.000000 -1.042094 0.088398 0.000000 0.241245 0.181467 0.000000 -0.030956 
665000 3325.000000 -1.111628 0.021251 0.000000 0.341600 0.098258 0.000000 0.194212 
666000 3330.000000 -0.942742 -0.312642 0.000000 1.204087 3.481217 0.000000 -4.017739 
667000 3335.000000 -1.032585 -0.299111 0.000000 -0.229312 0.101409 0.000000 -0.381425 
668000 3340.000000 -0.911091 -0.007635 0.000000 -0.143254 0.531372 0.000000 -0.940312 
669000 3345.000000 -0.998895 -0.118239 0.000000 0.093866 0.215939 0.000000 -0.230043 
670000 3350.000000 -1.151604 -0.170808 0.000000 0.140519 0.163302 0.000000 -0.104434 
671000 3355.000000 -1.191568 0.011470 0.000000 0.984992 1.610081 0.000000 -1.430129 
672000 3360.000000 -1.130669 0.177554 0.000000 0.095440 0.038272 0.000000 0.038033 
673000 3365.000000 -1.022866 0.039220 0.000000 0.211677 0.176311 0.000000 -0.052789 
674000 3370.000000 -1.077242 -0.083572 0.000000 0.982392 1.514647 0.000000 -1.289579 
675000 3375.000000 -1.284899 0.145633 0.000000 -0.508371 0.124860 0.000000 -0.695661 
676000 3380.000000 -0.916049 -0.209943 0.000000 0.017170 1.014242 0.000000 -1.504193 
677000 3385.000000 -1.162625 -0.048247 0.000000 0.421380 0.367739 0.000000 -0.130229 
678000 3390.000000 -1.054539 -0.175930 0.000000 0.385994 0.654186 0.000000 -0.595285 
679000 3395.000000 -1.024542 0.165231 0.000000 0.561302 1.100663 0.000000 -1.089692 
680000 3400.000000 -1.046764 0.387161 0.000000 -0.292707 0.632960 0.000000 -1.242147 
681000 3405.000000 -1.265902 0.040933 0.000000 0.166261 0.767130 0.000000 -0.984434 
682000 3410.000000 -1.144027 0.190716 0.000000 0.031605 0.021245 0.000000 -0.000263 
683000 3415.000000 -1.161701 -0.231678 0.000000 0.241984 0.791848 0.000000 -0.945788 
684000 3420.000000 -1.238242 0.144981 0.000000 -0.089420 0.264985 0.000000 -0.486898 
685000 3425.000000 -1.249533 0.168541 0.000000 -0.238250 0.256780 0.000000 -0.623421 
686000 3430.000000 -0.664425 -0.667951 0.000000 -2.144288 0.128000 0.000000 -2.336288 
687000 3435.000000 -1.069138 0.069262 0.000000 0.532267 0.615530 0.000000 -0.391028 
688000 3440.000000 -1.104122 -0.122258 0.000000 0.206365 0.013962 0.000000 0.185423 
689000 3445.000000 -1.218667 -0.003826 0.000000 0.080144 0.009910 0.000000 0.065279 
690000 3450.000000 -1.073290 -0.033903 0.000000 0.364425 0.225279 0.000000 0.026507 
691000 3455.000000 -1.202624 -0.435454 0.000000 -1.383818 0.372071 0.000000 -1.941925 
692000 3460.000000 -1.064779 -0.179594 0.000000 0.692185 1.249747 0.000000 -1.182436 
693000 3465.000000 -1.241415 -0.321704 0.000000 -0.624508 0.847273 0.000000 -1.895418 
694000 3470.000000 -1.126081 -0.102517 0.000000 0.258843 0.067857 0.000000 0.157058 
695000 3475.000000 -1.223794 -0.067541 0.000000 0.055672 0.090503 0.000000 -0.080082 
696000 3480.000000 -1.099604 0.378459 0.000000 -0.520459 0.247128 0.000000 -0.891151 
697000 3485.000000 -1.179659 0.001557 0.000000 0.320840 0.208980 0.000000 0.007369 
698000 3490.000000 -1.229963 0.103457 0.000000 0.210458 0.576281 0.000000 -0.653963 
699000 3495.000000 -0.923819 -0.264057 0.000000 -0.436293 0.174450 0.000000 -0.697968 
700000 3500.000000 -0.973141 -0.060983 0.000000 0.110021 0.386817 0.000000 -0.470204 
701000 3505.000000 -0.795845 0.048723 0.000000 -0.956096 0.537533 0.000000 -1.762396 
702000 3510.000000 -1.005084 -0.058042 0.000000 0.880972 1.656339 0.000000 -1.603536 
703000 3515.000000 -1.160236 0.122423 0.000000 0.198361 0.102934 0.000000 0.043960 
704000 3520.000000 -0.923581 0.002850 0.000000 -0.324669 0.018479 0.000000 -0.352388 
705000 3525.000000 -1.080281 -0.324405 0.000000 -0.340152 0.041679 0.000000 -0.402671 
706000 3530.000000 -1.087884 0.004064 0.000000 0.369696 0.181912 0.000000 0.096828 
707000 3535.000000 -1.087766 -0.234710 0.000000 0.077871 0.259143 0.000000 -0.310843 
708000 3540.000000 -1.358204 0.255435 0.000000 -1.935864 0.013332 0.000000 -1.955862 
709000 3545.000000 -0.954451 0.042728 0.000000 0.010165 0.358383 0.000000 -0.527409 
710000 3550.000000 -0.981993 0.224355 0.000000 -0.110797 0.220562 0.000000 -0.441640 
711000 3555.000000 -1.193210 -0.101688 0.000000 0.262753 0.345496 0.000000 -0.255491 
712000 3560.000000 -0.842847 -0.411047 0.000000 -0.610761 1.059357 0.000000 -2.199796 
713000 3565.000000 -1.038972 -0.417907 0.000000 -0.676807 0.144470 0.000000 -0.893513 
714000 3570.000000 -0.968279 0.030230 0.000000 0.311458 0.817419 0.000000 -0.914670 
715000 3575.000000 -1.159885 0.165423 0.000000 0.890494 1.674065 0.000000 -1.620604 
716000 3580.000000 -1.234452 -0.060575 0.000000 0.058738 0.193267 0.000000 -0.231162 
717000 3585.000000 -1.224629 0.086587 0.000000 -0.004945 0.031906 0.000000 -0.052804 
718000 3590.000000 -0.749157 0.545548 0.000000 -1.717653 0.067740 0.000000 -1.819263 
719000 3595.000000 -1.146977 0.100165 0.000000 0.829567 1.245432 0.000000 -1.038582 
720000 3600.000000 -1.216112 0.279033 0.000000 -0.078369 1.074958 0.000000 -1.690806 
721000 3605.000000 -1.223043 0.214900 0.000000 0.305191 1.340814 0.000000 -1.706030 
722000 3610.000000 -0.988237 -0.184019 0.000000 -0.065336 0.135732 0.000000 -0.268934 
723000 3615.000000 -0.991631 -0.328696 0.000000 -0.244072 0.386070 0.000000 -0.823176 
724000 3620.000000 -1.062581 -0.041016 0.000000 0.368938 0.279729 0.000000 -0.050655 
725000 3625.000000 -1.318635 0.218362 0.000000 -0.765686 0.885636 0.000000 -2.094140 
726000 3630.000000 -1.153556 -0.254829 0.000000 -0.111951 0.209133 0.000000 -0.425650 
727000 3635.000000 -1.006396 0.482139 0.000000 -0.911756 0.276788 0.000000 -1.326939 
728000 3640.000000 -0.694558 0.183053 0.000000 -1.083847 1.880201 0.000000 -3.904147 
729000 3645.000000 -0.753529 -0.013032 0.000000 -0.795506 1.539257 0.000000 -3.104392 
730000 3650.000000 -0.919034 -0.273848 0.000000 -0.475342 0.172368 0.000000 -0.733894 
731000 3655.000000 -0.965434 -0.016712 0.000000 -0.094272 0.029330 0.000000 -0.138267 
732000 3660.000000 -0.714295 0.634196 0.000000 -1.861637 0.310339 0.000000 -2.327146 
733000 3665.000000 -0.965407 0.178686 0.000000 0.004662 0.444366 0.000000 -0.661887 
734000 3670.000000 -1.318193 -0.210512 0.000000 -0.879750 0.570210 0.000000 -1.735065 
735000 3675.000000 -0.932235 0.475164 0.000000 -0.893368 0.302937 0.000000 -1.347774 
736000 3680.000000 -0.728793 0.291368 0.000000 -1.557052 0.353467 0.000000 -2.087253 
737000 3685.000000 -1.052083 -0.350828 0.000000 0.348827 1.607694 0.000000 -2.062715 
738000 3690.000000 -1.008395 0.089566 0.000000 0.071133 0.051919 0.000000 -0.006745 
739000 3695.000000 -1.032908 0.017613 0.000000 0.231890 0.142166 0.000000 0.018641 
740000 3700.000000 -0.900159 0.038540 0.000000 -0.414315 0.130955 0.000000 -0.610747 
741000 3705.000000 -0.826212 0.389259 0.000000 -1.165868 0.038211 0.000000 -1.223184 
742000 3710.000000 -1.116422 -0.210492 0.000000 0.316181 0.623842 0.000000 -0.619582 
743000 3715.000000 -1.266779 -0.116402 0.000000 -0.188049 0.310566 0.000000 -0.653897 
744000 3720.000000 -1.090246 0.245458 0.000000 -0.030385 0.106792 0.000000 -0.190573 
745000 3725.000000 -0.959262 0.250257 0.000000 -0.132269 0.436149 0.000000 -0.786493 
746000 3730.000000 -1.034265 -0.038089 0.000000 0.161614 0.003018 0.000000 0.157087 
747000 3735.000000 -0.962714 0.268851 0.000000 -0.236298 0.272865 0.000000 -0.645596 
748000 3740.000000 -1.261394 -0.008646 0.000000 0.239459 0.817520 0.000000 -0.986821 
749000 3745.000000 -1.183632 -0.198718 0.000000 -0.108298 0.014304 0.000000 -0.129754 
750000 3750.000000 -1.154230 -0.124930 0.000000 0.357324 0.405362 0.000000 -0.250719 
751000 3755.000000 -1.094226 0.274291 0.000000 -0.035683 0.289679 0.000000 -0.470201 
752000 3760.000000 -0.965506 0.042622 0.000000 0.389882 1.005403 0.000000 -1.118222 
753000 3765.000000 -1.120808 -0.216461 0.000000 0.081491 0.197409 0.000000 -0.214623 
754000 3770.000000 -1.043011 -0.324118 0.000000 -0.107703 0.492296 0.000000 -0.846147 
755000 3775.000000 -1.222372 -0.048752 0.000000 0.419805 0.765823 0.000000 -0.728929 
756000 3780.000000 -1.124091 0.048595 0.000000 0.560408 0.560398 0.000000 -0.280189 
757000 3785.000000 -0.931451 -0.576431 0.000000 -1.097839 0.821400 0.000000 -2.329940 
758000 3790.000000 -1.081457 0.021738 0.000000 0.481834 0.427512 0.000000 -0.159434 
759000 3795.000000 -1.171456 -0.194141 0.000000 0.034769 0.186430 0.000000 -0.244876 
760000 3800.000000 -1.152276 0.010448 0.000000 0.657444 0.771467 0.000000 -0.499756 
761000 3805.000000 -0.974631 -0.330386 0.000000 0.394184 1.750714 0.000000 -2.231888 
762000 3810.000000 -1.076315 0.028614 0.000000 0.955850 1.394642 0.000000 -1.136112 
763000 3815.000000 -1.313386 -0.000560 0.000000 -0.533780 0.143515 0.000000 -0.749052 
764000 3820.000000 -0.979333 -0.263880 0.000000 0.051939 0.716242 0.000000 -1.022423 
765000 3825.000000 -1.049428 0.046514 0.000000 0.258176 0.121638 0.000000 0.075719 
766000 3830.000000 -0.872228 0.036601 0.000000 0.895098 3.115074 0.000000 -3.777513 
767000 3835.000000 -1.278268 0.023026 0.000000 -0.213745 0.169576 0.000000 -0.468108 
768000 3840.000000 -1.184321 -0.087561 0.000000 0.184340 0.085542 0.000000 0.056028 
769000 3845.000000 -1.165087 -0.204833 0.000000 -0.063415 0.018682 0.000000 -0.091437 
770000 3850.000000 -1.000064 -0.189541 0.000000 -0.025240 0.151446 0.000000 -0.252409 
771000 3855.000000 -1.098393 -0.204771 0.000000 0.087001 0.115696 0.000000 -0.086543 
772000 3860.000000 -1.056063 -0.017181 0.000000 0.336330 0.228375 0.000000 -0.006232 
773000 3865.000000 -1.120294 0.115259 0.000000 0.237550 0.057999 0.000000 0.150551 
774000 3870.000000 -1.106785 0.003008 0.000000 0.339530 0.091517 0.000000 0.202254 
775000 3875.000000 -1.078409 0.074141 0.000000 0.445505 0.420899 0.000000 -0.185843 
776000 3880.000000 -1.171424 0.042158 0.000000 0.416874 0.387993 0.000000 -0.165116 
777000 3885.000000 -1.218204 0.379989 0.000000 -0.408373 1.706189 0.000000 -2.967657 
778000 3890.000000 -1.232100 -0.156100 0.000000 0.578296 1.589909 0.000000 -1.806568 
779000 3895.000000 -1.186777 -0.232117 0.000000 -0.109841 0.277137 0.000000 -0.525546 
780000 3900.000000 -1.028448 0.267788 0.000000 0.306113 1.002422 0.000000 -1.197521 
781000 3905.000000 -1.012842 -0.376477 0.000000 -0.514972 0.105685 0.000000 -0.673500 
782000 3910.000000 -1.190500 -0.047462 0.000000 0.385594 0.437664 0.000000 -0.270903 
783000 3915.000000 -1.211800 0.144814 0.000000 0.189373 0.532343 0.000000 -0.609141 
784000 3920.000000 -0.951830 0.285893 0.000000 -0.279570 0.332490 0.000000 -0.778304 
785000 3925.000000 -0.924969 0.338472 0.000000 -0.609041 0.095710 0.000000 -0.752607 
786000 3930.000000 -0.803727 -0.562799 0.000000 -1.561135 0.094985 0.000000 -1.703612 
787000 3935.000000 -0.994410 -0.220291 0.000000 0.155769 0.654317 0.000000 -0.825706 
788000 3940.000000 -0.648941 -0.181541 0.000000 -2.182809 0.424130 0.000000 -2.819003 
789000 3945.000000 -1.019839 0.094652 0.000000 0.123944 0.085302 0.000000 -0.004008 
790000 3950.000000 -1.135552 0.061725 0.000000 0.611535 0.693998 0.000000 -0.429462 
791000 3955.000000 -1.136802 -0.006903 0.000000 0.482592 0.385845 0.000000 -0.096175 
792000 3960.000000 -1.098777 0.255543 0.000000 -0.086892 0.064714 0.000000 -0.183962 
793000 3965.000000 -0.782279 0.341229 0.000000 -0.278082 2.214446 0.000000 -3.599751 
794000 3970.000000 -1.215836 -0.230135 0.000000 -0.091899 0.585126 0.000000 -0.969589 
795000 3975.000000 -1.121811 0.192660 0.000000 0.306015 0.514334 0.000000 -0.465486 
796000 3980.000000 -1.077048 -0.091437 0.000000 0.302425 0.168586 0.000000 0.049545 
797000 3985.000000 -0.915128 0.070473 0.000000 -0.240158 0.309382 0.000000 -0.704231 
798000 3990.000000 -1.127161 -0.116403 0.000000 0.223277 0.037569 0.000000 0.166923 
799000 3995.000000 -1.196131 0.163760 0.000000 0.023304 0.162906 0.000000 -0.221055 
800000 4000.000000 -0.972236 0.212794 0.000000 -0.027953 0.416912 0.000000 -0.653322 
801000 4005.000000 -0.978587 -0.271773 0.000000 -0.247571 0.154438 0.000000 -0.479228 
802000 4010.000000 -1.136191 0.116317 0.000000 0.264550 0.135334 0.000000 0.061549 
803000 4015.000000 -0.955191 -0.695255 0.000000 -2.307128 0.123438 0.000000 -2.492286 
804000 4020.000000 -1.045267 0.236518 0.000000 -0.036293 0.099384 0.000000 -0.185370 
805000 4025.000000 -1.104035 -0.205330 0.000000 0.185808 0.316017 0.000000 -0.288217 
806000 4030.000000 -1.039902 -0.132503 0.000000 0.382491 0.567083 0.000000 -0.468134 
807000 4035.000000 -1.123024 0.129656 0.000000 0.233510 0.095728 0.000000 0.089917 
808000 4040.000000 -1.213797 -0.244537 0.000000 -0.342445 0.183170 0.000000 -0.617201 
809000 4045.000000 -1.152554 -0.130950 0.000000 0.324750 0.353782 0.000000 -0.205923 
810000 4050.000000 -1.181223 -0.237845 0.000000 0.240047 0.971412 0.000000 -1.217070 
811000 4055.000000 -1.083878 -0.187809 0.000000 0.075070 0.011724 0.000000 0.057484 
812000 4060.000000 -1.030734 0.160227 0.000000 1.000506 1.927535 0.000000 -1.890797 
813000 4065.000000 -1.127417 -0.019212 0.000000 0.441333 0.294870 0.000000 -0.000971 
814000 4070.000000 -1.050679 -0.119392 0.000000 0.323665 0.366410 0.000000 -0.225950 
815000 4075.000000 -1.296074 0.127591 0.000000 0.145035 1.524427 0.000000 -2.141605 
816000 4080.000000 -1.194264 -0.013939 0.000000 0.527453 0.710330 0.000000 -0.538043 
817000 4085.000000 -1.137528 0.016760 0.000000 0.759286 0.941326 0.000000 -0.652704 
818000 4090.000000 -0.882116 0.097520 0.000000 -0.359918 0.498618 0.000000 -1.107845 
819000 4095.000000 -1.214411 -0.060320 0.000000 0.383269 0.637706 0.000000 -0.573291 
820000 4100.000000 -1.002550 0.309586 0.000000 -0.250835 0.212491 0.000000 -0.569573 
821000 4105.000000 -1.168507 0.130614 0.000000 0.224948 0.222196 0.000000 -0.108347 
822000 4110.000000 -1.159978 0.084478 0.000000 0.861798 1.306427 0.000000 -1.097842 
823000 4115.000000 -0.835731 -0.100895 0.000000 -0.871669 0.113502 0.000000 -1.041922 
824000 4120.000000 -0.926922 0.270804 0.000000 0.064528 1.165561 0.000000 -1.683814 
825000 4125.000000 -1.077599 0.006542 0.000000 0.386537 0.238961 0.000000 0.028095 
826000 4130.000000 -1.288844 0.264772 0.000000 -0.527229 1.216472 0.000000 -2.351937 
827000 4135.000000 -1.044536 -0.034668 0.000000 0.373663 0.363375 0.000000 -0.171399 
828000 4140.000000 -0.968055 -0.055483 0.000000 -0.062718 0.080344 0.000000 -0.183234 
829000 4145.000000 -1.191157 -0.079163 0.000000 0.144170 0.021544 0.000000 0.111855 
830000 4150.000000 -1.092757 0.025672 0.000000 0.572756 0.580608 0.000000 -0.298157 
831000 4155.000000 -1.106219 0.129636 0.000000 0.475105 0.569243 0.000000 -0.378760 
832000 4160.000000 -1.146066 -0.254118 0.000000 -0.156388 0.068223 0.000000 -0.258722 
833000 4165.000000 -1.164903 -0.047065 0.000000 0.442052 0.411438 0.000000 -0.175105 
834000 4170.000000 -0.993615 0.227271 0.000000 -0.074543 0.221327 0.000000 -0.406533 
835000 4175.000000 -1.018428 0.050089 0.000000 0.537059 0.860711 0.000000 -0.754008 
836000 4180.000000 -1.086415 0.075728 0.000000 0.744823 0.998222 0.000000 -0.752510 
837000 4185.000000 -1.047280 -0.307819 0.000000 -0.154742 0.276560 0.000000 -0.569581 
838000 4190.000000 -1.199619 -0.195653 0.000000 -0.142486 0.055526 0.000000 -0.225775 
839000 4195.000000 -0.962481 0.000341 0.000000 0.241833 0.724871 0.000000 -0.845474 
840000 4200.000000 -1.112312 0.152531 0.000000 0.206118 0.116681 0.000000 0.031096 
841000 4205.000000 -0.999430 -0.261023 0.000000 0.134549 0.747879 0.000000 -0.987270 
842000 4210.000000 -0.996192 0.117469 0.000000 0.006961 0.056557 0.000000 -0.077874 
843000 4215.000000 -1.015913 -0.042502 0.000000 0.321495 0.440242 0.000000 -0.338868 
844000 4220.000000 -1.073832 0.293339 0.000000 0.297222 1.067171 0.000000 -1.303535 
845000 4225.000000 -1.093854 -0.043157 0.000000 0.473615 0.394023 0.000000 -0.117419 
846000 4230.000000 -0.930323 -0.107332 0.000000 -0.137084 0.372160 0.000000 -0.695324 
847000 4235.000000 -1.193383 0.108762 0.000000 0.092339 0.025252 0.000000 0.054461 
848000 4240.000000 -1.020471 -0.053962 0.000000 0.589166 0.954414 0.000000 -0.842456 
849000 4245.000000 -1.035783 -0.283122 0.000000 -0.138324 0.172861 0.000000 -0.397615 
850000 4250.000000 -1.310668 0.045008 0.000000 -0.350612 0.496580 0.000000 -1.095481 
851000 4255.000000 -0.989798 -0.138187 0.000000 0.275972 0.684984 0.000000 -0.751503 
852000 4260.000000 -1.055023 -0.056962 0.000000 0.627046 0.839106 0.000000 -0.631613 
853000 4265.000000 -1.037252 0.107117 0.000000 0.221343 0.196880 0.000000 -0.073978 
854000 4270.000000 -1.100779 0.180892 0.000000 0.270836 0.361540 0.000000 -0.271474 
855000 4275.000000 -1.050604 0.168100 0.000000 0.145410 0.152665 0.000000 -0.083587 
856000 4280.000000 -0.932681 0.314032 0.000000 -0.570804 0.006115 0.000000 -0.579977 
857000 4285.000000 -1.078614 0.022280 0.000000 0.426238 0.319586 0.000000 -0.053141 
858000 4290.000000 -1.006717 0.164560 0.000000 -0.022412 0.031914 0.000000 -0.070283 
859000 4295.000000 -1.148970 0.075829 0.000000 0.372076 0.267200 0.000000 -0.028723 
860000 4300.000000 -0.903142 -0.191091 0.000000 -0.193612 0.688127 0.000000 -1.225803 
861000 4305.000000 -0.975802 -0.051829 0.000000 0.666552 1.462545 0.000000 -1.527266 
862000 4310.000000 -1.326309 -0.088538 0.000000 -0.334909 0.986399 0.000000 -1.814507 
863000 4315.000000 -0.943102 -0.320662 0.000000 0.797402 2.694708 0.000000 -3.244660 
864000 4320.000000 -0.904792 0.171758 0.000000 -0.369068 0.285815 0.000000 -0.797790 
865000 4325.000000 -1.037358 0.032969 0.000000 1.008716 1.671024 0.000000 -1.497820 
866000 4330.000000 -1.281383 -0.012689 0.000000 0.219079 1.072033 0.000000 -1.388971 
867000 4335.000000 -1.242577 0.244755 0.000000 -0.536075 0.173302 0.000000 -0.796028 
868000 4340.000000 -1.166433 -0.058249 0.000000 1.635712 2.822940 0.000000 -2.598699 
869000 4345.000000 -1.131526 -0.092333 0.000000 1.167292 1.860212 0.000000 -1.623026 
870000 4350.000000 -1.148333 0.124963 0.000000 0.647141 0.959777 0.000000 -0.792524 
871000 4355.000000 -1.082507 -0.016273 0.000000 0.966929 1.387517 0.000000 -1.114347 
872000 4360.000000 -0.740938 -0.460358 0.000000 -1.622960 0.139935 0.000000 -1.832862 
873000 4365.000000 -1.067846 0.134176 0.000000 0.210267 0.114815 0.000000 0.038045 
874000 4370.000000 -1.006122 0.185473 0.000000 -0.057084 0.030290 0.000000 -0.102519 
875000 4375.000000 -1.044271 -0.068349 0.000000 0.300659 0.252566 0.000000 -0.078189 
876000 4380.000000 -1.190506 0.290634 0.000000 -0.230309 0.587757 0.000000 -1.111944 
877000 4385.000000 -1.099632 -0.048207 0.000000 0.398862 0.241166 0.000000 0.037113 
878000 4390.000000 -0.936419 -0.079374 0.000000 -0.202508 0.145751 0.000000 -0.421134 
879000 4395.000000 -1.043264 -0.258391 0.000000 0.278741 0.847404 0.000000 -0.992365 
880000 4400.000000 -1.013896 0.146884 0.000000 0.189738 0.363640 0.000000 -0.355721 
881000 4405.000000 -1.044757 0.045544 0.000000 0.447829 0.519441 0.000000 -0.331332 
882000 4410.000000 -1.345730 -0.256667 0.000000 -1.031931 1.476866 0.000000 -3.247231 
883000 4415.000000 -1.269231 0.091244 0.000000 -0.269827 0.073891 0.000000 -0.380664 
884000 4420.000000 -1.163614 -0.252889 0.000000 -0.221999 0.033897 0.000000 -0.272845 
885000 4425.000000 -1.160737 0.101571 0.000000 0.381797 0.396811 0.000000 -0.213419 
886000 4430.000000 -1.181328 0.043207 0.000000 0.476430 0.554637 0.000000 -0.355526 
887000 4435.000000 -1.055837 0.359509 0.000000 -0.111164 0.757343 0.000000 -1.247179 
888000 4440.000000 -1.212937 -0.123207 0.000000 0.028772 0.117123 0.000000 -0.146913 
889000 4445.000000 -0.922650 0.227678 0.000000 -0.075162 0.799974 0.000000 -1.275122 
890000 4450.000000 -1.008106 -0.009991 0.000000 0.492563 0.825006 0.000000 -0.744946 
891000 4455.000000 -1.048237 0.064927 0.000000 0.348200 0.323881 0.000000 -0.137622 
892000 4460.000000 -0.923186 -0.118179 0.000000 0.071554 0.882504 0.000000 -1.252202 
893000 4465.000000 -1.187059 0.138345 0.000000 0.339042 0.595490 0.000000 -0.554193 
894000 4470.000000 -1.314532 -0.052824 0.000000 -0.204934 0.883607 0.000000 -1.530345 
895000 4475.000000 -1.184364 0.075895 0.000000 0.288002 0.258187 0.000000 -0.099278 
896000 4480.000000 -1.023934 -0.375022 0.000000 -0.535902 0.035807 0.000000 -0.589612 
897000 4485.000000 -0.859062 -0.222303 0.000000 -0.553548 0.542965 0.000000 -1.367995 
898000 4490.000000 -0.982206 -0.052552 0.000000 0.344073 0.761559 0.000000 -0.798265 
899000 4495.000000 -1.036303 -0.311449 0.000000 -0.161038 0.303705 0.000000 -0.616596 
900000 4500.000000 -1.074382 0.150034 0.000000 0.210400 0.148548 0.000000 -0.012421 
901000 4505.000000 -1.074931 0.217442 0.000000 0.432895 0.877826 0.000000 -0.883844 
902000 4510.000000 -1.027571 0.103241 0.000000 0.171223 0.143170 0.000000 -0.043531 
903000 4515.000000 -0.775697 -0.495277 0.000000 -1.368393 0.396250 0.000000 -1.962768 
904000 4520.000000 -1.137298 -0.127854 0.000000 0.458141 0.561253 0.000000 -0.383738 
905000 4525.000000 -1.101368 0.105255 0.000000 0.681451 0.912063 0.000000 -0.686643 
906000 4530.000000 -1.028086 -0.079178 0.000000 0.247934 0.252369 0.000000 -0.130620 
907000 4535.000000 -1.144006 -0.307795 0.000000 -0.167476 0.490194 0.000000 -0.902768 
908000 4540.000000 -1.166378 -0.031229 0.000000 0.385828 0.284885 0.000000 -0.041500 
909000 4545.000000 -1.182579 0.286285 0.000000 0.215700 1.357543 0.000000 -1.820614 
910000 4550.000000 -1.123707 0.000826 0.000000 0.407006 0.215971 0.000000 0.083050 
911000 4555.000000 -0.919925 -0.210871 0.000000 -0.367115 0.200821 0.000000 -0.668345 
912000 4560.000000 -1.182057 0.194546 0.000000 -0.020483 0.144417 0.000000 -0.237107 
913000 4565.000000 -1.329999 -0.046362 0.000000 -0.291558 1.019963 0.000000 -1.821502 
914000 4570.000000 -0.931380 0.081978 0.000000 -0.202958 0.199861 0.000000 -0.502750 
915000 4575.000000 -1.221622 0.194338 0.000000 0.084320 0.720070 0.000000 -0.995784 
916000 4580.000000 -1.125798 -0.143579 0.000000 0.411885 0.503115 0.000000 -0.342786 
917000 4585.000000 -1.190332 0.142146 0.000000 0.029014 0.012684 0.000000 0.009987 
918000 4590.000000 -0.762030 -0.239378 0.000000 -1.033547 0.912515 0.000000 -2.402319 
919000 4595.000000 -1.053464 0.041834 0.000000 0.704215 0.982005 0.000000 -0.768793 
920000 4600.000000 -1.158950 -0.285349 0.000000 -0.323766 0.070248 0.000000 -0.429138 
921000 4605.000000 -1.187893 -0.127398 0.000000 0.229931 0.331298 0.000000 -0.267016 
922000 4610.000000 -1.143579 0.230118 0.000000 0.038293 0.268735 0.000000 -0.364809 
923000 4615.000000 -1.112415 0.276732 0.000000 -0.001480 0.408856 0.000000 -0.614764 
924000 4620.000000 -1.069551 -0.030937 0.000000 0.439800 0.378779 0.000000 -0.128369 
925000 4625.000000 -1.134820 0.231848 0.000000 0.139258 0.445371 0.000000 -0.528799 
926000 4630.000000 -1.303912 0.197115 0.000000 -0.812609 0.258208 0.000000 -1.199921 
927000 4635.000000 -1.184268 -0.147641 0.000000 0.214562 0.366367 0.000000 -0.334988 
928000 4640.000000 -0.948434 -0.436836 0.000000 -0.507005 0.728447 0.000000 -1.599675 
929000 4645.000000 -1.181702 -0.074949 0.000000 0.221928 0.103221 0.000000 0.067096 
930000 4650.000000 -1.061273 0.090013 0.000000 0.268305 0.142689 0.000000 0.054271 
931000 4655.000000 -1.011394 0.206318 0.000000 0.223915 0.629285 0.000000 -0.720013 
932000 4660.000000 -0.987795 0.076179 0.000000 0.471705 0.987116 0.000000 -1.008969 
933000 4665.000000 -1.356227 0.160602 0.000000 -1.141358 0.536882 0.000000 -1.946681 
934000 4670.000000 -0.771486 0.562699 0.000000 -1.098857 1.201853 0.000000 -2.901636 
935000 4675.000000 -1.219355 0.285496 0.000000 -0.555816 0.220916 0.000000 -0.887190 
936000 4680.000000 -0.933409 0.219733 0.000000 -0.298500 0.224660 0.000000 -0.635490 
937000 4685.000000 -1.090860 -0.221015 0.000000 0.111465 0.240860 0.000000 -0.249824 
938000 4690.000000 -1.102943 0.121526 0.000000 0.263566 0.118053 0.000000 0.086487 
939000 4695.000000 -1.066277 -0.170411 0.000000 0.274662 0.367113 0.000000 -0.276008 
940000 4700.000000 -1.257722 -0.067873 0.000000 0.511154 1.391765 0.000000 -1.576493 
941000 4705.000000 -1.028678 0.408030 0.000000 -0.656457 0.070513 0.000000 -0.762226 
942000 4710.000000 -0.984632 -0.121258 0.000000 0.106747 0.349881 0.000000 -0.418074 
943000 4715.000000 -1.359115 0.167351 0.000000 -1.368158 0.216699 0.000000 -1.693206 
944000 4720.000000 -1.165510 0.167015 0.000000 0.392853 0.704498 0.000000 -0.663894 
945000 4725.000000 -1.178468 0.135704 0.000000 0.379879 0.603261 0.000000 -0.525012 
946000 4730.000000 -1.024008 0.147309 0.000000 0.433421 0.785512 0.000000 -0.744847 
947000 4735.000000 -0.852965 0.480416 0.000000 -0.953284 0.581909 0.000000 -1.826148 
948000 4740.000000 -1.059685 -0.084445 0.000000 0.466395 0.533728 0.000000 -0.334196 
949000 4745.000000 -1.129851 0.061242 0.000000 1.036732 1.526950 0.000000 -1.253693 
950000 4750.000000 -1.263674 0.132191 0.000000 0.191503 1.092395 0.000000 -1.447088 
951000 4755.000000 -0.855183 0.043562 0.000000 -0.738869 0.075242 0.000000 -0.851732 
952000 4760.000000 -1.063511 -0.137829 0.000000 0.158479 0.030387 0.000000 0.112899 
953000 4765.000000 -1.096165 -0.234485 0.000000 0.174752 0.444098 0.000000 -0.491394 
954000 4770.000000 -1.086577 0.118365 0.000000 0.243980 0.085970 0.000000 0.115026 
955000 4775.000000 -1.134701 -0.236793 0.000000 0.114102 0.424901 0.000000 -0.523249 
956000 4780.000000 -1.070231 0.011159 0.000000 0.332646 0.150410 0.000000 0.107030 
957000 4785.000000 -1.194952 0.228049 0.000000 -0.044680 0.437280 0.000000 -0.700599 
958000 4790.000000 -1.012848 0.147468 0.000000 0.126383 0.238328 0.000000 -0.231110 
959000 4795.000000 -0.901636 -0.246523 0.000000 -0.547737 0.109192 0.000000 -0.711524 
960000 4800.000000 -1.088967 -0.228431 0.000000 0.048798 0.154073 0.000000 -0.182312 
961000 4805.000000 -1.175648 -0.065813 0.000000 0.449002 0.501493 0.000000 -0.303238 
962000 4810.000000 -1.179792 -0.023597 0.000000 0.967168 1.500729 0.000000 -1.283926 
963000 4815.000000 -1.083921 0.012336 0.000000 1.485373 2.414170 0.000000 -2.135882 
964000 4820.000000 -1.216696 0.167300 0.000000 0.046232 0.410816 0.000000 -0.569992 
965000 4825.000000 -1.110781 -0.010738 0.000000 0.596072 0.592444 0.000000 -0.292595 
966000 4830.000000 -1.056712 -0.496337 0.000000 -1.024703 0.399009 0.000000 -1.623217 
967000 4835.000000 -1.179882 -0.116138 0.000000 0.303358 0.379618 0.000000 -0.266070 
968000 4840.000000 -1.001062 -0.175180 0.000000 0.126942 0.394139 0.000000 -0.464267 
969000 4845.000000 -1.008137 -0.122506 0.000000 0.036382 0.032149 0.000000 -0.011841 
970000 4850.000000 -1.059700 -0.131488 0.000000 0.371564 0.451513 0.000000 -0.305705 
971000 4855.000000 -1.113873 0.118090 0.000000 0.981983 1.541493 0.000000 -1.330256 
972000 4860.000000 -1.257316 0.168478 0.000000 -0.099707 0.634493 0.000000 -1.051447 
973000 4865.000000 -1.106851 0.245379 0.000000 -0.078296 0.019426 0.000000 -0.107435 
974000 4870.000000 -0.909918 0.020374 0.000000 -0.336298 0.150110 0.000000 -0.561463 
975000 4875.000000 -1.018531 0.136137 0.000000 0.234249 0.390327 0.000000 -0.351241 
976000 4880.000000 -1.018301 -0.008990 0.000000 0.411463 0.583134 0.000000 -0.463239 
977000 4885.000000 -1.182451 0.209490 0.000000 -0.053670 0.176874 0.000000 -0.318981 
978000 4890.000000 -1.010457 0.208787 0.000000 0.035421 0.265330 0.000000 -0.362574 
979000 4895.000000 -1.152681 -0.286570 0.000000 -0.195779 0.291725 0.000000 -0.633367 
980000 4900.000000 -1.037112 0.125872 0.000000 0.234251 0.260422 0.000000 -0.156382 
981000 4905.000000 -1.143378 -0.328223 0.000000 -0.441022 0.133834 0.000000 -0.641773 
982000 4910.000000 -0.993531 -0.065545 0.000000 0.126568 0.235296 0.000000 -0.226376 
983000 4915.000000 -1.113644 0.107631 0.000000 0.456310 0.458514 0.000000 -0.231462 
984000 4920.000000 -0.951427 0.149029 0.000000 0.266046 1.017181 0.000000 -1.259726 
985000 4925.000000 -1.123584 -0.347379 0.000000 -0.042590 0.998158 0.000000 -1.539827 
986000 4930.000000 -1.110178 0.260419 0.000000 -0.087061 0.109636 0.000000 -0.251514 
987000 4935.000000 -1.229187 0.160618 0.000000 0.166048 0.746833 0.000000 -0.954201 
988000 4940.000000 -0.994926 -0.550172 0.000000 -1.412610 0.022422 0.000000 -1.446243 
989000 4945.000000 -1.239206 -0.066263 0.000000 0.505082 1.141701 0.000000 -1.207470 
990000 4950.000000 -1.092562 -0.350501 0.000000 -0.438731 0.094181 0.000000 -0.580002 
991000 4955.000000 -1.106939 -0.049221 0.000000 0.372288 0.176763 0.000000 0.107143 
992000 4960.000000 -1.185759 0.430821 0.000000 -1.386715 0.017014 0.000000 -1.412236 
993000 4965.000000 -1.199834 -0.193984 0.000000 0.223415 0.771831 0.000000 -0.934331 
994000 4970.000000 -1.031712 -0.235538 0.000000 0.056957 0.320166 0.000000 -0.423291 
995000 4975.000000 -1.081484 0.097008 0.000000 0.400280 0.356713 0.000000 -0.134789 
996000 4980.000000 -1.187319 0.456921 0.000000 -1.384340 0.473845 0.000000 -2.095108 
997000 4985.000000 -1.236439 0.083593 0.000000 0.029141 0.206294 0.000000 -0.280301 
998000 4990.000000 -1.202213 -0.001348 0.000000 0.888659 1.478598 0.000000 -1.329237 
999000 4995.000000 -1.273347 -0.101240 0.000000 -0.232919 0.243503 0.000000 -0.598173 
