###--- PARAMETERS ---###
Barrier for OPES:  40
print points every  100  steps
each iteration lasts  10  ns
Iterations:  10
NN will be trained with all the cumulative data
min lag:  0.2 	 max lag:  5 	 number of lag times =  5
###--- Start Simulations ---###
Completed: cp script/* unbias/
Completed: sed -i '0,/ns/s/ns.*/ns=10/' run_gromacs.sh
Completed: ./run_gromacs.sh
['dd_1-54' 'dd_1-152' 'dd_5-7' 'dd_5-32' 'dd_5-52' 'dd_5-81' 'dd_5-121'
 'dd_5-147' 'dd_5-158' 'dd_7-54' 'dd_7-81' 'dd_7-82' 'dd_7-145' 'dd_7-158'
 'dd_10-52' 'dd_10-53' 'dd_10-135' 'dd_10-147' 'dd_11-22' 'dd_11-23'
 'dd_11-54' 'dd_11-164' 'dd_11-165' 'dd_13-32' 'dd_13-54' 'dd_13-135'
 'dd_15-18' 'dd_16-49' 'dd_18-164' 'dd_18-165' 'dd_20-22' 'dd_20-23'
 'dd_20-32' 'dd_20-57' 'dd_20-99' 'dd_20-120' 'dd_20-131' 'dd_20-158'
 'dd_20-165' 'dd_22-28' 'dd_22-53' 'dd_22-164' 'dd_23-54' 'dd_23-85'
 'dd_23-92' 'dd_23-106' 'dd_23-145' 'dd_23-160' 'dd_23-164' 'dd_26-32'
 'dd_26-55' 'dd_26-109' 'dd_26-139' 'dd_26-166' 'dd_28-125' 'dd_31-58'
 'dd_31-63' 'dd_31-100' 'dd_31-115' 'dd_31-144' 'dd_32-36' 'dd_32-63'
 'dd_32-66' 'dd_32-69' 'dd_34-105' 'dd_34-128' 'dd_36-70' 'dd_36-102'
 'dd_36-105' 'dd_36-131' 'dd_36-133' 'dd_36-137' 'dd_36-144' 'dd_37-66'
 'dd_37-69' 'dd_37-109' 'dd_39-83' 'dd_39-137' 'dd_41-63' 'dd_41-141'
 'dd_41-144' 'dd_43-100' 'dd_43-105' 'dd_43-120' 'dd_44-120' 'dd_44-152'
 'dd_45-47' 'dd_45-54' 'dd_45-75' 'dd_45-147' 'dd_47-78' 'dd_49-54'
 'dd_49-71' 'dd_49-111' 'dd_49-119' 'dd_52-57' 'dd_52-66' 'dd_52-71'
 'dd_52-83' 'dd_52-86' 'dd_52-94' 'dd_52-144' 'dd_53-55' 'dd_53-63'
 'dd_53-69' 'dd_53-73' 'dd_53-102' 'dd_54-66' 'dd_54-81' 'dd_54-85'
 'dd_54-120' 'dd_55-56' 'dd_55-58' 'dd_55-69' 'dd_55-70' 'dd_56-82'
 'dd_56-105' 'dd_57-69' 'dd_57-102' 'dd_58-94' 'dd_58-99' 'dd_61-70'
 'dd_61-71' 'dd_61-100' 'dd_61-107' 'dd_63-70' 'dd_63-83' 'dd_63-90'
 'dd_63-105' 'dd_63-107' 'dd_63-120' 'dd_66-78' 'dd_66-83' 'dd_66-100'
 'dd_66-107' 'dd_70-78' 'dd_70-102' 'dd_71-75' 'dd_71-92' 'dd_71-100'
 'dd_73-88' 'dd_78-99' 'dd_78-141' 'dd_81-92' 'dd_82-90' 'dd_82-92'
 'dd_82-94' 'dd_82-137' 'dd_83-92' 'dd_84-86' 'dd_84-94' 'dd_84-106'
 'dd_86-98' 'dd_86-100' 'dd_88-111' 'dd_88-113' 'dd_90-99' 'dd_90-107'
 'dd_90-109' 'dd_90-121' 'dd_90-141' 'dd_90-153' 'dd_92-113' 'dd_92-119'
 'dd_98-107' 'dd_100-113' 'dd_102-105' 'dd_102-139' 'dd_102-141'
 'dd_105-111' 'dd_105-123' 'dd_106-109' 'dd_106-166' 'dd_107-139'
 'dd_109-131' 'dd_113-115' 'dd_113-121' 'dd_113-129' 'dd_113-135'
 'dd_113-141' 'dd_115-135' 'dd_119-145' 'dd_121-125' 'dd_121-145'
 'dd_125-143' 'dd_125-160' 'dd_128-143' 'dd_128-164' 'dd_129-134'
 'dd_129-152' 'dd_129-155' 'dd_129-160' 'dd_131-137' 'dd_131-149'
 'dd_131-162' 'dd_133-137' 'dd_133-165' 'dd_135-139' 'dd_135-141'
 'dd_135-153' 'dd_135-158' 'dd_135-166' 'dd_137-166' 'dd_139-165'
 'dd_141-158' 'dd_144-153' 'dd_147-155' 'dd_149-164' 'dd_149-165'
 'dd_153-160']
210
layers:  [210, 60, 30, 5]
training samples:  35000 	 validation samples 14950
Epoch Train Loss  Valid Loss  Eigenvalues             
50    -3.950      -3.937      0.873  0.788  0.765  0.667  0.579  
100   -4.535      -4.510      0.946  0.914  0.886  0.852  0.762  
150   -4.714      -4.687      0.970  0.950  0.930  0.902  0.819  
200   -4.799      -4.773      0.980  0.966  0.950  0.925  0.856  
250   -4.854      -4.827      0.985  0.975  0.961  0.941  0.890  
300   -4.888      -4.861      0.988  0.981  0.968  0.957  0.912  
350   -4.911      -4.883      0.990  0.984  0.974  0.969  0.926  
400   -4.925      -4.897      0.991  0.986  0.978  0.976  0.935  
450   -4.936      -4.906      0.992  0.988  0.982  0.978  0.943  
500   -4.945      -4.913      0.992  0.989  0.985  0.980  0.949  
550   -4.952      -4.917      0.993  0.991  0.987  0.981  0.955  
INFO: Early stopping
551   -4.952      -4.918      0.993  0.991  0.987  0.981  0.955  
ITERATION NUMBER  1
Completed: cp script/* unbias/bias1/
Completed: sed -i '0,/ns/s/ns.*/ns=10/' run_gromacs.sh
Completed: ./run_gromacs.sh
Epoch Train Loss  Valid Loss  Eigenvalues             
50    -4.426      -4.409      0.934  0.908  0.875  0.810  0.792  
100   -4.779      -4.762      0.971  0.963  0.935  0.920  0.900  
150   -4.877      -4.861      0.982  0.976  0.957  0.950  0.935  
200   -4.917      -4.899      0.987  0.982  0.969  0.963  0.950  
250   -4.936      -4.918      0.990  0.986  0.976  0.969  0.959  
300   -4.947      -4.926      0.992  0.988  0.980  0.972  0.965  
350   -4.955      -4.930      0.993  0.990  0.984  0.975  0.969  
INFO: Early stopping
365   -4.956      -4.931      0.993  0.990  0.984  0.975  0.970  
ITERATION NUMBER  2
Completed: cp script/* unbias/bias1/bias2/
Completed: sed -i '0,/ns/s/ns.*/ns=10/' run_gromacs.sh
Completed: ./run_gromacs.sh
Epoch Train Loss  Valid Loss  Eigenvalues             
50    -4.694      -4.683      0.959  0.956  0.929  0.923  0.867  
100   -4.870      -4.858      0.982  0.980  0.967  0.960  0.946  
150   -4.921      -4.906      0.990  0.988  0.982  0.972  0.966  
200   -4.943      -4.924      0.994  0.991  0.988  0.979  0.973  
250   -4.956      -4.931      0.996  0.993  0.990  0.983  0.977  
INFO: Early stopping
288   -4.962      -4.932      0.996  0.993  0.992  0.985  0.978  
ITERATION NUMBER  3
Completed: cp script/* unbias/bias1/bias2/bias3/
Completed: sed -i '0,/ns/s/ns.*/ns=10/' run_gromacs.sh
Completed: ./run_gromacs.sh
Epoch Train Loss  Valid Loss  Eigenvalues             
50    -4.706      -4.699      0.968  0.964  0.927  0.900  0.883  
100   -4.873      -4.865      0.984  0.980  0.959  0.945  0.934  
150   -4.922      -4.913      0.989  0.984  0.969  0.962  0.952  
200   -4.943      -4.932      0.991  0.986  0.974  0.970  0.963  
250   -4.954      -4.941      0.993  0.987  0.977  0.975  0.970  
300   -4.961      -4.945      0.994  0.988  0.979  0.979  0.975  
INFO: Early stopping
323   -4.963      -4.947      0.994  0.989  0.980  0.979  0.977  
ITERATION NUMBER  4
Completed: cp script/* unbias/bias1/bias2/bias3/bias4/
Completed: sed -i '0,/ns/s/ns.*/ns=10/' run_gromacs.sh
Completed: ./run_gromacs.sh
Epoch Train Loss  Valid Loss  Eigenvalues             
50    -4.791      -4.785      0.964  0.954  0.942  0.920  0.888  
100   -4.898      -4.893      0.981  0.975  0.965  0.953  0.940  
150   -4.926      -4.920      0.987  0.983  0.975  0.968  0.952  
200   -4.944      -4.935      0.991  0.986  0.982  0.972  0.957  
250   -4.952      -4.940      0.992  0.989  0.986  0.973  0.960  
INFO: Early stopping
286   -4.941      -4.927      0.993  0.988  0.986  0.974  0.960  
ITERATION NUMBER  5
Completed: cp script/* unbias/bias1/bias2/bias3/bias4/bias5/
Completed: sed -i '0,/ns/s/ns.*/ns=10/' run_gromacs.sh
Completed: ./run_gromacs.sh
Epoch Train Loss  Valid Loss  Eigenvalues             
50    -4.779      -4.771      0.955  0.950  0.930  0.899  0.879  
100   -4.896      -4.885      0.979  0.972  0.966  0.945  0.939  
150   -4.933      -4.920      0.987  0.982  0.982  0.967  0.961  
200   -4.949      -4.935      0.991  0.988  0.987  0.977  0.973  
250   -4.958      -4.942      0.993  0.991  0.989  0.981  0.979  
INFO: Early stopping
281   -4.960      -4.944      0.993  0.992  0.990  0.983  0.982  
ITERATION NUMBER  6
Completed: cp script/* unbias/bias1/bias2/bias3/bias4/bias5/bias6/
Completed: sed -i '0,/ns/s/ns.*/ns=10/' run_gromacs.sh
Completed: ./run_gromacs.sh
Epoch Train Loss  Valid Loss  Eigenvalues             
50    -4.777      -4.771      0.967  0.951  0.935  0.909  0.887  
100   -4.897      -4.890      0.983  0.979  0.969  0.959  0.947  
150   -4.934      -4.926      0.989  0.988  0.981  0.976  0.968  
200   -4.953      -4.943      0.993  0.991  0.986  0.984  0.977  
250   -4.959      -4.948      0.995  0.992  0.989  0.987  0.981  
INFO: Early stopping
290   -4.962      -4.950      0.997  0.993  0.990  0.989  0.983  
ITERATION NUMBER  7
Completed: cp script/* unbias/bias1/bias2/bias3/bias4/bias5/bias6/bias7/
Completed: sed -i '0,/ns/s/ns.*/ns=10/' run_gromacs.sh
Completed: ./run_gromacs.sh
Epoch Train Loss  Valid Loss  Eigenvalues             
50    -4.758      -4.752      0.958  0.936  0.921  0.873  0.856  
100   -4.884      -4.877      0.980  0.970  0.962  0.931  0.929  
150   -4.922      -4.914      0.988  0.984  0.978  0.958  0.956  
200   -4.939      -4.931      0.993  0.989  0.985  0.971  0.967  
250   -4.950      -4.941      0.995  0.992  0.988  0.976  0.973  
300   -4.954      -4.944      0.996  0.994  0.990  0.980  0.977  
INFO: Early stopping
335   -4.961      -4.951      0.997  0.994  0.990  0.982  0.980  
ITERATION NUMBER  8
Completed: cp script/* unbias/bias1/bias2/bias3/bias4/bias5/bias6/bias7/bias8/
Completed: sed -i '0,/ns/s/ns.*/ns=10/' run_gromacs.sh
Completed: ./run_gromacs.sh
Epoch Train Loss  Valid Loss  Eigenvalues             
50    -4.796      -4.787      0.942  0.914  0.905  0.895  0.870  
100   -4.905      -4.897      0.968  0.958  0.956  0.945  0.932  
150   -4.935      -4.927      0.979  0.977  0.972  0.968  0.961  
200   -4.955      -4.946      0.986  0.983  0.979  0.978  0.972  
250   -4.963      -4.953      0.991  0.987  0.983  0.980  0.977  
INFO: Early stopping
281   -4.966      -4.955      0.992  0.990  0.984  0.981  0.978  
ITERATION NUMBER  9
Completed: cp script/* unbias/bias1/bias2/bias3/bias4/bias5/bias6/bias7/bias8/bias9/
Completed: sed -i '0,/ns/s/ns.*/ns=10/' run_gromacs.sh
Completed: ./run_gromacs.sh
Epoch Train Loss  Valid Loss  Eigenvalues             
50    -4.772      -4.766      0.938  0.927  0.903  0.887  0.868  
100   -4.902      -4.893      0.964  0.958  0.947  0.943  0.934  
150   -4.940      -4.930      0.976  0.974  0.967  0.964  0.960  
200   -4.954      -4.942      0.982  0.981  0.975  0.973  0.970  
INFO: Early stopping
247   -4.960      -4.946      0.986  0.984  0.979  0.977  0.975  
###--- End Simulations ---###
total time of simulations:  100  ns
Run for:  76355.11745262146  s
