0 0.000000 -0.479530 1.476140 0.000000 0.138640 0.092427 0.000000 0.000000 
0 0.000000 -0.479281 1.475580 0.000000 0.147796 0.123854 0.000000 -0.037986 
1000 5.000000 -0.565887 1.412717 0.000000 1.091286 1.451591 0.000000 -1.086102 
2000 10.000000 -0.555022 1.533980 0.000000 -0.255752 0.416750 0.000000 -0.880877 
3000 15.000000 -0.606723 1.421719 0.000000 0.470997 0.358241 0.000000 -0.066365 
4000 20.000000 -0.578287 1.397052 0.000000 1.740319 2.845270 0.000000 -2.527586 
5000 25.000000 -0.475335 1.439620 0.000000 -0.263112 0.201725 0.000000 -0.565699 
6000 30.000000 -0.733454 1.313567 0.000000 1.574721 1.461014 0.000000 -0.616799 
7000 35.000000 -0.912321 0.927814 0.000000 2.221938 0.666219 0.000000 1.222610 
8000 40.000000 -0.517013 1.306777 0.000000 9.103668 2.662538 0.000000 5.109861 
9000 45.000000 -0.259181 1.797319 0.000000 8.111155 0.403849 0.000000 7.505382 
10000 50.000000 -0.688951 1.436460 0.000000 10.116849 0.617394 0.000000 9.190758 
11000 55.000000 -0.401159 1.583622 0.000000 12.265557 1.117494 0.000000 10.589316 
12000 60.000000 -0.667281 1.341485 0.000000 12.941276 0.495541 0.000000 12.197965 
13000 65.000000 -0.714125 1.330103 0.000000 14.107483 1.328757 0.000000 12.114347 
14000 70.000000 -0.394837 1.475588 0.000000 16.254922 0.189025 0.000000 15.971384 
15000 75.000000 -0.371585 1.469304 0.000000 17.000384 0.048333 0.000000 16.927884 
16000 80.000000 -0.338013 1.520563 0.000000 17.892915 0.087585 0.000000 17.761537 
17000 85.000000 -0.690005 1.548021 0.000000 20.821379 0.147101 0.000000 20.600727 
18000 90.000000 -0.730699 1.121435 0.000000 20.713255 0.584876 0.000000 19.835941 
19000 95.000000 -0.470799 1.273641 0.000000 22.775274 0.482411 0.000000 22.051658 
20000 100.000000 -0.354237 1.632430 0.000000 22.318950 0.848484 0.000000 21.046224 
21000 105.000000 -0.810323 1.412764 0.000000 22.267896 0.253350 0.000000 21.887871 
22000 110.000000 -0.419326 1.698542 0.000000 22.354127 0.056877 0.000000 22.268812 
23000 115.000000 -0.544513 1.515570 0.000000 25.093885 1.951210 0.000000 22.167070 
24000 120.000000 -0.721703 1.182753 0.000000 24.163189 0.009656 0.000000 24.148705 
25000 125.000000 -0.313569 1.771201 0.000000 27.793366 1.576989 0.000000 25.427882 
26000 130.000000 -0.578182 1.470980 0.000000 26.567577 0.522943 0.000000 25.783163 
27000 135.000000 -0.635804 1.596953 0.000000 26.680700 0.038892 0.000000 26.622363 
28000 140.000000 -0.494535 1.236249 0.000000 26.939733 0.398049 0.000000 26.342659 
29000 145.000000 -0.293679 1.769834 0.000000 30.250079 1.245772 0.000000 28.381420 
30000 150.000000 -0.349127 1.699639 0.000000 29.472623 0.850064 0.000000 28.197527 
31000 155.000000 -0.704095 1.111955 0.000000 28.789647 0.716617 0.000000 27.714721 
32000 160.000000 -0.771546 1.064675 0.000000 28.506913 0.330091 0.000000 28.011777 
33000 165.000000 -0.711448 1.487669 0.000000 30.387548 0.817155 0.000000 29.161815 
34000 170.000000 -0.272049 1.583866 0.000000 29.366675 1.165725 0.000000 27.618087 
35000 175.000000 -0.818706 1.058364 0.000000 29.835856 1.498764 0.000000 27.587710 
36000 180.000000 -0.539867 1.425078 0.000000 31.949437 0.437621 0.000000 31.293005 
37000 185.000000 -1.000393 0.833487 0.000000 30.170954 1.692196 0.000000 27.632660 
38000 190.000000 -0.483750 1.396323 0.000000 33.120781 1.185339 0.000000 31.342773 
39000 195.000000 -0.959178 1.357207 0.000000 29.911552 1.332074 0.000000 27.913441 
40000 200.000000 -0.491227 1.406477 0.000000 33.912319 0.766172 0.000000 32.763060 
41000 205.000000 -0.723901 1.411793 0.000000 33.174812 1.427904 0.000000 31.032955 
42000 210.000000 -0.565548 1.500375 0.000000 33.694895 0.068069 0.000000 33.592792 
43000 215.000000 -0.414368 1.723104 0.000000 33.399076 1.311180 0.000000 31.432306 
44000 220.000000 -0.228423 1.851293 0.000000 36.047097 2.926630 0.000000 31.657152 
45000 225.000000 -0.285277 1.861694 0.000000 35.120024 2.248488 0.000000 31.747292 
46000 230.000000 -0.665880 1.574290 0.000000 35.522881 2.091109 0.000000 32.386217 
47000 235.000000 -0.502503 1.543327 0.000000 35.962457 1.174111 0.000000 34.201291 
48000 240.000000 -0.778462 1.286597 0.000000 35.663580 1.357585 0.000000 33.627203 
49000 245.000000 -0.665604 1.537647 0.000000 36.756815 1.605952 0.000000 34.347888 
50000 250.000000 -0.681967 1.083882 0.000000 36.385577 0.994404 0.000000 34.893972 
51000 255.000000 -0.504824 1.434936 0.000000 38.379487 2.202792 0.000000 35.075299 
52000 260.000000 -0.461668 1.367258 0.000000 37.242748 0.152149 0.000000 37.014524 
53000 265.000000 -0.496885 1.205265 0.000000 36.982476 1.282465 0.000000 35.058778 
54000 270.000000 -0.846041 0.797018 0.000000 36.128609 1.731416 0.000000 33.531484 
55000 275.000000 -0.595556 1.187870 0.000000 38.128532 0.690067 0.000000 37.093432 
56000 280.000000 -0.601744 1.320751 0.000000 38.583999 0.052368 0.000000 38.505447 
57000 285.000000 -0.618749 1.785559 0.000000 34.888043 0.369819 0.000000 34.333314 
58000 290.000000 -0.574984 1.227192 0.000000 39.574592 1.203404 0.000000 37.769487 
59000 295.000000 -0.465355 1.329057 0.000000 40.625323 1.140250 0.000000 38.914949 
60000 300.000000 -0.405960 1.684040 0.000000 39.453721 0.702533 0.000000 38.399922 
61000 305.000000 -0.306434 1.402281 0.000000 39.952547 0.006581 0.000000 39.942676 
62000 310.000000 -0.315372 1.374351 0.000000 40.275957 0.020405 0.000000 40.245350 
63000 315.000000 -0.728221 1.297942 0.000000 41.281362 0.394799 0.000000 40.689163 
64000 320.000000 -0.511576 1.272877 0.000000 41.948271 1.493709 0.000000 39.707709 
65000 325.000000 -0.300028 1.824281 0.000000 42.648047 1.190142 0.000000 40.862833 
66000 330.000000 -0.310234 1.752443 0.000000 43.046824 0.045411 0.000000 42.978708 
67000 335.000000 -0.882923 1.058055 0.000000 41.026065 1.005010 0.000000 39.518549 
68000 340.000000 -0.688284 1.338617 0.000000 44.346812 1.145147 0.000000 42.629092 
69000 345.000000 -0.402321 1.322819 0.000000 44.326038 0.745365 0.000000 43.207990 
70000 350.000000 -0.392534 1.492817 0.000000 44.439273 0.948135 0.000000 43.017070 
71000 355.000000 -0.586914 1.604085 0.000000 43.691074 0.120384 0.000000 43.510497 
72000 360.000000 -0.480451 1.493605 0.000000 44.947889 0.487004 0.000000 44.217383 
73000 365.000000 -0.321813 1.844535 0.000000 43.645524 0.046755 0.000000 43.575391 
74000 370.000000 -0.868240 1.443956 0.000000 43.249748 1.042209 0.000000 41.686435 
75000 375.000000 -0.776969 0.956129 0.000000 44.356068 0.600170 0.000000 43.455814 
76000 380.000000 -1.306007 0.918430 0.000000 42.253007 0.767629 0.000000 41.101564 
77000 385.000000 -0.484933 1.195687 0.000000 47.238627 3.142581 0.000000 42.524755 
78000 390.000000 -0.559403 1.587695 0.000000 46.056767 0.073594 0.000000 45.946376 
79000 395.000000 -0.336136 1.755270 0.000000 48.048376 1.185993 0.000000 46.269387 
80000 400.000000 -0.617517 1.105501 0.000000 46.917891 0.641987 0.000000 45.954911 
81000 405.000000 -0.559923 1.383287 0.000000 48.659761 1.194436 0.000000 46.868107 
82000 410.000000 -0.223783 1.800979 0.000000 51.012632 5.307467 0.000000 43.051431 
83000 415.000000 -0.517303 1.513566 0.000000 48.552242 0.909045 0.000000 47.188675 
84000 420.000000 -0.687338 1.376292 0.000000 47.756790 0.537536 0.000000 46.950486 
85000 425.000000 -0.246431 1.466264 0.000000 47.195042 0.295201 0.000000 46.752240 
86000 430.000000 -0.458321 1.457123 0.000000 48.628603 0.570733 0.000000 47.772504 
87000 435.000000 -0.478788 1.550454 0.000000 48.614447 0.997997 0.000000 47.117451 
88000 440.000000 -0.504041 1.500097 0.000000 48.886010 0.664142 0.000000 47.889798 
89000 445.000000 -0.285086 1.466397 0.000000 48.409366 0.318158 0.000000 47.932130 
90000 450.000000 -0.201486 1.917046 0.000000 47.702379 1.676020 0.000000 45.188350 
91000 455.000000 -0.267970 1.727848 0.000000 49.883145 0.995165 0.000000 48.390398 
92000 460.000000 -0.573751 1.139456 0.000000 49.385957 1.289967 0.000000 47.451007 
93000 465.000000 -0.306480 1.770535 0.000000 50.727855 0.720461 0.000000 49.647164 
94000 470.000000 -0.174893 1.840135 0.000000 50.146534 0.273180 0.000000 49.736763 
95000 475.000000 -0.347222 1.794510 0.000000 50.031195 0.424687 0.000000 49.394165 
96000 480.000000 -0.208712 1.829887 0.000000 51.296646 0.721726 0.000000 50.214057 
97000 485.000000 -0.567139 1.568383 0.000000 50.878938 0.582084 0.000000 50.005813 
98000 490.000000 -0.586703 1.538885 0.000000 51.792316 1.933331 0.000000 48.892320 
99000 495.000000 -0.225579 1.496889 0.000000 50.637431 0.749294 0.000000 49.513490 
100000 500.000000 -0.563377 1.249006 0.000000 51.950976 1.538916 0.000000 49.642601 
101000 505.000000 -0.385347 1.833936 0.000000 50.621866 3.839381 0.000000 44.862795 
102000 510.000000 -0.527442 1.360377 0.000000 52.722621 0.410668 0.000000 52.106619 
103000 515.000000 -0.247977 1.741750 0.000000 52.647771 0.200092 0.000000 52.347633 
104000 520.000000 -0.826487 1.448637 0.000000 53.041360 3.522488 0.000000 47.757628 
105000 525.000000 -0.361102 0.593896 0.000000 52.946424 0.786766 0.000000 51.766275 
106000 530.000000 0.251147 0.096456 0.000000 55.641578 1.796876 0.000000 52.946264 
107000 535.000000 0.465448 0.052723 0.000000 59.514347 5.329177 0.000000 51.520581 
108000 540.000000 0.669169 0.018937 0.000000 58.059246 0.985011 0.000000 56.581729 
109000 545.000000 0.529840 0.073780 0.000000 57.302843 0.033135 0.000000 57.253140 
110000 550.000000 0.567706 0.057507 0.000000 57.952936 0.484406 0.000000 57.226326 
111000 555.000000 0.619204 0.054794 0.000000 58.005606 0.166986 0.000000 57.755126 
112000 560.000000 0.698753 0.194816 0.000000 54.784580 0.798679 0.000000 53.586562 
113000 565.000000 0.531589 -0.008510 0.000000 58.853907 2.118071 0.000000 55.676801 
114000 570.000000 0.740424 0.058787 0.000000 57.742893 0.123173 0.000000 57.558133 
115000 575.000000 0.221347 0.220551 0.000000 55.535475 0.656291 0.000000 54.551039 
116000 580.000000 0.759798 0.009490 0.000000 57.996539 0.151790 0.000000 57.768854 
117000 585.000000 0.741878 0.089519 0.000000 57.651707 0.161079 0.000000 57.410088 
118000 590.000000 0.748414 -0.001401 0.000000 59.025189 1.723610 0.000000 56.439775 
119000 595.000000 0.354005 0.108543 0.000000 57.298399 0.091175 0.000000 57.161636 
120000 600.000000 0.410735 0.134712 0.000000 58.029407 1.021391 0.000000 56.497321 
121000 605.000000 0.730014 -0.012853 0.000000 58.767894 0.484972 0.000000 58.040436 
122000 610.000000 -0.175422 0.334110 0.000000 55.528000 0.252323 0.000000 55.149515 
123000 615.000000 0.155944 0.357016 0.000000 56.651152 0.694554 0.000000 55.609321 
124000 620.000000 0.848325 -0.030263 0.000000 58.017539 0.926665 0.000000 56.627542 
125000 625.000000 0.569461 -0.061501 0.000000 58.472895 0.355692 0.000000 57.939357 
126000 630.000000 0.662528 0.128559 0.000000 59.411281 2.298233 0.000000 55.963931 
127000 635.000000 0.723293 0.143666 0.000000 57.916832 0.800081 0.000000 56.716711 
128000 640.000000 0.537906 0.170204 0.000000 58.320555 0.469898 0.000000 57.615708 
129000 645.000000 0.605477 0.011240 0.000000 59.732441 0.245204 0.000000 59.364635 
130000 650.000000 0.458660 -0.016551 0.000000 59.234144 0.192125 0.000000 58.945957 
131000 655.000000 0.690228 -0.014733 0.000000 59.759919 0.267596 0.000000 59.358525 
132000 660.000000 0.518533 -0.048962 0.000000 58.989556 0.173548 0.000000 58.729233 
133000 665.000000 0.514031 0.072017 0.000000 60.542194 1.341065 0.000000 58.530596 
134000 670.000000 0.042103 0.531659 0.000000 57.793065 0.200727 0.000000 57.491975 
135000 675.000000 0.895576 0.014626 0.000000 58.452692 0.315036 0.000000 57.980138 
136000 680.000000 0.570306 0.016668 0.000000 60.814102 1.058207 0.000000 59.226792 
137000 685.000000 0.232356 0.042045 0.000000 59.887162 3.049275 0.000000 55.313249 
138000 690.000000 0.140165 0.152490 0.000000 57.641235 0.112161 0.000000 57.472994 
139000 695.000000 0.563298 0.117374 0.000000 60.399083 0.923759 0.000000 59.013445 
140000 700.000000 0.428691 0.065887 0.000000 61.101855 1.271899 0.000000 59.194007 
141000 705.000000 0.125532 0.205147 0.000000 57.907287 0.218948 0.000000 57.578865 
142000 710.000000 0.705108 -0.149152 0.000000 57.427903 1.104224 0.000000 55.771567 
143000 715.000000 0.840936 0.098416 0.000000 59.520041 0.798514 0.000000 58.322270 
144000 720.000000 0.641073 0.134168 0.000000 60.056840 0.219408 0.000000 59.727729 
145000 725.000000 0.645661 0.088440 0.000000 63.268967 4.873668 0.000000 55.958465 
146000 730.000000 -0.183625 0.566853 0.000000 58.990025 0.488547 0.000000 58.257205 
147000 735.000000 0.619222 -0.039552 0.000000 61.044796 0.288329 0.000000 60.612302 
148000 740.000000 0.324526 -0.030873 0.000000 59.936520 0.265504 0.000000 59.538264 
149000 745.000000 0.585005 0.015618 0.000000 61.690769 0.253177 0.000000 61.311004 
150000 750.000000 -0.283866 0.428939 0.000000 59.443978 0.593113 0.000000 58.554308 
151000 755.000000 0.057618 0.512299 0.000000 59.761610 0.076530 0.000000 59.646815 
152000 760.000000 0.726314 0.003887 0.000000 62.070215 0.520547 0.000000 61.289394 
153000 765.000000 0.494856 0.037845 0.000000 61.957396 0.399922 0.000000 61.357513 
154000 770.000000 0.322339 -0.071754 0.000000 59.702933 0.650664 0.000000 58.726937 
155000 775.000000 0.484671 0.135970 0.000000 61.733956 0.909615 0.000000 60.369534 
156000 780.000000 -0.606517 0.658541 0.000000 57.775130 1.920749 0.000000 54.894006 
157000 785.000000 0.653610 0.045659 0.000000 62.416190 0.222161 0.000000 62.082948 
158000 790.000000 0.349691 0.106095 0.000000 61.588743 0.349218 0.000000 61.064916 
159000 795.000000 0.618487 0.078640 0.000000 63.063934 1.780408 0.000000 60.393322 
160000 800.000000 0.495422 0.065721 0.000000 63.368137 2.230408 0.000000 60.022525 
161000 805.000000 0.633077 0.011324 0.000000 63.576820 1.894591 0.000000 60.734934 
162000 810.000000 0.531661 0.054548 0.000000 62.778304 0.396835 0.000000 62.183052 
163000 815.000000 0.529914 0.045150 0.000000 63.711060 2.100688 0.000000 60.560028 
164000 820.000000 0.640583 -0.100309 0.000000 61.409282 0.313262 0.000000 60.939389 
165000 825.000000 0.564506 0.012221 0.000000 63.135736 0.608179 0.000000 62.223467 
166000 830.000000 0.512634 0.097331 0.000000 62.773640 0.488935 0.000000 62.040237 
167000 835.000000 0.647839 -0.044988 0.000000 62.791188 0.393887 0.000000 62.200358 
168000 840.000000 0.627516 0.033187 0.000000 63.240695 0.242880 0.000000 62.876375 
169000 845.000000 0.134600 0.354907 0.000000 61.979125 1.272590 0.000000 60.070240 
170000 850.000000 0.715992 -0.092379 0.000000 62.213070 0.468322 0.000000 61.510586 
171000 855.000000 -0.316057 0.495814 0.000000 61.669914 0.354738 0.000000 61.137807 
172000 860.000000 0.062415 0.126695 0.000000 60.709920 0.293438 0.000000 60.269762 
173000 865.000000 0.728168 0.044193 0.000000 63.930754 0.868290 0.000000 62.628318 
174000 870.000000 0.748163 -0.030429 0.000000 63.695256 0.557549 0.000000 62.858933 
175000 875.000000 0.214608 0.204547 0.000000 62.634260 1.380751 0.000000 60.563133 
176000 880.000000 0.658624 -0.105338 0.000000 62.854274 1.570146 0.000000 60.499054 
177000 885.000000 0.600081 0.070437 0.000000 64.763397 1.819347 0.000000 62.034377 
178000 890.000000 0.286508 0.049740 0.000000 65.193357 4.042075 0.000000 59.130245 
179000 895.000000 0.124749 0.402557 0.000000 62.888534 0.291364 0.000000 62.451487 
180000 900.000000 0.765781 -0.042206 0.000000 63.977278 0.406244 0.000000 63.367912 
181000 905.000000 -0.124489 0.458402 0.000000 63.627234 0.784869 0.000000 62.449931 
182000 910.000000 0.484272 0.001980 0.000000 64.658950 0.870152 0.000000 63.353722 
183000 915.000000 0.319388 -0.028241 0.000000 63.285480 0.574789 0.000000 62.423295 
184000 920.000000 0.065376 0.539253 0.000000 63.006528 0.271421 0.000000 62.599396 
185000 925.000000 0.716399 -0.104413 0.000000 63.021429 0.316141 0.000000 62.547218 
186000 930.000000 -0.009065 0.419137 0.000000 63.847675 0.306734 0.000000 63.387574 
187000 935.000000 0.333610 0.499936 0.000000 61.936361 0.521373 0.000000 61.154301 
188000 940.000000 0.613194 0.000977 0.000000 67.036229 4.147060 0.000000 60.815639 
189000 945.000000 -0.005271 0.484436 0.000000 64.009218 0.064483 0.000000 63.912494 
190000 950.000000 0.433038 0.047669 0.000000 65.300283 0.605489 0.000000 64.392049 
191000 955.000000 0.344749 0.080312 0.000000 65.025786 0.632040 0.000000 64.077726 
192000 960.000000 0.808971 -0.022518 0.000000 65.280146 0.719767 0.000000 64.200495 
193000 965.000000 0.630782 -0.034411 0.000000 65.215781 0.314746 0.000000 64.743662 
194000 970.000000 0.789240 0.086367 0.000000 65.003447 0.315243 0.000000 64.530583 
195000 975.000000 0.310430 0.059349 0.000000 65.482873 1.081417 0.000000 63.860748 
196000 980.000000 -0.013440 0.526900 0.000000 65.075700 1.398175 0.000000 62.978438 
197000 985.000000 0.133495 0.453742 0.000000 64.706155 0.276473 0.000000 64.291445 
198000 990.000000 -0.328197 0.546783 0.000000 64.135072 0.117673 0.000000 63.958563 
199000 995.000000 0.908609 -0.050905 0.000000 64.084291 0.126686 0.000000 63.894261 
200000 1000.000000 0.413578 0.107622 0.000000 66.133405 0.929624 0.000000 64.738968 
201000 1005.000000 0.043933 0.484857 0.000000 65.139245 0.134825 0.000000 64.937007 
202000 1010.000000 -0.277187 0.485674 0.000000 65.524422 1.234129 0.000000 63.673229 
203000 1015.000000 0.152121 0.127807 0.000000 64.852667 0.519481 0.000000 64.073446 
204000 1020.000000 0.748298 0.143361 0.000000 65.562748 1.206630 0.000000 63.752803 
205000 1025.000000 0.770020 0.069679 0.000000 66.336862 0.279533 0.000000 65.917563 
206000 1030.000000 0.573009 0.017071 0.000000 66.756670 0.047094 0.000000 66.686028 
207000 1035.000000 0.679199 -0.095513 0.000000 65.430637 0.384103 0.000000 64.854483 
208000 1040.000000 0.585976 0.034449 0.000000 67.458433 1.140184 0.000000 65.748157 
209000 1045.000000 0.213046 0.178581 0.000000 65.874392 0.705893 0.000000 64.815553 
210000 1050.000000 0.304270 0.119133 0.000000 66.336765 0.123224 0.000000 66.151929 
211000 1055.000000 0.755459 0.026303 0.000000 67.956680 1.954096 0.000000 65.025535 
212000 1060.000000 0.520767 0.064298 0.000000 67.424542 0.592954 0.000000 66.535110 
213000 1065.000000 0.759382 -0.027828 0.000000 67.054202 0.425992 0.000000 66.415214 
214000 1070.000000 0.617764 -0.113626 0.000000 66.047638 1.518297 0.000000 63.770192 
215000 1075.000000 0.665185 -0.013751 0.000000 67.613722 0.706412 0.000000 66.554104 
216000 1080.000000 0.790753 -0.063360 0.000000 66.583308 0.547400 0.000000 65.762209 
217000 1085.000000 0.392353 0.115093 0.000000 68.909221 3.829061 0.000000 63.165630 
218000 1090.000000 0.286864 0.483781 0.000000 65.751711 0.811442 0.000000 64.534548 
219000 1095.000000 0.267774 0.106018 0.000000 68.453523 3.105680 0.000000 63.795004 
220000 1100.000000 0.177185 0.075840 0.000000 66.535970 0.057367 0.000000 66.449920 
221000 1105.000000 -0.085667 0.416711 0.000000 67.183583 0.243700 0.000000 66.818034 
222000 1110.000000 0.327297 0.398399 0.000000 66.150129 0.879263 0.000000 64.831235 
223000 1115.000000 0.251309 0.071398 0.000000 67.285567 0.236679 0.000000 66.930548 
224000 1120.000000 0.018773 0.422822 0.000000 67.499775 0.290624 0.000000 67.063839 
225000 1125.000000 0.052625 0.549005 0.000000 67.917112 2.309568 0.000000 64.452760 
226000 1130.000000 -0.364340 0.509308 0.000000 67.607523 1.622469 0.000000 65.173820 
227000 1135.000000 0.092954 0.460365 0.000000 67.936640 0.687573 0.000000 66.905280 
228000 1140.000000 0.120555 0.383355 0.000000 68.266176 1.772769 0.000000 65.607022 
229000 1145.000000 -0.007508 0.406162 0.000000 68.094691 0.625556 0.000000 67.156357 
230000 1150.000000 0.174744 0.080288 0.000000 67.703449 0.440975 0.000000 67.041986 
231000 1155.000000 0.318778 0.212496 0.000000 67.744158 0.178262 0.000000 67.476765 
232000 1160.000000 -0.041737 0.385269 0.000000 69.075299 2.130097 0.000000 65.880153 
233000 1165.000000 0.280113 0.142981 0.000000 68.256801 0.031365 0.000000 68.209754 
234000 1170.000000 0.363191 0.055369 0.000000 69.730606 1.847664 0.000000 66.959109 
235000 1175.000000 0.068927 0.542730 0.000000 68.134026 0.571207 0.000000 67.277217 
236000 1180.000000 0.665076 0.065195 0.000000 70.546931 2.323513 0.000000 67.061662 
237000 1185.000000 -0.007768 0.303956 0.000000 68.114889 0.409792 0.000000 67.500201 
238000 1190.000000 -0.370217 0.557902 0.000000 67.980573 0.286032 0.000000 67.551525 
239000 1195.000000 0.227164 0.541778 0.000000 68.070547 1.382832 0.000000 65.996299 
240000 1200.000000 0.662866 0.026658 0.000000 70.723151 1.678332 0.000000 68.205653 
241000 1205.000000 0.279915 0.066088 0.000000 70.329085 2.371767 0.000000 66.771434 
242000 1210.000000 0.377073 0.047883 0.000000 69.878375 0.576348 0.000000 69.013853 
243000 1215.000000 -0.056750 -0.075261 0.000000 65.137866 0.365262 0.000000 64.589974 
244000 1220.000000 -0.285156 0.455486 0.000000 69.803881 1.522533 0.000000 67.520081 
245000 1225.000000 -0.310234 0.540452 0.000000 69.814769 1.630073 0.000000 67.369660 
246000 1230.000000 0.193108 0.594725 0.000000 67.742119 0.242948 0.000000 67.377696 
247000 1235.000000 0.132465 0.273078 0.000000 69.562467 1.113444 0.000000 67.892300 
248000 1240.000000 -0.724220 0.777433 0.000000 66.570855 1.023106 0.000000 65.036196 
249000 1245.000000 -0.519306 1.125226 0.000000 68.851310 0.919729 0.000000 67.471716 
250000 1250.000000 -0.600510 1.365340 0.000000 70.304209 0.892053 0.000000 68.966129 
251000 1255.000000 -0.280762 1.492142 0.000000 69.269663 0.482670 0.000000 68.545658 
252000 1260.000000 -0.442790 1.589992 0.000000 69.381783 0.405450 0.000000 68.773608 
253000 1265.000000 -0.808413 1.266023 0.000000 68.880910 0.905813 0.000000 67.522190 
254000 1270.000000 -0.707541 1.384204 0.000000 69.303766 0.659167 0.000000 68.315016 
255000 1275.000000 0.291073 0.405807 0.000000 70.488874 1.988545 0.000000 67.506056 
256000 1280.000000 0.663355 -0.032938 0.000000 71.504797 0.454588 0.000000 70.822915 
257000 1285.000000 0.307321 0.141270 0.000000 72.316377 3.345122 0.000000 67.298695 
258000 1290.000000 0.007287 0.534483 0.000000 70.497248 0.124935 0.000000 70.309845 
259000 1295.000000 -0.117572 0.508053 0.000000 71.783251 1.583532 0.000000 69.407953 
260000 1300.000000 -0.379156 0.399969 0.000000 70.012115 0.340095 0.000000 69.501972 
261000 1305.000000 -0.284686 0.413409 0.000000 71.271551 1.649905 0.000000 68.796693 
262000 1310.000000 0.863244 -0.023353 0.000000 71.602329 1.012796 0.000000 70.083135 
263000 1315.000000 0.297203 -0.068433 0.000000 69.550832 0.281748 0.000000 69.128210 
264000 1320.000000 0.425085 0.197254 0.000000 72.611401 4.107139 0.000000 66.450692 
265000 1325.000000 0.237710 -0.034110 0.000000 70.262827 0.569438 0.000000 69.408670 
266000 1330.000000 -0.252217 0.589536 0.000000 71.154051 1.391326 0.000000 69.067063 
267000 1335.000000 0.589464 0.011113 0.000000 72.696389 0.449254 0.000000 72.022508 
268000 1340.000000 0.516822 -0.028751 0.000000 72.726138 1.446635 0.000000 70.556186 
269000 1345.000000 0.394914 0.009803 0.000000 72.587343 1.431455 0.000000 70.440160 
270000 1350.000000 0.680434 0.117220 0.000000 73.274092 2.971270 0.000000 68.817187 
271000 1355.000000 0.518329 0.050840 0.000000 73.169775 1.059681 0.000000 71.580254 
272000 1360.000000 0.507571 -0.090826 0.000000 70.948629 0.270899 0.000000 70.542281 
273000 1365.000000 0.017074 0.319552 0.000000 71.467103 0.266751 0.000000 71.066976 
274000 1370.000000 -0.153053 0.455856 0.000000 72.372122 0.880069 0.000000 71.052019 
275000 1375.000000 -0.138983 0.370202 0.000000 71.819461 0.580980 0.000000 70.947991 
276000 1380.000000 0.200806 0.532867 0.000000 71.696441 1.543243 0.000000 69.381577 
277000 1385.000000 0.851234 0.013940 0.000000 72.951554 1.023770 0.000000 71.415900 
278000 1390.000000 0.091417 0.510112 0.000000 72.057668 0.288683 0.000000 71.624644 
279000 1395.000000 -0.090742 0.416221 0.000000 73.064870 1.510177 0.000000 70.799605 
280000 1400.000000 0.304577 0.103062 0.000000 73.104392 1.389900 0.000000 71.019542 
281000 1405.000000 0.378815 0.084450 0.000000 73.274358 1.066716 0.000000 71.674285 
282000 1410.000000 0.900351 0.080904 0.000000 73.849112 4.314518 0.000000 67.377336 
283000 1415.000000 0.268743 0.363600 0.000000 71.701622 0.061155 0.000000 71.609890 
284000 1420.000000 0.198861 0.204255 0.000000 72.338780 0.772758 0.000000 71.179644 
285000 1425.000000 -0.119746 0.311908 0.000000 72.024557 0.793894 0.000000 70.833717 
286000 1430.000000 -0.033199 0.489246 0.000000 72.756382 0.004497 0.000000 72.749637 
287000 1435.000000 0.170912 0.234735 0.000000 72.137423 0.158790 0.000000 71.899238 
288000 1440.000000 0.295742 0.197396 0.000000 72.520216 0.076709 0.000000 72.405154 
289000 1445.000000 -0.045375 0.457395 0.000000 73.604877 1.130690 0.000000 71.908842 
290000 1450.000000 -0.075932 0.559059 0.000000 72.995848 0.577319 0.000000 72.129870 
291000 1455.000000 0.470949 0.272549 0.000000 71.694662 0.997425 0.000000 70.198525 
292000 1460.000000 0.661425 0.149587 0.000000 72.912723 0.233900 0.000000 72.561873 
293000 1465.000000 0.651820 -0.044271 0.000000 73.752164 0.199017 0.000000 73.453639 
294000 1470.000000 -0.019186 0.504528 0.000000 73.521541 0.587294 0.000000 72.640600 
295000 1475.000000 -0.479041 1.124483 0.000000 71.372435 1.201484 0.000000 69.570210 
296000 1480.000000 -0.535072 1.428079 0.000000 74.356795 2.404495 0.000000 70.750053 
297000 1485.000000 -0.268178 1.755960 0.000000 73.698540 1.778429 0.000000 71.030897 
298000 1490.000000 -0.433815 1.276710 0.000000 72.859941 0.717535 0.000000 71.783639 
299000 1495.000000 -0.801989 1.326604 0.000000 71.694324 0.834504 0.000000 70.442568 
300000 1500.000000 -0.370089 1.321774 0.000000 72.904363 1.161568 0.000000 71.162011 
301000 1505.000000 -0.355531 1.350386 0.000000 72.751058 0.421317 0.000000 72.119083 
302000 1510.000000 -0.746140 0.910822 0.000000 72.413376 2.049044 0.000000 69.339810 
303000 1515.000000 -0.011942 0.466018 0.000000 74.492979 1.250865 0.000000 72.616681 
304000 1520.000000 0.222892 0.043066 0.000000 73.602738 0.041387 0.000000 73.540658 
305000 1525.000000 0.075996 0.216610 0.000000 73.749243 1.394135 0.000000 71.658040 
306000 1530.000000 0.318000 0.369940 0.000000 73.069293 0.372498 0.000000 72.510546 
307000 1535.000000 0.701907 0.006979 0.000000 75.144837 0.207329 0.000000 74.833844 
308000 1540.000000 -0.170311 0.444348 0.000000 75.139800 1.910782 0.000000 72.273627 
309000 1545.000000 0.550029 -0.043192 0.000000 75.090754 0.967026 0.000000 73.640214 
310000 1550.000000 0.474476 0.282723 0.000000 72.295754 0.018920 0.000000 72.267374 
311000 1555.000000 0.828297 0.050366 0.000000 74.883520 0.268006 0.000000 74.481511 
312000 1560.000000 0.522332 0.088507 0.000000 75.405842 0.429745 0.000000 74.761224 
313000 1565.000000 0.432929 0.088545 0.000000 75.620417 1.094991 0.000000 73.977930 
314000 1570.000000 -0.281456 0.667320 0.000000 72.223176 0.032497 0.000000 72.174430 
315000 1575.000000 0.273207 -0.080909 0.000000 72.782468 0.859676 0.000000 71.492954 
316000 1580.000000 -0.199948 0.356271 0.000000 73.934635 0.073249 0.000000 73.824761 
317000 1585.000000 0.753582 -0.048063 0.000000 74.946754 0.083728 0.000000 74.821162 
318000 1590.000000 0.700837 -0.005039 0.000000 75.913839 0.727846 0.000000 74.822070 
319000 1595.000000 0.886176 0.019040 0.000000 75.496272 1.441675 0.000000 73.333760 
320000 1600.000000 0.564819 -0.031699 0.000000 75.551567 0.523026 0.000000 74.767027 
321000 1605.000000 0.398047 0.048636 0.000000 76.506585 2.017495 0.000000 73.480342 
322000 1610.000000 -0.104211 0.562091 0.000000 75.460381 1.491244 0.000000 73.223515 
323000 1615.000000 0.582417 0.021279 0.000000 76.414349 0.934038 0.000000 75.013292 
324000 1620.000000 0.451205 0.150135 0.000000 75.204021 0.366136 0.000000 74.654818 
325000 1625.000000 0.853318 0.023665 0.000000 75.476456 0.137252 0.000000 75.270578 
326000 1630.000000 0.818082 -0.048490 0.000000 76.157272 2.272005 0.000000 72.749264 
327000 1635.000000 -0.109461 0.711995 0.000000 71.969241 0.130268 0.000000 71.773840 
328000 1640.000000 -0.080022 0.664158 0.000000 73.350975 0.340863 0.000000 72.839680 
329000 1645.000000 0.641860 0.123267 0.000000 76.185015 1.718180 0.000000 73.607744 
330000 1650.000000 0.452378 -0.050541 0.000000 75.805685 1.543276 0.000000 73.490771 
331000 1655.000000 0.761178 0.056022 0.000000 76.034052 0.155536 0.000000 75.800748 
332000 1660.000000 0.511191 0.024211 0.000000 76.369828 0.206515 0.000000 76.060056 
333000 1665.000000 0.703685 0.063849 0.000000 76.402197 0.614632 0.000000 75.480249 
334000 1670.000000 0.423340 0.133301 0.000000 75.734381 0.182927 0.000000 75.459989 
335000 1675.000000 -0.095810 0.543105 0.000000 76.943261 2.929623 0.000000 72.548827 
336000 1680.000000 -0.104585 0.252539 0.000000 74.274802 0.125610 0.000000 74.086387 
337000 1685.000000 -0.381381 1.392795 0.000000 75.297675 0.571569 0.000000 74.440321 
338000 1690.000000 -0.496452 1.451311 0.000000 75.456233 0.078329 0.000000 75.338740 
339000 1695.000000 -0.673850 1.464322 0.000000 74.748265 1.027543 0.000000 73.206950 
340000 1700.000000 -0.229921 1.825415 0.000000 75.519839 1.473724 0.000000 73.309253 
341000 1705.000000 -0.649584 1.306792 0.000000 75.077667 0.762646 0.000000 73.933698 
342000 1710.000000 -0.552371 1.468308 0.000000 75.172255 0.308109 0.000000 74.710092 
343000 1715.000000 -0.566285 1.484063 0.000000 76.815298 3.948470 0.000000 70.892594 
344000 1720.000000 -0.650883 1.417016 0.000000 74.531149 0.063173 0.000000 74.436390 
345000 1725.000000 -0.180898 1.537174 0.000000 74.501231 3.185554 0.000000 69.722900 
346000 1730.000000 -0.583246 1.389284 0.000000 75.139547 0.024748 0.000000 75.102425 
347000 1735.000000 0.209038 0.515629 0.000000 74.987536 0.630925 0.000000 74.041148 
348000 1740.000000 0.006616 0.446144 0.000000 76.977082 2.331993 0.000000 73.479092 
349000 1745.000000 0.311527 0.160409 0.000000 75.580116 0.111179 0.000000 75.413348 
350000 1750.000000 0.545868 0.083369 0.000000 76.544473 0.188003 0.000000 76.262468 
351000 1755.000000 -0.442526 0.412581 0.000000 74.489872 0.056003 0.000000 74.405867 
352000 1760.000000 -0.216613 0.341767 0.000000 75.497575 1.067565 0.000000 73.896227 
353000 1765.000000 0.514844 0.053509 0.000000 77.075721 0.689404 0.000000 76.041615 
354000 1770.000000 0.474980 0.002375 0.000000 76.525520 0.126162 0.000000 76.336277 
355000 1775.000000 0.190427 0.190004 0.000000 75.500220 0.244638 0.000000 75.133264 
356000 1780.000000 0.490554 0.049865 0.000000 77.041991 0.515741 0.000000 76.268380 
357000 1785.000000 0.735454 -0.007084 0.000000 78.907724 4.343760 0.000000 72.392084 
358000 1790.000000 0.675496 -0.005793 0.000000 76.847990 0.030585 0.000000 76.802112 
359000 1795.000000 0.339312 -0.009122 0.000000 76.545242 1.422146 0.000000 74.412023 
360000 1800.000000 -0.221593 0.428722 0.000000 76.412343 0.680645 0.000000 75.391376 
361000 1805.000000 -0.096897 0.106445 0.000000 73.771893 0.110569 0.000000 73.606039 
362000 1810.000000 -0.808183 0.564164 0.000000 73.441667 0.323960 0.000000 72.955727 
363000 1815.000000 -0.424995 0.506382 0.000000 76.146601 1.205286 0.000000 74.338672 
364000 1820.000000 0.590770 0.084618 0.000000 77.046860 0.277934 0.000000 76.629959 
365000 1825.000000 0.453540 0.212552 0.000000 75.717480 0.696539 0.000000 74.672672 
366000 1830.000000 0.616782 0.028477 0.000000 77.758867 1.055630 0.000000 76.175422 
367000 1835.000000 0.736978 0.046503 0.000000 78.670872 3.180277 0.000000 73.900457 
368000 1840.000000 0.605250 0.066646 0.000000 77.338055 0.443780 0.000000 76.672386 
369000 1845.000000 0.530057 0.064336 0.000000 77.227871 0.074198 0.000000 77.116573 
370000 1850.000000 0.205343 0.055290 0.000000 76.220541 0.092402 0.000000 76.081937 
371000 1855.000000 0.625500 0.057153 0.000000 77.828928 1.198981 0.000000 76.030457 
372000 1860.000000 0.035005 0.445287 0.000000 78.141255 2.699375 0.000000 74.092194 
373000 1865.000000 0.517877 0.086285 0.000000 77.648930 1.005284 0.000000 76.141004 
374000 1870.000000 -0.166290 0.424590 0.000000 77.062129 0.821126 0.000000 75.830440 
375000 1875.000000 0.042317 0.643872 0.000000 75.612036 1.715800 0.000000 73.038336 
376000 1880.000000 -0.213739 0.181354 0.000000 74.248580 0.608415 0.000000 73.335957 
377000 1885.000000 0.353157 0.131039 0.000000 77.619733 1.723569 0.000000 75.034379 
378000 1890.000000 0.073413 0.348529 0.000000 77.073388 0.853536 0.000000 75.793085 
379000 1895.000000 -0.013838 0.482426 0.000000 77.353134 0.692973 0.000000 76.313674 
380000 1900.000000 0.130670 0.455846 0.000000 76.899973 0.170668 0.000000 76.643971 
381000 1905.000000 0.093090 0.619883 0.000000 75.220330 0.015280 0.000000 75.197410 
382000 1910.000000 0.094321 0.077568 0.000000 76.869597 1.775367 0.000000 74.206546 
383000 1915.000000 -0.733106 0.589018 0.000000 74.772151 0.774257 0.000000 73.610766 
384000 1920.000000 0.407511 0.110432 0.000000 78.459176 2.234485 0.000000 75.107448 
385000 1925.000000 -0.380947 0.569378 0.000000 77.363096 2.172118 0.000000 74.104919 
386000 1930.000000 0.222424 0.438875 0.000000 77.065836 0.797610 0.000000 75.869422 
387000 1935.000000 -0.110278 0.362172 0.000000 77.393158 0.811139 0.000000 76.176449 
388000 1940.000000 -0.001367 0.325847 0.000000 77.447624 1.051404 0.000000 75.870517 
389000 1945.000000 0.035225 0.403173 0.000000 78.209553 1.573554 0.000000 75.849222 
390000 1950.000000 0.681655 -0.048212 0.000000 78.769066 2.215401 0.000000 75.445964 
391000 1955.000000 0.713137 0.133708 0.000000 76.976959 0.327387 0.000000 76.485879 
392000 1960.000000 0.133795 0.057064 0.000000 76.821749 0.397177 0.000000 76.225983 
393000 1965.000000 0.489318 -0.032778 0.000000 79.183193 3.469557 0.000000 73.978857 
394000 1970.000000 0.177881 0.558222 0.000000 76.319973 0.032216 0.000000 76.271650 
395000 1975.000000 0.123278 0.157831 0.000000 76.767930 0.110200 0.000000 76.602630 
396000 1980.000000 0.076011 0.232256 0.000000 76.922432 0.267298 0.000000 76.521485 
397000 1985.000000 0.164256 0.039337 0.000000 77.112505 0.138806 0.000000 76.904295 
398000 1990.000000 0.865085 0.012828 0.000000 77.957006 0.235946 0.000000 77.603087 
399000 1995.000000 -0.224774 0.509345 0.000000 78.265667 1.064214 0.000000 76.669346 
400000 2000.000000 0.056596 0.074088 0.000000 76.992256 0.927103 0.000000 75.601601 
401000 2005.000000 -0.591996 1.409801 0.000000 77.949544 0.112103 0.000000 77.781389 
402000 2010.000000 -0.775321 1.368683 0.000000 77.064982 1.851459 0.000000 74.287794 
403000 2015.000000 -0.458611 1.388381 0.000000 78.484860 1.377845 0.000000 76.418091 
404000 2020.000000 -0.549830 1.430848 0.000000 78.059643 0.301386 0.000000 77.607564 
405000 2025.000000 -0.667815 1.302449 0.000000 77.805940 1.075711 0.000000 76.192374 
406000 2030.000000 -0.429350 0.470020 0.000000 77.803130 1.177916 0.000000 76.036256 
407000 2035.000000 -0.190371 0.515495 0.000000 78.480108 0.710116 0.000000 77.414934 
408000 2040.000000 -0.145000 0.286247 0.000000 77.902482 1.930288 0.000000 75.007049 
409000 2045.000000 0.659898 -0.044274 0.000000 79.218722 1.274165 0.000000 77.307474 
410000 2050.000000 0.645823 -0.069457 0.000000 78.121578 0.020925 0.000000 78.090190 
411000 2055.000000 0.441557 0.125477 0.000000 78.548310 0.202565 0.000000 78.244462 
412000 2060.000000 -0.115658 0.354837 0.000000 78.315510 0.748371 0.000000 77.192954 
413000 2065.000000 -0.016187 0.456466 0.000000 79.078285 1.081381 0.000000 77.456214 
414000 2070.000000 0.711743 -0.043858 0.000000 79.029719 0.604962 0.000000 78.122276 
415000 2075.000000 -0.338884 0.582373 0.000000 78.088360 1.055523 0.000000 76.505075 
416000 2080.000000 0.074751 0.447737 0.000000 80.181997 3.166219 0.000000 75.432669 
417000 2085.000000 0.677031 -0.061498 0.000000 79.314822 1.477661 0.000000 77.098330 
418000 2090.000000 -0.464350 0.623480 0.000000 76.963251 0.251039 0.000000 76.586693 
419000 2095.000000 -0.059432 0.498348 0.000000 79.046087 0.403819 0.000000 78.440358 
420000 2100.000000 -0.118699 0.317117 0.000000 77.968953 0.143372 0.000000 77.753896 
421000 2105.000000 0.330114 0.282324 0.000000 77.897564 0.169450 0.000000 77.643388 
422000 2110.000000 0.674333 -0.021976 0.000000 79.976384 1.172200 0.000000 78.218084 
423000 2115.000000 0.072763 0.310910 0.000000 78.569430 0.463576 0.000000 77.874066 
424000 2120.000000 -0.235336 0.577900 0.000000 79.847817 3.273149 0.000000 74.938092 
425000 2125.000000 0.165576 0.277788 0.000000 78.441491 0.464997 0.000000 77.743995 
426000 2130.000000 0.262172 0.184564 0.000000 78.657855 0.041654 0.000000 78.595375 
427000 2135.000000 0.240559 0.212110 0.000000 79.885151 2.764206 0.000000 75.738842 
428000 2140.000000 0.869348 -0.048050 0.000000 78.701003 0.836347 0.000000 77.446482 
429000 2145.000000 0.728289 -0.034782 0.000000 79.916384 1.050269 0.000000 78.340981 
430000 2150.000000 0.444994 0.134385 0.000000 79.528871 0.826895 0.000000 78.288529 
431000 2155.000000 0.425866 0.060573 0.000000 80.695951 2.146166 0.000000 77.476703 
432000 2160.000000 0.346475 0.028380 0.000000 79.303128 0.251794 0.000000 78.925438 
433000 2165.000000 -0.051496 0.429845 0.000000 79.867015 1.135476 0.000000 78.163801 
434000 2170.000000 0.448154 0.042911 0.000000 80.341313 1.181815 0.000000 78.568591 
435000 2175.000000 0.192092 0.265499 0.000000 78.703610 0.424681 0.000000 78.066588 
436000 2180.000000 0.472950 0.075788 0.000000 79.867477 0.093820 0.000000 79.726747 
437000 2185.000000 -0.155189 0.376982 0.000000 79.114760 0.228211 0.000000 78.772444 
438000 2190.000000 0.024439 0.409105 0.000000 79.429031 0.053665 0.000000 79.348534 
439000 2195.000000 -0.277572 0.587762 0.000000 78.811076 0.449889 0.000000 78.136243 
440000 2200.000000 -0.239345 0.432703 0.000000 79.454841 0.316935 0.000000 78.979438 
441000 2205.000000 0.514719 0.025723 0.000000 80.265035 0.248045 0.000000 79.892968 
442000 2210.000000 0.633164 -0.000816 0.000000 80.741522 0.972518 0.000000 79.282745 
443000 2215.000000 -0.356354 0.405181 0.000000 79.216760 0.951983 0.000000 77.788785 
444000 2220.000000 -0.146924 0.420650 0.000000 79.969540 0.720067 0.000000 78.889439 
445000 2225.000000 0.528301 0.076614 0.000000 80.296112 0.197244 0.000000 80.000246 
446000 2230.000000 0.231350 -0.041459 0.000000 79.643257 2.914539 0.000000 75.271448 
447000 2235.000000 0.260400 0.528895 0.000000 78.317501 0.124480 0.000000 78.130782 
448000 2240.000000 0.466087 0.195767 0.000000 79.048944 0.372237 0.000000 78.490588 
449000 2245.000000 -0.020772 0.477970 0.000000 79.960101 0.162858 0.000000 79.715813 
450000 2250.000000 0.410360 -0.024266 0.000000 79.587453 0.176833 0.000000 79.322203 
451000 2255.000000 0.617440 0.012930 0.000000 81.610868 2.098445 0.000000 78.463200 
452000 2260.000000 0.826531 0.049801 0.000000 80.217973 0.456680 0.000000 79.532953 
453000 2265.000000 0.890511 0.111537 0.000000 78.587995 0.268273 0.000000 78.185585 
454000 2270.000000 0.247682 0.200546 0.000000 79.644132 0.261844 0.000000 79.251365 
455000 2275.000000 0.491104 0.101431 0.000000 82.663239 4.813708 0.000000 75.442676 
456000 2280.000000 0.416376 0.122841 0.000000 81.699717 3.336723 0.000000 76.694632 
457000 2285.000000 -0.276831 0.449354 0.000000 80.785657 2.125917 0.000000 77.596782 
458000 2290.000000 -0.141799 0.663311 0.000000 78.236571 0.491077 0.000000 77.499956 
459000 2295.000000 -0.275113 0.533632 0.000000 79.989415 0.571695 0.000000 79.131873 
460000 2300.000000 0.034396 0.403244 0.000000 80.958395 1.688666 0.000000 78.425396 
461000 2305.000000 0.118774 0.237574 0.000000 79.613680 0.526927 0.000000 78.823289 
462000 2310.000000 0.071091 0.579571 0.000000 79.796138 1.193903 0.000000 78.005284 
463000 2315.000000 0.760345 -0.008770 0.000000 80.991624 0.528629 0.000000 80.198681 
464000 2320.000000 0.041159 0.382994 0.000000 80.524535 0.705066 0.000000 79.466935 
465000 2325.000000 0.363704 0.043465 0.000000 81.805287 2.719772 0.000000 77.725628 
466000 2330.000000 0.330775 0.201212 0.000000 81.145721 2.604073 0.000000 77.239612 
467000 2335.000000 0.190973 0.015005 0.000000 80.708772 2.161425 0.000000 77.466635 
468000 2340.000000 0.947196 0.057393 0.000000 79.382673 0.465536 0.000000 78.684369 
469000 2345.000000 0.537998 -0.038127 0.000000 80.596947 0.347521 0.000000 80.075666 
470000 2350.000000 -0.044093 0.554566 0.000000 80.259950 0.147807 0.000000 80.038239 
471000 2355.000000 0.896013 -0.029035 0.000000 81.159798 2.805744 0.000000 76.951182 
472000 2360.000000 0.679934 -0.026387 0.000000 81.277227 0.547431 0.000000 80.456080 
473000 2365.000000 -0.001503 0.383585 0.000000 80.747163 0.656426 0.000000 79.762525 
474000 2370.000000 0.412539 0.171421 0.000000 80.317635 0.313028 0.000000 79.848094 
475000 2375.000000 -0.164028 0.386711 0.000000 80.364590 0.050642 0.000000 80.288627 
476000 2380.000000 -0.117621 0.470132 0.000000 80.918352 0.125446 0.000000 80.730184 
477000 2385.000000 0.375598 0.072838 0.000000 81.527842 1.179740 0.000000 79.758231 
478000 2390.000000 0.767442 -0.047907 0.000000 81.322785 1.223498 0.000000 79.487538 
479000 2395.000000 0.034138 0.399332 0.000000 80.982336 0.415177 0.000000 80.359571 
480000 2400.000000 0.551128 0.042505 0.000000 82.093202 1.142183 0.000000 80.379928 
481000 2405.000000 0.504461 0.131665 0.000000 80.843887 0.109457 0.000000 80.679701 
482000 2410.000000 0.200636 0.190809 0.000000 81.368871 2.074920 0.000000 78.256490 
483000 2415.000000 0.802672 -0.239724 0.000000 73.930868 1.195638 0.000000 72.137410 
484000 2420.000000 0.128790 -0.093779 0.000000 78.358828 0.462410 0.000000 77.665213 
485000 2425.000000 0.442982 0.156493 0.000000 80.795215 0.303296 0.000000 80.340271 
486000 2430.000000 -0.067465 0.572835 0.000000 80.805369 0.406921 0.000000 80.194987 
487000 2435.000000 0.014475 0.428423 0.000000 81.523319 0.848532 0.000000 80.250522 
488000 2440.000000 0.057938 0.284302 0.000000 81.191003 1.179251 0.000000 79.422127 
489000 2445.000000 0.102683 0.177085 0.000000 80.335346 0.076298 0.000000 80.220899 
490000 2450.000000 0.200613 -0.106664 0.000000 78.114446 0.132699 0.000000 77.915398 
491000 2455.000000 0.715462 0.080984 0.000000 81.589529 0.054439 0.000000 81.507870 
492000 2460.000000 0.574555 0.075324 0.000000 82.376806 1.065450 0.000000 80.778631 
493000 2465.000000 0.142250 0.101657 0.000000 81.560919 2.026566 0.000000 78.521070 
494000 2470.000000 0.577875 0.140390 0.000000 81.316920 0.573382 0.000000 80.456847 
495000 2475.000000 -0.785214 1.053883 0.000000 79.795960 1.195595 0.000000 78.002568 
496000 2480.000000 -0.689810 1.466933 0.000000 81.725556 3.682066 0.000000 76.202456 
497000 2485.000000 -0.452114 1.604518 0.000000 80.546501 0.119311 0.000000 80.367535 
498000 2490.000000 -0.328615 1.578884 0.000000 79.492712 0.095946 0.000000 79.348793 
499000 2495.000000 -0.431540 1.091643 0.000000 78.010754 1.934068 0.000000 75.109651 
