              :-) GROMACS - gmx mdrun, 2020.6-plumed-2.9.0-dev (-:

                            GROMACS is written by:
     Emile Apol      Rossen Apostolov      Paul Bauer     Herman J.C. Berendsen
    Par Bjelkmar      Christian Blau   Viacheslav Bolnykh     Kevin Boyd    
 Aldert van Buuren   Rudi van Drunen     Anton Feenstra       Alan Gray     
  Gerrit Groenhof     Anca Hamuraru    Vincent Hindriksen  M. Eric Irrgang  
  Aleksei Iupinov   Christoph Junghans     Joe Jordan     Dimitrios Karkoulis
    Peter Kasson        Jiri Kraus      Carsten Kutzner      Per Larsson    
  Justin A. Lemkul    Viveca Lindahl    Magnus Lundborg     Erik Marklund   
    Pascal Merz     Pieter Meulenhoff    Teemu Murtola       Szilard Pall   
    Sander Pronk      Roland Schulz      Michael Shirts    Alexey Shvetsov  
   Alfons Sijbers     Peter Tieleman      Jon Vincent      Teemu Virolainen 
 Christian Wennberg    Maarten Wolf      Artem Zhmurov   
                           and the project leaders:
        Mark Abraham, Berk Hess, Erik Lindahl, and David van der Spoel

Copyright (c) 1991-2000, University of Groningen, The Netherlands.
Copyright (c) 2001-2019, The GROMACS development team at
Uppsala University, Stockholm University and
the Royal Institute of Technology, Sweden.
check out http://www.gromacs.org for more information.

GROMACS is free software; you can redistribute it and/or modify it
under the terms of the GNU Lesser General Public License
as published by the Free Software Foundation; either version 2.1
of the License, or (at your option) any later version.

GROMACS:      gmx mdrun, version 2020.6-plumed-2.9.0-dev
Executable:   /home/nicolo/programs/gromacs-2020.6/install_cpu/bin/gmx_mpi
Data prefix:  /home/nicolo/programs/gromacs-2020.6/install_cpu
Working dir:  /home/nicolo/Scrivania/SIMULATION/Hyper-TICA/Alanine/On-The-Fly/TICA/no_restart_sim/1ns/unbias_A
Command line:
  gmx_mpi mdrun -s input.sA.tpr -cpo state.cpt -deffnm alanine -plumed plumed.dat -ntomp 2 -nsteps 500000 -pin on -pinoffset 0 -pinstride 1

+++ Loading the PLUMED kernel runtime +++
+++ PLUMED_KERNEL="/home/nicolo/programs/plumed2-pytorch/src/lib/libplumedKernel.so" +++
+++ Loading the PLUMED kernel runtime +++
+++ PLUMED_KERNEL="/home/nicolo/programs/plumed2-pytorch/src/lib/libplumedKernel.so" +++
Reading file input.sA.tpr, VERSION 2020.6-MODIFIED (single precision)
Overriding nsteps with value passed on the command line: 500000 steps, 1e+03 ps
Changing nstlist from 10 to 50, rlist from 1.034 to 1.219


Using 1 MPI process
Using 2 OpenMP threads 

starting mdrun 'Generated by trjconv : Alanine in vacuum in water t=   0.00000'
500000 steps,   1000.0 ps.
[mpiexec@nicolo-Inspiron-3781] Sending Ctrl-C to processes as requested
[mpiexec@nicolo-Inspiron-3781] Press Ctrl-C again to force abort


Received the INT signal, stopping within 50 steps


               Core t (s)   Wall t (s)        (%)
       Time:      241.223      120.612      200.0
                 (ns/day)    (hour/ns)
Performance:       71.708        0.335

GROMACS reminds you: "And You Will Know That My Name is the Lord When I Lay My Vengeance Upon Thee." (Pulp Fiction)

