[1.]
###--- PARAMETERS ---###
Barrier for OPES:  5.5
print points every  200  steps
each iteration lasts  2.5  ns
sample size:  2500
Iterations:  10
NN will be trained with all the cumulative data
min lag:  1 	 max lag:  2 	 number of lag times =  1
###--- Start Simulations ---###
Completed: mv pot_coeffs_input.data unbias/
Completed: plumed ves_md_linearexpansion input
training samples:  1750 	 validation samples 730
INFO: Early stopping
Epoch Train Loss  Valid Loss  Eigenvalues             
11    0.029       0.063       0.020  -0.049 
ITERATION NUMBER  1
Completed: mv pot_coeffs_input.data unbias/bias1/
Completed: plumed ves_md_linearexpansion input
Epoch Train Loss  Valid Loss  Eigenvalues             
50    -0.962      -0.920      0.917  0.156  
100   -0.996      -0.951      0.921  0.200  
150   -1.121      -1.044      0.928  0.383  
200   -1.240      -1.169      0.936  0.604  
ITERATION NUMBER  2
Completed: mv pot_coeffs_input.data unbias/bias1/bias2/
Completed: plumed ves_md_linearexpansion input
Epoch Train Loss  Valid Loss  Eigenvalues             
50    -1.185      -1.145      0.938  0.477  
100   -1.324      -1.285      0.971  0.382  
150   -1.338      -1.302      0.977  0.378  
INFO: Early stopping
168   -1.341      -1.305      0.976  0.378  
ITERATION NUMBER  3
Completed: mv pot_coeffs_input.data unbias/bias1/bias2/bias3/
Completed: plumed ves_md_linearexpansion input
Epoch Train Loss  Valid Loss  Eigenvalues             
50    -1.250      -1.200      0.969  0.305  
100   -1.266      -1.225      0.970  0.329  
150   -1.289      -1.260      0.968  0.348  
200   -1.319      -1.300      0.966  0.349  
ITERATION NUMBER  4
Completed: mv pot_coeffs_input.data unbias/bias1/bias2/bias3/bias4/
Completed: plumed ves_md_linearexpansion input
Epoch Train Loss  Valid Loss  Eigenvalues             
50    -1.324      -1.313      0.982  0.306  
INFO: Early stopping
75    -1.327      -1.318      0.982  0.308  
ITERATION NUMBER  5
Completed: mv pot_coeffs_input.data unbias/bias1/bias2/bias3/bias4/bias5/
Completed: plumed ves_md_linearexpansion input
Epoch Train Loss  Valid Loss  Eigenvalues             
50    -1.296      -1.263      0.959  0.324  
INFO: Early stopping
75    -1.303      -1.265      0.955  0.379  
ITERATION NUMBER  6
Completed: mv pot_coeffs_input.data unbias/bias1/bias2/bias3/bias4/bias5/bias6/
Completed: plumed ves_md_linearexpansion input
Epoch Train Loss  Valid Loss  Eigenvalues             
50    -1.310      -1.291      0.946  0.412  
100   -1.329      -1.310      0.955  0.440  
150   -1.341      -1.326      0.960  0.456  
200   -1.354      -1.337      0.963  0.469  
ITERATION NUMBER  7
Completed: mv pot_coeffs_input.data unbias/bias1/bias2/bias3/bias4/bias5/bias6/bias7/
Completed: plumed ves_md_linearexpansion input
Epoch Train Loss  Valid Loss  Eigenvalues             
50    -1.372      -1.365      0.969  0.447  
INFO: Early stopping
71    -1.374      -1.366      0.969  0.449  
ITERATION NUMBER  8
Completed: mv pot_coeffs_input.data unbias/bias1/bias2/bias3/bias4/bias5/bias6/bias7/bias8/
Completed: plumed ves_md_linearexpansion input
Epoch Train Loss  Valid Loss  Eigenvalues             
50    -1.365      -1.355      0.980  0.369  
INFO: Early stopping
51    -1.365      -1.359      0.980  0.370  
ITERATION NUMBER  9
Completed: mv pot_coeffs_input.data unbias/bias1/bias2/bias3/bias4/bias5/bias6/bias7/bias8/bias9/
Completed: plumed ves_md_linearexpansion input
Epoch Train Loss  Valid Loss  Eigenvalues             
50    -1.315      -1.301      0.968  0.326  
100   -1.340      -1.326      0.978  0.343  
150   -1.352      -1.339      0.981  0.353  
200   -1.361      -1.349      0.982  0.359  
###--- End Simulations ---###
total time of simulations:  25.0  ns
Run for:  2131.042446374893  s
###--- PARAMETERS ---###
print points every  10000  steps
each iteration lasts  5000.0  ns
sample size:  100000
###--- Start Simulations ---###
Completed: mv pot_coeffs_input.data long_unbias/
Completed: plumed ves_md_linearexpansion input
###--- End Simulations ---###
total time of simulations:  5000.0  ns
Run for:  6386.494135141373  s
