No protocol specified
              :-) GROMACS - gmx mdrun, 2020.6-plumed-2.9.0-dev (-:

                            GROMACS is written by:
     Emile Apol      Rossen Apostolov      Paul Bauer     Herman J.C. Berendsen
    Par Bjelkmar      Christian Blau   Viacheslav Bolnykh     Kevin Boyd    
 Aldert van Buuren   Rudi van Drunen     Anton Feenstra       Alan Gray     
  Gerrit Groenhof     Anca Hamuraru    Vincent Hindriksen  M. Eric Irrgang  
  Aleksei Iupinov   Christoph Junghans     Joe Jordan     Dimitrios Karkoulis
    Peter Kasson        Jiri Kraus      Carsten Kutzner      Per Larsson    
  Justin A. Lemkul    Viveca Lindahl    Magnus Lundborg     Erik Marklund   
    Pascal Merz     Pieter Meulenhoff    Teemu Murtola       Szilard Pall   
    Sander Pronk      Roland Schulz      Michael Shirts    Alexey Shvetsov  
   Alfons Sijbers     Peter Tieleman      Jon Vincent      Teemu Virolainen 
 Christian Wennberg    Maarten Wolf      Artem Zhmurov   
                           and the project leaders:
        Mark Abraham, Berk Hess, Erik Lindahl, and David van der Spoel

Copyright (c) 1991-2000, University of Groningen, The Netherlands.
Copyright (c) 2001-2019, The GROMACS development team at
Uppsala University, Stockholm University and
the Royal Institute of Technology, Sweden.
check out http://www.gromacs.org for more information.

GROMACS is free software; you can redistribute it and/or modify it
under the terms of the GNU Lesser General Public License
as published by the Free Software Foundation; either version 2.1
of the License, or (at your option) any later version.

GROMACS:      gmx mdrun, version 2020.6-plumed-2.9.0-dev
Executable:   /home/npedrani@iit.local/programs/gromacs-2020.6/install/bin/gmx_mpi
Data prefix:  /home/npedrani@iit.local/programs/gromacs-2020.6/install
Working dir:  /home/npedrani@iit.local/Desktop/Phd_main_Projects/Hyper-TICA/Alanine/On-The-Fly/Deep-TICA/no_restart/1ns_stride100_barrier30/unbias_A/bias1/bias2/bias3/bias4/bias5/bias6/bias7/bias8/bias9/bias10/bias11/bias12/bias13/bias14/bias15/bias16/bias17/bias18/bias19/bias20/bias21/bias22/bias23/bias24/bias25/bias26/bias27
Command line:
  gmx_mpi mdrun -s input.sA.tpr -cpo state.cpt -deffnm alanine -plumed plumed.dat -ntomp 2 -nsteps 500000 -pin on -pinoffset 0 -pinstride 1

+++ Loading the PLUMED kernel runtime +++
+++ PLUMED_KERNEL="/home/npedrani@iit.local/programs/plumed2-pytorch/src/lib/libplumedKernel.so" +++
+++ Loading the PLUMED kernel runtime +++
+++ PLUMED_KERNEL="/home/npedrani@iit.local/programs/plumed2-pytorch/src/lib/libplumedKernel.so" +++
No protocol specified
Reading file input.sA.tpr, VERSION 2020.6-MODIFIED (single precision)
Overriding nsteps with value passed on the command line: 500000 steps, 1e+03 ps
Changing nstlist from 10 to 50, rlist from 1.034 to 1.219


Using 1 MPI process
Using 2 OpenMP threads 


Overriding thread affinity set outside gmx mdrun
starting mdrun 'Generated by trjconv : Alanine in vacuum in water t=   0.00000'
500000 steps,   1000.0 ps.

Step 200742, time 401.484 (ps)  LINCS WARNING
relative constraint deviation after LINCS:
rms 0.000000, max 0.000001 (between atoms 7 and 8)
bonds that rotated more than 30 degrees:
 atom 1 atom 2  angle  previous, current, constraint length
      7      8   32.1    0.1010   0.1010      0.1010

Step 200746, time 401.492 (ps)  LINCS WARNING
relative constraint deviation after LINCS:
rms 0.000000, max 0.000001 (between atoms 2 and 4)
bonds that rotated more than 30 degrees:
 atom 1 atom 2  angle  previous, current, constraint length
      7      8   32.7    0.1010   0.1010      0.1010

Step 200747, time 401.494 (ps)  LINCS WARNING
relative constraint deviation after LINCS:
rms 0.000000, max 0.000001 (between atoms 9 and 10)
bonds that rotated more than 30 degrees:
 atom 1 atom 2  angle  previous, current, constraint length
      7      8   30.0    0.1010   0.1010      0.1010

Step 200756, time 401.512 (ps)  LINCS WARNING
relative constraint deviation after LINCS:
rms 0.000000, max 0.000000 (between atoms 2 and 3)
bonds that rotated more than 30 degrees:
 atom 1 atom 2  angle  previous, current, constraint length
      7      8   30.4    0.1010   0.1010      0.1010

Step 200757, time 401.514 (ps)  LINCS WARNING
relative constraint deviation after LINCS:
rms 0.000000, max 0.000001 (between atoms 1 and 2)
bonds that rotated more than 30 degrees:
 atom 1 atom 2  angle  previous, current, constraint length
     17     18   30.9    0.1010   0.1010      0.1010

Step 200762, time 401.524 (ps)  LINCS WARNING
relative constraint deviation after LINCS:
rms 0.000000, max 0.000001 (between atoms 7 and 8)
bonds that rotated more than 30 degrees:
 atom 1 atom 2  angle  previous, current, constraint length
     17     18   31.5    0.1010   0.1010      0.1010

Writing final coordinates.

               Core t (s)   Wall t (s)        (%)
       Time:      642.391      321.196      200.0
                 (ns/day)    (hour/ns)
Performance:      268.995        0.089

GROMACS reminds you: "Weaseling out of things is important to learn. It's what separates us from the animals... except the weasels." (Homer Simpson)

