0 0.000000 -0.479530 1.476140 0.000000 0.138640 0.092427 0.000000 0.000000 
0 0.000000 -0.479281 1.475580 0.000000 0.147796 0.123854 0.000000 -0.037986 
1000 5.000000 -0.565887 1.412717 0.000000 1.091286 1.451591 0.000000 -1.086102 
2000 10.000000 -0.555022 1.533980 0.000000 -0.255752 0.416750 0.000000 -0.880877 
3000 15.000000 -0.606723 1.421719 0.000000 0.470997 0.358241 0.000000 -0.066365 
4000 20.000000 -0.578287 1.397052 0.000000 1.740319 2.845270 0.000000 -2.527586 
5000 25.000000 -0.475335 1.439620 0.000000 -0.267038 0.199969 0.000000 -0.566992 
6000 30.000000 -0.724767 1.216448 0.000000 4.651175 1.689163 0.000000 2.117431 
7000 35.000000 -0.936603 1.244454 0.000000 6.229836 0.630000 0.000000 5.284836 
8000 40.000000 -0.616730 1.208067 0.000000 11.971346 0.929622 0.000000 10.576913 
9000 45.000000 -0.527305 1.519196 0.000000 17.038939 0.205285 0.000000 16.731012 
10000 50.000000 -0.726354 1.334506 0.000000 19.609714 1.447454 0.000000 17.438532 
11000 55.000000 -0.385615 1.586658 0.000000 20.773222 1.804342 0.000000 18.066710 
12000 60.000000 -0.771516 1.392164 0.000000 22.092749 1.056155 0.000000 20.508517 
13000 65.000000 -0.852166 1.186483 0.000000 23.325635 1.451043 0.000000 21.149070 
14000 70.000000 -0.571148 1.365777 0.000000 26.753776 1.853981 0.000000 23.972805 
15000 75.000000 -0.440711 1.707392 0.000000 25.607626 0.212776 0.000000 25.288462 
16000 80.000000 -0.237053 1.711008 0.000000 29.326619 0.730222 0.000000 28.231286 
17000 85.000000 -0.640209 1.476297 0.000000 31.257162 0.011499 0.000000 31.239913 
18000 90.000000 -0.961971 1.009876 0.000000 31.182272 1.048698 0.000000 29.609225 
19000 95.000000 -0.638970 1.312227 0.000000 34.536900 0.247266 0.000000 34.166001 
20000 100.000000 -0.941176 1.001605 0.000000 33.725907 1.233241 0.000000 31.876046 
21000 105.000000 0.417431 0.044518 0.000000 39.216654 1.022255 0.000000 37.683272 
22000 110.000000 0.438641 -0.058608 0.000000 38.455362 0.626166 0.000000 37.516114 
23000 115.000000 0.467626 0.073913 0.000000 40.274111 1.467640 0.000000 38.072651 
24000 120.000000 0.429264 0.079227 0.000000 39.546605 0.024924 0.000000 39.509218 
25000 125.000000 0.757449 0.016920 0.000000 40.370990 0.277074 0.000000 39.955378 
26000 130.000000 0.409038 0.006001 0.000000 39.851962 0.244828 0.000000 39.484720 
27000 135.000000 0.561605 0.124155 0.000000 40.011084 0.166621 0.000000 39.761151 
28000 140.000000 0.052619 0.393720 0.000000 39.558501 0.205298 0.000000 39.250555 
29000 145.000000 -0.631572 1.352418 0.000000 40.926062 0.957392 0.000000 39.489974 
30000 150.000000 -0.626000 1.356764 0.000000 40.813540 0.803177 0.000000 39.608774 
31000 155.000000 -0.687860 1.320291 0.000000 40.898710 1.561195 0.000000 38.556917 
32000 160.000000 -0.760299 1.181934 0.000000 38.958784 0.407468 0.000000 38.347582 
33000 165.000000 -0.594195 1.469579 0.000000 41.110162 1.257953 0.000000 39.223233 
34000 170.000000 -0.273757 1.482683 0.000000 37.031266 2.094625 0.000000 33.889329 
35000 175.000000 -0.888376 1.173681 0.000000 38.269520 0.979537 0.000000 36.800215 
36000 180.000000 -0.717743 1.335614 0.000000 40.458017 0.584804 0.000000 39.580812 
37000 185.000000 -0.825069 1.017737 0.000000 38.345281 0.347857 0.000000 37.823496 
38000 190.000000 -0.508238 1.453288 0.000000 41.274071 0.526064 0.000000 40.484974 
39000 195.000000 -0.802860 1.353459 0.000000 39.656668 1.432616 0.000000 37.507744 
40000 200.000000 -0.560998 1.486850 0.000000 41.835113 1.248596 0.000000 39.962219 
41000 205.000000 -0.688414 1.409918 0.000000 41.013183 1.485243 0.000000 38.785318 
42000 210.000000 -0.533884 1.531387 0.000000 40.997218 0.060185 0.000000 40.906940 
43000 215.000000 -0.393547 1.551869 0.000000 40.626951 0.486410 0.000000 39.897337 
44000 220.000000 -0.447885 1.499995 0.000000 41.193017 0.884224 0.000000 39.866681 
45000 225.000000 -0.439197 1.814957 0.000000 35.749131 0.964757 0.000000 34.301996 
46000 230.000000 -0.608203 1.440882 0.000000 42.026260 1.739042 0.000000 39.417698 
47000 235.000000 -0.539249 1.558093 0.000000 41.085148 1.165076 0.000000 39.337533 
48000 240.000000 -0.666645 1.202417 0.000000 39.977760 0.670607 0.000000 38.971850 
49000 245.000000 -0.593786 1.517013 0.000000 41.569930 2.153103 0.000000 38.340276 
50000 250.000000 -0.702519 1.103227 0.000000 38.989260 0.509360 0.000000 38.225220 
51000 255.000000 -0.502418 1.467611 0.000000 42.872897 3.072925 0.000000 38.263509 
52000 260.000000 -0.544587 1.369976 0.000000 40.942992 0.213245 0.000000 40.623125 
53000 265.000000 -0.572968 1.268274 0.000000 40.127621 0.922786 0.000000 38.743442 
54000 270.000000 -0.646190 1.124721 0.000000 39.479694 2.060269 0.000000 36.389290 
55000 275.000000 -0.710936 1.387820 0.000000 42.081224 3.133157 0.000000 37.381488 
56000 280.000000 -0.614157 1.336460 0.000000 41.184852 0.001368 0.000000 41.182799 
57000 285.000000 -0.482042 1.716215 0.000000 38.175819 1.022780 0.000000 36.641649 
58000 290.000000 -0.669817 1.239189 0.000000 41.026565 1.194003 0.000000 39.235561 
59000 295.000000 -0.610371 1.483516 0.000000 41.550596 1.070363 0.000000 39.945051 
60000 300.000000 -0.814209 1.199114 0.000000 40.448087 1.325052 0.000000 38.460510 
61000 305.000000 -0.424400 1.572847 0.000000 41.174349 0.039520 0.000000 41.115069 
62000 310.000000 -0.419397 1.532865 0.000000 41.267860 0.374365 0.000000 40.706312 
63000 315.000000 -0.702199 1.283231 0.000000 41.242379 0.474638 0.000000 40.530422 
64000 320.000000 -0.659510 1.366481 0.000000 42.119894 1.334623 0.000000 40.117960 
65000 325.000000 -0.287639 1.747186 0.000000 39.287121 0.730908 0.000000 38.190760 
66000 330.000000 -0.437369 1.531462 0.000000 41.526265 0.266881 0.000000 41.125943 
67000 335.000000 -0.857864 1.089532 0.000000 39.322798 0.622909 0.000000 38.388433 
68000 340.000000 -0.705256 1.352045 0.000000 41.687436 1.066666 0.000000 40.087436 
69000 345.000000 -0.525313 1.428180 0.000000 42.654842 1.916256 0.000000 39.780457 
70000 350.000000 -0.435480 1.598797 0.000000 41.387634 0.332281 0.000000 40.889213 
71000 355.000000 -0.517599 1.573924 0.000000 41.511817 0.899965 0.000000 40.161869 
72000 360.000000 -0.577218 1.400399 0.000000 41.925827 0.127120 0.000000 41.735147 
73000 365.000000 -0.554148 1.474554 0.000000 42.416092 1.036859 0.000000 40.860803 
74000 370.000000 -0.668328 1.223361 0.000000 40.916680 0.920403 0.000000 39.536076 
75000 375.000000 -0.736009 1.293636 0.000000 41.177107 0.240746 0.000000 40.815988 
76000 380.000000 -0.749072 1.340420 0.000000 41.502014 1.447998 0.000000 39.330017 
77000 385.000000 -0.465131 1.159490 0.000000 38.002057 1.103636 0.000000 36.346603 
78000 390.000000 -0.405013 1.506412 0.000000 41.101815 0.049848 0.000000 41.027043 
79000 395.000000 -0.652667 1.490564 0.000000 41.068804 0.756340 0.000000 39.934295 
80000 400.000000 -0.641049 1.422922 0.000000 42.964658 2.386322 0.000000 39.385175 
81000 405.000000 -0.577090 1.410817 0.000000 42.904686 1.501452 0.000000 40.652508 
82000 410.000000 -0.485172 1.508749 0.000000 42.919396 1.715350 0.000000 40.346371 
83000 415.000000 -0.745078 1.300887 0.000000 41.432253 0.527657 0.000000 40.640767 
84000 420.000000 -0.743533 1.371155 0.000000 40.777784 0.009711 0.000000 40.763217 
85000 425.000000 -0.320971 1.624970 0.000000 40.921966 0.452476 0.000000 40.243252 
86000 430.000000 -0.591239 1.526970 0.000000 41.293984 0.205001 0.000000 40.986482 
87000 435.000000 -0.436907 1.497072 0.000000 41.782658 0.166717 0.000000 41.532582 
88000 440.000000 -0.596220 1.416689 0.000000 42.479546 0.476843 0.000000 41.764282 
89000 445.000000 -0.355969 1.590406 0.000000 41.964188 1.589558 0.000000 39.579851 
90000 450.000000 -0.431419 1.687553 0.000000 40.237521 0.466681 0.000000 39.537500 
91000 455.000000 -0.474964 1.427303 0.000000 42.082284 1.050577 0.000000 40.506419 
92000 460.000000 -0.431791 1.469648 0.000000 42.057278 1.293788 0.000000 40.116597 
93000 465.000000 -0.542053 1.592834 0.000000 41.453192 1.223824 0.000000 39.617456 
94000 470.000000 -0.180256 1.756258 0.000000 39.319268 1.587868 0.000000 36.937467 
95000 475.000000 -0.665272 1.397624 0.000000 42.101058 0.211674 0.000000 41.783547 
96000 480.000000 -0.568932 1.430631 0.000000 42.561530 0.221545 0.000000 42.229212 
97000 485.000000 -0.464676 1.512730 0.000000 42.952162 1.418920 0.000000 40.823783 
98000 490.000000 -0.618168 1.389596 0.000000 44.674925 4.609144 0.000000 37.761209 
99000 495.000000 -0.316667 1.569837 0.000000 41.416234 1.844194 0.000000 38.649944 
100000 500.000000 0.008873 0.260962 0.000000 41.318379 0.740099 0.000000 40.208231 
101000 505.000000 0.601921 0.074918 0.000000 47.389709 5.273153 0.000000 39.479980 
102000 510.000000 0.623768 0.139521 0.000000 43.605300 0.093748 0.000000 43.464677 
103000 515.000000 0.710846 0.009989 0.000000 45.127479 0.315384 0.000000 44.654402 
104000 520.000000 0.167341 0.032908 0.000000 43.782168 3.435839 0.000000 38.628410 
105000 525.000000 0.374279 0.213332 0.000000 43.053526 0.480221 0.000000 42.333194 
106000 530.000000 0.179819 0.188729 0.000000 42.952513 1.122718 0.000000 41.268437 
107000 535.000000 0.401158 0.066956 0.000000 47.012839 4.759294 0.000000 39.873897 
108000 540.000000 0.668121 0.015447 0.000000 46.045251 1.085829 0.000000 44.416508 
109000 545.000000 0.507399 0.068455 0.000000 45.335103 0.049838 0.000000 45.260346 
110000 550.000000 0.554669 0.043748 0.000000 45.773294 0.454824 0.000000 45.091058 
111000 555.000000 0.637597 0.048364 0.000000 45.696209 0.132801 0.000000 45.497008 
112000 560.000000 0.715116 0.192633 0.000000 42.497600 0.915963 0.000000 41.123656 
113000 565.000000 0.490142 -0.056163 0.000000 45.345226 2.168338 0.000000 42.092719 
114000 570.000000 0.758235 0.051513 0.000000 45.278081 0.185193 0.000000 45.000291 
115000 575.000000 0.220569 0.223515 0.000000 43.757399 0.648893 0.000000 42.784060 
116000 580.000000 0.779683 0.002156 0.000000 45.509927 0.140402 0.000000 45.299325 
117000 585.000000 0.756424 0.077386 0.000000 45.112007 0.215494 0.000000 44.788766 
118000 590.000000 0.596525 0.026038 0.000000 46.073733 0.115961 0.000000 45.899792 
119000 595.000000 0.287493 0.164099 0.000000 44.633179 0.242934 0.000000 44.268778 
120000 600.000000 0.414720 0.156657 0.000000 45.653780 0.850083 0.000000 44.378656 
121000 605.000000 0.731470 -0.028762 0.000000 46.191114 0.576877 0.000000 45.325798 
122000 610.000000 -0.166150 0.330137 0.000000 43.698676 0.323324 0.000000 43.213690 
123000 615.000000 0.154538 0.358224 0.000000 44.833195 0.680158 0.000000 43.812958 
124000 620.000000 0.367066 0.311249 0.000000 44.120396 0.390882 0.000000 43.534073 
125000 625.000000 0.290801 0.318787 0.000000 44.862232 1.260118 0.000000 42.972055 
126000 630.000000 0.306213 0.130067 0.000000 47.654673 3.888048 0.000000 41.822601 
127000 635.000000 0.726612 0.131284 0.000000 45.456592 0.949833 0.000000 44.031843 
128000 640.000000 0.535719 0.135347 0.000000 46.650981 0.692878 0.000000 45.611664 
129000 645.000000 0.620361 0.008014 0.000000 47.196312 0.389319 0.000000 46.612334 
130000 650.000000 -0.004920 0.413457 0.000000 46.053781 0.460788 0.000000 45.362600 
131000 655.000000 0.116355 0.407551 0.000000 45.721446 0.120451 0.000000 45.540770 
132000 660.000000 0.400884 -0.026125 0.000000 46.156716 0.182771 0.000000 45.882560 
133000 665.000000 0.439959 0.122134 0.000000 47.700146 1.181178 0.000000 45.928379 
134000 670.000000 0.026999 0.537767 0.000000 45.913121 0.187998 0.000000 45.631125 
135000 675.000000 0.901539 -0.009164 0.000000 45.555871 0.224315 0.000000 45.219397 
136000 680.000000 0.555751 0.003911 0.000000 48.039558 1.155294 0.000000 46.306616 
137000 685.000000 0.127878 0.220771 0.000000 46.700425 1.985826 0.000000 43.721687 
138000 690.000000 0.143770 0.150112 0.000000 45.807185 0.095507 0.000000 45.663924 
139000 695.000000 0.017498 0.557498 0.000000 46.327662 0.363793 0.000000 45.781972 
140000 700.000000 0.423118 0.076626 0.000000 48.632848 1.090092 0.000000 46.997710 
141000 705.000000 0.093658 0.229925 0.000000 46.212112 0.332010 0.000000 45.714096 
142000 710.000000 0.631655 -0.162077 0.000000 44.610232 0.266262 0.000000 44.210840 
143000 715.000000 0.151028 0.525066 0.000000 47.028916 0.713009 0.000000 45.959402 
144000 720.000000 0.518689 0.222513 0.000000 46.646588 0.004495 0.000000 46.639846 
145000 725.000000 0.622262 0.096853 0.000000 50.512099 4.454815 0.000000 43.829876 
146000 730.000000 -0.145298 0.552758 0.000000 47.442224 0.456687 0.000000 46.757194 
147000 735.000000 0.486395 -0.024874 0.000000 48.267806 0.398211 0.000000 47.670490 
148000 740.000000 0.300508 -0.008602 0.000000 47.917842 0.415286 0.000000 47.294913 
149000 745.000000 0.588963 0.017540 0.000000 49.246013 0.289898 0.000000 48.811165 
150000 750.000000 -0.500215 0.510449 0.000000 46.854200 0.531005 0.000000 46.057692 
151000 755.000000 0.045136 0.516503 0.000000 48.203155 0.084432 0.000000 48.076507 
152000 760.000000 0.618122 0.018517 0.000000 49.686131 0.376758 0.000000 49.120994 
153000 765.000000 0.501338 0.040052 0.000000 49.608249 0.533463 0.000000 48.808055 
154000 770.000000 -0.049784 0.325772 0.000000 48.532571 1.462533 0.000000 46.338771 
155000 775.000000 0.398702 0.179503 0.000000 49.130972 0.606487 0.000000 48.221241 
156000 780.000000 -0.597971 0.658228 0.000000 46.433998 1.915616 0.000000 43.560574 
157000 785.000000 0.638160 0.026868 0.000000 50.097672 0.266502 0.000000 49.697919 
158000 790.000000 -0.071748 0.463525 0.000000 49.529811 0.655147 0.000000 48.547091 
159000 795.000000 0.413639 0.120021 0.000000 50.333250 1.108683 0.000000 48.670226 
160000 800.000000 0.459322 0.100075 0.000000 51.164982 2.416979 0.000000 47.539515 
161000 805.000000 0.407621 0.068883 0.000000 50.653481 1.275458 0.000000 48.740294 
162000 810.000000 0.396139 0.106756 0.000000 50.082332 0.216205 0.000000 49.758025 
163000 815.000000 0.519610 0.066876 0.000000 51.324219 2.098890 0.000000 48.175884 
164000 820.000000 0.248482 0.127196 0.000000 50.116013 0.786291 0.000000 48.936577 
165000 825.000000 0.213966 0.361883 0.000000 50.043072 1.393158 0.000000 47.953334 
166000 830.000000 0.132817 0.394489 0.000000 49.998010 0.552029 0.000000 49.169967 
167000 835.000000 0.433798 0.156635 0.000000 50.514753 0.994287 0.000000 49.023323 
168000 840.000000 0.623271 0.024190 0.000000 51.186664 0.301165 0.000000 50.734916 
169000 845.000000 0.181706 0.298600 0.000000 50.439352 1.535251 0.000000 48.136476 
170000 850.000000 0.725835 -0.092434 0.000000 49.927207 0.306529 0.000000 49.467414 
171000 855.000000 -0.420661 0.496150 0.000000 49.781521 0.373608 0.000000 49.221109 
172000 860.000000 -0.110230 0.373614 0.000000 50.709729 1.095242 0.000000 49.066866 
173000 865.000000 0.770343 0.034983 0.000000 51.293434 0.350572 0.000000 50.767576 
174000 870.000000 0.689011 -0.043000 0.000000 51.337454 0.325773 0.000000 50.848795 
175000 875.000000 0.164668 0.244659 0.000000 50.935188 1.317689 0.000000 48.958654 
176000 880.000000 0.599320 -0.092028 0.000000 50.705088 1.357112 0.000000 48.669420 
177000 885.000000 0.474742 0.072183 0.000000 52.371679 1.496013 0.000000 50.127660 
178000 890.000000 -0.361954 0.455039 0.000000 52.253360 3.504969 0.000000 46.995907 
179000 895.000000 0.135639 0.402893 0.000000 51.320379 0.229922 0.000000 50.975497 
180000 900.000000 0.664569 -0.039377 0.000000 51.889754 0.398307 0.000000 51.292293 
181000 905.000000 -0.084598 0.448018 0.000000 51.985664 0.715689 0.000000 50.912130 
182000 910.000000 0.434446 0.026969 0.000000 52.384166 0.845219 0.000000 51.116337 
183000 915.000000 0.378097 -0.000096 0.000000 51.503773 0.088127 0.000000 51.371583 
184000 920.000000 0.568181 0.087358 0.000000 52.316848 0.132104 0.000000 52.118693 
185000 925.000000 0.681582 -0.099412 0.000000 51.024971 0.481199 0.000000 50.303172 
186000 930.000000 -0.016067 0.433545 0.000000 52.303168 0.243365 0.000000 51.938120 
187000 935.000000 -0.179423 0.533934 0.000000 52.747210 1.769505 0.000000 50.092953 
188000 940.000000 0.132620 0.461171 0.000000 54.408117 4.512180 0.000000 47.639847 
189000 945.000000 -0.024873 0.487068 0.000000 52.427019 0.063915 0.000000 52.331146 
190000 950.000000 0.402138 0.053696 0.000000 53.040445 0.491491 0.000000 52.303208 
191000 955.000000 0.328648 0.096314 0.000000 53.268865 0.805681 0.000000 52.060343 
192000 960.000000 0.678604 -0.059334 0.000000 53.005281 0.648226 0.000000 52.032942 
193000 965.000000 0.599710 -0.028929 0.000000 53.261828 0.192906 0.000000 52.972468 
194000 970.000000 0.702139 0.072719 0.000000 53.292913 0.342403 0.000000 52.779309 
195000 975.000000 0.200180 0.111028 0.000000 53.765185 1.655994 0.000000 51.281194 
196000 980.000000 -0.007738 0.521281 0.000000 53.594285 1.461485 0.000000 51.402057 
197000 985.000000 0.095858 0.459529 0.000000 53.552354 0.598343 0.000000 52.654839 
198000 990.000000 -0.395247 0.539925 0.000000 52.656958 0.140263 0.000000 52.446564 
199000 995.000000 0.862110 -0.055825 0.000000 52.176779 0.078004 0.000000 52.059774 
200000 1000.000000 0.378431 0.121042 0.000000 54.239471 1.042597 0.000000 52.675575 
201000 1005.000000 0.028694 0.471145 0.000000 53.712386 0.056069 0.000000 53.628283 
202000 1010.000000 -0.313595 0.502320 0.000000 54.142338 1.337879 0.000000 52.135520 
203000 1015.000000 -0.605797 1.269851 0.000000 53.417433 0.125116 0.000000 53.229758 
204000 1020.000000 -0.439521 1.750496 0.000000 50.503026 0.049595 0.000000 50.428633 
205000 1025.000000 -0.431253 1.631037 0.000000 53.656585 0.235591 0.000000 53.303199 
206000 1030.000000 -0.724320 1.307840 0.000000 54.101479 0.418829 0.000000 53.473236 
207000 1035.000000 -0.613082 1.251868 0.000000 53.561820 0.685213 0.000000 52.534002 
208000 1040.000000 -0.454534 1.466248 0.000000 54.480498 0.777432 0.000000 53.314350 
209000 1045.000000 -0.779061 1.447470 0.000000 51.967150 0.491522 0.000000 51.229868 
210000 1050.000000 -0.884511 1.029629 0.000000 51.595716 0.156417 0.000000 51.361091 
211000 1055.000000 0.219193 0.478355 0.000000 54.220943 1.578184 0.000000 51.853668 
212000 1060.000000 0.512215 0.073337 0.000000 55.110484 0.570856 0.000000 54.254199 
213000 1065.000000 0.701829 -0.050229 0.000000 54.422541 0.177624 0.000000 54.156105 
214000 1070.000000 0.627551 -0.101889 0.000000 53.767631 1.443894 0.000000 51.601790 
215000 1075.000000 0.665121 -0.032402 0.000000 55.174806 0.829357 0.000000 53.930771 
216000 1080.000000 0.783278 -0.050213 0.000000 54.332466 0.603003 0.000000 53.427962 
217000 1085.000000 0.386583 0.130229 0.000000 56.539516 3.874035 0.000000 50.728464 
218000 1090.000000 0.387155 0.428873 0.000000 53.126324 0.542152 0.000000 52.313096 
219000 1095.000000 0.278950 0.127986 0.000000 56.420251 3.232863 0.000000 51.570957 
220000 1100.000000 -0.266144 0.283651 0.000000 52.605338 0.027249 0.000000 52.564465 
221000 1105.000000 -0.325655 0.463435 0.000000 54.496722 0.201058 0.000000 54.195136 
222000 1110.000000 0.361538 0.380053 0.000000 54.222898 1.009181 0.000000 52.709126 
223000 1115.000000 0.221155 0.109705 0.000000 55.076936 0.216809 0.000000 54.751721 
224000 1120.000000 -0.019857 0.426716 0.000000 55.257037 0.192058 0.000000 54.968950 
225000 1125.000000 0.023947 0.545626 0.000000 55.838564 2.311352 0.000000 52.371536 
226000 1130.000000 -0.499951 0.516597 0.000000 54.913347 1.568699 0.000000 52.560299 
227000 1135.000000 0.068896 0.459625 0.000000 55.790694 0.725348 0.000000 54.702672 
228000 1140.000000 0.270353 0.281402 0.000000 55.993384 1.987318 0.000000 53.012406 
229000 1145.000000 -0.029659 0.475125 0.000000 55.720814 0.323337 0.000000 55.235808 
230000 1150.000000 0.143753 0.115938 0.000000 55.288251 0.538093 0.000000 54.481112 
231000 1155.000000 0.125440 0.409910 0.000000 55.542543 0.093778 0.000000 55.401876 
232000 1160.000000 -0.646493 0.563059 0.000000 54.262142 1.201319 0.000000 52.460163 
233000 1165.000000 -0.560287 1.416275 0.000000 56.800548 0.373875 0.000000 56.239736 
234000 1170.000000 -0.654243 1.389544 0.000000 57.088012 1.491146 0.000000 54.851293 
235000 1175.000000 -0.439442 1.552799 0.000000 56.763971 0.955416 0.000000 55.330846 
236000 1180.000000 -0.396461 1.379610 0.000000 54.515778 2.229880 0.000000 51.170958 
237000 1185.000000 -0.458401 1.126912 0.000000 52.303539 0.636405 0.000000 51.348932 
238000 1190.000000 -0.650155 1.418806 0.000000 56.624461 0.522391 0.000000 55.840874 
239000 1195.000000 -0.475813 1.642501 0.000000 55.271874 0.336620 0.000000 54.766943 
240000 1200.000000 -0.473635 1.489169 0.000000 57.133141 1.091347 0.000000 55.496120 
241000 1205.000000 -0.695393 1.265025 0.000000 57.611306 3.159692 0.000000 52.871769 
242000 1210.000000 -0.661196 1.438444 0.000000 56.322805 0.448873 0.000000 55.649497 
243000 1215.000000 -0.676234 0.937167 0.000000 53.989345 1.545346 0.000000 51.671325 
244000 1220.000000 -0.677228 1.284124 0.000000 57.196477 1.767663 0.000000 54.544982 
245000 1225.000000 -0.595079 1.323753 0.000000 57.213794 1.681474 0.000000 54.691583 
246000 1230.000000 -0.363358 1.664056 0.000000 55.864308 0.688172 0.000000 54.832051 
247000 1235.000000 -0.534606 1.433861 0.000000 57.647894 1.410272 0.000000 55.532487 
248000 1240.000000 -0.456597 1.474390 0.000000 58.277020 3.561647 0.000000 52.934550 
249000 1245.000000 -0.672539 0.928403 0.000000 53.296715 0.294923 0.000000 52.854330 
250000 1250.000000 -0.585323 1.406267 0.000000 57.600573 1.077043 0.000000 55.985008 
251000 1255.000000 -0.399955 1.585039 0.000000 56.555515 0.419307 0.000000 55.926554 
252000 1260.000000 -0.434228 1.580668 0.000000 56.763849 0.452984 0.000000 56.084372 
253000 1265.000000 -0.821945 1.269934 0.000000 55.365456 0.557472 0.000000 54.529248 
254000 1270.000000 -0.719161 1.379613 0.000000 56.360195 0.634237 0.000000 55.408839 
255000 1275.000000 -0.404817 1.627261 0.000000 56.835984 1.356826 0.000000 54.800745 
256000 1280.000000 -0.156852 0.361110 0.000000 56.384320 1.034735 0.000000 54.832218 
257000 1285.000000 -0.009474 0.477233 0.000000 58.266893 3.090361 0.000000 53.631351 
258000 1290.000000 0.024760 0.510164 0.000000 56.637509 0.143142 0.000000 56.422797 
259000 1295.000000 -0.077338 0.492936 0.000000 57.892162 1.993843 0.000000 54.901397 
260000 1300.000000 -0.314435 0.446365 0.000000 56.494724 0.188895 0.000000 56.211381 
261000 1305.000000 -0.359086 0.393504 0.000000 56.425861 1.274924 0.000000 54.513475 
262000 1310.000000 0.802543 -0.031040 0.000000 57.262316 0.790763 0.000000 56.076171 
263000 1315.000000 0.079484 0.133730 0.000000 56.249151 0.282180 0.000000 55.825882 
264000 1320.000000 0.486594 0.199456 0.000000 58.054961 3.318454 0.000000 53.077280 
265000 1325.000000 0.214625 -0.001584 0.000000 56.293801 0.197007 0.000000 55.998290 
266000 1330.000000 -0.371825 0.613213 0.000000 56.611299 1.145718 0.000000 54.892721 
267000 1335.000000 0.585729 0.008171 0.000000 58.511617 0.502813 0.000000 57.757399 
268000 1340.000000 0.456128 -0.016132 0.000000 58.265912 1.485335 0.000000 56.037910 
269000 1345.000000 0.381341 0.031717 0.000000 58.406951 1.121115 0.000000 56.725279 
270000 1350.000000 0.645793 0.133837 0.000000 58.615530 2.902230 0.000000 54.262184 
271000 1355.000000 -0.181261 0.396113 0.000000 58.054030 1.700709 0.000000 55.502967 
272000 1360.000000 0.355137 -0.059333 0.000000 56.257985 0.164513 0.000000 56.011215 
273000 1365.000000 -0.199844 0.352289 0.000000 56.881170 0.300186 0.000000 56.430891 
274000 1370.000000 -0.249286 0.473460 0.000000 58.025506 0.941264 0.000000 56.613610 
275000 1375.000000 -0.227007 0.387635 0.000000 57.420651 0.543009 0.000000 56.606138 
276000 1380.000000 0.236069 0.523347 0.000000 57.590102 1.436358 0.000000 55.435565 
277000 1385.000000 0.545519 0.008833 0.000000 59.708106 2.076657 0.000000 56.593122 
278000 1390.000000 0.125165 0.492005 0.000000 58.171741 0.327389 0.000000 57.680659 
279000 1395.000000 -0.211865 0.449217 0.000000 58.679551 1.590282 0.000000 56.294127 
280000 1400.000000 0.534625 -0.020388 0.000000 58.791860 0.677439 0.000000 57.775701 
281000 1405.000000 0.352280 0.118494 0.000000 59.065464 1.174735 0.000000 57.303361 
282000 1410.000000 0.352227 0.411201 0.000000 58.815899 3.276059 0.000000 53.901811 
283000 1415.000000 0.276812 0.391352 0.000000 58.052674 0.060585 0.000000 57.961797 
284000 1420.000000 0.005780 0.136639 0.000000 58.046442 1.961008 0.000000 55.104930 
285000 1425.000000 -0.134530 0.337176 0.000000 58.019522 0.799352 0.000000 56.820495 
286000 1430.000000 -0.010575 0.486934 0.000000 58.697968 0.005190 0.000000 58.690183 
287000 1435.000000 0.149469 0.330059 0.000000 58.860118 0.318596 0.000000 58.382224 
288000 1440.000000 0.259028 0.245559 0.000000 58.658801 0.146369 0.000000 58.439248 
289000 1445.000000 -0.027136 0.459031 0.000000 59.563733 1.220142 0.000000 57.733520 
290000 1450.000000 -0.098399 0.577085 0.000000 58.597919 0.777197 0.000000 57.432124 
291000 1455.000000 0.956266 -0.026343 0.000000 57.111053 1.227827 0.000000 55.269312 
292000 1460.000000 0.556463 0.176010 0.000000 58.432837 0.141835 0.000000 58.220084 
293000 1465.000000 0.525480 -0.021230 0.000000 59.440614 0.202720 0.000000 59.136533 
294000 1470.000000 0.366910 0.173031 0.000000 59.568193 0.587101 0.000000 58.687542 
295000 1475.000000 -0.688447 1.314168 0.000000 61.145031 2.856936 0.000000 56.859627 
296000 1480.000000 -0.689039 1.432440 0.000000 60.177122 2.179268 0.000000 56.908221 
297000 1485.000000 -0.637804 1.350360 0.000000 60.925766 1.781913 0.000000 58.252895 
298000 1490.000000 -0.509257 1.336528 0.000000 59.025838 0.578371 0.000000 58.158282 
299000 1495.000000 -0.764306 1.350562 0.000000 59.001361 0.703941 0.000000 57.945450 
300000 1500.000000 -0.478751 1.454773 0.000000 60.551009 1.309023 0.000000 58.587475 
301000 1505.000000 -0.519726 1.510271 0.000000 60.487368 0.646105 0.000000 59.518210 
302000 1510.000000 -0.855425 0.813652 0.000000 58.188523 1.922431 0.000000 55.304877 
303000 1515.000000 0.030804 0.469738 0.000000 60.421501 1.699827 0.000000 57.871761 
304000 1520.000000 0.245460 0.069623 0.000000 59.566607 0.060553 0.000000 59.475777 
305000 1525.000000 0.117916 0.259843 0.000000 59.958511 1.511418 0.000000 57.691384 
306000 1530.000000 0.377219 0.373710 0.000000 58.562241 0.367570 0.000000 58.010886 
307000 1535.000000 0.679143 0.010421 0.000000 60.689492 0.248666 0.000000 60.316493 
308000 1540.000000 -0.189785 0.452084 0.000000 60.476870 1.711799 0.000000 57.909172 
309000 1545.000000 0.631845 -0.058136 0.000000 60.244304 0.849993 0.000000 58.969314 
310000 1550.000000 0.406545 0.380601 0.000000 58.343936 0.139139 0.000000 58.135227 
311000 1555.000000 0.752854 0.035734 0.000000 60.549790 0.337676 0.000000 60.043277 
312000 1560.000000 0.275539 0.464234 0.000000 59.438343 0.420170 0.000000 58.808088 
313000 1565.000000 -0.204700 0.536219 0.000000 60.136789 0.834109 0.000000 58.885626 
314000 1570.000000 -0.456971 0.682947 0.000000 57.484645 0.051839 0.000000 57.406887 
315000 1575.000000 0.249837 -0.077640 0.000000 57.985385 0.808613 0.000000 56.772466 
316000 1580.000000 -0.182704 0.362316 0.000000 59.434681 0.140235 0.000000 59.224328 
317000 1585.000000 0.692286 -0.052181 0.000000 60.458253 0.189727 0.000000 60.173662 
318000 1590.000000 0.503221 0.050517 0.000000 61.252322 0.372729 0.000000 60.693228 
319000 1595.000000 0.684032 0.065730 0.000000 62.103092 2.505906 0.000000 58.344233 
320000 1600.000000 0.443409 0.005746 0.000000 60.788275 0.403079 0.000000 60.183657 
321000 1605.000000 0.310390 0.098579 0.000000 61.897403 2.526251 0.000000 58.108026 
322000 1610.000000 -0.048579 0.555596 0.000000 60.694619 1.326053 0.000000 58.705540 
323000 1615.000000 0.536492 0.033614 0.000000 61.757406 0.986260 0.000000 60.278016 
324000 1620.000000 -0.001007 0.257695 0.000000 59.449988 0.036941 0.000000 59.394577 
325000 1625.000000 0.530855 0.019184 0.000000 61.324054 0.140783 0.000000 61.112880 
326000 1630.000000 0.781737 -0.032097 0.000000 61.843116 2.376083 0.000000 58.278991 
327000 1635.000000 -0.137976 0.748541 0.000000 56.639015 0.089131 0.000000 56.505319 
328000 1640.000000 -0.030160 0.642087 0.000000 58.928153 0.474493 0.000000 58.216414 
329000 1645.000000 0.605213 0.107189 0.000000 61.955752 1.991874 0.000000 58.967940 
330000 1650.000000 0.402919 -0.030966 0.000000 60.808621 1.321864 0.000000 58.825825 
331000 1655.000000 0.691703 0.032246 0.000000 61.713149 0.209006 0.000000 61.399641 
332000 1660.000000 0.214215 0.059286 0.000000 61.043288 0.603225 0.000000 60.138451 
333000 1665.000000 0.466196 0.124631 0.000000 61.538290 0.646070 0.000000 60.569185 
334000 1670.000000 0.301807 0.233038 0.000000 61.189950 0.549198 0.000000 60.366154 
335000 1675.000000 -0.037785 0.522936 0.000000 62.408988 2.875021 0.000000 58.096458 
336000 1680.000000 -0.200302 0.281019 0.000000 59.166936 0.051027 0.000000 59.090395 
337000 1685.000000 -0.514509 1.482858 0.000000 62.733020 1.137599 0.000000 61.026622 
338000 1690.000000 -0.517671 1.458386 0.000000 62.212361 0.121834 0.000000 62.029610 
339000 1695.000000 -0.622869 1.426061 0.000000 62.505954 1.072215 0.000000 60.897631 
340000 1700.000000 -0.384316 1.485174 0.000000 60.700010 0.354722 0.000000 60.167927 
341000 1705.000000 -0.694889 1.318784 0.000000 62.256856 1.186220 0.000000 60.477526 
342000 1710.000000 -0.544107 1.453355 0.000000 62.308530 0.134971 0.000000 62.106075 
343000 1715.000000 -0.542450 1.385307 0.000000 64.110439 4.473990 0.000000 57.399455 
344000 1720.000000 -0.714432 1.349170 0.000000 61.441139 0.046437 0.000000 61.371483 
345000 1725.000000 -0.288404 1.670179 0.000000 61.342118 2.665334 0.000000 57.344117 
346000 1730.000000 -0.638175 1.402441 0.000000 62.231602 0.446354 0.000000 61.562071 
347000 1735.000000 -0.283018 1.658091 0.000000 60.064843 0.275270 0.000000 59.651938 
348000 1740.000000 -0.476902 1.431563 0.000000 62.058775 0.883977 0.000000 60.732810 
349000 1745.000000 -0.668111 1.415273 0.000000 61.727559 0.223811 0.000000 61.391842 
350000 1750.000000 0.182520 0.149642 0.000000 61.153417 0.005735 0.000000 61.144814 
351000 1755.000000 -0.527004 0.443020 0.000000 60.012250 0.085324 0.000000 59.884264 
352000 1760.000000 -0.038762 0.162644 0.000000 59.805828 0.548163 0.000000 58.983584 
353000 1765.000000 0.307491 0.224596 0.000000 61.577835 0.349445 0.000000 61.053668 
354000 1770.000000 0.388425 0.047403 0.000000 61.954989 0.257689 0.000000 61.568455 
355000 1775.000000 0.110209 0.220612 0.000000 61.057774 0.112193 0.000000 60.889485 
356000 1780.000000 0.467279 0.057871 0.000000 62.395245 0.481066 0.000000 61.673645 
357000 1785.000000 0.557005 0.092756 0.000000 64.133365 4.159503 0.000000 57.894111 
358000 1790.000000 0.646335 -0.011749 0.000000 62.393363 0.058857 0.000000 62.305078 
359000 1795.000000 0.351672 0.015869 0.000000 62.270512 1.431333 0.000000 60.123512 
360000 1800.000000 -0.421603 0.466906 0.000000 61.369898 0.543364 0.000000 60.554852 
361000 1805.000000 -0.018350 0.045526 0.000000 59.562484 0.095519 0.000000 59.419206 
362000 1810.000000 -0.764849 0.549964 0.000000 59.719226 0.369107 0.000000 59.165567 
363000 1815.000000 -0.569164 0.540070 0.000000 61.428547 1.318639 0.000000 59.450588 
364000 1820.000000 0.603311 0.084331 0.000000 62.627916 0.337598 0.000000 62.121520 
365000 1825.000000 0.439286 0.222950 0.000000 61.838664 1.084223 0.000000 60.212330 
366000 1830.000000 0.579916 0.047488 0.000000 63.256550 0.858790 0.000000 61.968364 
367000 1835.000000 0.696857 0.061049 0.000000 64.106947 3.053735 0.000000 59.526346 
368000 1840.000000 0.304643 0.087586 0.000000 62.661978 0.601068 0.000000 61.760376 
369000 1845.000000 0.613579 0.046875 0.000000 63.007287 0.102404 0.000000 62.853680 
370000 1850.000000 0.257442 0.082820 0.000000 62.329297 0.072630 0.000000 62.220352 
371000 1855.000000 0.555368 0.061371 0.000000 63.446575 1.106349 0.000000 61.787051 
372000 1860.000000 0.072023 0.444818 0.000000 64.034847 2.784954 0.000000 59.857417 
373000 1865.000000 0.303904 0.232207 0.000000 62.712242 1.060843 0.000000 61.120978 
374000 1870.000000 -0.198876 0.433710 0.000000 62.711882 0.851245 0.000000 61.435014 
375000 1875.000000 0.157658 0.589070 0.000000 62.009959 2.159025 0.000000 58.771421 
376000 1880.000000 -0.299779 0.174500 0.000000 59.123331 0.619771 0.000000 58.193675 
377000 1885.000000 0.263167 0.167567 0.000000 63.792656 2.346182 0.000000 60.273382 
378000 1890.000000 0.665616 0.033953 0.000000 64.658501 2.573991 0.000000 60.797514 
379000 1895.000000 0.096986 0.418660 0.000000 63.275994 0.803299 0.000000 62.071046 
380000 1900.000000 0.271015 0.416128 0.000000 62.428924 0.333794 0.000000 61.928233 
381000 1905.000000 -0.007410 0.615925 0.000000 61.345976 0.095011 0.000000 61.203459 
382000 1910.000000 0.063389 0.099470 0.000000 62.515422 1.842156 0.000000 59.752188 
383000 1915.000000 -1.013657 0.717881 0.000000 61.265208 1.066157 0.000000 59.665973 
384000 1920.000000 0.432874 0.123720 0.000000 63.993150 1.750802 0.000000 61.366948 
385000 1925.000000 -0.344458 0.568514 0.000000 63.627540 2.290256 0.000000 60.192157 
386000 1930.000000 0.319534 0.412716 0.000000 62.365710 0.500438 0.000000 61.615053 
387000 1935.000000 -0.051647 0.340189 0.000000 62.948081 0.670913 0.000000 61.941711 
388000 1940.000000 -0.025760 0.328440 0.000000 62.983354 0.663570 0.000000 61.987999 
389000 1945.000000 -0.337857 0.492703 0.000000 64.072225 2.110834 0.000000 60.905974 
390000 1950.000000 0.372999 0.003360 0.000000 64.378076 2.674545 0.000000 60.366259 
391000 1955.000000 0.654765 0.122606 0.000000 63.129815 0.411213 0.000000 62.512995 
392000 1960.000000 0.132789 0.072008 0.000000 62.895701 0.360894 0.000000 62.354359 
393000 1965.000000 0.396116 -0.012242 0.000000 64.688871 3.482827 0.000000 59.464632 
394000 1970.000000 0.094508 0.563901 0.000000 62.728894 0.188451 0.000000 62.446217 
395000 1975.000000 0.482049 0.195632 0.000000 62.796084 0.063634 0.000000 62.700633 
396000 1980.000000 0.103069 0.251836 0.000000 63.233775 0.335748 0.000000 62.730153 
397000 1985.000000 0.258950 0.078075 0.000000 63.688273 0.045368 0.000000 63.620221 
398000 1990.000000 0.436795 0.048121 0.000000 64.347796 0.698099 0.000000 63.300648 
399000 1995.000000 -0.307286 0.513604 0.000000 64.062955 1.080930 0.000000 62.441560 
400000 2000.000000 0.138528 0.094508 0.000000 63.492769 0.640509 0.000000 62.532005 
401000 2005.000000 0.051175 0.378157 0.000000 63.981667 0.284799 0.000000 63.554468 
402000 2010.000000 -0.694535 0.497344 0.000000 63.404007 2.844890 0.000000 59.136673 
403000 2015.000000 0.122972 0.386539 0.000000 64.424561 0.939454 0.000000 63.015380 
404000 2020.000000 0.206374 0.139938 0.000000 64.008295 0.241435 0.000000 63.646142 
405000 2025.000000 0.450654 0.051799 0.000000 65.316869 1.853083 0.000000 62.537244 
406000 2030.000000 0.763487 0.110579 0.000000 63.406377 0.714752 0.000000 62.334249 
407000 2035.000000 -0.024502 0.486387 0.000000 64.685284 0.865981 0.000000 63.386312 
408000 2040.000000 -0.188067 0.340212 0.000000 64.057267 2.006999 0.000000 61.046769 
409000 2045.000000 0.603108 -0.022955 0.000000 65.289277 1.204651 0.000000 63.482300 
410000 2050.000000 0.635778 -0.054095 0.000000 64.270267 0.022055 0.000000 64.237185 
411000 2055.000000 0.370901 0.153247 0.000000 64.498811 0.145594 0.000000 64.280419 
412000 2060.000000 -0.099335 0.342001 0.000000 63.942576 0.555867 0.000000 63.108775 
413000 2065.000000 0.190621 0.216175 0.000000 64.330720 0.397726 0.000000 63.734131 
414000 2070.000000 0.221169 0.397145 0.000000 65.105288 1.534946 0.000000 62.802869 
415000 2075.000000 -0.481557 1.486449 0.000000 66.690472 2.142416 0.000000 63.476848 
416000 2080.000000 -0.390306 1.513697 0.000000 67.083850 5.002779 0.000000 59.579682 
417000 2085.000000 -0.716215 1.153203 0.000000 64.685402 1.435474 0.000000 62.532191 
418000 2090.000000 -0.599742 1.539001 0.000000 64.669885 0.426421 0.000000 64.030254 
419000 2095.000000 -0.481511 1.512325 0.000000 65.822722 0.298289 0.000000 65.375288 
420000 2100.000000 -0.579429 1.242647 0.000000 64.431651 0.946537 0.000000 63.011846 
421000 2105.000000 -0.493394 1.348128 0.000000 64.983603 1.364342 0.000000 62.937091 
422000 2110.000000 -0.640491 1.259630 0.000000 65.209233 0.599552 0.000000 64.309905 
423000 2115.000000 -0.480091 1.499788 0.000000 66.127080 0.766574 0.000000 64.977219 
424000 2120.000000 -0.755384 1.604348 0.000000 60.744553 1.057542 0.000000 59.158239 
425000 2125.000000 -0.127177 0.319453 0.000000 63.632429 0.046568 0.000000 63.562577 
426000 2130.000000 0.122964 0.208688 0.000000 64.269793 0.152195 0.000000 64.041501 
427000 2135.000000 0.015993 0.576500 0.000000 65.698076 3.312734 0.000000 60.728976 
428000 2140.000000 0.846008 -0.064602 0.000000 63.745604 0.469369 0.000000 63.041551 
429000 2145.000000 0.591864 0.016427 0.000000 66.424161 1.689733 0.000000 63.889561 
430000 2150.000000 0.282716 0.223023 0.000000 65.379983 1.289309 0.000000 63.446020 
431000 2155.000000 0.236643 0.094821 0.000000 65.965039 2.085195 0.000000 62.837246 
432000 2160.000000 -0.242910 0.436018 0.000000 64.854698 0.189814 0.000000 64.569976 
433000 2165.000000 -0.191477 0.457761 0.000000 65.585782 1.128124 0.000000 63.893595 
434000 2170.000000 0.409851 0.054671 0.000000 65.896605 1.114336 0.000000 64.225100 
435000 2175.000000 0.100863 0.346618 0.000000 65.082300 0.189143 0.000000 64.798585 
436000 2180.000000 0.426871 0.101155 0.000000 65.441750 0.062234 0.000000 65.348398 
437000 2185.000000 -0.253857 0.405558 0.000000 64.729049 0.184101 0.000000 64.452897 
438000 2190.000000 -0.097789 0.462162 0.000000 65.419191 0.090857 0.000000 65.282905 
439000 2195.000000 -0.390325 0.611072 0.000000 64.225561 0.183982 0.000000 63.949588 
440000 2200.000000 -0.642158 1.334227 0.000000 66.364238 0.209688 0.000000 66.049706 
441000 2205.000000 -0.606156 1.356067 0.000000 66.497400 0.204724 0.000000 66.190314 
442000 2210.000000 -0.480218 1.447114 0.000000 66.556251 0.847749 0.000000 65.284628 
443000 2215.000000 -0.629947 1.266957 0.000000 66.017194 0.772277 0.000000 64.858779 
444000 2220.000000 -0.557075 1.401497 0.000000 67.173675 1.354709 0.000000 65.141612 
445000 2225.000000 -0.848626 1.271865 0.000000 64.002130 0.060094 0.000000 63.911989 
446000 2230.000000 -0.835738 1.038486 0.000000 64.586433 1.453967 0.000000 62.405483 
447000 2235.000000 -0.408781 1.597033 0.000000 66.328335 0.914772 0.000000 64.956177 
448000 2240.000000 -0.736499 1.480496 0.000000 63.615712 0.046014 0.000000 63.546691 
449000 2245.000000 -0.485356 1.494753 0.000000 66.691864 0.349020 0.000000 66.168334 
450000 2250.000000 -0.677834 1.266348 0.000000 66.042498 0.245996 0.000000 65.673504 
451000 2255.000000 -0.760566 1.182849 0.000000 65.606417 0.886256 0.000000 64.277034 
452000 2260.000000 -0.395741 1.579412 0.000000 66.362074 0.991188 0.000000 64.875292 
453000 2265.000000 -0.340231 1.650035 0.000000 65.759634 1.290601 0.000000 63.823733 
454000 2270.000000 -0.529885 1.476458 0.000000 66.802701 0.231997 0.000000 66.454706 
455000 2275.000000 -0.377737 1.381345 0.000000 65.499597 4.754463 0.000000 58.367902 
456000 2280.000000 -0.714754 1.477844 0.000000 64.616649 0.868612 0.000000 63.313732 
457000 2285.000000 -0.695354 1.270849 0.000000 66.437440 0.839868 0.000000 65.177638 
458000 2290.000000 -0.551034 1.494542 0.000000 68.223377 3.304023 0.000000 63.267343 
459000 2295.000000 -0.699294 1.383608 0.000000 67.993825 4.225514 0.000000 61.655554 
460000 2300.000000 -0.530212 1.396215 0.000000 67.083607 1.397922 0.000000 64.986724 
461000 2305.000000 -0.528055 1.303242 0.000000 65.187129 0.189319 0.000000 64.903151 
462000 2310.000000 -0.690048 1.393189 0.000000 66.860935 1.728430 0.000000 64.268290 
463000 2315.000000 -0.399825 1.649514 0.000000 65.854813 0.743342 0.000000 64.739799 
464000 2320.000000 -0.548767 1.504933 0.000000 67.342580 1.551218 0.000000 65.015753 
465000 2325.000000 -0.481967 1.381005 0.000000 66.737664 2.405767 0.000000 63.129013 
466000 2330.000000 -0.406795 1.459695 0.000000 65.439171 0.464592 0.000000 64.742283 
467000 2335.000000 -0.466920 0.970808 0.000000 60.908089 0.879564 0.000000 59.588743 
468000 2340.000000 -0.234039 1.694264 0.000000 63.684712 0.396468 0.000000 63.090011 
469000 2345.000000 -0.455046 1.530197 0.000000 66.597135 0.100659 0.000000 66.446147 
470000 2350.000000 -0.485589 1.604650 0.000000 66.070529 0.537420 0.000000 65.264398 
471000 2355.000000 0.171449 0.359104 0.000000 66.450011 1.440037 0.000000 64.289955 
472000 2360.000000 0.652922 -0.026111 0.000000 66.533045 0.526042 0.000000 65.743981 
473000 2365.000000 -0.036775 0.466696 0.000000 66.329043 0.625279 0.000000 65.391124 
474000 2370.000000 0.428458 0.144531 0.000000 66.088570 0.348981 0.000000 65.565099 
475000 2375.000000 -0.147021 0.390433 0.000000 65.547025 0.046869 0.000000 65.476721 
476000 2380.000000 -0.104862 0.453128 0.000000 66.124398 0.135032 0.000000 65.921850 
477000 2385.000000 0.317183 0.118823 0.000000 67.023343 1.558071 0.000000 64.686237 
478000 2390.000000 0.699566 -0.056826 0.000000 66.515195 1.176070 0.000000 64.751090 
479000 2395.000000 0.132022 0.376287 0.000000 66.287323 0.426557 0.000000 65.647487 
480000 2400.000000 0.482465 0.083475 0.000000 67.115877 1.139232 0.000000 65.407029 
481000 2405.000000 0.320355 0.207740 0.000000 66.169612 0.351619 0.000000 65.642183 
482000 2410.000000 0.223610 0.232128 0.000000 66.985685 2.074902 0.000000 63.873332 
483000 2415.000000 0.780893 -0.242366 0.000000 58.681486 0.923081 0.000000 57.296865 
484000 2420.000000 0.121671 -0.068695 0.000000 63.468973 0.329533 0.000000 62.974674 
485000 2425.000000 0.389404 0.243915 0.000000 65.610401 0.048074 0.000000 65.538291 
486000 2430.000000 -0.038797 0.557746 0.000000 66.095377 0.427870 0.000000 65.453571 
487000 2435.000000 0.074506 0.393698 0.000000 66.978277 0.970724 0.000000 65.522191 
488000 2440.000000 -0.496289 1.444171 0.000000 67.776414 1.086178 0.000000 66.147147 
489000 2445.000000 -0.605795 1.314763 0.000000 67.540224 1.157016 0.000000 65.804700 
490000 2450.000000 -0.899418 0.469064 0.000000 63.867992 1.563233 0.000000 61.523142 
491000 2455.000000 0.478332 0.131003 0.000000 66.448367 0.011329 0.000000 66.431374 
492000 2460.000000 0.542315 0.070598 0.000000 67.584303 1.144201 0.000000 65.868002 
493000 2465.000000 -0.221338 0.401401 0.000000 66.873112 1.821182 0.000000 64.141339 
494000 2470.000000 0.568779 0.130117 0.000000 66.724653 0.856130 0.000000 65.440458 
495000 2475.000000 -0.820300 1.059248 0.000000 65.421638 0.649235 0.000000 64.447785 
496000 2480.000000 -0.819834 1.293372 0.000000 67.588783 4.224067 0.000000 61.252682 
497000 2485.000000 -0.430639 1.538500 0.000000 67.554333 0.636240 0.000000 66.599973 
498000 2490.000000 -0.411204 1.594487 0.000000 67.215793 0.459772 0.000000 66.526134 
499000 2495.000000 -0.543641 1.177432 0.000000 65.679489 2.171583 0.000000 62.422115 
